Begin job by input: only_posi_37.lowdin, for user: pmorenor  at  jue 17 oct 2024 19:52:36 -05
under operating system Linux Hefesto 5.4.0-196-generic #216-Ubuntu SMP Thu Aug 29 13:26:53 UTC 2024 x86_64 x86_64 x86_64 GNU/Linux
Compilation information
  commit: f2cffef7078af1231fe3319081e66b682883a80b
  compilation date:  mar 06 feb 2024 16:53:31 -05

BEGIN INPUT INFO:
------------------------------------

GEOMETRY
	E+ GRIBAKIN-10S4P2D        0  0  0.00
	E+ GRIBAKIN-10S4P2D	   9.2 0 0 addParticles=-1
	Be Dirac	0 0 0
	Be Dirac	9.2 0 0
END GEOMETRY

TASKS
        method = "RHF"
END TASKS

EXTERPOTENTIAL
	E+ T44
END EXTERPOTENTIAL

OUTPUTS
	wfnFile
END OUTPUTS


CONTROL
	units="BOHR"
	convergenceMethod=1
	overlapEigenThreshold=1E-6
	SCFGhostSpecies="POSITRON"
	HFprintEigenvalues=T
	totalEnergyTolerance = 1E-9
END CONTROL


... END INPUT INFO


 LOWDIN execution started at : Thu Oct 17 19:52:36 2024
 ---------------------------------------------------------------
 
 ***************************************************************
 *                   LOWDIN 2.0  (May/2013)                    *
 *                                                             *
 *  R. FLORES-MORENO, E. F. POSADA, F. S. MONCADA, J.ROMERO,   *
 *  J. CHARRY, M. DIAZ-TINOCO, S. A. GONZALEZ, N. F. AGUIRRE,  *
 *  A. REYES                                                   *
 *                                                             *
 *  https://sites.google.com/site/lowdinproject/               *
 *                                                             *
 ***************************************************************
 
 PARSING INPUT... DONE!
 
 LOWDIN IS RUNNING WITH NEXT PARAMETERS: 
 ----------------------------------------
 
         METHOD TYPE:  RHF
         NUMBER OF CORES:     4
         NONELECTRONIC DENSITY GUESS: HCORE
         ELECTRONIC DENSITY GUESS: HCORE
         CRITERIUM OF CONVERGENCE: ENERGY
         NONELECTRONIC ENERGY TOLERANCE IN SCFs:     0.10000E-07
         ELECTRONIC ENERGY TOLERANCE IN SCFs:     0.10000E-07
         TOTAL ENERGY TOLERANCE IN SCFs:     0.10000E-08
         SCHEME OF ITERATION: GLOBAL ITERATIONS
         SCF MAX. SUBITERATIONS - NONELECTRONS :     1
         SCF MAX. SUBITERATIONS - ELECTRONS :     1
         SCF MAX. ITERATIONS - INTERSPECIES :   200
         INTEGRAL STORAGE: DISK
         STACK SIZE FOR ERIS : 30000
         METHOD OF SCF CONVERGENCE: DAMPING
 
  MOLECULAR SYSTEM: only_posi_37
 -----------------
 
    DESCRIPTION   : only_posi_37
    CHARGE        :  10
    PUNTUAL GROUP : NONE
 
 
  INFORMATION OF PARTICLES :
 =========================
         Total number of particles   =       3
         Number of quantum particles =       1
         Number of puntual charges   =       2
         Number of quantum species   =       1
 
                 INFORMATION OF QUANTUM SPECIES 
     ---------------------------------------------------------------------
         ID      Symbol            mass     charge     spin     multiplicity
     ---------------------------------------------------------------------
         1             E+         1.0000      1.00      0.50      1.00
 
                   CONSTANTS OF COUPLING 
      ------------------------------------------------------------
           Symbol          kappa      eta     lambda     occupation
      ------------------------------------------------------------
                 E+        -1.0      1.00      1.00      1.00
 
                   BASIS SET FOR SPECIES 
      ------------------------------------------------------------
           Symbol          N. Basis     N. Particles     Basis Set
      ------------------------------------------------------------
                 E+           32                1     GRIBAKIN-1
 
                                ATOMIC BASIS
         ------------------------------------------------------------
          PRIMITIVE   SHELL             EXPONENT         COEFFICIENT 
         ------------------------------------------------------------
 
    BEGIN DESCRIPTION OF BASIS FOR:    E+
    ==============================
 
 
            E+ BASIS SET:GRIBAKIN-10S4P2
             1         S                0.00010000          1.00000000
             1         S                0.00030000          1.00000000
             1         S                0.00090000          1.00000000
             1         S                0.00270000          1.00000000
             1         S                0.00810000          1.00000000
             1         S                0.02430000          1.00000000
             1         S                0.07290000          1.00000000
             1         S                0.21870000          1.00000000
             1         S                0.65610000          1.00000000
             1         S                1.96830000          1.00000000
             1         P                0.00010000          1.00000000
             1         P                0.00030000          1.00000000
             1         P                0.00090000          1.00000000
             1         P                0.00270000          1.00000000
             1         D                0.00010000          1.00000000
             1         D                0.00030000          1.00000000
 
            E+ BASIS SET:GRIBAKIN-10S4P2
             1         S                0.00010000          1.00000000
             1         S                0.00030000          1.00000000
             1         S                0.00090000          1.00000000
             1         S                0.00270000          1.00000000
             1         S                0.00810000          1.00000000
             1         S                0.02430000          1.00000000
             1         S                0.07290000          1.00000000
             1         S                0.21870000          1.00000000
             1         S                0.65610000          1.00000000
             1         S                1.96830000          1.00000000
             1         P                0.00010000          1.00000000
             1         P                0.00030000          1.00000000
             1         P                0.00090000          1.00000000
             1         P                0.00270000          1.00000000
             1         D                0.00010000          1.00000000
             1         D                0.00030000          1.00000000
    ... END DESCRIPTION OF BASIS
 
 
  END INFORMATION OF PARTICLES
 
 
  INFORMATION OF THE QUANTUM SYSTEM 
     ---------------------------------------------------------------------
                 ID     Occupied Orbitals     Basis size
     ---------------------------------------------------------------------
                 E+            1               68
 
  END INFORMATION OF QUANTUM SYSTEM
 
 
  INFORMATION OF EXTERNAL POTENTIALS 
 
 =======
 External Potential for E+ : T44
 Type : 
                     Exponent         l       R_x       R_y       R_z              Factor
                46.4142090600         0   0.00000   0.00000   0.00000       -0.4538438220
                12.8200915000         0   0.00000   0.00000   0.00000       -1.4417258300
                 0.6509542200         0   0.00000   0.00000   0.00000     -181.3764690000
                 0.1411467600         0   0.00000   0.00000   0.00000       -1.9128095300
                 3.9201797200         0   0.00000   0.00000   0.00000       -2.3617162900
                 0.6465474500         0   0.00000   0.00000   0.00000      180.3049600000
                 0.0261865800         0   0.00000   0.00000   0.00000       -0.6554562580
                 0.0003126400         0   0.00000   0.00000   0.00000       -0.1672392340
                 0.0042413400         0   0.00000   0.00000   0.00000       -0.2892373690
                46.4142090600         0   9.20000   0.00000   0.00000       -0.4538438220
                12.8200915000         0   9.20000   0.00000   0.00000       -1.4417258300
                 0.6509542200         0   9.20000   0.00000   0.00000     -181.3764690000
                 0.1411467600         0   9.20000   0.00000   0.00000       -1.9128095300
                 3.9201797200         0   9.20000   0.00000   0.00000       -2.3617162900
                 0.6465474500         0   9.20000   0.00000   0.00000      180.3049600000
                 0.0261865800         0   9.20000   0.00000   0.00000       -0.6554562580
                 0.0003126400         0   9.20000   0.00000   0.00000       -0.1672392340
                 0.0042413400         0   9.20000   0.00000   0.00000       -0.2892373690
 
  END INFORMATION OF EXTERNAL POTENTIALS
 
                       INITIAL GEOMETRY: AMSTRONG
                 -----------------------------------
                       <x>                 <y>                 <z>
        E+        0.0000000000        0.0000000000        0.0000000000
        E+        4.8684306930        0.0000000000        0.0000000000
        BE        0.0000000000        0.0000000000        0.0000000000
        BE        4.8684306930        0.0000000000        0.0000000000
 
                     MATRIX OF DISTANCE: ANGSTROM
                 -----------------------------------
                          BE(1)          BE(2)     
 
        BE(1)            0.000000       4.868431
        BE(2)            4.868431       0.000000
 
--------------------------------------------------------------------------------
** PROGRAM: SCF (Hartree Fock).     Author: S.A. Gonzalez, E. Posada, F. Moncada
--------------------------------------------------------------------------------
INFO: RUNNING IN RHF MODE.
 
----------------------------------------------------------------------
** PROGRAM INTS                          Author: E. F. Posada, 2013   
----------------------------------------------------------------------
INFO: RUNNING IN ONE_PARTICLE MODE.
 
 Number of Overlap integrals for species POSITRON:   4624
 Number of Kinetic integrals for species POSITRON:   4624
 Number of Nuclear integrals for species POSITRON:   4624
 Number of Moment integrals for species POSITRON:  13872
 Number of 3C Overlap integrals for species POSITRON:   4624
 
** TOTAL CPU Time INTS :      0.061 (s)
** TOTAL Elapsed Time INTS :      0.052 (s)
 
Removed     8 orbitals for species POSITRON with overlap eigen threshold of 1.000E-06
 Combination coefficients for POSITRON were read from only_posi_37.vec
     number of   POSITRON     particles in guess density matrix:     1.000000
 Number of unique integrals for species: 1 = 333001
 
 TWO-BODY INTEGRAL SETUP: 
------------------------- 
 Storage:   DISK
 Scheme: LIBINT
 Stack size:  30000
 
 LIBINT library, Fermann, J. T.; Valeev, F. L. 2010                   
 LOWDIN-LIBINT Implementation V. 2.1  Posada E. F. ; Reyes A. 2016   
 ----------------------------------------------------------------------

*** TOTAL CPU time intra-species integrals :      0.096 (s)
*** TOTAL elapsed time intra-species integrals :      0.026 (s)

INFO: RUNNING SCHEME SIMULTANEOUS
 
 Begin Multi-Species SCF calculation:
 
 --------------------------------------------------------------------------------------------------
      Iteration                   Energy            Energy Change           Density Change
 --------------------------------------------------------------------------------------------------
              1           1.738431329320          -1.738431329320           0.053097922510
              2           1.727866862163           0.010564467157           0.000000000000
              3           1.727866862163           0.000000000000           0.000000000000
 Total energy converged after   3 global iterations                                                  
 
 ...end Multi-Species SCF calculation
 
 
 Begin SCF calculation by: POSITRON
 -------------------------
 
 -----------------------------------------------------------------------------------
 Iteration                   Energy           Density Change         DIIS Error 
 -----------------------------------------------------------------------------------
    1          -1.222431073158           0.000000000000                 -- 
    2          -1.222431073158           0.000000000000                 -- 
 
 ... end SCF calculation
 
  EIGENVALUES AND EIGENVECTORS: 
 ==============================
 
 
  Eigenvalues for: POSITRON
 -----------------
 
    1          -0.011263572620
    2           0.002400090303
    3           0.002534664650
    4           0.003505269298
    5           0.003505269298
    6           0.005966300221
    7           0.006734684222
    8           0.006734684222
    9           0.006758998005
   10           0.009018953237
   11           0.009018953237
   12           0.010300714249
   13           0.010493781989
   14           0.014607992185
   15           0.014607992185
   16           0.014884577310
   17           0.015820963529
   18           0.021948582855
   19           0.026061446390
   20           0.035607383530
   21           0.037155799524
   22           0.037155799524
   23           0.041317869007
   24           0.041317869007
   25           0.042507058523
   26           0.044295058813
   27           0.046638305668
   28           0.046638305668
   29           0.047641715395
   30           0.047641715395
   31           0.048017513298
   32           0.049734728716
   33           0.049734728716
   34           0.049876977859
   35           0.050027441583
   36           0.054125642236
   37           0.054546655902
   38           0.054546655902
   39           0.054914820089
   40           0.054914820089
   41           0.056388099740
   42           0.056388099740
   43           0.056743701150
   44           0.056858447668
   45           0.057011935038
   46           0.057011935038
   47           0.057095103449
   48           0.059147541750
   49           0.059263070982
   50           0.059263070982
   51           0.062031445781
   52           0.063040466965
   53           0.186025984203
   54           0.195568863714
   55           0.845227719216
   56           0.863519815512
   57           2.933982644254
   58           2.948003310961
   59          10.796235682741
   60          10.809126229314
   61     1000000.000000000000
   62     1000000.000000000000
   63     1000000.000000000000
   64     1000000.000000000000
   65     1000000.000000000000
   66     1000000.000000000000
   67     1000000.000000000000
   68     1000000.000000000000
 
  end of eigenvalues 
 
  Occupied Eigenvectors for: POSITRON
 --------------------------- 
 
                          -0.0113   
 
    1     E+     S      -0.002632
    2     E+     S      -0.006975
    3     E+     S       0.010959
    4     E+     S       0.076028
    5     E+     S       0.204568
    6     E+     S       0.274528
    7     E+     S       0.136287
    8     E+     S      -0.117787
    9     E+     S      -0.009279
   10     E+     S       0.000306
   11     E+    Px      -0.000299
   12     E+    Py       0.000000
   13     E+    Pz       0.000000
   14     E+    Px      -0.001261
   15     E+    Py       0.000000
   16     E+    Pz      -0.000000
   17     E+    Px      -0.028283
   18     E+    Py       0.000000
   19     E+    Pz       0.000000
   20     E+    Px       0.033939
   21     E+    Py      -0.000000
   22     E+    Pz       0.000000
   23     E+   Dxx       0.000890
   24     E+   Dxy      -0.000000
   25     E+   Dxz       0.000000
   26     E+   Dyy       0.000085
   27     E+   Dyz       0.000000
   28     E+   Dzz       0.000085
   29     E+   Dxx       0.000183
   30     E+   Dxy       0.000000
   31     E+   Dxz      -0.000000
   32     E+   Dyy       0.002686
   33     E+   Dyz       0.000000
   34     E+   Dzz       0.002686
   35     E+     S      -0.002632
   36     E+     S      -0.006975
   37     E+     S       0.010959
   38     E+     S       0.076028
   39     E+     S       0.204568
   40     E+     S       0.274528
   41     E+     S       0.136287
   42     E+     S      -0.117787
   43     E+     S      -0.009279
   44     E+     S       0.000306
   45     E+    Px       0.000299
   46     E+    Py      -0.000000
   47     E+    Pz      -0.000000
   48     E+    Px       0.001261
   49     E+    Py      -0.000000
   50     E+    Pz       0.000000
   51     E+    Px       0.028283
   52     E+    Py      -0.000000
   53     E+    Pz      -0.000000
   54     E+    Px      -0.033939
   55     E+    Py       0.000000
   56     E+    Pz      -0.000000
   57     E+   Dxx       0.000890
   58     E+   Dxy       0.000000
   59     E+   Dxz      -0.000000
   60     E+   Dyy       0.000085
   61     E+   Dyz      -0.000000
   62     E+   Dzz       0.000085
   63     E+   Dxx       0.000183
   64     E+   Dxy      -0.000000
   65     E+   Dxz       0.000000
   66     E+   Dyy       0.002686
   67     E+   Dyz      -0.000000
   68     E+   Dzz       0.002686
 
 
  end of eigenvectors 
 
  END OF EIGENVALUES AND EIGENVECTORS
 
 
  COMPONENTS OF KINETIC ENERGY: 
 -----------------------------
 
            POSITRON Kinetic energy =            0.023225569326
                                     _________________________
               Total kinetic energy =            0.023225569326
 
  COMPONENTS OF POTENTIAL ENERGY: 
 -------------------------------
 
          Fixed potential energy    =            1.739130434783
 
  Quantum/Fixed interaction energy: 
 ----------------------------------
 
    POSITRON/Fixed interact. energy =            1.176678358593
                                     _________________________
               Total Q/Fixed energy =            1.176678358593
 
  Coulomb energy: 
 ------------------
 
   POSITRON/POSITRON Hartree energy =            0.000000000000
                                     _________________________
               Total Hartree energy =            0.000000000000
 
  Exchange(HF) energy: 
 ----------------------
 
           POSITRON Exchange energy =            0.000000000000
                                     _________________________
              Total Exchange energy =            0.000000000000
 
  External Potential energy: 
 ----------------------------
 
            POSITRON Ext Pot energy =           -1.211167500539
                                     _________________________
    Total External Potential energy =           -1.211167500539
 
  TOTAL ENERGY COMPONENTS: 
 ==========================
 
          TOTAL KINETIC ENERGY      =            0.023225569326
          TOTAL POTENTIAL ENERGY    =            1.704641292837
                                     _________________________
                       TOTAL ENERGY =            1.727866862163
 
                 VIRIAL RATIO (V/T) =          -73.395027216802
 
 
  END ENERGY COMPONENTS
 
 
** TOTAL CPU Time SCF :      0.007 (s)
** TOTAL Elapsed Time SCF :      0.092 (s)
 
 We are calculating properties for POSITRON in the HF/KS ground state
 
  POPULATION ANALYSES: 
 ====================
 
 MULLIKEN Population: for POSITRON  
 ---------------------
 
                                    
 
    1     E+     S      -0.000280
    2     E+     S      -0.001597
    3     E+     S       0.004910
    4     E+     S       0.055322
    5     E+     S       0.181773
    6     E+     S       0.213822
    7     E+     S       0.067318
    8     E+     S      -0.025938
    9     E+     S      -0.000644
   10     E+     S       0.000006
   11     E+    Px      -0.000003
   12     E+    Py      -0.000000
   13     E+    Pz      -0.000000
   14     E+    Px      -0.000043
   15     E+    Py      -0.000000
   16     E+    Pz       0.000000
   17     E+    Px      -0.002995
   18     E+    Py      -0.000000
   19     E+    Pz      -0.000000
   20     E+    Px       0.008272
   21     E+    Py       0.000000
   22     E+    Pz      -0.000000
   23     E+   Dxx       0.000003
   24     E+   Dxy       0.000000
   25     E+   Dxz       0.000000
   26     E+   Dyy       0.000000
   27     E+   Dyz      -0.000000
   28     E+   Dzz       0.000000
   29     E+   Dxx       0.000003
   30     E+   Dxy      -0.000000
   31     E+   Dxz      -0.000000
   32     E+   Dyy       0.000035
   33     E+   Dyz      -0.000000
   34     E+   Dzz       0.000035
   35     E+     S      -0.000280
   36     E+     S      -0.001597
   37     E+     S       0.004910
   38     E+     S       0.055322
   39     E+     S       0.181773
   40     E+     S       0.213822
   41     E+     S       0.067318
   42     E+     S      -0.025938
   43     E+     S      -0.000644
   44     E+     S       0.000006
   45     E+    Px      -0.000003
   46     E+    Py       0.000000
   47     E+    Pz      -0.000000
   48     E+    Px      -0.000043
   49     E+    Py       0.000000
   50     E+    Pz      -0.000000
   51     E+    Px      -0.002995
   52     E+    Py       0.000000
   53     E+    Pz       0.000000
   54     E+    Px       0.008272
   55     E+    Py      -0.000000
   56     E+    Pz       0.000000
   57     E+   Dxx       0.000003
   58     E+   Dxy       0.000000
   59     E+   Dxz      -0.000000
   60     E+   Dyy       0.000000
   61     E+   Dyz       0.000000
   62     E+   Dzz       0.000000
   63     E+   Dxx       0.000003
   64     E+   Dxy       0.000000
   65     E+   Dxz       0.000000
   66     E+   Dyy       0.000035
   67     E+   Dyz       0.000000
   68     E+   Dzz       0.000035
 
                           __________
              Total =        1.000000
 
  Atomic MULLIKEN Population: for POSITRON  
            BE               0.500000
            BE               0.500000
 
 ...end of MULLIKEN Population
 
 
 END POPULATION ANALYSES 
 
 
  POPULATION ANALYSES: 
 ====================
 
 LOWDIN Population: for POSITRON  
 ---------------------
 
                                    
 
    1     E+     S       0.000319
    2     E+     S       0.001882
    3     E+     S       0.013643
    4     E+     S       0.071957
    5     E+     S       0.175234
    6     E+     S       0.171312
    7     E+     S       0.052773
    8     E+     S       0.000765
    9     E+     S       0.000278
   10     E+     S       0.000036
   11     E+    Px       0.000003
   12     E+    Py       0.000000
   13     E+    Pz       0.000000
   14     E+    Px       0.000051
   15     E+    Py       0.000000
   16     E+    Pz       0.000000
   17     E+    Px       0.000805
   18     E+    Py       0.000000
   19     E+    Pz       0.000000
   20     E+    Px       0.010889
   21     E+    Py       0.000000
   22     E+    Pz       0.000000
   23     E+   Dxx       0.000000
   24     E+   Dxy       0.000000
   25     E+   Dxz       0.000000
   26     E+   Dyy       0.000000
   27     E+   Dyz       0.000000
   28     E+   Dzz       0.000000
   29     E+   Dxx       0.000001
   30     E+   Dxy      -0.000000
   31     E+   Dxz       0.000000
   32     E+   Dyy       0.000025
   33     E+   Dyz      -0.000000
   34     E+   Dzz       0.000025
   35     E+     S       0.000319
   36     E+     S       0.001882
   37     E+     S       0.013643
   38     E+     S       0.071957
   39     E+     S       0.175234
   40     E+     S       0.171312
   41     E+     S       0.052773
   42     E+     S       0.000765
   43     E+     S       0.000278
   44     E+     S       0.000036
   45     E+    Px       0.000003
   46     E+    Py       0.000000
   47     E+    Pz       0.000000
   48     E+    Px       0.000051
   49     E+    Py       0.000000
   50     E+    Pz       0.000000
   51     E+    Px       0.000805
   52     E+    Py       0.000000
   53     E+    Pz       0.000000
   54     E+    Px       0.010889
   55     E+    Py      -0.000000
   56     E+    Pz       0.000000
   57     E+   Dxx       0.000000
   58     E+   Dxy       0.000000
   59     E+   Dxz       0.000000
   60     E+   Dyy       0.000000
   61     E+   Dyz       0.000000
   62     E+   Dzz       0.000000
   63     E+   Dxx       0.000001
   64     E+   Dxy       0.000000
   65     E+   Dxz       0.000000
   66     E+   Dyy       0.000025
   67     E+   Dyz       0.000000
   68     E+   Dzz       0.000025
 
                           __________
              Total =        1.000000
 
  Atomic LOWDIN Population: for POSITRON  
            BE               0.500000
            BE               0.500000
 
 ...end of LOWDIN Population
 
 
 END POPULATION ANALYSES 
 
 
  EXPECTED POSITIONS OF QUANTUM SPECIES:
 ======================
 
 POSITIONS IN ANGSTROMS
 ------
 
                        <x>      <y>      <z>         
           POSITRON   2.4342  -0.0000  -0.0000
 
 END EXPECTED POSITIONS
 
 
  ELECTROSTATIC MOMENTS:
 ======================
 
 DIPOLE: (DEBYE)
 ------
 
                           <Dx>         <Dy>         <Dz>          |D|
           POSITRON  11.69203224  -0.00000000  -0.00000000
    Point charges:   93.53625793   0.00000000   0.00000000
                     ____________________________
      Total Dipole: 105.22829018  -0.00000000  -0.00000000 105.22829018
 
 QUADRUPOLE NON-TRACELESS: (DEBYE ANGS)
 ------
 
                           <xx>         <yy>         <zz>         <xy>         <xz>         <yz>
           POSITRON    0.00000000    0.00000000    0.00000000    0.00000000    0.00000000    0.00000000
    Point charges:   455.37473709    0.00000000    0.00000000    0.00000000    0.00000000    0.00000000
  Total Quadrupole:  455.37473709    0.00000000    0.00000000    0.00000000    0.00000000    0.00000000
                     ____________________________
 
 END ELECTROSTATIC MOMENTS
 


 *****************************************************************************
                               *  Molden2AIM  *
                          Version 3.1.0,  02/25/2015
           It converts the format from MOLDEN to AIM-WFN and NBO-47
 *****************************************************************************


 The MOLDEN file only_posi_37.POSITRON.molden has been found.


 >>> Cartesian basis functions are used.

 >>> SUMMARY

     Number of atoms:                                 2
     Maximum angular momentum:                        2
     Number of primitive Cartesian functions:        68
     Number of contracted Cartesian functions:       68
     Number of primitive spherical functions:        64
     Number of contracted spherical functions:       64
     Number of orbitals to be printed:               68
 =============================================================================


  A new Molden file is generated successfully!
  File Name = only_posi_37.POSITRON_new.molden
 =============================================================================


  A WFN file is generated successfully!
  File Name = only_posi_37.POSITRON.wfn

  Please use
   AIM2000, AIMALL, AIMPAC, AIMPAC2, AIM-UC, CheckDen, DGrid, MORPHY,
   MultiWFN, PAMoC, ProMolden, TopChem, TopMoD, or XAIM

  to analyse the electron density distribution.
 =============================================================================
 --------------------------------------------------------
 WFNFILE                1
          FileName: only_posi_37.POSITRON.wfn       and .molden                                                         
 --------------------------------------------------------
 
 
** TOTAL CPU Time Outputs :      0.049 (s)
** TOTAL Elapsed Time Outputs :      0.044 (s)
 

  TOTAL CPU Time:      0.030 (s)
 TOTAL Wall Time:      0.179 (s)
  Elapsed Time:   0h  0m  0s 180ms
LOWDIN execution terminated normally at : Thu Oct 17 19:52:36 2024
-rw-rw-r-- 1 pmorenor pmorenor 2.1M oct 17 19:52 0POSITRON.ints
-rw-rw-r-- 1 pmorenor pmorenor 2.1M oct 17 19:52 1POSITRON.ints
-rw-rw-r-- 1 pmorenor pmorenor 2.1M oct 17 19:52 2POSITRON.ints
-rw-rw-r-- 1 pmorenor pmorenor 2.1M oct 17 19:52 3POSITRON.ints
-rw-rw-r-- 1 pmorenor pmorenor   68 oct 17 19:52 gepol.inp
-rw-rw-r-- 1 pmorenor pmorenor    0 oct 17 19:52 gepol.xyzr
-rw-rw-r-- 1 pmorenor pmorenor 5.4K oct 17 19:52 lowdin.bas
-rw-rw-r-- 1 pmorenor pmorenor  15K oct 17 19:52 lowdin.dat
-rw-rw-r-- 1 pmorenor pmorenor 473K oct 17 19:52 lowdin.opints
-rw-rw-r-- 1 pmorenor pmorenor  13K oct 17 19:52 lowdin.sys
-rw-rw-r-- 1 pmorenor pmorenor 364K oct 17 19:52 lowdin.wfn
-rw-rw-r-- 1 pmorenor pmorenor 1.7K oct 17 19:52 m2a.ini
-rw-rw-r-- 1 pmorenor pmorenor  415 oct 17 19:52 only_posi_37
-rw-rw-r-- 1 pmorenor pmorenor 1.4K oct 17 19:52 only_posi_37.aux
-rw-rw-r-- 1 pmorenor pmorenor  422 oct 17 19:52 only_posi_37.lowdin
-rw-rw-r-- 1 pmorenor pmorenor  28K oct 17 19:52 only_posi_37.out
-rw-rw-r-- 1 pmorenor pmorenor 105K oct 17 19:52 only_posi_37.POSITRON.molden
-rw-rw-r-- 1 pmorenor pmorenor 124K oct 17 19:52 only_posi_37.POSITRON_new.molden
-rw-rw-r-- 1 pmorenor pmorenor  81K oct 17 19:52 only_posi_37.POSITRON.wfn
-rw-rw-r-- 1 pmorenor pmorenor  37K oct 17 19:52 only_posi_37.vec
