Begin job by input: only_posi_288.lowdin, for user: pmorenor  at  jue 17 oct 2024 19:56:26 -05
under operating system Linux Hefesto 5.4.0-196-generic #216-Ubuntu SMP Thu Aug 29 13:26:53 UTC 2024 x86_64 x86_64 x86_64 GNU/Linux
Compilation information
  commit: f2cffef7078af1231fe3319081e66b682883a80b
  compilation date:  mar 06 feb 2024 16:53:31 -05

BEGIN INPUT INFO:
------------------------------------

GEOMETRY
	E+ GRIBAKIN-10S4P2D        0  0  0.00
	E+ GRIBAKIN-10S4P2D	   59.4 0 0 addParticles=-1
	Be Dirac	0 0 0
	Be Dirac	59.4 0 0
END GEOMETRY

TASKS
        method = "RHF"
END TASKS

EXTERPOTENTIAL
	E+ T295
END EXTERPOTENTIAL

OUTPUTS
	wfnFile
END OUTPUTS


CONTROL
	units="BOHR"
	convergenceMethod=1
	overlapEigenThreshold=1E-6
	SCFGhostSpecies="POSITRON"
	HFprintEigenvalues=T
	totalEnergyTolerance = 1E-9
END CONTROL


... END INPUT INFO


 LOWDIN execution started at : Thu Oct 17 19:56:26 2024
 ---------------------------------------------------------------
 
 ***************************************************************
 *                   LOWDIN 2.0  (May/2013)                    *
 *                                                             *
 *  R. FLORES-MORENO, E. F. POSADA, F. S. MONCADA, J.ROMERO,   *
 *  J. CHARRY, M. DIAZ-TINOCO, S. A. GONZALEZ, N. F. AGUIRRE,  *
 *  A. REYES                                                   *
 *                                                             *
 *  https://sites.google.com/site/lowdinproject/               *
 *                                                             *
 ***************************************************************
 
 PARSING INPUT... DONE!
 
 LOWDIN IS RUNNING WITH NEXT PARAMETERS: 
 ----------------------------------------
 
         METHOD TYPE:  RHF
         NUMBER OF CORES:     4
         NONELECTRONIC DENSITY GUESS: HCORE
         ELECTRONIC DENSITY GUESS: HCORE
         CRITERIUM OF CONVERGENCE: ENERGY
         NONELECTRONIC ENERGY TOLERANCE IN SCFs:     0.10000E-07
         ELECTRONIC ENERGY TOLERANCE IN SCFs:     0.10000E-07
         TOTAL ENERGY TOLERANCE IN SCFs:     0.10000E-08
         SCHEME OF ITERATION: GLOBAL ITERATIONS
         SCF MAX. SUBITERATIONS - NONELECTRONS :     1
         SCF MAX. SUBITERATIONS - ELECTRONS :     1
         SCF MAX. ITERATIONS - INTERSPECIES :   200
         INTEGRAL STORAGE: DISK
         STACK SIZE FOR ERIS : 30000
         METHOD OF SCF CONVERGENCE: DAMPING
 
  MOLECULAR SYSTEM: only_posi_288
 -----------------
 
    DESCRIPTION   : only_posi_288
    CHARGE        :  10
    PUNTUAL GROUP : NONE
 
 
  INFORMATION OF PARTICLES :
 =========================
         Total number of particles   =       3
         Number of quantum particles =       1
         Number of puntual charges   =       2
         Number of quantum species   =       1
 
                 INFORMATION OF QUANTUM SPECIES 
     ---------------------------------------------------------------------
         ID      Symbol            mass     charge     spin     multiplicity
     ---------------------------------------------------------------------
         1             E+         1.0000      1.00      0.50      1.00
 
                   CONSTANTS OF COUPLING 
      ------------------------------------------------------------
           Symbol          kappa      eta     lambda     occupation
      ------------------------------------------------------------
                 E+        -1.0      1.00      1.00      1.00
 
                   BASIS SET FOR SPECIES 
      ------------------------------------------------------------
           Symbol          N. Basis     N. Particles     Basis Set
      ------------------------------------------------------------
                 E+           32                1     GRIBAKIN-1
 
                                ATOMIC BASIS
         ------------------------------------------------------------
          PRIMITIVE   SHELL             EXPONENT         COEFFICIENT 
         ------------------------------------------------------------
 
    BEGIN DESCRIPTION OF BASIS FOR:    E+
    ==============================
 
 
            E+ BASIS SET:GRIBAKIN-10S4P2
             1         S                0.00010000          1.00000000
             1         S                0.00030000          1.00000000
             1         S                0.00090000          1.00000000
             1         S                0.00270000          1.00000000
             1         S                0.00810000          1.00000000
             1         S                0.02430000          1.00000000
             1         S                0.07290000          1.00000000
             1         S                0.21870000          1.00000000
             1         S                0.65610000          1.00000000
             1         S                1.96830000          1.00000000
             1         P                0.00010000          1.00000000
             1         P                0.00030000          1.00000000
             1         P                0.00090000          1.00000000
             1         P                0.00270000          1.00000000
             1         D                0.00010000          1.00000000
             1         D                0.00030000          1.00000000
 
            E+ BASIS SET:GRIBAKIN-10S4P2
             1         S                0.00010000          1.00000000
             1         S                0.00030000          1.00000000
             1         S                0.00090000          1.00000000
             1         S                0.00270000          1.00000000
             1         S                0.00810000          1.00000000
             1         S                0.02430000          1.00000000
             1         S                0.07290000          1.00000000
             1         S                0.21870000          1.00000000
             1         S                0.65610000          1.00000000
             1         S                1.96830000          1.00000000
             1         P                0.00010000          1.00000000
             1         P                0.00030000          1.00000000
             1         P                0.00090000          1.00000000
             1         P                0.00270000          1.00000000
             1         D                0.00010000          1.00000000
             1         D                0.00030000          1.00000000
    ... END DESCRIPTION OF BASIS
 
 
  END INFORMATION OF PARTICLES
 
 
  INFORMATION OF THE QUANTUM SYSTEM 
     ---------------------------------------------------------------------
                 ID     Occupied Orbitals     Basis size
     ---------------------------------------------------------------------
                 E+            1               68
 
  END INFORMATION OF QUANTUM SYSTEM
 
 
  INFORMATION OF EXTERNAL POTENTIALS 
 
 =======
 External Potential for E+ : T295
 Type : 
                     Exponent         l       R_x       R_y       R_z              Factor
                46.4142090600         0   0.00000   0.00000   0.00000       -0.4538438220
                12.8200915000         0   0.00000   0.00000   0.00000       -1.4417258300
                 0.6509542200         0   0.00000   0.00000   0.00000     -181.3764690000
                 0.1411467600         0   0.00000   0.00000   0.00000       -1.9128095300
                 3.9201797200         0   0.00000   0.00000   0.00000       -2.3617162900
                 0.6465474500         0   0.00000   0.00000   0.00000      180.3049600000
                 0.0261865800         0   0.00000   0.00000   0.00000       -0.6554562580
                 0.0003126400         0   0.00000   0.00000   0.00000       -0.1672392340
                 0.0042413400         0   0.00000   0.00000   0.00000       -0.2892373690
                46.4142090600         0  59.40000   0.00000   0.00000       -0.4538438220
                12.8200915000         0  59.40000   0.00000   0.00000       -1.4417258300
                 0.6509542200         0  59.40000   0.00000   0.00000     -181.3764690000
                 0.1411467600         0  59.40000   0.00000   0.00000       -1.9128095300
                 3.9201797200         0  59.40000   0.00000   0.00000       -2.3617162900
                 0.6465474500         0  59.40000   0.00000   0.00000      180.3049600000
                 0.0261865800         0  59.40000   0.00000   0.00000       -0.6554562580
                 0.0003126400         0  59.40000   0.00000   0.00000       -0.1672392340
                 0.0042413400         0  59.40000   0.00000   0.00000       -0.2892373690
 
  END INFORMATION OF EXTERNAL POTENTIALS
 
                       INITIAL GEOMETRY: AMSTRONG
                 -----------------------------------
                       <x>                 <y>                 <z>
        E+        0.0000000000        0.0000000000        0.0000000000
        E+       31.4331286049        0.0000000000        0.0000000000
        BE        0.0000000000        0.0000000000        0.0000000000
        BE       31.4331286049        0.0000000000        0.0000000000
 
                     MATRIX OF DISTANCE: ANGSTROM
                 -----------------------------------
                          BE(1)          BE(2)     
 
        BE(1)            0.000000      31.433129
        BE(2)           31.433129       0.000000
 
--------------------------------------------------------------------------------
** PROGRAM: SCF (Hartree Fock).     Author: S.A. Gonzalez, E. Posada, F. Moncada
--------------------------------------------------------------------------------
INFO: RUNNING IN RHF MODE.
 
----------------------------------------------------------------------
** PROGRAM INTS                          Author: E. F. Posada, 2013   
----------------------------------------------------------------------
INFO: RUNNING IN ONE_PARTICLE MODE.
 
 Number of Overlap integrals for species POSITRON:   4624
 Number of Kinetic integrals for species POSITRON:   4624
 Number of Nuclear integrals for species POSITRON:   4624
 Number of Moment integrals for species POSITRON:  13872
 Number of 3C Overlap integrals for species POSITRON:   4624
 
** TOTAL CPU Time INTS :      0.060 (s)
** TOTAL Elapsed Time INTS :      0.052 (s)
 
Removed     1 orbitals for species POSITRON with overlap eigen threshold of 1.000E-06
 Combination coefficients for POSITRON were read from only_posi_288.vec
     number of   POSITRON     particles in guess density matrix:     1.000000
 Number of unique integrals for species: 1 = 259397
 
 TWO-BODY INTEGRAL SETUP: 
------------------------- 
 Storage:   DISK
 Scheme: LIBINT
 Stack size:  30000
 
 LIBINT library, Fermann, J. T.; Valeev, F. L. 2010                   
 LOWDIN-LIBINT Implementation V. 2.1  Posada E. F. ; Reyes A. 2016   
 ----------------------------------------------------------------------

*** TOTAL CPU time intra-species integrals :      0.078 (s)
*** TOTAL elapsed time intra-species integrals :      0.023 (s)

INFO: RUNNING SCHEME SIMULTANEOUS
 
 Begin Multi-Species SCF calculation:
 
 --------------------------------------------------------------------------------------------------
      Iteration                   Energy            Energy Change           Density Change
 --------------------------------------------------------------------------------------------------
              1           0.278967989845          -0.278967989845           0.653505307554
              2           0.274424744899           0.004543244945           0.000000000000
              3           0.274424744899           0.000000000000           0.000000000000
 Total energy converged after   3 global iterations                                                  
 
 ...end Multi-Species SCF calculation
 
 
 Begin SCF calculation by: POSITRON
 -------------------------
 
 -----------------------------------------------------------------------------------
 Iteration                   Energy           Density Change         DIIS Error 
 -----------------------------------------------------------------------------------
    1          -0.291994934667           0.000000000000                 -- 
    2          -0.291994934667           0.000000000000                 -- 
 
 ... end SCF calculation
 
  EIGENVALUES AND EIGENVECTORS: 
 ==============================
 
 
  Eigenvalues for: POSITRON
 -----------------
 
    1           0.005064475539
    2           0.007419103056
    3           0.009181857852
    4           0.015411603407
    5           0.017848269472
    6           0.017848269472
    7           0.018210184443
    8           0.020705270657
    9           0.020705270657
   10           0.021670998726
   11           0.023891924469
   12           0.023891924469
   13           0.028237839199
   14           0.028530054175
   15           0.028530054175
   16           0.029811001454
   17           0.031795917832
   18           0.034788139294
   19           0.035142047224
   20           0.039690587808
   21           0.042430120056
   22           0.043426931903
   23           0.043426931903
   24           0.043453147090
   25           0.043523322002
   26           0.043523322002
   27           0.044814601674
   28           0.045059782233
   29           0.045059782233
   30           0.047144742495
   31           0.047144742495
   32           0.047753101753
   33           0.048430103708
   34           0.048430103708
   35           0.048996086729
   36           0.050574150674
   37           0.050574150674
   38           0.050916595074
   39           0.052189897333
   40           0.052400775980
   41           0.052400775980
   42           0.053751980288
   43           0.053751980288
   44           0.053770152014
   45           0.053770152014
   46           0.054314982948
   47           0.054589275073
   48           0.055370645697
   49           0.055370645697
   50           0.056490008264
   51           0.056607844247
   52           0.056607844247
   53           0.056910263798
   54           0.058297706385
   55           0.058297706385
   56           0.060070026135
   57           0.060854759618
   58           0.066251032043
   59           0.066555289220
   60           0.204486787338
   61           0.204709959263
   62           0.866710926429
   63           0.866878406865
   64           2.952964570074
   65           2.953097777833
   66          10.814345779031
   67          10.814478839134
   68     1000000.000000000000
 
  end of eigenvalues 
 
  Occupied Eigenvectors for: POSITRON
 --------------------------- 
 
                           0.0051   
 
    1     E+     S       0.484190
    2     E+     S       0.228909
    3     E+     S      -0.783802
    4     E+     S       0.236106
    5     E+     S      -0.139982
    6     E+     S      -0.040610
    7     E+     S      -0.047358
    8     E+     S       0.034586
    9     E+     S       0.001673
   10     E+     S       0.000064
   11     E+    Px      -0.524972
   12     E+    Py      -0.000000
   13     E+    Pz       0.000000
   14     E+    Px       0.210002
   15     E+    Py      -0.000000
   16     E+    Pz       0.000000
   17     E+    Px      -0.402148
   18     E+    Py       0.000000
   19     E+    Pz      -0.000000
   20     E+    Px      -0.066003
   21     E+    Py      -0.000000
   22     E+    Pz       0.000000
   23     E+   Dxx      -0.288985
   24     E+   Dxy      -0.000000
   25     E+   Dxz       0.000000
   26     E+   Dyy      -0.026176
   27     E+   Dyz       0.000000
   28     E+   Dzz      -0.026176
   29     E+   Dxx      -0.073460
   30     E+   Dxy      -0.000000
   31     E+   Dxz       0.000000
   32     E+   Dyy      -0.090245
   33     E+   Dyz       0.000000
   34     E+   Dzz      -0.090245
   35     E+     S       0.484190
   36     E+     S       0.228909
   37     E+     S      -0.783802
   38     E+     S       0.236106
   39     E+     S      -0.139982
   40     E+     S      -0.040610
   41     E+     S      -0.047358
   42     E+     S       0.034586
   43     E+     S       0.001673
   44     E+     S       0.000064
   45     E+    Px       0.524972
   46     E+    Py       0.000000
   47     E+    Pz      -0.000000
   48     E+    Px      -0.210002
   49     E+    Py       0.000000
   50     E+    Pz      -0.000000
   51     E+    Px       0.402148
   52     E+    Py      -0.000000
   53     E+    Pz       0.000000
   54     E+    Px       0.066003
   55     E+    Py       0.000000
   56     E+    Pz      -0.000000
   57     E+   Dxx      -0.288985
   58     E+   Dxy      -0.000000
   59     E+   Dxz       0.000000
   60     E+   Dyy      -0.026176
   61     E+   Dyz      -0.000000
   62     E+   Dzz      -0.026176
   63     E+   Dxx      -0.073460
   64     E+   Dxy      -0.000000
   65     E+   Dxz       0.000000
   66     E+   Dyy      -0.090245
   67     E+   Dyz       0.000000
   68     E+   Dzz      -0.090245
 
 
  end of eigenvectors 
 
  END OF EIGENVALUES AND EIGENVECTORS
 
 
  COMPONENTS OF KINETIC ENERGY: 
 -----------------------------
 
            POSITRON Kinetic energy =            0.003078154142
                                     _________________________
               Total kinetic energy =            0.003078154142
 
  COMPONENTS OF POTENTIAL ENERGY: 
 -------------------------------
 
          Fixed potential energy    =            0.269360269360
 
  Quantum/Fixed interaction energy: 
 ----------------------------------
 
    POSITRON/Fixed interact. energy =            0.299045731603
                                     _________________________
               Total Q/Fixed energy =            0.299045731603
 
  Coulomb energy: 
 ------------------
 
   POSITRON/POSITRON Hartree energy =            0.000000000000
                                     _________________________
               Total Hartree energy =            0.000000000000
 
  Exchange(HF) energy: 
 ----------------------
 
           POSITRON Exchange energy =            0.000000000000
                                     _________________________
              Total Exchange energy =            0.000000000000
 
  External Potential energy: 
 ----------------------------
 
            POSITRON Ext Pot energy =           -0.297059410206
                                     _________________________
    Total External Potential energy =           -0.297059410206
 
  TOTAL ENERGY COMPONENTS: 
 ==========================
 
          TOTAL KINETIC ENERGY      =            0.003078154142
          TOTAL POTENTIAL ENERGY    =            0.271346590757
                                     _________________________
                       TOTAL ENERGY =            0.274424744899
 
                 VIRIAL RATIO (V/T) =          -88.152372568882
 
 
  END ENERGY COMPONENTS
 
 
** TOTAL CPU Time SCF :      0.008 (s)
** TOTAL Elapsed Time SCF :      0.091 (s)
 
 We are calculating properties for POSITRON in the HF/KS ground state
 
  POPULATION ANALYSES: 
 ====================
 
 MULLIKEN Population: for POSITRON  
 ---------------------
 
                                    
 
    1     E+     S      -0.158805
    2     E+     S      -0.124535
    3     E+     S       0.474867
    4     E+     S      -0.106354
    5     E+     S       0.042811
    6     E+     S       0.008734
    7     E+     S       0.006206
    8     E+     S      -0.002027
    9     E+     S      -0.000031
   10     E+     S      -0.000000
   11     E+    Px       0.097250
   12     E+    Py      -0.000000
   13     E+    Pz      -0.000000
   14     E+    Px      -0.099115
   15     E+    Py      -0.000000
   16     E+    Pz      -0.000000
   17     E+    Px       0.263560
   18     E+    Py       0.000000
   19     E+    Pz       0.000000
   20     E+    Px       0.028631
   21     E+    Py      -0.000000
   22     E+    Pz      -0.000000
   23     E+   Dxx       0.022781
   24     E+   Dxy       0.000000
   25     E+   Dxz       0.000000
   26     E+   Dyy       0.000655
   27     E+   Dyz       0.000000
   28     E+   Dzz       0.000655
   29     E+   Dxx       0.024154
   30     E+   Dxy       0.000000
   31     E+   Dxz       0.000000
   32     E+   Dyy       0.010282
   33     E+   Dyz       0.000000
   34     E+   Dzz       0.010282
   35     E+     S      -0.158805
   36     E+     S      -0.124535
   37     E+     S       0.474867
   38     E+     S      -0.106354
   39     E+     S       0.042811
   40     E+     S       0.008734
   41     E+     S       0.006206
   42     E+     S      -0.002027
   43     E+     S      -0.000031
   44     E+     S      -0.000000
   45     E+    Px       0.097250
   46     E+    Py      -0.000000
   47     E+    Pz       0.000000
   48     E+    Px      -0.099115
   49     E+    Py      -0.000000
   50     E+    Pz       0.000000
   51     E+    Px       0.263560
   52     E+    Py       0.000000
   53     E+    Pz      -0.000000
   54     E+    Px       0.028631
   55     E+    Py       0.000000
   56     E+    Pz       0.000000
   57     E+   Dxx       0.022781
   58     E+   Dxy       0.000000
   59     E+   Dxz       0.000000
   60     E+   Dyy       0.000655
   61     E+   Dyz      -0.000000
   62     E+   Dzz       0.000655
   63     E+   Dxx       0.024154
   64     E+   Dxy       0.000000
   65     E+   Dxz       0.000000
   66     E+   Dyy       0.010282
   67     E+   Dyz       0.000000
   68     E+   Dzz       0.010282
 
                           __________
              Total =        1.000000
 
  Atomic MULLIKEN Population: for POSITRON  
            BE               0.500000
            BE               0.500000
 
 ...end of MULLIKEN Population
 
 
 END POPULATION ANALYSES 
 
 
  POPULATION ANALYSES: 
 ====================
 
 LOWDIN Population: for POSITRON  
 ---------------------
 
                                    
 
    1     E+     S       0.007827
    2     E+     S       0.038549
    3     E+     S       0.124675
    4     E+     S       0.031424
    5     E+     S       0.013755
    6     E+     S       0.011576
    7     E+     S       0.003332
    8     E+     S       0.000061
    9     E+     S       0.000023
   10     E+     S       0.000002
   11     E+    Px       0.006284
   12     E+    Py       0.000000
   13     E+    Pz       0.000000
   14     E+    Px       0.026311
   15     E+    Py       0.000000
   16     E+    Pz       0.000000
   17     E+    Px       0.163273
   18     E+    Py       0.000000
   19     E+    Pz       0.000000
   20     E+    Px       0.056826
   21     E+    Py       0.000000
   22     E+    Pz       0.000000
   23     E+   Dxx       0.000365
   24     E+   Dxy       0.000000
   25     E+   Dxz       0.000000
   26     E+   Dyy       0.000069
   27     E+   Dyz       0.000000
   28     E+   Dzz       0.000069
   29     E+   Dxx       0.013935
   30     E+   Dxy       0.000000
   31     E+   Dxz       0.000000
   32     E+   Dyy       0.000821
   33     E+   Dyz       0.000000
   34     E+   Dzz       0.000821
   35     E+     S       0.007827
   36     E+     S       0.038549
   37     E+     S       0.124675
   38     E+     S       0.031424
   39     E+     S       0.013755
   40     E+     S       0.011576
   41     E+     S       0.003332
   42     E+     S       0.000061
   43     E+     S       0.000023
   44     E+     S       0.000002
   45     E+    Px       0.006284
   46     E+    Py       0.000000
   47     E+    Pz       0.000000
   48     E+    Px       0.026311
   49     E+    Py       0.000000
   50     E+    Pz       0.000000
   51     E+    Px       0.163273
   52     E+    Py       0.000000
   53     E+    Pz       0.000000
   54     E+    Px       0.056826
   55     E+    Py       0.000000
   56     E+    Pz       0.000000
   57     E+   Dxx       0.000365
   58     E+   Dxy       0.000000
   59     E+   Dxz       0.000000
   60     E+   Dyy       0.000069
   61     E+   Dyz       0.000000
   62     E+   Dzz       0.000069
   63     E+   Dxx       0.013935
   64     E+   Dxy       0.000000
   65     E+   Dxz       0.000000
   66     E+   Dyy       0.000821
   67     E+   Dyz       0.000000
   68     E+   Dzz       0.000821
 
                           __________
              Total =        1.000000
 
  Atomic LOWDIN Population: for POSITRON  
            BE               0.500000
            BE               0.500000
 
 ...end of LOWDIN Population
 
 
 END POPULATION ANALYSES 
 
 
  EXPECTED POSITIONS OF QUANTUM SPECIES:
 ======================
 
 POSITIONS IN ANGSTROMS
 ------
 
                        <x>      <y>      <z>         
           POSITRON  15.7166  -0.0000  -0.0000
 
 END EXPECTED POSITIONS
 
 
  ELECTROSTATIC MOMENTS:
 ======================
 
 DIPOLE: (DEBYE)
 ------
 
                           <Dx>         <Dy>         <Dz>          |D|
           POSITRON  75.48986034  -0.00000000  -0.00000000
    Point charges:  603.91888275   0.00000000   0.00000000
                     ____________________________
      Total Dipole: 679.40874310  -0.00000000  -0.00000000 679.40874310
 
 QUADRUPOLE NON-TRACELESS: (DEBYE ANGS)
 ------
 
                           <xx>         <yy>         <zz>         <xy>         <xz>         <yz>
           POSITRON    0.00000000    0.00000000    0.00000000    0.00000000    0.00000000    0.00000000
    Point charges: 18983.05774291    0.00000000    0.00000000    0.00000000    0.00000000    0.00000000
  Total Quadrupole:18983.05774291    0.00000000    0.00000000    0.00000000    0.00000000    0.00000000
                     ____________________________
 
 END ELECTROSTATIC MOMENTS
 


 *****************************************************************************
                               *  Molden2AIM  *
                          Version 3.1.0,  02/25/2015
           It converts the format from MOLDEN to AIM-WFN and NBO-47
 *****************************************************************************


 The MOLDEN file only_posi_288.POSITRON.molden has been found.


 >>> Cartesian basis functions are used.

 >>> SUMMARY

     Number of atoms:                                 2
     Maximum angular momentum:                        2
     Number of primitive Cartesian functions:        68
     Number of contracted Cartesian functions:       68
     Number of primitive spherical functions:        64
     Number of contracted spherical functions:       64
     Number of orbitals to be printed:               68
 =============================================================================


  A new Molden file is generated successfully!
  File Name = only_posi_288.POSITRON_new.molden
 =============================================================================


  A WFN file is generated successfully!
  File Name = only_posi_288.POSITRON.wfn

  Please use
   AIM2000, AIMALL, AIMPAC, AIMPAC2, AIM-UC, CheckDen, DGrid, MORPHY,
   MultiWFN, PAMoC, ProMolden, TopChem, TopMoD, or XAIM

  to analyse the electron density distribution.
 =============================================================================
 --------------------------------------------------------
 WFNFILE                1
          FileName: only_posi_288.POSITRON.wfn       and .molden                                                        
 --------------------------------------------------------
 
 
** TOTAL CPU Time Outputs :      0.053 (s)
** TOTAL Elapsed Time Outputs :      0.049 (s)
 

  TOTAL CPU Time:      0.030 (s)
 TOTAL Wall Time:      0.184 (s)
  Elapsed Time:   0h  0m  0s 184ms
LOWDIN execution terminated normally at : Thu Oct 17 19:56:26 2024
-rw-rw-r-- 1 pmorenor pmorenor 2.1M oct 17 19:56 0POSITRON.ints
-rw-rw-r-- 1 pmorenor pmorenor 2.1M oct 17 19:56 1POSITRON.ints
-rw-rw-r-- 1 pmorenor pmorenor 2.1M oct 17 19:56 2POSITRON.ints
-rw-rw-r-- 1 pmorenor pmorenor 2.1M oct 17 19:56 3POSITRON.ints
-rw-rw-r-- 1 pmorenor pmorenor   69 oct 17 19:56 gepol.inp
-rw-rw-r-- 1 pmorenor pmorenor    0 oct 17 19:56 gepol.xyzr
-rw-rw-r-- 1 pmorenor pmorenor 5.4K oct 17 19:56 lowdin.bas
-rw-rw-r-- 1 pmorenor pmorenor  15K oct 17 19:56 lowdin.dat
-rw-rw-r-- 1 pmorenor pmorenor 473K oct 17 19:56 lowdin.opints
-rw-rw-r-- 1 pmorenor pmorenor  13K oct 17 19:56 lowdin.sys
-rw-rw-r-- 1 pmorenor pmorenor 364K oct 17 19:56 lowdin.wfn
-rw-rw-r-- 1 pmorenor pmorenor 1.7K oct 17 19:56 m2a.ini
-rw-rw-r-- 1 pmorenor pmorenor  418 oct 17 19:56 only_posi_288
-rw-rw-r-- 1 pmorenor pmorenor 1.4K oct 17 19:56 only_posi_288.aux
-rw-rw-r-- 1 pmorenor pmorenor  425 oct 17 19:56 only_posi_288.lowdin
-rw-rw-r-- 1 pmorenor pmorenor  28K oct 17 19:56 only_posi_288.out
-rw-rw-r-- 1 pmorenor pmorenor 105K oct 17 19:56 only_posi_288.POSITRON.molden
-rw-rw-r-- 1 pmorenor pmorenor 124K oct 17 19:56 only_posi_288.POSITRON_new.molden
-rw-rw-r-- 1 pmorenor pmorenor  81K oct 17 19:56 only_posi_288.POSITRON.wfn
-rw-rw-r-- 1 pmorenor pmorenor  37K oct 17 19:56 only_posi_288.vec
