Begin job by input: only_posi_276.lowdin, for user: pmorenor  at  jue 17 oct 2024 19:56:15 -05
under operating system Linux Hefesto 5.4.0-196-generic #216-Ubuntu SMP Thu Aug 29 13:26:53 UTC 2024 x86_64 x86_64 x86_64 GNU/Linux
Compilation information
  commit: f2cffef7078af1231fe3319081e66b682883a80b
  compilation date:  mar 06 feb 2024 16:53:31 -05

BEGIN INPUT INFO:
------------------------------------

GEOMETRY
	E+ GRIBAKIN-10S4P2D        0  0  0.00
	E+ GRIBAKIN-10S4P2D	   57.0 0 0 addParticles=-1
	Be Dirac	0 0 0
	Be Dirac	57.0 0 0
END GEOMETRY

TASKS
        method = "RHF"
END TASKS

EXTERPOTENTIAL
	E+ T283
END EXTERPOTENTIAL

OUTPUTS
	wfnFile
END OUTPUTS


CONTROL
	units="BOHR"
	convergenceMethod=1
	overlapEigenThreshold=1E-6
	SCFGhostSpecies="POSITRON"
	HFprintEigenvalues=T
	totalEnergyTolerance = 1E-9
END CONTROL


... END INPUT INFO


 LOWDIN execution started at : Thu Oct 17 19:56:15 2024
 ---------------------------------------------------------------
 
 ***************************************************************
 *                   LOWDIN 2.0  (May/2013)                    *
 *                                                             *
 *  R. FLORES-MORENO, E. F. POSADA, F. S. MONCADA, J.ROMERO,   *
 *  J. CHARRY, M. DIAZ-TINOCO, S. A. GONZALEZ, N. F. AGUIRRE,  *
 *  A. REYES                                                   *
 *                                                             *
 *  https://sites.google.com/site/lowdinproject/               *
 *                                                             *
 ***************************************************************
 
 PARSING INPUT... DONE!
 
 LOWDIN IS RUNNING WITH NEXT PARAMETERS: 
 ----------------------------------------
 
         METHOD TYPE:  RHF
         NUMBER OF CORES:     4
         NONELECTRONIC DENSITY GUESS: HCORE
         ELECTRONIC DENSITY GUESS: HCORE
         CRITERIUM OF CONVERGENCE: ENERGY
         NONELECTRONIC ENERGY TOLERANCE IN SCFs:     0.10000E-07
         ELECTRONIC ENERGY TOLERANCE IN SCFs:     0.10000E-07
         TOTAL ENERGY TOLERANCE IN SCFs:     0.10000E-08
         SCHEME OF ITERATION: GLOBAL ITERATIONS
         SCF MAX. SUBITERATIONS - NONELECTRONS :     1
         SCF MAX. SUBITERATIONS - ELECTRONS :     1
         SCF MAX. ITERATIONS - INTERSPECIES :   200
         INTEGRAL STORAGE: DISK
         STACK SIZE FOR ERIS : 30000
         METHOD OF SCF CONVERGENCE: DAMPING
 
  MOLECULAR SYSTEM: only_posi_276
 -----------------
 
    DESCRIPTION   : only_posi_276
    CHARGE        :  10
    PUNTUAL GROUP : NONE
 
 
  INFORMATION OF PARTICLES :
 =========================
         Total number of particles   =       3
         Number of quantum particles =       1
         Number of puntual charges   =       2
         Number of quantum species   =       1
 
                 INFORMATION OF QUANTUM SPECIES 
     ---------------------------------------------------------------------
         ID      Symbol            mass     charge     spin     multiplicity
     ---------------------------------------------------------------------
         1             E+         1.0000      1.00      0.50      1.00
 
                   CONSTANTS OF COUPLING 
      ------------------------------------------------------------
           Symbol          kappa      eta     lambda     occupation
      ------------------------------------------------------------
                 E+        -1.0      1.00      1.00      1.00
 
                   BASIS SET FOR SPECIES 
      ------------------------------------------------------------
           Symbol          N. Basis     N. Particles     Basis Set
      ------------------------------------------------------------
                 E+           32                1     GRIBAKIN-1
 
                                ATOMIC BASIS
         ------------------------------------------------------------
          PRIMITIVE   SHELL             EXPONENT         COEFFICIENT 
         ------------------------------------------------------------
 
    BEGIN DESCRIPTION OF BASIS FOR:    E+
    ==============================
 
 
            E+ BASIS SET:GRIBAKIN-10S4P2
             1         S                0.00010000          1.00000000
             1         S                0.00030000          1.00000000
             1         S                0.00090000          1.00000000
             1         S                0.00270000          1.00000000
             1         S                0.00810000          1.00000000
             1         S                0.02430000          1.00000000
             1         S                0.07290000          1.00000000
             1         S                0.21870000          1.00000000
             1         S                0.65610000          1.00000000
             1         S                1.96830000          1.00000000
             1         P                0.00010000          1.00000000
             1         P                0.00030000          1.00000000
             1         P                0.00090000          1.00000000
             1         P                0.00270000          1.00000000
             1         D                0.00010000          1.00000000
             1         D                0.00030000          1.00000000
 
            E+ BASIS SET:GRIBAKIN-10S4P2
             1         S                0.00010000          1.00000000
             1         S                0.00030000          1.00000000
             1         S                0.00090000          1.00000000
             1         S                0.00270000          1.00000000
             1         S                0.00810000          1.00000000
             1         S                0.02430000          1.00000000
             1         S                0.07290000          1.00000000
             1         S                0.21870000          1.00000000
             1         S                0.65610000          1.00000000
             1         S                1.96830000          1.00000000
             1         P                0.00010000          1.00000000
             1         P                0.00030000          1.00000000
             1         P                0.00090000          1.00000000
             1         P                0.00270000          1.00000000
             1         D                0.00010000          1.00000000
             1         D                0.00030000          1.00000000
    ... END DESCRIPTION OF BASIS
 
 
  END INFORMATION OF PARTICLES
 
 
  INFORMATION OF THE QUANTUM SYSTEM 
     ---------------------------------------------------------------------
                 ID     Occupied Orbitals     Basis size
     ---------------------------------------------------------------------
                 E+            1               68
 
  END INFORMATION OF QUANTUM SYSTEM
 
 
  INFORMATION OF EXTERNAL POTENTIALS 
 
 =======
 External Potential for E+ : T283
 Type : 
                     Exponent         l       R_x       R_y       R_z              Factor
                46.4142090600         0   0.00000   0.00000   0.00000       -0.4538438220
                12.8200915000         0   0.00000   0.00000   0.00000       -1.4417258300
                 0.6509542200         0   0.00000   0.00000   0.00000     -181.3764690000
                 0.1411467600         0   0.00000   0.00000   0.00000       -1.9128095300
                 3.9201797200         0   0.00000   0.00000   0.00000       -2.3617162900
                 0.6465474500         0   0.00000   0.00000   0.00000      180.3049600000
                 0.0261865800         0   0.00000   0.00000   0.00000       -0.6554562580
                 0.0003126400         0   0.00000   0.00000   0.00000       -0.1672392340
                 0.0042413400         0   0.00000   0.00000   0.00000       -0.2892373690
                46.4142090600         0  57.00000   0.00000   0.00000       -0.4538438220
                12.8200915000         0  57.00000   0.00000   0.00000       -1.4417258300
                 0.6509542200         0  57.00000   0.00000   0.00000     -181.3764690000
                 0.1411467600         0  57.00000   0.00000   0.00000       -1.9128095300
                 3.9201797200         0  57.00000   0.00000   0.00000       -2.3617162900
                 0.6465474500         0  57.00000   0.00000   0.00000      180.3049600000
                 0.0261865800         0  57.00000   0.00000   0.00000       -0.6554562580
                 0.0003126400         0  57.00000   0.00000   0.00000       -0.1672392340
                 0.0042413400         0  57.00000   0.00000   0.00000       -0.2892373690
 
  END INFORMATION OF EXTERNAL POTENTIALS
 
                       INITIAL GEOMETRY: AMSTRONG
                 -----------------------------------
                       <x>                 <y>                 <z>
        E+        0.0000000000        0.0000000000        0.0000000000
        E+       30.1631032067        0.0000000000        0.0000000000
        BE        0.0000000000        0.0000000000        0.0000000000
        BE       30.1631032067        0.0000000000        0.0000000000
 
                     MATRIX OF DISTANCE: ANGSTROM
                 -----------------------------------
                          BE(1)          BE(2)     
 
        BE(1)            0.000000      30.163103
        BE(2)           30.163103       0.000000
 
--------------------------------------------------------------------------------
** PROGRAM: SCF (Hartree Fock).     Author: S.A. Gonzalez, E. Posada, F. Moncada
--------------------------------------------------------------------------------
INFO: RUNNING IN RHF MODE.
 
----------------------------------------------------------------------
** PROGRAM INTS                          Author: E. F. Posada, 2013   
----------------------------------------------------------------------
INFO: RUNNING IN ONE_PARTICLE MODE.
 
 Number of Overlap integrals for species POSITRON:   4624
 Number of Kinetic integrals for species POSITRON:   4624
 Number of Nuclear integrals for species POSITRON:   4624
 Number of Moment integrals for species POSITRON:  13872
 Number of 3C Overlap integrals for species POSITRON:   4624
 
** TOTAL CPU Time INTS :      0.056 (s)
** TOTAL Elapsed Time INTS :      0.051 (s)
 
Removed     1 orbitals for species POSITRON with overlap eigen threshold of 1.000E-06
 Combination coefficients for POSITRON were read from only_posi_276.vec
     number of   POSITRON     particles in guess density matrix:     1.000000
 Number of unique integrals for species: 1 = 264130
 
 TWO-BODY INTEGRAL SETUP: 
------------------------- 
 Storage:   DISK
 Scheme: LIBINT
 Stack size:  30000
 
 LIBINT library, Fermann, J. T.; Valeev, F. L. 2010                   
 LOWDIN-LIBINT Implementation V. 2.1  Posada E. F. ; Reyes A. 2016   
 ----------------------------------------------------------------------

*** TOTAL CPU time intra-species integrals :      0.088 (s)
*** TOTAL elapsed time intra-species integrals :      0.025 (s)

INFO: RUNNING SCHEME SIMULTANEOUS
 
 Begin Multi-Species SCF calculation:
 
 --------------------------------------------------------------------------------------------------
      Iteration                   Energy            Energy Change           Density Change
 --------------------------------------------------------------------------------------------------
              1           0.288656032458          -0.288656032458           0.959839469659
              2           0.284740358380           0.003915674078           0.000000000000
              3           0.284740358380           0.000000000000           0.000000000000
 Total energy converged after   3 global iterations                                                  
 
 ...end Multi-Species SCF calculation
 
 
 Begin SCF calculation by: POSITRON
 -------------------------
 
 -----------------------------------------------------------------------------------
 Iteration                   Energy           Density Change         DIIS Error 
 -----------------------------------------------------------------------------------
    1          -0.367001772490           0.000000000000                 -- 
    2          -0.367001772490           0.000000000000                 -- 
 
 ... end SCF calculation
 
  EIGENVALUES AND EIGENVECTORS: 
 ==============================
 
 
  Eigenvalues for: POSITRON
 -----------------
 
    1           0.004038603994
    2           0.005618690371
    3           0.007800770536
    4           0.014188966946
    5           0.016377164945
    6           0.016377164945
    7           0.016686777713
    8           0.019027477581
    9           0.019027477581
   10           0.020626246591
   11           0.022410610447
   12           0.022410610447
   13           0.026839238052
   14           0.027556670263
   15           0.027556670263
   16           0.028470733272
   17           0.031489398271
   18           0.033851761489
   19           0.034414396671
   20           0.039655990419
   21           0.042539960279
   22           0.043129992247
   23           0.043129992247
   24           0.043246540658
   25           0.043464099783
   26           0.043464099783
   27           0.044785628106
   28           0.045102106257
   29           0.045102106257
   30           0.047143813444
   31           0.047143813444
   32           0.047871014751
   33           0.048311531015
   34           0.048311531015
   35           0.049137787012
   36           0.050598980992
   37           0.050598980992
   38           0.051056678071
   39           0.052519458930
   40           0.052519458930
   41           0.052570761336
   42           0.053865677918
   43           0.053865677918
   44           0.054059046650
   45           0.054059046650
   46           0.054426237369
   47           0.054684465100
   48           0.055443544398
   49           0.055443544398
   50           0.056720725176
   51           0.056720725176
   52           0.056922352063
   53           0.057018465486
   54           0.058352716190
   55           0.058352716190
   56           0.060059777408
   57           0.060808351257
   58           0.064577884143
   59           0.064909825846
   60           0.202383037428
   61           0.202609877135
   62           0.864513827594
   63           0.864698172382
   64           2.950745712853
   65           2.950896160820
   66          10.812120815452
   67          10.812272681934
   68     1000000.000000000000
 
  end of eigenvalues 
 
  Occupied Eigenvectors for: POSITRON
 --------------------------- 
 
                           0.0040   
 
    1     E+     S       0.409838
    2     E+     S       0.203746
    3     E+     S      -0.642523
    4     E+     S       0.079163
    5     E+     S      -0.138691
    6     E+     S      -0.082280
    7     E+     S      -0.061994
    8     E+     S       0.048352
    9     E+     S       0.002960
   10     E+     S       0.000001
   11     E+    Px      -0.415768
   12     E+    Py       0.000000
   13     E+    Pz      -0.000000
   14     E+    Px       0.156200
   15     E+    Py       0.000000
   16     E+    Pz       0.000000
   17     E+    Px      -0.283568
   18     E+    Py      -0.000000
   19     E+    Pz      -0.000000
   20     E+    Px      -0.136050
   21     E+    Py       0.000000
   22     E+    Pz       0.000000
   23     E+   Dxx      -0.226572
   24     E+   Dxy       0.000000
   25     E+   Dxz      -0.000000
   26     E+   Dyy      -0.025881
   27     E+   Dyz      -0.000000
   28     E+   Dzz      -0.025881
   29     E+   Dxx      -0.070712
   30     E+   Dxy      -0.000000
   31     E+   Dxz       0.000000
   32     E+   Dyy      -0.087808
   33     E+   Dyz       0.000000
   34     E+   Dzz      -0.087808
   35     E+     S       0.409838
   36     E+     S       0.203746
   37     E+     S      -0.642523
   38     E+     S       0.079163
   39     E+     S      -0.138691
   40     E+     S      -0.082280
   41     E+     S      -0.061994
   42     E+     S       0.048352
   43     E+     S       0.002960
   44     E+     S       0.000001
   45     E+    Px       0.415768
   46     E+    Py      -0.000000
   47     E+    Pz       0.000000
   48     E+    Px      -0.156200
   49     E+    Py       0.000000
   50     E+    Pz      -0.000000
   51     E+    Px       0.283568
   52     E+    Py      -0.000000
   53     E+    Pz       0.000000
   54     E+    Px       0.136050
   55     E+    Py       0.000000
   56     E+    Pz      -0.000000
   57     E+   Dxx      -0.226572
   58     E+   Dxy       0.000000
   59     E+   Dxz      -0.000000
   60     E+   Dyy      -0.025881
   61     E+   Dyz       0.000000
   62     E+   Dzz      -0.025881
   63     E+   Dxx      -0.070712
   64     E+   Dxy       0.000000
   65     E+   Dxz       0.000000
   66     E+   Dyy      -0.087808
   67     E+   Dyz      -0.000000
   68     E+   Dzz      -0.087808
 
 
  end of eigenvectors 
 
  END OF EIGENVALUES AND EIGENVECTORS
 
 
  COMPONENTS OF KINETIC ENERGY: 
 -----------------------------
 
            POSITRON Kinetic energy =            0.004876791726
                                     _________________________
               Total kinetic energy =            0.004876791726
 
  COMPONENTS OF POTENTIAL ENERGY: 
 -------------------------------
 
          Fixed potential energy    =            0.280701754386
 
  Quantum/Fixed interaction energy: 
 ----------------------------------
 
    POSITRON/Fixed interact. energy =            0.370202188751
                                     _________________________
               Total Q/Fixed energy =            0.370202188751
 
  Coulomb energy: 
 ------------------
 
   POSITRON/POSITRON Hartree energy =            0.000000000000
                                     _________________________
               Total Hartree energy =            0.000000000000
 
  Exchange(HF) energy: 
 ----------------------
 
           POSITRON Exchange energy =            0.000000000000
                                     _________________________
              Total Exchange energy =            0.000000000000
 
  External Potential energy: 
 ----------------------------
 
            POSITRON Ext Pot energy =           -0.371040376484
                                     _________________________
    Total External Potential energy =           -0.371040376484
 
  TOTAL ENERGY COMPONENTS: 
 ==========================
 
          TOTAL KINETIC ENERGY      =            0.004876791726
          TOTAL POTENTIAL ENERGY    =            0.279863566653
                                     _________________________
                       TOTAL ENERGY =            0.284740358380
 
                 VIRIAL RATIO (V/T) =          -57.386819523154
 
 
  END ENERGY COMPONENTS
 
 
** TOTAL CPU Time SCF :      0.008 (s)
** TOTAL Elapsed Time SCF :      0.092 (s)
 
 We are calculating properties for POSITRON in the HF/KS ground state
 
  POPULATION ANALYSES: 
 ====================
 
 MULLIKEN Population: for POSITRON  
 ---------------------
 
                                    
 
    1     E+     S      -0.126816
    2     E+     S      -0.106798
    3     E+     S       0.398357
    4     E+     S      -0.041689
    5     E+     S       0.056845
    6     E+     S       0.025132
    7     E+     S       0.011755
    8     E+     S      -0.004117
    9     E+     S      -0.000080
   10     E+     S      -0.000000
   11     E+    Px       0.069081
   12     E+    Py       0.000000
   13     E+    Pz      -0.000000
   14     E+    Px      -0.066636
   15     E+    Py       0.000000
   16     E+    Pz       0.000000
   17     E+    Px       0.171107
   18     E+    Py      -0.000000
   19     E+    Pz       0.000000
   20     E+    Px       0.057859
   21     E+    Py       0.000000
   22     E+    Pz      -0.000000
   23     E+   Dxx       0.016338
   24     E+   Dxy       0.000000
   25     E+   Dxz       0.000000
   26     E+   Dyy       0.000549
   27     E+   Dyz       0.000000
   28     E+   Dzz       0.000549
   29     E+   Dxx       0.021335
   30     E+   Dxy       0.000000
   31     E+   Dxz      -0.000000
   32     E+   Dyy       0.008614
   33     E+   Dyz      -0.000000
   34     E+   Dzz       0.008614
   35     E+     S      -0.126816
   36     E+     S      -0.106798
   37     E+     S       0.398357
   38     E+     S      -0.041689
   39     E+     S       0.056845
   40     E+     S       0.025132
   41     E+     S       0.011755
   42     E+     S      -0.004117
   43     E+     S      -0.000080
   44     E+     S      -0.000000
   45     E+    Px       0.069081
   46     E+    Py      -0.000000
   47     E+    Pz       0.000000
   48     E+    Px      -0.066636
   49     E+    Py       0.000000
   50     E+    Pz       0.000000
   51     E+    Px       0.171107
   52     E+    Py      -0.000000
   53     E+    Pz      -0.000000
   54     E+    Px       0.057859
   55     E+    Py      -0.000000
   56     E+    Pz       0.000000
   57     E+   Dxx       0.016338
   58     E+   Dxy       0.000000
   59     E+   Dxz       0.000000
   60     E+   Dyy       0.000549
   61     E+   Dyz      -0.000000
   62     E+   Dzz       0.000549
   63     E+   Dxx       0.021335
   64     E+   Dxy       0.000000
   65     E+   Dxz      -0.000000
   66     E+   Dyy       0.008614
   67     E+   Dyz       0.000000
   68     E+   Dzz       0.008614
 
                           __________
              Total =        1.000000
 
  Atomic MULLIKEN Population: for POSITRON  
            BE               0.500000
            BE               0.500000
 
 ...end of MULLIKEN Population
 
 
 END POPULATION ANALYSES 
 
 
  POPULATION ANALYSES: 
 ====================
 
 LOWDIN Population: for POSITRON  
 ---------------------
 
                                    
 
    1     E+     S       0.006353
    2     E+     S       0.031472
    3     E+     S       0.114337
    4     E+     S       0.059833
    5     E+     S       0.034802
    6     E+     S       0.025273
    7     E+     S       0.007499
    8     E+     S       0.000128
    9     E+     S       0.000044
   10     E+     S       0.000005
   11     E+    Px       0.004266
   12     E+    Py       0.000000
   13     E+    Pz       0.000000
   14     E+    Px       0.020038
   15     E+    Py       0.000000
   16     E+    Pz       0.000000
   17     E+    Px       0.118222
   18     E+    Py       0.000000
   19     E+    Pz       0.000000
   20     E+    Px       0.065938
   21     E+    Py       0.000000
   22     E+    Pz       0.000000
   23     E+   Dxx       0.000241
   24     E+   Dxy       0.000000
   25     E+   Dxz       0.000000
   26     E+   Dyy       0.000047
   27     E+   Dyz      -0.000000
   28     E+   Dzz       0.000047
   29     E+   Dxx       0.010187
   30     E+   Dxy       0.000000
   31     E+   Dxz       0.000000
   32     E+   Dyy       0.000634
   33     E+   Dyz       0.000000
   34     E+   Dzz       0.000634
   35     E+     S       0.006353
   36     E+     S       0.031472
   37     E+     S       0.114337
   38     E+     S       0.059833
   39     E+     S       0.034802
   40     E+     S       0.025273
   41     E+     S       0.007499
   42     E+     S       0.000128
   43     E+     S       0.000044
   44     E+     S       0.000005
   45     E+    Px       0.004266
   46     E+    Py       0.000000
   47     E+    Pz       0.000000
   48     E+    Px       0.020038
   49     E+    Py       0.000000
   50     E+    Pz       0.000000
   51     E+    Px       0.118222
   52     E+    Py       0.000000
   53     E+    Pz       0.000000
   54     E+    Px       0.065938
   55     E+    Py       0.000000
   56     E+    Pz       0.000000
   57     E+   Dxx       0.000241
   58     E+   Dxy       0.000000
   59     E+   Dxz       0.000000
   60     E+   Dyy       0.000047
   61     E+   Dyz       0.000000
   62     E+   Dzz       0.000047
   63     E+   Dxx       0.010187
   64     E+   Dxy       0.000000
   65     E+   Dxz       0.000000
   66     E+   Dyy       0.000634
   67     E+   Dyz       0.000000
   68     E+   Dzz       0.000634
 
                           __________
              Total =        1.000000
 
  Atomic LOWDIN Population: for POSITRON  
            BE               0.500000
            BE               0.500000
 
 ...end of LOWDIN Population
 
 
 END POPULATION ANALYSES 
 
 
  EXPECTED POSITIONS OF QUANTUM SPECIES:
 ======================
 
 POSITIONS IN ANGSTROMS
 ------
 
                        <x>      <y>      <z>         
           POSITRON  15.0815   0.0000   0.0000
 
 END EXPECTED POSITIONS
 
 
  ELECTROSTATIC MOMENTS:
 ======================
 
 DIPOLE: (DEBYE)
 ------
 
                           <Dx>         <Dy>         <Dz>          |D|
           POSITRON  72.43976498   0.00000000   0.00000000
    Point charges:  579.51811981   0.00000000   0.00000000
                     ____________________________
      Total Dipole: 651.95788479   0.00000000   0.00000000 651.95788479
 
 QUADRUPOLE NON-TRACELESS: (DEBYE ANGS)
 ------
 
                           <xx>         <yy>         <zz>         <xy>         <xz>         <yz>
           POSITRON    0.00000000    0.00000000    0.00000000    0.00000000    0.00000000    0.00000000
    Point charges: 17480.06286397    0.00000000    0.00000000    0.00000000    0.00000000    0.00000000
  Total Quadrupole:17480.06286397    0.00000000    0.00000000    0.00000000    0.00000000    0.00000000
                     ____________________________
 
 END ELECTROSTATIC MOMENTS
 


 *****************************************************************************
                               *  Molden2AIM  *
                          Version 3.1.0,  02/25/2015
           It converts the format from MOLDEN to AIM-WFN and NBO-47
 *****************************************************************************


 The MOLDEN file only_posi_276.POSITRON.molden has been found.


 >>> Cartesian basis functions are used.

 >>> SUMMARY

     Number of atoms:                                 2
     Maximum angular momentum:                        2
     Number of primitive Cartesian functions:        68
     Number of contracted Cartesian functions:       68
     Number of primitive spherical functions:        64
     Number of contracted spherical functions:       64
     Number of orbitals to be printed:               68
 =============================================================================


  A new Molden file is generated successfully!
  File Name = only_posi_276.POSITRON_new.molden
 =============================================================================


  A WFN file is generated successfully!
  File Name = only_posi_276.POSITRON.wfn

  Please use
   AIM2000, AIMALL, AIMPAC, AIMPAC2, AIM-UC, CheckDen, DGrid, MORPHY,
   MultiWFN, PAMoC, ProMolden, TopChem, TopMoD, or XAIM

  to analyse the electron density distribution.
 =============================================================================
 --------------------------------------------------------
 WFNFILE                1
          FileName: only_posi_276.POSITRON.wfn       and .molden                                                        
 --------------------------------------------------------
 
 
** TOTAL CPU Time Outputs :      0.052 (s)
** TOTAL Elapsed Time Outputs :      0.047 (s)
 

  TOTAL CPU Time:      0.032 (s)
 TOTAL Wall Time:      0.185 (s)
  Elapsed Time:   0h  0m  0s 186ms
LOWDIN execution terminated normally at : Thu Oct 17 19:56:16 2024
-rw-rw-r-- 1 pmorenor pmorenor 2.1M oct 17 19:56 0POSITRON.ints
-rw-rw-r-- 1 pmorenor pmorenor 2.1M oct 17 19:56 1POSITRON.ints
-rw-rw-r-- 1 pmorenor pmorenor 2.1M oct 17 19:56 2POSITRON.ints
-rw-rw-r-- 1 pmorenor pmorenor 2.1M oct 17 19:56 3POSITRON.ints
-rw-rw-r-- 1 pmorenor pmorenor   69 oct 17 19:56 gepol.inp
-rw-rw-r-- 1 pmorenor pmorenor    0 oct 17 19:56 gepol.xyzr
-rw-rw-r-- 1 pmorenor pmorenor 5.4K oct 17 19:56 lowdin.bas
-rw-rw-r-- 1 pmorenor pmorenor  15K oct 17 19:56 lowdin.dat
-rw-rw-r-- 1 pmorenor pmorenor 473K oct 17 19:56 lowdin.opints
-rw-rw-r-- 1 pmorenor pmorenor  13K oct 17 19:56 lowdin.sys
-rw-rw-r-- 1 pmorenor pmorenor 364K oct 17 19:56 lowdin.wfn
-rw-rw-r-- 1 pmorenor pmorenor 1.7K oct 17 19:56 m2a.ini
-rw-rw-r-- 1 pmorenor pmorenor  418 oct 17 19:56 only_posi_276
-rw-rw-r-- 1 pmorenor pmorenor 1.4K oct 17 19:56 only_posi_276.aux
-rw-rw-r-- 1 pmorenor pmorenor  425 oct 17 19:56 only_posi_276.lowdin
-rw-rw-r-- 1 pmorenor pmorenor  28K oct 17 19:56 only_posi_276.out
-rw-rw-r-- 1 pmorenor pmorenor 105K oct 17 19:56 only_posi_276.POSITRON.molden
-rw-rw-r-- 1 pmorenor pmorenor 124K oct 17 19:56 only_posi_276.POSITRON_new.molden
-rw-rw-r-- 1 pmorenor pmorenor  81K oct 17 19:56 only_posi_276.POSITRON.wfn
-rw-rw-r-- 1 pmorenor pmorenor  37K oct 17 19:56 only_posi_276.vec
