Begin job by input: only_posi_197.lowdin, for user: pmorenor  at  jue 17 oct 2024 19:55:04 -05
under operating system Linux Hefesto 5.4.0-196-generic #216-Ubuntu SMP Thu Aug 29 13:26:53 UTC 2024 x86_64 x86_64 x86_64 GNU/Linux
Compilation information
  commit: f2cffef7078af1231fe3319081e66b682883a80b
  compilation date:  mar 06 feb 2024 16:53:31 -05

BEGIN INPUT INFO:
------------------------------------

GEOMETRY
	E+ GRIBAKIN-10S4P2D        0  0  0.00
	E+ GRIBAKIN-10S4P2D	   41.2 0 0 addParticles=-1
	Be Dirac	0 0 0
	Be Dirac	41.2 0 0
END GEOMETRY

TASKS
        method = "RHF"
END TASKS

EXTERPOTENTIAL
	E+ T204
END EXTERPOTENTIAL

OUTPUTS
	wfnFile
END OUTPUTS


CONTROL
	units="BOHR"
	convergenceMethod=1
	overlapEigenThreshold=1E-6
	SCFGhostSpecies="POSITRON"
	HFprintEigenvalues=T
	totalEnergyTolerance = 1E-9
END CONTROL


... END INPUT INFO


 LOWDIN execution started at : Thu Oct 17 19:55:04 2024
 ---------------------------------------------------------------
 
 ***************************************************************
 *                   LOWDIN 2.0  (May/2013)                    *
 *                                                             *
 *  R. FLORES-MORENO, E. F. POSADA, F. S. MONCADA, J.ROMERO,   *
 *  J. CHARRY, M. DIAZ-TINOCO, S. A. GONZALEZ, N. F. AGUIRRE,  *
 *  A. REYES                                                   *
 *                                                             *
 *  https://sites.google.com/site/lowdinproject/               *
 *                                                             *
 ***************************************************************
 
 PARSING INPUT... DONE!
 
 LOWDIN IS RUNNING WITH NEXT PARAMETERS: 
 ----------------------------------------
 
         METHOD TYPE:  RHF
         NUMBER OF CORES:     4
         NONELECTRONIC DENSITY GUESS: HCORE
         ELECTRONIC DENSITY GUESS: HCORE
         CRITERIUM OF CONVERGENCE: ENERGY
         NONELECTRONIC ENERGY TOLERANCE IN SCFs:     0.10000E-07
         ELECTRONIC ENERGY TOLERANCE IN SCFs:     0.10000E-07
         TOTAL ENERGY TOLERANCE IN SCFs:     0.10000E-08
         SCHEME OF ITERATION: GLOBAL ITERATIONS
         SCF MAX. SUBITERATIONS - NONELECTRONS :     1
         SCF MAX. SUBITERATIONS - ELECTRONS :     1
         SCF MAX. ITERATIONS - INTERSPECIES :   200
         INTEGRAL STORAGE: DISK
         STACK SIZE FOR ERIS : 30000
         METHOD OF SCF CONVERGENCE: DAMPING
 
  MOLECULAR SYSTEM: only_posi_197
 -----------------
 
    DESCRIPTION   : only_posi_197
    CHARGE        :  10
    PUNTUAL GROUP : NONE
 
 
  INFORMATION OF PARTICLES :
 =========================
         Total number of particles   =       3
         Number of quantum particles =       1
         Number of puntual charges   =       2
         Number of quantum species   =       1
 
                 INFORMATION OF QUANTUM SPECIES 
     ---------------------------------------------------------------------
         ID      Symbol            mass     charge     spin     multiplicity
     ---------------------------------------------------------------------
         1             E+         1.0000      1.00      0.50      1.00
 
                   CONSTANTS OF COUPLING 
      ------------------------------------------------------------
           Symbol          kappa      eta     lambda     occupation
      ------------------------------------------------------------
                 E+        -1.0      1.00      1.00      1.00
 
                   BASIS SET FOR SPECIES 
      ------------------------------------------------------------
           Symbol          N. Basis     N. Particles     Basis Set
      ------------------------------------------------------------
                 E+           32                1     GRIBAKIN-1
 
                                ATOMIC BASIS
         ------------------------------------------------------------
          PRIMITIVE   SHELL             EXPONENT         COEFFICIENT 
         ------------------------------------------------------------
 
    BEGIN DESCRIPTION OF BASIS FOR:    E+
    ==============================
 
 
            E+ BASIS SET:GRIBAKIN-10S4P2
             1         S                0.00010000          1.00000000
             1         S                0.00030000          1.00000000
             1         S                0.00090000          1.00000000
             1         S                0.00270000          1.00000000
             1         S                0.00810000          1.00000000
             1         S                0.02430000          1.00000000
             1         S                0.07290000          1.00000000
             1         S                0.21870000          1.00000000
             1         S                0.65610000          1.00000000
             1         S                1.96830000          1.00000000
             1         P                0.00010000          1.00000000
             1         P                0.00030000          1.00000000
             1         P                0.00090000          1.00000000
             1         P                0.00270000          1.00000000
             1         D                0.00010000          1.00000000
             1         D                0.00030000          1.00000000
 
            E+ BASIS SET:GRIBAKIN-10S4P2
             1         S                0.00010000          1.00000000
             1         S                0.00030000          1.00000000
             1         S                0.00090000          1.00000000
             1         S                0.00270000          1.00000000
             1         S                0.00810000          1.00000000
             1         S                0.02430000          1.00000000
             1         S                0.07290000          1.00000000
             1         S                0.21870000          1.00000000
             1         S                0.65610000          1.00000000
             1         S                1.96830000          1.00000000
             1         P                0.00010000          1.00000000
             1         P                0.00030000          1.00000000
             1         P                0.00090000          1.00000000
             1         P                0.00270000          1.00000000
             1         D                0.00010000          1.00000000
             1         D                0.00030000          1.00000000
    ... END DESCRIPTION OF BASIS
 
 
  END INFORMATION OF PARTICLES
 
 
  INFORMATION OF THE QUANTUM SYSTEM 
     ---------------------------------------------------------------------
                 ID     Occupied Orbitals     Basis size
     ---------------------------------------------------------------------
                 E+            1               68
 
  END INFORMATION OF QUANTUM SYSTEM
 
 
  INFORMATION OF EXTERNAL POTENTIALS 
 
 =======
 External Potential for E+ : T204
 Type : 
                     Exponent         l       R_x       R_y       R_z              Factor
                46.4142090600         0   0.00000   0.00000   0.00000       -0.4538438220
                12.8200915000         0   0.00000   0.00000   0.00000       -1.4417258300
                 0.6509542200         0   0.00000   0.00000   0.00000     -181.3764690000
                 0.1411467600         0   0.00000   0.00000   0.00000       -1.9128095300
                 3.9201797200         0   0.00000   0.00000   0.00000       -2.3617162900
                 0.6465474500         0   0.00000   0.00000   0.00000      180.3049600000
                 0.0261865800         0   0.00000   0.00000   0.00000       -0.6554562580
                 0.0003126400         0   0.00000   0.00000   0.00000       -0.1672392340
                 0.0042413400         0   0.00000   0.00000   0.00000       -0.2892373690
                46.4142090600         0  41.20000   0.00000   0.00000       -0.4538438220
                12.8200915000         0  41.20000   0.00000   0.00000       -1.4417258300
                 0.6509542200         0  41.20000   0.00000   0.00000     -181.3764690000
                 0.1411467600         0  41.20000   0.00000   0.00000       -1.9128095300
                 3.9201797200         0  41.20000   0.00000   0.00000       -2.3617162900
                 0.6465474500         0  41.20000   0.00000   0.00000      180.3049600000
                 0.0261865800         0  41.20000   0.00000   0.00000       -0.6554562580
                 0.0003126400         0  41.20000   0.00000   0.00000       -0.1672392340
                 0.0042413400         0  41.20000   0.00000   0.00000       -0.2892373690
 
  END INFORMATION OF EXTERNAL POTENTIALS
 
                       INITIAL GEOMETRY: AMSTRONG
                 -----------------------------------
                       <x>                 <y>                 <z>
        E+        0.0000000000        0.0000000000        0.0000000000
        E+       21.8021026687        0.0000000000        0.0000000000
        BE        0.0000000000        0.0000000000        0.0000000000
        BE       21.8021026687        0.0000000000        0.0000000000
 
                     MATRIX OF DISTANCE: ANGSTROM
                 -----------------------------------
                          BE(1)          BE(2)     
 
        BE(1)            0.000000      21.802103
        BE(2)           21.802103       0.000000
 
--------------------------------------------------------------------------------
** PROGRAM: SCF (Hartree Fock).     Author: S.A. Gonzalez, E. Posada, F. Moncada
--------------------------------------------------------------------------------
INFO: RUNNING IN RHF MODE.
 
----------------------------------------------------------------------
** PROGRAM INTS                          Author: E. F. Posada, 2013   
----------------------------------------------------------------------
INFO: RUNNING IN ONE_PARTICLE MODE.
 
 Number of Overlap integrals for species POSITRON:   4624
 Number of Kinetic integrals for species POSITRON:   4624
 Number of Nuclear integrals for species POSITRON:   4624
 Number of Moment integrals for species POSITRON:  13872
 Number of 3C Overlap integrals for species POSITRON:   4624
 
** TOTAL CPU Time INTS :      0.056 (s)
** TOTAL Elapsed Time INTS :      0.051 (s)
 
Removed     1 orbitals for species POSITRON with overlap eigen threshold of 1.000E-06
 Combination coefficients for POSITRON were read from only_posi_197.vec
     number of   POSITRON     particles in guess density matrix:     1.000000
 Number of unique integrals for species: 1 = 290746
 
 TWO-BODY INTEGRAL SETUP: 
------------------------- 
 Storage:   DISK
 Scheme: LIBINT
 Stack size:  30000
 
 LIBINT library, Fermann, J. T.; Valeev, F. L. 2010                   
 LOWDIN-LIBINT Implementation V. 2.1  Posada E. F. ; Reyes A. 2016   
 ----------------------------------------------------------------------

*** TOTAL CPU time intra-species integrals :      0.080 (s)
*** TOTAL elapsed time intra-species integrals :      0.022 (s)

INFO: RUNNING SCHEME SIMULTANEOUS
 
 Begin Multi-Species SCF calculation:
 
 --------------------------------------------------------------------------------------------------
      Iteration                   Energy            Energy Change           Density Change
 --------------------------------------------------------------------------------------------------
              1           0.390765950991          -0.390765950991          17.268160385959
              2           0.384950030588           0.005815920403           0.000000000000
              3           0.384950030588           0.000000000000           0.000000000000
 Total energy converged after   3 global iterations                                                  
 
 ...end Multi-Species SCF calculation
 
 
 Begin SCF calculation by: POSITRON
 -------------------------
 
 -----------------------------------------------------------------------------------
 Iteration                   Energy           Density Change         DIIS Error 
 -----------------------------------------------------------------------------------
    1          -0.745424296216           0.000000000000                 -- 
    2          -0.745424296216           0.000000000000                 -- 
 
 ... end SCF calculation
 
  EIGENVALUES AND EIGENVECTORS: 
 ==============================
 
 
  Eigenvalues for: POSITRON
 -----------------
 
    1          -0.003399483976
    2          -0.003150660588
    3           0.004368120411
    4           0.007527355920
    5           0.007527355920
    6           0.009796428254
    7           0.009796428254
    8           0.009951555645
    9           0.010289742885
   10           0.014689199242
   11           0.014689199242
   12           0.015667497148
   13           0.015930362959
   14           0.018978547937
   15           0.021232836161
   16           0.021232836161
   17           0.026575378480
   18           0.028314551077
   19           0.030110558195
   20           0.038753460896
   21           0.040538329354
   22           0.040538329354
   23           0.042182588760
   24           0.043159763088
   25           0.043483395683
   26           0.043483395683
   27           0.044536925552
   28           0.045238106523
   29           0.045238106523
   30           0.047027043222
   31           0.047027043222
   32           0.047692774311
   33           0.047692774311
   34           0.048451716510
   35           0.049141873601
   36           0.050414419509
   37           0.050414419509
   38           0.051691139551
   39           0.053362537696
   40           0.053362537696
   41           0.053389122880
   42           0.054386721823
   43           0.054386721823
   44           0.054657959167
   45           0.054893105285
   46           0.055653998885
   47           0.055667984516
   48           0.055667984516
   49           0.055878415441
   50           0.055878415441
   51           0.056946440114
   52           0.057815030403
   53           0.057815030403
   54           0.058704421200
   55           0.058704421200
   56           0.058757222269
   57           0.059652416387
   58           0.061648045074
   59           0.061961469120
   60           0.191802355515
   61           0.192333193487
   62           0.853481230699
   63           0.853980312588
   64           2.939611442825
   65           2.940036170374
   66          10.800950061955
   67          10.801386173898
   68     1000000.000000000000
 
  end of eigenvalues 
 
  Occupied Eigenvectors for: POSITRON
 --------------------------- 
 
                          -0.0034   
 
    1     E+     S       0.013624
    2     E+     S       0.001279
    3     E+     S      -0.026125
    4     E+     S      -0.194812
    5     E+     S      -0.301254
    6     E+     S      -0.197899
    7     E+     S      -0.122309
    8     E+     S       0.098870
    9     E+     S       0.006774
   10     E+     S      -0.000096
   11     E+    Px      -0.039320
   12     E+    Py       0.000000
   13     E+    Pz       0.000000
   14     E+    Px       0.008075
   15     E+    Py      -0.000000
   16     E+    Pz       0.000000
   17     E+    Px      -0.015030
   18     E+    Py       0.000000
   19     E+    Pz       0.000000
   20     E+    Px      -0.062445
   21     E+    Py      -0.000000
   22     E+    Pz      -0.000000
   23     E+   Dxx      -0.013661
   24     E+   Dxy       0.000000
   25     E+   Dxz       0.000000
   26     E+   Dyy       0.000370
   27     E+   Dyz       0.000000
   28     E+   Dzz       0.000370
   29     E+   Dxx       0.002036
   30     E+   Dxy      -0.000000
   31     E+   Dxz       0.000000
   32     E+   Dyy       0.000724
   33     E+   Dyz      -0.000000
   34     E+   Dzz       0.000724
   35     E+     S       0.013624
   36     E+     S       0.001279
   37     E+     S      -0.026125
   38     E+     S      -0.194812
   39     E+     S      -0.301254
   40     E+     S      -0.197899
   41     E+     S      -0.122309
   42     E+     S       0.098870
   43     E+     S       0.006774
   44     E+     S      -0.000096
   45     E+    Px       0.039320
   46     E+    Py      -0.000000
   47     E+    Pz      -0.000000
   48     E+    Px      -0.008075
   49     E+    Py       0.000000
   50     E+    Pz      -0.000000
   51     E+    Px       0.015030
   52     E+    Py      -0.000000
   53     E+    Pz      -0.000000
   54     E+    Px       0.062445
   55     E+    Py       0.000000
   56     E+    Pz       0.000000
   57     E+   Dxx      -0.013661
   58     E+   Dxy       0.000000
   59     E+   Dxz       0.000000
   60     E+   Dyy       0.000370
   61     E+   Dyz      -0.000000
   62     E+   Dzz       0.000370
   63     E+   Dxx       0.002036
   64     E+   Dxy      -0.000000
   65     E+   Dxz       0.000000
   66     E+   Dyy       0.000724
   67     E+   Dyz       0.000000
   68     E+   Dzz       0.000724
 
 
  end of eigenvectors 
 
  END OF EIGENVALUES AND EIGENVECTORS
 
 
  COMPONENTS OF KINETIC ENERGY: 
 -----------------------------
 
            POSITRON Kinetic energy =            0.017482503564
                                     _________________________
               Total kinetic energy =            0.017482503564
 
  COMPONENTS OF POTENTIAL ENERGY: 
 -------------------------------
 
          Fixed potential energy    =            0.388349514563
 
  Quantum/Fixed interaction energy: 
 ----------------------------------
 
    POSITRON/Fixed interact. energy =            0.721142824700
                                     _________________________
               Total Q/Fixed energy =            0.721142824700
 
  Coulomb energy: 
 ------------------
 
   POSITRON/POSITRON Hartree energy =            0.000000000000
                                     _________________________
               Total Hartree energy =            0.000000000000
 
  Exchange(HF) energy: 
 ----------------------
 
           POSITRON Exchange energy =            0.000000000000
                                     _________________________
              Total Exchange energy =            0.000000000000
 
  External Potential energy: 
 ----------------------------
 
            POSITRON Ext Pot energy =           -0.742024812240
                                     _________________________
    Total External Potential energy =           -0.742024812240
 
  TOTAL ENERGY COMPONENTS: 
 ==========================
 
          TOTAL KINETIC ENERGY      =            0.017482503564
          TOTAL POTENTIAL ENERGY    =            0.367467527023
                                     _________________________
                       TOTAL ENERGY =            0.384950030588
 
                 VIRIAL RATIO (V/T) =          -21.019159279678
 
 
  END ENERGY COMPONENTS
 
 
** TOTAL CPU Time SCF :      0.008 (s)
** TOTAL Elapsed Time SCF :      0.088 (s)
 
 We are calculating properties for POSITRON in the HF/KS ground state
 
  POPULATION ANALYSES: 
 ====================
 
 MULLIKEN Population: for POSITRON  
 ---------------------
 
                                    
 
    1     E+     S      -0.002448
    2     E+     S      -0.000432
    3     E+     S       0.013204
    4     E+     S       0.120971
    5     E+     S       0.204723
    6     E+     S       0.117544
    7     E+     S       0.047464
    8     E+     S      -0.017460
    9     E+     S      -0.000380
   10     E+     S       0.000001
   11     E+    Px       0.002682
   12     E+    Py       0.000000
   13     E+    Pz       0.000000
   14     E+    Px      -0.001517
   15     E+    Py      -0.000000
   16     E+    Pz      -0.000000
   17     E+    Px       0.004380
   18     E+    Py       0.000000
   19     E+    Pz       0.000000
   20     E+    Px       0.011185
   21     E+    Py      -0.000000
   22     E+    Pz      -0.000000
   23     E+   Dxx       0.000426
   24     E+   Dxy      -0.000000
   25     E+   Dxz      -0.000000
   26     E+   Dyy      -0.000002
   27     E+   Dyz       0.000000
   28     E+   Dzz      -0.000002
   29     E+   Dxx      -0.000295
   30     E+   Dxy       0.000000
   31     E+   Dxz       0.000000
   32     E+   Dyy      -0.000023
   33     E+   Dyz       0.000000
   34     E+   Dzz      -0.000023
   35     E+     S      -0.002448
   36     E+     S      -0.000432
   37     E+     S       0.013204
   38     E+     S       0.120971
   39     E+     S       0.204723
   40     E+     S       0.117544
   41     E+     S       0.047464
   42     E+     S      -0.017460
   43     E+     S      -0.000380
   44     E+     S       0.000001
   45     E+    Px       0.002682
   46     E+    Py       0.000000
   47     E+    Pz       0.000000
   48     E+    Px      -0.001517
   49     E+    Py      -0.000000
   50     E+    Pz      -0.000000
   51     E+    Px       0.004380
   52     E+    Py      -0.000000
   53     E+    Pz      -0.000000
   54     E+    Px       0.011185
   55     E+    Py       0.000000
   56     E+    Pz       0.000000
   57     E+   Dxx       0.000426
   58     E+   Dxy      -0.000000
   59     E+   Dxz      -0.000000
   60     E+   Dyy      -0.000002
   61     E+   Dyz      -0.000000
   62     E+   Dzz      -0.000002
   63     E+   Dxx      -0.000295
   64     E+   Dxy       0.000000
   65     E+   Dxz       0.000000
   66     E+   Dyy      -0.000023
   67     E+   Dyz       0.000000
   68     E+   Dzz      -0.000023
 
                           __________
              Total =        1.000000
 
  Atomic MULLIKEN Population: for POSITRON  
            BE               0.500000
            BE               0.500000
 
 ...end of MULLIKEN Population
 
 
 END POPULATION ANALYSES 
 
 
  POPULATION ANALYSES: 
 ====================
 
 LOWDIN Population: for POSITRON  
 ---------------------
 
                                    
 
    1     E+     S       0.001508
    2     E+     S       0.007438
    3     E+     S       0.033593
    4     E+     S       0.104803
    5     E+     S       0.170495
    6     E+     S       0.122033
    7     E+     S       0.035810
    8     E+     S       0.000613
    9     E+     S       0.000170
   10     E+     S       0.000021
   11     E+    Px       0.000282
   12     E+    Py       0.000000
   13     E+    Pz       0.000000
   14     E+    Px       0.002614
   15     E+    Py       0.000000
   16     E+    Pz       0.000000
   17     E+    Px       0.011749
   18     E+    Py       0.000000
   19     E+    Pz       0.000000
   20     E+    Px       0.007491
   21     E+    Py       0.000000
   22     E+    Pz       0.000000
   23     E+   Dxx       0.000010
   24     E+   Dxy       0.000000
   25     E+   Dxz       0.000000
   26     E+   Dyy       0.000006
   27     E+   Dyz       0.000000
   28     E+   Dzz       0.000006
   29     E+   Dxx       0.001044
   30     E+   Dxy       0.000000
   31     E+   Dxz       0.000000
   32     E+   Dyy       0.000157
   33     E+   Dyz       0.000000
   34     E+   Dzz       0.000157
   35     E+     S       0.001508
   36     E+     S       0.007438
   37     E+     S       0.033593
   38     E+     S       0.104803
   39     E+     S       0.170495
   40     E+     S       0.122033
   41     E+     S       0.035810
   42     E+     S       0.000613
   43     E+     S       0.000170
   44     E+     S       0.000021
   45     E+    Px       0.000282
   46     E+    Py       0.000000
   47     E+    Pz       0.000000
   48     E+    Px       0.002614
   49     E+    Py       0.000000
   50     E+    Pz       0.000000
   51     E+    Px       0.011749
   52     E+    Py       0.000000
   53     E+    Pz       0.000000
   54     E+    Px       0.007491
   55     E+    Py       0.000000
   56     E+    Pz       0.000000
   57     E+   Dxx       0.000010
   58     E+   Dxy       0.000000
   59     E+   Dxz       0.000000
   60     E+   Dyy       0.000006
   61     E+   Dyz      -0.000000
   62     E+   Dzz       0.000006
   63     E+   Dxx       0.001044
   64     E+   Dxy       0.000000
   65     E+   Dxz       0.000000
   66     E+   Dyy       0.000157
   67     E+   Dyz       0.000000
   68     E+   Dzz       0.000157
 
                           __________
              Total =        1.000000
 
  Atomic LOWDIN Population: for POSITRON  
            BE               0.500000
            BE               0.500000
 
 ...end of LOWDIN Population
 
 
 END POPULATION ANALYSES 
 
 
  EXPECTED POSITIONS OF QUANTUM SPECIES:
 ======================
 
 POSITIONS IN ANGSTROMS
 ------
 
                        <x>      <y>      <z>         
           POSITRON  10.9011  -0.0000  -0.0000
 
 END EXPECTED POSITIONS
 
 
  ELECTROSTATIC MOMENTS:
 ======================
 
 DIPOLE: (DEBYE)
 ------
 
                           <Dx>         <Dy>         <Dz>          |D|
           POSITRON  52.35997047  -0.00000000  -0.00000000
    Point charges:  418.87976379   0.00000000   0.00000000
                     ____________________________
      Total Dipole: 471.23973427  -0.00000000  -0.00000000 471.23973427
 
 QUADRUPOLE NON-TRACELESS: (DEBYE ANGS)
 ------
 
                           <xx>         <yy>         <zz>         <xy>         <xz>         <yz>
           POSITRON    0.00000000    0.00000000    0.00000000    0.00000000    0.00000000    0.00000000
    Point charges:  9132.45857427    0.00000000    0.00000000    0.00000000    0.00000000    0.00000000
  Total Quadrupole: 9132.45857427    0.00000000    0.00000000    0.00000000    0.00000000    0.00000000
                     ____________________________
 
 END ELECTROSTATIC MOMENTS
 


 *****************************************************************************
                               *  Molden2AIM  *
                          Version 3.1.0,  02/25/2015
           It converts the format from MOLDEN to AIM-WFN and NBO-47
 *****************************************************************************


 The MOLDEN file only_posi_197.POSITRON.molden has been found.


 >>> Cartesian basis functions are used.

 >>> SUMMARY

     Number of atoms:                                 2
     Maximum angular momentum:                        2
     Number of primitive Cartesian functions:        68
     Number of contracted Cartesian functions:       68
     Number of primitive spherical functions:        64
     Number of contracted spherical functions:       64
     Number of orbitals to be printed:               68
 =============================================================================


  A new Molden file is generated successfully!
  File Name = only_posi_197.POSITRON_new.molden
 =============================================================================


  A WFN file is generated successfully!
  File Name = only_posi_197.POSITRON.wfn

  Please use
   AIM2000, AIMALL, AIMPAC, AIMPAC2, AIM-UC, CheckDen, DGrid, MORPHY,
   MultiWFN, PAMoC, ProMolden, TopChem, TopMoD, or XAIM

  to analyse the electron density distribution.
 =============================================================================
 --------------------------------------------------------
 WFNFILE                1
          FileName: only_posi_197.POSITRON.wfn       and .molden                                                        
 --------------------------------------------------------
 
 
** TOTAL CPU Time Outputs :      0.050 (s)
** TOTAL Elapsed Time Outputs :      0.046 (s)
 

  TOTAL CPU Time:      0.031 (s)
 TOTAL Wall Time:      0.178 (s)
  Elapsed Time:   0h  0m  0s 178ms
LOWDIN execution terminated normally at : Thu Oct 17 19:55:04 2024
-rw-rw-r-- 1 pmorenor pmorenor 2.1M oct 17 19:55 0POSITRON.ints
-rw-rw-r-- 1 pmorenor pmorenor 2.1M oct 17 19:55 1POSITRON.ints
-rw-rw-r-- 1 pmorenor pmorenor 2.1M oct 17 19:55 2POSITRON.ints
-rw-rw-r-- 1 pmorenor pmorenor 2.1M oct 17 19:55 3POSITRON.ints
-rw-rw-r-- 1 pmorenor pmorenor   69 oct 17 19:55 gepol.inp
-rw-rw-r-- 1 pmorenor pmorenor    0 oct 17 19:55 gepol.xyzr
-rw-rw-r-- 1 pmorenor pmorenor 5.4K oct 17 19:55 lowdin.bas
-rw-rw-r-- 1 pmorenor pmorenor  15K oct 17 19:55 lowdin.dat
-rw-rw-r-- 1 pmorenor pmorenor 473K oct 17 19:55 lowdin.opints
-rw-rw-r-- 1 pmorenor pmorenor  13K oct 17 19:55 lowdin.sys
-rw-rw-r-- 1 pmorenor pmorenor 364K oct 17 19:55 lowdin.wfn
-rw-rw-r-- 1 pmorenor pmorenor 1.7K oct 17 19:55 m2a.ini
-rw-rw-r-- 1 pmorenor pmorenor  418 oct 17 19:55 only_posi_197
-rw-rw-r-- 1 pmorenor pmorenor 1.4K oct 17 19:55 only_posi_197.aux
-rw-rw-r-- 1 pmorenor pmorenor  425 oct 17 19:55 only_posi_197.lowdin
-rw-rw-r-- 1 pmorenor pmorenor  28K oct 17 19:55 only_posi_197.out
-rw-rw-r-- 1 pmorenor pmorenor 105K oct 17 19:55 only_posi_197.POSITRON.molden
-rw-rw-r-- 1 pmorenor pmorenor 124K oct 17 19:55 only_posi_197.POSITRON_new.molden
-rw-rw-r-- 1 pmorenor pmorenor  81K oct 17 19:55 only_posi_197.POSITRON.wfn
-rw-rw-r-- 1 pmorenor pmorenor  37K oct 17 19:55 only_posi_197.vec
