Begin job by input: only_posi_179.lowdin, for user: pmorenor  at  jue 17 oct 2024 19:54:48 -05
under operating system Linux Hefesto 5.4.0-196-generic #216-Ubuntu SMP Thu Aug 29 13:26:53 UTC 2024 x86_64 x86_64 x86_64 GNU/Linux
Compilation information
  commit: f2cffef7078af1231fe3319081e66b682883a80b
  compilation date:  mar 06 feb 2024 16:53:31 -05

BEGIN INPUT INFO:
------------------------------------

GEOMETRY
	E+ GRIBAKIN-10S4P2D        0  0  0.00
	E+ GRIBAKIN-10S4P2D	   37.6 0 0 addParticles=-1
	Be Dirac	0 0 0
	Be Dirac	37.6 0 0
END GEOMETRY

TASKS
        method = "RHF"
END TASKS

EXTERPOTENTIAL
	E+ T186
END EXTERPOTENTIAL

OUTPUTS
	wfnFile
END OUTPUTS


CONTROL
	units="BOHR"
	convergenceMethod=1
	overlapEigenThreshold=1E-6
	SCFGhostSpecies="POSITRON"
	HFprintEigenvalues=T
	totalEnergyTolerance = 1E-9
END CONTROL


... END INPUT INFO


 LOWDIN execution started at : Thu Oct 17 19:54:48 2024
 ---------------------------------------------------------------
 
 ***************************************************************
 *                   LOWDIN 2.0  (May/2013)                    *
 *                                                             *
 *  R. FLORES-MORENO, E. F. POSADA, F. S. MONCADA, J.ROMERO,   *
 *  J. CHARRY, M. DIAZ-TINOCO, S. A. GONZALEZ, N. F. AGUIRRE,  *
 *  A. REYES                                                   *
 *                                                             *
 *  https://sites.google.com/site/lowdinproject/               *
 *                                                             *
 ***************************************************************
 
 PARSING INPUT... DONE!
 
 LOWDIN IS RUNNING WITH NEXT PARAMETERS: 
 ----------------------------------------
 
         METHOD TYPE:  RHF
         NUMBER OF CORES:     4
         NONELECTRONIC DENSITY GUESS: HCORE
         ELECTRONIC DENSITY GUESS: HCORE
         CRITERIUM OF CONVERGENCE: ENERGY
         NONELECTRONIC ENERGY TOLERANCE IN SCFs:     0.10000E-07
         ELECTRONIC ENERGY TOLERANCE IN SCFs:     0.10000E-07
         TOTAL ENERGY TOLERANCE IN SCFs:     0.10000E-08
         SCHEME OF ITERATION: GLOBAL ITERATIONS
         SCF MAX. SUBITERATIONS - NONELECTRONS :     1
         SCF MAX. SUBITERATIONS - ELECTRONS :     1
         SCF MAX. ITERATIONS - INTERSPECIES :   200
         INTEGRAL STORAGE: DISK
         STACK SIZE FOR ERIS : 30000
         METHOD OF SCF CONVERGENCE: DAMPING
 
  MOLECULAR SYSTEM: only_posi_179
 -----------------
 
    DESCRIPTION   : only_posi_179
    CHARGE        :  10
    PUNTUAL GROUP : NONE
 
 
  INFORMATION OF PARTICLES :
 =========================
         Total number of particles   =       3
         Number of quantum particles =       1
         Number of puntual charges   =       2
         Number of quantum species   =       1
 
                 INFORMATION OF QUANTUM SPECIES 
     ---------------------------------------------------------------------
         ID      Symbol            mass     charge     spin     multiplicity
     ---------------------------------------------------------------------
         1             E+         1.0000      1.00      0.50      1.00
 
                   CONSTANTS OF COUPLING 
      ------------------------------------------------------------
           Symbol          kappa      eta     lambda     occupation
      ------------------------------------------------------------
                 E+        -1.0      1.00      1.00      1.00
 
                   BASIS SET FOR SPECIES 
      ------------------------------------------------------------
           Symbol          N. Basis     N. Particles     Basis Set
      ------------------------------------------------------------
                 E+           32                1     GRIBAKIN-1
 
                                ATOMIC BASIS
         ------------------------------------------------------------
          PRIMITIVE   SHELL             EXPONENT         COEFFICIENT 
         ------------------------------------------------------------
 
    BEGIN DESCRIPTION OF BASIS FOR:    E+
    ==============================
 
 
            E+ BASIS SET:GRIBAKIN-10S4P2
             1         S                0.00010000          1.00000000
             1         S                0.00030000          1.00000000
             1         S                0.00090000          1.00000000
             1         S                0.00270000          1.00000000
             1         S                0.00810000          1.00000000
             1         S                0.02430000          1.00000000
             1         S                0.07290000          1.00000000
             1         S                0.21870000          1.00000000
             1         S                0.65610000          1.00000000
             1         S                1.96830000          1.00000000
             1         P                0.00010000          1.00000000
             1         P                0.00030000          1.00000000
             1         P                0.00090000          1.00000000
             1         P                0.00270000          1.00000000
             1         D                0.00010000          1.00000000
             1         D                0.00030000          1.00000000
 
            E+ BASIS SET:GRIBAKIN-10S4P2
             1         S                0.00010000          1.00000000
             1         S                0.00030000          1.00000000
             1         S                0.00090000          1.00000000
             1         S                0.00270000          1.00000000
             1         S                0.00810000          1.00000000
             1         S                0.02430000          1.00000000
             1         S                0.07290000          1.00000000
             1         S                0.21870000          1.00000000
             1         S                0.65610000          1.00000000
             1         S                1.96830000          1.00000000
             1         P                0.00010000          1.00000000
             1         P                0.00030000          1.00000000
             1         P                0.00090000          1.00000000
             1         P                0.00270000          1.00000000
             1         D                0.00010000          1.00000000
             1         D                0.00030000          1.00000000
    ... END DESCRIPTION OF BASIS
 
 
  END INFORMATION OF PARTICLES
 
 
  INFORMATION OF THE QUANTUM SYSTEM 
     ---------------------------------------------------------------------
                 ID     Occupied Orbitals     Basis size
     ---------------------------------------------------------------------
                 E+            1               68
 
  END INFORMATION OF QUANTUM SYSTEM
 
 
  INFORMATION OF EXTERNAL POTENTIALS 
 
 =======
 External Potential for E+ : T186
 Type : 
                     Exponent         l       R_x       R_y       R_z              Factor
                46.4142090600         0   0.00000   0.00000   0.00000       -0.4538438220
                12.8200915000         0   0.00000   0.00000   0.00000       -1.4417258300
                 0.6509542200         0   0.00000   0.00000   0.00000     -181.3764690000
                 0.1411467600         0   0.00000   0.00000   0.00000       -1.9128095300
                 3.9201797200         0   0.00000   0.00000   0.00000       -2.3617162900
                 0.6465474500         0   0.00000   0.00000   0.00000      180.3049600000
                 0.0261865800         0   0.00000   0.00000   0.00000       -0.6554562580
                 0.0003126400         0   0.00000   0.00000   0.00000       -0.1672392340
                 0.0042413400         0   0.00000   0.00000   0.00000       -0.2892373690
                46.4142090600         0  37.60000   0.00000   0.00000       -0.4538438220
                12.8200915000         0  37.60000   0.00000   0.00000       -1.4417258300
                 0.6509542200         0  37.60000   0.00000   0.00000     -181.3764690000
                 0.1411467600         0  37.60000   0.00000   0.00000       -1.9128095300
                 3.9201797200         0  37.60000   0.00000   0.00000       -2.3617162900
                 0.6465474500         0  37.60000   0.00000   0.00000      180.3049600000
                 0.0261865800         0  37.60000   0.00000   0.00000       -0.6554562580
                 0.0003126400         0  37.60000   0.00000   0.00000       -0.1672392340
                 0.0042413400         0  37.60000   0.00000   0.00000       -0.2892373690
 
  END INFORMATION OF EXTERNAL POTENTIALS
 
                       INITIAL GEOMETRY: AMSTRONG
                 -----------------------------------
                       <x>                 <y>                 <z>
        E+        0.0000000000        0.0000000000        0.0000000000
        E+       19.8970645714        0.0000000000        0.0000000000
        BE        0.0000000000        0.0000000000        0.0000000000
        BE       19.8970645714        0.0000000000        0.0000000000
 
                     MATRIX OF DISTANCE: ANGSTROM
                 -----------------------------------
                          BE(1)          BE(2)     
 
        BE(1)            0.000000      19.897065
        BE(2)           19.897065       0.000000
 
--------------------------------------------------------------------------------
** PROGRAM: SCF (Hartree Fock).     Author: S.A. Gonzalez, E. Posada, F. Moncada
--------------------------------------------------------------------------------
INFO: RUNNING IN RHF MODE.
 
----------------------------------------------------------------------
** PROGRAM INTS                          Author: E. F. Posada, 2013   
----------------------------------------------------------------------
INFO: RUNNING IN ONE_PARTICLE MODE.
 
 Number of Overlap integrals for species POSITRON:   4624
 Number of Kinetic integrals for species POSITRON:   4624
 Number of Nuclear integrals for species POSITRON:   4624
 Number of Moment integrals for species POSITRON:  13872
 Number of 3C Overlap integrals for species POSITRON:   4624
 
** TOTAL CPU Time INTS :      0.061 (s)
** TOTAL Elapsed Time INTS :      0.052 (s)
 
Removed     2 orbitals for species POSITRON with overlap eigen threshold of 1.000E-06
 Combination coefficients for POSITRON were read from only_posi_179.vec
     number of   POSITRON     particles in guess density matrix:     1.000000
 Number of unique integrals for species: 1 = 296997
 
 TWO-BODY INTEGRAL SETUP: 
------------------------- 
 Storage:   DISK
 Scheme: LIBINT
 Stack size:  30000
 
 LIBINT library, Fermann, J. T.; Valeev, F. L. 2010                   
 LOWDIN-LIBINT Implementation V. 2.1  Posada E. F. ; Reyes A. 2016   
 ----------------------------------------------------------------------

*** TOTAL CPU time intra-species integrals :      0.079 (s)
*** TOTAL elapsed time intra-species integrals :      0.022 (s)

INFO: RUNNING SCHEME SIMULTANEOUS
 
 Begin Multi-Species SCF calculation:
 
 --------------------------------------------------------------------------------------------------
      Iteration                   Energy            Energy Change           Density Change
 --------------------------------------------------------------------------------------------------
              1           0.428029258246          -0.428029258246           0.132312027511
              2           0.421651328748           0.006377929499           0.000000000000
              3           0.421651328748           0.000000000000           0.000000000000
 Total energy converged after   3 global iterations                                                  
 
 ...end Multi-Species SCF calculation
 
 
 Begin SCF calculation by: POSITRON
 -------------------------
 
 -----------------------------------------------------------------------------------
 Iteration                   Energy           Density Change         DIIS Error 
 -----------------------------------------------------------------------------------
    1          -0.755571196931           0.000000000000                 -- 
    2          -0.755571196931           0.000000000000                 -- 
 
 ... end SCF calculation
 
  EIGENVALUES AND EIGENVECTORS: 
 ==============================
 
 
  Eigenvalues for: POSITRON
 -----------------
 
    1          -0.003880586146
    2          -0.003551839098
    3           0.004209388495
    4           0.006295285547
    5           0.006295285547
    6           0.008659290376
    7           0.008659290376
    8           0.009435010596
    9           0.009768669649
   10           0.013515121968
   11           0.013515121968
   12           0.013889300110
   13           0.014424621709
   14           0.018125479844
   15           0.019894462932
   16           0.019894462932
   17           0.024633006040
   18           0.026892842935
   19           0.029540320895
   20           0.038544489420
   21           0.039991746264
   22           0.039991746264
   23           0.042505068650
   24           0.043270316165
   25           0.043419361100
   26           0.043419361100
   27           0.044472229913
   28           0.045238213152
   29           0.045238213152
   30           0.046981418572
   31           0.046981418572
   32           0.047625623709
   33           0.047625623709
   34           0.049027418704
   35           0.049403245423
   36           0.050307852618
   37           0.050307852618
   38           0.053238220512
   39           0.053530578818
   40           0.053549710072
   41           0.053549710072
   42           0.054480377854
   43           0.054480377854
   44           0.054938194534
   45           0.055549923260
   46           0.055882861448
   47           0.055882861448
   48           0.055963689193
   49           0.055963689193
   50           0.056876942738
   51           0.057114243855
   52           0.058163829896
   53           0.058163829896
   54           0.058781462964
   55           0.058781462964
   56           0.059076658772
   57           0.061711172329
   58           0.062058558823
   59           0.191387565402
   60           0.191776457315
   61           0.853265324569
   62           0.853468278962
   63           2.939418910035
   64           2.939552516220
   65          10.800777019953
   66          10.800897848382
   67     1000000.000000000000
   68     1000000.000000000000
 
  end of eigenvalues 
 
  Occupied Eigenvectors for: POSITRON
 --------------------------- 
 
                          -0.0039   
 
    1     E+     S       0.043826
    2     E+     S      -0.032991
    3     E+     S      -0.011579
    4     E+     S      -0.200301
    5     E+     S      -0.298024
    6     E+     S      -0.197176
    7     E+     S      -0.122357
    8     E+     S       0.098846
    9     E+     S       0.006756
   10     E+     S      -0.000094
   11     E+    Px      -0.140085
   12     E+    Py      -0.000000
   13     E+    Pz       0.000000
   14     E+    Px       0.046783
   15     E+    Py      -0.000000
   16     E+    Pz      -0.000000
   17     E+    Px      -0.036110
   18     E+    Py      -0.000000
   19     E+    Pz      -0.000000
   20     E+    Px      -0.018987
   21     E+    Py       0.000000
   22     E+    Pz       0.000000
   23     E+   Dxx      -0.045404
   24     E+   Dxy      -0.000000
   25     E+   Dxz       0.000000
   26     E+   Dyy       0.001341
   27     E+   Dyz       0.000000
   28     E+   Dzz       0.001341
   29     E+   Dxx       0.025301
   30     E+   Dxy      -0.000000
   31     E+   Dxz      -0.000000
   32     E+   Dyy       0.005399
   33     E+   Dyz      -0.000000
   34     E+   Dzz       0.005399
   35     E+     S       0.043826
   36     E+     S      -0.032991
   37     E+     S      -0.011579
   38     E+     S      -0.200301
   39     E+     S      -0.298024
   40     E+     S      -0.197176
   41     E+     S      -0.122357
   42     E+     S       0.098846
   43     E+     S       0.006756
   44     E+     S      -0.000094
   45     E+    Px       0.140085
   46     E+    Py       0.000000
   47     E+    Pz      -0.000000
   48     E+    Px      -0.046783
   49     E+    Py       0.000000
   50     E+    Pz       0.000000
   51     E+    Px       0.036110
   52     E+    Py       0.000000
   53     E+    Pz      -0.000000
   54     E+    Px       0.018987
   55     E+    Py      -0.000000
   56     E+    Pz       0.000000
   57     E+   Dxx      -0.045404
   58     E+   Dxy      -0.000000
   59     E+   Dxz       0.000000
   60     E+   Dyy       0.001341
   61     E+   Dyz      -0.000000
   62     E+   Dzz       0.001341
   63     E+   Dxx       0.025301
   64     E+   Dxy      -0.000000
   65     E+   Dxz      -0.000000
   66     E+   Dyy       0.005399
   67     E+   Dyz      -0.000000
   68     E+   Dzz       0.005399
 
 
  end of eigenvectors 
 
  END OF EIGENVALUES AND EIGENVECTORS
 
 
  COMPONENTS OF KINETIC ENERGY: 
 -----------------------------
 
            POSITRON Kinetic energy =            0.017353394943
                                     _________________________
               Total kinetic energy =            0.017353394943
 
  COMPONENTS OF POTENTIAL ENERGY: 
 -------------------------------
 
          Fixed potential energy    =            0.425531914894
 
  Quantum/Fixed interaction energy: 
 ----------------------------------
 
    POSITRON/Fixed interact. energy =            0.730456629697
                                     _________________________
               Total Q/Fixed energy =            0.730456629697
 
  Coulomb energy: 
 ------------------
 
   POSITRON/POSITRON Hartree energy =            0.000000000000
                                     _________________________
               Total Hartree energy =            0.000000000000
 
  Exchange(HF) energy: 
 ----------------------
 
           POSITRON Exchange energy =            0.000000000000
                                     _________________________
              Total Exchange energy =            0.000000000000
 
  External Potential energy: 
 ----------------------------
 
            POSITRON Ext Pot energy =           -0.751690610785
                                     _________________________
    Total External Potential energy =           -0.751690610785
 
  TOTAL ENERGY COMPONENTS: 
 ==========================
 
          TOTAL KINETIC ENERGY      =            0.017353394943
          TOTAL POTENTIAL ENERGY    =            0.404297933805
                                     _________________________
                       TOTAL ENERGY =            0.421651328748
 
                 VIRIAL RATIO (V/T) =          -23.297915776150
 
 
  END ENERGY COMPONENTS
 
 
** TOTAL CPU Time SCF :      0.008 (s)
** TOTAL Elapsed Time SCF :      0.090 (s)
 
 We are calculating properties for POSITRON in the HF/KS ground state
 
  POPULATION ANALYSES: 
 ====================
 
 MULLIKEN Population: for POSITRON  
 ---------------------
 
                                    
 
    1     E+     S      -0.007969
    2     E+     S       0.011419
    3     E+     S       0.006082
    4     E+     S       0.127643
    5     E+     S       0.204075
    6     E+     S       0.117338
    7     E+     S       0.047487
    8     E+     S      -0.017449
    9     E+     S      -0.000378
   10     E+     S       0.000001
   11     E+    Px       0.008874
   12     E+    Py       0.000000
   13     E+    Pz       0.000000
   14     E+    Px      -0.008350
   15     E+    Py      -0.000000
   16     E+    Pz      -0.000000
   17     E+    Px       0.010465
   18     E+    Py      -0.000000
   19     E+    Pz      -0.000000
   20     E+    Px       0.003269
   21     E+    Py       0.000000
   22     E+    Pz       0.000000
   23     E+   Dxx       0.001278
   24     E+   Dxy       0.000000
   25     E+   Dxz      -0.000000
   26     E+   Dyy      -0.000008
   27     E+   Dyz      -0.000000
   28     E+   Dzz      -0.000008
   29     E+   Dxx      -0.003413
   30     E+   Dxy       0.000000
   31     E+   Dxz       0.000000
   32     E+   Dyy      -0.000177
   33     E+   Dyz       0.000000
   34     E+   Dzz      -0.000177
   35     E+     S      -0.007969
   36     E+     S       0.011419
   37     E+     S       0.006082
   38     E+     S       0.127643
   39     E+     S       0.204075
   40     E+     S       0.117338
   41     E+     S       0.047487
   42     E+     S      -0.017449
   43     E+     S      -0.000378
   44     E+     S       0.000001
   45     E+    Px       0.008874
   46     E+    Py      -0.000000
   47     E+    Pz       0.000000
   48     E+    Px      -0.008350
   49     E+    Py      -0.000000
   50     E+    Pz      -0.000000
   51     E+    Px       0.010465
   52     E+    Py      -0.000000
   53     E+    Pz      -0.000000
   54     E+    Px       0.003269
   55     E+    Py      -0.000000
   56     E+    Pz       0.000000
   57     E+   Dxx       0.001278
   58     E+   Dxy       0.000000
   59     E+   Dxz      -0.000000
   60     E+   Dyy      -0.000008
   61     E+   Dyz       0.000000
   62     E+   Dzz      -0.000008
   63     E+   Dxx      -0.003413
   64     E+   Dxy       0.000000
   65     E+   Dxz       0.000000
   66     E+   Dyy      -0.000177
   67     E+   Dyz       0.000000
   68     E+   Dzz      -0.000177
 
                           __________
              Total =        1.000000
 
  Atomic MULLIKEN Population: for POSITRON  
            BE               0.500000
            BE               0.500000
 
 ...end of MULLIKEN Population
 
 
 END POPULATION ANALYSES 
 
 
  POPULATION ANALYSES: 
 ====================
 
 LOWDIN Population: for POSITRON  
 ---------------------
 
                                    
 
    1     E+     S       0.001514
    2     E+     S       0.007968
    3     E+     S       0.035382
    4     E+     S       0.107613
    5     E+     S       0.170306
    6     E+     S       0.121308
    7     E+     S       0.035673
    8     E+     S       0.000608
    9     E+     S       0.000171
   10     E+     S       0.000021
   11     E+    Px       0.000269
   12     E+    Py       0.000000
   13     E+    Pz       0.000000
   14     E+    Px       0.002296
   15     E+    Py       0.000000
   16     E+    Pz       0.000000
   17     E+    Px       0.011969
   18     E+    Py       0.000000
   19     E+    Pz       0.000000
   20     E+    Px       0.003788
   21     E+    Py      -0.000000
   22     E+    Pz       0.000000
   23     E+   Dxx       0.000007
   24     E+   Dxy       0.000000
   25     E+   Dxz       0.000000
   26     E+   Dyy       0.000006
   27     E+   Dyz       0.000000
   28     E+   Dzz       0.000006
   29     E+   Dxx       0.000808
   30     E+   Dxy       0.000000
   31     E+   Dxz       0.000000
   32     E+   Dyy       0.000143
   33     E+   Dyz       0.000000
   34     E+   Dzz       0.000143
   35     E+     S       0.001514
   36     E+     S       0.007968
   37     E+     S       0.035382
   38     E+     S       0.107613
   39     E+     S       0.170306
   40     E+     S       0.121308
   41     E+     S       0.035673
   42     E+     S       0.000608
   43     E+     S       0.000171
   44     E+     S       0.000021
   45     E+    Px       0.000269
   46     E+    Py       0.000000
   47     E+    Pz       0.000000
   48     E+    Px       0.002296
   49     E+    Py       0.000000
   50     E+    Pz       0.000000
   51     E+    Px       0.011969
   52     E+    Py       0.000000
   53     E+    Pz       0.000000
   54     E+    Px       0.003788
   55     E+    Py       0.000000
   56     E+    Pz       0.000000
   57     E+   Dxx       0.000007
   58     E+   Dxy       0.000000
   59     E+   Dxz       0.000000
   60     E+   Dyy       0.000006
   61     E+   Dyz       0.000000
   62     E+   Dzz       0.000006
   63     E+   Dxx       0.000808
   64     E+   Dxy       0.000000
   65     E+   Dxz       0.000000
   66     E+   Dyy       0.000143
   67     E+   Dyz       0.000000
   68     E+   Dzz       0.000143
 
                           __________
              Total =        1.000000
 
  Atomic LOWDIN Population: for POSITRON  
            BE               0.500000
            BE               0.500000
 
 ...end of LOWDIN Population
 
 
 END POPULATION ANALYSES 
 
 
  EXPECTED POSITIONS OF QUANTUM SPECIES:
 ======================
 
 POSITIONS IN ANGSTROMS
 ------
 
                        <x>      <y>      <z>         
           POSITRON   9.9485  -0.0000  -0.0000
 
 END EXPECTED POSITIONS
 
 
  ELECTROSTATIC MOMENTS:
 ======================
 
 DIPOLE: (DEBYE)
 ------
 
                           <Dx>         <Dy>         <Dz>          |D|
           POSITRON  47.78482742  -0.00000000  -0.00000000
    Point charges:  382.27861938   0.00000000   0.00000000
                     ____________________________
      Total Dipole: 430.06344681  -0.00000000  -0.00000000 430.06344681
 
 QUADRUPOLE NON-TRACELESS: (DEBYE ANGS)
 ------
 
                           <xx>         <yy>         <zz>         <xy>         <xz>         <yz>
           POSITRON    0.00000000    0.00000000    0.00000000    0.00000000    0.00000000    0.00000000
    Point charges:  7606.22150648    0.00000000    0.00000000    0.00000000    0.00000000    0.00000000
  Total Quadrupole: 7606.22150648    0.00000000    0.00000000    0.00000000    0.00000000    0.00000000
                     ____________________________
 
 END ELECTROSTATIC MOMENTS
 


 *****************************************************************************
                               *  Molden2AIM  *
                          Version 3.1.0,  02/25/2015
           It converts the format from MOLDEN to AIM-WFN and NBO-47
 *****************************************************************************


 The MOLDEN file only_posi_179.POSITRON.molden has been found.


 >>> Cartesian basis functions are used.

 >>> SUMMARY

     Number of atoms:                                 2
     Maximum angular momentum:                        2
     Number of primitive Cartesian functions:        68
     Number of contracted Cartesian functions:       68
     Number of primitive spherical functions:        64
     Number of contracted spherical functions:       64
     Number of orbitals to be printed:               68
 =============================================================================


  A new Molden file is generated successfully!
  File Name = only_posi_179.POSITRON_new.molden
 =============================================================================


  A WFN file is generated successfully!
  File Name = only_posi_179.POSITRON.wfn

  Please use
   AIM2000, AIMALL, AIMPAC, AIMPAC2, AIM-UC, CheckDen, DGrid, MORPHY,
   MultiWFN, PAMoC, ProMolden, TopChem, TopMoD, or XAIM

  to analyse the electron density distribution.
 =============================================================================
 --------------------------------------------------------
 WFNFILE                1
          FileName: only_posi_179.POSITRON.wfn       and .molden                                                        
 --------------------------------------------------------
 
 
** TOTAL CPU Time Outputs :      0.053 (s)
** TOTAL Elapsed Time Outputs :      0.049 (s)
 

  TOTAL CPU Time:      0.035 (s)
 TOTAL Wall Time:      0.189 (s)
  Elapsed Time:   0h  0m  0s 190ms
LOWDIN execution terminated normally at : Thu Oct 17 19:54:48 2024
-rw-rw-r-- 1 pmorenor pmorenor 2.1M oct 17 19:54 0POSITRON.ints
-rw-rw-r-- 1 pmorenor pmorenor 2.1M oct 17 19:54 1POSITRON.ints
-rw-rw-r-- 1 pmorenor pmorenor 2.1M oct 17 19:54 2POSITRON.ints
-rw-rw-r-- 1 pmorenor pmorenor 2.1M oct 17 19:54 3POSITRON.ints
-rw-rw-r-- 1 pmorenor pmorenor   69 oct 17 19:54 gepol.inp
-rw-rw-r-- 1 pmorenor pmorenor    0 oct 17 19:54 gepol.xyzr
-rw-rw-r-- 1 pmorenor pmorenor 5.4K oct 17 19:54 lowdin.bas
-rw-rw-r-- 1 pmorenor pmorenor  15K oct 17 19:54 lowdin.dat
-rw-rw-r-- 1 pmorenor pmorenor 473K oct 17 19:54 lowdin.opints
-rw-rw-r-- 1 pmorenor pmorenor  13K oct 17 19:54 lowdin.sys
-rw-rw-r-- 1 pmorenor pmorenor 364K oct 17 19:54 lowdin.wfn
-rw-rw-r-- 1 pmorenor pmorenor 1.7K oct 17 19:54 m2a.ini
-rw-rw-r-- 1 pmorenor pmorenor  418 oct 17 19:54 only_posi_179
-rw-rw-r-- 1 pmorenor pmorenor 1.4K oct 17 19:54 only_posi_179.aux
-rw-rw-r-- 1 pmorenor pmorenor  425 oct 17 19:54 only_posi_179.lowdin
-rw-rw-r-- 1 pmorenor pmorenor  28K oct 17 19:54 only_posi_179.out
-rw-rw-r-- 1 pmorenor pmorenor 105K oct 17 19:54 only_posi_179.POSITRON.molden
-rw-rw-r-- 1 pmorenor pmorenor 124K oct 17 19:54 only_posi_179.POSITRON_new.molden
-rw-rw-r-- 1 pmorenor pmorenor  81K oct 17 19:54 only_posi_179.POSITRON.wfn
-rw-rw-r-- 1 pmorenor pmorenor  37K oct 17 19:54 only_posi_179.vec
