Begin job by input: only_posi_174.lowdin, for user: pmorenor  at  jue 17 oct 2024 19:54:43 -05
under operating system Linux Hefesto 5.4.0-196-generic #216-Ubuntu SMP Thu Aug 29 13:26:53 UTC 2024 x86_64 x86_64 x86_64 GNU/Linux
Compilation information
  commit: f2cffef7078af1231fe3319081e66b682883a80b
  compilation date:  mar 06 feb 2024 16:53:31 -05

BEGIN INPUT INFO:
------------------------------------

GEOMETRY
	E+ GRIBAKIN-10S4P2D        0  0  0.00
	E+ GRIBAKIN-10S4P2D	   36.6 0 0 addParticles=-1
	Be Dirac	0 0 0
	Be Dirac	36.6 0 0
END GEOMETRY

TASKS
        method = "RHF"
END TASKS

EXTERPOTENTIAL
	E+ T181
END EXTERPOTENTIAL

OUTPUTS
	wfnFile
END OUTPUTS


CONTROL
	units="BOHR"
	convergenceMethod=1
	overlapEigenThreshold=1E-6
	SCFGhostSpecies="POSITRON"
	HFprintEigenvalues=T
	totalEnergyTolerance = 1E-9
END CONTROL


... END INPUT INFO


 LOWDIN execution started at : Thu Oct 17 19:54:43 2024
 ---------------------------------------------------------------
 
 ***************************************************************
 *                   LOWDIN 2.0  (May/2013)                    *
 *                                                             *
 *  R. FLORES-MORENO, E. F. POSADA, F. S. MONCADA, J.ROMERO,   *
 *  J. CHARRY, M. DIAZ-TINOCO, S. A. GONZALEZ, N. F. AGUIRRE,  *
 *  A. REYES                                                   *
 *                                                             *
 *  https://sites.google.com/site/lowdinproject/               *
 *                                                             *
 ***************************************************************
 
 PARSING INPUT... DONE!
 
 LOWDIN IS RUNNING WITH NEXT PARAMETERS: 
 ----------------------------------------
 
         METHOD TYPE:  RHF
         NUMBER OF CORES:     4
         NONELECTRONIC DENSITY GUESS: HCORE
         ELECTRONIC DENSITY GUESS: HCORE
         CRITERIUM OF CONVERGENCE: ENERGY
         NONELECTRONIC ENERGY TOLERANCE IN SCFs:     0.10000E-07
         ELECTRONIC ENERGY TOLERANCE IN SCFs:     0.10000E-07
         TOTAL ENERGY TOLERANCE IN SCFs:     0.10000E-08
         SCHEME OF ITERATION: GLOBAL ITERATIONS
         SCF MAX. SUBITERATIONS - NONELECTRONS :     1
         SCF MAX. SUBITERATIONS - ELECTRONS :     1
         SCF MAX. ITERATIONS - INTERSPECIES :   200
         INTEGRAL STORAGE: DISK
         STACK SIZE FOR ERIS : 30000
         METHOD OF SCF CONVERGENCE: DAMPING
 
  MOLECULAR SYSTEM: only_posi_174
 -----------------
 
    DESCRIPTION   : only_posi_174
    CHARGE        :  10
    PUNTUAL GROUP : NONE
 
 
  INFORMATION OF PARTICLES :
 =========================
         Total number of particles   =       3
         Number of quantum particles =       1
         Number of puntual charges   =       2
         Number of quantum species   =       1
 
                 INFORMATION OF QUANTUM SPECIES 
     ---------------------------------------------------------------------
         ID      Symbol            mass     charge     spin     multiplicity
     ---------------------------------------------------------------------
         1             E+         1.0000      1.00      0.50      1.00
 
                   CONSTANTS OF COUPLING 
      ------------------------------------------------------------
           Symbol          kappa      eta     lambda     occupation
      ------------------------------------------------------------
                 E+        -1.0      1.00      1.00      1.00
 
                   BASIS SET FOR SPECIES 
      ------------------------------------------------------------
           Symbol          N. Basis     N. Particles     Basis Set
      ------------------------------------------------------------
                 E+           32                1     GRIBAKIN-1
 
                                ATOMIC BASIS
         ------------------------------------------------------------
          PRIMITIVE   SHELL             EXPONENT         COEFFICIENT 
         ------------------------------------------------------------
 
    BEGIN DESCRIPTION OF BASIS FOR:    E+
    ==============================
 
 
            E+ BASIS SET:GRIBAKIN-10S4P2
             1         S                0.00010000          1.00000000
             1         S                0.00030000          1.00000000
             1         S                0.00090000          1.00000000
             1         S                0.00270000          1.00000000
             1         S                0.00810000          1.00000000
             1         S                0.02430000          1.00000000
             1         S                0.07290000          1.00000000
             1         S                0.21870000          1.00000000
             1         S                0.65610000          1.00000000
             1         S                1.96830000          1.00000000
             1         P                0.00010000          1.00000000
             1         P                0.00030000          1.00000000
             1         P                0.00090000          1.00000000
             1         P                0.00270000          1.00000000
             1         D                0.00010000          1.00000000
             1         D                0.00030000          1.00000000
 
            E+ BASIS SET:GRIBAKIN-10S4P2
             1         S                0.00010000          1.00000000
             1         S                0.00030000          1.00000000
             1         S                0.00090000          1.00000000
             1         S                0.00270000          1.00000000
             1         S                0.00810000          1.00000000
             1         S                0.02430000          1.00000000
             1         S                0.07290000          1.00000000
             1         S                0.21870000          1.00000000
             1         S                0.65610000          1.00000000
             1         S                1.96830000          1.00000000
             1         P                0.00010000          1.00000000
             1         P                0.00030000          1.00000000
             1         P                0.00090000          1.00000000
             1         P                0.00270000          1.00000000
             1         D                0.00010000          1.00000000
             1         D                0.00030000          1.00000000
    ... END DESCRIPTION OF BASIS
 
 
  END INFORMATION OF PARTICLES
 
 
  INFORMATION OF THE QUANTUM SYSTEM 
     ---------------------------------------------------------------------
                 ID     Occupied Orbitals     Basis size
     ---------------------------------------------------------------------
                 E+            1               68
 
  END INFORMATION OF QUANTUM SYSTEM
 
 
  INFORMATION OF EXTERNAL POTENTIALS 
 
 =======
 External Potential for E+ : T181
 Type : 
                     Exponent         l       R_x       R_y       R_z              Factor
                46.4142090600         0   0.00000   0.00000   0.00000       -0.4538438220
                12.8200915000         0   0.00000   0.00000   0.00000       -1.4417258300
                 0.6509542200         0   0.00000   0.00000   0.00000     -181.3764690000
                 0.1411467600         0   0.00000   0.00000   0.00000       -1.9128095300
                 3.9201797200         0   0.00000   0.00000   0.00000       -2.3617162900
                 0.6465474500         0   0.00000   0.00000   0.00000      180.3049600000
                 0.0261865800         0   0.00000   0.00000   0.00000       -0.6554562580
                 0.0003126400         0   0.00000   0.00000   0.00000       -0.1672392340
                 0.0042413400         0   0.00000   0.00000   0.00000       -0.2892373690
                46.4142090600         0  36.60000   0.00000   0.00000       -0.4538438220
                12.8200915000         0  36.60000   0.00000   0.00000       -1.4417258300
                 0.6509542200         0  36.60000   0.00000   0.00000     -181.3764690000
                 0.1411467600         0  36.60000   0.00000   0.00000       -1.9128095300
                 3.9201797200         0  36.60000   0.00000   0.00000       -2.3617162900
                 0.6465474500         0  36.60000   0.00000   0.00000      180.3049600000
                 0.0261865800         0  36.60000   0.00000   0.00000       -0.6554562580
                 0.0003126400         0  36.60000   0.00000   0.00000       -0.1672392340
                 0.0042413400         0  36.60000   0.00000   0.00000       -0.2892373690
 
  END INFORMATION OF EXTERNAL POTENTIALS
 
                       INITIAL GEOMETRY: AMSTRONG
                 -----------------------------------
                       <x>                 <y>                 <z>
        E+        0.0000000000        0.0000000000        0.0000000000
        E+       19.3678873222        0.0000000000        0.0000000000
        BE        0.0000000000        0.0000000000        0.0000000000
        BE       19.3678873222        0.0000000000        0.0000000000
 
                     MATRIX OF DISTANCE: ANGSTROM
                 -----------------------------------
                          BE(1)          BE(2)     
 
        BE(1)            0.000000      19.367887
        BE(2)           19.367887       0.000000
 
--------------------------------------------------------------------------------
** PROGRAM: SCF (Hartree Fock).     Author: S.A. Gonzalez, E. Posada, F. Moncada
--------------------------------------------------------------------------------
INFO: RUNNING IN RHF MODE.
 
----------------------------------------------------------------------
** PROGRAM INTS                          Author: E. F. Posada, 2013   
----------------------------------------------------------------------
INFO: RUNNING IN ONE_PARTICLE MODE.
 
 Number of Overlap integrals for species POSITRON:   4624
 Number of Kinetic integrals for species POSITRON:   4624
 Number of Nuclear integrals for species POSITRON:   4624
 Number of Moment integrals for species POSITRON:  13872
 Number of 3C Overlap integrals for species POSITRON:   4624
 
** TOTAL CPU Time INTS :      0.061 (s)
** TOTAL Elapsed Time INTS :      0.055 (s)
 
Removed     2 orbitals for species POSITRON with overlap eigen threshold of 1.000E-06
 Combination coefficients for POSITRON were read from only_posi_174.vec
     number of   POSITRON     particles in guess density matrix:     1.000000
 Number of unique integrals for species: 1 = 298297
 
 TWO-BODY INTEGRAL SETUP: 
------------------------- 
 Storage:   DISK
 Scheme: LIBINT
 Stack size:  30000
 
 LIBINT library, Fermann, J. T.; Valeev, F. L. 2010                   
 LOWDIN-LIBINT Implementation V. 2.1  Posada E. F. ; Reyes A. 2016   
 ----------------------------------------------------------------------

*** TOTAL CPU time intra-species integrals :      0.089 (s)
*** TOTAL elapsed time intra-species integrals :      0.024 (s)

INFO: RUNNING SCHEME SIMULTANEOUS
 
 Begin Multi-Species SCF calculation:
 
 --------------------------------------------------------------------------------------------------
      Iteration                   Energy            Energy Change           Density Change
 --------------------------------------------------------------------------------------------------
              1           0.439749131277          -0.439749131277           0.148187303682
              2           0.433263459338           0.006485671940           0.000000000000
              3           0.433263459338           0.000000000000           0.000000000000
 Total energy converged after   3 global iterations                                                  
 
 ...end Multi-Species SCF calculation
 
 
 Begin SCF calculation by: POSITRON
 -------------------------
 
 -----------------------------------------------------------------------------------
 Iteration                   Energy           Density Change         DIIS Error 
 -----------------------------------------------------------------------------------
    1          -0.754937276282           0.000000000000                 -- 
    2          -0.754937276282           0.000000000000                 -- 
 
 ... end SCF calculation
 
  EIGENVALUES AND EIGENVECTORS: 
 ==============================
 
 
  Eigenvalues for: POSITRON
 -----------------
 
    1          -0.003895010608
    2          -0.003527247276
    3           0.004179477507
    4           0.006023275836
    5           0.006023275836
    6           0.008415751028
    7           0.008415751028
    8           0.009250382744
    9           0.009622748594
   10           0.013228017025
   11           0.013228017025
   12           0.013431492598
   13           0.014044867573
   14           0.017972401188
   15           0.019539097802
   16           0.019539097802
   17           0.024081772743
   18           0.026460092711
   19           0.029376404827
   20           0.038459809520
   21           0.039845218161
   22           0.039845218161
   23           0.042488303099
   24           0.043297756679
   25           0.043394033230
   26           0.043394033230
   27           0.044455338717
   28           0.045236462416
   29           0.045236462416
   30           0.046968044340
   31           0.046968044340
   32           0.047611624060
   33           0.047611624060
   34           0.049006237804
   35           0.049438408215
   36           0.050275887993
   37           0.050275887993
   38           0.053249395645
   39           0.053356646031
   40           0.053600282500
   41           0.053600282500
   42           0.054504805422
   43           0.054504805422
   44           0.055006473947
   45           0.055588242799
   46           0.055933828521
   47           0.055933828521
   48           0.055986296742
   49           0.055986296742
   50           0.056974885259
   51           0.057189488162
   52           0.058264097821
   53           0.058264097821
   54           0.058802625185
   55           0.058802625185
   56           0.059180790198
   57           0.061734667202
   58           0.062093571289
   59           0.191341092818
   60           0.191933912056
   61           0.853294727373
   62           0.853670244459
   63           2.939474665004
   64           2.939751916085
   65          10.800836239315
   66          10.801103283827
   67     1000000.000000000000
   68     1000000.000000000000
 
  end of eigenvalues 
 
  Occupied Eigenvectors for: POSITRON
 --------------------------- 
 
                          -0.0039   
 
    1     E+     S      -0.052891
    2     E+     S       0.042820
    3     E+     S       0.007909
    4     E+     S       0.206672
    5     E+     S       0.293119
    6     E+     S       0.195728
    7     E+     S       0.121747
    8     E+     S      -0.098327
    9     E+     S      -0.006712
   10     E+     S       0.000093
   11     E+    Px       0.174022
   12     E+    Py      -0.000000
   13     E+    Pz       0.000000
   14     E+    Px      -0.059227
   15     E+    Py       0.000000
   16     E+    Pz      -0.000000
   17     E+    Px       0.041553
   18     E+    Py      -0.000000
   19     E+    Pz       0.000000
   20     E+    Px       0.008944
   21     E+    Py      -0.000000
   22     E+    Pz      -0.000000
   23     E+   Dxx       0.054920
   24     E+   Dxy      -0.000000
   25     E+   Dxz       0.000000
   26     E+   Dyy      -0.001638
   27     E+   Dyz      -0.000000
   28     E+   Dzz      -0.001638
   29     E+   Dxx      -0.032169
   30     E+   Dxy       0.000000
   31     E+   Dxz      -0.000000
   32     E+   Dyy      -0.006733
   33     E+   Dyz       0.000000
   34     E+   Dzz      -0.006733
   35     E+     S      -0.052891
   36     E+     S       0.042820
   37     E+     S       0.007909
   38     E+     S       0.206672
   39     E+     S       0.293119
   40     E+     S       0.195728
   41     E+     S       0.121747
   42     E+     S      -0.098327
   43     E+     S      -0.006712
   44     E+     S       0.000093
   45     E+    Px      -0.174022
   46     E+    Py       0.000000
   47     E+    Pz      -0.000000
   48     E+    Px       0.059227
   49     E+    Py      -0.000000
   50     E+    Pz       0.000000
   51     E+    Px      -0.041553
   52     E+    Py       0.000000
   53     E+    Pz      -0.000000
   54     E+    Px      -0.008944
   55     E+    Py      -0.000000
   56     E+    Pz       0.000000
   57     E+   Dxx       0.054920
   58     E+   Dxy      -0.000000
   59     E+   Dxz       0.000000
   60     E+   Dyy      -0.001638
   61     E+   Dyz       0.000000
   62     E+   Dzz      -0.001638
   63     E+   Dxx      -0.032169
   64     E+   Dxy       0.000000
   65     E+   Dxz      -0.000000
   66     E+   Dyy      -0.006733
   67     E+   Dyz      -0.000000
   68     E+   Dzz      -0.006733
 
 
  end of eigenvectors 
 
  END OF EIGENVALUES AND EIGENVECTORS
 
 
  COMPONENTS OF KINETIC ENERGY: 
 -----------------------------
 
            POSITRON Kinetic energy =            0.017123550661
                                     _________________________
               Total kinetic energy =            0.017123550661
 
  COMPONENTS OF POTENTIAL ENERGY: 
 -------------------------------
 
          Fixed potential energy    =            0.437158469945
 
  Quantum/Fixed interaction energy: 
 ----------------------------------
 
    POSITRON/Fixed interact. energy =            0.730023704405
                                     _________________________
               Total Q/Fixed energy =            0.730023704405
 
  Coulomb energy: 
 ------------------
 
   POSITRON/POSITRON Hartree energy =            0.000000000000
                                     _________________________
               Total Hartree energy =            0.000000000000
 
  Exchange(HF) energy: 
 ----------------------
 
           POSITRON Exchange energy =            0.000000000000
                                     _________________________
              Total Exchange energy =            0.000000000000
 
  External Potential energy: 
 ----------------------------
 
            POSITRON Ext Pot energy =           -0.751042265674
                                     _________________________
    Total External Potential energy =           -0.751042265674
 
  TOTAL ENERGY COMPONENTS: 
 ==========================
 
          TOTAL KINETIC ENERGY      =            0.017123550661
          TOTAL POTENTIAL ENERGY    =            0.416139908676
                                     _________________________
                       TOTAL ENERGY =            0.433263459338
 
                 VIRIAL RATIO (V/T) =          -24.302197418390
 
 
  END ENERGY COMPONENTS
 
 
** TOTAL CPU Time SCF :      0.008 (s)
** TOTAL Elapsed Time SCF :      0.095 (s)
 
 We are calculating properties for POSITRON in the HF/KS ground state
 
  POPULATION ANALYSES: 
 ====================
 
 MULLIKEN Population: for POSITRON  
 ---------------------
 
                                    
 
    1     E+     S      -0.009725
    2     E+     S       0.015029
    3     E+     S       0.004226
    4     E+     S       0.133211
    5     E+     S       0.200960
    6     E+     S       0.116099
    7     E+     S       0.047025
    8     E+     S      -0.017267
    9     E+     S      -0.000374
   10     E+     S       0.000001
   11     E+    Px       0.010867
   12     E+    Py       0.000000
   13     E+    Pz       0.000000
   14     E+    Px      -0.010487
   15     E+    Py      -0.000000
   16     E+    Pz      -0.000000
   17     E+    Px       0.012118
   18     E+    Py       0.000000
   19     E+    Pz       0.000000
   20     E+    Px       0.001559
   21     E+    Py       0.000000
   22     E+    Pz      -0.000000
   23     E+   Dxx       0.001511
   24     E+   Dxy      -0.000000
   25     E+   Dxz      -0.000000
   26     E+   Dyy      -0.000011
   27     E+   Dyz       0.000000
   28     E+   Dzz      -0.000011
   29     E+   Dxx      -0.004280
   30     E+   Dxy       0.000000
   31     E+   Dxz      -0.000000
   32     E+   Dyy      -0.000227
   33     E+   Dyz      -0.000000
   34     E+   Dzz      -0.000227
   35     E+     S      -0.009725
   36     E+     S       0.015029
   37     E+     S       0.004226
   38     E+     S       0.133211
   39     E+     S       0.200960
   40     E+     S       0.116099
   41     E+     S       0.047025
   42     E+     S      -0.017267
   43     E+     S      -0.000374
   44     E+     S       0.000001
   45     E+    Px       0.010867
   46     E+    Py      -0.000000
   47     E+    Pz      -0.000000
   48     E+    Px      -0.010487
   49     E+    Py       0.000000
   50     E+    Pz       0.000000
   51     E+    Px       0.012118
   52     E+    Py      -0.000000
   53     E+    Pz      -0.000000
   54     E+    Px       0.001559
   55     E+    Py       0.000000
   56     E+    Pz       0.000000
   57     E+   Dxx       0.001511
   58     E+   Dxy      -0.000000
   59     E+   Dxz      -0.000000
   60     E+   Dyy      -0.000011
   61     E+   Dyz      -0.000000
   62     E+   Dzz      -0.000011
   63     E+   Dxx      -0.004280
   64     E+   Dxy       0.000000
   65     E+   Dxz       0.000000
   66     E+   Dyy      -0.000227
   67     E+   Dyz       0.000000
   68     E+   Dzz      -0.000227
 
                           __________
              Total =        1.000000
 
  Atomic MULLIKEN Population: for POSITRON  
            BE               0.500000
            BE               0.500000
 
 ...end of MULLIKEN Population
 
 
 END POPULATION ANALYSES 
 
 
  POPULATION ANALYSES: 
 ====================
 
 LOWDIN Population: for POSITRON  
 ---------------------
 
                                    
 
    1     E+     S       0.001550
    2     E+     S       0.008272
    3     E+     S       0.036671
    4     E+     S       0.109795
    5     E+     S       0.169019
    6     E+     S       0.119588
    7     E+     S       0.035218
    8     E+     S       0.000598
    9     E+     S       0.000169
   10     E+     S       0.000021
   11     E+    Px       0.000270
   12     E+    Py       0.000000
   13     E+    Pz       0.000000
   14     E+    Px       0.002254
   15     E+    Py       0.000000
   16     E+    Pz       0.000000
   17     E+    Px       0.012255
   18     E+    Py       0.000000
   19     E+    Pz       0.000000
   20     E+    Px       0.003256
   21     E+    Py       0.000000
   22     E+    Pz       0.000000
   23     E+   Dxx       0.000006
   24     E+   Dxy       0.000000
   25     E+   Dxz       0.000000
   26     E+   Dyy       0.000006
   27     E+   Dyz       0.000000
   28     E+   Dzz       0.000006
   29     E+   Dxx       0.000762
   30     E+   Dxy       0.000000
   31     E+   Dxz       0.000000
   32     E+   Dyy       0.000142
   33     E+   Dyz       0.000000
   34     E+   Dzz       0.000142
   35     E+     S       0.001550
   36     E+     S       0.008272
   37     E+     S       0.036671
   38     E+     S       0.109795
   39     E+     S       0.169019
   40     E+     S       0.119588
   41     E+     S       0.035218
   42     E+     S       0.000598
   43     E+     S       0.000169
   44     E+     S       0.000021
   45     E+    Px       0.000270
   46     E+    Py       0.000000
   47     E+    Pz       0.000000
   48     E+    Px       0.002254
   49     E+    Py       0.000000
   50     E+    Pz       0.000000
   51     E+    Px       0.012255
   52     E+    Py       0.000000
   53     E+    Pz       0.000000
   54     E+    Px       0.003256
   55     E+    Py       0.000000
   56     E+    Pz       0.000000
   57     E+   Dxx       0.000006
   58     E+   Dxy       0.000000
   59     E+   Dxz       0.000000
   60     E+   Dyy       0.000006
   61     E+   Dyz       0.000000
   62     E+   Dzz       0.000006
   63     E+   Dxx       0.000762
   64     E+   Dxy       0.000000
   65     E+   Dxz       0.000000
   66     E+   Dyy       0.000142
   67     E+   Dyz       0.000000
   68     E+   Dzz       0.000142
 
                           __________
              Total =        1.000000
 
  Atomic LOWDIN Population: for POSITRON  
            BE               0.500000
            BE               0.500000
 
 ...end of LOWDIN Population
 
 
 END POPULATION ANALYSES 
 
 
  EXPECTED POSITIONS OF QUANTUM SPECIES:
 ======================
 
 POSITIONS IN ANGSTROMS
 ------
 
                        <x>      <y>      <z>         
           POSITRON   9.6839  -0.0000   0.0000
 
 END EXPECTED POSITIONS
 
 
  ELECTROSTATIC MOMENTS:
 ======================
 
 DIPOLE: (DEBYE)
 ------
 
                           <Dx>         <Dy>         <Dz>          |D|
           POSITRON  46.51395435  -0.00000000   0.00000000
    Point charges:  372.11163483   0.00000000   0.00000000
                     ____________________________
      Total Dipole: 418.62558918  -0.00000000   0.00000000 418.62558918
 
 QUADRUPOLE NON-TRACELESS: (DEBYE ANGS)
 ------
 
                           <xx>         <yy>         <zz>         <xy>         <xz>         <yz>
           POSITRON    0.00000000    0.00000000    0.00000000    0.00000000    0.00000000    0.00000000
    Point charges:  7207.01539244    0.00000000    0.00000000    0.00000000    0.00000000    0.00000000
  Total Quadrupole: 7207.01539244    0.00000000    0.00000000    0.00000000    0.00000000    0.00000000
                     ____________________________
 
 END ELECTROSTATIC MOMENTS
 


 *****************************************************************************
                               *  Molden2AIM  *
                          Version 3.1.0,  02/25/2015
           It converts the format from MOLDEN to AIM-WFN and NBO-47
 *****************************************************************************


 The MOLDEN file only_posi_174.POSITRON.molden has been found.


 >>> Cartesian basis functions are used.

 >>> SUMMARY

     Number of atoms:                                 2
     Maximum angular momentum:                        2
     Number of primitive Cartesian functions:        68
     Number of contracted Cartesian functions:       68
     Number of primitive spherical functions:        64
     Number of contracted spherical functions:       64
     Number of orbitals to be printed:               68
 =============================================================================


  A new Molden file is generated successfully!
  File Name = only_posi_174.POSITRON_new.molden
 =============================================================================


  A WFN file is generated successfully!
  File Name = only_posi_174.POSITRON.wfn

  Please use
   AIM2000, AIMALL, AIMPAC, AIMPAC2, AIM-UC, CheckDen, DGrid, MORPHY,
   MultiWFN, PAMoC, ProMolden, TopChem, TopMoD, or XAIM

  to analyse the electron density distribution.
 =============================================================================
 --------------------------------------------------------
 WFNFILE                1
          FileName: only_posi_174.POSITRON.wfn       and .molden                                                        
 --------------------------------------------------------
 
 
** TOTAL CPU Time Outputs :      0.053 (s)
** TOTAL Elapsed Time Outputs :      0.049 (s)
 

  TOTAL CPU Time:      0.033 (s)
 TOTAL Wall Time:      0.188 (s)
  Elapsed Time:   0h  0m  0s 188ms
LOWDIN execution terminated normally at : Thu Oct 17 19:54:44 2024
-rw-rw-r-- 1 pmorenor pmorenor 2.1M oct 17 19:54 0POSITRON.ints
-rw-rw-r-- 1 pmorenor pmorenor 2.1M oct 17 19:54 1POSITRON.ints
-rw-rw-r-- 1 pmorenor pmorenor 2.1M oct 17 19:54 2POSITRON.ints
-rw-rw-r-- 1 pmorenor pmorenor 2.1M oct 17 19:54 3POSITRON.ints
-rw-rw-r-- 1 pmorenor pmorenor   69 oct 17 19:54 gepol.inp
-rw-rw-r-- 1 pmorenor pmorenor    0 oct 17 19:54 gepol.xyzr
-rw-rw-r-- 1 pmorenor pmorenor 5.4K oct 17 19:54 lowdin.bas
-rw-rw-r-- 1 pmorenor pmorenor  15K oct 17 19:54 lowdin.dat
-rw-rw-r-- 1 pmorenor pmorenor 473K oct 17 19:54 lowdin.opints
-rw-rw-r-- 1 pmorenor pmorenor  13K oct 17 19:54 lowdin.sys
-rw-rw-r-- 1 pmorenor pmorenor 364K oct 17 19:54 lowdin.wfn
-rw-rw-r-- 1 pmorenor pmorenor 1.7K oct 17 19:54 m2a.ini
-rw-rw-r-- 1 pmorenor pmorenor  418 oct 17 19:54 only_posi_174
-rw-rw-r-- 1 pmorenor pmorenor 1.4K oct 17 19:54 only_posi_174.aux
-rw-rw-r-- 1 pmorenor pmorenor  425 oct 17 19:54 only_posi_174.lowdin
-rw-rw-r-- 1 pmorenor pmorenor  28K oct 17 19:54 only_posi_174.out
-rw-rw-r-- 1 pmorenor pmorenor 105K oct 17 19:54 only_posi_174.POSITRON.molden
-rw-rw-r-- 1 pmorenor pmorenor 124K oct 17 19:54 only_posi_174.POSITRON_new.molden
-rw-rw-r-- 1 pmorenor pmorenor  81K oct 17 19:54 only_posi_174.POSITRON.wfn
-rw-rw-r-- 1 pmorenor pmorenor  37K oct 17 19:54 only_posi_174.vec
