Begin job by input: only_posi_171.lowdin, for user: pmorenor  at  jue 17 oct 2024 19:54:41 -05
under operating system Linux Hefesto 5.4.0-196-generic #216-Ubuntu SMP Thu Aug 29 13:26:53 UTC 2024 x86_64 x86_64 x86_64 GNU/Linux
Compilation information
  commit: f2cffef7078af1231fe3319081e66b682883a80b
  compilation date:  mar 06 feb 2024 16:53:31 -05

BEGIN INPUT INFO:
------------------------------------

GEOMETRY
	E+ GRIBAKIN-10S4P2D        0  0  0.00
	E+ GRIBAKIN-10S4P2D	   36.0 0 0 addParticles=-1
	Be Dirac	0 0 0
	Be Dirac	36.0 0 0
END GEOMETRY

TASKS
        method = "RHF"
END TASKS

EXTERPOTENTIAL
	E+ T178
END EXTERPOTENTIAL

OUTPUTS
	wfnFile
END OUTPUTS


CONTROL
	units="BOHR"
	convergenceMethod=1
	overlapEigenThreshold=1E-6
	SCFGhostSpecies="POSITRON"
	HFprintEigenvalues=T
	totalEnergyTolerance = 1E-9
END CONTROL


... END INPUT INFO


 LOWDIN execution started at : Thu Oct 17 19:54:41 2024
 ---------------------------------------------------------------
 
 ***************************************************************
 *                   LOWDIN 2.0  (May/2013)                    *
 *                                                             *
 *  R. FLORES-MORENO, E. F. POSADA, F. S. MONCADA, J.ROMERO,   *
 *  J. CHARRY, M. DIAZ-TINOCO, S. A. GONZALEZ, N. F. AGUIRRE,  *
 *  A. REYES                                                   *
 *                                                             *
 *  https://sites.google.com/site/lowdinproject/               *
 *                                                             *
 ***************************************************************
 
 PARSING INPUT... DONE!
 
 LOWDIN IS RUNNING WITH NEXT PARAMETERS: 
 ----------------------------------------
 
         METHOD TYPE:  RHF
         NUMBER OF CORES:     4
         NONELECTRONIC DENSITY GUESS: HCORE
         ELECTRONIC DENSITY GUESS: HCORE
         CRITERIUM OF CONVERGENCE: ENERGY
         NONELECTRONIC ENERGY TOLERANCE IN SCFs:     0.10000E-07
         ELECTRONIC ENERGY TOLERANCE IN SCFs:     0.10000E-07
         TOTAL ENERGY TOLERANCE IN SCFs:     0.10000E-08
         SCHEME OF ITERATION: GLOBAL ITERATIONS
         SCF MAX. SUBITERATIONS - NONELECTRONS :     1
         SCF MAX. SUBITERATIONS - ELECTRONS :     1
         SCF MAX. ITERATIONS - INTERSPECIES :   200
         INTEGRAL STORAGE: DISK
         STACK SIZE FOR ERIS : 30000
         METHOD OF SCF CONVERGENCE: DAMPING
 
  MOLECULAR SYSTEM: only_posi_171
 -----------------
 
    DESCRIPTION   : only_posi_171
    CHARGE        :  10
    PUNTUAL GROUP : NONE
 
 
  INFORMATION OF PARTICLES :
 =========================
         Total number of particles   =       3
         Number of quantum particles =       1
         Number of puntual charges   =       2
         Number of quantum species   =       1
 
                 INFORMATION OF QUANTUM SPECIES 
     ---------------------------------------------------------------------
         ID      Symbol            mass     charge     spin     multiplicity
     ---------------------------------------------------------------------
         1             E+         1.0000      1.00      0.50      1.00
 
                   CONSTANTS OF COUPLING 
      ------------------------------------------------------------
           Symbol          kappa      eta     lambda     occupation
      ------------------------------------------------------------
                 E+        -1.0      1.00      1.00      1.00
 
                   BASIS SET FOR SPECIES 
      ------------------------------------------------------------
           Symbol          N. Basis     N. Particles     Basis Set
      ------------------------------------------------------------
                 E+           32                1     GRIBAKIN-1
 
                                ATOMIC BASIS
         ------------------------------------------------------------
          PRIMITIVE   SHELL             EXPONENT         COEFFICIENT 
         ------------------------------------------------------------
 
    BEGIN DESCRIPTION OF BASIS FOR:    E+
    ==============================
 
 
            E+ BASIS SET:GRIBAKIN-10S4P2
             1         S                0.00010000          1.00000000
             1         S                0.00030000          1.00000000
             1         S                0.00090000          1.00000000
             1         S                0.00270000          1.00000000
             1         S                0.00810000          1.00000000
             1         S                0.02430000          1.00000000
             1         S                0.07290000          1.00000000
             1         S                0.21870000          1.00000000
             1         S                0.65610000          1.00000000
             1         S                1.96830000          1.00000000
             1         P                0.00010000          1.00000000
             1         P                0.00030000          1.00000000
             1         P                0.00090000          1.00000000
             1         P                0.00270000          1.00000000
             1         D                0.00010000          1.00000000
             1         D                0.00030000          1.00000000
 
            E+ BASIS SET:GRIBAKIN-10S4P2
             1         S                0.00010000          1.00000000
             1         S                0.00030000          1.00000000
             1         S                0.00090000          1.00000000
             1         S                0.00270000          1.00000000
             1         S                0.00810000          1.00000000
             1         S                0.02430000          1.00000000
             1         S                0.07290000          1.00000000
             1         S                0.21870000          1.00000000
             1         S                0.65610000          1.00000000
             1         S                1.96830000          1.00000000
             1         P                0.00010000          1.00000000
             1         P                0.00030000          1.00000000
             1         P                0.00090000          1.00000000
             1         P                0.00270000          1.00000000
             1         D                0.00010000          1.00000000
             1         D                0.00030000          1.00000000
    ... END DESCRIPTION OF BASIS
 
 
  END INFORMATION OF PARTICLES
 
 
  INFORMATION OF THE QUANTUM SYSTEM 
     ---------------------------------------------------------------------
                 ID     Occupied Orbitals     Basis size
     ---------------------------------------------------------------------
                 E+            1               68
 
  END INFORMATION OF QUANTUM SYSTEM
 
 
  INFORMATION OF EXTERNAL POTENTIALS 
 
 =======
 External Potential for E+ : T178
 Type : 
                     Exponent         l       R_x       R_y       R_z              Factor
                46.4142090600         0   0.00000   0.00000   0.00000       -0.4538438220
                12.8200915000         0   0.00000   0.00000   0.00000       -1.4417258300
                 0.6509542200         0   0.00000   0.00000   0.00000     -181.3764690000
                 0.1411467600         0   0.00000   0.00000   0.00000       -1.9128095300
                 3.9201797200         0   0.00000   0.00000   0.00000       -2.3617162900
                 0.6465474500         0   0.00000   0.00000   0.00000      180.3049600000
                 0.0261865800         0   0.00000   0.00000   0.00000       -0.6554562580
                 0.0003126400         0   0.00000   0.00000   0.00000       -0.1672392340
                 0.0042413400         0   0.00000   0.00000   0.00000       -0.2892373690
                46.4142090600         0  36.00000   0.00000   0.00000       -0.4538438220
                12.8200915000         0  36.00000   0.00000   0.00000       -1.4417258300
                 0.6509542200         0  36.00000   0.00000   0.00000     -181.3764690000
                 0.1411467600         0  36.00000   0.00000   0.00000       -1.9128095300
                 3.9201797200         0  36.00000   0.00000   0.00000       -2.3617162900
                 0.6465474500         0  36.00000   0.00000   0.00000      180.3049600000
                 0.0261865800         0  36.00000   0.00000   0.00000       -0.6554562580
                 0.0003126400         0  36.00000   0.00000   0.00000       -0.1672392340
                 0.0042413400         0  36.00000   0.00000   0.00000       -0.2892373690
 
  END INFORMATION OF EXTERNAL POTENTIALS
 
                       INITIAL GEOMETRY: AMSTRONG
                 -----------------------------------
                       <x>                 <y>                 <z>
        E+        0.0000000000        0.0000000000        0.0000000000
        E+       19.0503809726        0.0000000000        0.0000000000
        BE        0.0000000000        0.0000000000        0.0000000000
        BE       19.0503809726        0.0000000000        0.0000000000
 
                     MATRIX OF DISTANCE: ANGSTROM
                 -----------------------------------
                          BE(1)          BE(2)     
 
        BE(1)            0.000000      19.050381
        BE(2)           19.050381       0.000000
 
--------------------------------------------------------------------------------
** PROGRAM: SCF (Hartree Fock).     Author: S.A. Gonzalez, E. Posada, F. Moncada
--------------------------------------------------------------------------------
INFO: RUNNING IN RHF MODE.
 
----------------------------------------------------------------------
** PROGRAM INTS                          Author: E. F. Posada, 2013   
----------------------------------------------------------------------
INFO: RUNNING IN ONE_PARTICLE MODE.
 
 Number of Overlap integrals for species POSITRON:   4624
 Number of Kinetic integrals for species POSITRON:   4624
 Number of Nuclear integrals for species POSITRON:   4624
 Number of Moment integrals for species POSITRON:  13872
 Number of 3C Overlap integrals for species POSITRON:   4624
 
** TOTAL CPU Time INTS :      0.056 (s)
** TOTAL Elapsed Time INTS :      0.052 (s)
 
Removed     2 orbitals for species POSITRON with overlap eigen threshold of 1.000E-06
 Combination coefficients for POSITRON were read from only_posi_171.vec
     number of   POSITRON     particles in guess density matrix:     1.000000
 Number of unique integrals for species: 1 = 299485
 
 TWO-BODY INTEGRAL SETUP: 
------------------------- 
 Storage:   DISK
 Scheme: LIBINT
 Stack size:  30000
 
 LIBINT library, Fermann, J. T.; Valeev, F. L. 2010                   
 LOWDIN-LIBINT Implementation V. 2.1  Posada E. F. ; Reyes A. 2016   
 ----------------------------------------------------------------------

*** TOTAL CPU time intra-species integrals :      0.077 (s)
*** TOTAL elapsed time intra-species integrals :      0.022 (s)

INFO: RUNNING SCHEME SIMULTANEOUS
 
 Begin Multi-Species SCF calculation:
 
 --------------------------------------------------------------------------------------------------
      Iteration                   Energy            Energy Change           Density Change
 --------------------------------------------------------------------------------------------------
              1           0.447097669552          -0.447097669552           0.159289511936
              2           0.440562467143           0.006535202409           0.000000000000
              3           0.440562467143           0.000000000000           0.000000000000
 Total energy converged after   3 global iterations                                                  
 
 ...end Multi-Species SCF calculation
 
 
 Begin SCF calculation by: POSITRON
 -------------------------
 
 -----------------------------------------------------------------------------------
 Iteration                   Energy           Density Change         DIIS Error 
 -----------------------------------------------------------------------------------
    1          -0.753902904804           0.000000000000                 -- 
    2          -0.753902904804           0.000000000000                 -- 
 
 ... end SCF calculation
 
  EIGENVALUES AND EIGENVECTORS: 
 ==============================
 
 
  Eigenvalues for: POSITRON
 -----------------
 
    1          -0.003881977301
    2          -0.003486574626
    3           0.004164166921
    4           0.005873774098
    5           0.005873774098
    6           0.008283766591
    7           0.008283766591
    8           0.009135155596
    9           0.009529298646
   10           0.013063706458
   11           0.013063706458
   12           0.013186407343
   13           0.013819682719
   14           0.017894353138
   15           0.019329945682
   16           0.019329945682
   17           0.023749298617
   18           0.026204392802
   19           0.029279251615
   20           0.038408979167
   21           0.039758517105
   22           0.039758517105
   23           0.042480416535
   24           0.043313415982
   25           0.043376954666
   26           0.043376954666
   27           0.044445494451
   28           0.045235058305
   29           0.045235058305
   30           0.046959905297
   31           0.046959905297
   32           0.047604104257
   33           0.047604104257
   34           0.048994720075
   35           0.049459073103
   36           0.050256332618
   37           0.050256332618
   38           0.053259711691
   39           0.053267739044
   40           0.053630278973
   41           0.053630278973
   42           0.054519133303
   43           0.054519133303
   44           0.055045787896
   45           0.055617139119
   46           0.055962803507
   47           0.055962803507
   48           0.055999627644
   49           0.055999627644
   50           0.057034277493
   51           0.057239374901
   52           0.058324654652
   53           0.058324654652
   54           0.058815267953
   55           0.058815267953
   56           0.059245071671
   57           0.061749829924
   58           0.062114866308
   59           0.191360264920
   60           0.192048048044
   61           0.853361392571
   62           0.853823128729
   63           2.939556429539
   64           2.939907717951
   65          10.800920343814
   66          10.801263777573
   67     1000000.000000000000
   68     1000000.000000000000
 
  end of eigenvalues 
 
  Occupied Eigenvectors for: POSITRON
 --------------------------- 
 
                          -0.0039   
 
    1     E+     S      -0.058280
    2     E+     S       0.048588
    3     E+     S       0.005861
    4     E+     S       0.211335
    5     E+     S       0.289479
    6     E+     S       0.194572
    7     E+     S       0.121264
    8     E+     S      -0.097914
    9     E+     S      -0.006678
   10     E+     S       0.000091
   11     E+    Px       0.195210
   12     E+    Py      -0.000000
   13     E+    Pz      -0.000000
   14     E+    Px      -0.066864
   15     E+    Py       0.000000
   16     E+    Pz      -0.000000
   17     E+    Px       0.044621
   18     E+    Py       0.000000
   19     E+    Pz      -0.000000
   20     E+    Px       0.003364
   21     E+    Py      -0.000000
   22     E+    Pz       0.000000
   23     E+   Dxx       0.060587
   24     E+   Dxy      -0.000000
   25     E+   Dxz      -0.000000
   26     E+   Dyy      -0.001818
   27     E+   Dyz      -0.000000
   28     E+   Dzz      -0.001818
   29     E+   Dxx      -0.036243
   30     E+   Dxy       0.000000
   31     E+   Dxz      -0.000000
   32     E+   Dyy      -0.007518
   33     E+   Dyz       0.000000
   34     E+   Dzz      -0.007518
   35     E+     S      -0.058280
   36     E+     S       0.048588
   37     E+     S       0.005861
   38     E+     S       0.211335
   39     E+     S       0.289479
   40     E+     S       0.194572
   41     E+     S       0.121264
   42     E+     S      -0.097914
   43     E+     S      -0.006678
   44     E+     S       0.000091
   45     E+    Px      -0.195210
   46     E+    Py       0.000000
   47     E+    Pz       0.000000
   48     E+    Px       0.066864
   49     E+    Py      -0.000000
   50     E+    Pz       0.000000
   51     E+    Px      -0.044621
   52     E+    Py      -0.000000
   53     E+    Pz      -0.000000
   54     E+    Px      -0.003364
   55     E+    Py       0.000000
   56     E+    Pz       0.000000
   57     E+   Dxx       0.060587
   58     E+   Dxy      -0.000000
   59     E+   Dxz      -0.000000
   60     E+   Dyy      -0.001818
   61     E+   Dyz       0.000000
   62     E+   Dzz      -0.001818
   63     E+   Dxx      -0.036243
   64     E+   Dxy       0.000000
   65     E+   Dxz      -0.000000
   66     E+   Dyy      -0.007518
   67     E+   Dyz       0.000000
   68     E+   Dzz      -0.007518
 
 
  end of eigenvectors 
 
  END OF EIGENVALUES AND EIGENVECTORS
 
 
  COMPONENTS OF KINETIC ENERGY: 
 -----------------------------
 
            POSITRON Kinetic energy =            0.016947572004
                                     _________________________
               Total kinetic energy =            0.016947572004
 
  COMPONENTS OF POTENTIAL ENERGY: 
 -------------------------------
 
          Fixed potential energy    =            0.444444444444
 
  Quantum/Fixed interaction energy: 
 ----------------------------------
 
    POSITRON/Fixed interact. energy =            0.729191378198
                                     _________________________
               Total Q/Fixed energy =            0.729191378198
 
  Coulomb energy: 
 ------------------
 
   POSITRON/POSITRON Hartree energy =            0.000000000000
                                     _________________________
               Total Hartree energy =            0.000000000000
 
  Exchange(HF) energy: 
 ----------------------
 
           POSITRON Exchange energy =            0.000000000000
                                     _________________________
              Total Exchange energy =            0.000000000000
 
  External Potential energy: 
 ----------------------------
 
            POSITRON Ext Pot energy =           -0.750020927503
                                     _________________________
    Total External Potential energy =           -0.750020927503
 
  TOTAL ENERGY COMPONENTS: 
 ==========================
 
          TOTAL KINETIC ENERGY      =            0.016947572004
          TOTAL POTENTIAL ENERGY    =            0.423614895140
                                     _________________________
                       TOTAL ENERGY =            0.440562467143
 
                 VIRIAL RATIO (V/T) =          -24.995609698608
 
 
  END ENERGY COMPONENTS
 
 
** TOTAL CPU Time SCF :      0.008 (s)
** TOTAL Elapsed Time SCF :      0.088 (s)
 
 We are calculating properties for POSITRON in the HF/KS ground state
 
  POPULATION ANALYSES: 
 ====================
 
 MULLIKEN Population: for POSITRON  
 ---------------------
 
                                    
 
    1     E+     S      -0.010803
    2     E+     S       0.017220
    3     E+     S       0.003168
    4     E+     S       0.137266
    5     E+     S       0.198582
    6     E+     S       0.115102
    7     E+     S       0.046658
    8     E+     S      -0.017122
    9     E+     S      -0.000370
   10     E+     S       0.000001
   11     E+    Px       0.012099
   12     E+    Py      -0.000000
   13     E+    Pz       0.000000
   14     E+    Px      -0.011793
   15     E+    Py      -0.000000
   16     E+    Pz      -0.000000
   17     E+    Px       0.013077
   18     E+    Py      -0.000000
   19     E+    Pz      -0.000000
   20     E+    Px       0.000593
   21     E+    Py       0.000000
   22     E+    Pz       0.000000
   23     E+   Dxx       0.001647
   24     E+   Dxy      -0.000000
   25     E+   Dxz      -0.000000
   26     E+   Dyy      -0.000012
   27     E+   Dyz      -0.000000
   28     E+   Dzz      -0.000012
   29     E+   Dxx      -0.004786
   30     E+   Dxy       0.000000
   31     E+   Dxz       0.000000
   32     E+   Dyy      -0.000258
   33     E+   Dyz       0.000000
   34     E+   Dzz      -0.000258
   35     E+     S      -0.010803
   36     E+     S       0.017220
   37     E+     S       0.003168
   38     E+     S       0.137266
   39     E+     S       0.198582
   40     E+     S       0.115102
   41     E+     S       0.046658
   42     E+     S      -0.017122
   43     E+     S      -0.000370
   44     E+     S       0.000001
   45     E+    Px       0.012099
   46     E+    Py       0.000000
   47     E+    Pz       0.000000
   48     E+    Px      -0.011793
   49     E+    Py      -0.000000
   50     E+    Pz       0.000000
   51     E+    Px       0.013077
   52     E+    Py      -0.000000
   53     E+    Pz      -0.000000
   54     E+    Px       0.000593
   55     E+    Py       0.000000
   56     E+    Pz       0.000000
   57     E+   Dxx       0.001647
   58     E+   Dxy      -0.000000
   59     E+   Dxz      -0.000000
   60     E+   Dyy      -0.000012
   61     E+   Dyz       0.000000
   62     E+   Dzz      -0.000012
   63     E+   Dxx      -0.004786
   64     E+   Dxy       0.000000
   65     E+   Dxz       0.000000
   66     E+   Dyy      -0.000258
   67     E+   Dyz       0.000000
   68     E+   Dzz      -0.000258
 
                           __________
              Total =        1.000000
 
  Atomic MULLIKEN Population: for POSITRON  
            BE               0.500000
            BE               0.500000
 
 ...end of MULLIKEN Population
 
 
 END POPULATION ANALYSES 
 
 
  POPULATION ANALYSES: 
 ====================
 
 LOWDIN Population: for POSITRON  
 ---------------------
 
                                    
 
    1     E+     S       0.001578
    2     E+     S       0.008484
    3     E+     S       0.037608
    4     E+     S       0.111389
    5     E+     S       0.168020
    6     E+     S       0.118261
    7     E+     S       0.034862
    8     E+     S       0.000591
    9     E+     S       0.000168
   10     E+     S       0.000021
   11     E+    Px       0.000271
   12     E+    Py       0.000000
   13     E+    Pz       0.000000
   14     E+    Px       0.002237
   15     E+    Py       0.000000
   16     E+    Pz       0.000000
   17     E+    Px       0.012459
   18     E+    Py       0.000000
   19     E+    Pz       0.000000
   20     E+    Px       0.003014
   21     E+    Py       0.000000
   22     E+    Pz       0.000000
   23     E+   Dxx       0.000006
   24     E+   Dxy       0.000000
   25     E+   Dxz       0.000000
   26     E+   Dyy       0.000006
   27     E+   Dyz       0.000000
   28     E+   Dzz       0.000006
   29     E+   Dxx       0.000737
   30     E+   Dxy       0.000000
   31     E+   Dxz       0.000000
   32     E+   Dyy       0.000142
   33     E+   Dyz       0.000000
   34     E+   Dzz       0.000142
   35     E+     S       0.001578
   36     E+     S       0.008484
   37     E+     S       0.037608
   38     E+     S       0.111389
   39     E+     S       0.168020
   40     E+     S       0.118261
   41     E+     S       0.034862
   42     E+     S       0.000591
   43     E+     S       0.000168
   44     E+     S       0.000021
   45     E+    Px       0.000271
   46     E+    Py       0.000000
   47     E+    Pz       0.000000
   48     E+    Px       0.002237
   49     E+    Py       0.000000
   50     E+    Pz       0.000000
   51     E+    Px       0.012459
   52     E+    Py       0.000000
   53     E+    Pz       0.000000
   54     E+    Px       0.003014
   55     E+    Py       0.000000
   56     E+    Pz       0.000000
   57     E+   Dxx       0.000006
   58     E+   Dxy       0.000000
   59     E+   Dxz       0.000000
   60     E+   Dyy       0.000006
   61     E+   Dyz       0.000000
   62     E+   Dzz       0.000006
   63     E+   Dxx       0.000737
   64     E+   Dxy       0.000000
   65     E+   Dxz       0.000000
   66     E+   Dyy       0.000142
   67     E+   Dyz       0.000000
   68     E+   Dzz       0.000142
 
                           __________
              Total =        1.000000
 
  Atomic LOWDIN Population: for POSITRON  
            BE               0.500000
            BE               0.500000
 
 ...end of LOWDIN Population
 
 
 END POPULATION ANALYSES 
 
 
  EXPECTED POSITIONS OF QUANTUM SPECIES:
 ======================
 
 POSITIONS IN ANGSTROMS
 ------
 
                        <x>      <y>      <z>         
           POSITRON   9.5252   0.0000   0.0000
 
 END EXPECTED POSITIONS
 
 
  ELECTROSTATIC MOMENTS:
 ======================
 
 DIPOLE: (DEBYE)
 ------
 
                           <Dx>         <Dy>         <Dz>          |D|
           POSITRON  45.75143051   0.00000000   0.00000000
    Point charges:  366.01144409   0.00000000   0.00000000
                     ____________________________
      Total Dipole: 411.76287460   0.00000000   0.00000000 411.76287460
 
 QUADRUPOLE NON-TRACELESS: (DEBYE ANGS)
 ------
 
                           <xx>         <yy>         <zz>         <xy>         <xz>         <yz>
           POSITRON    0.00000000    0.00000000    0.00000000    0.00000000    0.00000000    0.00000000
    Point charges:  6972.65665488    0.00000000    0.00000000    0.00000000    0.00000000    0.00000000
  Total Quadrupole: 6972.65665488    0.00000000    0.00000000    0.00000000    0.00000000    0.00000000
                     ____________________________
 
 END ELECTROSTATIC MOMENTS
 


 *****************************************************************************
                               *  Molden2AIM  *
                          Version 3.1.0,  02/25/2015
           It converts the format from MOLDEN to AIM-WFN and NBO-47
 *****************************************************************************


 The MOLDEN file only_posi_171.POSITRON.molden has been found.


 >>> Cartesian basis functions are used.

 >>> SUMMARY

     Number of atoms:                                 2
     Maximum angular momentum:                        2
     Number of primitive Cartesian functions:        68
     Number of contracted Cartesian functions:       68
     Number of primitive spherical functions:        64
     Number of contracted spherical functions:       64
     Number of orbitals to be printed:               68
 =============================================================================


  A new Molden file is generated successfully!
  File Name = only_posi_171.POSITRON_new.molden
 =============================================================================


  A WFN file is generated successfully!
  File Name = only_posi_171.POSITRON.wfn

  Please use
   AIM2000, AIMALL, AIMPAC, AIMPAC2, AIM-UC, CheckDen, DGrid, MORPHY,
   MultiWFN, PAMoC, ProMolden, TopChem, TopMoD, or XAIM

  to analyse the electron density distribution.
 =============================================================================
 --------------------------------------------------------
 WFNFILE                1
          FileName: only_posi_171.POSITRON.wfn       and .molden                                                        
 --------------------------------------------------------
 
 
** TOTAL CPU Time Outputs :      0.050 (s)
** TOTAL Elapsed Time Outputs :      0.045 (s)
 

  TOTAL CPU Time:      0.030 (s)
 TOTAL Wall Time:      0.176 (s)
  Elapsed Time:   0h  0m  0s 176ms
LOWDIN execution terminated normally at : Thu Oct 17 19:54:41 2024
-rw-rw-r-- 1 pmorenor pmorenor 2.1M oct 17 19:54 0POSITRON.ints
-rw-rw-r-- 1 pmorenor pmorenor 2.1M oct 17 19:54 1POSITRON.ints
-rw-rw-r-- 1 pmorenor pmorenor 2.1M oct 17 19:54 2POSITRON.ints
-rw-rw-r-- 1 pmorenor pmorenor 2.1M oct 17 19:54 3POSITRON.ints
-rw-rw-r-- 1 pmorenor pmorenor   69 oct 17 19:54 gepol.inp
-rw-rw-r-- 1 pmorenor pmorenor    0 oct 17 19:54 gepol.xyzr
-rw-rw-r-- 1 pmorenor pmorenor 5.4K oct 17 19:54 lowdin.bas
-rw-rw-r-- 1 pmorenor pmorenor  15K oct 17 19:54 lowdin.dat
-rw-rw-r-- 1 pmorenor pmorenor 473K oct 17 19:54 lowdin.opints
-rw-rw-r-- 1 pmorenor pmorenor  13K oct 17 19:54 lowdin.sys
-rw-rw-r-- 1 pmorenor pmorenor 364K oct 17 19:54 lowdin.wfn
-rw-rw-r-- 1 pmorenor pmorenor 1.7K oct 17 19:54 m2a.ini
-rw-rw-r-- 1 pmorenor pmorenor  418 oct 17 19:54 only_posi_171
-rw-rw-r-- 1 pmorenor pmorenor 1.4K oct 17 19:54 only_posi_171.aux
-rw-rw-r-- 1 pmorenor pmorenor  425 oct 17 19:54 only_posi_171.lowdin
-rw-rw-r-- 1 pmorenor pmorenor  28K oct 17 19:54 only_posi_171.out
-rw-rw-r-- 1 pmorenor pmorenor 105K oct 17 19:54 only_posi_171.POSITRON.molden
-rw-rw-r-- 1 pmorenor pmorenor 124K oct 17 19:54 only_posi_171.POSITRON_new.molden
-rw-rw-r-- 1 pmorenor pmorenor  81K oct 17 19:54 only_posi_171.POSITRON.wfn
-rw-rw-r-- 1 pmorenor pmorenor  37K oct 17 19:54 only_posi_171.vec
