Begin job by input: only_posi_45.lowdin, for user: pmorenor  at  jue 17 oct 2024 19:52:44 -05
under operating system Linux Hefesto 5.4.0-196-generic #216-Ubuntu SMP Thu Aug 29 13:26:53 UTC 2024 x86_64 x86_64 x86_64 GNU/Linux
Compilation information
  commit: f2cffef7078af1231fe3319081e66b682883a80b
  compilation date:  mar 06 feb 2024 16:53:31 -05

BEGIN INPUT INFO:
------------------------------------

GEOMETRY
	E+ GRIBAKIN-10S4P2D        0  0  0.00
	E+ GRIBAKIN-10S4P2D	   10.8 0 0 addParticles=-1
	Be Dirac	0 0 0
	Be Dirac	10.8 0 0
END GEOMETRY

TASKS
        method = "RHF"
END TASKS

EXTERPOTENTIAL
	E+ T52
END EXTERPOTENTIAL

OUTPUTS
	wfnFile
END OUTPUTS


CONTROL
	units="BOHR"
	convergenceMethod=1
	overlapEigenThreshold=1E-6
	SCFGhostSpecies="POSITRON"
	HFprintEigenvalues=T
	totalEnergyTolerance = 1E-9
END CONTROL


... END INPUT INFO


 LOWDIN execution started at : Thu Oct 17 19:52:44 2024
 ---------------------------------------------------------------
 
 ***************************************************************
 *                   LOWDIN 2.0  (May/2013)                    *
 *                                                             *
 *  R. FLORES-MORENO, E. F. POSADA, F. S. MONCADA, J.ROMERO,   *
 *  J. CHARRY, M. DIAZ-TINOCO, S. A. GONZALEZ, N. F. AGUIRRE,  *
 *  A. REYES                                                   *
 *                                                             *
 *  https://sites.google.com/site/lowdinproject/               *
 *                                                             *
 ***************************************************************
 
 PARSING INPUT... DONE!
 
 LOWDIN IS RUNNING WITH NEXT PARAMETERS: 
 ----------------------------------------
 
         METHOD TYPE:  RHF
         NUMBER OF CORES:     4
         NONELECTRONIC DENSITY GUESS: HCORE
         ELECTRONIC DENSITY GUESS: HCORE
         CRITERIUM OF CONVERGENCE: ENERGY
         NONELECTRONIC ENERGY TOLERANCE IN SCFs:     0.10000E-07
         ELECTRONIC ENERGY TOLERANCE IN SCFs:     0.10000E-07
         TOTAL ENERGY TOLERANCE IN SCFs:     0.10000E-08
         SCHEME OF ITERATION: GLOBAL ITERATIONS
         SCF MAX. SUBITERATIONS - NONELECTRONS :     1
         SCF MAX. SUBITERATIONS - ELECTRONS :     1
         SCF MAX. ITERATIONS - INTERSPECIES :   200
         INTEGRAL STORAGE: DISK
         STACK SIZE FOR ERIS : 30000
         METHOD OF SCF CONVERGENCE: DAMPING
 
  MOLECULAR SYSTEM: only_posi_45
 -----------------
 
    DESCRIPTION   : only_posi_45
    CHARGE        :  10
    PUNTUAL GROUP : NONE
 
 
  INFORMATION OF PARTICLES :
 =========================
         Total number of particles   =       3
         Number of quantum particles =       1
         Number of puntual charges   =       2
         Number of quantum species   =       1
 
                 INFORMATION OF QUANTUM SPECIES 
     ---------------------------------------------------------------------
         ID      Symbol            mass     charge     spin     multiplicity
     ---------------------------------------------------------------------
         1             E+         1.0000      1.00      0.50      1.00
 
                   CONSTANTS OF COUPLING 
      ------------------------------------------------------------
           Symbol          kappa      eta     lambda     occupation
      ------------------------------------------------------------
                 E+        -1.0      1.00      1.00      1.00
 
                   BASIS SET FOR SPECIES 
      ------------------------------------------------------------
           Symbol          N. Basis     N. Particles     Basis Set
      ------------------------------------------------------------
                 E+           32                1     GRIBAKIN-1
 
                                ATOMIC BASIS
         ------------------------------------------------------------
          PRIMITIVE   SHELL             EXPONENT         COEFFICIENT 
         ------------------------------------------------------------
 
    BEGIN DESCRIPTION OF BASIS FOR:    E+
    ==============================
 
 
            E+ BASIS SET:GRIBAKIN-10S4P2
             1         S                0.00010000          1.00000000
             1         S                0.00030000          1.00000000
             1         S                0.00090000          1.00000000
             1         S                0.00270000          1.00000000
             1         S                0.00810000          1.00000000
             1         S                0.02430000          1.00000000
             1         S                0.07290000          1.00000000
             1         S                0.21870000          1.00000000
             1         S                0.65610000          1.00000000
             1         S                1.96830000          1.00000000
             1         P                0.00010000          1.00000000
             1         P                0.00030000          1.00000000
             1         P                0.00090000          1.00000000
             1         P                0.00270000          1.00000000
             1         D                0.00010000          1.00000000
             1         D                0.00030000          1.00000000
 
            E+ BASIS SET:GRIBAKIN-10S4P2
             1         S                0.00010000          1.00000000
             1         S                0.00030000          1.00000000
             1         S                0.00090000          1.00000000
             1         S                0.00270000          1.00000000
             1         S                0.00810000          1.00000000
             1         S                0.02430000          1.00000000
             1         S                0.07290000          1.00000000
             1         S                0.21870000          1.00000000
             1         S                0.65610000          1.00000000
             1         S                1.96830000          1.00000000
             1         P                0.00010000          1.00000000
             1         P                0.00030000          1.00000000
             1         P                0.00090000          1.00000000
             1         P                0.00270000          1.00000000
             1         D                0.00010000          1.00000000
             1         D                0.00030000          1.00000000
    ... END DESCRIPTION OF BASIS
 
 
  END INFORMATION OF PARTICLES
 
 
  INFORMATION OF THE QUANTUM SYSTEM 
     ---------------------------------------------------------------------
                 ID     Occupied Orbitals     Basis size
     ---------------------------------------------------------------------
                 E+            1               68
 
  END INFORMATION OF QUANTUM SYSTEM
 
 
  INFORMATION OF EXTERNAL POTENTIALS 
 
 =======
 External Potential for E+ : T52
 Type : 
                     Exponent         l       R_x       R_y       R_z              Factor
                46.4142090600         0   0.00000   0.00000   0.00000       -0.4538438220
                12.8200915000         0   0.00000   0.00000   0.00000       -1.4417258300
                 0.6509542200         0   0.00000   0.00000   0.00000     -181.3764690000
                 0.1411467600         0   0.00000   0.00000   0.00000       -1.9128095300
                 3.9201797200         0   0.00000   0.00000   0.00000       -2.3617162900
                 0.6465474500         0   0.00000   0.00000   0.00000      180.3049600000
                 0.0261865800         0   0.00000   0.00000   0.00000       -0.6554562580
                 0.0003126400         0   0.00000   0.00000   0.00000       -0.1672392340
                 0.0042413400         0   0.00000   0.00000   0.00000       -0.2892373690
                46.4142090600         0  10.80000   0.00000   0.00000       -0.4538438220
                12.8200915000         0  10.80000   0.00000   0.00000       -1.4417258300
                 0.6509542200         0  10.80000   0.00000   0.00000     -181.3764690000
                 0.1411467600         0  10.80000   0.00000   0.00000       -1.9128095300
                 3.9201797200         0  10.80000   0.00000   0.00000       -2.3617162900
                 0.6465474500         0  10.80000   0.00000   0.00000      180.3049600000
                 0.0261865800         0  10.80000   0.00000   0.00000       -0.6554562580
                 0.0003126400         0  10.80000   0.00000   0.00000       -0.1672392340
                 0.0042413400         0  10.80000   0.00000   0.00000       -0.2892373690
 
  END INFORMATION OF EXTERNAL POTENTIALS
 
                       INITIAL GEOMETRY: AMSTRONG
                 -----------------------------------
                       <x>                 <y>                 <z>
        E+        0.0000000000        0.0000000000        0.0000000000
        E+        5.7151142918        0.0000000000        0.0000000000
        BE        0.0000000000        0.0000000000        0.0000000000
        BE        5.7151142918        0.0000000000        0.0000000000
 
                     MATRIX OF DISTANCE: ANGSTROM
                 -----------------------------------
                          BE(1)          BE(2)     
 
        BE(1)            0.000000       5.715114
        BE(2)            5.715114       0.000000
 
--------------------------------------------------------------------------------
** PROGRAM: SCF (Hartree Fock).     Author: S.A. Gonzalez, E. Posada, F. Moncada
--------------------------------------------------------------------------------
INFO: RUNNING IN RHF MODE.
 
----------------------------------------------------------------------
** PROGRAM INTS                          Author: E. F. Posada, 2013   
----------------------------------------------------------------------
INFO: RUNNING IN ONE_PARTICLE MODE.
 
 Number of Overlap integrals for species POSITRON:   4624
 Number of Kinetic integrals for species POSITRON:   4624
 Number of Nuclear integrals for species POSITRON:   4624
 Number of Moment integrals for species POSITRON:  13872
 Number of 3C Overlap integrals for species POSITRON:   4624
 
** TOTAL CPU Time INTS :      0.062 (s)
** TOTAL Elapsed Time INTS :      0.057 (s)
 
Removed     7 orbitals for species POSITRON with overlap eigen threshold of 1.000E-06
 Combination coefficients for POSITRON were read from only_posi_45.vec
     number of   POSITRON     particles in guess density matrix:     1.000000
 Number of unique integrals for species: 1 = 330808
 
 TWO-BODY INTEGRAL SETUP: 
------------------------- 
 Storage:   DISK
 Scheme: LIBINT
 Stack size:  30000
 
 LIBINT library, Fermann, J. T.; Valeev, F. L. 2010                   
 LOWDIN-LIBINT Implementation V. 2.1  Posada E. F. ; Reyes A. 2016   
 ----------------------------------------------------------------------

*** TOTAL CPU time intra-species integrals :      0.088 (s)
*** TOTAL elapsed time intra-species integrals :      0.024 (s)

INFO: RUNNING SCHEME SIMULTANEOUS
 
 Begin Multi-Species SCF calculation:
 
 --------------------------------------------------------------------------------------------------
      Iteration                   Energy            Energy Change           Density Change
 --------------------------------------------------------------------------------------------------
              1           1.479330974111          -1.479330974111           0.653448399485
              2           1.472415633047           0.006915341063           0.000000000000
              3           1.472415633047           0.000000000000           0.000000000000
 Total energy converged after   3 global iterations                                                  
 
 ...end Multi-Species SCF calculation
 
 
 Begin SCF calculation by: POSITRON
 -------------------------
 
 -----------------------------------------------------------------------------------
 Iteration                   Energy           Density Change         DIIS Error 
 -----------------------------------------------------------------------------------
    1          -1.111148469634           0.000000000000                 -- 
    2          -1.111148469634           0.000000000000                 -- 
 
 ... end SCF calculation
 
  EIGENVALUES AND EIGENVECTORS: 
 ==============================
 
 
  Eigenvalues for: POSITRON
 -----------------
 
    1          -0.009065848434
    2           0.002056389262
    3           0.002538656178
    4           0.003552278947
    5           0.003552278947
    6           0.005387442345
    7           0.006676541602
    8           0.006793853438
    9           0.006793853438
   10           0.009152712053
   11           0.009152712053
   12           0.010470192801
   13           0.010926504711
   14           0.014682666203
   15           0.014682666203
   16           0.014824547567
   17           0.015277486136
   18           0.021806807591
   19           0.026457108014
   20           0.035642896885
   21           0.037229054027
   22           0.037229054027
   23           0.041426036037
   24           0.041426036037
   25           0.042494118101
   26           0.044237193238
   27           0.046649414309
   28           0.046649414309
   29           0.047632514111
   30           0.047632514111
   31           0.047795563521
   32           0.049758195776
   33           0.049758195776
   34           0.049992071285
   35           0.051240594247
   36           0.052254110060
   37           0.053134146496
   38           0.054520722785
   39           0.054520722785
   40           0.054904409357
   41           0.054904409357
   42           0.056377389383
   43           0.056377389383
   44           0.056652187391
   45           0.056994933701
   46           0.056994933701
   47           0.057431538672
   48           0.059007033795
   49           0.059248047122
   50           0.059248047122
   51           0.061266333663
   52           0.062176478865
   53           0.062993923015
   54           0.188736141144
   55           0.195028812267
   56           0.853995254824
   57           0.858547488456
   58           2.942207564765
   59           2.944714383756
   60          10.803763753075
   61          10.806974817241
   62     1000000.000000000000
   63     1000000.000000000000
   64     1000000.000000000000
   65     1000000.000000000000
   66     1000000.000000000000
   67     1000000.000000000000
   68     1000000.000000000000
 
  end of eigenvalues 
 
  Occupied Eigenvectors for: POSITRON
 --------------------------- 
 
                          -0.0091   
 
    1     E+     S      -0.009108
    2     E+     S      -0.123593
    3     E+     S       0.025672
    4     E+     S       0.088459
    5     E+     S       0.238338
    6     E+     S       0.241032
    7     E+     S       0.123899
    8     E+     S      -0.107972
    9     E+     S      -0.008233
   10     E+     S       0.000242
   11     E+    Px      -0.007365
   12     E+    Py       0.000000
   13     E+    Pz      -0.000000
   14     E+    Px       0.584571
   15     E+    Py      -0.000000
   16     E+    Pz       0.000000
   17     E+    Px      -0.024988
   18     E+    Py       0.000000
   19     E+    Pz      -0.000000
   20     E+    Px       0.030387
   21     E+    Py      -0.000000
   22     E+    Pz       0.000000
   23     E+   Dxx       0.000787
   24     E+   Dxy       0.000000
   25     E+   Dxz      -0.000000
   26     E+   Dyy       0.001324
   27     E+   Dyz      -0.000000
   28     E+   Dzz       0.001324
   29     E+   Dxx       0.099870
   30     E+   Dxy      -0.000000
   31     E+   Dxz       0.000000
   32     E+   Dyy       0.005755
   33     E+   Dyz      -0.000000
   34     E+   Dzz       0.005755
   35     E+     S      -0.009108
   36     E+     S      -0.123593
   37     E+     S       0.025672
   38     E+     S       0.088459
   39     E+     S       0.238338
   40     E+     S       0.241032
   41     E+     S       0.123899
   42     E+     S      -0.107972
   43     E+     S      -0.008233
   44     E+     S       0.000242
   45     E+    Px       0.007365
   46     E+    Py      -0.000000
   47     E+    Pz       0.000000
   48     E+    Px      -0.584571
   49     E+    Py       0.000000
   50     E+    Pz      -0.000000
   51     E+    Px       0.024988
   52     E+    Py      -0.000000
   53     E+    Pz       0.000000
   54     E+    Px      -0.030387
   55     E+    Py       0.000000
   56     E+    Pz      -0.000000
   57     E+   Dxx       0.000787
   58     E+   Dxy       0.000000
   59     E+   Dxz      -0.000000
   60     E+   Dyy       0.001324
   61     E+   Dyz       0.000000
   62     E+   Dzz       0.001324
   63     E+   Dxx       0.099870
   64     E+   Dxy      -0.000000
   65     E+   Dxz       0.000000
   66     E+   Dyy       0.005755
   67     E+   Dyz       0.000000
   68     E+   Dzz       0.005755
 
 
  end of eigenvectors 
 
  END OF EIGENVALUES AND EIGENVECTORS
 
 
  COMPONENTS OF KINETIC ENERGY: 
 -----------------------------
 
            POSITRON Kinetic energy =            0.019879700661
                                     _________________________
               Total kinetic energy =            0.019879700661
 
  COMPONENTS OF POTENTIAL ENERGY: 
 -------------------------------
 
          Fixed potential energy    =            1.481481481481
 
  Quantum/Fixed interaction energy: 
 ----------------------------------
 
    POSITRON/Fixed interact. energy =            1.073137072105
                                     _________________________
               Total Q/Fixed energy =            1.073137072105
 
  Coulomb energy: 
 ------------------
 
   POSITRON/POSITRON Hartree energy =            0.000000000000
                                     _________________________
               Total Hartree energy =            0.000000000000
 
  Exchange(HF) energy: 
 ----------------------
 
           POSITRON Exchange energy =            0.000000000000
                                     _________________________
              Total Exchange energy =            0.000000000000
 
  External Potential energy: 
 ----------------------------
 
            POSITRON Ext Pot energy =           -1.102082621200
                                     _________________________
    Total External Potential energy =           -1.102082621200
 
  TOTAL ENERGY COMPONENTS: 
 ==========================
 
          TOTAL KINETIC ENERGY      =            0.019879700661
          TOTAL POTENTIAL ENERGY    =            1.452535932387
                                     _________________________
                       TOTAL ENERGY =            1.472415633047
 
                 VIRIAL RATIO (V/T) =          -73.066287927293
 
 
  END ENERGY COMPONENTS
 
 
** TOTAL CPU Time SCF :      0.007 (s)
** TOTAL Elapsed Time SCF :      0.095 (s)
 
 We are calculating properties for POSITRON in the HF/KS ground state
 
  POPULATION ANALYSES: 
 ====================
 
 MULLIKEN Population: for POSITRON  
 ---------------------
 
                                    
 
    1     E+     S      -0.001113
    2     E+     S      -0.032074
    3     E+     S       0.012679
    4     E+     S       0.067602
    5     E+     S       0.209005
    6     E+     S       0.175757
    7     E+     S       0.056073
    8     E+     S      -0.021709
    9     E+     S      -0.000521
   10     E+     S       0.000004
   11     E+    Px      -0.000095
   12     E+    Py      -0.000000
   13     E+    Pz      -0.000000
   14     E+    Px       0.026336
   15     E+    Py      -0.000000
   16     E+    Pz       0.000000
   17     E+    Px      -0.003318
   18     E+    Py       0.000000
   19     E+    Pz      -0.000000
   20     E+    Px       0.008557
   21     E+    Py      -0.000000
   22     E+    Pz       0.000000
   23     E+   Dxx       0.000004
   24     E+   Dxy       0.000000
   25     E+   Dxz       0.000000
   26     E+   Dyy       0.000004
   27     E+   Dyz      -0.000000
   28     E+   Dzz       0.000004
   29     E+   Dxx       0.002606
   30     E+   Dxy       0.000000
   31     E+   Dxz       0.000000
   32     E+   Dyy       0.000100
   33     E+   Dyz      -0.000000
   34     E+   Dzz       0.000100
   35     E+     S      -0.001113
   36     E+     S      -0.032074
   37     E+     S       0.012679
   38     E+     S       0.067602
   39     E+     S       0.209005
   40     E+     S       0.175757
   41     E+     S       0.056073
   42     E+     S      -0.021709
   43     E+     S      -0.000521
   44     E+     S       0.000004
   45     E+    Px      -0.000095
   46     E+    Py      -0.000000
   47     E+    Pz       0.000000
   48     E+    Px       0.026336
   49     E+    Py      -0.000000
   50     E+    Pz      -0.000000
   51     E+    Px      -0.003318
   52     E+    Py       0.000000
   53     E+    Pz       0.000000
   54     E+    Px       0.008557
   55     E+    Py      -0.000000
   56     E+    Pz      -0.000000
   57     E+   Dxx       0.000004
   58     E+   Dxy       0.000000
   59     E+   Dxz       0.000000
   60     E+   Dyy       0.000004
   61     E+   Dyz       0.000000
   62     E+   Dzz       0.000004
   63     E+   Dxx       0.002606
   64     E+   Dxy       0.000000
   65     E+   Dxz      -0.000000
   66     E+   Dyy       0.000100
   67     E+   Dyz       0.000000
   68     E+   Dzz       0.000100
 
                           __________
              Total =        1.000000
 
  Atomic MULLIKEN Population: for POSITRON  
            BE               0.500000
            BE               0.500000
 
 ...end of MULLIKEN Population
 
 
 END POPULATION ANALYSES 
 
 
  POPULATION ANALYSES: 
 ====================
 
 LOWDIN Population: for POSITRON  
 ---------------------
 
                                    
 
    1     E+     S       0.000473
    2     E+     S       0.002741
    3     E+     S       0.019180
    4     E+     S       0.087433
    5     E+     S       0.181202
    6     E+     S       0.149402
    7     E+     S       0.042863
    8     E+     S       0.000606
    9     E+     S       0.000236
   10     E+     S       0.000030
   11     E+    Px       0.000006
   12     E+    Py       0.000000
   13     E+    Pz       0.000000
   14     E+    Px       0.000113
   15     E+    Py       0.000000
   16     E+    Pz       0.000000
   17     E+    Px       0.001441
   18     E+    Py       0.000000
   19     E+    Pz       0.000000
   20     E+    Px       0.014205
   21     E+    Py       0.000000
   22     E+    Pz       0.000000
   23     E+   Dxx       0.000001
   24     E+   Dxy       0.000000
   25     E+   Dxz       0.000000
   26     E+   Dyy       0.000001
   27     E+   Dyz       0.000000
   28     E+   Dzz       0.000001
   29     E+   Dxx       0.000000
   30     E+   Dxy       0.000000
   31     E+   Dxz       0.000000
   32     E+   Dyy       0.000034
   33     E+   Dyz       0.000000
   34     E+   Dzz       0.000034
   35     E+     S       0.000473
   36     E+     S       0.002741
   37     E+     S       0.019180
   38     E+     S       0.087433
   39     E+     S       0.181202
   40     E+     S       0.149402
   41     E+     S       0.042863
   42     E+     S       0.000606
   43     E+     S       0.000236
   44     E+     S       0.000030
   45     E+    Px       0.000006
   46     E+    Py       0.000000
   47     E+    Pz       0.000000
   48     E+    Px       0.000113
   49     E+    Py       0.000000
   50     E+    Pz       0.000000
   51     E+    Px       0.001441
   52     E+    Py       0.000000
   53     E+    Pz       0.000000
   54     E+    Px       0.014205
   55     E+    Py       0.000000
   56     E+    Pz       0.000000
   57     E+   Dxx       0.000001
   58     E+   Dxy       0.000000
   59     E+   Dxz       0.000000
   60     E+   Dyy       0.000001
   61     E+   Dyz       0.000000
   62     E+   Dzz       0.000001
   63     E+   Dxx       0.000000
   64     E+   Dxy       0.000000
   65     E+   Dxz       0.000000
   66     E+   Dyy       0.000034
   67     E+   Dyz       0.000000
   68     E+   Dzz       0.000034
 
                           __________
              Total =        1.000000
 
  Atomic LOWDIN Population: for POSITRON  
            BE               0.500000
            BE               0.500000
 
 ...end of LOWDIN Population
 
 
 END POPULATION ANALYSES 
 
 
  EXPECTED POSITIONS OF QUANTUM SPECIES:
 ======================
 
 POSITIONS IN ANGSTROMS
 ------
 
                        <x>      <y>      <z>         
           POSITRON   2.8576   0.0000   0.0000
 
 END EXPECTED POSITIONS
 
 
  ELECTROSTATIC MOMENTS:
 ======================
 
 DIPOLE: (DEBYE)
 ------
 
                           <Dx>         <Dy>         <Dz>          |D|
           POSITRON  13.72542915   0.00000000   0.00000000
    Point charges:  109.80343323   0.00000000   0.00000000
                     ____________________________
      Total Dipole: 123.52886238   0.00000000   0.00000000 123.52886238
 
 QUADRUPOLE NON-TRACELESS: (DEBYE ANGS)
 ------
 
                           <xx>         <yy>         <zz>         <xy>         <xz>         <yz>
           POSITRON    0.00000000    0.00000000    0.00000000    0.00000000    0.00000000    0.00000000
    Point charges:   627.53909894    0.00000000    0.00000000    0.00000000    0.00000000    0.00000000
  Total Quadrupole:  627.53909894    0.00000000    0.00000000    0.00000000    0.00000000    0.00000000
                     ____________________________
 
 END ELECTROSTATIC MOMENTS
 


 *****************************************************************************
                               *  Molden2AIM  *
                          Version 3.1.0,  02/25/2015
           It converts the format from MOLDEN to AIM-WFN and NBO-47
 *****************************************************************************


 The MOLDEN file only_posi_45.POSITRON.molden has been found.


 >>> Cartesian basis functions are used.

 >>> SUMMARY

     Number of atoms:                                 2
     Maximum angular momentum:                        2
     Number of primitive Cartesian functions:        68
     Number of contracted Cartesian functions:       68
     Number of primitive spherical functions:        64
     Number of contracted spherical functions:       64
     Number of orbitals to be printed:               68
 =============================================================================


  A new Molden file is generated successfully!
  File Name = only_posi_45.POSITRON_new.molden
 =============================================================================


  A WFN file is generated successfully!
  File Name = only_posi_45.POSITRON.wfn

  Please use
   AIM2000, AIMALL, AIMPAC, AIMPAC2, AIM-UC, CheckDen, DGrid, MORPHY,
   MultiWFN, PAMoC, ProMolden, TopChem, TopMoD, or XAIM

  to analyse the electron density distribution.
 =============================================================================
 --------------------------------------------------------
 WFNFILE                1
          FileName: only_posi_45.POSITRON.wfn       and .molden                                                         
 --------------------------------------------------------
 
 
** TOTAL CPU Time Outputs :      0.048 (s)
** TOTAL Elapsed Time Outputs :      0.043 (s)
 

  TOTAL CPU Time:      0.028 (s)
 TOTAL Wall Time:      0.183 (s)
  Elapsed Time:   0h  0m  0s 184ms
LOWDIN execution terminated normally at : Thu Oct 17 19:52:44 2024
-rw-rw-r-- 1 pmorenor pmorenor 2.1M oct 17 19:52 0POSITRON.ints
-rw-rw-r-- 1 pmorenor pmorenor 2.1M oct 17 19:52 1POSITRON.ints
-rw-rw-r-- 1 pmorenor pmorenor 2.1M oct 17 19:52 2POSITRON.ints
-rw-rw-r-- 1 pmorenor pmorenor 2.1M oct 17 19:52 3POSITRON.ints
-rw-rw-r-- 1 pmorenor pmorenor   68 oct 17 19:52 gepol.inp
-rw-rw-r-- 1 pmorenor pmorenor    0 oct 17 19:52 gepol.xyzr
-rw-rw-r-- 1 pmorenor pmorenor 5.4K oct 17 19:52 lowdin.bas
-rw-rw-r-- 1 pmorenor pmorenor  15K oct 17 19:52 lowdin.dat
-rw-rw-r-- 1 pmorenor pmorenor 473K oct 17 19:52 lowdin.opints
-rw-rw-r-- 1 pmorenor pmorenor  13K oct 17 19:52 lowdin.sys
-rw-rw-r-- 1 pmorenor pmorenor 364K oct 17 19:52 lowdin.wfn
-rw-rw-r-- 1 pmorenor pmorenor 1.7K oct 17 19:52 m2a.ini
-rw-rw-r-- 1 pmorenor pmorenor  417 oct 17 19:52 only_posi_45
-rw-rw-r-- 1 pmorenor pmorenor 1.4K oct 17 19:52 only_posi_45.aux
-rw-rw-r-- 1 pmorenor pmorenor  424 oct 17 19:52 only_posi_45.lowdin
-rw-rw-r-- 1 pmorenor pmorenor  28K oct 17 19:52 only_posi_45.out
-rw-rw-r-- 1 pmorenor pmorenor 105K oct 17 19:52 only_posi_45.POSITRON.molden
-rw-rw-r-- 1 pmorenor pmorenor 124K oct 17 19:52 only_posi_45.POSITRON_new.molden
-rw-rw-r-- 1 pmorenor pmorenor  81K oct 17 19:52 only_posi_45.POSITRON.wfn
-rw-rw-r-- 1 pmorenor pmorenor  37K oct 17 19:52 only_posi_45.vec
