Begin job by input: only_posi_198.lowdin, for user: pmorenor  at  jue 17 oct 2024 19:55:05 -05
under operating system Linux Hefesto 5.4.0-196-generic #216-Ubuntu SMP Thu Aug 29 13:26:53 UTC 2024 x86_64 x86_64 x86_64 GNU/Linux
Compilation information
  commit: f2cffef7078af1231fe3319081e66b682883a80b
  compilation date:  mar 06 feb 2024 16:53:31 -05

BEGIN INPUT INFO:
------------------------------------

GEOMETRY
	E+ GRIBAKIN-10S4P2D        0  0  0.00
	E+ GRIBAKIN-10S4P2D	   41.4 0 0 addParticles=-1
	Be Dirac	0 0 0
	Be Dirac	41.4 0 0
END GEOMETRY

TASKS
        method = "RHF"
END TASKS

EXTERPOTENTIAL
	E+ T205
END EXTERPOTENTIAL

OUTPUTS
	wfnFile
END OUTPUTS


CONTROL
	units="BOHR"
	convergenceMethod=1
	overlapEigenThreshold=1E-6
	SCFGhostSpecies="POSITRON"
	HFprintEigenvalues=T
	totalEnergyTolerance = 1E-9
END CONTROL


... END INPUT INFO


 LOWDIN execution started at : Thu Oct 17 19:55:05 2024
 ---------------------------------------------------------------
 
 ***************************************************************
 *                   LOWDIN 2.0  (May/2013)                    *
 *                                                             *
 *  R. FLORES-MORENO, E. F. POSADA, F. S. MONCADA, J.ROMERO,   *
 *  J. CHARRY, M. DIAZ-TINOCO, S. A. GONZALEZ, N. F. AGUIRRE,  *
 *  A. REYES                                                   *
 *                                                             *
 *  https://sites.google.com/site/lowdinproject/               *
 *                                                             *
 ***************************************************************
 
 PARSING INPUT... DONE!
 
 LOWDIN IS RUNNING WITH NEXT PARAMETERS: 
 ----------------------------------------
 
         METHOD TYPE:  RHF
         NUMBER OF CORES:     4
         NONELECTRONIC DENSITY GUESS: HCORE
         ELECTRONIC DENSITY GUESS: HCORE
         CRITERIUM OF CONVERGENCE: ENERGY
         NONELECTRONIC ENERGY TOLERANCE IN SCFs:     0.10000E-07
         ELECTRONIC ENERGY TOLERANCE IN SCFs:     0.10000E-07
         TOTAL ENERGY TOLERANCE IN SCFs:     0.10000E-08
         SCHEME OF ITERATION: GLOBAL ITERATIONS
         SCF MAX. SUBITERATIONS - NONELECTRONS :     1
         SCF MAX. SUBITERATIONS - ELECTRONS :     1
         SCF MAX. ITERATIONS - INTERSPECIES :   200
         INTEGRAL STORAGE: DISK
         STACK SIZE FOR ERIS : 30000
         METHOD OF SCF CONVERGENCE: DAMPING
 
  MOLECULAR SYSTEM: only_posi_198
 -----------------
 
    DESCRIPTION   : only_posi_198
    CHARGE        :  10
    PUNTUAL GROUP : NONE
 
 
  INFORMATION OF PARTICLES :
 =========================
         Total number of particles   =       3
         Number of quantum particles =       1
         Number of puntual charges   =       2
         Number of quantum species   =       1
 
                 INFORMATION OF QUANTUM SPECIES 
     ---------------------------------------------------------------------
         ID      Symbol            mass     charge     spin     multiplicity
     ---------------------------------------------------------------------
         1             E+         1.0000      1.00      0.50      1.00
 
                   CONSTANTS OF COUPLING 
      ------------------------------------------------------------
           Symbol          kappa      eta     lambda     occupation
      ------------------------------------------------------------
                 E+        -1.0      1.00      1.00      1.00
 
                   BASIS SET FOR SPECIES 
      ------------------------------------------------------------
           Symbol          N. Basis     N. Particles     Basis Set
      ------------------------------------------------------------
                 E+           32                1     GRIBAKIN-1
 
                                ATOMIC BASIS
         ------------------------------------------------------------
          PRIMITIVE   SHELL             EXPONENT         COEFFICIENT 
         ------------------------------------------------------------
 
    BEGIN DESCRIPTION OF BASIS FOR:    E+
    ==============================
 
 
            E+ BASIS SET:GRIBAKIN-10S4P2
             1         S                0.00010000          1.00000000
             1         S                0.00030000          1.00000000
             1         S                0.00090000          1.00000000
             1         S                0.00270000          1.00000000
             1         S                0.00810000          1.00000000
             1         S                0.02430000          1.00000000
             1         S                0.07290000          1.00000000
             1         S                0.21870000          1.00000000
             1         S                0.65610000          1.00000000
             1         S                1.96830000          1.00000000
             1         P                0.00010000          1.00000000
             1         P                0.00030000          1.00000000
             1         P                0.00090000          1.00000000
             1         P                0.00270000          1.00000000
             1         D                0.00010000          1.00000000
             1         D                0.00030000          1.00000000
 
            E+ BASIS SET:GRIBAKIN-10S4P2
             1         S                0.00010000          1.00000000
             1         S                0.00030000          1.00000000
             1         S                0.00090000          1.00000000
             1         S                0.00270000          1.00000000
             1         S                0.00810000          1.00000000
             1         S                0.02430000          1.00000000
             1         S                0.07290000          1.00000000
             1         S                0.21870000          1.00000000
             1         S                0.65610000          1.00000000
             1         S                1.96830000          1.00000000
             1         P                0.00010000          1.00000000
             1         P                0.00030000          1.00000000
             1         P                0.00090000          1.00000000
             1         P                0.00270000          1.00000000
             1         D                0.00010000          1.00000000
             1         D                0.00030000          1.00000000
    ... END DESCRIPTION OF BASIS
 
 
  END INFORMATION OF PARTICLES
 
 
  INFORMATION OF THE QUANTUM SYSTEM 
     ---------------------------------------------------------------------
                 ID     Occupied Orbitals     Basis size
     ---------------------------------------------------------------------
                 E+            1               68
 
  END INFORMATION OF QUANTUM SYSTEM
 
 
  INFORMATION OF EXTERNAL POTENTIALS 
 
 =======
 External Potential for E+ : T205
 Type : 
                     Exponent         l       R_x       R_y       R_z              Factor
                46.4142090600         0   0.00000   0.00000   0.00000       -0.4538438220
                12.8200915000         0   0.00000   0.00000   0.00000       -1.4417258300
                 0.6509542200         0   0.00000   0.00000   0.00000     -181.3764690000
                 0.1411467600         0   0.00000   0.00000   0.00000       -1.9128095300
                 3.9201797200         0   0.00000   0.00000   0.00000       -2.3617162900
                 0.6465474500         0   0.00000   0.00000   0.00000      180.3049600000
                 0.0261865800         0   0.00000   0.00000   0.00000       -0.6554562580
                 0.0003126400         0   0.00000   0.00000   0.00000       -0.1672392340
                 0.0042413400         0   0.00000   0.00000   0.00000       -0.2892373690
                46.4142090600         0  41.40000   0.00000   0.00000       -0.4538438220
                12.8200915000         0  41.40000   0.00000   0.00000       -1.4417258300
                 0.6509542200         0  41.40000   0.00000   0.00000     -181.3764690000
                 0.1411467600         0  41.40000   0.00000   0.00000       -1.9128095300
                 3.9201797200         0  41.40000   0.00000   0.00000       -2.3617162900
                 0.6465474500         0  41.40000   0.00000   0.00000      180.3049600000
                 0.0261865800         0  41.40000   0.00000   0.00000       -0.6554562580
                 0.0003126400         0  41.40000   0.00000   0.00000       -0.1672392340
                 0.0042413400         0  41.40000   0.00000   0.00000       -0.2892373690
 
  END INFORMATION OF EXTERNAL POTENTIALS
 
                       INITIAL GEOMETRY: AMSTRONG
                 -----------------------------------
                       <x>                 <y>                 <z>
        E+        0.0000000000        0.0000000000        0.0000000000
        E+       21.9079381185        0.0000000000        0.0000000000
        BE        0.0000000000        0.0000000000        0.0000000000
        BE       21.9079381185        0.0000000000        0.0000000000
 
                     MATRIX OF DISTANCE: ANGSTROM
                 -----------------------------------
                          BE(1)          BE(2)     
 
        BE(1)            0.000000      21.907938
        BE(2)           21.907938       0.000000
 
--------------------------------------------------------------------------------
** PROGRAM: SCF (Hartree Fock).     Author: S.A. Gonzalez, E. Posada, F. Moncada
--------------------------------------------------------------------------------
INFO: RUNNING IN RHF MODE.
 
----------------------------------------------------------------------
** PROGRAM INTS                          Author: E. F. Posada, 2013   
----------------------------------------------------------------------
INFO: RUNNING IN ONE_PARTICLE MODE.
 
 Number of Overlap integrals for species POSITRON:   4624
 Number of Kinetic integrals for species POSITRON:   4624
 Number of Nuclear integrals for species POSITRON:   4624
 Number of Moment integrals for species POSITRON:  13872
 Number of 3C Overlap integrals for species POSITRON:   4624
 
** TOTAL CPU Time INTS :      0.058 (s)
** TOTAL Elapsed Time INTS :      0.050 (s)
 
Removed     1 orbitals for species POSITRON with overlap eigen threshold of 1.000E-06
 Combination coefficients for POSITRON were read from only_posi_198.vec
     number of   POSITRON     particles in guess density matrix:     1.000000
 Number of unique integrals for species: 1 = 290586
 
 TWO-BODY INTEGRAL SETUP: 
------------------------- 
 Storage:   DISK
 Scheme: LIBINT
 Stack size:  30000
 
 LIBINT library, Fermann, J. T.; Valeev, F. L. 2010                   
 LOWDIN-LIBINT Implementation V. 2.1  Posada E. F. ; Reyes A. 2016   
 ----------------------------------------------------------------------

*** TOTAL CPU time intra-species integrals :      0.105 (s)
*** TOTAL elapsed time intra-species integrals :      0.042 (s)

INFO: RUNNING SCHEME SIMULTANEOUS
 
 Begin Multi-Species SCF calculation:
 
 --------------------------------------------------------------------------------------------------
      Iteration                   Energy            Energy Change           Density Change
 --------------------------------------------------------------------------------------------------
              1           0.388895361924          -0.388895361924          16.586990195701
              2           0.383121273678           0.005774088246           0.000000000000
              3           0.383121273678           0.000000000000           0.000000000000
 Total energy converged after   3 global iterations                                                  
 
 ...end Multi-Species SCF calculation
 
 
 Begin SCF calculation by: POSITRON
 -------------------------
 
 -----------------------------------------------------------------------------------
 Iteration                   Energy           Density Change         DIIS Error 
 -----------------------------------------------------------------------------------
    1          -0.744254189047           0.000000000000                 -- 
    2          -0.744254189047           0.000000000000                 -- 
 
 ... end SCF calculation
 
  EIGENVALUES AND EIGENVECTORS: 
 ==============================
 
 
  Eigenvalues for: POSITRON
 -----------------
 
    1          -0.003352156274
    2          -0.003105289875
    3           0.004379592857
    4           0.007607670971
    5           0.007607670971
    6           0.009871988149
    7           0.009871988149
    8           0.009982178656
    9           0.010322469969
   10           0.014760941829
   11           0.014760941829
   12           0.015727664762
   13           0.016057448652
   14           0.019055838634
   15           0.021309440333
   16           0.021309440333
   17           0.026680851607
   18           0.028403809832
   19           0.030139785144
   20           0.038771668734
   21           0.040569487107
   22           0.040569487107
   23           0.042189184232
   24           0.043153160600
   25           0.043485908461
   26           0.043485908461
   27           0.044540632062
   28           0.045237794507
   29           0.045237794507
   30           0.047029439265
   31           0.047029439265
   32           0.047697333192
   33           0.047697333192
   34           0.048446138199
   35           0.049150054412
   36           0.050419864054
   37           0.050419864054
   38           0.051688435804
   39           0.053351943102
   40           0.053351943102
   41           0.053409576599
   42           0.054381254204
   43           0.054381254204
   44           0.054640575079
   45           0.054910440519
   46           0.055654454418
   47           0.055654454418
   48           0.055681923570
   49           0.055873505887
   50           0.055873505887
   51           0.056942453643
   52           0.057796432059
   53           0.057796432059
   54           0.058700104178
   55           0.058700104178
   56           0.058743354371
   57           0.059620331441
   58           0.061645627455
   59           0.061954806907
   60           0.191837865494
   61           0.192399834821
   62           0.853520321440
   63           0.854040592367
   64           2.939653406054
   65           2.940094137872
   66          10.800992168725
   67          10.801443862230
   68     1000000.000000000000
 
  end of eigenvalues 
 
  Occupied Eigenvectors for: POSITRON
 --------------------------- 
 
                          -0.0034   
 
    1     E+     S      -0.012230
    2     E+     S      -0.003062
    3     E+     S       0.027041
    4     E+     S       0.195330
    5     E+     S       0.300689
    6     E+     S       0.197764
    7     E+     S       0.122192
    8     E+     S      -0.098782
    9     E+     S      -0.006769
   10     E+     S       0.000096
   11     E+    Px       0.034919
   12     E+    Py      -0.000000
   13     E+    Pz      -0.000000
   14     E+    Px      -0.006307
   15     E+    Py       0.000000
   16     E+    Pz       0.000000
   17     E+    Px       0.013881
   18     E+    Py      -0.000000
   19     E+    Pz      -0.000000
   20     E+    Px       0.065183
   21     E+    Py       0.000000
   22     E+    Pz       0.000000
   23     E+   Dxx       0.012141
   24     E+   Dxy      -0.000000
   25     E+   Dxz      -0.000000
   26     E+   Dyy      -0.000315
   27     E+   Dyz      -0.000000
   28     E+   Dzz      -0.000315
   29     E+   Dxx      -0.000867
   30     E+   Dxy       0.000000
   31     E+   Dxz       0.000000
   32     E+   Dyy      -0.000460
   33     E+   Dyz       0.000000
   34     E+   Dzz      -0.000460
   35     E+     S      -0.012230
   36     E+     S      -0.003062
   37     E+     S       0.027041
   38     E+     S       0.195330
   39     E+     S       0.300689
   40     E+     S       0.197764
   41     E+     S       0.122192
   42     E+     S      -0.098782
   43     E+     S      -0.006769
   44     E+     S       0.000096
   45     E+    Px      -0.034919
   46     E+    Py       0.000000
   47     E+    Pz       0.000000
   48     E+    Px       0.006307
   49     E+    Py      -0.000000
   50     E+    Pz      -0.000000
   51     E+    Px      -0.013881
   52     E+    Py       0.000000
   53     E+    Pz       0.000000
   54     E+    Px      -0.065183
   55     E+    Py       0.000000
   56     E+    Pz      -0.000000
   57     E+   Dxx       0.012141
   58     E+   Dxy      -0.000000
   59     E+   Dxz      -0.000000
   60     E+   Dyy      -0.000315
   61     E+   Dyz       0.000000
   62     E+   Dzz      -0.000315
   63     E+   Dxx      -0.000867
   64     E+   Dxy       0.000000
   65     E+   Dxz       0.000000
   66     E+   Dyy      -0.000460
   67     E+   Dyz      -0.000000
   68     E+   Dzz      -0.000460
 
 
  end of eigenvectors 
 
  END OF EIGENVALUES AND EIGENVECTORS
 
 
  COMPONENTS OF KINETIC ENERGY: 
 -----------------------------
 
            POSITRON Kinetic energy =            0.017456939880
                                     _________________________
               Total kinetic energy =            0.017456939880
 
  COMPONENTS OF POTENTIAL ENERGY: 
 -------------------------------
 
          Fixed potential energy    =            0.386473429952
 
  Quantum/Fixed interaction energy: 
 ----------------------------------
 
    POSITRON/Fixed interact. energy =            0.720092936619
                                     _________________________
               Total Q/Fixed energy =            0.720092936619
 
  Coulomb energy: 
 ------------------
 
   POSITRON/POSITRON Hartree energy =            0.000000000000
                                     _________________________
               Total Hartree energy =            0.000000000000
 
  Exchange(HF) energy: 
 ----------------------
 
           POSITRON Exchange energy =            0.000000000000
                                     _________________________
              Total Exchange energy =            0.000000000000
 
  External Potential energy: 
 ----------------------------
 
            POSITRON Ext Pot energy =           -0.740902032773
                                     _________________________
    Total External Potential energy =           -0.740902032773
 
  TOTAL ENERGY COMPONENTS: 
 ==========================
 
          TOTAL KINETIC ENERGY      =            0.017456939880
          TOTAL POTENTIAL ENERGY    =            0.365664333798
                                     _________________________
                       TOTAL ENERGY =            0.383121273678
 
                 VIRIAL RATIO (V/T) =          -20.946645649503
 
 
  END ENERGY COMPONENTS
 
 
** TOTAL CPU Time SCF :      0.008 (s)
** TOTAL Elapsed Time SCF :      0.108 (s)
 
 We are calculating properties for POSITRON in the HF/KS ground state
 
  POPULATION ANALYSES: 
 ====================
 
 MULLIKEN Population: for POSITRON  
 ---------------------
 
                                    
 
    1     E+     S      -0.002199
    2     E+     S      -0.001035
    3     E+     S       0.013654
    4     E+     S       0.121199
    5     E+     S       0.204211
    6     E+     S       0.117374
    7     E+     S       0.047379
    8     E+     S      -0.017430
    9     E+     S      -0.000379
   10     E+     S       0.000001
   11     E+    Px       0.002395
   12     E+    Py      -0.000000
   13     E+    Pz      -0.000000
   14     E+    Px      -0.001189
   15     E+    Py       0.000000
   16     E+    Pz       0.000000
   17     E+    Px       0.004053
   18     E+    Py       0.000000
   19     E+    Pz      -0.000000
   20     E+    Px       0.011744
   21     E+    Py      -0.000000
   22     E+    Pz       0.000000
   23     E+   Dxx       0.000381
   24     E+   Dxy      -0.000000
   25     E+   Dxz       0.000000
   26     E+   Dyy      -0.000002
   27     E+   Dyz       0.000000
   28     E+   Dzz      -0.000002
   29     E+   Dxx      -0.000126
   30     E+   Dxy       0.000000
   31     E+   Dxz      -0.000000
   32     E+   Dyy      -0.000014
   33     E+   Dyz       0.000000
   34     E+   Dzz      -0.000014
   35     E+     S      -0.002199
   36     E+     S      -0.001035
   37     E+     S       0.013654
   38     E+     S       0.121199
   39     E+     S       0.204211
   40     E+     S       0.117374
   41     E+     S       0.047379
   42     E+     S      -0.017430
   43     E+     S      -0.000379
   44     E+     S       0.000001
   45     E+    Px       0.002395
   46     E+    Py       0.000000
   47     E+    Pz       0.000000
   48     E+    Px      -0.001189
   49     E+    Py      -0.000000
   50     E+    Pz      -0.000000
   51     E+    Px       0.004053
   52     E+    Py      -0.000000
   53     E+    Pz       0.000000
   54     E+    Px       0.011744
   55     E+    Py       0.000000
   56     E+    Pz      -0.000000
   57     E+   Dxx       0.000381
   58     E+   Dxy       0.000000
   59     E+   Dxz       0.000000
   60     E+   Dyy      -0.000002
   61     E+   Dyz      -0.000000
   62     E+   Dzz      -0.000002
   63     E+   Dxx      -0.000126
   64     E+   Dxy      -0.000000
   65     E+   Dxz      -0.000000
   66     E+   Dyy      -0.000014
   67     E+   Dyz      -0.000000
   68     E+   Dzz      -0.000014
 
                           __________
              Total =        1.000000
 
  Atomic MULLIKEN Population: for POSITRON  
            BE               0.500000
            BE               0.500000
 
 ...end of MULLIKEN Population
 
 
 END POPULATION ANALYSES 
 
 
  POPULATION ANALYSES: 
 ====================
 
 LOWDIN Population: for POSITRON  
 ---------------------
 
                                    
 
    1     E+     S       0.001513
    2     E+     S       0.007436
    3     E+     S       0.033628
    4     E+     S       0.104868
    5     E+     S       0.170275
    6     E+     S       0.121816
    7     E+     S       0.035747
    8     E+     S       0.000612
    9     E+     S       0.000170
   10     E+     S       0.000021
   11     E+    Px       0.000284
   12     E+    Py       0.000000
   13     E+    Pz       0.000000
   14     E+    Px       0.002641
   15     E+    Py       0.000000
   16     E+    Pz       0.000000
   17     E+    Px       0.011787
   18     E+    Py       0.000000
   19     E+    Pz       0.000000
   20     E+    Px       0.007803
   21     E+    Py       0.000000
   22     E+    Pz       0.000000
   23     E+   Dxx       0.000011
   24     E+   Dxy       0.000000
   25     E+   Dxz       0.000000
   26     E+   Dyy       0.000006
   27     E+   Dyz       0.000000
   28     E+   Dzz       0.000006
   29     E+   Dxx       0.001061
   30     E+   Dxy       0.000000
   31     E+   Dxz       0.000000
   32     E+   Dyy       0.000158
   33     E+   Dyz       0.000000
   34     E+   Dzz       0.000158
   35     E+     S       0.001513
   36     E+     S       0.007436
   37     E+     S       0.033628
   38     E+     S       0.104868
   39     E+     S       0.170275
   40     E+     S       0.121816
   41     E+     S       0.035747
   42     E+     S       0.000612
   43     E+     S       0.000170
   44     E+     S       0.000021
   45     E+    Px       0.000284
   46     E+    Py       0.000000
   47     E+    Pz       0.000000
   48     E+    Px       0.002641
   49     E+    Py       0.000000
   50     E+    Pz       0.000000
   51     E+    Px       0.011787
   52     E+    Py       0.000000
   53     E+    Pz       0.000000
   54     E+    Px       0.007803
   55     E+    Py       0.000000
   56     E+    Pz       0.000000
   57     E+   Dxx       0.000011
   58     E+   Dxy       0.000000
   59     E+   Dxz       0.000000
   60     E+   Dyy       0.000006
   61     E+   Dyz       0.000000
   62     E+   Dzz       0.000006
   63     E+   Dxx       0.001061
   64     E+   Dxy       0.000000
   65     E+   Dxz       0.000000
   66     E+   Dyy       0.000158
   67     E+   Dyz       0.000000
   68     E+   Dzz       0.000158
 
                           __________
              Total =        1.000000
 
  Atomic LOWDIN Population: for POSITRON  
            BE               0.500000
            BE               0.500000
 
 ...end of LOWDIN Population
 
 
 END POPULATION ANALYSES 
 
 
  EXPECTED POSITIONS OF QUANTUM SPECIES:
 ======================
 
 POSITIONS IN ANGSTROMS
 ------
 
                        <x>      <y>      <z>         
           POSITRON  10.9540   0.0000   0.0000
 
 END EXPECTED POSITIONS
 
 
  ELECTROSTATIC MOMENTS:
 ======================
 
 DIPOLE: (DEBYE)
 ------
 
                           <Dx>         <Dy>         <Dz>          |D|
           POSITRON  52.61414509   0.00000000   0.00000000
    Point charges:  420.91316071   0.00000000   0.00000000
                     ____________________________
      Total Dipole: 473.52730579   0.00000000   0.00000000 473.52730579
 
 QUADRUPOLE NON-TRACELESS: (DEBYE ANGS)
 ------
 
                           <xx>         <yy>         <zz>         <xy>         <xz>         <yz>
           POSITRON    0.00000000    0.00000000    0.00000000    0.00000000    0.00000000    0.00000000
    Point charges:  9221.33842608    0.00000000    0.00000000    0.00000000    0.00000000    0.00000000
  Total Quadrupole: 9221.33842608    0.00000000    0.00000000    0.00000000    0.00000000    0.00000000
                     ____________________________
 
 END ELECTROSTATIC MOMENTS
 


 *****************************************************************************
                               *  Molden2AIM  *
                          Version 3.1.0,  02/25/2015
           It converts the format from MOLDEN to AIM-WFN and NBO-47
 *****************************************************************************


 The MOLDEN file only_posi_198.POSITRON.molden has been found.


 >>> Cartesian basis functions are used.

 >>> SUMMARY

     Number of atoms:                                 2
     Maximum angular momentum:                        2
     Number of primitive Cartesian functions:        68
     Number of contracted Cartesian functions:       68
     Number of primitive spherical functions:        64
     Number of contracted spherical functions:       64
     Number of orbitals to be printed:               68
 =============================================================================


  A new Molden file is generated successfully!
  File Name = only_posi_198.POSITRON_new.molden
 =============================================================================


  A WFN file is generated successfully!
  File Name = only_posi_198.POSITRON.wfn

  Please use
   AIM2000, AIMALL, AIMPAC, AIMPAC2, AIM-UC, CheckDen, DGrid, MORPHY,
   MultiWFN, PAMoC, ProMolden, TopChem, TopMoD, or XAIM

  to analyse the electron density distribution.
 =============================================================================
 --------------------------------------------------------
 WFNFILE                1
          FileName: only_posi_198.POSITRON.wfn       and .molden                                                        
 --------------------------------------------------------
 
 
** TOTAL CPU Time Outputs :      0.057 (s)
** TOTAL Elapsed Time Outputs :      0.047 (s)
 

  TOTAL CPU Time:      0.030 (s)
 TOTAL Wall Time:      0.200 (s)
  Elapsed Time:   0h  0m  0s 200ms
LOWDIN execution terminated normally at : Thu Oct 17 19:55:05 2024
-rw-rw-r-- 1 pmorenor pmorenor 2.1M oct 17 19:55 0POSITRON.ints
-rw-rw-r-- 1 pmorenor pmorenor 2.1M oct 17 19:55 1POSITRON.ints
-rw-rw-r-- 1 pmorenor pmorenor 2.1M oct 17 19:55 2POSITRON.ints
-rw-rw-r-- 1 pmorenor pmorenor 2.1M oct 17 19:55 3POSITRON.ints
-rw-rw-r-- 1 pmorenor pmorenor   69 oct 17 19:55 gepol.inp
-rw-rw-r-- 1 pmorenor pmorenor    0 oct 17 19:55 gepol.xyzr
-rw-rw-r-- 1 pmorenor pmorenor 5.4K oct 17 19:55 lowdin.bas
-rw-rw-r-- 1 pmorenor pmorenor  15K oct 17 19:55 lowdin.dat
-rw-rw-r-- 1 pmorenor pmorenor 473K oct 17 19:55 lowdin.opints
-rw-rw-r-- 1 pmorenor pmorenor  13K oct 17 19:55 lowdin.sys
-rw-rw-r-- 1 pmorenor pmorenor 364K oct 17 19:55 lowdin.wfn
-rw-rw-r-- 1 pmorenor pmorenor 1.7K oct 17 19:55 m2a.ini
-rw-rw-r-- 1 pmorenor pmorenor  418 oct 17 19:55 only_posi_198
-rw-rw-r-- 1 pmorenor pmorenor 1.4K oct 17 19:55 only_posi_198.aux
-rw-rw-r-- 1 pmorenor pmorenor  425 oct 17 19:55 only_posi_198.lowdin
-rw-rw-r-- 1 pmorenor pmorenor  28K oct 17 19:55 only_posi_198.out
-rw-rw-r-- 1 pmorenor pmorenor 105K oct 17 19:55 only_posi_198.POSITRON.molden
-rw-rw-r-- 1 pmorenor pmorenor 124K oct 17 19:55 only_posi_198.POSITRON_new.molden
-rw-rw-r-- 1 pmorenor pmorenor  81K oct 17 19:55 only_posi_198.POSITRON.wfn
-rw-rw-r-- 1 pmorenor pmorenor  37K oct 17 19:55 only_posi_198.vec
