Begin job by input: only_posi_51.lowdin, for user: pmorenor  at  jue 17 oct 2024 19:52:50 -05
under operating system Linux Hefesto 5.4.0-196-generic #216-Ubuntu SMP Thu Aug 29 13:26:53 UTC 2024 x86_64 x86_64 x86_64 GNU/Linux
Compilation information
  commit: f2cffef7078af1231fe3319081e66b682883a80b
  compilation date:  mar 06 feb 2024 16:53:31 -05

BEGIN INPUT INFO:
------------------------------------

GEOMETRY
	E+ GRIBAKIN-10S4P2D        0  0  0.00
	E+ GRIBAKIN-10S4P2D	   12.0 0 0 addParticles=-1
	Be Dirac	0 0 0
	Be Dirac	12.0 0 0
END GEOMETRY

TASKS
        method = "RHF"
END TASKS

EXTERPOTENTIAL
	E+ T58
END EXTERPOTENTIAL

OUTPUTS
	wfnFile
END OUTPUTS


CONTROL
	units="BOHR"
	convergenceMethod=1
	overlapEigenThreshold=1E-6
	SCFGhostSpecies="POSITRON"
	HFprintEigenvalues=T
	totalEnergyTolerance = 1E-9
END CONTROL


... END INPUT INFO


 LOWDIN execution started at : Thu Oct 17 19:52:50 2024
 ---------------------------------------------------------------
 
 ***************************************************************
 *                   LOWDIN 2.0  (May/2013)                    *
 *                                                             *
 *  R. FLORES-MORENO, E. F. POSADA, F. S. MONCADA, J.ROMERO,   *
 *  J. CHARRY, M. DIAZ-TINOCO, S. A. GONZALEZ, N. F. AGUIRRE,  *
 *  A. REYES                                                   *
 *                                                             *
 *  https://sites.google.com/site/lowdinproject/               *
 *                                                             *
 ***************************************************************
 
 PARSING INPUT... DONE!
 
 LOWDIN IS RUNNING WITH NEXT PARAMETERS: 
 ----------------------------------------
 
         METHOD TYPE:  RHF
         NUMBER OF CORES:     4
         NONELECTRONIC DENSITY GUESS: HCORE
         ELECTRONIC DENSITY GUESS: HCORE
         CRITERIUM OF CONVERGENCE: ENERGY
         NONELECTRONIC ENERGY TOLERANCE IN SCFs:     0.10000E-07
         ELECTRONIC ENERGY TOLERANCE IN SCFs:     0.10000E-07
         TOTAL ENERGY TOLERANCE IN SCFs:     0.10000E-08
         SCHEME OF ITERATION: GLOBAL ITERATIONS
         SCF MAX. SUBITERATIONS - NONELECTRONS :     1
         SCF MAX. SUBITERATIONS - ELECTRONS :     1
         SCF MAX. ITERATIONS - INTERSPECIES :   200
         INTEGRAL STORAGE: DISK
         STACK SIZE FOR ERIS : 30000
         METHOD OF SCF CONVERGENCE: DAMPING
 
  MOLECULAR SYSTEM: only_posi_51
 -----------------
 
    DESCRIPTION   : only_posi_51
    CHARGE        :  10
    PUNTUAL GROUP : NONE
 
 
  INFORMATION OF PARTICLES :
 =========================
         Total number of particles   =       3
         Number of quantum particles =       1
         Number of puntual charges   =       2
         Number of quantum species   =       1
 
                 INFORMATION OF QUANTUM SPECIES 
     ---------------------------------------------------------------------
         ID      Symbol            mass     charge     spin     multiplicity
     ---------------------------------------------------------------------
         1             E+         1.0000      1.00      0.50      1.00
 
                   CONSTANTS OF COUPLING 
      ------------------------------------------------------------
           Symbol          kappa      eta     lambda     occupation
      ------------------------------------------------------------
                 E+        -1.0      1.00      1.00      1.00
 
                   BASIS SET FOR SPECIES 
      ------------------------------------------------------------
           Symbol          N. Basis     N. Particles     Basis Set
      ------------------------------------------------------------
                 E+           32                1     GRIBAKIN-1
 
                                ATOMIC BASIS
         ------------------------------------------------------------
          PRIMITIVE   SHELL             EXPONENT         COEFFICIENT 
         ------------------------------------------------------------
 
    BEGIN DESCRIPTION OF BASIS FOR:    E+
    ==============================
 
 
            E+ BASIS SET:GRIBAKIN-10S4P2
             1         S                0.00010000          1.00000000
             1         S                0.00030000          1.00000000
             1         S                0.00090000          1.00000000
             1         S                0.00270000          1.00000000
             1         S                0.00810000          1.00000000
             1         S                0.02430000          1.00000000
             1         S                0.07290000          1.00000000
             1         S                0.21870000          1.00000000
             1         S                0.65610000          1.00000000
             1         S                1.96830000          1.00000000
             1         P                0.00010000          1.00000000
             1         P                0.00030000          1.00000000
             1         P                0.00090000          1.00000000
             1         P                0.00270000          1.00000000
             1         D                0.00010000          1.00000000
             1         D                0.00030000          1.00000000
 
            E+ BASIS SET:GRIBAKIN-10S4P2
             1         S                0.00010000          1.00000000
             1         S                0.00030000          1.00000000
             1         S                0.00090000          1.00000000
             1         S                0.00270000          1.00000000
             1         S                0.00810000          1.00000000
             1         S                0.02430000          1.00000000
             1         S                0.07290000          1.00000000
             1         S                0.21870000          1.00000000
             1         S                0.65610000          1.00000000
             1         S                1.96830000          1.00000000
             1         P                0.00010000          1.00000000
             1         P                0.00030000          1.00000000
             1         P                0.00090000          1.00000000
             1         P                0.00270000          1.00000000
             1         D                0.00010000          1.00000000
             1         D                0.00030000          1.00000000
    ... END DESCRIPTION OF BASIS
 
 
  END INFORMATION OF PARTICLES
 
 
  INFORMATION OF THE QUANTUM SYSTEM 
     ---------------------------------------------------------------------
                 ID     Occupied Orbitals     Basis size
     ---------------------------------------------------------------------
                 E+            1               68
 
  END INFORMATION OF QUANTUM SYSTEM
 
 
  INFORMATION OF EXTERNAL POTENTIALS 
 
 =======
 External Potential for E+ : T58
 Type : 
                     Exponent         l       R_x       R_y       R_z              Factor
                46.4142090600         0   0.00000   0.00000   0.00000       -0.4538438220
                12.8200915000         0   0.00000   0.00000   0.00000       -1.4417258300
                 0.6509542200         0   0.00000   0.00000   0.00000     -181.3764690000
                 0.1411467600         0   0.00000   0.00000   0.00000       -1.9128095300
                 3.9201797200         0   0.00000   0.00000   0.00000       -2.3617162900
                 0.6465474500         0   0.00000   0.00000   0.00000      180.3049600000
                 0.0261865800         0   0.00000   0.00000   0.00000       -0.6554562580
                 0.0003126400         0   0.00000   0.00000   0.00000       -0.1672392340
                 0.0042413400         0   0.00000   0.00000   0.00000       -0.2892373690
                46.4142090600         0  12.00000   0.00000   0.00000       -0.4538438220
                12.8200915000         0  12.00000   0.00000   0.00000       -1.4417258300
                 0.6509542200         0  12.00000   0.00000   0.00000     -181.3764690000
                 0.1411467600         0  12.00000   0.00000   0.00000       -1.9128095300
                 3.9201797200         0  12.00000   0.00000   0.00000       -2.3617162900
                 0.6465474500         0  12.00000   0.00000   0.00000      180.3049600000
                 0.0261865800         0  12.00000   0.00000   0.00000       -0.6554562580
                 0.0003126400         0  12.00000   0.00000   0.00000       -0.1672392340
                 0.0042413400         0  12.00000   0.00000   0.00000       -0.2892373690
 
  END INFORMATION OF EXTERNAL POTENTIALS
 
                       INITIAL GEOMETRY: AMSTRONG
                 -----------------------------------
                       <x>                 <y>                 <z>
        E+        0.0000000000        0.0000000000        0.0000000000
        E+        6.3501269909        0.0000000000        0.0000000000
        BE        0.0000000000        0.0000000000        0.0000000000
        BE        6.3501269909        0.0000000000        0.0000000000
 
                     MATRIX OF DISTANCE: ANGSTROM
                 -----------------------------------
                          BE(1)          BE(2)     
 
        BE(1)            0.000000       6.350127
        BE(2)            6.350127       0.000000
 
--------------------------------------------------------------------------------
** PROGRAM: SCF (Hartree Fock).     Author: S.A. Gonzalez, E. Posada, F. Moncada
--------------------------------------------------------------------------------
INFO: RUNNING IN RHF MODE.
 
----------------------------------------------------------------------
** PROGRAM INTS                          Author: E. F. Posada, 2013   
----------------------------------------------------------------------
INFO: RUNNING IN ONE_PARTICLE MODE.
 
 Number of Overlap integrals for species POSITRON:   4624
 Number of Kinetic integrals for species POSITRON:   4624
 Number of Nuclear integrals for species POSITRON:   4624
 Number of Moment integrals for species POSITRON:  13872
 Number of 3C Overlap integrals for species POSITRON:   4624
 
** TOTAL CPU Time INTS :      0.059 (s)
** TOTAL Elapsed Time INTS :      0.052 (s)
 
Removed     5 orbitals for species POSITRON with overlap eigen threshold of 1.000E-06
 Combination coefficients for POSITRON were read from only_posi_51.vec
     number of   POSITRON     particles in guess density matrix:     1.000000
 Number of unique integrals for species: 1 = 329551
 
 TWO-BODY INTEGRAL SETUP: 
------------------------- 
 Storage:   DISK
 Scheme: LIBINT
 Stack size:  30000
 
 LIBINT library, Fermann, J. T.; Valeev, F. L. 2010                   
 LOWDIN-LIBINT Implementation V. 2.1  Posada E. F. ; Reyes A. 2016   
 ----------------------------------------------------------------------

*** TOTAL CPU time intra-species integrals :      0.092 (s)
*** TOTAL elapsed time intra-species integrals :      0.024 (s)

INFO: RUNNING SCHEME SIMULTANEOUS
 
 Begin Multi-Species SCF calculation:
 
 --------------------------------------------------------------------------------------------------
      Iteration                   Energy            Energy Change           Density Change
 --------------------------------------------------------------------------------------------------
              1           1.330028846391          -1.330028846391           0.450676530793
              2           1.325381060803           0.004647785588           0.000000000000
              3           1.325381060803           0.000000000000           0.000000000000
 Total energy converged after   3 global iterations                                                  
 
 ...end Multi-Species SCF calculation
 
 
 Begin SCF calculation by: POSITRON
 -------------------------
 
 -----------------------------------------------------------------------------------
 Iteration                   Energy           Density Change         DIIS Error 
 -----------------------------------------------------------------------------------
    1          -1.049351790406           0.000000000000                 -- 
    2          -1.049351790406           0.000000000000                 -- 
 
 ... end SCF calculation
 
  EIGENVALUES AND EIGENVECTORS: 
 ==============================
 
 
  Eigenvalues for: POSITRON
 -----------------
 
    1          -0.007952272530
    2           0.001518124290
    3           0.002637801617
    4           0.003593102745
    5           0.003593102745
    6           0.005099171192
    7           0.006705362716
    8           0.006788788439
    9           0.006788788439
   10           0.009264780435
   11           0.009264780435
   12           0.010448730583
   13           0.011363727384
   14           0.014700188300
   15           0.014700188300
   16           0.014839809967
   17           0.014999911057
   18           0.021768711766
   19           0.026789922830
   20           0.035678288475
   21           0.037291504689
   22           0.037291504689
   23           0.041516566215
   24           0.041516566215
   25           0.042483085187
   26           0.044223958120
   27           0.046658788962
   28           0.046658788962
   29           0.047625089320
   30           0.047625089320
   31           0.047876023420
   32           0.049512950910
   33           0.049512950911
   34           0.049960908075
   35           0.051777443169
   36           0.052545324966
   37           0.052763339095
   38           0.054133478065
   39           0.054133478072
   40           0.054498606641
   41           0.054498606641
   42           0.054895507600
   43           0.054895507600
   44           0.056368251653
   45           0.056368251653
   46           0.056606441147
   47           0.057735515370
   48           0.058929962079
   49           0.059235376204
   50           0.059235376204
   51           0.060094381448
   52           0.060094381456
   53           0.061229247007
   54           0.062156643777
   55           0.062960522641
   56           0.191362714565
   57           0.193653844010
   58           0.853098978545
   59           0.859257621927
   60           2.940995317107
   61           2.945104454457
   62          10.802898612026
   63          10.806647423071
   64     1000000.000000000000
   65     1000000.000000000000
   66     1000000.000000000000
   67     1000000.000000000000
   68     1000000.000000000000
 
  end of eigenvalues 
 
  Occupied Eigenvectors for: POSITRON
 --------------------------- 
 
                          -0.0080   
 
    1     E+     S       0.010451
    2     E+     S       0.108434
    3     E+     S      -0.032348
    4     E+     S      -0.101466
    5     E+     S      -0.250158
    6     E+     S      -0.223639
    7     E+     S      -0.120640
    8     E+     S       0.103676
    9     E+     S       0.007817
   10     E+     S      -0.000214
   11     E+    Px       0.006009
   12     E+    Py       0.000000
   13     E+    Pz       0.000000
   14     E+    Px      -0.441471
   15     E+    Py      -0.000000
   16     E+    Pz       0.000000
   17     E+    Px       0.022761
   18     E+    Py       0.000000
   19     E+    Pz      -0.000000
   20     E+    Px      -0.029472
   21     E+    Py      -0.000000
   22     E+    Pz       0.000000
   23     E+   Dxx      -0.001026
   24     E+   Dxy       0.000000
   25     E+   Dxz       0.000000
   26     E+   Dyy      -0.001498
   27     E+   Dyz      -0.000000
   28     E+   Dzz      -0.001498
   29     E+   Dxx      -0.085428
   30     E+   Dxy      -0.000000
   31     E+   Dxz       0.000000
   32     E+   Dyy      -0.006551
   33     E+   Dyz       0.000000
   34     E+   Dzz      -0.006551
   35     E+     S       0.010451
   36     E+     S       0.108434
   37     E+     S      -0.032348
   38     E+     S      -0.101466
   39     E+     S      -0.250158
   40     E+     S      -0.223639
   41     E+     S      -0.120640
   42     E+     S       0.103676
   43     E+     S       0.007817
   44     E+     S      -0.000214
   45     E+    Px      -0.006009
   46     E+    Py      -0.000000
   47     E+    Pz      -0.000000
   48     E+    Px       0.441471
   49     E+    Py       0.000000
   50     E+    Pz      -0.000000
   51     E+    Px      -0.022761
   52     E+    Py      -0.000000
   53     E+    Pz       0.000000
   54     E+    Px       0.029472
   55     E+    Py       0.000000
   56     E+    Pz       0.000000
   57     E+   Dxx      -0.001026
   58     E+   Dxy       0.000000
   59     E+   Dxz       0.000000
   60     E+   Dyy      -0.001498
   61     E+   Dyz       0.000000
   62     E+   Dzz      -0.001498
   63     E+   Dxx      -0.085428
   64     E+   Dxy      -0.000000
   65     E+   Dxz       0.000000
   66     E+   Dyy      -0.006551
   67     E+   Dyz      -0.000000
   68     E+   Dzz      -0.006551
 
 
  end of eigenvectors 
 
  END OF EIGENVALUES AND EIGENVECTORS
 
 
  COMPONENTS OF KINETIC ENERGY: 
 -----------------------------
 
            POSITRON Kinetic energy =            0.018375142402
                                     _________________________
               Total kinetic energy =            0.018375142402
 
  COMPONENTS OF POTENTIAL ENERGY: 
 -------------------------------
 
          Fixed potential energy    =            1.333333333333
 
  Quantum/Fixed interaction energy: 
 ----------------------------------
 
    POSITRON/Fixed interact. energy =            1.015072102943
                                     _________________________
               Total Q/Fixed energy =            1.015072102943
 
  Coulomb energy: 
 ------------------
 
   POSITRON/POSITRON Hartree energy =            0.000000000000
                                     _________________________
               Total Hartree energy =            0.000000000000
 
  Exchange(HF) energy: 
 ----------------------
 
           POSITRON Exchange energy =            0.000000000000
                                     _________________________
              Total Exchange energy =            0.000000000000
 
  External Potential energy: 
 ----------------------------
 
            POSITRON Ext Pot energy =           -1.041399517876
                                     _________________________
    Total External Potential energy =           -1.041399517876
 
  TOTAL ENERGY COMPONENTS: 
 ==========================
 
          TOTAL KINETIC ENERGY      =            0.018375142402
          TOTAL POTENTIAL ENERGY    =            1.307005918401
                                     _________________________
                       TOTAL ENERGY =            1.325381060803
 
                 VIRIAL RATIO (V/T) =          -71.129022556929
 
 
  END ENERGY COMPONENTS
 
 
** TOTAL CPU Time SCF :      0.007 (s)
** TOTAL Elapsed Time SCF :      0.090 (s)
 
 We are calculating properties for POSITRON in the HF/KS ground state
 
  POPULATION ANALYSES: 
 ====================
 
 MULLIKEN Population: for POSITRON  
 ---------------------
 
                                    
 
    1     E+     S      -0.001383
    2     E+     S      -0.030237
    3     E+     S       0.016859
    4     E+     S       0.079275
    5     E+     S       0.215668
    6     E+     S       0.156181
    7     E+     S       0.052072
    8     E+     S      -0.019922
    9     E+     S      -0.000473
   10     E+     S       0.000003
   11     E+    Px      -0.000093
   12     E+    Py       0.000000
   13     E+    Pz       0.000000
   14     E+    Px       0.023540
   15     E+    Py      -0.000000
   16     E+    Pz       0.000000
   17     E+    Px      -0.003468
   18     E+    Py       0.000000
   19     E+    Pz      -0.000000
   20     E+    Px       0.008991
   21     E+    Py      -0.000000
   22     E+    Pz       0.000000
   23     E+   Dxx       0.000006
   24     E+   Dxy      -0.000000
   25     E+   Dxz      -0.000000
   26     E+   Dyy       0.000005
   27     E+   Dyz       0.000000
   28     E+   Dzz       0.000005
   29     E+   Dxx       0.002705
   30     E+   Dxy       0.000000
   31     E+   Dxz      -0.000000
   32     E+   Dyy       0.000134
   33     E+   Dyz      -0.000000
   34     E+   Dzz       0.000134
   35     E+     S      -0.001383
   36     E+     S      -0.030237
   37     E+     S       0.016859
   38     E+     S       0.079275
   39     E+     S       0.215668
   40     E+     S       0.156181
   41     E+     S       0.052072
   42     E+     S      -0.019922
   43     E+     S      -0.000473
   44     E+     S       0.000003
   45     E+    Px      -0.000093
   46     E+    Py      -0.000000
   47     E+    Pz      -0.000000
   48     E+    Px       0.023540
   49     E+    Py       0.000000
   50     E+    Pz      -0.000000
   51     E+    Px      -0.003468
   52     E+    Py       0.000000
   53     E+    Pz       0.000000
   54     E+    Px       0.008991
   55     E+    Py      -0.000000
   56     E+    Pz       0.000000
   57     E+   Dxx       0.000006
   58     E+   Dxy      -0.000000
   59     E+   Dxz      -0.000000
   60     E+   Dyy       0.000005
   61     E+   Dyz      -0.000000
   62     E+   Dzz       0.000005
   63     E+   Dxx       0.002705
   64     E+   Dxy       0.000000
   65     E+   Dxz      -0.000000
   66     E+   Dyy       0.000134
   67     E+   Dyz       0.000000
   68     E+   Dzz       0.000134
 
                           __________
              Total =        1.000000
 
  Atomic MULLIKEN Population: for POSITRON  
            BE               0.500000
            BE               0.500000
 
 ...end of MULLIKEN Population
 
 
 END POPULATION ANALYSES 
 
 
  POPULATION ANALYSES: 
 ====================
 
 LOWDIN Population: for POSITRON  
 ---------------------
 
                                    
 
    1     E+     S       0.000596
    2     E+     S       0.003413
    3     E+     S       0.023199
    4     E+     S       0.097009
    5     E+     S       0.180481
    6     E+     S       0.136995
    7     E+     S       0.038867
    8     E+     S       0.000564
    9     E+     S       0.000215
   10     E+     S       0.000027
   11     E+    Px       0.000009
   12     E+    Py       0.000000
   13     E+    Pz       0.000000
   14     E+    Px       0.000167
   15     E+    Py       0.000000
   16     E+    Pz       0.000000
   17     E+    Px       0.002023
   18     E+    Py       0.000000
   19     E+    Pz       0.000000
   20     E+    Px       0.016349
   21     E+    Py       0.000000
   22     E+    Pz       0.000000
   23     E+   Dxx       0.000001
   24     E+   Dxy       0.000000
   25     E+   Dxz       0.000000
   26     E+   Dyy       0.000001
   27     E+   Dyz       0.000000
   28     E+   Dzz       0.000001
   29     E+   Dxx       0.000001
   30     E+   Dxy       0.000000
   31     E+   Dxz       0.000000
   32     E+   Dyy       0.000041
   33     E+   Dyz       0.000000
   34     E+   Dzz       0.000041
   35     E+     S       0.000596
   36     E+     S       0.003413
   37     E+     S       0.023199
   38     E+     S       0.097009
   39     E+     S       0.180481
   40     E+     S       0.136995
   41     E+     S       0.038867
   42     E+     S       0.000564
   43     E+     S       0.000215
   44     E+     S       0.000027
   45     E+    Px       0.000009
   46     E+    Py       0.000000
   47     E+    Pz       0.000000
   48     E+    Px       0.000167
   49     E+    Py       0.000000
   50     E+    Pz       0.000000
   51     E+    Px       0.002023
   52     E+    Py       0.000000
   53     E+    Pz       0.000000
   54     E+    Px       0.016349
   55     E+    Py       0.000000
   56     E+    Pz       0.000000
   57     E+   Dxx       0.000001
   58     E+   Dxy       0.000000
   59     E+   Dxz       0.000000
   60     E+   Dyy       0.000001
   61     E+   Dyz       0.000000
   62     E+   Dzz       0.000001
   63     E+   Dxx       0.000001
   64     E+   Dxy       0.000000
   65     E+   Dxz       0.000000
   66     E+   Dyy       0.000041
   67     E+   Dyz       0.000000
   68     E+   Dzz       0.000041
 
                           __________
              Total =        1.000000
 
  Atomic LOWDIN Population: for POSITRON  
            BE               0.500000
            BE               0.500000
 
 ...end of LOWDIN Population
 
 
 END POPULATION ANALYSES 
 
 
  EXPECTED POSITIONS OF QUANTUM SPECIES:
 ======================
 
 POSITIONS IN ANGSTROMS
 ------
 
                        <x>      <y>      <z>         
           POSITRON   3.1751   0.0000  -0.0000
 
 END EXPECTED POSITIONS
 
 
  ELECTROSTATIC MOMENTS:
 ======================
 
 DIPOLE: (DEBYE)
 ------
 
                           <Dx>         <Dy>         <Dz>          |D|
           POSITRON  15.25047684   0.00000000  -0.00000000
    Point charges:  122.00381470   0.00000000   0.00000000
                     ____________________________
      Total Dipole: 137.25429153   0.00000000  -0.00000000 137.25429153
 
 QUADRUPOLE NON-TRACELESS: (DEBYE ANGS)
 ------
 
                           <xx>         <yy>         <zz>         <xy>         <xz>         <yz>
           POSITRON    0.00000000    0.00000000    0.00000000    0.00000000    0.00000000    0.00000000
    Point charges:   774.73962832    0.00000000    0.00000000    0.00000000    0.00000000    0.00000000
  Total Quadrupole:  774.73962832    0.00000000    0.00000000    0.00000000    0.00000000    0.00000000
                     ____________________________
 
 END ELECTROSTATIC MOMENTS
 


 *****************************************************************************
                               *  Molden2AIM  *
                          Version 3.1.0,  02/25/2015
           It converts the format from MOLDEN to AIM-WFN and NBO-47
 *****************************************************************************


 The MOLDEN file only_posi_51.POSITRON.molden has been found.


 >>> Cartesian basis functions are used.

 >>> SUMMARY

     Number of atoms:                                 2
     Maximum angular momentum:                        2
     Number of primitive Cartesian functions:        68
     Number of contracted Cartesian functions:       68
     Number of primitive spherical functions:        64
     Number of contracted spherical functions:       64
     Number of orbitals to be printed:               68
 =============================================================================


  A new Molden file is generated successfully!
  File Name = only_posi_51.POSITRON_new.molden
 =============================================================================


  A WFN file is generated successfully!
  File Name = only_posi_51.POSITRON.wfn

  Please use
   AIM2000, AIMALL, AIMPAC, AIMPAC2, AIM-UC, CheckDen, DGrid, MORPHY,
   MultiWFN, PAMoC, ProMolden, TopChem, TopMoD, or XAIM

  to analyse the electron density distribution.
 =============================================================================
 --------------------------------------------------------
 WFNFILE                1
          FileName: only_posi_51.POSITRON.wfn       and .molden                                                         
 --------------------------------------------------------
 
 
** TOTAL CPU Time Outputs :      0.052 (s)
** TOTAL Elapsed Time Outputs :      0.048 (s)
 

  TOTAL CPU Time:      0.031 (s)
 TOTAL Wall Time:      0.183 (s)
  Elapsed Time:   0h  0m  0s 182ms
LOWDIN execution terminated normally at : Thu Oct 17 19:52:50 2024
-rw-rw-r-- 1 pmorenor pmorenor 2.1M oct 17 19:52 0POSITRON.ints
-rw-rw-r-- 1 pmorenor pmorenor 2.1M oct 17 19:52 1POSITRON.ints
-rw-rw-r-- 1 pmorenor pmorenor 2.1M oct 17 19:52 2POSITRON.ints
-rw-rw-r-- 1 pmorenor pmorenor 2.1M oct 17 19:52 3POSITRON.ints
-rw-rw-r-- 1 pmorenor pmorenor   68 oct 17 19:52 gepol.inp
-rw-rw-r-- 1 pmorenor pmorenor    0 oct 17 19:52 gepol.xyzr
-rw-rw-r-- 1 pmorenor pmorenor 5.4K oct 17 19:52 lowdin.bas
-rw-rw-r-- 1 pmorenor pmorenor  15K oct 17 19:52 lowdin.dat
-rw-rw-r-- 1 pmorenor pmorenor 473K oct 17 19:52 lowdin.opints
-rw-rw-r-- 1 pmorenor pmorenor  13K oct 17 19:52 lowdin.sys
-rw-rw-r-- 1 pmorenor pmorenor 364K oct 17 19:52 lowdin.wfn
-rw-rw-r-- 1 pmorenor pmorenor 1.7K oct 17 19:52 m2a.ini
-rw-rw-r-- 1 pmorenor pmorenor  417 oct 17 19:52 only_posi_51
-rw-rw-r-- 1 pmorenor pmorenor 1.4K oct 17 19:52 only_posi_51.aux
-rw-rw-r-- 1 pmorenor pmorenor  424 oct 17 19:52 only_posi_51.lowdin
-rw-rw-r-- 1 pmorenor pmorenor  28K oct 17 19:52 only_posi_51.out
-rw-rw-r-- 1 pmorenor pmorenor 105K oct 17 19:52 only_posi_51.POSITRON.molden
-rw-rw-r-- 1 pmorenor pmorenor 124K oct 17 19:52 only_posi_51.POSITRON_new.molden
-rw-rw-r-- 1 pmorenor pmorenor  81K oct 17 19:52 only_posi_51.POSITRON.wfn
-rw-rw-r-- 1 pmorenor pmorenor  37K oct 17 19:52 only_posi_51.vec
