Begin job by input: usual_95.lowdin, for user: pmorenor  at  jue 17 oct 2024 19:53:32 -05
under operating system Linux Hefesto 5.4.0-196-generic #216-Ubuntu SMP Thu Aug 29 13:26:53 UTC 2024 x86_64 x86_64 x86_64 GNU/Linux
Compilation information
  commit: f2cffef7078af1231fe3319081e66b682883a80b
  compilation date:  mar 06 feb 2024 16:53:31 -05

BEGIN INPUT INFO:
------------------------------------

GEOMETRY
	Be	Dirac	0.0 0.0 0.0
	e-(Be)	6-311++G.d.p 0.0 0.0 0.0
	E+	GRIBAKIN-10S4P2D 0.0 0.0 0.0
	Be	Dirac	20.8 0.0 0.0
	e-(Be)	6-311++G.d.p	20.8 0.0 0.0
	E+	GRIBAKIN-10S4P2D 20.8 0.0 0.0 addParticles=-1 
END GEOMETRY

TASKS
        method = "RHF"
END TASKS

EXTERPOTENTIAL
	E- GRIBAKIN0
	E+ VPC95
END EXTERPOTENTIAL

CONTROL
	units="BOHRS"
	readCoefficients=F
	convergenceMethod=1
	overlapEigenThreshold=1E-6
	SCFGhostSpecies="POSITRON"
	HFprintEigenvalues=T
	totalEnergyTolerance = 1E-9
END CONTROL


... END INPUT INFO


 LOWDIN execution started at : Thu Oct 17 19:53:32 2024
 ---------------------------------------------------------------
 
 ***************************************************************
 *                   LOWDIN 2.0  (May/2013)                    *
 *                                                             *
 *  R. FLORES-MORENO, E. F. POSADA, F. S. MONCADA, J.ROMERO,   *
 *  J. CHARRY, M. DIAZ-TINOCO, S. A. GONZALEZ, N. F. AGUIRRE,  *
 *  A. REYES                                                   *
 *                                                             *
 *  https://sites.google.com/site/lowdinproject/               *
 *                                                             *
 ***************************************************************
 
 PARSING INPUT... DONE!
 
 LOWDIN IS RUNNING WITH NEXT PARAMETERS: 
 ----------------------------------------
 
         METHOD TYPE:  RHF
         NUMBER OF CORES:     4
         NONELECTRONIC DENSITY GUESS: HCORE
         ELECTRONIC DENSITY GUESS: HCORE
         CRITERIUM OF CONVERGENCE: ENERGY
         NONELECTRONIC ENERGY TOLERANCE IN SCFs:     0.10000E-07
         ELECTRONIC ENERGY TOLERANCE IN SCFs:     0.10000E-07
         TOTAL ENERGY TOLERANCE IN SCFs:     0.10000E-08
         SCHEME OF ITERATION: GLOBAL ITERATIONS
         SCF MAX. SUBITERATIONS - NONELECTRONS :     1
         SCF MAX. SUBITERATIONS - ELECTRONS :     1
         SCF MAX. ITERATIONS - INTERSPECIES :   200
         INTEGRAL STORAGE: DISK
         STACK SIZE FOR ERIS : 30000
         METHOD OF SCF CONVERGENCE: DAMPING
 
  MOLECULAR SYSTEM: usual_95
 -----------------
 
    DESCRIPTION   : usual_95
    CHARGE        :   2
    PUNTUAL GROUP : NONE
 
 
  INFORMATION OF PARTICLES :
 =========================
         Total number of particles   =      11
         Number of quantum particles =       9
         Number of puntual charges   =       2
         Number of quantum species   =       2
 
                 INFORMATION OF QUANTUM SPECIES 
     ---------------------------------------------------------------------
         ID      Symbol            mass     charge     spin     multiplicity
     ---------------------------------------------------------------------
         1             E-         1.0000     -1.00      0.50      1.00
         2             E+         1.0000      1.00      0.50      1.00
 
                   CONSTANTS OF COUPLING 
      ------------------------------------------------------------
           Symbol          kappa      eta     lambda     occupation
      ------------------------------------------------------------
                 E-        -1.0      2.00      2.00      4.00
                 E+        -1.0      1.00      1.00      1.00
 
                   BASIS SET FOR SPECIES 
      ------------------------------------------------------------
           Symbol          N. Basis     N. Particles     Basis Set
      ------------------------------------------------------------
                 E-           20                8     6-311++G.D
                 E+           32                1     GRIBAKIN-1
 
                                ATOMIC BASIS
         ------------------------------------------------------------
          PRIMITIVE   SHELL             EXPONENT         COEFFICIENT 
         ------------------------------------------------------------
 
    BEGIN DESCRIPTION OF BASIS FOR:    E-
    ==============================
 
 
            BE BASIS SET:   6-311++G.D.P
             1         S             1682.80000000          0.00228574
             2         S              251.71500000          0.01759380
             3         S               57.41160000          0.08633150
             4         S               16.51710000          0.28183500
             5         S                4.85364000          0.64059400
             6         S                0.62686300          0.14446700
             1         S                8.30938000          0.10862100
             2         S                1.74075000          0.92730100
             3         S                0.48581600         -0.00297169
             1         P                8.30938000          0.03613440
             2         P                1.74075000          0.21695800
             3         P                0.48581600          0.84183900
             1         S                0.16361300          1.00000000
             1         P                0.16361300          1.00000000
             1         S                0.05672850          1.00000000
             1         P                0.05672850          1.00000000
             1         S                0.02070000          1.00000000
             1         P                0.02070000          1.00000000
             1         D                0.25500000          1.00000000
 
            BE BASIS SET:   6-311++G.D.P
             1         S             1682.80000000          0.00228574
             2         S              251.71500000          0.01759380
             3         S               57.41160000          0.08633150
             4         S               16.51710000          0.28183500
             5         S                4.85364000          0.64059400
             6         S                0.62686300          0.14446700
             1         S                8.30938000          0.10862100
             2         S                1.74075000          0.92730100
             3         S                0.48581600         -0.00297169
             1         P                8.30938000          0.03613440
             2         P                1.74075000          0.21695800
             3         P                0.48581600          0.84183900
             1         S                0.16361300          1.00000000
             1         P                0.16361300          1.00000000
             1         S                0.05672850          1.00000000
             1         P                0.05672850          1.00000000
             1         S                0.02070000          1.00000000
             1         P                0.02070000          1.00000000
             1         D                0.25500000          1.00000000
    ... END DESCRIPTION OF BASIS
 
 
    BEGIN DESCRIPTION OF BASIS FOR:    E+
    ==============================
 
 
            E+ BASIS SET:GRIBAKIN-10S4P2
             1         S                0.00010000          1.00000000
             1         S                0.00030000          1.00000000
             1         S                0.00090000          1.00000000
             1         S                0.00270000          1.00000000
             1         S                0.00810000          1.00000000
             1         S                0.02430000          1.00000000
             1         S                0.07290000          1.00000000
             1         S                0.21870000          1.00000000
             1         S                0.65610000          1.00000000
             1         S                1.96830000          1.00000000
             1         P                0.00010000          1.00000000
             1         P                0.00030000          1.00000000
             1         P                0.00090000          1.00000000
             1         P                0.00270000          1.00000000
             1         D                0.00010000          1.00000000
             1         D                0.00030000          1.00000000
 
            E+ BASIS SET:GRIBAKIN-10S4P2
             1         S                0.00010000          1.00000000
             1         S                0.00030000          1.00000000
             1         S                0.00090000          1.00000000
             1         S                0.00270000          1.00000000
             1         S                0.00810000          1.00000000
             1         S                0.02430000          1.00000000
             1         S                0.07290000          1.00000000
             1         S                0.21870000          1.00000000
             1         S                0.65610000          1.00000000
             1         S                1.96830000          1.00000000
             1         P                0.00010000          1.00000000
             1         P                0.00030000          1.00000000
             1         P                0.00090000          1.00000000
             1         P                0.00270000          1.00000000
             1         D                0.00010000          1.00000000
             1         D                0.00030000          1.00000000
    ... END DESCRIPTION OF BASIS
 
 
  END INFORMATION OF PARTICLES
 
 
  INFORMATION OF THE QUANTUM SYSTEM 
     ---------------------------------------------------------------------
                 ID     Occupied Orbitals     Basis size
     ---------------------------------------------------------------------
                 E-            4               46
                 E+            1               68
 
  END INFORMATION OF QUANTUM SYSTEM
 
 
  INFORMATION OF EXTERNAL POTENTIALS 
 
 =======
 External Potential for E- : GRIBAKIN0
 Type : 
                     Exponent         l       R_x       R_y       R_z              Factor
                 0.0010000000         0   0.00000   0.00000   0.00000        0.0000000000
 
 =======
 External Potential for E+ : VPC95
 Type : 
                     Exponent         l       R_x       R_y       R_z              Factor
                 0.0010000000         0   0.00000   0.00000   0.00000       -0.0004852612
                 0.0020000000         0   0.00000   0.00000   0.00000        0.0024441783
                 0.0040000000         0   0.00000   0.00000   0.00000       -0.0075448874
                 0.0080000000         0   0.00000   0.00000   0.00000        0.0157738437
                 0.0160000000         0   0.00000   0.00000   0.00000       -0.0371036225
                 0.0320000000         0   0.00000   0.00000   0.00000        0.0538567205
                 0.0640000000         0   0.00000   0.00000   0.00000       -0.1977562620
                 0.1280000000         0   0.00000   0.00000   0.00000        0.1521150960
                 0.2560000000         0   0.00000   0.00000   0.00000       -2.2309931100
                 0.5120000000         0   0.00000   0.00000   0.00000        7.1544406100
                 1.0000000000         0   0.00000   0.00000   0.00000      -16.4610761000
                 2.0000000000         0   0.00000   0.00000   0.00000      120.0674500000
                 3.0000000000         0   0.00000   0.00000   0.00000    -1010.4441400000
                 4.0000000000         0   0.00000   0.00000   0.00000     5912.5175500000
                 5.0000000000         0   0.00000   0.00000   0.00000   -22883.6471000000
                 6.0000000000         0   0.00000   0.00000   0.00000    58320.2479000000
                 7.0000000000         0   0.00000   0.00000   0.00000   -96733.7399000000
                 8.0000000000         0   0.00000   0.00000   0.00000   100515.5930000000
                 9.0000000000         0   0.00000   0.00000   0.00000   -59492.9273000000
                10.0000000000         0   0.00000   0.00000   0.00000    15337.5181000000
                20.0000000000         0   0.00000   0.00000   0.00000     -108.3194530000
                30.0000000000         0   0.00000   0.00000   0.00000       58.7242217000
                40.0000000000         0   0.00000   0.00000   0.00000      -33.9818623000
                50.0000000000         0   0.00000   0.00000   0.00000       10.1503518000
               100.0000000000         0   0.00000   0.00000   0.00000       -0.2039701810
                 0.0010000000         0  19.65319   0.00000   0.00000       -0.0004852612
                 0.0020000000         0  19.65319   0.00000   0.00000        0.0024441783
                 0.0040000000         0  19.65319   0.00000   0.00000       -0.0075448874
                 0.0080000000         0  19.65319   0.00000   0.00000        0.0157738437
                 0.0160000000         0  19.65319   0.00000   0.00000       -0.0371036225
                 0.0320000000         0  19.65319   0.00000   0.00000        0.0538567205
                 0.0640000000         0  19.65319   0.00000   0.00000       -0.1977562620
                 0.1280000000         0  19.65319   0.00000   0.00000        0.1521150960
                 0.2560000000         0  19.65319   0.00000   0.00000       -2.2309931100
                 0.5120000000         0  19.65319   0.00000   0.00000        7.1544406100
                 1.0000000000         0  19.65319   0.00000   0.00000      -16.4610761000
                 2.0000000000         0  19.65319   0.00000   0.00000      120.0674500000
                 3.0000000000         0  19.65319   0.00000   0.00000    -1010.4441400000
                 4.0000000000         0  19.65319   0.00000   0.00000     5912.5175500000
                 5.0000000000         0  19.65319   0.00000   0.00000   -22883.6471000000
                 6.0000000000         0  19.65319   0.00000   0.00000    58320.2479000000
                 7.0000000000         0  19.65319   0.00000   0.00000   -96733.7399000000
                 8.0000000000         0  19.65319   0.00000   0.00000   100515.5930000000
                 9.0000000000         0  19.65319   0.00000   0.00000   -59492.9273000000
                10.0000000000         0  19.65319   0.00000   0.00000    15337.5181000000
                20.0000000000         0  19.65319   0.00000   0.00000     -108.3194530000
                30.0000000000         0  19.65319   0.00000   0.00000       58.7242217000
                40.0000000000         0  19.65319   0.00000   0.00000      -33.9818623000
                50.0000000000         0  19.65319   0.00000   0.00000       10.1503518000
               100.0000000000         0  19.65319   0.00000   0.00000       -0.2039701810
 
  END INFORMATION OF EXTERNAL POTENTIALS
 
                       INITIAL GEOMETRY: AMSTRONG
                 -----------------------------------
                       <x>                 <y>                 <z>
      E-BE        0.0000000000        0.0000000000        0.0000000000
      E-BE       11.0068867842        0.0000000000        0.0000000000
        E+        0.0000000000        0.0000000000        0.0000000000
        E+       11.0068867842        0.0000000000        0.0000000000
        BE        0.0000000000        0.0000000000        0.0000000000
        BE       11.0068867842        0.0000000000        0.0000000000
 
                     MATRIX OF DISTANCE: ANGSTROM
                 -----------------------------------
                          BE(1)          BE(2)     
 
        BE(1)            0.000000      11.006887
        BE(2)           11.006887       0.000000
 
--------------------------------------------------------------------------------
** PROGRAM: SCF (Hartree Fock).     Author: S.A. Gonzalez, E. Posada, F. Moncada
--------------------------------------------------------------------------------
INFO: RUNNING IN RHF MODE.
 
----------------------------------------------------------------------
** PROGRAM INTS                          Author: E. F. Posada, 2013   
----------------------------------------------------------------------
INFO: RUNNING IN ONE_PARTICLE MODE.
 
 Number of Overlap integrals for species E-:   2116
 Number of Overlap integrals for species POSITRON:   4624
 Number of Kinetic integrals for species E-:   2116
 Number of Kinetic integrals for species POSITRON:   4624
 Number of Nuclear integrals for species E-:   2116
 Number of Nuclear integrals for species POSITRON:   4624
 Number of Moment integrals for species E-:   6348
 Number of Moment integrals for species POSITRON:  13872
 Number of 3C Overlap integrals for species E-:   2116
 Number of 3C Overlap integrals for species POSITRON:   4624
 
** TOTAL CPU Time INTS :      0.131 (s)
** TOTAL Elapsed Time INTS :      0.125 (s)
 
Removed     2 orbitals for species POSITRON with overlap eigen threshold of 1.000E-06
       Usign  HCORE density guess for species:         E-
     number of         E-     particles in guess density matrix:     8.000000
       Usign  HCORE density guess for species:   POSITRON
     number of   POSITRON     particles in guess density matrix:     0.000000
renormalized density matrix with deviation from number of particl    1.000000
 Number of unique integrals for species: 1 = 69521
 Number of unique integrals for species: 2 = 318882
 Number of unique integrals for species: 1 / 2 = 439526 Screened: 6967
 
 TWO-BODY INTEGRAL SETUP: 
------------------------- 
 Storage:   DISK
 Scheme: LIBINT
 Stack size:  30000
 
 LIBINT library, Fermann, J. T.; Valeev, F. L. 2010                   
 LOWDIN-LIBINT Implementation V. 2.1  Posada E. F. ; Reyes A. 2016   
 ----------------------------------------------------------------------

*** TOTAL CPU time intra-species integrals :      0.122 (s)
*** TOTAL elapsed time intra-species integrals :      0.036 (s)


*** TOTAL CPU time inter-species integrals :      0.246 (s)
*** TOTAL elapsed time inter-species integrals :      0.065 (s)

INFO: RUNNING SCHEME SIMULTANEOUS
 
 Begin Multi-Species SCF calculation:
 
 --------------------------------------------------------------------------------------------------
      Iteration                   Energy            Energy Change           Density Change
 --------------------------------------------------------------------------------------------------
              1         -27.485715957349          27.485715957349        4118.248883038322
              2         -29.113553882832           1.627837925483           0.225526005119
              3         -29.147078252433           0.033524369601           0.080617956943
              4         -29.148092189811           0.001013937378           0.018454281972
              5         -29.148184556525           0.000092366715           0.002606036719
              6         -29.148200149741           0.000015593215           0.000342721527
              7         -29.148204419748           0.000004270008           0.000088680785
              8         -29.148205904372           0.000001484623           0.000052339501
              9         -29.148206461089           0.000000556718           0.000032694952
             10         -29.148206673256           0.000000212167           0.000018128471
             11         -29.148206754150           0.000000080894           0.000009121499
             12         -29.148206784922           0.000000030772           0.000004292813
             13         -29.148206796605           0.000000011683           0.000001928757
             14         -29.148206801036           0.000000004431           0.000000838195
             15         -29.148206802715           0.000000001679           0.000000351161
             16         -29.148206803352           0.000000000636           0.000000145859
 Total energy converged after  16 global iterations                                                  
 
 ...end Multi-Species SCF calculation
 
 
 Begin SCF calculation by: E-
 -------------------------
 
 -----------------------------------------------------------------------------------
 Iteration                   Energy           Density Change         DIIS Error 
 -----------------------------------------------------------------------------------
    1         -29.819962120508           0.017328524396                 -- 
    2         -29.898421497374           0.003299108319                 -- 
    3         -29.910698939950           0.000834944955                 -- 
    4         -29.912774582565           0.000235888678                 -- 
    5         -29.913097802220           0.000070344239                 -- 
    6         -29.913133307828           0.000021815607                 -- 
    7         -29.913130263903           0.000007000677                 -- 
    8         -29.913126043433           0.000002314041                 -- 
    9         -29.913123917558           0.000000783766                 -- 
   10         -29.913123041638           0.000000270619                 -- 
   11         -29.913122709316           0.000000094841                 -- 
   12         -29.913122588423           0.000000033622                 -- 
   13         -29.913122545471           0.000000012027                 -- 
   14         -29.913122530418           0.000000004333                 -- 
   15         -29.913122525186           0.000000001570                 -- 
 
 ... end SCF calculation
 
 Begin SCF calculation by: POSITRON
 -------------------------
 
 -----------------------------------------------------------------------------------
 Iteration                   Energy           Density Change         DIIS Error 
 -----------------------------------------------------------------------------------
    1          -0.033847404182           0.208197480723                 -- 
    2          -0.031636941588           0.077318848624                 -- 
    3          -0.031446549712           0.017619337016                 -- 
    4          -0.031462018548           0.002370148041                 -- 
    5          -0.031484584222           0.000272377288                 -- 
    6          -0.031496240153           0.000066865177                 -- 
    7          -0.031501143733           0.000045338824                 -- 
    8          -0.031503040285           0.000030380911                 -- 
    9          -0.031503743603           0.000017344704                 -- 
   10          -0.031503998562           0.000008850879                 -- 
   11          -0.031504089849           0.000004197972                 -- 
   12          -0.031504122327           0.000001895135                 -- 
   13          -0.031504133853           0.000000826168                 -- 
   14          -0.031504137942           0.000000346828                 -- 
   15          -0.031504139395           0.000000144290                 -- 
 
 ... end SCF calculation
 
  EIGENVALUES AND EIGENVECTORS: 
 ==============================
 
 
  Eigenvalues for: E-
 -----------------
 
    1          -4.732348551731
    2          -4.732348540241
    3          -0.309260386476
    4          -0.309255890959
    5           0.025601850100
    6           0.028892528266
    7           0.028892528266
    8           0.030238033593
    9           0.030238033593
   10           0.033021912246
   11           0.048563340564
   12           0.054618942571
   13           0.093111760789
   14           0.096634777849
   15           0.096634777849
   16           0.099510298102
   17           0.099510298102
   18           0.108063290782
   19           0.317869906134
   20           0.324459458968
   21           0.342280846622
   22           0.344553727298
   23           0.344553727298
   24           0.347145684190
   25           0.347145684190
   26           0.355779416902
   27           0.692851005193
   28           0.692851005193
   29           0.692851005379
   30           0.692851005380
   31           0.692851049233
   32           0.692851049233
   33           0.692851050451
   34           0.692851050451
   35           0.692852660594
   36           0.692853804256
   37           1.195103284718
   38           1.197805184736
   39           1.197805184736
   40           1.199843794050
   41           1.199843794050
   42           1.205665427053
   43           1.413169470265
   44           1.417503006064
   45          10.065461524175
   46          10.068335451539
 
 
  Eigenvalues for: POSITRON
 -----------------
 
    1          -0.004315050165
    2          -0.000663523741
    3           0.000082793647
    4           0.000139763864
    5           0.000209180420
    6           0.000209180420
    7           0.000258175557
    8           0.000282160165
    9           0.000282160165
   10           0.000329304818
   11           0.000329304818
   12           0.000356136612
   13           0.000427757762
   14           0.000431131085
   15           0.000431131085
   16           0.000442959084
   17           0.000442959084
   18           0.000448598433
   19           0.000572596905
   20           0.000572596909
   21           0.000592627777
   22           0.000901338625
   23           0.000901338625
   24           0.000937729327
   25           0.001058524499
   26           0.001151341310
   27           0.001151341310
   28           0.001157929177
   29           0.001247779723
   30           0.001247779723
   31           0.001466257489
   32           0.001517561874
   33           0.001517561874
   34           0.001520743048
   35           0.001520743048
   36           0.001825598758
   37           0.001825598760
   38           0.001879713292
   39           0.002163457147
   40           0.002222301046
   41           0.003004436540
   42           0.003004436540
   43           0.003898818689
   44           0.003898818689
   45           0.004125932963
   46           0.004423359425
   47           0.005192949351
   48           0.005370467263
   49           0.008583284840
   50           0.008583284840
   51           0.010537108187
   52           0.010787892386
   53           0.010787892386
   54           0.012073239912
   55           0.015833821366
   56           0.016747925013
   57           0.050835958634
   58           0.054081033916
   59           0.193376139325
   60           0.203119709827
   61           0.848032694938
   62           0.855908033712
   63           2.903165432723
   64           2.941458072846
   65          10.744372482691
   66          10.802627223640
   67     1000000.000000000000
   68     1000000.000000000000
 
  end of eigenvalues 
 
  Occupied Eigenvectors for: E-
 --------------------------- 
 
                          -4.7323        -4.7323        -0.3093        -0.3093   
 
    1     BE     S      -0.421634       0.421634       0.077488      -0.077490
    2     BE     S      -0.315682       0.315683       0.131302      -0.131309
    3     BE    Px      -0.000002      -0.000001       0.000007       0.000008
    4     BE    Py      -0.000000       0.000000       0.000000       0.000000
    5     BE    Pz       0.000000      -0.000000       0.000000       0.000000
    6     BE     S       0.003460      -0.003456      -0.412952       0.412942
    7     BE    Px       0.000009       0.000006      -0.000036      -0.000045
    8     BE    Py       0.000000      -0.000000       0.000000       0.000000
    9     BE    Pz      -0.000000       0.000000       0.000000       0.000000
   10     BE     S      -0.001026       0.000996      -0.353598       0.353719
   11     BE    Px      -0.000019      -0.000012       0.000089       0.000115
   12     BE    Py      -0.000000       0.000000       0.000000      -0.000000
   13     BE    Pz       0.000000      -0.000000       0.000000      -0.000000
   14     BE     S       0.000317      -0.000294      -0.015828       0.015749
   15     BE    Px       0.000020       0.000012      -0.000088      -0.000122
   16     BE    Py       0.000000      -0.000000      -0.000000       0.000000
   17     BE    Pz      -0.000000       0.000000      -0.000000       0.000000
   18     BE   Dxx      -0.000472       0.000476       0.001249      -0.001260
   19     BE   Dxy      -0.000000       0.000000      -0.000000       0.000000
   20     BE   Dxz       0.000000       0.000000       0.000000      -0.000000
   21     BE   Dyy      -0.000472       0.000476       0.001249      -0.001260
   22     BE   Dyz       0.000000       0.000000       0.000000      -0.000000
   23     BE   Dzz      -0.000472       0.000476       0.001249      -0.001260
   24     BE     S       0.421634       0.421634       0.077488       0.077490
   25     BE     S       0.315682       0.315684       0.131302       0.131309
   26     BE    Px      -0.000002       0.000001      -0.000007       0.000008
   27     BE    Py       0.000000      -0.000000      -0.000000       0.000000
   28     BE    Pz      -0.000000       0.000000       0.000000      -0.000000
   29     BE     S      -0.003460      -0.003456      -0.412952      -0.412942
   30     BE    Px       0.000009      -0.000006       0.000036      -0.000045
   31     BE    Py      -0.000000       0.000000       0.000000      -0.000000
   32     BE    Pz       0.000000      -0.000000      -0.000000       0.000000
   33     BE     S       0.001026       0.000996      -0.353598      -0.353719
   34     BE    Px      -0.000019       0.000012      -0.000089       0.000115
   35     BE    Py       0.000000      -0.000000      -0.000000       0.000000
   36     BE    Pz      -0.000000       0.000000       0.000000      -0.000000
   37     BE     S      -0.000317      -0.000294      -0.015828      -0.015749
   38     BE    Px       0.000020      -0.000012       0.000088      -0.000122
   39     BE    Py      -0.000000       0.000000       0.000000      -0.000000
   40     BE    Pz       0.000000      -0.000000      -0.000000       0.000000
   41     BE   Dxx       0.000472       0.000476       0.001249       0.001260
   42     BE   Dxy       0.000000       0.000000      -0.000000      -0.000000
   43     BE   Dxz       0.000000       0.000000       0.000000       0.000000
   44     BE   Dyy       0.000472       0.000476       0.001249       0.001260
   45     BE   Dyz       0.000000       0.000000       0.000000       0.000000
   46     BE   Dzz       0.000472       0.000476       0.001249       0.001260
 
 
  Occupied Eigenvectors for: POSITRON
 --------------------------- 
 
                          -0.0043   
 
    1     E+     S      -0.412968
    2     E+     S       0.413297
    3     E+     S      -0.196888
    4     E+     S      -0.168597
    5     E+     S      -0.293996
    6     E+     S      -0.188642
    7     E+     S      -0.139293
    8     E+     S       0.108491
    9     E+     S       0.006351
   10     E+     S       0.000051
   11     E+    Px       2.155232
   12     E+    Py       0.000000
   13     E+    Pz       0.000000
   14     E+    Px      -1.029688
   15     E+    Py       0.000000
   16     E+    Pz      -0.000000
   17     E+    Px       0.010891
   18     E+    Py       0.000000
   19     E+    Pz       0.000000
   20     E+    Px      -0.005592
   21     E+    Py      -0.000000
   22     E+    Pz      -0.000000
   23     E+   Dxx       0.434268
   24     E+   Dxy       0.000000
   25     E+   Dxz       0.000000
   26     E+   Dyy       0.036947
   27     E+   Dyz       0.000000
   28     E+   Dzz       0.036947
   29     E+   Dxx      -0.264803
   30     E+   Dxy       0.000000
   31     E+   Dxz      -0.000000
   32     E+   Dyy       0.065087
   33     E+   Dyz      -0.000000
   34     E+   Dzz       0.065087
   35     E+     S      -0.407161
   36     E+     S       0.421974
   37     E+     S      -0.016926
   38     E+     S      -0.176276
   39     E+     S      -0.191071
   40     E+     S      -0.155366
   41     E+     S      -0.065425
   42     E+     S       0.072004
   43     E+     S       0.000142
   44     E+     S       0.001171
   45     E+    Px      -2.105568
   46     E+    Py      -0.000000
   47     E+    Pz      -0.000000
   48     E+    Px       1.057870
   49     E+    Py      -0.000000
   50     E+    Pz       0.000000
   51     E+    Px      -0.164835
   52     E+    Py      -0.000000
   53     E+    Pz      -0.000000
   54     E+    Px       0.134274
   55     E+    Py       0.000000
   56     E+    Pz       0.000000
   57     E+   Dxx       0.334709
   58     E+   Dxy       0.000000
   59     E+   Dxz       0.000000
   60     E+   Dyy      -0.047385
   61     E+   Dyz      -0.000000
   62     E+   Dzz      -0.047385
   63     E+   Dxx      -0.420205
   64     E+   Dxy       0.000000
   65     E+   Dxz      -0.000000
   66     E+   Dyy      -0.107696
   67     E+   Dyz       0.000000
   68     E+   Dzz      -0.107696
 
 
  end of eigenvectors 
 
  END OF EIGENVALUES AND EIGENVECTORS
 
 
  COMPONENTS OF KINETIC ENERGY: 
 -----------------------------
 
                  E- Kinetic energy =           29.142629384474
            POSITRON Kinetic energy =            0.013796931333
                                     _________________________
               Total kinetic energy =           29.156426315807
 
  COMPONENTS OF POTENTIAL ENERGY: 
 -------------------------------
 
          Fixed potential energy    =            0.769230769231
 
  Quantum/Fixed interaction energy: 
 ----------------------------------
 
          E-/Fixed interact. energy =          -68.802447696033
    POSITRON/Fixed interact. energy =            0.778731154805
                                     _________________________
               Total Q/Fixed energy =          -68.023716541228
 
  Coulomb energy: 
 ------------------
 
               E-/E- Hartree energy =           15.079805517285
   POSITRON/POSITRON Hartree energy =            0.000000000000
         E-/POSITRON Hartree energy =           -0.769654047313
                                     _________________________
               Total Hartree energy =           14.310151469972
 
  Exchange(HF) energy: 
 ----------------------
 
                 E- Exchange energy =           -5.333109728144
           POSITRON Exchange energy =            0.000000000000
                                     _________________________
              Total Exchange energy =           -5.333109728144
 
  External Potential energy: 
 ----------------------------
 
                  E- Ext Pot energy =            0.000000000000
            POSITRON Ext Pot energy =           -0.027189089231
                                     _________________________
    Total External Potential energy =           -0.027189089231
 
  TOTAL ENERGY COMPONENTS: 
 ==========================
 
          TOTAL KINETIC ENERGY      =           29.156426315807
          TOTAL POTENTIAL ENERGY    =          -58.304633119400
                                     _________________________
                       TOTAL ENERGY =          -29.148206803593
 
                 VIRIAL RATIO (V/T) =            1.999718089174
 
 
  END ENERGY COMPONENTS
 
 
** TOTAL CPU Time SCF :      0.286 (s)
** TOTAL Elapsed Time SCF :      0.280 (s)
 
 We are calculating properties for E- in the HF/KS ground state
 We are calculating properties for POSITRON in the HF/KS ground state
 
  POPULATION ANALYSES: 
 ====================
 
 MULLIKEN Population: for E-        
 ---------------------
 
                                    
 
    1     BE     S       1.166391
    2     BE     S       0.823587
    3     BE    Px      -0.000000
    4     BE    Py      -0.000000
    5     BE    Pz       0.000000
    6     BE     S       1.043688
    7     BE    Px       0.000000
    8     BE    Py       0.000000
    9     BE    Pz       0.000000
   10     BE     S       0.942157
   11     BE    Px      -0.000000
   12     BE    Py       0.000000
   13     BE    Pz       0.000000
   14     BE     S       0.031402
   15     BE    Px       0.000001
   16     BE    Py       0.000000
   17     BE    Pz       0.000000
   18     BE   Dxx      -0.002408
   19     BE   Dxy       0.000000
   20     BE   Dxz       0.000000
   21     BE   Dyy      -0.002408
   22     BE   Dyz       0.000000
   23     BE   Dzz      -0.002408
   24     BE     S       1.166391
   25     BE     S       0.823587
   26     BE    Px      -0.000000
   27     BE    Py      -0.000000
   28     BE    Pz       0.000000
   29     BE     S       1.043688
   30     BE    Px       0.000000
   31     BE    Py       0.000000
   32     BE    Pz      -0.000000
   33     BE     S       0.942157
   34     BE    Px      -0.000000
   35     BE    Py      -0.000000
   36     BE    Pz       0.000000
   37     BE     S       0.031402
   38     BE    Px       0.000001
   39     BE    Py       0.000000
   40     BE    Pz       0.000000
   41     BE   Dxx      -0.002408
   42     BE   Dxy       0.000000
   43     BE   Dxz       0.000000
   44     BE   Dyy      -0.002408
   45     BE   Dyz       0.000000
   46     BE   Dzz      -0.002408
 
                           __________
              Total =        8.000000
 
  Atomic MULLIKEN Population: for E-        
            BE               4.000000
            BE               4.000000
 
 ...end of MULLIKEN Population
 
 
 END POPULATION ANALYSES 
 
 
  POPULATION ANALYSES: 
 ====================
 
 LOWDIN Population: for E-        
 ---------------------
 
                                    
 
    1     BE     S       1.101745
    2     BE     S       0.875943
    3     BE    Px       0.000000
    4     BE    Py       0.000000
    5     BE    Pz       0.000000
    6     BE     S       0.590920
    7     BE    Px       0.000000
    8     BE    Py       0.000000
    9     BE    Pz       0.000000
   10     BE     S       0.552865
   11     BE    Px       0.000002
   12     BE    Py       0.000000
   13     BE    Pz       0.000000
   14     BE     S       0.204332
   15     BE    Px       0.000002
   16     BE    Py       0.000000
   17     BE    Pz       0.000000
   18     BE   Dxx       0.224731
   19     BE   Dxy       0.000000
   20     BE   Dxz       0.000000
   21     BE   Dyy       0.224729
   22     BE   Dyz       0.000000
   23     BE   Dzz       0.224729
   24     BE     S       1.101745
   25     BE     S       0.875943
   26     BE    Px       0.000000
   27     BE    Py       0.000000
   28     BE    Pz       0.000000
   29     BE     S       0.590920
   30     BE    Px       0.000000
   31     BE    Py       0.000000
   32     BE    Pz       0.000000
   33     BE     S       0.552865
   34     BE    Px       0.000002
   35     BE    Py       0.000000
   36     BE    Pz       0.000000
   37     BE     S       0.204332
   38     BE    Px       0.000002
   39     BE    Py       0.000000
   40     BE    Pz       0.000000
   41     BE   Dxx       0.224731
   42     BE   Dxy       0.000000
   43     BE   Dxz       0.000000
   44     BE   Dyy       0.224729
   45     BE   Dyz       0.000000
   46     BE   Dzz       0.224729
 
                           __________
              Total =        8.000000
 
  Atomic LOWDIN Population: for E-        
            BE               4.000000
            BE               4.000000
 
 ...end of LOWDIN Population
 
 
 END POPULATION ANALYSES 
 
 
  POPULATION ANALYSES: 
 ====================
 
 MULLIKEN Population: for POSITRON  
 ---------------------
 
                                    
 
    1     E+     S       0.081372
    2     E+     S      -0.161513
    3     E+     S       0.128524
    4     E+     S       0.141964
    5     E+     S       0.242522
    6     E+     S       0.124530
    7     E+     S       0.058311
    8     E+     S      -0.020516
    9     E+     S      -0.000380
   10     E+     S      -0.000001
   11     E+    Px      -0.063549
   12     E+    Py       0.000000
   13     E+    Pz       0.000000
   14     E+    Px       0.094226
   15     E+    Py       0.000000
   16     E+    Pz      -0.000000
   17     E+    Px      -0.002288
   18     E+    Py      -0.000000
   19     E+    Pz      -0.000000
   20     E+    Px       0.001650
   21     E+    Py      -0.000000
   22     E+    Pz      -0.000000
   23     E+   Dxx      -0.006811
   24     E+   Dxy       0.000000
   25     E+   Dxz       0.000000
   26     E+   Dyy      -0.000358
   27     E+   Dyz      -0.000000
   28     E+   Dzz      -0.000358
   29     E+   Dxx       0.020432
   30     E+   Dxy      -0.000000
   31     E+   Dxz       0.000000
   32     E+   Dyy      -0.003059
   33     E+   Dyz      -0.000000
   34     E+   Dzz      -0.003059
   35     E+     S       0.079458
   36     E+     S      -0.160549
   37     E+     S       0.010321
   38     E+     S       0.127612
   39     E+     S       0.122458
   40     E+     S       0.074455
   41     E+     S       0.018959
   42     E+     S      -0.009076
   43     E+     S      -0.000006
   44     E+     S      -0.000012
   45     E+    Px      -0.099550
   46     E+    Py      -0.000000
   47     E+    Pz      -0.000000
   48     E+    Px       0.153941
   49     E+    Py       0.000000
   50     E+    Pz       0.000000
   51     E+    Px      -0.054030
   52     E+    Py      -0.000000
   53     E+    Pz      -0.000000
   54     E+    Px       0.059815
   55     E+    Py      -0.000000
   56     E+    Pz      -0.000000
   57     E+   Dxx      -0.006595
   58     E+   Dxy       0.000000
   59     E+   Dxz       0.000000
   60     E+   Dyy       0.000456
   61     E+   Dyz       0.000000
   62     E+   Dzz       0.000456
   63     E+   Dxx       0.040362
   64     E+   Dxy      -0.000000
   65     E+   Dxz       0.000000
   66     E+   Dyy       0.004944
   67     E+   Dyz       0.000000
   68     E+   Dzz       0.004944
 
                           __________
              Total =        1.000000
 
  Atomic MULLIKEN Population: for POSITRON  
            BE               0.631638
            BE               0.368362
 
 ...end of MULLIKEN Population
 
 
 END POPULATION ANALYSES 
 
 
  POPULATION ANALYSES: 
 ====================
 
 LOWDIN Population: for POSITRON  
 ---------------------
 
                                    
 
    1     E+     S       0.002085
    2     E+     S       0.009773
    3     E+     S       0.053975
    4     E+     S       0.151900
    5     E+     S       0.196789
    6     E+     S       0.128033
    7     E+     S       0.039004
    8     E+     S       0.000642
    9     E+     S       0.000206
   10     E+     S       0.000025
   11     E+    Px       0.000017
   12     E+    Py       0.000000
   13     E+    Pz       0.000000
   14     E+    Px       0.001208
   15     E+    Py       0.000000
   16     E+    Pz       0.000000
   17     E+    Px       0.003647
   18     E+    Py       0.000000
   19     E+    Pz       0.000000
   20     E+    Px       0.012236
   21     E+    Py       0.000000
   22     E+    Pz       0.000000
   23     E+   Dxx       0.000006
   24     E+   Dxy       0.000000
   25     E+   Dxz       0.000000
   26     E+   Dyy       0.000010
   27     E+   Dyz       0.000000
   28     E+   Dzz       0.000010
   29     E+   Dxx       0.000086
   30     E+   Dxy       0.000000
   31     E+   Dxz       0.000000
   32     E+   Dyy       0.000102
   33     E+   Dyz       0.000000
   34     E+   Dzz       0.000102
   35     E+     S       0.002049
   36     E+     S       0.009216
   37     E+     S       0.046835
   38     E+     S       0.103486
   39     E+     S       0.105413
   40     E+     S       0.063923
   41     E+     S       0.015847
   42     E+     S       0.000134
   43     E+     S       0.000082
   44     E+     S       0.000011
   45     E+    Px       0.000059
   46     E+    Py       0.000000
   47     E+    Pz       0.000000
   48     E+    Px       0.002402
   49     E+    Py       0.000000
   50     E+    Pz       0.000000
   51     E+    Px       0.008778
   52     E+    Py       0.000000
   53     E+    Pz       0.000000
   54     E+    Px       0.041430
   55     E+    Py       0.000000
   56     E+    Pz       0.000000
   57     E+   Dxx       0.000000
   58     E+   Dxy       0.000000
   59     E+   Dxz       0.000000
   60     E+   Dyy       0.000002
   61     E+   Dyz       0.000000
   62     E+   Dzz       0.000002
   63     E+   Dxx       0.000430
   64     E+   Dxy       0.000000
   65     E+   Dxz       0.000000
   66     E+   Dyy       0.000021
   67     E+   Dyz       0.000000
   68     E+   Dzz       0.000021
 
                           __________
              Total =        1.000000
 
  Atomic LOWDIN Population: for POSITRON  
            BE               0.599856
            BE               0.400144
 
 ...end of LOWDIN Population
 
 
 END POPULATION ANALYSES 
 
 
  EXPECTED POSITIONS OF QUANTUM SPECIES:
 ======================
 
 POSITIONS IN ANGSTROMS
 ------
 
                        <x>      <y>      <z>         
                 E-  44.0275  -0.0000  -0.0000
           POSITRON   3.8401  -0.0000  -0.0000
 
 END EXPECTED POSITIONS
 
 
  ELECTROSTATIC MOMENTS:
 ======================
 
 DIPOLE: (DEBYE)
 ------
 
                           <Dx>         <Dy>         <Dz>          |D|
                 E--211.47327881   0.00000000   0.00000000
           POSITRON  18.44484241  -0.00000000  -0.00000000
    Point charges:  211.47327881   0.00000000   0.00000000
                     ____________________________
      Total Dipole:  18.44484241  -0.00000000  -0.00000000  18.44484241
 
 QUADRUPOLE NON-TRACELESS: (DEBYE ANGS)
 ------
 
                           <xx>         <yy>         <zz>         <xy>         <xz>         <yz>
                 E-   -0.00000000   -0.00000000   -0.00000000   -0.00000000   -0.00000000   -0.00000000
           POSITRON    0.00000000    0.00000000    0.00000000    0.00000000    0.00000000    0.00000000
    Point charges:  2327.66217220    0.00000000    0.00000000    0.00000000    0.00000000    0.00000000
  Total Quadrupole: 2327.66217220    0.00000000    0.00000000    0.00000000    0.00000000    0.00000000
                     ____________________________
 
 END ELECTROSTATIC MOMENTS
 

  TOTAL CPU Time:      0.031 (s)
 TOTAL Wall Time:      0.325 (s)
  Elapsed Time:   0h  0m  0s 325ms
LOWDIN execution terminated normally at : Thu Oct 17 19:53:32 2024
-rw-rw-r-- 1 pmorenor pmorenor 704K oct 17 19:53 0E-.ints
-rw-rw-r-- 1 pmorenor pmorenor 2.8M oct 17 19:53 0E-.POSITRON.ints
-rw-rw-r-- 1 pmorenor pmorenor 2.1M oct 17 19:53 0POSITRON.ints
-rw-rw-r-- 1 pmorenor pmorenor 704K oct 17 19:53 1E-.ints
-rw-rw-r-- 1 pmorenor pmorenor 2.8M oct 17 19:53 1E-.POSITRON.ints
-rw-rw-r-- 1 pmorenor pmorenor 2.1M oct 17 19:53 1POSITRON.ints
-rw-rw-r-- 1 pmorenor pmorenor 704K oct 17 19:53 2E-.ints
-rw-rw-r-- 1 pmorenor pmorenor 2.8M oct 17 19:53 2E-.POSITRON.ints
-rw-rw-r-- 1 pmorenor pmorenor 2.1M oct 17 19:53 2POSITRON.ints
-rw-rw-r-- 1 pmorenor pmorenor 704K oct 17 19:53 3E-.ints
-rw-rw-r-- 1 pmorenor pmorenor 2.8M oct 17 19:53 3E-.POSITRON.ints
-rw-rw-r-- 1 pmorenor pmorenor 2.1M oct 17 19:53 3POSITRON.ints
-rw-rw-r-- 1 pmorenor pmorenor   12 oct 17 19:53 E-.POSITRON.nints
-rw-rw-r-- 1 pmorenor pmorenor   64 oct 17 19:53 gepol.inp
-rw-rw-r-- 1 pmorenor pmorenor   91 oct 17 19:53 gepol.xyzr
-rw-rw-r-- 1 pmorenor pmorenor 9.5K oct 17 19:53 lowdin.bas
-rw-rw-r-- 1 pmorenor pmorenor  15K oct 17 19:53 lowdin.dat
-rw-rw-r-- 1 pmorenor pmorenor 691K oct 17 19:53 lowdin.opints
-rw-rw-r-- 1 pmorenor pmorenor  26K oct 17 19:53 lowdin.sys
-rw-rw-r-- 1 pmorenor pmorenor 531K oct 17 19:53 lowdin.wfn
-rw-rw-r-- 1 pmorenor pmorenor  498 oct 17 19:53 usual_95
-rw-rw-r-- 1 pmorenor pmorenor 1.8K oct 17 19:53 usual_95.aux
-rw-rw-r-- 1 pmorenor pmorenor  503 oct 17 19:53 usual_95.lowdin
-rw-rw-r-- 1 pmorenor pmorenor  46K oct 17 19:53 usual_95.out
-rw-rw-r-- 1 pmorenor pmorenor  54K oct 17 19:53 usual_95.vec
