Begin job by input: usual_47.lowdin, for user: pmorenor  at  jue 17 oct 2024 19:52:46 -05
under operating system Linux Hefesto 5.4.0-196-generic #216-Ubuntu SMP Thu Aug 29 13:26:53 UTC 2024 x86_64 x86_64 x86_64 GNU/Linux
Compilation information
  commit: f2cffef7078af1231fe3319081e66b682883a80b
  compilation date:  mar 06 feb 2024 16:53:31 -05

BEGIN INPUT INFO:
------------------------------------

GEOMETRY
	Be	Dirac	0.0 0.0 0.0
	e-(Be)	6-311++G.d.p 0.0 0.0 0.0
	E+	GRIBAKIN-10S4P2D 0.0 0.0 0.0
	Be	Dirac	11.2 0.0 0.0
	e-(Be)	6-311++G.d.p	11.2 0.0 0.0
	E+	GRIBAKIN-10S4P2D 11.2 0.0 0.0 addParticles=-1 
END GEOMETRY

TASKS
        method = "RHF"
END TASKS

EXTERPOTENTIAL
	E- GRIBAKIN0
	E+ VPC47
END EXTERPOTENTIAL

CONTROL
	units="BOHRS"
	readCoefficients=F
	convergenceMethod=1
	overlapEigenThreshold=1E-6
	SCFGhostSpecies="POSITRON"
	HFprintEigenvalues=T
	totalEnergyTolerance = 1E-9
END CONTROL


... END INPUT INFO


 LOWDIN execution started at : Thu Oct 17 19:52:46 2024
 ---------------------------------------------------------------
 
 ***************************************************************
 *                   LOWDIN 2.0  (May/2013)                    *
 *                                                             *
 *  R. FLORES-MORENO, E. F. POSADA, F. S. MONCADA, J.ROMERO,   *
 *  J. CHARRY, M. DIAZ-TINOCO, S. A. GONZALEZ, N. F. AGUIRRE,  *
 *  A. REYES                                                   *
 *                                                             *
 *  https://sites.google.com/site/lowdinproject/               *
 *                                                             *
 ***************************************************************
 
 PARSING INPUT... DONE!
 
 LOWDIN IS RUNNING WITH NEXT PARAMETERS: 
 ----------------------------------------
 
         METHOD TYPE:  RHF
         NUMBER OF CORES:     4
         NONELECTRONIC DENSITY GUESS: HCORE
         ELECTRONIC DENSITY GUESS: HCORE
         CRITERIUM OF CONVERGENCE: ENERGY
         NONELECTRONIC ENERGY TOLERANCE IN SCFs:     0.10000E-07
         ELECTRONIC ENERGY TOLERANCE IN SCFs:     0.10000E-07
         TOTAL ENERGY TOLERANCE IN SCFs:     0.10000E-08
         SCHEME OF ITERATION: GLOBAL ITERATIONS
         SCF MAX. SUBITERATIONS - NONELECTRONS :     1
         SCF MAX. SUBITERATIONS - ELECTRONS :     1
         SCF MAX. ITERATIONS - INTERSPECIES :   200
         INTEGRAL STORAGE: DISK
         STACK SIZE FOR ERIS : 30000
         METHOD OF SCF CONVERGENCE: DAMPING
 
  MOLECULAR SYSTEM: usual_47
 -----------------
 
    DESCRIPTION   : usual_47
    CHARGE        :   2
    PUNTUAL GROUP : NONE
 
 
  INFORMATION OF PARTICLES :
 =========================
         Total number of particles   =      11
         Number of quantum particles =       9
         Number of puntual charges   =       2
         Number of quantum species   =       2
 
                 INFORMATION OF QUANTUM SPECIES 
     ---------------------------------------------------------------------
         ID      Symbol            mass     charge     spin     multiplicity
     ---------------------------------------------------------------------
         1             E-         1.0000     -1.00      0.50      1.00
         2             E+         1.0000      1.00      0.50      1.00
 
                   CONSTANTS OF COUPLING 
      ------------------------------------------------------------
           Symbol          kappa      eta     lambda     occupation
      ------------------------------------------------------------
                 E-        -1.0      2.00      2.00      4.00
                 E+        -1.0      1.00      1.00      1.00
 
                   BASIS SET FOR SPECIES 
      ------------------------------------------------------------
           Symbol          N. Basis     N. Particles     Basis Set
      ------------------------------------------------------------
                 E-           20                8     6-311++G.D
                 E+           32                1     GRIBAKIN-1
 
                                ATOMIC BASIS
         ------------------------------------------------------------
          PRIMITIVE   SHELL             EXPONENT         COEFFICIENT 
         ------------------------------------------------------------
 
    BEGIN DESCRIPTION OF BASIS FOR:    E-
    ==============================
 
 
            BE BASIS SET:   6-311++G.D.P
             1         S             1682.80000000          0.00228574
             2         S              251.71500000          0.01759380
             3         S               57.41160000          0.08633150
             4         S               16.51710000          0.28183500
             5         S                4.85364000          0.64059400
             6         S                0.62686300          0.14446700
             1         S                8.30938000          0.10862100
             2         S                1.74075000          0.92730100
             3         S                0.48581600         -0.00297169
             1         P                8.30938000          0.03613440
             2         P                1.74075000          0.21695800
             3         P                0.48581600          0.84183900
             1         S                0.16361300          1.00000000
             1         P                0.16361300          1.00000000
             1         S                0.05672850          1.00000000
             1         P                0.05672850          1.00000000
             1         S                0.02070000          1.00000000
             1         P                0.02070000          1.00000000
             1         D                0.25500000          1.00000000
 
            BE BASIS SET:   6-311++G.D.P
             1         S             1682.80000000          0.00228574
             2         S              251.71500000          0.01759380
             3         S               57.41160000          0.08633150
             4         S               16.51710000          0.28183500
             5         S                4.85364000          0.64059400
             6         S                0.62686300          0.14446700
             1         S                8.30938000          0.10862100
             2         S                1.74075000          0.92730100
             3         S                0.48581600         -0.00297169
             1         P                8.30938000          0.03613440
             2         P                1.74075000          0.21695800
             3         P                0.48581600          0.84183900
             1         S                0.16361300          1.00000000
             1         P                0.16361300          1.00000000
             1         S                0.05672850          1.00000000
             1         P                0.05672850          1.00000000
             1         S                0.02070000          1.00000000
             1         P                0.02070000          1.00000000
             1         D                0.25500000          1.00000000
    ... END DESCRIPTION OF BASIS
 
 
    BEGIN DESCRIPTION OF BASIS FOR:    E+
    ==============================
 
 
            E+ BASIS SET:GRIBAKIN-10S4P2
             1         S                0.00010000          1.00000000
             1         S                0.00030000          1.00000000
             1         S                0.00090000          1.00000000
             1         S                0.00270000          1.00000000
             1         S                0.00810000          1.00000000
             1         S                0.02430000          1.00000000
             1         S                0.07290000          1.00000000
             1         S                0.21870000          1.00000000
             1         S                0.65610000          1.00000000
             1         S                1.96830000          1.00000000
             1         P                0.00010000          1.00000000
             1         P                0.00030000          1.00000000
             1         P                0.00090000          1.00000000
             1         P                0.00270000          1.00000000
             1         D                0.00010000          1.00000000
             1         D                0.00030000          1.00000000
 
            E+ BASIS SET:GRIBAKIN-10S4P2
             1         S                0.00010000          1.00000000
             1         S                0.00030000          1.00000000
             1         S                0.00090000          1.00000000
             1         S                0.00270000          1.00000000
             1         S                0.00810000          1.00000000
             1         S                0.02430000          1.00000000
             1         S                0.07290000          1.00000000
             1         S                0.21870000          1.00000000
             1         S                0.65610000          1.00000000
             1         S                1.96830000          1.00000000
             1         P                0.00010000          1.00000000
             1         P                0.00030000          1.00000000
             1         P                0.00090000          1.00000000
             1         P                0.00270000          1.00000000
             1         D                0.00010000          1.00000000
             1         D                0.00030000          1.00000000
    ... END DESCRIPTION OF BASIS
 
 
  END INFORMATION OF PARTICLES
 
 
  INFORMATION OF THE QUANTUM SYSTEM 
     ---------------------------------------------------------------------
                 ID     Occupied Orbitals     Basis size
     ---------------------------------------------------------------------
                 E-            4               46
                 E+            1               68
 
  END INFORMATION OF QUANTUM SYSTEM
 
 
  INFORMATION OF EXTERNAL POTENTIALS 
 
 =======
 External Potential for E- : GRIBAKIN0
 Type : 
                     Exponent         l       R_x       R_y       R_z              Factor
                 0.0010000000         0   0.00000   0.00000   0.00000        0.0000000000
 
 =======
 External Potential for E+ : VPC47
 Type : 
                     Exponent         l       R_x       R_y       R_z              Factor
                 0.0010000000         0   0.00000   0.00000   0.00000       -0.0004852612
                 0.0020000000         0   0.00000   0.00000   0.00000        0.0024441783
                 0.0040000000         0   0.00000   0.00000   0.00000       -0.0075448874
                 0.0080000000         0   0.00000   0.00000   0.00000        0.0157738437
                 0.0160000000         0   0.00000   0.00000   0.00000       -0.0371036225
                 0.0320000000         0   0.00000   0.00000   0.00000        0.0538567205
                 0.0640000000         0   0.00000   0.00000   0.00000       -0.1977562620
                 0.1280000000         0   0.00000   0.00000   0.00000        0.1521150960
                 0.2560000000         0   0.00000   0.00000   0.00000       -2.2309931100
                 0.5120000000         0   0.00000   0.00000   0.00000        7.1544406100
                 1.0000000000         0   0.00000   0.00000   0.00000      -16.4610761000
                 2.0000000000         0   0.00000   0.00000   0.00000      120.0674500000
                 3.0000000000         0   0.00000   0.00000   0.00000    -1010.4441400000
                 4.0000000000         0   0.00000   0.00000   0.00000     5912.5175500000
                 5.0000000000         0   0.00000   0.00000   0.00000   -22883.6471000000
                 6.0000000000         0   0.00000   0.00000   0.00000    58320.2479000000
                 7.0000000000         0   0.00000   0.00000   0.00000   -96733.7399000000
                 8.0000000000         0   0.00000   0.00000   0.00000   100515.5930000000
                 9.0000000000         0   0.00000   0.00000   0.00000   -59492.9273000000
                10.0000000000         0   0.00000   0.00000   0.00000    15337.5181000000
                20.0000000000         0   0.00000   0.00000   0.00000     -108.3194530000
                30.0000000000         0   0.00000   0.00000   0.00000       58.7242217000
                40.0000000000         0   0.00000   0.00000   0.00000      -33.9818623000
                50.0000000000         0   0.00000   0.00000   0.00000       10.1503518000
               100.0000000000         0   0.00000   0.00000   0.00000       -0.2039701810
                 0.0010000000         0  10.58249   0.00000   0.00000       -0.0004852612
                 0.0020000000         0  10.58249   0.00000   0.00000        0.0024441783
                 0.0040000000         0  10.58249   0.00000   0.00000       -0.0075448874
                 0.0080000000         0  10.58249   0.00000   0.00000        0.0157738437
                 0.0160000000         0  10.58249   0.00000   0.00000       -0.0371036225
                 0.0320000000         0  10.58249   0.00000   0.00000        0.0538567205
                 0.0640000000         0  10.58249   0.00000   0.00000       -0.1977562620
                 0.1280000000         0  10.58249   0.00000   0.00000        0.1521150960
                 0.2560000000         0  10.58249   0.00000   0.00000       -2.2309931100
                 0.5120000000         0  10.58249   0.00000   0.00000        7.1544406100
                 1.0000000000         0  10.58249   0.00000   0.00000      -16.4610761000
                 2.0000000000         0  10.58249   0.00000   0.00000      120.0674500000
                 3.0000000000         0  10.58249   0.00000   0.00000    -1010.4441400000
                 4.0000000000         0  10.58249   0.00000   0.00000     5912.5175500000
                 5.0000000000         0  10.58249   0.00000   0.00000   -22883.6471000000
                 6.0000000000         0  10.58249   0.00000   0.00000    58320.2479000000
                 7.0000000000         0  10.58249   0.00000   0.00000   -96733.7399000000
                 8.0000000000         0  10.58249   0.00000   0.00000   100515.5930000000
                 9.0000000000         0  10.58249   0.00000   0.00000   -59492.9273000000
                10.0000000000         0  10.58249   0.00000   0.00000    15337.5181000000
                20.0000000000         0  10.58249   0.00000   0.00000     -108.3194530000
                30.0000000000         0  10.58249   0.00000   0.00000       58.7242217000
                40.0000000000         0  10.58249   0.00000   0.00000      -33.9818623000
                50.0000000000         0  10.58249   0.00000   0.00000       10.1503518000
               100.0000000000         0  10.58249   0.00000   0.00000       -0.2039701810
 
  END INFORMATION OF EXTERNAL POTENTIALS
 
                       INITIAL GEOMETRY: AMSTRONG
                 -----------------------------------
                       <x>                 <y>                 <z>
      E-BE        0.0000000000        0.0000000000        0.0000000000
      E-BE        5.9267851915        0.0000000000        0.0000000000
        E+        0.0000000000        0.0000000000        0.0000000000
        E+        5.9267851915        0.0000000000        0.0000000000
        BE        0.0000000000        0.0000000000        0.0000000000
        BE        5.9267851915        0.0000000000        0.0000000000
 
                     MATRIX OF DISTANCE: ANGSTROM
                 -----------------------------------
                          BE(1)          BE(2)     
 
        BE(1)            0.000000       5.926785
        BE(2)            5.926785       0.000000
 
--------------------------------------------------------------------------------
** PROGRAM: SCF (Hartree Fock).     Author: S.A. Gonzalez, E. Posada, F. Moncada
--------------------------------------------------------------------------------
INFO: RUNNING IN RHF MODE.
 
----------------------------------------------------------------------
** PROGRAM INTS                          Author: E. F. Posada, 2013   
----------------------------------------------------------------------
INFO: RUNNING IN ONE_PARTICLE MODE.
 
 Number of Overlap integrals for species E-:   2116
 Number of Overlap integrals for species POSITRON:   4624
 Number of Kinetic integrals for species E-:   2116
 Number of Kinetic integrals for species POSITRON:   4624
 Number of Nuclear integrals for species E-:   2116
 Number of Nuclear integrals for species POSITRON:   4624
 Number of Moment integrals for species E-:   6348
 Number of Moment integrals for species POSITRON:  13872
 Number of 3C Overlap integrals for species E-:   2116
 Number of 3C Overlap integrals for species POSITRON:   4624
 
** TOTAL CPU Time INTS :      0.127 (s)
** TOTAL Elapsed Time INTS :      0.121 (s)
 
Removed     7 orbitals for species POSITRON with overlap eigen threshold of 1.000E-06
       Usign  HCORE density guess for species:         E-
     number of         E-     particles in guess density matrix:     8.000000
       Usign  HCORE density guess for species:   POSITRON
     number of   POSITRON     particles in guess density matrix:     0.000000
renormalized density matrix with deviation from number of particl    1.000000
 Number of unique integrals for species: 1 = 123076
 Number of unique integrals for species: 2 = 330316
 Number of unique integrals for species: 1 / 2 = 579017 Screened: 228
 
 TWO-BODY INTEGRAL SETUP: 
------------------------- 
 Storage:   DISK
 Scheme: LIBINT
 Stack size:  30000
 
 LIBINT library, Fermann, J. T.; Valeev, F. L. 2010                   
 LOWDIN-LIBINT Implementation V. 2.1  Posada E. F. ; Reyes A. 2016   
 ----------------------------------------------------------------------

*** TOTAL CPU time intra-species integrals :      0.143 (s)
*** TOTAL elapsed time intra-species integrals :      0.039 (s)


*** TOTAL CPU time inter-species integrals :      0.271 (s)
*** TOTAL elapsed time inter-species integrals :      0.071 (s)

INFO: RUNNING SCHEME SIMULTANEOUS
 
 Begin Multi-Species SCF calculation:
 
 --------------------------------------------------------------------------------------------------
      Iteration                   Energy            Energy Change           Density Change
 --------------------------------------------------------------------------------------------------
              1         -27.197006831002          27.197006831002        2851.844154815816
              2         -29.063392526434           1.866385695432           0.665811810814
              3         -29.142837714337           0.079445187903           1.241891012849
              4         -29.152081062854           0.009243348517           0.084532373381
              5         -29.153087717012           0.001006654157           0.007631756272
              6         -29.153275654894           0.000187937883           0.001660036281
              7         -29.153324227939           0.000048573045           0.000599326493
              8         -29.153339166175           0.000014938235           0.000264185527
              9         -29.153344170836           0.000005004661           0.000119092065
             10         -29.153345912123           0.000001741287           0.000052440429
             11         -29.153346528359           0.000000616235           0.000022427097
             12         -29.153346748300           0.000000219941           0.000009349936
             13         -29.153346827186           0.000000078886           0.000003818482
             14         -29.153346855572           0.000000028386           0.000001532528
             15         -29.153346865811           0.000000010239           0.000000606036
             16         -29.153346869511           0.000000003700           0.000000242905
             17         -29.153346870851           0.000000001339           0.000000097781
             18         -29.153346871336           0.000000000485           0.000000025295
 Total energy converged after  18 global iterations                                                  
 
 ...end Multi-Species SCF calculation
 
 
 Begin SCF calculation by: E-
 -------------------------
 
 -----------------------------------------------------------------------------------
 Iteration                   Energy           Density Change         DIIS Error 
 -----------------------------------------------------------------------------------
    1         -30.694535988570           0.012279625126                 -- 
    2         -30.596373653150           0.004166858007                 -- 
    3         -30.579578427956           0.001489032382                 -- 
    4         -30.574744315162           0.000519963724                 -- 
    5         -30.573204448063           0.000179067416                 -- 
    6         -30.572700548316           0.000061342642                 -- 
    7         -30.572533934254           0.000021002569                 -- 
    8         -30.572478528808           0.000007205792                 -- 
    9         -30.572460030027           0.000002481200                 -- 
   10         -30.572453833673           0.000000858287                 -- 
   11         -30.572451752465           0.000000298439                 -- 
   12         -30.572451051768           0.000000104345                 -- 
   13         -30.572450815354           0.000000036688                 -- 
   14         -30.572450735431           0.000000012971                 -- 
   15         -30.572450708361           0.000000004610                 -- 
   16         -30.572450699176           0.000000001646                 -- 
   17         -30.572450696054           0.000000000591                 -- 
 
 ... end SCF calculation
 
 Begin SCF calculation by: POSITRON
 -------------------------
 
 -----------------------------------------------------------------------------------
 Iteration                   Energy           Density Change         DIIS Error 
 -----------------------------------------------------------------------------------
    1          -0.015267574680           0.653532185689                 -- 
    2          -0.046105301708           1.237724154841                 -- 
    3          -0.051642900547           0.083043340999                 -- 
    4          -0.052790653800           0.007111792548                 -- 
    5          -0.053138293022           0.001480968865                 -- 
    6          -0.053251874711           0.000537983851                 -- 
    7          -0.053290233631           0.000243182959                 -- 
    8          -0.053303402765           0.000111886273                 -- 
    9          -0.053307967510           0.000049959229                 -- 
   10          -0.053309560116           0.000021568810                 -- 
   11          -0.053310118518           0.000009051497                 -- 
   12          -0.053310315094           0.000003714137                 -- 
   13          -0.053310384532           0.000001495840                 -- 
   14          -0.053310409134           0.000000593066                 -- 
   15          -0.053310417873           0.000000238295                 -- 
   16          -0.053310420985           0.000000096135                 -- 
   17          -0.053310422096           0.000000024704                 -- 
 
 ... end SCF calculation
 
  EIGENVALUES AND EIGENVECTORS: 
 ==============================
 
 
  Eigenvalues for: E-
 -----------------
 
    1          -4.732311982115
    2          -4.732311917642
    3          -0.310892444379
    4          -0.307613988551
    5           0.024895931822
    6           0.024895931822
    7           0.026513429287
    8           0.036561775208
    9           0.036561775208
   10           0.038513750035
   11           0.049532908539
   12           0.082613471423
   13           0.097547419794
   14           0.097547419794
   15           0.102230937927
   16           0.102230937927
   17           0.105296877202
   18           0.105725160499
   19           0.311010326419
   20           0.330087749821
   21           0.335121371677
   22           0.342536009029
   23           0.342536009029
   24           0.351746363212
   25           0.351746363212
   26           0.386938861103
   27           0.692869325453
   28           0.692869325544
   29           0.692870256988
   30           0.692870257095
   31           0.693098173701
   32           0.693098173701
   33           0.693410158758
   34           0.693410158758
   35           0.693485882388
   36           0.699449667933
   37           1.189683383204
   38           1.195695318234
   39           1.195695318234
   40           1.204326436025
   41           1.204326436025
   42           1.221607592179
   43           1.411009404557
   44           1.433436357689
   45          10.064838318409
   46          10.077600109451
 
 
  Eigenvalues for: POSITRON
 -----------------
 
    1          -0.009467605467
    2           0.000079325294
    3           0.000137375105
    4           0.000209637640
    5           0.000209637640
    6           0.000315435517
    7           0.000325555022
    8           0.000325555022
    9           0.000330201423
   10           0.000330201424
   11           0.000339708704
   12           0.000426785919
   13           0.000430271330
   14           0.000432029323
   15           0.000432029323
   16           0.000444310265
   17           0.000444310265
   18           0.000888721401
   19           0.000906340103
   20           0.000906340103
   21           0.000956757892
   22           0.001044893838
   23           0.001186637338
   24           0.001186637338
   25           0.001253866467
   26           0.001253866468
   27           0.001476751540
   28           0.001523461102
   29           0.001523461102
   30           0.001527195625
   31           0.001527195626
   32           0.001825313123
   33           0.001844395640
   34           0.002038222172
   35           0.003063558416
   36           0.003063558416
   37           0.003163390040
   38           0.003749966322
   39           0.003749966322
   40           0.004036230075
   41           0.004638454662
   42           0.004817800177
   43           0.006341449540
   44           0.008582331360
   45           0.008582331360
   46           0.010947824839
   47           0.011288305279
   48           0.011288305279
   49           0.012809785116
   50           0.014239212249
   51           0.017978689012
   52           0.050697257468
   53           0.051323241626
   54           0.190359868124
   55           0.196574398121
   56           0.848946972098
   57           0.857610853942
   58           2.928670154999
   59           2.940898600765
   60          10.784495862017
   61          10.802024527346
   62     1000000.000000000000
   63     1000000.000000000000
   64     1000000.000000000000
   65     1000000.000000000000
   66     1000000.000000000000
   67     1000000.000000000000
   68     1000000.000000000000
 
  end of eigenvalues 
 
  Occupied Eigenvectors for: E-
 --------------------------- 
 
                          -4.7323        -4.7323        -0.3109        -0.3076   
 
    1     BE     S       0.421635       0.421633      -0.077060       0.077916
    2     BE     S       0.315678       0.315684      -0.130549       0.132084
    3     BE    Px       0.000011      -0.000003       0.000327       0.000275
    4     BE    Py      -0.000000      -0.000000      -0.000000       0.000000
    5     BE    Pz       0.000000      -0.000000      -0.000000       0.000000
    6     BE     S      -0.003471      -0.003459       0.410416      -0.415204
    7     BE    Px      -0.000036       0.000010       0.000877       0.001188
    8     BE    Py       0.000000       0.000000      -0.000000       0.000000
    9     BE    Pz       0.000000       0.000000      -0.000000       0.000000
   10     BE     S       0.001129       0.001009       0.351211      -0.357660
   11     BE    Px       0.000063      -0.000001       0.000966      -0.000003
   12     BE    Py      -0.000000      -0.000000      -0.000000       0.000000
   13     BE    Pz      -0.000000      -0.000000      -0.000000       0.000000
   14     BE     S      -0.000485      -0.000290       0.015383      -0.014076
   15     BE    Px      -0.000136      -0.000003      -0.000183       0.001833
   16     BE    Py       0.000000       0.000000      -0.000000       0.000000
   17     BE    Pz       0.000000       0.000000      -0.000000      -0.000000
   18     BE   Dxx       0.000456       0.000476      -0.000973       0.001639
   19     BE   Dxy       0.000000       0.000000       0.000000      -0.000000
   20     BE   Dxz      -0.000000       0.000000      -0.000000       0.000000
   21     BE   Dyy       0.000461       0.000477      -0.001336       0.001260
   22     BE   Dyz      -0.000000       0.000000      -0.000000      -0.000000
   23     BE   Dzz       0.000461       0.000477      -0.001336       0.001260
   24     BE     S      -0.421635       0.421633      -0.077060      -0.077916
   25     BE     S      -0.315678       0.315684      -0.130549      -0.132084
   26     BE    Px       0.000011       0.000003      -0.000327       0.000275
   27     BE    Py       0.000000       0.000000       0.000000       0.000000
   28     BE    Pz       0.000000       0.000000      -0.000000       0.000000
   29     BE     S       0.003471      -0.003459       0.410416       0.415204
   30     BE    Px      -0.000036      -0.000010      -0.000877       0.001188
   31     BE    Py      -0.000000      -0.000000       0.000000      -0.000000
   32     BE    Pz      -0.000000      -0.000000       0.000000      -0.000000
   33     BE     S      -0.001129       0.001009       0.351211       0.357660
   34     BE    Px       0.000063       0.000001      -0.000966      -0.000003
   35     BE    Py       0.000000       0.000000      -0.000000       0.000000
   36     BE    Pz       0.000000       0.000000      -0.000000       0.000000
   37     BE     S       0.000485      -0.000290       0.015383       0.014076
   38     BE    Px      -0.000136       0.000003       0.000183       0.001833
   39     BE    Py      -0.000000      -0.000000      -0.000000      -0.000000
   40     BE    Pz      -0.000000      -0.000000       0.000000       0.000000
   41     BE   Dxx      -0.000456       0.000476      -0.000973      -0.001639
   42     BE   Dxy       0.000000      -0.000000       0.000000      -0.000000
   43     BE   Dxz      -0.000000       0.000000       0.000000      -0.000000
   44     BE   Dyy      -0.000461       0.000477      -0.001336      -0.001260
   45     BE   Dyz      -0.000000       0.000000       0.000000       0.000000
   46     BE   Dzz      -0.000461       0.000477      -0.001336      -0.001260
 
 
  Occupied Eigenvectors for: POSITRON
 --------------------------- 
 
                          -0.0095   
 
    1     E+     S      -0.091564
    2     E+     S      -0.497758
    3     E+     S       0.963607
    4     E+     S      -0.223706
    5     E+     S       0.338027
    6     E+     S       0.243817
    7     E+     S       0.127784
    8     E+     S      -0.111354
    9     E+     S      -0.009248
   10     E+     S       0.000350
   11     E+    Px      -0.034029
   12     E+    Py       0.000000
   13     E+    Pz      -0.000000
   14     E+    Px       2.106684
   15     E+    Py       0.000000
   16     E+    Pz      -0.000000
   17     E+    Px       0.067690
   18     E+    Py      -0.000000
   19     E+    Pz       0.000000
   20     E+    Px      -0.001659
   21     E+    Py       0.000000
   22     E+    Pz      -0.000000
   23     E+   Dxx       0.006815
   24     E+   Dxy       0.000000
   25     E+   Dxz      -0.000000
   26     E+   Dyy       0.016725
   27     E+   Dyz       0.000000
   28     E+   Dzz       0.016725
   29     E+   Dxx       0.396191
   30     E+   Dxy       0.000000
   31     E+   Dxz      -0.000000
   32     E+   Dyy       0.032665
   33     E+   Dyz      -0.000000
   34     E+   Dzz       0.032665
   35     E+     S      -0.091569
   36     E+     S      -0.499115
   37     E+     S      -0.682984
   38     E+     S       0.240003
   39     E+     S       0.212507
   40     E+     S       0.234395
   41     E+     S       0.116867
   42     E+     S      -0.106931
   43     E+     S      -0.004470
   44     E+     S      -0.000568
   45     E+    Px       0.033817
   46     E+    Py      -0.000000
   47     E+    Pz       0.000000
   48     E+    Px      -2.114000
   49     E+    Py      -0.000000
   50     E+    Pz       0.000000
   51     E+    Px       0.219645
   52     E+    Py       0.000000
   53     E+    Pz      -0.000000
   54     E+    Px      -0.132720
   55     E+    Py      -0.000000
   56     E+    Pz       0.000000
   57     E+   Dxx       0.015207
   58     E+   Dxy       0.000000
   59     E+   Dxz      -0.000000
   60     E+   Dyy       0.009990
   61     E+   Dyz      -0.000000
   62     E+   Dzz       0.009990
   63     E+   Dxx       0.400794
   64     E+   Dxy       0.000000
   65     E+   Dxz      -0.000000
   66     E+   Dyy       0.061176
   67     E+   Dyz       0.000000
   68     E+   Dzz       0.061176
 
 
  end of eigenvectors 
 
  END OF EIGENVALUES AND EIGENVECTORS
 
 
  COMPONENTS OF KINETIC ENERGY: 
 -----------------------------
 
                  E- Kinetic energy =           29.142826548275
            POSITRON Kinetic energy =            0.020223641136
                                     _________________________
               Total kinetic energy =           29.163050189411
 
  COMPONENTS OF POTENTIAL ENERGY: 
 -------------------------------
 
          Fixed potential energy    =            1.428571428571
 
  Quantum/Fixed interaction energy: 
 ----------------------------------
 
          E-/Fixed interact. energy =          -70.121467275009
    POSITRON/Fixed interact. energy =            1.069517179276
                                     _________________________
               Total Q/Fixed energy =          -69.051950095733
 
  Coulomb energy: 
 ------------------
 
               E-/E- Hartree energy =           15.739375117376
   POSITRON/POSITRON Hartree energy =            0.000000000000
         E-/POSITRON Hartree energy =           -1.055365609428
                                     _________________________
               Total Hartree energy =           14.684009507949
 
  Exchange(HF) energy: 
 ----------------------
 
                 E- Exchange energy =           -5.333185085082
           POSITRON Exchange energy =            0.000000000000
                                     _________________________
              Total Exchange energy =           -5.333185085082
 
  External Potential energy: 
 ----------------------------
 
                  E- Ext Pot energy =            0.000000000000
            POSITRON Ext Pot energy =           -0.043842816628
                                     _________________________
    Total External Potential energy =           -0.043842816628
 
  TOTAL ENERGY COMPONENTS: 
 ==========================
 
          TOTAL KINETIC ENERGY      =           29.163050189411
          TOTAL POTENTIAL ENERGY    =          -58.316397060923
                                     _________________________
                       TOTAL ENERGY =          -29.153346871512
 
                 VIRIAL RATIO (V/T) =            1.999667273559
 
 
  END ENERGY COMPONENTS
 
 
** TOTAL CPU Time SCF :      0.393 (s)
** TOTAL Elapsed Time SCF :      0.312 (s)
 
 We are calculating properties for E- in the HF/KS ground state
 We are calculating properties for POSITRON in the HF/KS ground state
 
  POPULATION ANALYSES: 
 ====================
 
 MULLIKEN Population: for E-        
 ---------------------
 
                                    
 
    1     BE     S       1.166392
    2     BE     S       0.823579
    3     BE    Px       0.000002
    4     BE    Py       0.000000
    5     BE    Pz       0.000000
    6     BE     S       1.043376
    7     BE    Px       0.000025
    8     BE    Py       0.000000
    9     BE    Pz       0.000000
   10     BE     S       0.944082
   11     BE    Px       0.000072
   12     BE    Py       0.000000
   13     BE    Pz      -0.000000
   14     BE     S       0.029420
   15     BE    Px       0.000556
   16     BE    Py       0.000000
   17     BE    Pz       0.000000
   18     BE   Dxx      -0.002513
   19     BE   Dxy       0.000000
   20     BE   Dxz       0.000000
   21     BE   Dyy      -0.002496
   22     BE   Dyz       0.000000
   23     BE   Dzz      -0.002496
   24     BE     S       1.166392
   25     BE     S       0.823579
   26     BE    Px       0.000002
   27     BE    Py      -0.000000
   28     BE    Pz      -0.000000
   29     BE     S       1.043376
   30     BE    Px       0.000025
   31     BE    Py       0.000000
   32     BE    Pz      -0.000000
   33     BE     S       0.944082
   34     BE    Px       0.000072
   35     BE    Py      -0.000000
   36     BE    Pz       0.000000
   37     BE     S       0.029420
   38     BE    Px       0.000556
   39     BE    Py       0.000000
   40     BE    Pz       0.000000
   41     BE   Dxx      -0.002513
   42     BE   Dxy       0.000000
   43     BE   Dxz       0.000000
   44     BE   Dyy      -0.002496
   45     BE   Dyz       0.000000
   46     BE   Dzz      -0.002496
 
                           __________
              Total =        8.000000
 
  Atomic MULLIKEN Population: for E-        
            BE               4.000000
            BE               4.000000
 
 ...end of MULLIKEN Population
 
 
 END POPULATION ANALYSES 
 
 
  POPULATION ANALYSES: 
 ====================
 
 LOWDIN Population: for E-        
 ---------------------
 
                                    
 
    1     BE     S       1.101748
    2     BE     S       0.875923
    3     BE    Px       0.000002
    4     BE    Py       0.000000
    5     BE    Pz       0.000000
    6     BE     S       0.590378
    7     BE    Px       0.000001
    8     BE    Py       0.000000
    9     BE    Pz       0.000000
   10     BE     S       0.546451
   11     BE    Px       0.000123
   12     BE    Py       0.000000
   13     BE    Pz       0.000000
   14     BE     S       0.200795
   15     BE    Px       0.011560
   16     BE    Py       0.000000
   17     BE    Pz       0.000000
   18     BE   Dxx       0.224123
   19     BE   Dxy       0.000000
   20     BE   Dxz       0.000000
   21     BE   Dyy       0.224448
   22     BE   Dyz       0.000000
   23     BE   Dzz       0.224448
   24     BE     S       1.101748
   25     BE     S       0.875923
   26     BE    Px       0.000002
   27     BE    Py       0.000000
   28     BE    Pz       0.000000
   29     BE     S       0.590378
   30     BE    Px       0.000001
   31     BE    Py       0.000000
   32     BE    Pz       0.000000
   33     BE     S       0.546451
   34     BE    Px       0.000123
   35     BE    Py       0.000000
   36     BE    Pz       0.000000
   37     BE     S       0.200795
   38     BE    Px       0.011560
   39     BE    Py       0.000000
   40     BE    Pz       0.000000
   41     BE   Dxx       0.224123
   42     BE   Dxy       0.000000
   43     BE   Dxz       0.000000
   44     BE   Dyy       0.224448
   45     BE   Dyz       0.000000
   46     BE   Dzz       0.224448
 
                           __________
              Total =        8.000000
 
  Atomic LOWDIN Population: for E-        
            BE               4.000000
            BE               4.000000
 
 ...end of LOWDIN Population
 
 
 END POPULATION ANALYSES 
 
 
  POPULATION ANALYSES: 
 ====================
 
 MULLIKEN Population: for POSITRON  
 ---------------------
 
                                    
 
    1     E+     S      -0.010924
    2     E+     S      -0.126192
    3     E+     S       0.467128
    4     E+     S      -0.169705
    5     E+     S       0.301400
    6     E+     S       0.184066
    7     E+     S       0.060341
    8     E+     S      -0.023438
    9     E+     S      -0.000614
   10     E+     S       0.000006
   11     E+    Px      -0.000392
   12     E+    Py       0.000000
   13     E+    Pz       0.000000
   14     E+    Px       0.085238
   15     E+    Py      -0.000000
   16     E+    Pz       0.000000
   17     E+    Px       0.008113
   18     E+    Py      -0.000000
   19     E+    Pz      -0.000000
   20     E+    Px      -0.000434
   21     E+    Py      -0.000000
   22     E+    Pz      -0.000000
   23     E+   Dxx       0.000029
   24     E+   Dxy      -0.000000
   25     E+   Dxz       0.000000
   26     E+   Dyy       0.000050
   27     E+   Dyz      -0.000000
   28     E+   Dzz       0.000050
   29     E+   Dxx       0.009601
   30     E+   Dxy       0.000000
   31     E+   Dxz       0.000000
   32     E+   Dyy       0.000561
   33     E+   Dyz       0.000000
   34     E+   Dzz       0.000561
   35     E+     S      -0.010909
   36     E+     S      -0.126026
   37     E+     S      -0.327489
   38     E+     S       0.177293
   39     E+     S       0.179419
   40     E+     S       0.163135
   41     E+     S       0.050176
   42     E+     S      -0.020283
   43     E+     S      -0.000266
   44     E+     S      -0.000009
   45     E+    Px      -0.000490
   46     E+    Py       0.000000
   47     E+    Pz      -0.000000
   48     E+    Px       0.107409
   49     E+    Py      -0.000000
   50     E+    Pz      -0.000000
   51     E+    Px      -0.032889
   52     E+    Py      -0.000000
   53     E+    Pz      -0.000000
   54     E+    Px       0.042707
   55     E+    Py      -0.000000
   56     E+    Pz      -0.000000
   57     E+   Dxx       0.000071
   58     E+   Dxy      -0.000000
   59     E+   Dxz      -0.000000
   60     E+   Dyy       0.000030
   61     E+   Dyz       0.000000
   62     E+   Dzz       0.000030
   63     E+   Dxx       0.010552
   64     E+   Dxy       0.000000
   65     E+   Dxz       0.000000
   66     E+   Dyy       0.001047
   67     E+   Dyz      -0.000000
   68     E+   Dzz       0.001047
 
                           __________
              Total =        1.000000
 
  Atomic MULLIKEN Population: for POSITRON  
            BE               0.785447
            BE               0.214553
 
 ...end of MULLIKEN Population
 
 
 END POPULATION ANALYSES 
 
 
  POPULATION ANALYSES: 
 ====================
 
 LOWDIN Population: for POSITRON  
 ---------------------
 
                                    
 
    1     E+     S       0.000348
    2     E+     S       0.002207
    3     E+     S       0.020649
    4     E+     S       0.078523
    5     E+     S       0.204597
    6     E+     S       0.171560
    7     E+     S       0.046932
    8     E+     S       0.000708
    9     E+     S       0.000256
   10     E+     S       0.000032
   11     E+    Px       0.000004
   12     E+    Py       0.000000
   13     E+    Pz       0.000000
   14     E+    Px       0.000121
   15     E+    Py       0.000000
   16     E+    Pz       0.000000
   17     E+    Px       0.000920
   18     E+    Py       0.000000
   19     E+    Pz       0.000000
   20     E+    Px       0.013183
   21     E+    Py       0.000000
   22     E+    Pz       0.000000
   23     E+   Dxx       0.000000
   24     E+   Dxy       0.000000
   25     E+   Dxz       0.000000
   26     E+   Dyy       0.000000
   27     E+   Dyz       0.000000
   28     E+   Dzz       0.000000
   29     E+   Dxx       0.000002
   30     E+   Dxy       0.000000
   31     E+   Dxz       0.000000
   32     E+   Dyy       0.000014
   33     E+   Dyz       0.000000
   34     E+   Dzz       0.000014
   35     E+     S       0.000347
   36     E+     S       0.002192
   37     E+     S       0.019187
   38     E+     S       0.075857
   39     E+     S       0.163349
   40     E+     S       0.136567
   41     E+     S       0.038466
   42     E+     S       0.000463
   43     E+     S       0.000203
   44     E+     S       0.000025
   45     E+    Px       0.000005
   46     E+    Py       0.000000
   47     E+    Pz       0.000000
   48     E+    Px       0.000158
   49     E+    Py       0.000000
   50     E+    Pz       0.000000
   51     E+    Px       0.001377
   52     E+    Py       0.000000
   53     E+    Pz       0.000000
   54     E+    Px       0.021700
   55     E+    Py       0.000000
   56     E+    Pz       0.000000
   57     E+   Dxx       0.000000
   58     E+   Dxy       0.000000
   59     E+   Dxz       0.000000
   60     E+   Dyy       0.000000
   61     E+   Dyz       0.000000
   62     E+   Dzz       0.000000
   63     E+   Dxx       0.000002
   64     E+   Dxy       0.000000
   65     E+   Dxz       0.000000
   66     E+   Dyy       0.000016
   67     E+   Dyz       0.000000
   68     E+   Dzz       0.000016
 
                           __________
              Total =        1.000000
 
  Atomic LOWDIN Population: for POSITRON  
            BE               0.540068
            BE               0.459932
 
 ...end of LOWDIN Population
 
 
 END POPULATION ANALYSES 
 
 
  EXPECTED POSITIONS OF QUANTUM SPECIES:
 ======================
 
 POSITIONS IN ANGSTROMS
 ------
 
                        <x>      <y>      <z>         
                 E-  23.7071  -0.0000  -0.0000
           POSITRON   2.5927  -0.0000  -0.0000
 
 END EXPECTED POSITIONS
 
 
  ELECTROSTATIC MOMENTS:
 ======================
 
 DIPOLE: (DEBYE)
 ------
 
                           <Dx>         <Dy>         <Dz>          |D|
                 E--113.87022705   0.00000000   0.00000000
           POSITRON  12.45339899  -0.00000000  -0.00000000
    Point charges:  113.87022705   0.00000000   0.00000000
                     ____________________________
      Total Dipole:  12.45339899  -0.00000000  -0.00000000  12.45339899
 
 QUADRUPOLE NON-TRACELESS: (DEBYE ANGS)
 ------
 
                           <xx>         <yy>         <zz>         <xy>         <xz>         <yz>
                 E-   -0.00000000   -0.00000000   -0.00000000   -0.00000000   -0.00000000   -0.00000000
           POSITRON    0.00000000    0.00000000    0.00000000    0.00000000    0.00000000    0.00000000
    Point charges:   674.88429845    0.00000000    0.00000000    0.00000000    0.00000000    0.00000000
  Total Quadrupole:  674.88429845    0.00000000    0.00000000    0.00000000    0.00000000    0.00000000
                     ____________________________
 
 END ELECTROSTATIC MOMENTS
 

  TOTAL CPU Time:      0.032 (s)
 TOTAL Wall Time:      0.358 (s)
  Elapsed Time:   0h  0m  0s 359ms
LOWDIN execution terminated normally at : Thu Oct 17 19:52:46 2024
-rw-rw-r-- 1 pmorenor pmorenor 1.4M oct 17 19:52 0E-.ints
-rw-rw-r-- 1 pmorenor pmorenor 3.5M oct 17 19:52 0E-.POSITRON.ints
-rw-rw-r-- 1 pmorenor pmorenor 2.1M oct 17 19:52 0POSITRON.ints
-rw-rw-r-- 1 pmorenor pmorenor 1.4M oct 17 19:52 1E-.ints
-rw-rw-r-- 1 pmorenor pmorenor 3.5M oct 17 19:52 1E-.POSITRON.ints
-rw-rw-r-- 1 pmorenor pmorenor 2.1M oct 17 19:52 1POSITRON.ints
-rw-rw-r-- 1 pmorenor pmorenor 1.4M oct 17 19:52 2E-.ints
-rw-rw-r-- 1 pmorenor pmorenor 3.5M oct 17 19:52 2E-.POSITRON.ints
-rw-rw-r-- 1 pmorenor pmorenor 2.1M oct 17 19:52 2POSITRON.ints
-rw-rw-r-- 1 pmorenor pmorenor 1.4M oct 17 19:52 3E-.ints
-rw-rw-r-- 1 pmorenor pmorenor 3.5M oct 17 19:52 3E-.POSITRON.ints
-rw-rw-r-- 1 pmorenor pmorenor 2.1M oct 17 19:52 3POSITRON.ints
-rw-rw-r-- 1 pmorenor pmorenor   12 oct 17 19:52 E-.POSITRON.nints
-rw-rw-r-- 1 pmorenor pmorenor   64 oct 17 19:52 gepol.inp
-rw-rw-r-- 1 pmorenor pmorenor   91 oct 17 19:52 gepol.xyzr
-rw-rw-r-- 1 pmorenor pmorenor 9.5K oct 17 19:52 lowdin.bas
-rw-rw-r-- 1 pmorenor pmorenor  15K oct 17 19:52 lowdin.dat
-rw-rw-r-- 1 pmorenor pmorenor 691K oct 17 19:52 lowdin.opints
-rw-rw-r-- 1 pmorenor pmorenor  26K oct 17 19:52 lowdin.sys
-rw-rw-r-- 1 pmorenor pmorenor 531K oct 17 19:52 lowdin.wfn
-rw-rw-r-- 1 pmorenor pmorenor  498 oct 17 19:52 usual_47
-rw-rw-r-- 1 pmorenor pmorenor 1.8K oct 17 19:52 usual_47.aux
-rw-rw-r-- 1 pmorenor pmorenor  503 oct 17 19:52 usual_47.lowdin
-rw-rw-r-- 1 pmorenor pmorenor  46K oct 17 19:52 usual_47.out
-rw-rw-r-- 1 pmorenor pmorenor  54K oct 17 19:52 usual_47.vec
