Begin job by input: usual_285.lowdin, for user: pmorenor  at  jue 17 oct 2024 19:56:24 -05
under operating system Linux Hefesto 5.4.0-196-generic #216-Ubuntu SMP Thu Aug 29 13:26:53 UTC 2024 x86_64 x86_64 x86_64 GNU/Linux
Compilation information
  commit: f2cffef7078af1231fe3319081e66b682883a80b
  compilation date:  mar 06 feb 2024 16:53:31 -05

BEGIN INPUT INFO:
------------------------------------

GEOMETRY
	Be	Dirac	0.0 0.0 0.0
	e-(Be)	6-311++G.d.p 0.0 0.0 0.0
	E+	GRIBAKIN-10S4P2D 0.0 0.0 0.0
	Be	Dirac	58.8 0.0 0.0
	e-(Be)	6-311++G.d.p	58.8 0.0 0.0
	E+	GRIBAKIN-10S4P2D 58.8 0.0 0.0 addParticles=-1 
END GEOMETRY

TASKS
        method = "RHF"
END TASKS

EXTERPOTENTIAL
	E- GRIBAKIN0
	E+ VPC285
END EXTERPOTENTIAL

CONTROL
	units="BOHRS"
	readCoefficients=F
	convergenceMethod=1
	overlapEigenThreshold=1E-6
	SCFGhostSpecies="POSITRON"
	HFprintEigenvalues=T
	totalEnergyTolerance = 1E-9
END CONTROL


... END INPUT INFO


 LOWDIN execution started at : Thu Oct 17 19:56:24 2024
 ---------------------------------------------------------------
 
 ***************************************************************
 *                   LOWDIN 2.0  (May/2013)                    *
 *                                                             *
 *  R. FLORES-MORENO, E. F. POSADA, F. S. MONCADA, J.ROMERO,   *
 *  J. CHARRY, M. DIAZ-TINOCO, S. A. GONZALEZ, N. F. AGUIRRE,  *
 *  A. REYES                                                   *
 *                                                             *
 *  https://sites.google.com/site/lowdinproject/               *
 *                                                             *
 ***************************************************************
 
 PARSING INPUT... DONE!
 
 LOWDIN IS RUNNING WITH NEXT PARAMETERS: 
 ----------------------------------------
 
         METHOD TYPE:  RHF
         NUMBER OF CORES:     4
         NONELECTRONIC DENSITY GUESS: HCORE
         ELECTRONIC DENSITY GUESS: HCORE
         CRITERIUM OF CONVERGENCE: ENERGY
         NONELECTRONIC ENERGY TOLERANCE IN SCFs:     0.10000E-07
         ELECTRONIC ENERGY TOLERANCE IN SCFs:     0.10000E-07
         TOTAL ENERGY TOLERANCE IN SCFs:     0.10000E-08
         SCHEME OF ITERATION: GLOBAL ITERATIONS
         SCF MAX. SUBITERATIONS - NONELECTRONS :     1
         SCF MAX. SUBITERATIONS - ELECTRONS :     1
         SCF MAX. ITERATIONS - INTERSPECIES :   200
         INTEGRAL STORAGE: DISK
         STACK SIZE FOR ERIS : 30000
         METHOD OF SCF CONVERGENCE: DAMPING
 
  MOLECULAR SYSTEM: usual_285
 -----------------
 
    DESCRIPTION   : usual_285
    CHARGE        :   2
    PUNTUAL GROUP : NONE
 
 
  INFORMATION OF PARTICLES :
 =========================
         Total number of particles   =      11
         Number of quantum particles =       9
         Number of puntual charges   =       2
         Number of quantum species   =       2
 
                 INFORMATION OF QUANTUM SPECIES 
     ---------------------------------------------------------------------
         ID      Symbol            mass     charge     spin     multiplicity
     ---------------------------------------------------------------------
         1             E-         1.0000     -1.00      0.50      1.00
         2             E+         1.0000      1.00      0.50      1.00
 
                   CONSTANTS OF COUPLING 
      ------------------------------------------------------------
           Symbol          kappa      eta     lambda     occupation
      ------------------------------------------------------------
                 E-        -1.0      2.00      2.00      4.00
                 E+        -1.0      1.00      1.00      1.00
 
                   BASIS SET FOR SPECIES 
      ------------------------------------------------------------
           Symbol          N. Basis     N. Particles     Basis Set
      ------------------------------------------------------------
                 E-           20                8     6-311++G.D
                 E+           32                1     GRIBAKIN-1
 
                                ATOMIC BASIS
         ------------------------------------------------------------
          PRIMITIVE   SHELL             EXPONENT         COEFFICIENT 
         ------------------------------------------------------------
 
    BEGIN DESCRIPTION OF BASIS FOR:    E-
    ==============================
 
 
            BE BASIS SET:   6-311++G.D.P
             1         S             1682.80000000          0.00228574
             2         S              251.71500000          0.01759380
             3         S               57.41160000          0.08633150
             4         S               16.51710000          0.28183500
             5         S                4.85364000          0.64059400
             6         S                0.62686300          0.14446700
             1         S                8.30938000          0.10862100
             2         S                1.74075000          0.92730100
             3         S                0.48581600         -0.00297169
             1         P                8.30938000          0.03613440
             2         P                1.74075000          0.21695800
             3         P                0.48581600          0.84183900
             1         S                0.16361300          1.00000000
             1         P                0.16361300          1.00000000
             1         S                0.05672850          1.00000000
             1         P                0.05672850          1.00000000
             1         S                0.02070000          1.00000000
             1         P                0.02070000          1.00000000
             1         D                0.25500000          1.00000000
 
            BE BASIS SET:   6-311++G.D.P
             1         S             1682.80000000          0.00228574
             2         S              251.71500000          0.01759380
             3         S               57.41160000          0.08633150
             4         S               16.51710000          0.28183500
             5         S                4.85364000          0.64059400
             6         S                0.62686300          0.14446700
             1         S                8.30938000          0.10862100
             2         S                1.74075000          0.92730100
             3         S                0.48581600         -0.00297169
             1         P                8.30938000          0.03613440
             2         P                1.74075000          0.21695800
             3         P                0.48581600          0.84183900
             1         S                0.16361300          1.00000000
             1         P                0.16361300          1.00000000
             1         S                0.05672850          1.00000000
             1         P                0.05672850          1.00000000
             1         S                0.02070000          1.00000000
             1         P                0.02070000          1.00000000
             1         D                0.25500000          1.00000000
    ... END DESCRIPTION OF BASIS
 
 
    BEGIN DESCRIPTION OF BASIS FOR:    E+
    ==============================
 
 
            E+ BASIS SET:GRIBAKIN-10S4P2
             1         S                0.00010000          1.00000000
             1         S                0.00030000          1.00000000
             1         S                0.00090000          1.00000000
             1         S                0.00270000          1.00000000
             1         S                0.00810000          1.00000000
             1         S                0.02430000          1.00000000
             1         S                0.07290000          1.00000000
             1         S                0.21870000          1.00000000
             1         S                0.65610000          1.00000000
             1         S                1.96830000          1.00000000
             1         P                0.00010000          1.00000000
             1         P                0.00030000          1.00000000
             1         P                0.00090000          1.00000000
             1         P                0.00270000          1.00000000
             1         D                0.00010000          1.00000000
             1         D                0.00030000          1.00000000
 
            E+ BASIS SET:GRIBAKIN-10S4P2
             1         S                0.00010000          1.00000000
             1         S                0.00030000          1.00000000
             1         S                0.00090000          1.00000000
             1         S                0.00270000          1.00000000
             1         S                0.00810000          1.00000000
             1         S                0.02430000          1.00000000
             1         S                0.07290000          1.00000000
             1         S                0.21870000          1.00000000
             1         S                0.65610000          1.00000000
             1         S                1.96830000          1.00000000
             1         P                0.00010000          1.00000000
             1         P                0.00030000          1.00000000
             1         P                0.00090000          1.00000000
             1         P                0.00270000          1.00000000
             1         D                0.00010000          1.00000000
             1         D                0.00030000          1.00000000
    ... END DESCRIPTION OF BASIS
 
 
  END INFORMATION OF PARTICLES
 
 
  INFORMATION OF THE QUANTUM SYSTEM 
     ---------------------------------------------------------------------
                 ID     Occupied Orbitals     Basis size
     ---------------------------------------------------------------------
                 E-            4               46
                 E+            1               68
 
  END INFORMATION OF QUANTUM SYSTEM
 
 
  INFORMATION OF EXTERNAL POTENTIALS 
 
 =======
 External Potential for E- : GRIBAKIN0
 Type : 
                     Exponent         l       R_x       R_y       R_z              Factor
                 0.0010000000         0   0.00000   0.00000   0.00000        0.0000000000
 
 =======
 External Potential for E+ : VPC285
 Type : 
                     Exponent         l       R_x       R_y       R_z              Factor
                 0.0010000000         0   0.00000   0.00000   0.00000       -0.0004852612
                 0.0020000000         0   0.00000   0.00000   0.00000        0.0024441783
                 0.0040000000         0   0.00000   0.00000   0.00000       -0.0075448874
                 0.0080000000         0   0.00000   0.00000   0.00000        0.0157738437
                 0.0160000000         0   0.00000   0.00000   0.00000       -0.0371036225
                 0.0320000000         0   0.00000   0.00000   0.00000        0.0538567205
                 0.0640000000         0   0.00000   0.00000   0.00000       -0.1977562620
                 0.1280000000         0   0.00000   0.00000   0.00000        0.1521150960
                 0.2560000000         0   0.00000   0.00000   0.00000       -2.2309931100
                 0.5120000000         0   0.00000   0.00000   0.00000        7.1544406100
                 1.0000000000         0   0.00000   0.00000   0.00000      -16.4610761000
                 2.0000000000         0   0.00000   0.00000   0.00000      120.0674500000
                 3.0000000000         0   0.00000   0.00000   0.00000    -1010.4441400000
                 4.0000000000         0   0.00000   0.00000   0.00000     5912.5175500000
                 5.0000000000         0   0.00000   0.00000   0.00000   -22883.6471000000
                 6.0000000000         0   0.00000   0.00000   0.00000    58320.2479000000
                 7.0000000000         0   0.00000   0.00000   0.00000   -96733.7399000000
                 8.0000000000         0   0.00000   0.00000   0.00000   100515.5930000000
                 9.0000000000         0   0.00000   0.00000   0.00000   -59492.9273000000
                10.0000000000         0   0.00000   0.00000   0.00000    15337.5181000000
                20.0000000000         0   0.00000   0.00000   0.00000     -108.3194530000
                30.0000000000         0   0.00000   0.00000   0.00000       58.7242217000
                40.0000000000         0   0.00000   0.00000   0.00000      -33.9818623000
                50.0000000000         0   0.00000   0.00000   0.00000       10.1503518000
               100.0000000000         0   0.00000   0.00000   0.00000       -0.2039701810
                 0.0010000000         0  55.55806   0.00000   0.00000       -0.0004852612
                 0.0020000000         0  55.55806   0.00000   0.00000        0.0024441783
                 0.0040000000         0  55.55806   0.00000   0.00000       -0.0075448874
                 0.0080000000         0  55.55806   0.00000   0.00000        0.0157738437
                 0.0160000000         0  55.55806   0.00000   0.00000       -0.0371036225
                 0.0320000000         0  55.55806   0.00000   0.00000        0.0538567205
                 0.0640000000         0  55.55806   0.00000   0.00000       -0.1977562620
                 0.1280000000         0  55.55806   0.00000   0.00000        0.1521150960
                 0.2560000000         0  55.55806   0.00000   0.00000       -2.2309931100
                 0.5120000000         0  55.55806   0.00000   0.00000        7.1544406100
                 1.0000000000         0  55.55806   0.00000   0.00000      -16.4610761000
                 2.0000000000         0  55.55806   0.00000   0.00000      120.0674500000
                 3.0000000000         0  55.55806   0.00000   0.00000    -1010.4441400000
                 4.0000000000         0  55.55806   0.00000   0.00000     5912.5175500000
                 5.0000000000         0  55.55806   0.00000   0.00000   -22883.6471000000
                 6.0000000000         0  55.55806   0.00000   0.00000    58320.2479000000
                 7.0000000000         0  55.55806   0.00000   0.00000   -96733.7399000000
                 8.0000000000         0  55.55806   0.00000   0.00000   100515.5930000000
                 9.0000000000         0  55.55806   0.00000   0.00000   -59492.9273000000
                10.0000000000         0  55.55806   0.00000   0.00000    15337.5181000000
                20.0000000000         0  55.55806   0.00000   0.00000     -108.3194530000
                30.0000000000         0  55.55806   0.00000   0.00000       58.7242217000
                40.0000000000         0  55.55806   0.00000   0.00000      -33.9818623000
                50.0000000000         0  55.55806   0.00000   0.00000       10.1503518000
               100.0000000000         0  55.55806   0.00000   0.00000       -0.2039701810
 
  END INFORMATION OF EXTERNAL POTENTIALS
 
                       INITIAL GEOMETRY: AMSTRONG
                 -----------------------------------
                       <x>                 <y>                 <z>
      E-BE        0.0000000000        0.0000000000        0.0000000000
      E-BE       31.1156222553        0.0000000000        0.0000000000
        E+        0.0000000000        0.0000000000        0.0000000000
        E+       31.1156222553        0.0000000000        0.0000000000
        BE        0.0000000000        0.0000000000        0.0000000000
        BE       31.1156222553        0.0000000000        0.0000000000
 
                     MATRIX OF DISTANCE: ANGSTROM
                 -----------------------------------
                          BE(1)          BE(2)     
 
        BE(1)            0.000000      31.115622
        BE(2)           31.115622       0.000000
 
--------------------------------------------------------------------------------
** PROGRAM: SCF (Hartree Fock).     Author: S.A. Gonzalez, E. Posada, F. Moncada
--------------------------------------------------------------------------------
INFO: RUNNING IN RHF MODE.
 
----------------------------------------------------------------------
** PROGRAM INTS                          Author: E. F. Posada, 2013   
----------------------------------------------------------------------
INFO: RUNNING IN ONE_PARTICLE MODE.
 
 Number of Overlap integrals for species E-:   2116
 Number of Overlap integrals for species POSITRON:   4624
 Number of Kinetic integrals for species E-:   2116
 Number of Kinetic integrals for species POSITRON:   4624
 Number of Nuclear integrals for species E-:   2116
 Number of Nuclear integrals for species POSITRON:   4624
 Number of Moment integrals for species E-:   6348
 Number of Moment integrals for species POSITRON:  13872
 Number of 3C Overlap integrals for species E-:   2116
 Number of 3C Overlap integrals for species POSITRON:   4624
 
** TOTAL CPU Time INTS :      0.133 (s)
** TOTAL Elapsed Time INTS :      0.127 (s)
 
Removed     1 orbitals for species POSITRON with overlap eigen threshold of 1.000E-06
       Usign  HCORE density guess for species:         E-
     number of         E-     particles in guess density matrix:     8.000000
       Usign  HCORE density guess for species:   POSITRON
     number of   POSITRON     particles in guess density matrix:     0.000000
renormalized density matrix with deviation from number of particl    1.000000
 Number of unique integrals for species: 1 = 33012
 Number of unique integrals for species: 2 = 260524
 Number of unique integrals for species: 1 / 2 = 312976 Screened: 32697
 
 TWO-BODY INTEGRAL SETUP: 
------------------------- 
 Storage:   DISK
 Scheme: LIBINT
 Stack size:  30000
 
 LIBINT library, Fermann, J. T.; Valeev, F. L. 2010                   
 LOWDIN-LIBINT Implementation V. 2.1  Posada E. F. ; Reyes A. 2016   
 ----------------------------------------------------------------------

*** TOTAL CPU time intra-species integrals :      0.111 (s)
*** TOTAL elapsed time intra-species integrals :      0.032 (s)


*** TOTAL CPU time inter-species integrals :      0.193 (s)
*** TOTAL elapsed time inter-species integrals :      0.054 (s)

INFO: RUNNING SCHEME SIMULTANEOUS
 
 Begin Multi-Species SCF calculation:
 
 --------------------------------------------------------------------------------------------------
      Iteration                   Energy            Energy Change           Density Change
 --------------------------------------------------------------------------------------------------
              1         -27.551292033352          27.551292033352          86.155012616089
              2         -29.115407458431           1.564115425079           0.027489536174
              3         -29.146394751073           0.030987292642           0.004529710597
              4         -29.146991395970           0.000596644897           0.001008038772
              5         -29.146993511111           0.000002115141           0.000244455669
              6         -29.146990039246          -0.000003471864           0.000060604142
              7         -29.146989498250          -0.000000540997           0.000015066638
              8         -29.146989534110           0.000000035860           0.000003813247
              9         -29.146989600261           0.000000066151           0.000001207007
             10         -29.146989635250           0.000000034989           0.000000410607
             11         -29.146989649987           0.000000014738           0.000000146561
             12         -29.146989655635           0.000000005648           0.000000054203
             13         -29.146989657695           0.000000002060           0.000000020541
             14         -29.146989658425           0.000000000730           0.000000007893
 Total energy converged after  14 global iterations                                                  
 
 ...end Multi-Species SCF calculation
 
 
 Begin SCF calculation by: E-
 -------------------------
 
 -----------------------------------------------------------------------------------
 Iteration                   Energy           Density Change         DIIS Error 
 -----------------------------------------------------------------------------------
    1         -29.293241290402           0.020112633698                 -- 
    2         -29.394536647939           0.003563750590                 -- 
    3         -29.411824938386           0.000809237591                 -- 
    4         -29.415172575468           0.000200541106                 -- 
    5         -29.415838102747           0.000051675480                 -- 
    6         -29.415970237606           0.000013670418                 -- 
    7         -29.415995636616           0.000003712033                 -- 
    8         -29.416000085672           0.000001037965                 -- 
    9         -29.416000677785           0.000000299707                 -- 
   10         -29.416000673270           0.000000089424                 -- 
   11         -29.416000625321           0.000000027527                 -- 
   12         -29.416000598547           0.000000008714                 -- 
   13         -29.416000587100           0.000000002825                 -- 
 
 ... end SCF calculation
 
 Begin SCF calculation by: POSITRON
 -------------------------
 
 -----------------------------------------------------------------------------------
 Iteration                   Energy           Density Change         DIIS Error 
 -----------------------------------------------------------------------------------
    1          -0.038728680987           0.007376902476                 -- 
    2          -0.033048503100           0.000965960007                 -- 
    3          -0.032031818463           0.000198801180                 -- 
    4          -0.031835329908           0.000043914564                 -- 
    5          -0.031799940217           0.000008928661                 -- 
    6          -0.031794843348           0.000001396221                 -- 
    7          -0.031794665050           0.000000101213                 -- 
    8          -0.031794955404           0.000000169042                 -- 
    9          -0.031795133402           0.000000110901                 -- 
   10          -0.031795211701           0.000000057136                 -- 
   11          -0.031795242243           0.000000026675                 -- 
   12          -0.031795253465           0.000000011828                 -- 
   13          -0.031795257449           0.000000005068                 -- 
 
 ... end SCF calculation
 
  EIGENVALUES AND EIGENVECTORS: 
 ==============================
 
 
  Eigenvalues for: E-
 -----------------
 
    1          -4.732348738908
    2          -4.732348738908
    3          -0.309258221753
    4          -0.309258221753
    5           0.029565784139
    6           0.029565784139
    7           0.029565784139
    8           0.029565784139
    9           0.029565784139
   10           0.029565784139
   11           0.051096234995
   12           0.051096234995
   13           0.098028634138
   14           0.098028634138
   15           0.098028634139
   16           0.098028634139
   17           0.098028634139
   18           0.098028634139
   19           0.321204931437
   20           0.321204931437
   21           0.345804686766
   22           0.345804686766
   23           0.345804686766
   24           0.345804686766
   25           0.345804686766
   26           0.345804686766
   27           0.692850857349
   28           0.692850857349
   29           0.692850857349
   30           0.692850857349
   31           0.692850857349
   32           0.692850857349
   33           0.692850857349
   34           0.692850857349
   35           0.692850857349
   36           0.692850857349
   37           1.198792707711
   38           1.198792707711
   39           1.198792707711
   40           1.198792707711
   41           1.198792707711
   42           1.198792707711
   43           1.414741301139
   44           1.414741301139
   45          10.066564141380
   46          10.066564141380
 
 
  Eigenvalues for: POSITRON
 -----------------
 
    1          -0.003097921745
    2          -0.001208334223
    3           0.000086945637
    4           0.000134113034
    5           0.000205448969
    6           0.000205448969
    7           0.000258403327
    8           0.000278269493
    9           0.000278269493
   10           0.000321666545
   11           0.000321666545
   12           0.000373539266
   13           0.000403750235
   14           0.000422597054
   15           0.000422597054
   16           0.000431791133
   17           0.000431791133
   18           0.000437040666
   19           0.000558839338
   20           0.000558839338
   21           0.000588939226
   22           0.000874193374
   23           0.000874193374
   24           0.000972711934
   25           0.001038255646
   26           0.001109016364
   27           0.001109016364
   28           0.001144171210
   29           0.001205257802
   30           0.001205257802
   31           0.001232042645
   32           0.001447033556
   33           0.001447033556
   34           0.001462471540
   35           0.001462471540
   36           0.001747796748
   37           0.001747796748
   38           0.001772136218
   39           0.002105403498
   40           0.002180052389
   41           0.002404355564
   42           0.002930365450
   43           0.002930365450
   44           0.003291374927
   45           0.003430990982
   46           0.003430990982
   47           0.004370608168
   48           0.005046882320
   49           0.005536824558
   50           0.009266372463
   51           0.009266372463
   52           0.009433762273
   53           0.009433762273
   54           0.009799918243
   55           0.009875756625
   56           0.014818530104
   57           0.017970411227
   58           0.051209994884
   59           0.059891906082
   60           0.193107923724
   61           0.233224898110
   62           0.855509107481
   63           0.883606320751
   64           2.891114896925
   65           2.941178850574
   66          10.679976270210
   67          10.802345029156
   68     1000000.000000000000
 
  end of eigenvalues 
 
  Occupied Eigenvectors for: E-
 --------------------------- 
 
                          -4.7323        -4.7323        -0.3093        -0.3093   
 
    1     BE     S      -0.003861       0.596268       0.109583       0.000871
    2     BE     S      -0.002891       0.446434       0.185688       0.001476
    3     BE    Px       0.000000      -0.000000      -0.000000      -0.000000
    4     BE    Py      -0.000000      -0.000000       0.000000       0.000000
    5     BE    Pz      -0.000000       0.000000       0.000000       0.000000
    6     BE     S       0.000032      -0.004889      -0.583980      -0.004642
    7     BE    Px      -0.000000       0.000000      -0.000000      -0.000000
    8     BE    Py       0.000000       0.000000      -0.000000       0.000000
    9     BE    Pz       0.000000      -0.000000      -0.000000      -0.000000
   10     BE     S      -0.000009       0.001425      -0.500117      -0.003975
   11     BE    Px       0.000000      -0.000000       0.000000       0.000000
   12     BE    Py      -0.000000       0.000000       0.000000       0.000000
   13     BE    Pz      -0.000000       0.000000       0.000000       0.000000
   14     BE     S       0.000003      -0.000429      -0.022343      -0.000178
   15     BE    Px      -0.000000       0.000000       0.000000       0.000000
   16     BE    Py       0.000000      -0.000000      -0.000000      -0.000000
   17     BE    Pz       0.000000      -0.000000       0.000000       0.000000
   18     BE   Dxx      -0.000004       0.000671       0.001773       0.000014
   19     BE   Dxy      -0.000000       0.000000       0.000000       0.000000
   20     BE   Dxz      -0.000000       0.000000       0.000000       0.000000
   21     BE   Dyy      -0.000004       0.000671       0.001773       0.000014
   22     BE   Dyz      -0.000000       0.000000       0.000000       0.000000
   23     BE   Dzz      -0.000004       0.000671       0.001773       0.000014
   24     BE     S       0.596268       0.003861      -0.000871       0.109583
   25     BE     S       0.446434       0.002891      -0.001476       0.185688
   26     BE    Px       0.000000       0.000000      -0.000000       0.000000
   27     BE    Py       0.000000      -0.000000       0.000000       0.000000
   28     BE    Pz       0.000000      -0.000000       0.000000       0.000000
   29     BE     S      -0.004889      -0.000032       0.004642      -0.583980
   30     BE    Px      -0.000000      -0.000000      -0.000000       0.000000
   31     BE    Py      -0.000000       0.000000      -0.000000      -0.000000
   32     BE    Pz      -0.000000       0.000000       0.000000      -0.000000
   33     BE     S       0.001425       0.000009       0.003975      -0.500117
   34     BE    Px       0.000000       0.000000       0.000000      -0.000000
   35     BE    Py       0.000000       0.000000      -0.000000       0.000000
   36     BE    Pz       0.000000      -0.000000      -0.000000       0.000000
   37     BE     S      -0.000429      -0.000003       0.000178      -0.022343
   38     BE    Px      -0.000000      -0.000000       0.000000      -0.000000
   39     BE    Py      -0.000000      -0.000000       0.000000      -0.000000
   40     BE    Pz      -0.000000       0.000000       0.000000      -0.000000
   41     BE   Dxx       0.000671       0.000004      -0.000014       0.001773
   42     BE   Dxy       0.000000      -0.000000      -0.000000      -0.000000
   43     BE   Dxz       0.000000      -0.000000      -0.000000      -0.000000
   44     BE   Dyy       0.000671       0.000004      -0.000014       0.001773
   45     BE   Dyz      -0.000000      -0.000000       0.000000       0.000000
   46     BE   Dzz       0.000671       0.000004      -0.000014       0.001773
 
 
  Occupied Eigenvectors for: POSITRON
 --------------------------- 
 
                          -0.0031   
 
    1     E+     S      -0.013289
    2     E+     S      -0.106952
    3     E+     S       0.180483
    4     E+     S       0.300344
    5     E+     S       0.388882
    6     E+     S       0.248595
    7     E+     S       0.171042
    8     E+     S      -0.135262
    9     E+     S      -0.008375
   10     E+     S       0.000001
   11     E+    Px      -0.003352
   12     E+    Py       0.000000
   13     E+    Pz      -0.000000
   14     E+    Px      -0.050549
   15     E+    Py       0.000000
   16     E+    Pz       0.000000
   17     E+    Px       0.002072
   18     E+    Py       0.000000
   19     E+    Pz      -0.000000
   20     E+    Px       0.000336
   21     E+    Py      -0.000000
   22     E+    Pz       0.000000
   23     E+   Dxx       0.002749
   24     E+   Dxy       0.000000
   25     E+   Dxz      -0.000000
   26     E+   Dyy       0.006317
   27     E+   Dyz       0.000000
   28     E+   Dzz       0.006317
   29     E+   Dxx       0.001343
   30     E+   Dxy       0.000000
   31     E+   Dxz       0.000000
   32     E+   Dyy       0.016396
   33     E+   Dyz      -0.000000
   34     E+   Dzz       0.016396
   35     E+     S      -0.010447
   36     E+     S       0.079270
   37     E+     S       0.000709
   38     E+     S       0.006596
   39     E+     S       0.004396
   40     E+     S       0.004758
   41     E+     S      -0.001126
   42     E+     S      -0.000936
   43     E+     S       0.000033
   44     E+     S      -0.000035
   45     E+    Px       0.016026
   46     E+    Py      -0.000000
   47     E+    Pz       0.000000
   48     E+    Px      -0.058710
   49     E+    Py      -0.000000
   50     E+    Pz      -0.000000
   51     E+    Px       0.007773
   52     E+    Py      -0.000000
   53     E+    Pz       0.000000
   54     E+    Px      -0.007321
   55     E+    Py       0.000000
   56     E+    Pz      -0.000000
   57     E+   Dxx      -0.008519
   58     E+   Dxy       0.000000
   59     E+   Dxz      -0.000000
   60     E+   Dyy      -0.001083
   61     E+   Dyz      -0.000000
   62     E+   Dzz      -0.001083
   63     E+   Dxx       0.020564
   64     E+   Dxy       0.000000
   65     E+   Dxz       0.000000
   66     E+   Dyy       0.000137
   67     E+   Dyz       0.000000
   68     E+   Dzz       0.000137
 
 
  end of eigenvectors 
 
  END OF EIGENVALUES AND EIGENVECTORS
 
 
  COMPONENTS OF KINETIC ENERGY: 
 -----------------------------
 
                  E- Kinetic energy =           29.142628633794
            POSITRON Kinetic energy =            0.015664330535
                                     _________________________
               Total kinetic energy =           29.158292964329
 
  COMPONENTS OF POTENTIAL ENERGY: 
 -------------------------------
 
          Fixed potential energy    =            0.272108843537
 
  Quantum/Fixed interaction energy: 
 ----------------------------------
 
          E-/Fixed interact. energy =          -67.808201965347
    POSITRON/Fixed interact. energy =            0.656443669945
                                     _________________________
               Total Q/Fixed energy =          -67.151758295402
 
  Coulomb energy: 
 ------------------
 
               E-/E- Hartree energy =           14.582682204593
   POSITRON/POSITRON Hartree energy =            0.000000000000
         E-/POSITRON Hartree energy =           -0.646508586776
                                     _________________________
               Total Hartree energy =           13.936173617817
 
  Exchange(HF) energy: 
 ----------------------
 
                 E- Exchange energy =           -5.333109453257
           POSITRON Exchange energy =            0.000000000000
                                     _________________________
              Total Exchange energy =           -5.333109453257
 
  External Potential energy: 
 ----------------------------
 
                  E- Ext Pot energy =            0.000000000000
            POSITRON Ext Pot energy =           -0.028697335704
                                     _________________________
    Total External Potential energy =           -0.028697335704
 
  TOTAL ENERGY COMPONENTS: 
 ==========================
 
          TOTAL KINETIC ENERGY      =           29.158292964329
          TOTAL POTENTIAL ENERGY    =          -58.305282623009
                                     _________________________
                       TOTAL ENERGY =          -29.146989658680
 
                 VIRIAL RATIO (V/T) =            1.999612346797
 
 
  END ENERGY COMPONENTS
 
 
** TOTAL CPU Time SCF :      0.216 (s)
** TOTAL Elapsed Time SCF :      0.252 (s)
 
 We are calculating properties for E- in the HF/KS ground state
 We are calculating properties for POSITRON in the HF/KS ground state
 
  POPULATION ANALYSES: 
 ====================
 
 MULLIKEN Population: for E-        
 ---------------------
 
                                    
 
    1     BE     S       1.166391
    2     BE     S       0.823588
    3     BE    Px       0.000000
    4     BE    Py       0.000000
    5     BE    Pz       0.000000
    6     BE     S       1.043694
    7     BE    Px       0.000000
    8     BE    Py      -0.000000
    9     BE    Pz       0.000000
   10     BE     S       0.942124
   11     BE    Px       0.000000
   12     BE    Py       0.000000
   13     BE    Pz       0.000000
   14     BE     S       0.031424
   15     BE    Px       0.000000
   16     BE    Py       0.000000
   17     BE    Pz       0.000000
   18     BE   Dxx      -0.002407
   19     BE   Dxy       0.000000
   20     BE   Dxz       0.000000
   21     BE   Dyy      -0.002407
   22     BE   Dyz       0.000000
   23     BE   Dzz      -0.002407
   24     BE     S       1.166391
   25     BE     S       0.823588
   26     BE    Px       0.000000
   27     BE    Py       0.000000
   28     BE    Pz       0.000000
   29     BE     S       1.043694
   30     BE    Px       0.000000
   31     BE    Py       0.000000
   32     BE    Pz       0.000000
   33     BE     S       0.942124
   34     BE    Px       0.000000
   35     BE    Py       0.000000
   36     BE    Pz      -0.000000
   37     BE     S       0.031424
   38     BE    Px       0.000000
   39     BE    Py       0.000000
   40     BE    Pz       0.000000
   41     BE   Dxx      -0.002407
   42     BE   Dxy       0.000000
   43     BE   Dxz       0.000000
   44     BE   Dyy      -0.002407
   45     BE   Dyz       0.000000
   46     BE   Dzz      -0.002407
 
                           __________
              Total =        8.000000
 
  Atomic MULLIKEN Population: for E-        
            BE               4.000000
            BE               4.000000
 
 ...end of MULLIKEN Population
 
 
 END POPULATION ANALYSES 
 
 
  POPULATION ANALYSES: 
 ====================
 
 LOWDIN Population: for E-        
 ---------------------
 
                                    
 
    1     BE     S       1.101745
    2     BE     S       0.875944
    3     BE    Px       0.000000
    4     BE    Py       0.000000
    5     BE    Pz       0.000000
    6     BE     S       0.590908
    7     BE    Px       0.000000
    8     BE    Py       0.000000
    9     BE    Pz       0.000000
   10     BE     S       0.553024
   11     BE    Px       0.000000
   12     BE    Py       0.000000
   13     BE    Pz       0.000000
   14     BE     S       0.204207
   15     BE    Px       0.000000
   16     BE    Py       0.000000
   17     BE    Pz       0.000000
   18     BE   Dxx       0.224724
   19     BE   Dxy      -0.000000
   20     BE   Dxz       0.000000
   21     BE   Dyy       0.224724
   22     BE   Dyz       0.000000
   23     BE   Dzz       0.224724
   24     BE     S       1.101745
   25     BE     S       0.875944
   26     BE    Px       0.000000
   27     BE    Py       0.000000
   28     BE    Pz       0.000000
   29     BE     S       0.590908
   30     BE    Px       0.000000
   31     BE    Py       0.000000
   32     BE    Pz       0.000000
   33     BE     S       0.553024
   34     BE    Px       0.000000
   35     BE    Py       0.000000
   36     BE    Pz       0.000000
   37     BE     S       0.204207
   38     BE    Px       0.000000
   39     BE    Py       0.000000
   40     BE    Pz       0.000000
   41     BE   Dxx       0.224724
   42     BE   Dxy       0.000000
   43     BE   Dxz       0.000000
   44     BE   Dyy       0.224724
   45     BE   Dyz       0.000000
   46     BE   Dzz       0.224724
 
                           __________
              Total =        8.000000
 
  Atomic LOWDIN Population: for E-        
            BE               4.000000
            BE               4.000000
 
 ...end of LOWDIN Population
 
 
 END POPULATION ANALYSES 
 
 
  POPULATION ANALYSES: 
 ====================
 
 MULLIKEN Population: for POSITRON  
 ---------------------
 
                                    
 
    1     E+     S      -0.002623
    2     E+     S      -0.041406
    3     E+     S       0.117196
    4     E+     S       0.265283
    5     E+     S       0.371305
    6     E+     S       0.201750
    7     E+     S       0.089615
    8     E+     S      -0.032146
    9     E+     S      -0.000631
   10     E+     S       0.000000
   11     E+    Px      -0.000008
   12     E+    Py      -0.000000
   13     E+    Pz      -0.000000
   14     E+    Px      -0.000235
   15     E+    Py      -0.000000
   16     E+    Pz      -0.000000
   17     E+    Px       0.000008
   18     E+    Py      -0.000000
   19     E+    Pz       0.000000
   20     E+    Px       0.000000
   21     E+    Py       0.000000
   22     E+    Pz      -0.000000
   23     E+   Dxx       0.000039
   24     E+   Dxy       0.000000
   25     E+   Dxz       0.000000
   26     E+   Dyy       0.000080
   27     E+   Dyz      -0.000000
   28     E+   Dzz       0.000080
   29     E+   Dxx       0.000083
   30     E+   Dxy      -0.000000
   31     E+   Dxz      -0.000000
   32     E+   Dyy       0.000944
   33     E+   Dyz       0.000000
   34     E+   Dzz       0.000944
   35     E+     S      -0.001502
   36     E+     S       0.012880
   37     E+     S       0.000057
   38     E+     S       0.000186
   39     E+     S       0.000078
   40     E+     S       0.000057
   41     E+     S      -0.000007
   42     E+     S      -0.000002
   43     E+     S       0.000000
   44     E+     S      -0.000000
   45     E+    Px      -0.002507
   46     E+    Py      -0.000000
   47     E+    Pz       0.000000
   48     E+    Px       0.016164
   49     E+    Py      -0.000000
   50     E+    Pz      -0.000000
   51     E+    Px      -0.001305
   52     E+    Py      -0.000000
   53     E+    Pz       0.000000
   54     E+    Px       0.000236
   55     E+    Py       0.000000
   56     E+    Pz      -0.000000
   57     E+   Dxx      -0.000934
   58     E+   Dxy       0.000000
   59     E+   Dxz       0.000000
   60     E+   Dyy      -0.000010
   61     E+   Dyz       0.000000
   62     E+   Dzz      -0.000010
   63     E+   Dxx       0.006333
   64     E+   Dxy       0.000000
   65     E+   Dxz       0.000000
   66     E+   Dyy       0.000004
   67     E+   Dyz      -0.000000
   68     E+   Dzz       0.000004
 
                           __________
              Total =        1.000000
 
  Atomic MULLIKEN Population: for POSITRON  
            BE               0.970280
            BE               0.029720
 
 ...end of MULLIKEN Population
 
 
 END POPULATION ANALYSES 
 
 
  POPULATION ANALYSES: 
 ====================
 
 LOWDIN Population: for POSITRON  
 ---------------------
 
                                    
 
    1     E+     S       0.002430
    2     E+     S       0.015240
    3     E+     S       0.091043
    4     E+     S       0.253844
    5     E+     S       0.329091
    6     E+     S       0.216025
    7     E+     S       0.063885
    8     E+     S       0.001086
    9     E+     S       0.000314
   10     E+     S       0.000038
   11     E+    Px       0.000003
   12     E+    Py       0.000000
   13     E+    Pz       0.000000
   14     E+    Px       0.000000
   15     E+    Py       0.000000
   16     E+    Pz       0.000000
   17     E+    Px       0.000013
   18     E+    Py       0.000000
   19     E+    Pz       0.000000
   20     E+    Px       0.000003
   21     E+    Py      -0.000000
   22     E+    Pz       0.000000
   23     E+   Dxx       0.000009
   24     E+   Dxy       0.000000
   25     E+   Dxz       0.000000
   26     E+   Dyy       0.000019
   27     E+   Dyz       0.000000
   28     E+   Dzz       0.000019
   29     E+   Dxx       0.000008
   30     E+   Dxy       0.000000
   31     E+   Dxz       0.000000
   32     E+   Dyy       0.000111
   33     E+   Dyz      -0.000000
   34     E+   Dzz       0.000111
   35     E+     S       0.001218
   36     E+     S       0.001978
   37     E+     S       0.000312
   38     E+     S       0.000037
   39     E+     S       0.000058
   40     E+     S       0.000034
   41     E+     S       0.000003
   42     E+     S       0.000000
   43     E+     S       0.000000
   44     E+     S       0.000000
   45     E+    Px       0.001829
   46     E+    Py       0.000000
   47     E+    Pz       0.000000
   48     E+    Px       0.008068
   49     E+    Py       0.000000
   50     E+    Pz       0.000000
   51     E+    Px       0.002116
   52     E+    Py       0.000000
   53     E+    Pz       0.000000
   54     E+    Px       0.000014
   55     E+    Py       0.000000
   56     E+    Pz       0.000000
   57     E+   Dxx       0.000588
   58     E+   Dxy       0.000000
   59     E+   Dxz       0.000000
   60     E+   Dyy       0.000005
   61     E+   Dyz       0.000000
   62     E+   Dzz       0.000005
   63     E+   Dxx       0.010420
   64     E+   Dxy       0.000000
   65     E+   Dxz       0.000000
   66     E+   Dyy       0.000013
   67     E+   Dyz       0.000000
   68     E+   Dzz       0.000013
 
                           __________
              Total =        1.000000
 
  Atomic LOWDIN Population: for POSITRON  
            BE               0.973290
            BE               0.026710
 
 ...end of LOWDIN Population
 
 
 END POPULATION ANALYSES 
 
 
  EXPECTED POSITIONS OF QUANTUM SPECIES:
 ======================
 
 POSITIONS IN ANGSTROMS
 ------
 
                        <x>      <y>      <z>         
                 E- 124.4625  -0.0000  -0.0000
           POSITRON   0.0208  -0.0000  -0.0000
 
 END EXPECTED POSITIONS
 
 
  ELECTROSTATIC MOMENTS:
 ======================
 
 DIPOLE: (DEBYE)
 ------
 
                           <Dx>         <Dy>         <Dz>          |D|
                 E--597.81869202   0.00000000   0.00000000
           POSITRON   0.09990984  -0.00000000  -0.00000000
    Point charges:  597.81869202   0.00000000   0.00000000
                     ____________________________
      Total Dipole:   0.09990984  -0.00000000  -0.00000000   0.09990984
 
 QUADRUPOLE NON-TRACELESS: (DEBYE ANGS)
 ------
 
                           <xx>         <yy>         <zz>         <xy>         <xz>         <yz>
                 E-   -0.00000000   -0.00000000   -0.00000000   -0.00000000   -0.00000000   -0.00000000
           POSITRON    0.00000000    0.00000000    0.00000000    0.00000000    0.00000000    0.00000000
    Point charges: 18601.49847596    0.00000000    0.00000000    0.00000000    0.00000000    0.00000000
  Total Quadrupole:18601.49847596    0.00000000    0.00000000    0.00000000    0.00000000    0.00000000
                     ____________________________
 
 END ELECTROSTATIC MOMENTS
 

  TOTAL CPU Time:      0.029 (s)
 TOTAL Wall Time:      0.294 (s)
  Elapsed Time:   0h  0m  0s 294ms
LOWDIN execution terminated normally at : Thu Oct 17 19:56:24 2024
-rw-rw-r-- 1 pmorenor pmorenor 704K oct 17 19:56 0E-.ints
-rw-rw-r-- 1 pmorenor pmorenor 2.1M oct 17 19:56 0E-.POSITRON.ints
-rw-rw-r-- 1 pmorenor pmorenor 2.1M oct 17 19:56 0POSITRON.ints
-rw-rw-r-- 1 pmorenor pmorenor 704K oct 17 19:56 1E-.ints
-rw-rw-r-- 1 pmorenor pmorenor 2.1M oct 17 19:56 1E-.POSITRON.ints
-rw-rw-r-- 1 pmorenor pmorenor 2.1M oct 17 19:56 1POSITRON.ints
-rw-rw-r-- 1 pmorenor pmorenor 704K oct 17 19:56 2E-.ints
-rw-rw-r-- 1 pmorenor pmorenor 2.1M oct 17 19:56 2E-.POSITRON.ints
-rw-rw-r-- 1 pmorenor pmorenor 2.1M oct 17 19:56 2POSITRON.ints
-rw-rw-r-- 1 pmorenor pmorenor 704K oct 17 19:56 3E-.ints
-rw-rw-r-- 1 pmorenor pmorenor 2.1M oct 17 19:56 3E-.POSITRON.ints
-rw-rw-r-- 1 pmorenor pmorenor 2.1M oct 17 19:56 3POSITRON.ints
-rw-rw-r-- 1 pmorenor pmorenor   12 oct 17 19:56 E-.POSITRON.nints
-rw-rw-r-- 1 pmorenor pmorenor   65 oct 17 19:56 gepol.inp
-rw-rw-r-- 1 pmorenor pmorenor   91 oct 17 19:56 gepol.xyzr
-rw-rw-r-- 1 pmorenor pmorenor 9.5K oct 17 19:56 lowdin.bas
-rw-rw-r-- 1 pmorenor pmorenor  15K oct 17 19:56 lowdin.dat
-rw-rw-r-- 1 pmorenor pmorenor 691K oct 17 19:56 lowdin.opints
-rw-rw-r-- 1 pmorenor pmorenor  26K oct 17 19:56 lowdin.sys
-rw-rw-r-- 1 pmorenor pmorenor 531K oct 17 19:56 lowdin.wfn
-rw-rw-r-- 1 pmorenor pmorenor  499 oct 17 19:56 usual_285
-rw-rw-r-- 1 pmorenor pmorenor 1.8K oct 17 19:56 usual_285.aux
-rw-rw-r-- 1 pmorenor pmorenor  504 oct 17 19:56 usual_285.lowdin
-rw-rw-r-- 1 pmorenor pmorenor  46K oct 17 19:56 usual_285.out
-rw-rw-r-- 1 pmorenor pmorenor  54K oct 17 19:56 usual_285.vec
