Begin job by input: usual_88.lowdin, for user: pmorenor  at  jue 17 oct 2024 19:53:25 -05
under operating system Linux Hefesto 5.4.0-196-generic #216-Ubuntu SMP Thu Aug 29 13:26:53 UTC 2024 x86_64 x86_64 x86_64 GNU/Linux
Compilation information
  commit: f2cffef7078af1231fe3319081e66b682883a80b
  compilation date:  mar 06 feb 2024 16:53:31 -05

BEGIN INPUT INFO:
------------------------------------

GEOMETRY
	Be	Dirac	0.0 0.0 0.0
	e-(Be)	6-311++G.d.p 0.0 0.0 0.0
	E+	GRIBAKIN-10S4P2D 0.0 0.0 0.0
	Be	Dirac	19.4 0.0 0.0
	e-(Be)	6-311++G.d.p	19.4 0.0 0.0
	E+	GRIBAKIN-10S4P2D 19.4 0.0 0.0 addParticles=-1 
END GEOMETRY

TASKS
        method = "RHF"
END TASKS

EXTERPOTENTIAL
	E- GRIBAKIN0
	E+ VPC88
END EXTERPOTENTIAL

CONTROL
	units="BOHRS"
	readCoefficients=F
	convergenceMethod=1
	overlapEigenThreshold=1E-6
	SCFGhostSpecies="POSITRON"
	HFprintEigenvalues=T
	totalEnergyTolerance = 1E-9
END CONTROL


... END INPUT INFO


 LOWDIN execution started at : Thu Oct 17 19:53:25 2024
 ---------------------------------------------------------------
 
 ***************************************************************
 *                   LOWDIN 2.0  (May/2013)                    *
 *                                                             *
 *  R. FLORES-MORENO, E. F. POSADA, F. S. MONCADA, J.ROMERO,   *
 *  J. CHARRY, M. DIAZ-TINOCO, S. A. GONZALEZ, N. F. AGUIRRE,  *
 *  A. REYES                                                   *
 *                                                             *
 *  https://sites.google.com/site/lowdinproject/               *
 *                                                             *
 ***************************************************************
 
 PARSING INPUT... DONE!
 
 LOWDIN IS RUNNING WITH NEXT PARAMETERS: 
 ----------------------------------------
 
         METHOD TYPE:  RHF
         NUMBER OF CORES:     4
         NONELECTRONIC DENSITY GUESS: HCORE
         ELECTRONIC DENSITY GUESS: HCORE
         CRITERIUM OF CONVERGENCE: ENERGY
         NONELECTRONIC ENERGY TOLERANCE IN SCFs:     0.10000E-07
         ELECTRONIC ENERGY TOLERANCE IN SCFs:     0.10000E-07
         TOTAL ENERGY TOLERANCE IN SCFs:     0.10000E-08
         SCHEME OF ITERATION: GLOBAL ITERATIONS
         SCF MAX. SUBITERATIONS - NONELECTRONS :     1
         SCF MAX. SUBITERATIONS - ELECTRONS :     1
         SCF MAX. ITERATIONS - INTERSPECIES :   200
         INTEGRAL STORAGE: DISK
         STACK SIZE FOR ERIS : 30000
         METHOD OF SCF CONVERGENCE: DAMPING
 
  MOLECULAR SYSTEM: usual_88
 -----------------
 
    DESCRIPTION   : usual_88
    CHARGE        :   2
    PUNTUAL GROUP : NONE
 
 
  INFORMATION OF PARTICLES :
 =========================
         Total number of particles   =      11
         Number of quantum particles =       9
         Number of puntual charges   =       2
         Number of quantum species   =       2
 
                 INFORMATION OF QUANTUM SPECIES 
     ---------------------------------------------------------------------
         ID      Symbol            mass     charge     spin     multiplicity
     ---------------------------------------------------------------------
         1             E-         1.0000     -1.00      0.50      1.00
         2             E+         1.0000      1.00      0.50      1.00
 
                   CONSTANTS OF COUPLING 
      ------------------------------------------------------------
           Symbol          kappa      eta     lambda     occupation
      ------------------------------------------------------------
                 E-        -1.0      2.00      2.00      4.00
                 E+        -1.0      1.00      1.00      1.00
 
                   BASIS SET FOR SPECIES 
      ------------------------------------------------------------
           Symbol          N. Basis     N. Particles     Basis Set
      ------------------------------------------------------------
                 E-           20                8     6-311++G.D
                 E+           32                1     GRIBAKIN-1
 
                                ATOMIC BASIS
         ------------------------------------------------------------
          PRIMITIVE   SHELL             EXPONENT         COEFFICIENT 
         ------------------------------------------------------------
 
    BEGIN DESCRIPTION OF BASIS FOR:    E-
    ==============================
 
 
            BE BASIS SET:   6-311++G.D.P
             1         S             1682.80000000          0.00228574
             2         S              251.71500000          0.01759380
             3         S               57.41160000          0.08633150
             4         S               16.51710000          0.28183500
             5         S                4.85364000          0.64059400
             6         S                0.62686300          0.14446700
             1         S                8.30938000          0.10862100
             2         S                1.74075000          0.92730100
             3         S                0.48581600         -0.00297169
             1         P                8.30938000          0.03613440
             2         P                1.74075000          0.21695800
             3         P                0.48581600          0.84183900
             1         S                0.16361300          1.00000000
             1         P                0.16361300          1.00000000
             1         S                0.05672850          1.00000000
             1         P                0.05672850          1.00000000
             1         S                0.02070000          1.00000000
             1         P                0.02070000          1.00000000
             1         D                0.25500000          1.00000000
 
            BE BASIS SET:   6-311++G.D.P
             1         S             1682.80000000          0.00228574
             2         S              251.71500000          0.01759380
             3         S               57.41160000          0.08633150
             4         S               16.51710000          0.28183500
             5         S                4.85364000          0.64059400
             6         S                0.62686300          0.14446700
             1         S                8.30938000          0.10862100
             2         S                1.74075000          0.92730100
             3         S                0.48581600         -0.00297169
             1         P                8.30938000          0.03613440
             2         P                1.74075000          0.21695800
             3         P                0.48581600          0.84183900
             1         S                0.16361300          1.00000000
             1         P                0.16361300          1.00000000
             1         S                0.05672850          1.00000000
             1         P                0.05672850          1.00000000
             1         S                0.02070000          1.00000000
             1         P                0.02070000          1.00000000
             1         D                0.25500000          1.00000000
    ... END DESCRIPTION OF BASIS
 
 
    BEGIN DESCRIPTION OF BASIS FOR:    E+
    ==============================
 
 
            E+ BASIS SET:GRIBAKIN-10S4P2
             1         S                0.00010000          1.00000000
             1         S                0.00030000          1.00000000
             1         S                0.00090000          1.00000000
             1         S                0.00270000          1.00000000
             1         S                0.00810000          1.00000000
             1         S                0.02430000          1.00000000
             1         S                0.07290000          1.00000000
             1         S                0.21870000          1.00000000
             1         S                0.65610000          1.00000000
             1         S                1.96830000          1.00000000
             1         P                0.00010000          1.00000000
             1         P                0.00030000          1.00000000
             1         P                0.00090000          1.00000000
             1         P                0.00270000          1.00000000
             1         D                0.00010000          1.00000000
             1         D                0.00030000          1.00000000
 
            E+ BASIS SET:GRIBAKIN-10S4P2
             1         S                0.00010000          1.00000000
             1         S                0.00030000          1.00000000
             1         S                0.00090000          1.00000000
             1         S                0.00270000          1.00000000
             1         S                0.00810000          1.00000000
             1         S                0.02430000          1.00000000
             1         S                0.07290000          1.00000000
             1         S                0.21870000          1.00000000
             1         S                0.65610000          1.00000000
             1         S                1.96830000          1.00000000
             1         P                0.00010000          1.00000000
             1         P                0.00030000          1.00000000
             1         P                0.00090000          1.00000000
             1         P                0.00270000          1.00000000
             1         D                0.00010000          1.00000000
             1         D                0.00030000          1.00000000
    ... END DESCRIPTION OF BASIS
 
 
  END INFORMATION OF PARTICLES
 
 
  INFORMATION OF THE QUANTUM SYSTEM 
     ---------------------------------------------------------------------
                 ID     Occupied Orbitals     Basis size
     ---------------------------------------------------------------------
                 E-            4               46
                 E+            1               68
 
  END INFORMATION OF QUANTUM SYSTEM
 
 
  INFORMATION OF EXTERNAL POTENTIALS 
 
 =======
 External Potential for E- : GRIBAKIN0
 Type : 
                     Exponent         l       R_x       R_y       R_z              Factor
                 0.0010000000         0   0.00000   0.00000   0.00000        0.0000000000
 
 =======
 External Potential for E+ : VPC88
 Type : 
                     Exponent         l       R_x       R_y       R_z              Factor
                 0.0010000000         0   0.00000   0.00000   0.00000       -0.0004852612
                 0.0020000000         0   0.00000   0.00000   0.00000        0.0024441783
                 0.0040000000         0   0.00000   0.00000   0.00000       -0.0075448874
                 0.0080000000         0   0.00000   0.00000   0.00000        0.0157738437
                 0.0160000000         0   0.00000   0.00000   0.00000       -0.0371036225
                 0.0320000000         0   0.00000   0.00000   0.00000        0.0538567205
                 0.0640000000         0   0.00000   0.00000   0.00000       -0.1977562620
                 0.1280000000         0   0.00000   0.00000   0.00000        0.1521150960
                 0.2560000000         0   0.00000   0.00000   0.00000       -2.2309931100
                 0.5120000000         0   0.00000   0.00000   0.00000        7.1544406100
                 1.0000000000         0   0.00000   0.00000   0.00000      -16.4610761000
                 2.0000000000         0   0.00000   0.00000   0.00000      120.0674500000
                 3.0000000000         0   0.00000   0.00000   0.00000    -1010.4441400000
                 4.0000000000         0   0.00000   0.00000   0.00000     5912.5175500000
                 5.0000000000         0   0.00000   0.00000   0.00000   -22883.6471000000
                 6.0000000000         0   0.00000   0.00000   0.00000    58320.2479000000
                 7.0000000000         0   0.00000   0.00000   0.00000   -96733.7399000000
                 8.0000000000         0   0.00000   0.00000   0.00000   100515.5930000000
                 9.0000000000         0   0.00000   0.00000   0.00000   -59492.9273000000
                10.0000000000         0   0.00000   0.00000   0.00000    15337.5181000000
                20.0000000000         0   0.00000   0.00000   0.00000     -108.3194530000
                30.0000000000         0   0.00000   0.00000   0.00000       58.7242217000
                40.0000000000         0   0.00000   0.00000   0.00000      -33.9818623000
                50.0000000000         0   0.00000   0.00000   0.00000       10.1503518000
               100.0000000000         0   0.00000   0.00000   0.00000       -0.2039701810
                 0.0010000000         0  18.33038   0.00000   0.00000       -0.0004852612
                 0.0020000000         0  18.33038   0.00000   0.00000        0.0024441783
                 0.0040000000         0  18.33038   0.00000   0.00000       -0.0075448874
                 0.0080000000         0  18.33038   0.00000   0.00000        0.0157738437
                 0.0160000000         0  18.33038   0.00000   0.00000       -0.0371036225
                 0.0320000000         0  18.33038   0.00000   0.00000        0.0538567205
                 0.0640000000         0  18.33038   0.00000   0.00000       -0.1977562620
                 0.1280000000         0  18.33038   0.00000   0.00000        0.1521150960
                 0.2560000000         0  18.33038   0.00000   0.00000       -2.2309931100
                 0.5120000000         0  18.33038   0.00000   0.00000        7.1544406100
                 1.0000000000         0  18.33038   0.00000   0.00000      -16.4610761000
                 2.0000000000         0  18.33038   0.00000   0.00000      120.0674500000
                 3.0000000000         0  18.33038   0.00000   0.00000    -1010.4441400000
                 4.0000000000         0  18.33038   0.00000   0.00000     5912.5175500000
                 5.0000000000         0  18.33038   0.00000   0.00000   -22883.6471000000
                 6.0000000000         0  18.33038   0.00000   0.00000    58320.2479000000
                 7.0000000000         0  18.33038   0.00000   0.00000   -96733.7399000000
                 8.0000000000         0  18.33038   0.00000   0.00000   100515.5930000000
                 9.0000000000         0  18.33038   0.00000   0.00000   -59492.9273000000
                10.0000000000         0  18.33038   0.00000   0.00000    15337.5181000000
                20.0000000000         0  18.33038   0.00000   0.00000     -108.3194530000
                30.0000000000         0  18.33038   0.00000   0.00000       58.7242217000
                40.0000000000         0  18.33038   0.00000   0.00000      -33.9818623000
                50.0000000000         0  18.33038   0.00000   0.00000       10.1503518000
               100.0000000000         0  18.33038   0.00000   0.00000       -0.2039701810
 
  END INFORMATION OF EXTERNAL POTENTIALS
 
                       INITIAL GEOMETRY: AMSTRONG
                 -----------------------------------
                       <x>                 <y>                 <z>
      E-BE        0.0000000000        0.0000000000        0.0000000000
      E-BE       10.2660386353        0.0000000000        0.0000000000
        E+        0.0000000000        0.0000000000        0.0000000000
        E+       10.2660386353        0.0000000000        0.0000000000
        BE        0.0000000000        0.0000000000        0.0000000000
        BE       10.2660386353        0.0000000000        0.0000000000
 
                     MATRIX OF DISTANCE: ANGSTROM
                 -----------------------------------
                          BE(1)          BE(2)     
 
        BE(1)            0.000000      10.266039
        BE(2)           10.266039       0.000000
 
--------------------------------------------------------------------------------
** PROGRAM: SCF (Hartree Fock).     Author: S.A. Gonzalez, E. Posada, F. Moncada
--------------------------------------------------------------------------------
INFO: RUNNING IN RHF MODE.
 
----------------------------------------------------------------------
** PROGRAM INTS                          Author: E. F. Posada, 2013   
----------------------------------------------------------------------
INFO: RUNNING IN ONE_PARTICLE MODE.
 
 Number of Overlap integrals for species E-:   2116
 Number of Overlap integrals for species POSITRON:   4624
 Number of Kinetic integrals for species E-:   2116
 Number of Kinetic integrals for species POSITRON:   4624
 Number of Nuclear integrals for species E-:   2116
 Number of Nuclear integrals for species POSITRON:   4624
 Number of Moment integrals for species E-:   6348
 Number of Moment integrals for species POSITRON:  13872
 Number of 3C Overlap integrals for species E-:   2116
 Number of 3C Overlap integrals for species POSITRON:   4624
 
** TOTAL CPU Time INTS :      0.130 (s)
** TOTAL Elapsed Time INTS :      0.123 (s)
 
Removed     4 orbitals for species POSITRON with overlap eigen threshold of 1.000E-06
       Usign  HCORE density guess for species:         E-
     number of         E-     particles in guess density matrix:     8.000000
       Usign  HCORE density guess for species:   POSITRON
     number of   POSITRON     particles in guess density matrix:     0.000000
renormalized density matrix with deviation from number of particl    1.000000
 Number of unique integrals for species: 1 = 75823
 Number of unique integrals for species: 2 = 320392
 Number of unique integrals for species: 1 / 2 = 456627 Screened: 5438
 
 TWO-BODY INTEGRAL SETUP: 
------------------------- 
 Storage:   DISK
 Scheme: LIBINT
 Stack size:  30000
 
 LIBINT library, Fermann, J. T.; Valeev, F. L. 2010                   
 LOWDIN-LIBINT Implementation V. 2.1  Posada E. F. ; Reyes A. 2016   
 ----------------------------------------------------------------------

*** TOTAL CPU time intra-species integrals :      0.123 (s)
*** TOTAL elapsed time intra-species integrals :      0.035 (s)


*** TOTAL CPU time inter-species integrals :      0.235 (s)
*** TOTAL elapsed time inter-species integrals :      0.064 (s)

INFO: RUNNING SCHEME SIMULTANEOUS
 
 Begin Multi-Species SCF calculation:
 
 --------------------------------------------------------------------------------------------------
      Iteration                   Energy            Energy Change           Density Change
 --------------------------------------------------------------------------------------------------
              1         -27.467382335179          27.467382335179        6181.826405063743
              2         -29.113198314119           1.645815978939           0.547023581961
              3         -29.147212793644           0.034014479525           0.137843156343
              4         -29.148372061439           0.001159267795           0.030965826223
              5         -29.148492968800           0.000120907361           0.004245237642
              6         -29.148514564986           0.000021596185           0.000556640276
              7         -29.148520387263           0.000005822277           0.000156817429
              8         -29.148522349441           0.000001962178           0.000095994438
              9         -29.148523068859           0.000000719419           0.000059506797
             10         -29.148523339369           0.000000270510           0.000032628663
             11         -29.148523441715           0.000000102346           0.000016254327
             12         -29.148523480476           0.000000038761           0.000007599328
             13         -29.148523495155           0.000000014679           0.000003400187
             14         -29.148523500713           0.000000005558           0.000001463778
             15         -29.148523502817           0.000000002104           0.000000625397
             16         -29.148523503614           0.000000000797           0.000000247222
 Total energy converged after  16 global iterations                                                  
 
 ...end Multi-Species SCF calculation
 
 
 Begin SCF calculation by: E-
 -------------------------
 
 -----------------------------------------------------------------------------------
 Iteration                   Energy           Density Change         DIIS Error 
 -----------------------------------------------------------------------------------
    1         -29.884452261450           0.016582834398                 -- 
    2         -29.955927185253           0.003245698860                 -- 
    3         -29.966724384245           0.000849369009                 -- 
    4         -29.968427247480           0.000247379716                 -- 
    5         -29.968650036187           0.000075675178                 -- 
    6         -29.968657063025           0.000023955713                 -- 
    7         -29.968645592323           0.000007807867                 -- 
    8         -29.968638791072           0.000002609138                 -- 
    9         -29.968635852965           0.000000889975                 -- 
   10         -29.968634715890           0.000000308583                 -- 
   11         -29.968634298179           0.000000108386                 -- 
   12         -29.968634148995           0.000000038459                 -- 
   13         -29.968634096569           0.000000013758                 -- 
   14         -29.968634078317           0.000000004955                 -- 
   15         -29.968634071996           0.000000001794                 -- 
 
 ... end SCF calculation
 
 Begin SCF calculation by: POSITRON
 -------------------------
 
 -----------------------------------------------------------------------------------
 Iteration                   Energy           Density Change         DIIS Error 
 -----------------------------------------------------------------------------------
    1          -0.033767860318           0.530440747563                 -- 
    2          -0.032495236207           0.134597457483                 -- 
    3          -0.032510125245           0.030116457213                 -- 
    4          -0.032577836918           0.003997857926                 -- 
    5          -0.032615080780           0.000480965098                 -- 
    6          -0.032631178984           0.000132861717                 -- 
    7          -0.032637506223           0.000088186571                 -- 
    8          -0.032639879384           0.000056897659                 -- 
    9          -0.032640747565           0.000031738688                 -- 
   10          -0.032641060939           0.000015945744                 -- 
   11          -0.032641173286           0.000007490942                 -- 
   12          -0.032641213453           0.000003361727                 -- 
   13          -0.032641227811           0.000001450020                 -- 
   14          -0.032641232949           0.000000620443                 -- 
   15          -0.032641234793           0.000000245429                 -- 
 
 ... end SCF calculation
 
  EIGENVALUES AND EIGENVECTORS: 
 ==============================
 
 
  Eigenvalues for: E-
 -----------------
 
    1          -4.732348139724
    2          -4.732348123409
    3          -0.309263882933
    4          -0.309252031443
    5           0.024880743554
    6           0.028542991478
    7           0.028542991478
    8           0.030597982287
    9           0.030597982287
   10           0.033816192175
   11           0.047859817807
   12           0.056487250401
   13           0.094202945385
   14           0.096097234306
   15           0.096097234306
   16           0.100173499202
   17           0.100173499202
   18           0.110465023938
   19           0.317521198284
   20           0.325733169385
   21           0.344108902369
   22           0.344142259518
   23           0.344142259518
   24           0.347676049469
   25           0.347676049469
   26           0.357290619274
   27           0.692851306934
   28           0.692851306934
   29           0.692851307522
   30           0.692851307523
   31           0.692851570501
   32           0.692851570501
   33           0.692851590140
   34           0.692851590140
   35           0.692859132733
   36           0.692867507510
   37           1.196481855366
   38           1.197442054346
   39           1.197442054346
   40           1.200295910070
   41           1.200295910070
   42           1.206260103915
   43           1.412807721929
   44           1.418978549868
   45          10.065145715606
   46          10.069370093246
 
 
  Eigenvalues for: POSITRON
 -----------------
 
    1          -0.004631702996
    2          -0.000373043809
    3           0.000082435593
    4           0.000140937362
    5           0.000209262968
    6           0.000209262968
    7           0.000258147195
    8           0.000319964872
    9           0.000319964872
   10           0.000329466848
   11           0.000329466848
   12           0.000354114475
   13           0.000428045300
   14           0.000431295224
   15           0.000431295224
   16           0.000443196903
   17           0.000443196903
   18           0.000453435889
   19           0.000592465065
   20           0.000902234794
   21           0.000902234794
   22           0.000933032817
   23           0.001068435593
   24           0.001111128090
   25           0.001111128091
   26           0.001157751796
   27           0.001248865186
   28           0.001248865186
   29           0.001468265989
   30           0.001518613823
   31           0.001518613823
   32           0.001521917981
   33           0.001521917981
   34           0.001738308939
   35           0.001738308945
   36           0.001879702558
   37           0.002149494912
   38           0.002238019464
   39           0.003013793717
   40           0.003013793717
   41           0.003798286519
   42           0.003798286520
   43           0.004137748214
   44           0.004430029034
   45           0.005156254388
   46           0.005397108200
   47           0.008579487417
   48           0.008579487417
   49           0.010645404719
   50           0.010812856301
   51           0.010812856301
   52           0.012135072906
   53           0.015789965746
   54           0.016702078337
   55           0.051380423199
   56           0.053220928353
   57           0.193326185505
   58           0.202078281438
   59           0.848463286190
   60           0.855936118622
   61           2.907746342476
   62           2.941498509926
   63          10.751725772265
   64          10.802671937115
   65     1000000.000000000000
   66     1000000.000000000000
   67     1000000.000000000000
   68     1000000.000000000000
 
  end of eigenvalues 
 
  Occupied Eigenvectors for: E-
 --------------------------- 
 
                          -4.7323        -4.7323        -0.3093        -0.3093   
 
    1     BE     S       0.421634       0.421633      -0.077487      -0.077491
    2     BE     S       0.315682       0.315684      -0.131298      -0.131314
    3     BE    Px       0.000003      -0.000002      -0.000011       0.000016
    4     BE    Py       0.000000       0.000000      -0.000000      -0.000000
    5     BE    Pz       0.000000      -0.000000      -0.000000      -0.000000
    6     BE     S      -0.003461      -0.003455       0.412957       0.412925
    7     BE    Px      -0.000013       0.000006       0.000066      -0.000093
    8     BE    Py      -0.000000      -0.000000      -0.000000      -0.000000
    9     BE    Pz      -0.000000       0.000000      -0.000000       0.000000
   10     BE     S       0.001038       0.000992       0.353518       0.353858
   11     BE    Px       0.000028      -0.000014      -0.000164       0.000247
   12     BE    Py       0.000000       0.000000      -0.000000      -0.000000
   13     BE    Pz       0.000000      -0.000000      -0.000000      -0.000000
   14     BE     S      -0.000327      -0.000291       0.015879       0.015643
   15     BE    Px      -0.000031       0.000015       0.000168      -0.000279
   16     BE    Py      -0.000000      -0.000000      -0.000000      -0.000000
   17     BE    Pz      -0.000000       0.000000      -0.000000       0.000000
   18     BE   Dxx       0.000470       0.000476      -0.001242      -0.001270
   19     BE   Dxy       0.000000      -0.000000       0.000000       0.000000
   20     BE   Dxz       0.000000       0.000000       0.000000       0.000000
   21     BE   Dyy       0.000471       0.000476      -0.001242      -0.001271
   22     BE   Dyz      -0.000000       0.000000       0.000000       0.000000
   23     BE   Dzz       0.000471       0.000476      -0.001242      -0.001271
   24     BE     S      -0.421634       0.421634      -0.077487       0.077491
   25     BE     S      -0.315682       0.315684      -0.131298       0.131314
   26     BE    Px       0.000003       0.000002       0.000011       0.000016
   27     BE    Py       0.000000       0.000000      -0.000000       0.000000
   28     BE    Pz       0.000000       0.000000       0.000000       0.000000
   29     BE     S       0.003461      -0.003455       0.412957      -0.412925
   30     BE    Px      -0.000013      -0.000006      -0.000066      -0.000093
   31     BE    Py      -0.000000       0.000000      -0.000000      -0.000000
   32     BE    Pz      -0.000000      -0.000000      -0.000000      -0.000000
   33     BE     S      -0.001038       0.000992       0.353518      -0.353858
   34     BE    Px       0.000028       0.000014       0.000164       0.000247
   35     BE    Py      -0.000000      -0.000000      -0.000000       0.000000
   36     BE    Pz       0.000000       0.000000       0.000000       0.000000
   37     BE     S       0.000327      -0.000291       0.015879      -0.015643
   38     BE    Px      -0.000031      -0.000015      -0.000168      -0.000279
   39     BE    Py       0.000000       0.000000      -0.000000      -0.000000
   40     BE    Pz       0.000000       0.000000      -0.000000      -0.000000
   41     BE   Dxx      -0.000470       0.000476      -0.001242       0.001270
   42     BE   Dxy       0.000000      -0.000000      -0.000000       0.000000
   43     BE   Dxz      -0.000000       0.000000      -0.000000      -0.000000
   44     BE   Dyy      -0.000471       0.000476      -0.001242       0.001271
   45     BE   Dyz       0.000000      -0.000000      -0.000000       0.000000
   46     BE   Dzz      -0.000471       0.000476      -0.001242       0.001271
 
 
  Occupied Eigenvectors for: POSITRON
 --------------------------- 
 
                          -0.0046   
 
    1     E+     S       0.483449
    2     E+     S      -0.474700
    3     E+     S       0.233037
    4     E+     S       0.121867
    5     E+     S       0.311782
    6     E+     S       0.173486
    7     E+     S       0.141752
    8     E+     S      -0.108387
    9     E+     S      -0.005953
   10     E+     S      -0.000107
   11     E+    Px      -2.773291
   12     E+    Py      -0.000000
   13     E+    Pz      -0.000000
   14     E+    Px       1.242467
   15     E+    Py       0.000000
   16     E+    Pz       0.000000
   17     E+    Px      -0.022827
   18     E+    Py      -0.000000
   19     E+    Pz      -0.000000
   20     E+    Px       0.011924
   21     E+    Py       0.000000
   22     E+    Pz       0.000000
   23     E+   Dxx      -0.503681
   24     E+   Dxy      -0.000000
   25     E+   Dxz      -0.000000
   26     E+   Dyy      -0.028910
   27     E+   Dyz       0.000000
   28     E+   Dzz      -0.028910
   29     E+   Dxx       0.322267
   30     E+   Dxy       0.000000
   31     E+   Dxz       0.000000
   32     E+   Dyy      -0.044785
   33     E+   Dyz      -0.000000
   34     E+   Dzz      -0.044785
   35     E+     S       0.479033
   36     E+     S      -0.481251
   37     E+     S       0.016945
   38     E+     S       0.172539
   39     E+     S       0.205898
   40     E+     S       0.161311
   41     E+     S       0.073688
   42     E+     S      -0.077113
   43     E+     S      -0.000539
   44     E+     S      -0.001135
   45     E+    Px       2.732722
   46     E+    Py       0.000000
   47     E+    Pz       0.000000
   48     E+    Px      -1.265046
   49     E+    Py      -0.000000
   50     E+    Pz      -0.000000
   51     E+    Px       0.165252
   52     E+    Py       0.000000
   53     E+    Pz       0.000000
   54     E+    Px      -0.134061
   55     E+    Py      -0.000000
   56     E+    Pz      -0.000000
   57     E+   Dxx      -0.417171
   58     E+   Dxy      -0.000000
   59     E+   Dxz      -0.000000
   60     E+   Dyy       0.045145
   61     E+   Dyz      -0.000000
   62     E+   Dzz       0.045145
   63     E+   Dxx       0.457653
   64     E+   Dxy       0.000000
   65     E+   Dxz       0.000000
   66     E+   Dyy       0.105476
   67     E+   Dyz       0.000000
   68     E+   Dzz       0.105476
 
 
  end of eigenvectors 
 
  END OF EIGENVALUES AND EIGENVECTORS
 
 
  COMPONENTS OF KINETIC ENERGY: 
 -----------------------------
 
                  E- Kinetic energy =           29.142630650289
            POSITRON Kinetic energy =            0.014061004498
                                     _________________________
               Total kinetic energy =           29.156691654787
 
  COMPONENTS OF POTENTIAL ENERGY: 
 -------------------------------
 
          Fixed potential energy    =            0.824742268041
 
  Quantum/Fixed interaction energy: 
 ----------------------------------
 
          E-/Fixed interact. energy =          -68.913474439262
    POSITRON/Fixed interact. energy =            0.801729203634
                                     _________________________
               Total Q/Fixed energy =          -68.111745235628
 
  Coulomb energy: 
 ------------------
 
               E-/E- Hartree energy =           15.135320075137
   POSITRON/POSITRON Hartree energy =            0.000000000000
         E-/POSITRON Hartree energy =           -0.792412379633
                                     _________________________
               Total Hartree energy =           14.342907695505
 
  Exchange(HF) energy: 
 ----------------------
 
                 E- Exchange energy =           -5.333110354824
           POSITRON Exchange energy =            0.000000000000
                                     _________________________
              Total Exchange energy =           -5.333110354824
 
  External Potential energy: 
 ----------------------------
 
                  E- Ext Pot energy =            0.000000000000
            POSITRON Ext Pot energy =           -0.028009531797
                                     _________________________
    Total External Potential energy =           -0.028009531797
 
  TOTAL ENERGY COMPONENTS: 
 ==========================
 
          TOTAL KINETIC ENERGY      =           29.156691654787
          TOTAL POTENTIAL ENERGY    =          -58.305215158703
                                     _________________________
                       TOTAL ENERGY =          -29.148523503916
 
                 VIRIAL RATIO (V/T) =            1.999719853303
 
 
  END ENERGY COMPONENTS
 
 
** TOTAL CPU Time SCF :      0.293 (s)
** TOTAL Elapsed Time SCF :      0.278 (s)
 
 We are calculating properties for E- in the HF/KS ground state
 We are calculating properties for POSITRON in the HF/KS ground state
 
  POPULATION ANALYSES: 
 ====================
 
 MULLIKEN Population: for E-        
 ---------------------
 
                                    
 
    1     BE     S       1.166391
    2     BE     S       0.823587
    3     BE    Px      -0.000000
    4     BE    Py       0.000000
    5     BE    Pz       0.000000
    6     BE     S       1.043673
    7     BE    Px       0.000000
    8     BE    Py       0.000000
    9     BE    Pz       0.000000
   10     BE     S       0.942236
   11     BE    Px      -0.000000
   12     BE    Py       0.000000
   13     BE    Pz       0.000000
   14     BE     S       0.031346
   15     BE    Px       0.000005
   16     BE    Py       0.000000
   17     BE    Pz       0.000000
   18     BE   Dxx      -0.002413
   19     BE   Dxy       0.000000
   20     BE   Dxz       0.000000
   21     BE   Dyy      -0.002413
   22     BE   Dyz       0.000000
   23     BE   Dzz      -0.002413
   24     BE     S       1.166391
   25     BE     S       0.823587
   26     BE    Px      -0.000000
   27     BE    Py       0.000000
   28     BE    Pz       0.000000
   29     BE     S       1.043673
   30     BE    Px       0.000000
   31     BE    Py       0.000000
   32     BE    Pz       0.000000
   33     BE     S       0.942236
   34     BE    Px      -0.000000
   35     BE    Py       0.000000
   36     BE    Pz       0.000000
   37     BE     S       0.031346
   38     BE    Px       0.000005
   39     BE    Py       0.000000
   40     BE    Pz       0.000000
   41     BE   Dxx      -0.002413
   42     BE   Dxy       0.000000
   43     BE   Dxz       0.000000
   44     BE   Dyy      -0.002413
   45     BE   Dyz       0.000000
   46     BE   Dzz      -0.002413
 
                           __________
              Total =        8.000000
 
  Atomic MULLIKEN Population: for E-        
            BE               4.000000
            BE               4.000000
 
 ...end of MULLIKEN Population
 
 
 END POPULATION ANALYSES 
 
 
  POPULATION ANALYSES: 
 ====================
 
 LOWDIN Population: for E-        
 ---------------------
 
                                    
 
    1     BE     S       1.101746
    2     BE     S       0.875942
    3     BE    Px       0.000000
    4     BE    Py       0.000000
    5     BE    Pz       0.000000
    6     BE     S       0.590933
    7     BE    Px       0.000000
    8     BE    Py       0.000000
    9     BE    Pz       0.000000
   10     BE     S       0.552684
   11     BE    Px       0.000002
   12     BE    Py       0.000000
   13     BE    Pz       0.000000
   14     BE     S       0.204485
   15     BE    Px       0.000001
   16     BE    Py       0.000000
   17     BE    Pz       0.000000
   18     BE   Dxx       0.224740
   19     BE   Dxy       0.000000
   20     BE   Dxz       0.000000
   21     BE   Dyy       0.224733
   22     BE   Dyz       0.000000
   23     BE   Dzz       0.224733
   24     BE     S       1.101746
   25     BE     S       0.875942
   26     BE    Px       0.000000
   27     BE    Py       0.000000
   28     BE    Pz       0.000000
   29     BE     S       0.590933
   30     BE    Px       0.000000
   31     BE    Py       0.000000
   32     BE    Pz       0.000000
   33     BE     S       0.552684
   34     BE    Px       0.000002
   35     BE    Py       0.000000
   36     BE    Pz       0.000000
   37     BE     S       0.204485
   38     BE    Px       0.000001
   39     BE    Py       0.000000
   40     BE    Pz       0.000000
   41     BE   Dxx       0.224740
   42     BE   Dxy       0.000000
   43     BE   Dxz       0.000000
   44     BE   Dyy       0.224733
   45     BE   Dyz       0.000000
   46     BE   Dzz       0.224733
 
                           __________
              Total =        8.000000
 
  Atomic LOWDIN Population: for E-        
            BE               4.000000
            BE               4.000000
 
 ...end of LOWDIN Population
 
 
 END POPULATION ANALYSES 
 
 
  POPULATION ANALYSES: 
 ====================
 
 MULLIKEN Population: for POSITRON  
 ---------------------
 
                                    
 
    1     E+     S       0.091132
    2     E+     S      -0.178912
    3     E+     S       0.148845
    4     E+     S       0.102112
    5     E+     S       0.257543
    6     E+     S       0.113830
    7     E+     S       0.058711
    8     E+     S      -0.020259
    9     E+     S      -0.000352
   10     E+     S      -0.000002
   11     E+    Px      -0.076348
   12     E+    Py       0.000000
   13     E+    Pz      -0.000000
   14     E+    Px       0.107950
   15     E+    Py      -0.000000
   16     E+    Pz      -0.000000
   17     E+    Px      -0.004712
   18     E+    Py      -0.000000
   19     E+    Pz      -0.000000
   20     E+    Px       0.003684
   21     E+    Py      -0.000000
   22     E+    Pz      -0.000000
   23     E+   Dxx      -0.007033
   24     E+   Dxy       0.000000
   25     E+   Dxz       0.000000
   26     E+   Dyy      -0.000253
   27     E+   Dyz      -0.000000
   28     E+   Dzz      -0.000253
   29     E+   Dxx       0.022524
   30     E+   Dxy       0.000000
   31     E+   Dxz       0.000000
   32     E+   Dyy      -0.001934
   33     E+   Dyz      -0.000000
   34     E+   Dzz      -0.001934
   35     E+     S       0.089644
   36     E+     S      -0.177736
   37     E+     S       0.010275
   38     E+     S       0.128673
   39     E+     S       0.139476
   40     E+     S       0.081946
   41     E+     S       0.022694
   42     E+     S      -0.010368
   43     E+     S      -0.000023
   44     E+     S      -0.000013
   45     E+    Px      -0.113099
   46     E+    Py      -0.000000
   47     E+    Pz      -0.000000
   48     E+    Px       0.164092
   49     E+    Py       0.000000
   50     E+    Pz      -0.000000
   51     E+    Px      -0.050115
   52     E+    Py      -0.000000
   53     E+    Pz      -0.000000
   54     E+    Px       0.059094
   55     E+    Py      -0.000000
   56     E+    Pz      -0.000000
   57     E+   Dxx      -0.007047
   58     E+   Dxy       0.000000
   59     E+   Dxz       0.000000
   60     E+   Dyy       0.000393
   61     E+   Dyz       0.000000
   62     E+   Dzz       0.000393
   63     E+   Dxx       0.038434
   64     E+   Dxy       0.000000
   65     E+   Dxz       0.000000
   66     E+   Dyy       0.004474
   67     E+   Dyz       0.000000
   68     E+   Dzz       0.004474
 
                           __________
              Total =        1.000000
 
  Atomic MULLIKEN Population: for POSITRON  
            BE               0.614339
            BE               0.385661
 
 ...end of MULLIKEN Population
 
 
 END POPULATION ANALYSES 
 
 
  POPULATION ANALYSES: 
 ====================
 
 LOWDIN Population: for POSITRON  
 ---------------------
 
                                    
 
    1     E+     S       0.001791
    2     E+     S       0.008547
    3     E+     S       0.050142
    4     E+     S       0.142958
    5     E+     S       0.195233
    6     E+     S       0.124249
    7     E+     S       0.037724
    8     E+     S       0.000626
    9     E+     S       0.000204
   10     E+     S       0.000024
   11     E+    Px       0.000009
   12     E+    Py       0.000000
   13     E+    Pz       0.000000
   14     E+    Px       0.001044
   15     E+    Py       0.000000
   16     E+    Pz       0.000000
   17     E+    Px       0.003418
   18     E+    Py       0.000000
   19     E+    Pz       0.000000
   20     E+    Px       0.014521
   21     E+    Py       0.000000
   22     E+    Pz       0.000000
   23     E+   Dxx       0.000005
   24     E+   Dxy       0.000000
   25     E+   Dxz       0.000000
   26     E+   Dyy       0.000008
   27     E+   Dyz       0.000000
   28     E+   Dzz       0.000008
   29     E+   Dxx       0.000062
   30     E+   Dxy       0.000000
   31     E+   Dxz       0.000000
   32     E+   Dyy       0.000086
   33     E+   Dyz       0.000000
   34     E+   Dzz       0.000086
   35     E+     S       0.001768
   36     E+     S       0.008171
   37     E+     S       0.044998
   38     E+     S       0.106785
   39     E+     S       0.117157
   40     E+     S       0.071690
   41     E+     S       0.018156
   42     E+     S       0.000167
   43     E+     S       0.000094
   44     E+     S       0.000012
   45     E+    Px       0.000033
   46     E+    Py       0.000000
   47     E+    Pz       0.000000
   48     E+    Px       0.001884
   49     E+    Py       0.000000
   50     E+    Pz       0.000000
   51     E+    Px       0.007197
   52     E+    Py       0.000000
   53     E+    Pz       0.000000
   54     E+    Px       0.040811
   55     E+    Py       0.000000
   56     E+    Pz       0.000000
   57     E+   Dxx       0.000000
   58     E+   Dxy       0.000000
   59     E+   Dxz       0.000000
   60     E+   Dyy       0.000002
   61     E+   Dyz       0.000000
   62     E+   Dzz       0.000002
   63     E+   Dxx       0.000283
   64     E+   Dxy       0.000000
   65     E+   Dxz       0.000000
   66     E+   Dyy       0.000022
   67     E+   Dyz       0.000000
   68     E+   Dzz       0.000022
 
                           __________
              Total =        1.000000
 
  Atomic LOWDIN Population: for POSITRON  
            BE               0.580745
            BE               0.419255
 
 ...end of LOWDIN Population
 
 
 END POPULATION ANALYSES 
 
 
  EXPECTED POSITIONS OF QUANTUM SPECIES:
 ======================
 
 POSITIONS IN ANGSTROMS
 ------
 
                        <x>      <y>      <z>         
                 E-  41.0641  -0.0000  -0.0000
           POSITRON   3.8326  -0.0000  -0.0000
 
 END EXPECTED POSITIONS
 
 
  ELECTROSTATIC MOMENTS:
 ======================
 
 DIPOLE: (DEBYE)
 ------
 
                           <Dx>         <Dy>         <Dz>          |D|
                 E--197.23950043   0.00000000   0.00000000
           POSITRON  18.40877158  -0.00000000  -0.00000000
    Point charges:  197.23950043   0.00000000   0.00000000
                     ____________________________
      Total Dipole:  18.40877158  -0.00000000  -0.00000000  18.40877158
 
 QUADRUPOLE NON-TRACELESS: (DEBYE ANGS)
 ------
 
                           <xx>         <yy>         <zz>         <xy>         <xz>         <yz>
                 E-   -0.00000000   -0.00000000   -0.00000000   -0.00000000   -0.00000000   -0.00000000
           POSITRON    0.00000000    0.00000000    0.00000000    0.00000000    0.00000000    0.00000000
    Point charges:  2024.86810079    0.00000000    0.00000000    0.00000000    0.00000000    0.00000000
  Total Quadrupole: 2024.86810079    0.00000000    0.00000000    0.00000000    0.00000000    0.00000000
                     ____________________________
 
 END ELECTROSTATIC MOMENTS
 

  TOTAL CPU Time:      0.035 (s)
 TOTAL Wall Time:      0.326 (s)
  Elapsed Time:   0h  0m  0s 327ms
LOWDIN execution terminated normally at : Thu Oct 17 19:53:26 2024
-rw-rw-r-- 1 pmorenor pmorenor 704K oct 17 19:53 0E-.ints
-rw-rw-r-- 1 pmorenor pmorenor 2.8M oct 17 19:53 0E-.POSITRON.ints
-rw-rw-r-- 1 pmorenor pmorenor 2.1M oct 17 19:53 0POSITRON.ints
-rw-rw-r-- 1 pmorenor pmorenor 704K oct 17 19:53 1E-.ints
-rw-rw-r-- 1 pmorenor pmorenor 2.8M oct 17 19:53 1E-.POSITRON.ints
-rw-rw-r-- 1 pmorenor pmorenor 2.1M oct 17 19:53 1POSITRON.ints
-rw-rw-r-- 1 pmorenor pmorenor 704K oct 17 19:53 2E-.ints
-rw-rw-r-- 1 pmorenor pmorenor 2.8M oct 17 19:53 2E-.POSITRON.ints
-rw-rw-r-- 1 pmorenor pmorenor 2.1M oct 17 19:53 2POSITRON.ints
-rw-rw-r-- 1 pmorenor pmorenor 704K oct 17 19:53 3E-.ints
-rw-rw-r-- 1 pmorenor pmorenor 2.8M oct 17 19:53 3E-.POSITRON.ints
-rw-rw-r-- 1 pmorenor pmorenor 2.1M oct 17 19:53 3POSITRON.ints
-rw-rw-r-- 1 pmorenor pmorenor   12 oct 17 19:53 E-.POSITRON.nints
-rw-rw-r-- 1 pmorenor pmorenor   64 oct 17 19:53 gepol.inp
-rw-rw-r-- 1 pmorenor pmorenor   91 oct 17 19:53 gepol.xyzr
-rw-rw-r-- 1 pmorenor pmorenor 9.5K oct 17 19:53 lowdin.bas
-rw-rw-r-- 1 pmorenor pmorenor  15K oct 17 19:53 lowdin.dat
-rw-rw-r-- 1 pmorenor pmorenor 691K oct 17 19:53 lowdin.opints
-rw-rw-r-- 1 pmorenor pmorenor  26K oct 17 19:53 lowdin.sys
-rw-rw-r-- 1 pmorenor pmorenor 531K oct 17 19:53 lowdin.wfn
-rw-rw-r-- 1 pmorenor pmorenor  498 oct 17 19:53 usual_88
-rw-rw-r-- 1 pmorenor pmorenor 1.8K oct 17 19:53 usual_88.aux
-rw-rw-r-- 1 pmorenor pmorenor  503 oct 17 19:53 usual_88.lowdin
-rw-rw-r-- 1 pmorenor pmorenor  46K oct 17 19:53 usual_88.out
-rw-rw-r-- 1 pmorenor pmorenor  54K oct 17 19:53 usual_88.vec
