Begin job by input: usual_257.lowdin, for user: pmorenor  at  jue 17 oct 2024 19:55:59 -05
under operating system Linux Hefesto 5.4.0-196-generic #216-Ubuntu SMP Thu Aug 29 13:26:53 UTC 2024 x86_64 x86_64 x86_64 GNU/Linux
Compilation information
  commit: f2cffef7078af1231fe3319081e66b682883a80b
  compilation date:  mar 06 feb 2024 16:53:31 -05

BEGIN INPUT INFO:
------------------------------------

GEOMETRY
	Be	Dirac	0.0 0.0 0.0
	e-(Be)	6-311++G.d.p 0.0 0.0 0.0
	E+	GRIBAKIN-10S4P2D 0.0 0.0 0.0
	Be	Dirac	53.2 0.0 0.0
	e-(Be)	6-311++G.d.p	53.2 0.0 0.0
	E+	GRIBAKIN-10S4P2D 53.2 0.0 0.0 addParticles=-1 
END GEOMETRY

TASKS
        method = "RHF"
END TASKS

EXTERPOTENTIAL
	E- GRIBAKIN0
	E+ VPC257
END EXTERPOTENTIAL

CONTROL
	units="BOHRS"
	readCoefficients=F
	convergenceMethod=1
	overlapEigenThreshold=1E-6
	SCFGhostSpecies="POSITRON"
	HFprintEigenvalues=T
	totalEnergyTolerance = 1E-9
END CONTROL


... END INPUT INFO


 LOWDIN execution started at : Thu Oct 17 19:55:59 2024
 ---------------------------------------------------------------
 
 ***************************************************************
 *                   LOWDIN 2.0  (May/2013)                    *
 *                                                             *
 *  R. FLORES-MORENO, E. F. POSADA, F. S. MONCADA, J.ROMERO,   *
 *  J. CHARRY, M. DIAZ-TINOCO, S. A. GONZALEZ, N. F. AGUIRRE,  *
 *  A. REYES                                                   *
 *                                                             *
 *  https://sites.google.com/site/lowdinproject/               *
 *                                                             *
 ***************************************************************
 
 PARSING INPUT... DONE!
 
 LOWDIN IS RUNNING WITH NEXT PARAMETERS: 
 ----------------------------------------
 
         METHOD TYPE:  RHF
         NUMBER OF CORES:     4
         NONELECTRONIC DENSITY GUESS: HCORE
         ELECTRONIC DENSITY GUESS: HCORE
         CRITERIUM OF CONVERGENCE: ENERGY
         NONELECTRONIC ENERGY TOLERANCE IN SCFs:     0.10000E-07
         ELECTRONIC ENERGY TOLERANCE IN SCFs:     0.10000E-07
         TOTAL ENERGY TOLERANCE IN SCFs:     0.10000E-08
         SCHEME OF ITERATION: GLOBAL ITERATIONS
         SCF MAX. SUBITERATIONS - NONELECTRONS :     1
         SCF MAX. SUBITERATIONS - ELECTRONS :     1
         SCF MAX. ITERATIONS - INTERSPECIES :   200
         INTEGRAL STORAGE: DISK
         STACK SIZE FOR ERIS : 30000
         METHOD OF SCF CONVERGENCE: DAMPING
 
  MOLECULAR SYSTEM: usual_257
 -----------------
 
    DESCRIPTION   : usual_257
    CHARGE        :   2
    PUNTUAL GROUP : NONE
 
 
  INFORMATION OF PARTICLES :
 =========================
         Total number of particles   =      11
         Number of quantum particles =       9
         Number of puntual charges   =       2
         Number of quantum species   =       2
 
                 INFORMATION OF QUANTUM SPECIES 
     ---------------------------------------------------------------------
         ID      Symbol            mass     charge     spin     multiplicity
     ---------------------------------------------------------------------
         1             E-         1.0000     -1.00      0.50      1.00
         2             E+         1.0000      1.00      0.50      1.00
 
                   CONSTANTS OF COUPLING 
      ------------------------------------------------------------
           Symbol          kappa      eta     lambda     occupation
      ------------------------------------------------------------
                 E-        -1.0      2.00      2.00      4.00
                 E+        -1.0      1.00      1.00      1.00
 
                   BASIS SET FOR SPECIES 
      ------------------------------------------------------------
           Symbol          N. Basis     N. Particles     Basis Set
      ------------------------------------------------------------
                 E-           20                8     6-311++G.D
                 E+           32                1     GRIBAKIN-1
 
                                ATOMIC BASIS
         ------------------------------------------------------------
          PRIMITIVE   SHELL             EXPONENT         COEFFICIENT 
         ------------------------------------------------------------
 
    BEGIN DESCRIPTION OF BASIS FOR:    E-
    ==============================
 
 
            BE BASIS SET:   6-311++G.D.P
             1         S             1682.80000000          0.00228574
             2         S              251.71500000          0.01759380
             3         S               57.41160000          0.08633150
             4         S               16.51710000          0.28183500
             5         S                4.85364000          0.64059400
             6         S                0.62686300          0.14446700
             1         S                8.30938000          0.10862100
             2         S                1.74075000          0.92730100
             3         S                0.48581600         -0.00297169
             1         P                8.30938000          0.03613440
             2         P                1.74075000          0.21695800
             3         P                0.48581600          0.84183900
             1         S                0.16361300          1.00000000
             1         P                0.16361300          1.00000000
             1         S                0.05672850          1.00000000
             1         P                0.05672850          1.00000000
             1         S                0.02070000          1.00000000
             1         P                0.02070000          1.00000000
             1         D                0.25500000          1.00000000
 
            BE BASIS SET:   6-311++G.D.P
             1         S             1682.80000000          0.00228574
             2         S              251.71500000          0.01759380
             3         S               57.41160000          0.08633150
             4         S               16.51710000          0.28183500
             5         S                4.85364000          0.64059400
             6         S                0.62686300          0.14446700
             1         S                8.30938000          0.10862100
             2         S                1.74075000          0.92730100
             3         S                0.48581600         -0.00297169
             1         P                8.30938000          0.03613440
             2         P                1.74075000          0.21695800
             3         P                0.48581600          0.84183900
             1         S                0.16361300          1.00000000
             1         P                0.16361300          1.00000000
             1         S                0.05672850          1.00000000
             1         P                0.05672850          1.00000000
             1         S                0.02070000          1.00000000
             1         P                0.02070000          1.00000000
             1         D                0.25500000          1.00000000
    ... END DESCRIPTION OF BASIS
 
 
    BEGIN DESCRIPTION OF BASIS FOR:    E+
    ==============================
 
 
            E+ BASIS SET:GRIBAKIN-10S4P2
             1         S                0.00010000          1.00000000
             1         S                0.00030000          1.00000000
             1         S                0.00090000          1.00000000
             1         S                0.00270000          1.00000000
             1         S                0.00810000          1.00000000
             1         S                0.02430000          1.00000000
             1         S                0.07290000          1.00000000
             1         S                0.21870000          1.00000000
             1         S                0.65610000          1.00000000
             1         S                1.96830000          1.00000000
             1         P                0.00010000          1.00000000
             1         P                0.00030000          1.00000000
             1         P                0.00090000          1.00000000
             1         P                0.00270000          1.00000000
             1         D                0.00010000          1.00000000
             1         D                0.00030000          1.00000000
 
            E+ BASIS SET:GRIBAKIN-10S4P2
             1         S                0.00010000          1.00000000
             1         S                0.00030000          1.00000000
             1         S                0.00090000          1.00000000
             1         S                0.00270000          1.00000000
             1         S                0.00810000          1.00000000
             1         S                0.02430000          1.00000000
             1         S                0.07290000          1.00000000
             1         S                0.21870000          1.00000000
             1         S                0.65610000          1.00000000
             1         S                1.96830000          1.00000000
             1         P                0.00010000          1.00000000
             1         P                0.00030000          1.00000000
             1         P                0.00090000          1.00000000
             1         P                0.00270000          1.00000000
             1         D                0.00010000          1.00000000
             1         D                0.00030000          1.00000000
    ... END DESCRIPTION OF BASIS
 
 
  END INFORMATION OF PARTICLES
 
 
  INFORMATION OF THE QUANTUM SYSTEM 
     ---------------------------------------------------------------------
                 ID     Occupied Orbitals     Basis size
     ---------------------------------------------------------------------
                 E-            4               46
                 E+            1               68
 
  END INFORMATION OF QUANTUM SYSTEM
 
 
  INFORMATION OF EXTERNAL POTENTIALS 
 
 =======
 External Potential for E- : GRIBAKIN0
 Type : 
                     Exponent         l       R_x       R_y       R_z              Factor
                 0.0010000000         0   0.00000   0.00000   0.00000        0.0000000000
 
 =======
 External Potential for E+ : VPC257
 Type : 
                     Exponent         l       R_x       R_y       R_z              Factor
                 0.0010000000         0   0.00000   0.00000   0.00000       -0.0004852612
                 0.0020000000         0   0.00000   0.00000   0.00000        0.0024441783
                 0.0040000000         0   0.00000   0.00000   0.00000       -0.0075448874
                 0.0080000000         0   0.00000   0.00000   0.00000        0.0157738437
                 0.0160000000         0   0.00000   0.00000   0.00000       -0.0371036225
                 0.0320000000         0   0.00000   0.00000   0.00000        0.0538567205
                 0.0640000000         0   0.00000   0.00000   0.00000       -0.1977562620
                 0.1280000000         0   0.00000   0.00000   0.00000        0.1521150960
                 0.2560000000         0   0.00000   0.00000   0.00000       -2.2309931100
                 0.5120000000         0   0.00000   0.00000   0.00000        7.1544406100
                 1.0000000000         0   0.00000   0.00000   0.00000      -16.4610761000
                 2.0000000000         0   0.00000   0.00000   0.00000      120.0674500000
                 3.0000000000         0   0.00000   0.00000   0.00000    -1010.4441400000
                 4.0000000000         0   0.00000   0.00000   0.00000     5912.5175500000
                 5.0000000000         0   0.00000   0.00000   0.00000   -22883.6471000000
                 6.0000000000         0   0.00000   0.00000   0.00000    58320.2479000000
                 7.0000000000         0   0.00000   0.00000   0.00000   -96733.7399000000
                 8.0000000000         0   0.00000   0.00000   0.00000   100515.5930000000
                 9.0000000000         0   0.00000   0.00000   0.00000   -59492.9273000000
                10.0000000000         0   0.00000   0.00000   0.00000    15337.5181000000
                20.0000000000         0   0.00000   0.00000   0.00000     -108.3194530000
                30.0000000000         0   0.00000   0.00000   0.00000       58.7242217000
                40.0000000000         0   0.00000   0.00000   0.00000      -33.9818623000
                50.0000000000         0   0.00000   0.00000   0.00000       10.1503518000
               100.0000000000         0   0.00000   0.00000   0.00000       -0.2039701810
                 0.0010000000         0  50.26682   0.00000   0.00000       -0.0004852612
                 0.0020000000         0  50.26682   0.00000   0.00000        0.0024441783
                 0.0040000000         0  50.26682   0.00000   0.00000       -0.0075448874
                 0.0080000000         0  50.26682   0.00000   0.00000        0.0157738437
                 0.0160000000         0  50.26682   0.00000   0.00000       -0.0371036225
                 0.0320000000         0  50.26682   0.00000   0.00000        0.0538567205
                 0.0640000000         0  50.26682   0.00000   0.00000       -0.1977562620
                 0.1280000000         0  50.26682   0.00000   0.00000        0.1521150960
                 0.2560000000         0  50.26682   0.00000   0.00000       -2.2309931100
                 0.5120000000         0  50.26682   0.00000   0.00000        7.1544406100
                 1.0000000000         0  50.26682   0.00000   0.00000      -16.4610761000
                 2.0000000000         0  50.26682   0.00000   0.00000      120.0674500000
                 3.0000000000         0  50.26682   0.00000   0.00000    -1010.4441400000
                 4.0000000000         0  50.26682   0.00000   0.00000     5912.5175500000
                 5.0000000000         0  50.26682   0.00000   0.00000   -22883.6471000000
                 6.0000000000         0  50.26682   0.00000   0.00000    58320.2479000000
                 7.0000000000         0  50.26682   0.00000   0.00000   -96733.7399000000
                 8.0000000000         0  50.26682   0.00000   0.00000   100515.5930000000
                 9.0000000000         0  50.26682   0.00000   0.00000   -59492.9273000000
                10.0000000000         0  50.26682   0.00000   0.00000    15337.5181000000
                20.0000000000         0  50.26682   0.00000   0.00000     -108.3194530000
                30.0000000000         0  50.26682   0.00000   0.00000       58.7242217000
                40.0000000000         0  50.26682   0.00000   0.00000      -33.9818623000
                50.0000000000         0  50.26682   0.00000   0.00000       10.1503518000
               100.0000000000         0  50.26682   0.00000   0.00000       -0.2039701810
 
  END INFORMATION OF EXTERNAL POTENTIALS
 
                       INITIAL GEOMETRY: AMSTRONG
                 -----------------------------------
                       <x>                 <y>                 <z>
      E-BE        0.0000000000        0.0000000000        0.0000000000
      E-BE       28.1522296596        0.0000000000        0.0000000000
        E+        0.0000000000        0.0000000000        0.0000000000
        E+       28.1522296596        0.0000000000        0.0000000000
        BE        0.0000000000        0.0000000000        0.0000000000
        BE       28.1522296596        0.0000000000        0.0000000000
 
                     MATRIX OF DISTANCE: ANGSTROM
                 -----------------------------------
                          BE(1)          BE(2)     
 
        BE(1)            0.000000      28.152230
        BE(2)           28.152230       0.000000
 
--------------------------------------------------------------------------------
** PROGRAM: SCF (Hartree Fock).     Author: S.A. Gonzalez, E. Posada, F. Moncada
--------------------------------------------------------------------------------
INFO: RUNNING IN RHF MODE.
 
----------------------------------------------------------------------
** PROGRAM INTS                          Author: E. F. Posada, 2013   
----------------------------------------------------------------------
INFO: RUNNING IN ONE_PARTICLE MODE.
 
 Number of Overlap integrals for species E-:   2116
 Number of Overlap integrals for species POSITRON:   4624
 Number of Kinetic integrals for species E-:   2116
 Number of Kinetic integrals for species POSITRON:   4624
 Number of Nuclear integrals for species E-:   2116
 Number of Nuclear integrals for species POSITRON:   4624
 Number of Moment integrals for species E-:   6348
 Number of Moment integrals for species POSITRON:  13872
 Number of 3C Overlap integrals for species E-:   2116
 Number of 3C Overlap integrals for species POSITRON:   4624
 
** TOTAL CPU Time INTS :      0.132 (s)
** TOTAL Elapsed Time INTS :      0.126 (s)
 
Removed     1 orbitals for species POSITRON with overlap eigen threshold of 1.000E-06
       Usign  HCORE density guess for species:         E-
     number of         E-     particles in guess density matrix:     8.000000
       Usign  HCORE density guess for species:   POSITRON
     number of   POSITRON     particles in guess density matrix:     0.000000
renormalized density matrix with deviation from number of particl    1.000000
 Number of unique integrals for species: 1 = 33158
 Number of unique integrals for species: 2 = 270669
 Number of unique integrals for species: 1 / 2 = 314380 Screened: 31380
 
 TWO-BODY INTEGRAL SETUP: 
------------------------- 
 Storage:   DISK
 Scheme: LIBINT
 Stack size:  30000
 
 LIBINT library, Fermann, J. T.; Valeev, F. L. 2010                   
 LOWDIN-LIBINT Implementation V. 2.1  Posada E. F. ; Reyes A. 2016   
 ----------------------------------------------------------------------

*** TOTAL CPU time intra-species integrals :      0.116 (s)
*** TOTAL elapsed time intra-species integrals :      0.033 (s)


*** TOTAL CPU time inter-species integrals :      0.199 (s)
*** TOTAL elapsed time inter-species integrals :      0.055 (s)

INFO: RUNNING SCHEME SIMULTANEOUS
 
 Begin Multi-Species SCF calculation:
 
 --------------------------------------------------------------------------------------------------
      Iteration                   Energy            Energy Change           Density Change
 --------------------------------------------------------------------------------------------------
              1         -27.550061429296          27.550061429296         535.494404387728
              2         -29.115393361750           1.565331932455           0.029415573204
              3         -29.146395453977           0.031002092227           0.005075201869
              4         -29.146995228885           0.000599774908           0.001197265161
              5         -29.146998065622           0.000002836737           0.000295753563
              6         -29.146994749229          -0.000003316393           0.000071970827
              7         -29.146994247307          -0.000000501921           0.000016942781
              8         -29.146994294622           0.000000047315           0.000003868361
              9         -29.146994364506           0.000000069884           0.000001425228
             10         -29.146994400789           0.000000036284           0.000000553300
             11         -29.146994415993           0.000000015203           0.000000218895
             12         -29.146994421811           0.000000005819           0.000000087450
             13         -29.146994423935           0.000000002124           0.000000034989
             14         -29.146994424690           0.000000000754           0.000000013972
 Total energy converged after  14 global iterations                                                  
 
 ...end Multi-Species SCF calculation
 
 
 Begin SCF calculation by: E-
 -------------------------
 
 -----------------------------------------------------------------------------------
 Iteration                   Energy           Density Change         DIIS Error 
 -----------------------------------------------------------------------------------
    1         -29.322128621535           0.020087648443                 -- 
    2         -29.423236662985           0.003561035357                 -- 
    3         -29.440482792236           0.000809302027                 -- 
    4         -29.443819664434           0.000200810332                 -- 
    5         -29.444482297406           0.000051837681                 -- 
    6         -29.444613618175           0.000013748610                 -- 
    7         -29.444638778592           0.000003746995                 -- 
    8         -29.444643155223           0.000001053085                 -- 
    9         -29.444643724710           0.000000306118                 -- 
   10         -29.444643712961           0.000000092101                 -- 
   11         -29.444643662656           0.000000028629                 -- 
   12         -29.444643635103           0.000000009162                 -- 
   13         -29.444643623396           0.000000003006                 -- 
 
 ... end SCF calculation
 
 Begin SCF calculation by: POSITRON
 -------------------------
 
 -----------------------------------------------------------------------------------
 Iteration                   Energy           Density Change         DIIS Error 
 -----------------------------------------------------------------------------------
    1          -0.038702993155           0.009327924761                 -- 
    2          -0.033031296549           0.001514166512                 -- 
    3          -0.032016260464           0.000387963134                 -- 
    4          -0.031820567696           0.000094943231                 -- 
    5          -0.031785525741           0.000020133146                 -- 
    6          -0.031780564126           0.000003194171                 -- 
    7          -0.031780435265           0.000000121366                 -- 
    8          -0.031780743080           0.000000372143                 -- 
    9          -0.031780927120           0.000000247182                 -- 
   10          -0.031781007483           0.000000126794                 -- 
   11          -0.031781038725           0.000000058821                 -- 
   12          -0.031781050183           0.000000025827                 -- 
   13          -0.031781054246           0.000000010966                 -- 
 
 ... end SCF calculation
 
  EIGENVALUES AND EIGENVECTORS: 
 ==============================
 
 
  Eigenvalues for: E-
 -----------------
 
    1          -4.732348738982
    2          -4.732348738982
    3          -0.309258221782
    4          -0.309258221782
    5           0.029565784109
    6           0.029565784117
    7           0.029565784117
    8           0.029565784117
    9           0.029565784117
   10           0.029565784124
   11           0.051096234983
   12           0.051096234985
   13           0.098028634101
   14           0.098028634115
   15           0.098028634115
   16           0.098028634116
   17           0.098028634116
   18           0.098028634128
   19           0.321204931412
   20           0.321204931413
   21           0.345804686726
   22           0.345804686734
   23           0.345804686734
   24           0.345804686734
   25           0.345804686734
   26           0.345804686740
   27           0.692850857305
   28           0.692850857305
   29           0.692850857305
   30           0.692850857305
   31           0.692850857305
   32           0.692850857305
   33           0.692850857305
   34           0.692850857305
   35           0.692850857305
   36           0.692850857305
   37           1.198792707655
   38           1.198792707658
   39           1.198792707658
   40           1.198792707658
   41           1.198792707658
   42           1.198792707661
   43           1.414741301090
   44           1.414741301090
   45          10.066564141310
   46          10.066564141310
 
 
  Eigenvalues for: POSITRON
 -----------------
 
    1          -0.003102688010
    2          -0.001245925818
    3           0.000086977375
    4           0.000134857306
    5           0.000206097316
    6           0.000206097316
    7           0.000258533896
    8           0.000279079948
    9           0.000279079948
   10           0.000323076283
   11           0.000323076283
   12           0.000374296587
   13           0.000405602210
   14           0.000424318938
   15           0.000424318938
   16           0.000434166647
   17           0.000434166647
   18           0.000437680757
   19           0.000561462094
   20           0.000561462094
   21           0.000591303979
   22           0.000877074325
   23           0.000877074325
   24           0.000975716109
   25           0.001037633114
   26           0.001117550727
   27           0.001117550727
   28           0.001151600751
   29           0.001211584827
   30           0.001211584827
   31           0.001236558590
   32           0.001465020007
   33           0.001465020007
   34           0.001473755222
   35           0.001473755222
   36           0.001761099083
   37           0.001761099083
   38           0.001800039690
   39           0.002104226272
   40           0.002207114664
   41           0.002410122251
   42           0.002913223222
   43           0.002913223222
   44           0.003428524528
   45           0.003491894865
   46           0.003491894865
   47           0.004452462097
   48           0.005082200808
   49           0.005568770411
   50           0.009290822968
   51           0.009290822968
   52           0.009423944173
   53           0.009423944173
   54           0.009590094686
   55           0.010129991032
   56           0.014850587300
   57           0.017717136795
   58           0.051242983511
   59           0.058875518785
   60           0.193141125920
   61           0.229482342163
   62           0.855536727542
   63           0.874175047331
   64           2.871706611858
   65           2.941199759615
   66          10.646983542963
   67          10.802366127885
   68     1000000.000000000000
 
  end of eigenvalues 
 
  Occupied Eigenvectors for: E-
 --------------------------- 
 
                          -4.7323        -4.7323        -0.3093        -0.3093   
 
    1     BE     S      -0.596280      -0.000000      -0.109530       0.003517
    2     BE     S      -0.446443      -0.000000      -0.185598       0.005960
    3     BE    Px       0.000000      -0.000000       0.000000      -0.000000
    4     BE    Py       0.000000      -0.000000       0.000000      -0.000000
    5     BE    Pz       0.000000       0.000000       0.000000      -0.000000
    6     BE     S       0.004889       0.000000       0.583698      -0.018743
    7     BE    Px      -0.000000       0.000000       0.000000      -0.000000
    8     BE    Py      -0.000000       0.000000       0.000000      -0.000000
    9     BE    Pz       0.000000       0.000000       0.000000      -0.000000
   10     BE     S      -0.001425      -0.000000       0.499875      -0.016051
   11     BE    Px       0.000000      -0.000000      -0.000000       0.000000
   12     BE    Py       0.000000      -0.000000      -0.000000       0.000000
   13     BE    Pz       0.000000      -0.000000      -0.000000       0.000000
   14     BE     S       0.000429       0.000000       0.022332      -0.000717
   15     BE    Px      -0.000000       0.000000      -0.000000       0.000000
   16     BE    Py       0.000000       0.000000       0.000000      -0.000000
   17     BE    Pz      -0.000000      -0.000000       0.000000      -0.000000
   18     BE   Dxx      -0.000671       0.000000      -0.001772       0.000057
   19     BE   Dxy       0.000000      -0.000000       0.000000      -0.000000
   20     BE   Dxz       0.000000       0.000000       0.000000      -0.000000
   21     BE   Dyy      -0.000671       0.000000      -0.001772       0.000057
   22     BE   Dyz      -0.000000       0.000000      -0.000000      -0.000000
   23     BE   Dzz      -0.000671       0.000000      -0.001772       0.000057
   24     BE     S      -0.000000       0.596280      -0.003517      -0.109530
   25     BE     S      -0.000000       0.446443      -0.005960      -0.185598
   26     BE    Px       0.000000       0.000000      -0.000000      -0.000000
   27     BE    Py      -0.000000       0.000000      -0.000000       0.000000
   28     BE    Pz      -0.000000      -0.000000      -0.000000       0.000000
   29     BE     S      -0.000000      -0.004889       0.018743       0.583698
   30     BE    Px      -0.000000      -0.000000      -0.000000      -0.000000
   31     BE    Py       0.000000       0.000000       0.000000      -0.000000
   32     BE    Pz       0.000000      -0.000000       0.000000      -0.000000
   33     BE     S       0.000000       0.001425       0.016051       0.499875
   34     BE    Px      -0.000000       0.000000       0.000000       0.000000
   35     BE    Py      -0.000000      -0.000000      -0.000000       0.000000
   36     BE    Pz      -0.000000       0.000000      -0.000000       0.000000
   37     BE     S      -0.000000      -0.000429       0.000717       0.022332
   38     BE    Px       0.000000      -0.000000       0.000000       0.000000
   39     BE    Py       0.000000      -0.000000      -0.000000       0.000000
   40     BE    Pz       0.000000      -0.000000       0.000000       0.000000
   41     BE   Dxx      -0.000000       0.000671      -0.000057      -0.001772
   42     BE   Dxy      -0.000000       0.000000       0.000000       0.000000
   43     BE   Dxz      -0.000000       0.000000       0.000000       0.000000
   44     BE   Dyy      -0.000000       0.000671      -0.000057      -0.001772
   45     BE   Dyz       0.000000      -0.000000      -0.000000       0.000000
   46     BE   Dzz      -0.000000       0.000671      -0.000057      -0.001772
 
 
  Occupied Eigenvectors for: POSITRON
 --------------------------- 
 
                          -0.0031   
 
    1     E+     S      -0.005760
    2     E+     S      -0.239476
    3     E+     S       0.180032
    4     E+     S       0.300551
    5     E+     S       0.388495
    6     E+     S       0.248528
    7     E+     S       0.170929
    8     E+     S      -0.135182
    9     E+     S      -0.008372
   10     E+     S       0.000001
   11     E+    Px      -0.013983
   12     E+    Py      -0.000000
   13     E+    Pz       0.000000
   14     E+    Px      -0.111439
   15     E+    Py       0.000000
   16     E+    Pz       0.000000
   17     E+    Px       0.003720
   18     E+    Py       0.000000
   19     E+    Pz       0.000000
   20     E+    Px       0.000222
   21     E+    Py      -0.000000
   22     E+    Pz      -0.000000
   23     E+   Dxx      -0.002264
   24     E+   Dxy      -0.000000
   25     E+   Dxz       0.000000
   26     E+   Dyy       0.005093
   27     E+   Dyz      -0.000000
   28     E+   Dzz       0.005093
   29     E+   Dxx      -0.015599
   30     E+   Dxy       0.000000
   31     E+   Dxz       0.000000
   32     E+   Dyy       0.013901
   33     E+   Dyz       0.000000
   34     E+   Dzz       0.013901
   35     E+     S      -0.007315
   36     E+     S       0.206684
   37     E+     S       0.001818
   38     E+     S       0.010603
   39     E+     S       0.007733
   40     E+     S       0.008141
   41     E+     S      -0.001332
   42     E+     S      -0.001884
   43     E+     S       0.000094
   44     E+     S      -0.000070
   45     E+    Px       0.023136
   46     E+    Py       0.000000
   47     E+    Pz      -0.000000
   48     E+    Px      -0.126977
   49     E+    Py      -0.000000
   50     E+    Pz      -0.000000
   51     E+    Px       0.013292
   52     E+    Py       0.000000
   53     E+    Pz       0.000000
   54     E+    Px      -0.011653
   55     E+    Py      -0.000000
   56     E+    Pz       0.000000
   57     E+   Dxx      -0.011355
   58     E+   Dxy      -0.000000
   59     E+   Dxz       0.000000
   60     E+   Dyy      -0.000177
   61     E+   Dyz       0.000000
   62     E+   Dzz      -0.000177
   63     E+   Dxx       0.041130
   64     E+   Dxy       0.000000
   65     E+   Dxz       0.000000
   66     E+   Dyy       0.002084
   67     E+   Dyz       0.000000
   68     E+   Dzz       0.002084
 
 
  end of eigenvectors 
 
  END OF EIGENVALUES AND EIGENVECTORS
 
 
  COMPONENTS OF KINETIC ENERGY: 
 -----------------------------
 
                  E- Kinetic energy =           29.142628633712
            POSITRON Kinetic energy =            0.015649337951
                                     _________________________
               Total kinetic energy =           29.158277971663
 
  COMPONENTS OF POTENTIAL ENERGY: 
 -------------------------------
 
          Fixed potential energy    =            0.300751879699
 
  Quantum/Fixed interaction energy: 
 ----------------------------------
 
          E-/Fixed interact. energy =          -67.865488037449
    POSITRON/Fixed interact. energy =            0.663331637746
                                     _________________________
               Total Q/Fixed energy =          -67.202156399703
 
  Coulomb energy: 
 ------------------
 
               E-/E- Hartree energy =           14.611325240588
   POSITRON/POSITRON Hartree energy =            0.000000000000
         E-/POSITRON Hartree energy =           -0.653405297734
                                     _________________________
               Total Hartree energy =           13.957919942854
 
  Exchange(HF) energy: 
 ----------------------
 
                 E- Exchange energy =           -5.333109453230
           POSITRON Exchange energy =            0.000000000000
                                     _________________________
              Total Exchange energy =           -5.333109453230
 
  External Potential energy: 
 ----------------------------
 
                  E- Ext Pot energy =            0.000000000000
            POSITRON Ext Pot energy =           -0.028678366236
                                     _________________________
    Total External Potential energy =           -0.028678366236
 
  TOTAL ENERGY COMPONENTS: 
 ==========================
 
          TOTAL KINETIC ENERGY      =           29.158277971663
          TOTAL POTENTIAL ENERGY    =          -58.305272396616
                                     _________________________
                       TOTAL ENERGY =          -29.146994424953
 
                 VIRIAL RATIO (V/T) =            1.999613024242
 
 
  END ENERGY COMPONENTS
 
 
** TOTAL CPU Time SCF :      0.219 (s)
** TOTAL Elapsed Time SCF :      0.253 (s)
 
 We are calculating properties for E- in the HF/KS ground state
 We are calculating properties for POSITRON in the HF/KS ground state
 
  POPULATION ANALYSES: 
 ====================
 
 MULLIKEN Population: for E-        
 ---------------------
 
                                    
 
    1     BE     S       1.166391
    2     BE     S       0.823588
    3     BE    Px       0.000000
    4     BE    Py      -0.000000
    5     BE    Pz       0.000000
    6     BE     S       1.043694
    7     BE    Px       0.000000
    8     BE    Py       0.000000
    9     BE    Pz       0.000000
   10     BE     S       0.942124
   11     BE    Px       0.000000
   12     BE    Py       0.000000
   13     BE    Pz      -0.000000
   14     BE     S       0.031424
   15     BE    Px       0.000000
   16     BE    Py       0.000000
   17     BE    Pz       0.000000
   18     BE   Dxx      -0.002407
   19     BE   Dxy       0.000000
   20     BE   Dxz       0.000000
   21     BE   Dyy      -0.002407
   22     BE   Dyz       0.000000
   23     BE   Dzz      -0.002407
   24     BE     S       1.166391
   25     BE     S       0.823588
   26     BE    Px       0.000000
   27     BE    Py      -0.000000
   28     BE    Pz       0.000000
   29     BE     S       1.043694
   30     BE    Px       0.000000
   31     BE    Py      -0.000000
   32     BE    Pz      -0.000000
   33     BE     S       0.942124
   34     BE    Px       0.000000
   35     BE    Py       0.000000
   36     BE    Pz       0.000000
   37     BE     S       0.031424
   38     BE    Px       0.000000
   39     BE    Py       0.000000
   40     BE    Pz      -0.000000
   41     BE   Dxx      -0.002407
   42     BE   Dxy       0.000000
   43     BE   Dxz       0.000000
   44     BE   Dyy      -0.002407
   45     BE   Dyz       0.000000
   46     BE   Dzz      -0.002407
 
                           __________
              Total =        8.000000
 
  Atomic MULLIKEN Population: for E-        
            BE               4.000000
            BE               4.000000
 
 ...end of MULLIKEN Population
 
 
 END POPULATION ANALYSES 
 
 
  POPULATION ANALYSES: 
 ====================
 
 LOWDIN Population: for E-        
 ---------------------
 
                                    
 
    1     BE     S       1.101745
    2     BE     S       0.875944
    3     BE    Px       0.000000
    4     BE    Py       0.000000
    5     BE    Pz       0.000000
    6     BE     S       0.590908
    7     BE    Px       0.000000
    8     BE    Py       0.000000
    9     BE    Pz       0.000000
   10     BE     S       0.553024
   11     BE    Px       0.000000
   12     BE    Py       0.000000
   13     BE    Pz       0.000000
   14     BE     S       0.204207
   15     BE    Px       0.000000
   16     BE    Py       0.000000
   17     BE    Pz       0.000000
   18     BE   Dxx       0.224724
   19     BE   Dxy       0.000000
   20     BE   Dxz       0.000000
   21     BE   Dyy       0.224724
   22     BE   Dyz       0.000000
   23     BE   Dzz       0.224724
   24     BE     S       1.101745
   25     BE     S       0.875944
   26     BE    Px       0.000000
   27     BE    Py       0.000000
   28     BE    Pz       0.000000
   29     BE     S       0.590908
   30     BE    Px       0.000000
   31     BE    Py       0.000000
   32     BE    Pz       0.000000
   33     BE     S       0.553024
   34     BE    Px       0.000000
   35     BE    Py       0.000000
   36     BE    Pz       0.000000
   37     BE     S       0.204207
   38     BE    Px       0.000000
   39     BE    Py       0.000000
   40     BE    Pz       0.000000
   41     BE   Dxx       0.224724
   42     BE   Dxy       0.000000
   43     BE   Dxz       0.000000
   44     BE   Dyy       0.224724
   45     BE   Dyz       0.000000
   46     BE   Dzz       0.224724
 
                           __________
              Total =        8.000000
 
  Atomic LOWDIN Population: for E-        
            BE               4.000000
            BE               4.000000
 
 ...end of LOWDIN Population
 
 
 END POPULATION ANALYSES 
 
 
  POPULATION ANALYSES: 
 ====================
 
 MULLIKEN Population: for POSITRON  
 ---------------------
 
                                    
 
    1     E+     S      -0.001145
    2     E+     S      -0.093224
    3     E+     S       0.117142
    4     E+     S       0.265418
    5     E+     S       0.370728
    6     E+     S       0.201581
    7     E+     S       0.089506
    8     E+     S      -0.032109
    9     E+     S      -0.000630
   10     E+     S       0.000000
   11     E+    Px      -0.000053
   12     E+    Py       0.000000
   13     E+    Pz       0.000000
   14     E+    Px      -0.000894
   15     E+    Py      -0.000000
   16     E+    Pz       0.000000
   17     E+    Px       0.000028
   18     E+    Py      -0.000000
   19     E+    Pz       0.000000
   20     E+    Px       0.000000
   21     E+    Py       0.000000
   22     E+    Pz      -0.000000
   23     E+   Dxx      -0.000033
   24     E+   Dxy      -0.000000
   25     E+   Dxz      -0.000000
   26     E+   Dyy       0.000065
   27     E+   Dyz      -0.000000
   28     E+   Dzz       0.000065
   29     E+   Dxx      -0.001007
   30     E+   Dxy       0.000000
   31     E+   Dxz      -0.000000
   32     E+   Dyy       0.000804
   33     E+   Dyz       0.000000
   34     E+   Dzz       0.000804
   35     E+     S      -0.001128
   36     E+     S       0.040069
   37     E+     S       0.000218
   38     E+     S       0.000510
   39     E+     S       0.000237
   40     E+     S       0.000170
   41     E+     S      -0.000015
   42     E+     S      -0.000008
   43     E+     S       0.000000
   44     E+     S      -0.000000
   45     E+    Px      -0.003474
   46     E+    Py       0.000000
   47     E+    Pz       0.000000
   48     E+    Px       0.037289
   49     E+    Py      -0.000000
   50     E+    Pz       0.000000
   51     E+    Px      -0.003033
   52     E+    Py       0.000000
   53     E+    Pz       0.000000
   54     E+    Px       0.000639
   55     E+    Py      -0.000000
   56     E+    Pz       0.000000
   57     E+   Dxx      -0.001102
   58     E+   Dxy      -0.000000
   59     E+   Dxz      -0.000000
   60     E+   Dyy      -0.000002
   61     E+   Dyz       0.000000
   62     E+   Dzz      -0.000002
   63     E+   Dxx       0.012458
   64     E+   Dxy       0.000000
   65     E+   Dxz      -0.000000
   66     E+   Dyy       0.000064
   67     E+   Dyz       0.000000
   68     E+   Dzz       0.000064
 
                           __________
              Total =        1.000000
 
  Atomic MULLIKEN Population: for POSITRON  
            BE               0.917045
            BE               0.082955
 
 ...end of MULLIKEN Population
 
 
 END POPULATION ANALYSES 
 
 
  POPULATION ANALYSES: 
 ====================
 
 LOWDIN Population: for POSITRON  
 ---------------------
 
                                    
 
    1     E+     S       0.002419
    2     E+     S       0.014709
    3     E+     S       0.089240
    4     E+     S       0.252032
    5     E+     S       0.328255
    6     E+     S       0.215719
    7     E+     S       0.063805
    8     E+     S       0.001084
    9     E+     S       0.000313
   10     E+     S       0.000038
   11     E+    Px       0.000008
   12     E+    Py       0.000000
   13     E+    Pz       0.000000
   14     E+    Px       0.000004
   15     E+    Py       0.000000
   16     E+    Pz       0.000000
   17     E+    Px       0.000010
   18     E+    Py       0.000000
   19     E+    Pz       0.000000
   20     E+    Px       0.000006
   21     E+    Py       0.000000
   22     E+    Pz      -0.000000
   23     E+   Dxx       0.000006
   24     E+   Dxy       0.000000
   25     E+   Dxz       0.000000
   26     E+   Dyy       0.000016
   27     E+   Dyz       0.000000
   28     E+   Dzz       0.000016
   29     E+   Dxx       0.000002
   30     E+   Dxy       0.000000
   31     E+   Dxz       0.000000
   32     E+   Dyy       0.000115
   33     E+   Dyz       0.000000
   34     E+   Dzz       0.000115
   35     E+     S       0.001430
   36     E+     S       0.003043
   37     E+     S       0.001007
   38     E+     S       0.000155
   39     E+     S       0.000179
   40     E+     S       0.000106
   41     E+     S       0.000012
   42     E+     S       0.000000
   43     E+     S       0.000000
   44     E+     S       0.000000
   45     E+    Px       0.001587
   46     E+    Py       0.000000
   47     E+    Pz       0.000000
   48     E+    Px       0.009124
   49     E+    Py       0.000000
   50     E+    Pz       0.000000
   51     E+    Px       0.004811
   52     E+    Py      -0.000000
   53     E+    Pz       0.000000
   54     E+    Px       0.000111
   55     E+    Py      -0.000000
   56     E+    Pz       0.000000
   57     E+   Dxx       0.000392
   58     E+   Dxy       0.000000
   59     E+   Dxz       0.000000
   60     E+   Dyy       0.000005
   61     E+   Dyz       0.000000
   62     E+   Dzz       0.000005
   63     E+   Dxx       0.010086
   64     E+   Dxy       0.000000
   65     E+   Dxz       0.000000
   66     E+   Dyy       0.000015
   67     E+   Dyz       0.000000
   68     E+   Dzz       0.000015
 
                           __________
              Total =        1.000000
 
  Atomic LOWDIN Population: for POSITRON  
            BE               0.967916
            BE               0.032084
 
 ...end of LOWDIN Population
 
 
 END POPULATION ANALYSES 
 
 
  EXPECTED POSITIONS OF QUANTUM SPECIES:
 ======================
 
 POSITIONS IN ANGSTROMS
 ------
 
                        <x>      <y>      <z>         
                 E- 112.6089  -0.0000   0.0000
           POSITRON   0.0443  -0.0000   0.0000
 
 END EXPECTED POSITIONS
 
 
  ELECTROSTATIC MOMENTS:
 ======================
 
 DIPOLE: (DEBYE)
 ------
 
                           <Dx>         <Dy>         <Dz>          |D|
                 E--540.88357849   0.00000000  -0.00000000
           POSITRON   0.21279311  -0.00000000   0.00000000
    Point charges:  540.88357849   0.00000000   0.00000000
                     ____________________________
      Total Dipole:   0.21279311  -0.00000000   0.00000000   0.21279311
 
 QUADRUPOLE NON-TRACELESS: (DEBYE ANGS)
 ------
 
                           <xx>         <yy>         <zz>         <xy>         <xz>         <yz>
                 E-   -0.00000000   -0.00000000   -0.00000000   -0.00000000   -0.00000000   -0.00000000
           POSITRON    0.00000000    0.00000000    0.00000000    0.00000000    0.00000000    0.00000000
    Point charges: 15227.07698372    0.00000000    0.00000000    0.00000000    0.00000000    0.00000000
  Total Quadrupole:15227.07698372    0.00000000    0.00000000    0.00000000    0.00000000    0.00000000
                     ____________________________
 
 END ELECTROSTATIC MOMENTS
 

  TOTAL CPU Time:      0.032 (s)
 TOTAL Wall Time:      0.298 (s)
  Elapsed Time:   0h  0m  0s 298ms
LOWDIN execution terminated normally at : Thu Oct 17 19:55:59 2024
-rw-rw-r-- 1 pmorenor pmorenor 704K oct 17 19:55 0E-.ints
-rw-rw-r-- 1 pmorenor pmorenor 2.1M oct 17 19:55 0E-.POSITRON.ints
-rw-rw-r-- 1 pmorenor pmorenor 2.1M oct 17 19:55 0POSITRON.ints
-rw-rw-r-- 1 pmorenor pmorenor 704K oct 17 19:55 1E-.ints
-rw-rw-r-- 1 pmorenor pmorenor 2.1M oct 17 19:55 1E-.POSITRON.ints
-rw-rw-r-- 1 pmorenor pmorenor 2.1M oct 17 19:55 1POSITRON.ints
-rw-rw-r-- 1 pmorenor pmorenor 704K oct 17 19:55 2E-.ints
-rw-rw-r-- 1 pmorenor pmorenor 2.1M oct 17 19:55 2E-.POSITRON.ints
-rw-rw-r-- 1 pmorenor pmorenor 2.1M oct 17 19:55 2POSITRON.ints
-rw-rw-r-- 1 pmorenor pmorenor 704K oct 17 19:55 3E-.ints
-rw-rw-r-- 1 pmorenor pmorenor 2.1M oct 17 19:55 3E-.POSITRON.ints
-rw-rw-r-- 1 pmorenor pmorenor 2.1M oct 17 19:55 3POSITRON.ints
-rw-rw-r-- 1 pmorenor pmorenor   12 oct 17 19:55 E-.POSITRON.nints
-rw-rw-r-- 1 pmorenor pmorenor   65 oct 17 19:55 gepol.inp
-rw-rw-r-- 1 pmorenor pmorenor   91 oct 17 19:55 gepol.xyzr
-rw-rw-r-- 1 pmorenor pmorenor 9.5K oct 17 19:55 lowdin.bas
-rw-rw-r-- 1 pmorenor pmorenor  15K oct 17 19:55 lowdin.dat
-rw-rw-r-- 1 pmorenor pmorenor 691K oct 17 19:55 lowdin.opints
-rw-rw-r-- 1 pmorenor pmorenor  26K oct 17 19:55 lowdin.sys
-rw-rw-r-- 1 pmorenor pmorenor 531K oct 17 19:55 lowdin.wfn
-rw-rw-r-- 1 pmorenor pmorenor  499 oct 17 19:55 usual_257
-rw-rw-r-- 1 pmorenor pmorenor 1.8K oct 17 19:55 usual_257.aux
-rw-rw-r-- 1 pmorenor pmorenor  504 oct 17 19:55 usual_257.lowdin
-rw-rw-r-- 1 pmorenor pmorenor  46K oct 17 19:55 usual_257.out
-rw-rw-r-- 1 pmorenor pmorenor  54K oct 17 19:55 usual_257.vec
