Begin job by input: usual_243.lowdin, for user: pmorenor  at  jue 17 oct 2024 19:55:46 -05
under operating system Linux Hefesto 5.4.0-196-generic #216-Ubuntu SMP Thu Aug 29 13:26:53 UTC 2024 x86_64 x86_64 x86_64 GNU/Linux
Compilation information
  commit: f2cffef7078af1231fe3319081e66b682883a80b
  compilation date:  mar 06 feb 2024 16:53:31 -05

BEGIN INPUT INFO:
------------------------------------

GEOMETRY
	Be	Dirac	0.0 0.0 0.0
	e-(Be)	6-311++G.d.p 0.0 0.0 0.0
	E+	GRIBAKIN-10S4P2D 0.0 0.0 0.0
	Be	Dirac	50.4 0.0 0.0
	e-(Be)	6-311++G.d.p	50.4 0.0 0.0
	E+	GRIBAKIN-10S4P2D 50.4 0.0 0.0 addParticles=-1 
END GEOMETRY

TASKS
        method = "RHF"
END TASKS

EXTERPOTENTIAL
	E- GRIBAKIN0
	E+ VPC243
END EXTERPOTENTIAL

CONTROL
	units="BOHRS"
	readCoefficients=F
	convergenceMethod=1
	overlapEigenThreshold=1E-6
	SCFGhostSpecies="POSITRON"
	HFprintEigenvalues=T
	totalEnergyTolerance = 1E-9
END CONTROL


... END INPUT INFO


 LOWDIN execution started at : Thu Oct 17 19:55:46 2024
 ---------------------------------------------------------------
 
 ***************************************************************
 *                   LOWDIN 2.0  (May/2013)                    *
 *                                                             *
 *  R. FLORES-MORENO, E. F. POSADA, F. S. MONCADA, J.ROMERO,   *
 *  J. CHARRY, M. DIAZ-TINOCO, S. A. GONZALEZ, N. F. AGUIRRE,  *
 *  A. REYES                                                   *
 *                                                             *
 *  https://sites.google.com/site/lowdinproject/               *
 *                                                             *
 ***************************************************************
 
 PARSING INPUT... DONE!
 
 LOWDIN IS RUNNING WITH NEXT PARAMETERS: 
 ----------------------------------------
 
         METHOD TYPE:  RHF
         NUMBER OF CORES:     4
         NONELECTRONIC DENSITY GUESS: HCORE
         ELECTRONIC DENSITY GUESS: HCORE
         CRITERIUM OF CONVERGENCE: ENERGY
         NONELECTRONIC ENERGY TOLERANCE IN SCFs:     0.10000E-07
         ELECTRONIC ENERGY TOLERANCE IN SCFs:     0.10000E-07
         TOTAL ENERGY TOLERANCE IN SCFs:     0.10000E-08
         SCHEME OF ITERATION: GLOBAL ITERATIONS
         SCF MAX. SUBITERATIONS - NONELECTRONS :     1
         SCF MAX. SUBITERATIONS - ELECTRONS :     1
         SCF MAX. ITERATIONS - INTERSPECIES :   200
         INTEGRAL STORAGE: DISK
         STACK SIZE FOR ERIS : 30000
         METHOD OF SCF CONVERGENCE: DAMPING
 
  MOLECULAR SYSTEM: usual_243
 -----------------
 
    DESCRIPTION   : usual_243
    CHARGE        :   2
    PUNTUAL GROUP : NONE
 
 
  INFORMATION OF PARTICLES :
 =========================
         Total number of particles   =      11
         Number of quantum particles =       9
         Number of puntual charges   =       2
         Number of quantum species   =       2
 
                 INFORMATION OF QUANTUM SPECIES 
     ---------------------------------------------------------------------
         ID      Symbol            mass     charge     spin     multiplicity
     ---------------------------------------------------------------------
         1             E-         1.0000     -1.00      0.50      1.00
         2             E+         1.0000      1.00      0.50      1.00
 
                   CONSTANTS OF COUPLING 
      ------------------------------------------------------------
           Symbol          kappa      eta     lambda     occupation
      ------------------------------------------------------------
                 E-        -1.0      2.00      2.00      4.00
                 E+        -1.0      1.00      1.00      1.00
 
                   BASIS SET FOR SPECIES 
      ------------------------------------------------------------
           Symbol          N. Basis     N. Particles     Basis Set
      ------------------------------------------------------------
                 E-           20                8     6-311++G.D
                 E+           32                1     GRIBAKIN-1
 
                                ATOMIC BASIS
         ------------------------------------------------------------
          PRIMITIVE   SHELL             EXPONENT         COEFFICIENT 
         ------------------------------------------------------------
 
    BEGIN DESCRIPTION OF BASIS FOR:    E-
    ==============================
 
 
            BE BASIS SET:   6-311++G.D.P
             1         S             1682.80000000          0.00228574
             2         S              251.71500000          0.01759380
             3         S               57.41160000          0.08633150
             4         S               16.51710000          0.28183500
             5         S                4.85364000          0.64059400
             6         S                0.62686300          0.14446700
             1         S                8.30938000          0.10862100
             2         S                1.74075000          0.92730100
             3         S                0.48581600         -0.00297169
             1         P                8.30938000          0.03613440
             2         P                1.74075000          0.21695800
             3         P                0.48581600          0.84183900
             1         S                0.16361300          1.00000000
             1         P                0.16361300          1.00000000
             1         S                0.05672850          1.00000000
             1         P                0.05672850          1.00000000
             1         S                0.02070000          1.00000000
             1         P                0.02070000          1.00000000
             1         D                0.25500000          1.00000000
 
            BE BASIS SET:   6-311++G.D.P
             1         S             1682.80000000          0.00228574
             2         S              251.71500000          0.01759380
             3         S               57.41160000          0.08633150
             4         S               16.51710000          0.28183500
             5         S                4.85364000          0.64059400
             6         S                0.62686300          0.14446700
             1         S                8.30938000          0.10862100
             2         S                1.74075000          0.92730100
             3         S                0.48581600         -0.00297169
             1         P                8.30938000          0.03613440
             2         P                1.74075000          0.21695800
             3         P                0.48581600          0.84183900
             1         S                0.16361300          1.00000000
             1         P                0.16361300          1.00000000
             1         S                0.05672850          1.00000000
             1         P                0.05672850          1.00000000
             1         S                0.02070000          1.00000000
             1         P                0.02070000          1.00000000
             1         D                0.25500000          1.00000000
    ... END DESCRIPTION OF BASIS
 
 
    BEGIN DESCRIPTION OF BASIS FOR:    E+
    ==============================
 
 
            E+ BASIS SET:GRIBAKIN-10S4P2
             1         S                0.00010000          1.00000000
             1         S                0.00030000          1.00000000
             1         S                0.00090000          1.00000000
             1         S                0.00270000          1.00000000
             1         S                0.00810000          1.00000000
             1         S                0.02430000          1.00000000
             1         S                0.07290000          1.00000000
             1         S                0.21870000          1.00000000
             1         S                0.65610000          1.00000000
             1         S                1.96830000          1.00000000
             1         P                0.00010000          1.00000000
             1         P                0.00030000          1.00000000
             1         P                0.00090000          1.00000000
             1         P                0.00270000          1.00000000
             1         D                0.00010000          1.00000000
             1         D                0.00030000          1.00000000
 
            E+ BASIS SET:GRIBAKIN-10S4P2
             1         S                0.00010000          1.00000000
             1         S                0.00030000          1.00000000
             1         S                0.00090000          1.00000000
             1         S                0.00270000          1.00000000
             1         S                0.00810000          1.00000000
             1         S                0.02430000          1.00000000
             1         S                0.07290000          1.00000000
             1         S                0.21870000          1.00000000
             1         S                0.65610000          1.00000000
             1         S                1.96830000          1.00000000
             1         P                0.00010000          1.00000000
             1         P                0.00030000          1.00000000
             1         P                0.00090000          1.00000000
             1         P                0.00270000          1.00000000
             1         D                0.00010000          1.00000000
             1         D                0.00030000          1.00000000
    ... END DESCRIPTION OF BASIS
 
 
  END INFORMATION OF PARTICLES
 
 
  INFORMATION OF THE QUANTUM SYSTEM 
     ---------------------------------------------------------------------
                 ID     Occupied Orbitals     Basis size
     ---------------------------------------------------------------------
                 E-            4               46
                 E+            1               68
 
  END INFORMATION OF QUANTUM SYSTEM
 
 
  INFORMATION OF EXTERNAL POTENTIALS 
 
 =======
 External Potential for E- : GRIBAKIN0
 Type : 
                     Exponent         l       R_x       R_y       R_z              Factor
                 0.0010000000         0   0.00000   0.00000   0.00000        0.0000000000
 
 =======
 External Potential for E+ : VPC243
 Type : 
                     Exponent         l       R_x       R_y       R_z              Factor
                 0.0010000000         0   0.00000   0.00000   0.00000       -0.0004852612
                 0.0020000000         0   0.00000   0.00000   0.00000        0.0024441783
                 0.0040000000         0   0.00000   0.00000   0.00000       -0.0075448874
                 0.0080000000         0   0.00000   0.00000   0.00000        0.0157738437
                 0.0160000000         0   0.00000   0.00000   0.00000       -0.0371036225
                 0.0320000000         0   0.00000   0.00000   0.00000        0.0538567205
                 0.0640000000         0   0.00000   0.00000   0.00000       -0.1977562620
                 0.1280000000         0   0.00000   0.00000   0.00000        0.1521150960
                 0.2560000000         0   0.00000   0.00000   0.00000       -2.2309931100
                 0.5120000000         0   0.00000   0.00000   0.00000        7.1544406100
                 1.0000000000         0   0.00000   0.00000   0.00000      -16.4610761000
                 2.0000000000         0   0.00000   0.00000   0.00000      120.0674500000
                 3.0000000000         0   0.00000   0.00000   0.00000    -1010.4441400000
                 4.0000000000         0   0.00000   0.00000   0.00000     5912.5175500000
                 5.0000000000         0   0.00000   0.00000   0.00000   -22883.6471000000
                 6.0000000000         0   0.00000   0.00000   0.00000    58320.2479000000
                 7.0000000000         0   0.00000   0.00000   0.00000   -96733.7399000000
                 8.0000000000         0   0.00000   0.00000   0.00000   100515.5930000000
                 9.0000000000         0   0.00000   0.00000   0.00000   -59492.9273000000
                10.0000000000         0   0.00000   0.00000   0.00000    15337.5181000000
                20.0000000000         0   0.00000   0.00000   0.00000     -108.3194530000
                30.0000000000         0   0.00000   0.00000   0.00000       58.7242217000
                40.0000000000         0   0.00000   0.00000   0.00000      -33.9818623000
                50.0000000000         0   0.00000   0.00000   0.00000       10.1503518000
               100.0000000000         0   0.00000   0.00000   0.00000       -0.2039701810
                 0.0010000000         0  47.62120   0.00000   0.00000       -0.0004852612
                 0.0020000000         0  47.62120   0.00000   0.00000        0.0024441783
                 0.0040000000         0  47.62120   0.00000   0.00000       -0.0075448874
                 0.0080000000         0  47.62120   0.00000   0.00000        0.0157738437
                 0.0160000000         0  47.62120   0.00000   0.00000       -0.0371036225
                 0.0320000000         0  47.62120   0.00000   0.00000        0.0538567205
                 0.0640000000         0  47.62120   0.00000   0.00000       -0.1977562620
                 0.1280000000         0  47.62120   0.00000   0.00000        0.1521150960
                 0.2560000000         0  47.62120   0.00000   0.00000       -2.2309931100
                 0.5120000000         0  47.62120   0.00000   0.00000        7.1544406100
                 1.0000000000         0  47.62120   0.00000   0.00000      -16.4610761000
                 2.0000000000         0  47.62120   0.00000   0.00000      120.0674500000
                 3.0000000000         0  47.62120   0.00000   0.00000    -1010.4441400000
                 4.0000000000         0  47.62120   0.00000   0.00000     5912.5175500000
                 5.0000000000         0  47.62120   0.00000   0.00000   -22883.6471000000
                 6.0000000000         0  47.62120   0.00000   0.00000    58320.2479000000
                 7.0000000000         0  47.62120   0.00000   0.00000   -96733.7399000000
                 8.0000000000         0  47.62120   0.00000   0.00000   100515.5930000000
                 9.0000000000         0  47.62120   0.00000   0.00000   -59492.9273000000
                10.0000000000         0  47.62120   0.00000   0.00000    15337.5181000000
                20.0000000000         0  47.62120   0.00000   0.00000     -108.3194530000
                30.0000000000         0  47.62120   0.00000   0.00000       58.7242217000
                40.0000000000         0  47.62120   0.00000   0.00000      -33.9818623000
                50.0000000000         0  47.62120   0.00000   0.00000       10.1503518000
               100.0000000000         0  47.62120   0.00000   0.00000       -0.2039701810
 
  END INFORMATION OF EXTERNAL POTENTIALS
 
                       INITIAL GEOMETRY: AMSTRONG
                 -----------------------------------
                       <x>                 <y>                 <z>
      E-BE        0.0000000000        0.0000000000        0.0000000000
      E-BE       26.6705333617        0.0000000000        0.0000000000
        E+        0.0000000000        0.0000000000        0.0000000000
        E+       26.6705333617        0.0000000000        0.0000000000
        BE        0.0000000000        0.0000000000        0.0000000000
        BE       26.6705333617        0.0000000000        0.0000000000
 
                     MATRIX OF DISTANCE: ANGSTROM
                 -----------------------------------
                          BE(1)          BE(2)     
 
        BE(1)            0.000000      26.670533
        BE(2)           26.670533       0.000000
 
--------------------------------------------------------------------------------
** PROGRAM: SCF (Hartree Fock).     Author: S.A. Gonzalez, E. Posada, F. Moncada
--------------------------------------------------------------------------------
INFO: RUNNING IN RHF MODE.
 
----------------------------------------------------------------------
** PROGRAM INTS                          Author: E. F. Posada, 2013   
----------------------------------------------------------------------
INFO: RUNNING IN ONE_PARTICLE MODE.
 
 Number of Overlap integrals for species E-:   2116
 Number of Overlap integrals for species POSITRON:   4624
 Number of Kinetic integrals for species E-:   2116
 Number of Kinetic integrals for species POSITRON:   4624
 Number of Nuclear integrals for species E-:   2116
 Number of Nuclear integrals for species POSITRON:   4624
 Number of Moment integrals for species E-:   6348
 Number of Moment integrals for species POSITRON:  13872
 Number of 3C Overlap integrals for species E-:   2116
 Number of 3C Overlap integrals for species POSITRON:   4624
 
** TOTAL CPU Time INTS :      0.130 (s)
** TOTAL Elapsed Time INTS :      0.123 (s)
 
Removed     1 orbitals for species POSITRON with overlap eigen threshold of 1.000E-06
       Usign  HCORE density guess for species:         E-
     number of         E-     particles in guess density matrix:     8.000000
       Usign  HCORE density guess for species:   POSITRON
     number of   POSITRON     particles in guess density matrix:     0.000000
renormalized density matrix with deviation from number of particl    1.000000
 Number of unique integrals for species: 1 = 33182
 Number of unique integrals for species: 2 = 275877
 Number of unique integrals for species: 1 / 2 = 315056 Screened: 30290
 
 TWO-BODY INTEGRAL SETUP: 
------------------------- 
 Storage:   DISK
 Scheme: LIBINT
 Stack size:  30000
 
 LIBINT library, Fermann, J. T.; Valeev, F. L. 2010                   
 LOWDIN-LIBINT Implementation V. 2.1  Posada E. F. ; Reyes A. 2016   
 ----------------------------------------------------------------------

*** TOTAL CPU time intra-species integrals :      0.107 (s)
*** TOTAL elapsed time intra-species integrals :      0.034 (s)


*** TOTAL CPU time inter-species integrals :      0.202 (s)
*** TOTAL elapsed time inter-species integrals :      0.057 (s)

INFO: RUNNING SCHEME SIMULTANEOUS
 
 Begin Multi-Species SCF calculation:
 
 --------------------------------------------------------------------------------------------------
      Iteration                   Energy            Energy Change           Density Change
 --------------------------------------------------------------------------------------------------
              1         -27.549932821641          27.549932821641           6.892663859374
              2         -29.115380028379           1.565447206738           0.031751931305
              3         -29.146393812051           0.031013783673           0.006134552087
              4         -29.146996015403           0.000602203352           0.001532060418
              5         -29.146999398359           0.000003382956           0.000379517063
              6         -29.146996198577          -0.000003199782           0.000089556233
              7         -29.146995725639          -0.000000472938           0.000019708617
              8         -29.146995781349           0.000000055710           0.000003926443
              9         -29.146995853943           0.000000072594           0.000001732345
             10         -29.146995891161           0.000000037218           0.000000752084
             11         -29.146995906700           0.000000015539           0.000000318790
             12         -29.146995912642           0.000000005942           0.000000132798
             13         -29.146995914812           0.000000002170           0.000000054591
             14         -29.146995915583           0.000000000772           0.000000022369
 Total energy converged after  14 global iterations                                                  
 
 ...end Multi-Species SCF calculation
 
 
 Begin SCF calculation by: E-
 -------------------------
 
 -----------------------------------------------------------------------------------
 Iteration                   Energy           Density Change         DIIS Error 
 -----------------------------------------------------------------------------------
    1         -29.339015761192           0.020069393352                 -- 
    2         -29.439986767770           0.003559054781                 -- 
    3         -29.457202065105           0.000809350864                 -- 
    4         -29.460531065807           0.000201007586                 -- 
    5         -29.461191582372           0.000051956230                 -- 
    6         -29.461322307818           0.000013805627                 -- 
    7         -29.461347293745           0.000003772410                 -- 
    8         -29.461351617406           0.000001064029                 -- 
    9         -29.461352170343           0.000000310733                 -- 
   10         -29.461352153304           0.000000094014                 -- 
   11         -29.461352101275           0.000000029411                 -- 
   12         -29.461352073153           0.000000009477                 -- 
   13         -29.461352061639           0.000000003300                 -- 
 
 ... end SCF calculation
 
 Begin SCF calculation by: POSITRON
 -------------------------
 
 -----------------------------------------------------------------------------------
 Iteration                   Energy           Density Change         DIIS Error 
 -----------------------------------------------------------------------------------
    1          -0.038671387534           0.011682537953                 -- 
    2          -0.033002147152           0.002575497307                 -- 
    3          -0.031987462834           0.000722709554                 -- 
    4          -0.031792187448           0.000178509477                 -- 
    5          -0.031757371450           0.000037600003                 -- 
    6          -0.031752504901           0.000005902990                 -- 
    7          -0.031752412060           0.000000154033                 -- 
    8          -0.031752732820           0.000000668316                 -- 
    9          -0.031752921373           0.000000441351                 -- 
   10          -0.031753003279           0.000000224776                 -- 
   11          -0.031753035042           0.000000103387                 -- 
   12          -0.031753046673           0.000000045115                 -- 
   13          -0.031753050794           0.000000019069                 -- 
 
 ... end SCF calculation
 
  EIGENVALUES AND EIGENVECTORS: 
 ==============================
 
 
  Eigenvalues for: E-
 -----------------
 
    1          -4.732348738651
    2          -4.732348738651
    3          -0.309258221674
    4          -0.309258221674
    5           0.029565784071
    6           0.029565784200
    7           0.029565784200
    8           0.029565784205
    9           0.029565784205
   10           0.029565784331
   11           0.051096234980
   12           0.051096235003
   13           0.098028633949
   14           0.098028634182
   15           0.098028634182
   16           0.098028634191
   17           0.098028634191
   18           0.098028634421
   19           0.321204931506
   20           0.321204931521
   21           0.345804686744
   22           0.345804686868
   23           0.345804686868
   24           0.345804686873
   25           0.345804686873
   26           0.345804686996
   27           0.692850857510
   28           0.692850857510
   29           0.692850857510
   30           0.692850857510
   31           0.692850857510
   32           0.692850857510
   33           0.692850857510
   34           0.692850857511
   35           0.692850857511
   36           0.692850857511
   37           1.198792707844
   38           1.198792707896
   39           1.198792707896
   40           1.198792707898
   41           1.198792707898
   42           1.198792707950
   43           1.414741301321
   44           1.414741301325
   45          10.066564141628
   46          10.066564141630
 
 
  Eigenvalues for: POSITRON
 -----------------
 
    1          -0.003104178903
    2          -0.001269820740
    3           0.000086934506
    4           0.000135207531
    5           0.000206423872
    6           0.000206423872
    7           0.000258560751
    8           0.000279453220
    9           0.000279453220
   10           0.000323759098
   11           0.000323759098
   12           0.000374457219
   13           0.000406465957
   14           0.000425123927
   15           0.000425123927
   16           0.000435232607
   17           0.000435232607
   18           0.000437946947
   19           0.000562710601
   20           0.000562710601
   21           0.000592104583
   22           0.000878842006
   23           0.000878842006
   24           0.000976549015
   25           0.001036950098
   26           0.001121564517
   27           0.001121564517
   28           0.001154044874
   29           0.001214938350
   30           0.001214938350
   31           0.001238778814
   32           0.001472833583
   33           0.001472833583
   34           0.001479116680
   35           0.001479116680
   36           0.001767559321
   37           0.001767559321
   38           0.001812067235
   39           0.002102880771
   40           0.002220519934
   41           0.002413001949
   42           0.002908470495
   43           0.002908470495
   44           0.003500565938
   45           0.003524291221
   46           0.003524291221
   47           0.004486577785
   48           0.005115751420
   49           0.005586453583
   50           0.009286374039
   51           0.009286374039
   52           0.009372911254
   53           0.009436798999
   54           0.009436798999
   55           0.010338625907
   56           0.014871325358
   57           0.017532730453
   58           0.051244838094
   59           0.058368949431
   60           0.193149263745
   61           0.227491873933
   62           0.855543842351
   63           0.869817698392
   64           2.864068781003
   65           2.941205807359
   66          10.634733431926
   67          10.802372198501
   68     1000000.000000000000
 
  end of eigenvalues 
 
  Occupied Eigenvectors for: E-
 --------------------------- 
 
                          -4.7323        -4.7323        -0.3093        -0.3093   
 
    1     BE     S      -0.594306      -0.048488      -0.041573       0.101394
    2     BE     S      -0.444965      -0.036303      -0.070445       0.171813
    3     BE    Px       0.000000       0.000000       0.000000      -0.000000
    4     BE    Py       0.000000      -0.000000       0.000000      -0.000000
    5     BE    Pz      -0.000000      -0.000000      -0.000000       0.000000
    6     BE     S       0.004873       0.000398       0.221546      -0.540344
    7     BE    Px      -0.000000      -0.000000       0.000000      -0.000000
    8     BE    Py      -0.000000      -0.000000      -0.000000       0.000000
    9     BE    Pz      -0.000000      -0.000000      -0.000000       0.000000
   10     BE     S      -0.001420      -0.000116       0.189730      -0.462747
   11     BE    Px       0.000000       0.000000      -0.000000       0.000000
   12     BE    Py       0.000000       0.000000      -0.000000       0.000000
   13     BE    Pz       0.000000       0.000000      -0.000000       0.000000
   14     BE     S       0.000427       0.000035       0.008476      -0.020673
   15     BE    Px      -0.000000      -0.000000      -0.000000       0.000000
   16     BE    Py      -0.000000       0.000000      -0.000000       0.000000
   17     BE    Pz      -0.000000       0.000000       0.000000      -0.000000
   18     BE   Dxx      -0.000669      -0.000055      -0.000672       0.001640
   19     BE   Dxy      -0.000000       0.000000       0.000000      -0.000000
   20     BE   Dxz      -0.000000       0.000000       0.000000      -0.000000
   21     BE   Dyy      -0.000669      -0.000055      -0.000672       0.001640
   22     BE   Dyz      -0.000000      -0.000000       0.000000      -0.000000
   23     BE   Dzz      -0.000669      -0.000055      -0.000672       0.001640
   24     BE     S      -0.048488       0.594306      -0.101394      -0.041573
   25     BE     S      -0.036303       0.444965      -0.171813      -0.070445
   26     BE    Px      -0.000000       0.000000      -0.000000      -0.000000
   27     BE    Py       0.000000       0.000000       0.000000      -0.000000
   28     BE    Pz      -0.000000      -0.000000       0.000000      -0.000000
   29     BE     S       0.000398      -0.004873       0.540344       0.221546
   30     BE    Px       0.000000      -0.000000      -0.000000      -0.000000
   31     BE    Py      -0.000000      -0.000000      -0.000000       0.000000
   32     BE    Pz       0.000000       0.000000      -0.000000       0.000000
   33     BE     S      -0.000116       0.001420       0.462747       0.189730
   34     BE    Px      -0.000000       0.000000       0.000000       0.000000
   35     BE    Py       0.000000       0.000000       0.000000      -0.000000
   36     BE    Pz      -0.000000      -0.000000       0.000000      -0.000000
   37     BE     S       0.000035      -0.000427       0.020673       0.008476
   38     BE    Px       0.000000      -0.000000       0.000000       0.000000
   39     BE    Py      -0.000000      -0.000000      -0.000000       0.000000
   40     BE    Pz       0.000000       0.000000      -0.000000       0.000000
   41     BE   Dxx      -0.000055       0.000669      -0.001640      -0.000672
   42     BE   Dxy       0.000000      -0.000000      -0.000000      -0.000000
   43     BE   Dxz       0.000000       0.000000       0.000000      -0.000000
   44     BE   Dyy      -0.000055       0.000669      -0.001640      -0.000672
   45     BE   Dyz       0.000000      -0.000000      -0.000000      -0.000000
   46     BE   Dzz      -0.000055       0.000669      -0.001640      -0.000672
 
 
  Occupied Eigenvectors for: POSITRON
 --------------------------- 
 
                          -0.0031   
 
    1     E+     S      -0.000180
    2     E+     S       0.373928
    3     E+     S      -0.179997
    4     E+     S      -0.300597
    5     E+     S      -0.388145
    6     E+     S      -0.248359
    7     E+     S      -0.170807
    8     E+     S       0.135085
    9     E+     S       0.008366
   10     E+     S      -0.000001
   11     E+    Px       0.022506
   12     E+    Py       0.000000
   13     E+    Pz      -0.000000
   14     E+    Px       0.167651
   15     E+    Py      -0.000000
   16     E+    Pz       0.000000
   17     E+    Px      -0.005213
   18     E+    Py      -0.000000
   19     E+    Pz      -0.000000
   20     E+    Px       0.000009
   21     E+    Py       0.000000
   22     E+    Pz       0.000000
   23     E+   Dxx       0.006178
   24     E+   Dxy       0.000000
   25     E+   Dxz      -0.000000
   26     E+   Dyy      -0.004034
   27     E+   Dyz      -0.000000
   28     E+   Dzz      -0.004034
   29     E+   Dxx       0.029817
   30     E+   Dxy      -0.000000
   31     E+   Dxz       0.000000
   32     E+   Dyy      -0.011790
   33     E+   Dyz       0.000000
   34     E+   Dzz      -0.011790
   35     E+     S       0.005358
   36     E+     S      -0.336892
   37     E+     S      -0.002505
   38     E+     S      -0.013722
   39     E+     S      -0.010345
   40     E+     S      -0.010765
   41     E+     S       0.001339
   42     E+     S       0.002685
   43     E+     S      -0.000147
   44     E+     S       0.000099
   45     E+    Px      -0.029323
   46     E+    Py      -0.000000
   47     E+    Pz       0.000000
   48     E+    Px       0.189446
   49     E+    Py       0.000000
   50     E+    Pz      -0.000000
   51     E+    Px      -0.017559
   52     E+    Py      -0.000000
   53     E+    Pz       0.000000
   54     E+    Px       0.014897
   55     E+    Py      -0.000000
   56     E+    Pz      -0.000000
   57     E+   Dxx       0.013396
   58     E+   Dxy       0.000000
   59     E+   Dxz      -0.000000
   60     E+   Dyy      -0.000675
   61     E+   Dyz       0.000000
   62     E+   Dzz      -0.000675
   63     E+   Dxx      -0.058522
   64     E+   Dxy      -0.000000
   65     E+   Dxz       0.000000
   66     E+   Dyy      -0.003844
   67     E+   Dyz      -0.000000
   68     E+   Dzz      -0.003844
 
 
  end of eigenvectors 
 
  END OF EIGENVALUES AND EIGENVECTORS
 
 
  COMPONENTS OF KINETIC ENERGY: 
 -----------------------------
 
                  E- Kinetic energy =           29.142628634177
            POSITRON Kinetic energy =            0.015629733444
                                     _________________________
               Total kinetic energy =           29.158258367622
 
  COMPONENTS OF POTENTIAL ENERGY: 
 -------------------------------
 
          Fixed potential energy    =            0.317460317460
 
  Quantum/Fixed interaction energy: 
 ----------------------------------
 
          E-/Fixed interact. energy =          -67.898904914103
    POSITRON/Fixed interact. energy =            0.667160520274
                                     _________________________
               Total Q/Fixed energy =          -67.231744393829
 
  Coulomb energy: 
 ------------------
 
               E-/E- Hartree energy =           14.628033679193
   POSITRON/POSITRON Hartree energy =            0.000000000000
         E-/POSITRON Hartree energy =           -0.657245561015
                                     _________________________
               Total Hartree energy =           13.970788118179
 
  Exchange(HF) energy: 
 ----------------------
 
                 E- Exchange energy =           -5.333109453408
           POSITRON Exchange energy =            0.000000000000
                                     _________________________
              Total Exchange energy =           -5.333109453408
 
  External Potential energy: 
 ----------------------------
 
                  E- Ext Pot energy =            0.000000000000
            POSITRON Ext Pot energy =           -0.028648871891
                                     _________________________
    Total External Potential energy =           -0.028648871891
 
  TOTAL ENERGY COMPONENTS: 
 ==========================
 
          TOTAL KINETIC ENERGY      =           29.158258367622
          TOTAL POTENTIAL ENERGY    =          -58.305254283489
                                     _________________________
                       TOTAL ENERGY =          -29.146995915868
 
                 VIRIAL RATIO (V/T) =            1.999613747446
 
 
  END ENERGY COMPONENTS
 
 
** TOTAL CPU Time SCF :      0.214 (s)
** TOTAL Elapsed Time SCF :      0.251 (s)
 
 We are calculating properties for E- in the HF/KS ground state
 We are calculating properties for POSITRON in the HF/KS ground state
 
  POPULATION ANALYSES: 
 ====================
 
 MULLIKEN Population: for E-        
 ---------------------
 
                                    
 
    1     BE     S       1.166391
    2     BE     S       0.823588
    3     BE    Px       0.000000
    4     BE    Py      -0.000000
    5     BE    Pz       0.000000
    6     BE     S       1.043694
    7     BE    Px       0.000000
    8     BE    Py       0.000000
    9     BE    Pz       0.000000
   10     BE     S       0.942124
   11     BE    Px       0.000000
   12     BE    Py       0.000000
   13     BE    Pz       0.000000
   14     BE     S       0.031424
   15     BE    Px       0.000000
   16     BE    Py       0.000000
   17     BE    Pz       0.000000
   18     BE   Dxx      -0.002407
   19     BE   Dxy       0.000000
   20     BE   Dxz       0.000000
   21     BE   Dyy      -0.002407
   22     BE   Dyz       0.000000
   23     BE   Dzz      -0.002407
   24     BE     S       1.166391
   25     BE     S       0.823588
   26     BE    Px       0.000000
   27     BE    Py      -0.000000
   28     BE    Pz       0.000000
   29     BE     S       1.043694
   30     BE    Px       0.000000
   31     BE    Py      -0.000000
   32     BE    Pz      -0.000000
   33     BE     S       0.942124
   34     BE    Px       0.000000
   35     BE    Py       0.000000
   36     BE    Pz       0.000000
   37     BE     S       0.031424
   38     BE    Px       0.000000
   39     BE    Py       0.000000
   40     BE    Pz      -0.000000
   41     BE   Dxx      -0.002407
   42     BE   Dxy       0.000000
   43     BE   Dxz       0.000000
   44     BE   Dyy      -0.002407
   45     BE   Dyz       0.000000
   46     BE   Dzz      -0.002407
 
                           __________
              Total =        8.000000
 
  Atomic MULLIKEN Population: for E-        
            BE               4.000000
            BE               4.000000
 
 ...end of MULLIKEN Population
 
 
 END POPULATION ANALYSES 
 
 
  POPULATION ANALYSES: 
 ====================
 
 LOWDIN Population: for E-        
 ---------------------
 
                                    
 
    1     BE     S       1.101745
    2     BE     S       0.875944
    3     BE    Px       0.000000
    4     BE    Py       0.000000
    5     BE    Pz       0.000000
    6     BE     S       0.590908
    7     BE    Px       0.000000
    8     BE    Py       0.000000
    9     BE    Pz       0.000000
   10     BE     S       0.553024
   11     BE    Px       0.000000
   12     BE    Py       0.000000
   13     BE    Pz       0.000000
   14     BE     S       0.204207
   15     BE    Px       0.000000
   16     BE    Py       0.000000
   17     BE    Pz       0.000000
   18     BE   Dxx       0.224724
   19     BE   Dxy       0.000000
   20     BE   Dxz       0.000000
   21     BE   Dyy       0.224724
   22     BE   Dyz       0.000000
   23     BE   Dzz       0.224724
   24     BE     S       1.101745
   25     BE     S       0.875944
   26     BE    Px       0.000000
   27     BE    Py       0.000000
   28     BE    Pz       0.000000
   29     BE     S       0.590908
   30     BE    Px       0.000000
   31     BE    Py       0.000000
   32     BE    Pz      -0.000000
   33     BE     S       0.553024
   34     BE    Px       0.000000
   35     BE    Py       0.000000
   36     BE    Pz       0.000000
   37     BE     S       0.204207
   38     BE    Px       0.000000
   39     BE    Py       0.000000
   40     BE    Pz       0.000000
   41     BE   Dxx       0.224724
   42     BE   Dxy       0.000000
   43     BE   Dxz       0.000000
   44     BE   Dyy       0.224724
   45     BE   Dyz       0.000000
   46     BE   Dzz       0.224724
 
                           __________
              Total =        8.000000
 
  Atomic LOWDIN Population: for E-        
            BE               4.000000
            BE               4.000000
 
 ...end of LOWDIN Population
 
 
 END POPULATION ANALYSES 
 
 
  POPULATION ANALYSES: 
 ====================
 
 MULLIKEN Population: for POSITRON  
 ---------------------
 
                                    
 
    1     E+     S       0.000036
    2     E+     S      -0.146247
    3     E+     S       0.117358
    4     E+     S       0.265436
    5     E+     S       0.370162
    6     E+     S       0.201302
    7     E+     S       0.089378
    8     E+     S      -0.032063
    9     E+     S      -0.000629
   10     E+     S       0.000000
   11     E+    Px      -0.000109
   12     E+    Py       0.000000
   13     E+    Pz       0.000000
   14     E+    Px      -0.001782
   15     E+    Py      -0.000000
   16     E+    Pz      -0.000000
   17     E+    Px       0.000056
   18     E+    Py      -0.000000
   19     E+    Pz       0.000000
   20     E+    Px      -0.000000
   21     E+    Py       0.000000
   22     E+    Pz      -0.000000
   23     E+   Dxx      -0.000094
   24     E+   Dxy      -0.000000
   25     E+   Dxz      -0.000000
   26     E+   Dyy       0.000052
   27     E+   Dyz       0.000000
   28     E+   Dzz       0.000052
   29     E+   Dxx      -0.001986
   30     E+   Dxy       0.000000
   31     E+   Dxz       0.000000
   32     E+   Dyy       0.000686
   33     E+   Dyz      -0.000000
   34     E+   Dzz       0.000686
   35     E+     S      -0.000856
   36     E+     S       0.071152
   37     E+     S       0.000364
   38     E+     S       0.000868
   39     E+     S       0.000421
   40     E+     S       0.000300
   41     E+     S      -0.000020
   42     E+     S      -0.000016
   43     E+     S       0.000000
   44     E+     S      -0.000000
   45     E+    Px      -0.004287
   46     E+    Py       0.000000
   47     E+    Pz       0.000000
   48     E+    Px       0.056885
   49     E+    Py      -0.000000
   50     E+    Pz       0.000000
   51     E+    Px      -0.004597
   52     E+    Py       0.000000
   53     E+    Pz       0.000000
   54     E+    Px       0.001067
   55     E+    Py       0.000000
   56     E+    Pz      -0.000000
   57     E+   Dxx      -0.001213
   58     E+   Dxy      -0.000000
   59     E+   Dxz      -0.000000
   60     E+   Dyy       0.000007
   61     E+   Dyz      -0.000000
   62     E+   Dzz       0.000007
   63     E+   Dxx       0.017372
   64     E+   Dxy       0.000000
   65     E+   Dxz       0.000000
   66     E+   Dyy       0.000128
   67     E+   Dyz       0.000000
   68     E+   Dzz       0.000128
 
                           __________
              Total =        1.000000
 
  Atomic MULLIKEN Population: for POSITRON  
            BE               0.862291
            BE               0.137709
 
 ...end of MULLIKEN Population
 
 
 END POPULATION ANALYSES 
 
 
  POPULATION ANALYSES: 
 ====================
 
 LOWDIN Population: for POSITRON  
 ---------------------
 
                                    
 
    1     E+     S       0.002431
    2     E+     S       0.014480
    3     E+     S       0.088253
    4     E+     S       0.250748
    5     E+     S       0.327436
    6     E+     S       0.215351
    7     E+     S       0.063706
    8     E+     S       0.001082
    9     E+     S       0.000313
   10     E+     S       0.000038
   11     E+    Px       0.000012
   12     E+    Py       0.000000
   13     E+    Pz       0.000000
   14     E+    Px       0.000014
   15     E+    Py       0.000000
   16     E+    Pz       0.000000
   17     E+    Px       0.000008
   18     E+    Py       0.000000
   19     E+    Pz       0.000000
   20     E+    Px       0.000010
   21     E+    Py       0.000000
   22     E+    Pz       0.000000
   23     E+   Dxx       0.000005
   24     E+   Dxy       0.000000
   25     E+   Dxz       0.000000
   26     E+   Dyy       0.000015
   27     E+   Dyz       0.000000
   28     E+   Dzz       0.000015
   29     E+   Dxx       0.000000
   30     E+   Dxy       0.000000
   31     E+   Dxz       0.000000
   32     E+   Dyy       0.000115
   33     E+   Dyz       0.000000
   34     E+   Dzz       0.000115
   35     E+     S       0.001550
   36     E+     S       0.003725
   37     E+     S       0.001712
   38     E+     S       0.000323
   39     E+     S       0.000322
   40     E+     S       0.000191
   41     E+     S       0.000024
   42     E+     S       0.000000
   43     E+     S       0.000000
   44     E+     S       0.000000
   45     E+    Px       0.001453
   46     E+    Py       0.000000
   47     E+    Pz       0.000000
   48     E+    Px       0.009465
   49     E+    Py       0.000000
   50     E+    Pz       0.000000
   51     E+    Px       0.006832
   52     E+    Py       0.000000
   53     E+    Pz       0.000000
   54     E+    Px       0.000272
   55     E+    Py       0.000000
   56     E+    Pz       0.000000
   57     E+   Dxx       0.000308
   58     E+   Dxy       0.000000
   59     E+   Dxz       0.000000
   60     E+   Dyy       0.000005
   61     E+   Dyz       0.000000
   62     E+   Dzz       0.000005
   63     E+   Dxx       0.009632
   64     E+   Dxy       0.000000
   65     E+   Dxz       0.000000
   66     E+   Dyy       0.000016
   67     E+   Dyz       0.000000
   68     E+   Dzz       0.000016
 
                           __________
              Total =        1.000000
 
  Atomic LOWDIN Population: for POSITRON  
            BE               0.964147
            BE               0.035853
 
 ...end of LOWDIN Population
 
 
 END POPULATION ANALYSES 
 
 
  EXPECTED POSITIONS OF QUANTUM SPECIES:
 ======================
 
 POSITIONS IN ANGSTROMS
 ------
 
                        <x>      <y>      <z>         
                 E- 106.6821  -0.0000  -0.0000
           POSITRON   0.0679  -0.0000   0.0000
 
 END EXPECTED POSITIONS
 
 
  ELECTROSTATIC MOMENTS:
 ======================
 
 DIPOLE: (DEBYE)
 ------
 
                           <Dx>         <Dy>         <Dz>          |D|
                 E--512.41602173   0.00000000   0.00000000
           POSITRON   0.32636548  -0.00000000   0.00000000
    Point charges:  512.41602173   0.00000000   0.00000000
                     ____________________________
      Total Dipole:   0.32636548  -0.00000000   0.00000000   0.32636548
 
 QUADRUPOLE NON-TRACELESS: (DEBYE ANGS)
 ------
 
                           <xx>         <yy>         <zz>         <xy>         <xz>         <yz>
                 E-   -0.00000000   -0.00000000   -0.00000000   -0.00000000   -0.00000000   -0.00000000
           POSITRON    0.00000000    0.00000000    0.00000000    0.00000000    0.00000000    0.00000000
    Point charges: 13666.40704356    0.00000000    0.00000000    0.00000000    0.00000000    0.00000000
  Total Quadrupole:13666.40704356    0.00000000    0.00000000    0.00000000    0.00000000    0.00000000
                     ____________________________
 
 END ELECTROSTATIC MOMENTS
 

  TOTAL CPU Time:      0.029 (s)
 TOTAL Wall Time:      0.294 (s)
  Elapsed Time:   0h  0m  0s 294ms
LOWDIN execution terminated normally at : Thu Oct 17 19:55:47 2024
-rw-rw-r-- 1 pmorenor pmorenor 704K oct 17 19:55 0E-.ints
-rw-rw-r-- 1 pmorenor pmorenor 2.1M oct 17 19:55 0E-.POSITRON.ints
-rw-rw-r-- 1 pmorenor pmorenor 2.1M oct 17 19:55 0POSITRON.ints
-rw-rw-r-- 1 pmorenor pmorenor 704K oct 17 19:55 1E-.ints
-rw-rw-r-- 1 pmorenor pmorenor 2.1M oct 17 19:55 1E-.POSITRON.ints
-rw-rw-r-- 1 pmorenor pmorenor 2.1M oct 17 19:55 1POSITRON.ints
-rw-rw-r-- 1 pmorenor pmorenor 704K oct 17 19:55 2E-.ints
-rw-rw-r-- 1 pmorenor pmorenor 2.1M oct 17 19:55 2E-.POSITRON.ints
-rw-rw-r-- 1 pmorenor pmorenor 2.1M oct 17 19:55 2POSITRON.ints
-rw-rw-r-- 1 pmorenor pmorenor 704K oct 17 19:55 3E-.ints
-rw-rw-r-- 1 pmorenor pmorenor 2.1M oct 17 19:55 3E-.POSITRON.ints
-rw-rw-r-- 1 pmorenor pmorenor 2.1M oct 17 19:55 3POSITRON.ints
-rw-rw-r-- 1 pmorenor pmorenor   12 oct 17 19:55 E-.POSITRON.nints
-rw-rw-r-- 1 pmorenor pmorenor   65 oct 17 19:55 gepol.inp
-rw-rw-r-- 1 pmorenor pmorenor   91 oct 17 19:55 gepol.xyzr
-rw-rw-r-- 1 pmorenor pmorenor 9.5K oct 17 19:55 lowdin.bas
-rw-rw-r-- 1 pmorenor pmorenor  15K oct 17 19:55 lowdin.dat
-rw-rw-r-- 1 pmorenor pmorenor 691K oct 17 19:55 lowdin.opints
-rw-rw-r-- 1 pmorenor pmorenor  26K oct 17 19:55 lowdin.sys
-rw-rw-r-- 1 pmorenor pmorenor 531K oct 17 19:55 lowdin.wfn
-rw-rw-r-- 1 pmorenor pmorenor  499 oct 17 19:55 usual_243
-rw-rw-r-- 1 pmorenor pmorenor 1.8K oct 17 19:55 usual_243.aux
-rw-rw-r-- 1 pmorenor pmorenor  504 oct 17 19:55 usual_243.lowdin
-rw-rw-r-- 1 pmorenor pmorenor  46K oct 17 19:55 usual_243.out
-rw-rw-r-- 1 pmorenor pmorenor  54K oct 17 19:55 usual_243.vec
