Begin job by input: usual_183.lowdin, for user: pmorenor  at  jue 17 oct 2024 19:54:52 -05
under operating system Linux Hefesto 5.4.0-196-generic #216-Ubuntu SMP Thu Aug 29 13:26:53 UTC 2024 x86_64 x86_64 x86_64 GNU/Linux
Compilation information
  commit: f2cffef7078af1231fe3319081e66b682883a80b
  compilation date:  mar 06 feb 2024 16:53:31 -05

BEGIN INPUT INFO:
------------------------------------

GEOMETRY
	Be	Dirac	0.0 0.0 0.0
	e-(Be)	6-311++G.d.p 0.0 0.0 0.0
	E+	GRIBAKIN-10S4P2D 0.0 0.0 0.0
	Be	Dirac	38.4 0.0 0.0
	e-(Be)	6-311++G.d.p	38.4 0.0 0.0
	E+	GRIBAKIN-10S4P2D 38.4 0.0 0.0 addParticles=-1 
END GEOMETRY

TASKS
        method = "RHF"
END TASKS

EXTERPOTENTIAL
	E- GRIBAKIN0
	E+ VPC183
END EXTERPOTENTIAL

CONTROL
	units="BOHRS"
	readCoefficients=F
	convergenceMethod=1
	overlapEigenThreshold=1E-6
	SCFGhostSpecies="POSITRON"
	HFprintEigenvalues=T
	totalEnergyTolerance = 1E-9
END CONTROL


... END INPUT INFO


 LOWDIN execution started at : Thu Oct 17 19:54:52 2024
 ---------------------------------------------------------------
 
 ***************************************************************
 *                   LOWDIN 2.0  (May/2013)                    *
 *                                                             *
 *  R. FLORES-MORENO, E. F. POSADA, F. S. MONCADA, J.ROMERO,   *
 *  J. CHARRY, M. DIAZ-TINOCO, S. A. GONZALEZ, N. F. AGUIRRE,  *
 *  A. REYES                                                   *
 *                                                             *
 *  https://sites.google.com/site/lowdinproject/               *
 *                                                             *
 ***************************************************************
 
 PARSING INPUT... DONE!
 
 LOWDIN IS RUNNING WITH NEXT PARAMETERS: 
 ----------------------------------------
 
         METHOD TYPE:  RHF
         NUMBER OF CORES:     4
         NONELECTRONIC DENSITY GUESS: HCORE
         ELECTRONIC DENSITY GUESS: HCORE
         CRITERIUM OF CONVERGENCE: ENERGY
         NONELECTRONIC ENERGY TOLERANCE IN SCFs:     0.10000E-07
         ELECTRONIC ENERGY TOLERANCE IN SCFs:     0.10000E-07
         TOTAL ENERGY TOLERANCE IN SCFs:     0.10000E-08
         SCHEME OF ITERATION: GLOBAL ITERATIONS
         SCF MAX. SUBITERATIONS - NONELECTRONS :     1
         SCF MAX. SUBITERATIONS - ELECTRONS :     1
         SCF MAX. ITERATIONS - INTERSPECIES :   200
         INTEGRAL STORAGE: DISK
         STACK SIZE FOR ERIS : 30000
         METHOD OF SCF CONVERGENCE: DAMPING
 
  MOLECULAR SYSTEM: usual_183
 -----------------
 
    DESCRIPTION   : usual_183
    CHARGE        :   2
    PUNTUAL GROUP : NONE
 
 
  INFORMATION OF PARTICLES :
 =========================
         Total number of particles   =      11
         Number of quantum particles =       9
         Number of puntual charges   =       2
         Number of quantum species   =       2
 
                 INFORMATION OF QUANTUM SPECIES 
     ---------------------------------------------------------------------
         ID      Symbol            mass     charge     spin     multiplicity
     ---------------------------------------------------------------------
         1             E-         1.0000     -1.00      0.50      1.00
         2             E+         1.0000      1.00      0.50      1.00
 
                   CONSTANTS OF COUPLING 
      ------------------------------------------------------------
           Symbol          kappa      eta     lambda     occupation
      ------------------------------------------------------------
                 E-        -1.0      2.00      2.00      4.00
                 E+        -1.0      1.00      1.00      1.00
 
                   BASIS SET FOR SPECIES 
      ------------------------------------------------------------
           Symbol          N. Basis     N. Particles     Basis Set
      ------------------------------------------------------------
                 E-           20                8     6-311++G.D
                 E+           32                1     GRIBAKIN-1
 
                                ATOMIC BASIS
         ------------------------------------------------------------
          PRIMITIVE   SHELL             EXPONENT         COEFFICIENT 
         ------------------------------------------------------------
 
    BEGIN DESCRIPTION OF BASIS FOR:    E-
    ==============================
 
 
            BE BASIS SET:   6-311++G.D.P
             1         S             1682.80000000          0.00228574
             2         S              251.71500000          0.01759380
             3         S               57.41160000          0.08633150
             4         S               16.51710000          0.28183500
             5         S                4.85364000          0.64059400
             6         S                0.62686300          0.14446700
             1         S                8.30938000          0.10862100
             2         S                1.74075000          0.92730100
             3         S                0.48581600         -0.00297169
             1         P                8.30938000          0.03613440
             2         P                1.74075000          0.21695800
             3         P                0.48581600          0.84183900
             1         S                0.16361300          1.00000000
             1         P                0.16361300          1.00000000
             1         S                0.05672850          1.00000000
             1         P                0.05672850          1.00000000
             1         S                0.02070000          1.00000000
             1         P                0.02070000          1.00000000
             1         D                0.25500000          1.00000000
 
            BE BASIS SET:   6-311++G.D.P
             1         S             1682.80000000          0.00228574
             2         S              251.71500000          0.01759380
             3         S               57.41160000          0.08633150
             4         S               16.51710000          0.28183500
             5         S                4.85364000          0.64059400
             6         S                0.62686300          0.14446700
             1         S                8.30938000          0.10862100
             2         S                1.74075000          0.92730100
             3         S                0.48581600         -0.00297169
             1         P                8.30938000          0.03613440
             2         P                1.74075000          0.21695800
             3         P                0.48581600          0.84183900
             1         S                0.16361300          1.00000000
             1         P                0.16361300          1.00000000
             1         S                0.05672850          1.00000000
             1         P                0.05672850          1.00000000
             1         S                0.02070000          1.00000000
             1         P                0.02070000          1.00000000
             1         D                0.25500000          1.00000000
    ... END DESCRIPTION OF BASIS
 
 
    BEGIN DESCRIPTION OF BASIS FOR:    E+
    ==============================
 
 
            E+ BASIS SET:GRIBAKIN-10S4P2
             1         S                0.00010000          1.00000000
             1         S                0.00030000          1.00000000
             1         S                0.00090000          1.00000000
             1         S                0.00270000          1.00000000
             1         S                0.00810000          1.00000000
             1         S                0.02430000          1.00000000
             1         S                0.07290000          1.00000000
             1         S                0.21870000          1.00000000
             1         S                0.65610000          1.00000000
             1         S                1.96830000          1.00000000
             1         P                0.00010000          1.00000000
             1         P                0.00030000          1.00000000
             1         P                0.00090000          1.00000000
             1         P                0.00270000          1.00000000
             1         D                0.00010000          1.00000000
             1         D                0.00030000          1.00000000
 
            E+ BASIS SET:GRIBAKIN-10S4P2
             1         S                0.00010000          1.00000000
             1         S                0.00030000          1.00000000
             1         S                0.00090000          1.00000000
             1         S                0.00270000          1.00000000
             1         S                0.00810000          1.00000000
             1         S                0.02430000          1.00000000
             1         S                0.07290000          1.00000000
             1         S                0.21870000          1.00000000
             1         S                0.65610000          1.00000000
             1         S                1.96830000          1.00000000
             1         P                0.00010000          1.00000000
             1         P                0.00030000          1.00000000
             1         P                0.00090000          1.00000000
             1         P                0.00270000          1.00000000
             1         D                0.00010000          1.00000000
             1         D                0.00030000          1.00000000
    ... END DESCRIPTION OF BASIS
 
 
  END INFORMATION OF PARTICLES
 
 
  INFORMATION OF THE QUANTUM SYSTEM 
     ---------------------------------------------------------------------
                 ID     Occupied Orbitals     Basis size
     ---------------------------------------------------------------------
                 E-            4               46
                 E+            1               68
 
  END INFORMATION OF QUANTUM SYSTEM
 
 
  INFORMATION OF EXTERNAL POTENTIALS 
 
 =======
 External Potential for E- : GRIBAKIN0
 Type : 
                     Exponent         l       R_x       R_y       R_z              Factor
                 0.0010000000         0   0.00000   0.00000   0.00000        0.0000000000
 
 =======
 External Potential for E+ : VPC183
 Type : 
                     Exponent         l       R_x       R_y       R_z              Factor
                 0.0010000000         0   0.00000   0.00000   0.00000       -0.0004852612
                 0.0020000000         0   0.00000   0.00000   0.00000        0.0024441783
                 0.0040000000         0   0.00000   0.00000   0.00000       -0.0075448874
                 0.0080000000         0   0.00000   0.00000   0.00000        0.0157738437
                 0.0160000000         0   0.00000   0.00000   0.00000       -0.0371036225
                 0.0320000000         0   0.00000   0.00000   0.00000        0.0538567205
                 0.0640000000         0   0.00000   0.00000   0.00000       -0.1977562620
                 0.1280000000         0   0.00000   0.00000   0.00000        0.1521150960
                 0.2560000000         0   0.00000   0.00000   0.00000       -2.2309931100
                 0.5120000000         0   0.00000   0.00000   0.00000        7.1544406100
                 1.0000000000         0   0.00000   0.00000   0.00000      -16.4610761000
                 2.0000000000         0   0.00000   0.00000   0.00000      120.0674500000
                 3.0000000000         0   0.00000   0.00000   0.00000    -1010.4441400000
                 4.0000000000         0   0.00000   0.00000   0.00000     5912.5175500000
                 5.0000000000         0   0.00000   0.00000   0.00000   -22883.6471000000
                 6.0000000000         0   0.00000   0.00000   0.00000    58320.2479000000
                 7.0000000000         0   0.00000   0.00000   0.00000   -96733.7399000000
                 8.0000000000         0   0.00000   0.00000   0.00000   100515.5930000000
                 9.0000000000         0   0.00000   0.00000   0.00000   -59492.9273000000
                10.0000000000         0   0.00000   0.00000   0.00000    15337.5181000000
                20.0000000000         0   0.00000   0.00000   0.00000     -108.3194530000
                30.0000000000         0   0.00000   0.00000   0.00000       58.7242217000
                40.0000000000         0   0.00000   0.00000   0.00000      -33.9818623000
                50.0000000000         0   0.00000   0.00000   0.00000       10.1503518000
               100.0000000000         0   0.00000   0.00000   0.00000       -0.2039701810
                 0.0010000000         0  36.28282   0.00000   0.00000       -0.0004852612
                 0.0020000000         0  36.28282   0.00000   0.00000        0.0024441783
                 0.0040000000         0  36.28282   0.00000   0.00000       -0.0075448874
                 0.0080000000         0  36.28282   0.00000   0.00000        0.0157738437
                 0.0160000000         0  36.28282   0.00000   0.00000       -0.0371036225
                 0.0320000000         0  36.28282   0.00000   0.00000        0.0538567205
                 0.0640000000         0  36.28282   0.00000   0.00000       -0.1977562620
                 0.1280000000         0  36.28282   0.00000   0.00000        0.1521150960
                 0.2560000000         0  36.28282   0.00000   0.00000       -2.2309931100
                 0.5120000000         0  36.28282   0.00000   0.00000        7.1544406100
                 1.0000000000         0  36.28282   0.00000   0.00000      -16.4610761000
                 2.0000000000         0  36.28282   0.00000   0.00000      120.0674500000
                 3.0000000000         0  36.28282   0.00000   0.00000    -1010.4441400000
                 4.0000000000         0  36.28282   0.00000   0.00000     5912.5175500000
                 5.0000000000         0  36.28282   0.00000   0.00000   -22883.6471000000
                 6.0000000000         0  36.28282   0.00000   0.00000    58320.2479000000
                 7.0000000000         0  36.28282   0.00000   0.00000   -96733.7399000000
                 8.0000000000         0  36.28282   0.00000   0.00000   100515.5930000000
                 9.0000000000         0  36.28282   0.00000   0.00000   -59492.9273000000
                10.0000000000         0  36.28282   0.00000   0.00000    15337.5181000000
                20.0000000000         0  36.28282   0.00000   0.00000     -108.3194530000
                30.0000000000         0  36.28282   0.00000   0.00000       58.7242217000
                40.0000000000         0  36.28282   0.00000   0.00000      -33.9818623000
                50.0000000000         0  36.28282   0.00000   0.00000       10.1503518000
               100.0000000000         0  36.28282   0.00000   0.00000       -0.2039701810
 
  END INFORMATION OF EXTERNAL POTENTIALS
 
                       INITIAL GEOMETRY: AMSTRONG
                 -----------------------------------
                       <x>                 <y>                 <z>
      E-BE        0.0000000000        0.0000000000        0.0000000000
      E-BE       20.3204063708        0.0000000000        0.0000000000
        E+        0.0000000000        0.0000000000        0.0000000000
        E+       20.3204063708        0.0000000000        0.0000000000
        BE        0.0000000000        0.0000000000        0.0000000000
        BE       20.3204063708        0.0000000000        0.0000000000
 
                     MATRIX OF DISTANCE: ANGSTROM
                 -----------------------------------
                          BE(1)          BE(2)     
 
        BE(1)            0.000000      20.320406
        BE(2)           20.320406       0.000000
 
--------------------------------------------------------------------------------
** PROGRAM: SCF (Hartree Fock).     Author: S.A. Gonzalez, E. Posada, F. Moncada
--------------------------------------------------------------------------------
INFO: RUNNING IN RHF MODE.
 
----------------------------------------------------------------------
** PROGRAM INTS                          Author: E. F. Posada, 2013   
----------------------------------------------------------------------
INFO: RUNNING IN ONE_PARTICLE MODE.
 
 Number of Overlap integrals for species E-:   2116
 Number of Overlap integrals for species POSITRON:   4624
 Number of Kinetic integrals for species E-:   2116
 Number of Kinetic integrals for species POSITRON:   4624
 Number of Nuclear integrals for species E-:   2116
 Number of Nuclear integrals for species POSITRON:   4624
 Number of Moment integrals for species E-:   6348
 Number of Moment integrals for species POSITRON:  13872
 Number of 3C Overlap integrals for species E-:   2116
 Number of 3C Overlap integrals for species POSITRON:   4624
 
** TOTAL CPU Time INTS :      0.133 (s)
** TOTAL Elapsed Time INTS :      0.124 (s)
 
Removed     2 orbitals for species POSITRON with overlap eigen threshold of 1.000E-06
       Usign  HCORE density guess for species:         E-
     number of         E-     particles in guess density matrix:     8.000000
       Usign  HCORE density guess for species:   POSITRON
     number of   POSITRON     particles in guess density matrix:     0.000000
renormalized density matrix with deviation from number of particl    1.000000
 Number of unique integrals for species: 1 = 35379
 Number of unique integrals for species: 2 = 295546
 Number of unique integrals for species: 1 / 2 = 325397 Screened: 23429
 
 TWO-BODY INTEGRAL SETUP: 
------------------------- 
 Storage:   DISK
 Scheme: LIBINT
 Stack size:  30000
 
 LIBINT library, Fermann, J. T.; Valeev, F. L. 2010                   
 LOWDIN-LIBINT Implementation V. 2.1  Posada E. F. ; Reyes A. 2016   
 ----------------------------------------------------------------------

*** TOTAL CPU time intra-species integrals :      0.120 (s)
*** TOTAL elapsed time intra-species integrals :      0.035 (s)


*** TOTAL CPU time inter-species integrals :      0.216 (s)
*** TOTAL elapsed time inter-species integrals :      0.058 (s)

INFO: RUNNING SCHEME SIMULTANEOUS
 
 Begin Multi-Species SCF calculation:
 
 --------------------------------------------------------------------------------------------------
      Iteration                   Energy            Energy Change           Density Change
 --------------------------------------------------------------------------------------------------
              1         -27.545804179809          27.545804179809          70.787925249716
              2         -29.115217454341           1.569413274532           0.026991187980
              3         -29.146374426270           0.031156971930           0.005088054869
              4         -29.147004652032           0.000630225761           0.001169362791
              5         -29.147013985657           0.000009333625           0.000269170194
              6         -29.147012030421          -0.000001955236           0.000063746268
              7         -29.147011859212          -0.000000171209           0.000015748707
              8         -29.147012000239           0.000000141027           0.000004228471
              9         -29.147012099966           0.000000099727           0.000001298435
             10         -29.147012146508           0.000000046543           0.000000428670
             11         -29.147012165409           0.000000018900           0.000000151151
             12         -29.147012172599           0.000000007190           0.000000056294
             13         -29.147012175239           0.000000002641           0.000000021732
             14         -29.147012176191           0.000000000951           0.000000008553
 Total energy converged after  14 global iterations                                                  
 
 ...end Multi-Species SCF calculation
 
 
 Begin SCF calculation by: E-
 -------------------------
 
 -----------------------------------------------------------------------------------
 Iteration                   Energy           Density Change         DIIS Error 
 -----------------------------------------------------------------------------------
    1         -29.440025229443           0.019886207042                 -- 
    2         -29.539612945264           0.003539333044                 -- 
    3         -29.556517557762           0.000809922901                 -- 
    4         -29.559767271881           0.000203012352                 -- 
    5         -29.560406469184           0.000053147687                 -- 
    6         -29.560531196143           0.000014372759                 -- 
    7         -29.560554423338           0.000004021854                 -- 
    8         -29.560558212932           0.000001169578                 -- 
    9         -29.560558598968           0.000000354280                 -- 
   10         -29.560558528553           0.000000111623                 -- 
   11         -29.560558459139           0.000000036411                 -- 
   12         -29.560558425269           0.000000012222                 -- 
   13         -29.560558411448           0.000000004196                 -- 
 
 ... end SCF calculation
 
 Begin SCF calculation by: POSITRON
 -------------------------
 
 -----------------------------------------------------------------------------------
 Iteration                   Energy           Density Change         DIIS Error 
 -----------------------------------------------------------------------------------
    1          -0.038094449567           0.007104980938                 -- 
    2          -0.032385745123           0.001548721825                 -- 
    3          -0.031366142132           0.000359439890                 -- 
    4          -0.031174002636           0.000066157841                 -- 
    5          -0.031141338868           0.000010598581                 -- 
    6          -0.031137417136           0.000001375947                 -- 
    7          -0.031137683036           0.000000206617                 -- 
    8          -0.031138130683           0.000000128857                 -- 
    9          -0.031138362211           0.000000074390                 -- 
   10          -0.031138458216           0.000000039528                 -- 
   11          -0.031138494478           0.000000019883                 -- 
   12          -0.031138507507           0.000000009510                 -- 
   13          -0.031138512048           0.000000004358                 -- 
 
 ... end SCF calculation
 
  EIGENVALUES AND EIGENVECTORS: 
 ==============================
 
 
  Eigenvalues for: E-
 -----------------
 
    1          -4.732348739579
    2          -4.732348739579
    3          -0.309258222021
    4          -0.309258222001
    5           0.029564257341
    6           0.029565728170
    7           0.029565728170
    8           0.029565839703
    9           0.029565839703
   10           0.029567310373
   11           0.051095965411
   12           0.051096504380
   13           0.098025445124
   14           0.098028519206
   15           0.098028519206
   16           0.098028748651
   17           0.098028748651
   18           0.098031822960
   19           0.321204683769
   20           0.321205178631
   21           0.345802397366
   22           0.345804606143
   23           0.345804606143
   24           0.345804766799
   25           0.345804766799
   26           0.345806975791
   27           0.692850856949
   28           0.692850856949
   29           0.692850856949
   30           0.692850856949
   31           0.692850856949
   32           0.692850856949
   33           0.692850856950
   34           0.692850856950
   35           0.692850856950
   36           0.692850856950
   37           1.198791354070
   38           1.198792660676
   39           1.198792660676
   40           1.198792753780
   41           1.198792753780
   42           1.198794060459
   43           1.414741202193
   44           1.414741399189
   45          10.066564086836
   46          10.066564194647
 
 
  Eigenvalues for: POSITRON
 -----------------
 
    1          -0.003120439511
    2          -0.001409882683
    3           0.000086303821
    4           0.000137109064
    5           0.000207742764
    6           0.000207742764
    7           0.000258487123
    8           0.000280819654
    9           0.000280819654
   10           0.000326435452
   11           0.000326435452
   12           0.000371453544
   13           0.000422763924
   14           0.000428126901
   15           0.000428126901
   16           0.000439039184
   17           0.000439039184
   18           0.000441811605
   19           0.000567529711
   20           0.000567529711
   21           0.000593646363
   22           0.000887881454
   23           0.000887881454
   24           0.000974905578
   25           0.001046501350
   26           0.001136614603
   27           0.001136614603
   28           0.001158878498
   29           0.001229657028
   30           0.001229657028
   31           0.001430923853
   32           0.001497874237
   33           0.001497874237
   34           0.001499581200
   35           0.001499581200
   36           0.001793985464
   37           0.001793985465
   38           0.001851049038
   39           0.002204539857
   40           0.002266434503
   41           0.002917832988
   42           0.002917832988
   43           0.003676637909
   44           0.003676637909
   45           0.003801935537
   46           0.004351551399
   47           0.005236129616
   48           0.005416003767
   49           0.008836373931
   50           0.009032289463
   51           0.009032289463
   52           0.009731626246
   53           0.009731626246
   54           0.011148065368
   55           0.014655360154
   56           0.017300756629
   57           0.051320136556
   58           0.056214735245
   59           0.193227130744
   60           0.218016158175
   61           0.854621085662
   62           0.855619047614
   63           2.854767997885
   64           2.941272977030
   65          10.642030689525
   66          10.802439962666
   67     1000000.000000000000
   68     1000000.000000000000
 
  end of eigenvalues 
 
  Occupied Eigenvectors for: E-
 --------------------------- 
 
                          -4.7323        -4.7323        -0.3093        -0.3093   
 
    1     BE     S      -0.409456      -0.433470       0.077481       0.077497
    2     BE     S      -0.306565      -0.324545       0.131292       0.131319
    3     BE    Px       0.000000       0.000000      -0.000000      -0.000000
    4     BE    Py       0.000000       0.000000      -0.000000      -0.000000
    5     BE    Pz      -0.000000      -0.000000      -0.000000      -0.000000
    6     BE     S       0.003357       0.003554      -0.412906      -0.412992
    7     BE    Px      -0.000000      -0.000000      -0.000000      -0.000000
    8     BE    Py      -0.000000      -0.000000       0.000000       0.000000
    9     BE    Pz       0.000000       0.000000       0.000000       0.000000
   10     BE     S      -0.000979      -0.001036      -0.353610      -0.353684
   11     BE    Px      -0.000000       0.000000       0.000000       0.000000
   12     BE    Py       0.000000       0.000000      -0.000000      -0.000000
   13     BE    Pz      -0.000000      -0.000000      -0.000000      -0.000000
   14     BE     S       0.000295       0.000312      -0.015798      -0.015801
   15     BE    Px       0.000000      -0.000000       0.000000       0.000000
   16     BE    Py      -0.000000      -0.000000       0.000000       0.000000
   17     BE    Pz       0.000000       0.000000       0.000000       0.000000
   18     BE   Dxx      -0.000461      -0.000488       0.001253       0.001254
   19     BE   Dxy      -0.000000       0.000000      -0.000000       0.000000
   20     BE   Dxz      -0.000000       0.000000       0.000000      -0.000000
   21     BE   Dyy      -0.000461      -0.000488       0.001253       0.001254
   22     BE   Dyz      -0.000000       0.000000       0.000000      -0.000000
   23     BE   Dzz      -0.000461      -0.000488       0.001253       0.001254
   24     BE     S       0.433470      -0.409456       0.077497      -0.077481
   25     BE     S       0.324545      -0.306565       0.131319      -0.131292
   26     BE    Px       0.000000      -0.000000       0.000000      -0.000000
   27     BE    Py       0.000000       0.000000      -0.000000      -0.000000
   28     BE    Pz      -0.000000      -0.000000       0.000000      -0.000000
   29     BE     S      -0.003554       0.003357      -0.412992       0.412906
   30     BE    Px      -0.000000       0.000000       0.000000      -0.000000
   31     BE    Py      -0.000000      -0.000000      -0.000000      -0.000000
   32     BE    Pz       0.000000       0.000000       0.000000       0.000000
   33     BE     S       0.001036      -0.000979      -0.353684       0.353610
   34     BE    Px      -0.000000      -0.000000      -0.000000       0.000000
   35     BE    Py       0.000000       0.000000       0.000000       0.000000
   36     BE    Pz      -0.000000      -0.000000       0.000000      -0.000000
   37     BE     S      -0.000312       0.000295      -0.015801       0.015798
   38     BE    Px       0.000000       0.000000      -0.000000       0.000000
   39     BE    Py      -0.000000      -0.000000      -0.000000      -0.000000
   40     BE    Pz       0.000000       0.000000       0.000000       0.000000
   41     BE   Dxx       0.000488      -0.000461       0.001254      -0.001253
   42     BE   Dxy       0.000000       0.000000       0.000000      -0.000000
   43     BE   Dxz      -0.000000       0.000000      -0.000000       0.000000
   44     BE   Dyy       0.000488      -0.000461       0.001254      -0.001253
   45     BE   Dyz      -0.000000       0.000000      -0.000000       0.000000
   46     BE   Dzz       0.000488      -0.000461       0.001254      -0.001253
 
 
  Occupied Eigenvectors for: POSITRON
 --------------------------- 
 
                          -0.0031   
 
    1     E+     S      -0.030512
    2     E+     S       0.043749
    3     E+     S      -0.193310
    4     E+     S      -0.289287
    5     E+     S      -0.384788
    6     E+     S      -0.242600
    7     E+     S      -0.168261
    8     E+     S       0.132865
    9     E+     S       0.008191
   10     E+     S       0.000004
   11     E+    Px       0.123061
   12     E+    Py      -0.000000
   13     E+    Pz       0.000000
   14     E+    Px      -0.041841
   15     E+    Py       0.000000
   16     E+    Pz       0.000000
   17     E+    Px      -0.020434
   18     E+    Py       0.000000
   19     E+    Pz       0.000000
   20     E+    Px       0.005489
   21     E+    Py      -0.000000
   22     E+    Pz      -0.000000
   23     E+   Dxx       0.043438
   24     E+   Dxy      -0.000000
   25     E+   Dxz       0.000000
   26     E+   Dyy      -0.006873
   27     E+   Dyz      -0.000000
   28     E+   Dzz      -0.006873
   29     E+   Dxx      -0.035155
   30     E+   Dxy       0.000000
   31     E+   Dxz       0.000000
   32     E+   Dyy       0.002253
   33     E+   Dyz       0.000000
   34     E+   Dzz       0.002253
   35     E+     S      -0.030684
   36     E+     S       0.054115
   37     E+     S      -0.009940
   38     E+     S      -0.047682
   39     E+     S      -0.038835
   40     E+     S      -0.038884
   41     E+     S      -0.002550
   42     E+     S       0.012824
   43     E+     S      -0.000675
   44     E+     S       0.000419
   45     E+    Px      -0.124552
   46     E+    Py       0.000000
   47     E+    Pz      -0.000000
   48     E+    Px       0.066510
   49     E+    Py      -0.000000
   50     E+    Pz      -0.000000
   51     E+    Px      -0.055778
   52     E+    Py       0.000000
   53     E+    Pz       0.000000
   54     E+    Px       0.045831
   55     E+    Py       0.000000
   56     E+    Pz      -0.000000
   57     E+   Dxx       0.037430
   58     E+   Dxy      -0.000000
   59     E+   Dxz       0.000000
   60     E+   Dyy       0.001644
   61     E+   Dyz       0.000000
   62     E+   Dzz       0.001644
   63     E+   Dxx      -0.040653
   64     E+   Dxy       0.000000
   65     E+   Dxz       0.000000
   66     E+   Dyy      -0.021486
   67     E+   Dyz      -0.000000
   68     E+   Dzz      -0.021486
 
 
  end of eigenvectors 
 
  END OF EIGENVALUES AND EIGENVECTORS
 
 
  COMPONENTS OF KINETIC ENERGY: 
 -----------------------------
 
                  E- Kinetic energy =           29.142628633050
            POSITRON Kinetic energy =            0.015222043836
                                     _________________________
               Total kinetic energy =           29.157850676886
 
  COMPONENTS OF POTENTIAL ENERGY: 
 -------------------------------
 
          Fixed potential energy    =            0.416666666667
 
  Quantum/Fixed interaction energy: 
 ----------------------------------
 
          E-/Fixed interact. energy =          -68.097317609588
    POSITRON/Fixed interact. energy =            0.685613314534
                                     _________________________
               Total Q/Fixed energy =          -67.411704295054
 
  Coulomb energy: 
 ------------------
 
               E-/E- Hartree energy =           14.727240026203
   POSITRON/POSITRON Hartree energy =            0.000000000000
         E-/POSITRON Hartree energy =           -0.675937725683
                                     _________________________
               Total Hartree energy =           14.051302300520
 
  Exchange(HF) energy: 
 ----------------------
 
                 E- Exchange energy =           -5.333109453012
           POSITRON Exchange energy =            0.000000000000
                                     _________________________
              Total Exchange energy =           -5.333109453012
 
  External Potential energy: 
 ----------------------------
 
                  E- Ext Pot energy =            0.000000000000
            POSITRON Ext Pot energy =           -0.028018072537
                                     _________________________
    Total External Potential energy =           -0.028018072537
 
  TOTAL ENERGY COMPONENTS: 
 ==========================
 
          TOTAL KINETIC ENERGY      =           29.157850676886
          TOTAL POTENTIAL ENERGY    =          -58.304862853416
                                     _________________________
                       TOTAL ENERGY =          -29.147012176530
 
                 VIRIAL RATIO (V/T) =            1.999628281917
 
 
  END ENERGY COMPONENTS
 
 
** TOTAL CPU Time SCF :      0.223 (s)
** TOTAL Elapsed Time SCF :      0.255 (s)
 
 We are calculating properties for E- in the HF/KS ground state
 We are calculating properties for POSITRON in the HF/KS ground state
 
  POPULATION ANALYSES: 
 ====================
 
 MULLIKEN Population: for E-        
 ---------------------
 
                                    
 
    1     BE     S       1.166391
    2     BE     S       0.823588
    3     BE    Px       0.000000
    4     BE    Py       0.000000
    5     BE    Pz       0.000000
    6     BE     S       1.043694
    7     BE    Px       0.000000
    8     BE    Py       0.000000
    9     BE    Pz       0.000000
   10     BE     S       0.942124
   11     BE    Px       0.000000
   12     BE    Py       0.000000
   13     BE    Pz       0.000000
   14     BE     S       0.031424
   15     BE    Px       0.000000
   16     BE    Py       0.000000
   17     BE    Pz       0.000000
   18     BE   Dxx      -0.002407
   19     BE   Dxy       0.000000
   20     BE   Dxz       0.000000
   21     BE   Dyy      -0.002407
   22     BE   Dyz       0.000000
   23     BE   Dzz      -0.002407
   24     BE     S       1.166391
   25     BE     S       0.823588
   26     BE    Px       0.000000
   27     BE    Py       0.000000
   28     BE    Pz       0.000000
   29     BE     S       1.043694
   30     BE    Px       0.000000
   31     BE    Py       0.000000
   32     BE    Pz       0.000000
   33     BE     S       0.942124
   34     BE    Px       0.000000
   35     BE    Py      -0.000000
   36     BE    Pz      -0.000000
   37     BE     S       0.031424
   38     BE    Px       0.000000
   39     BE    Py       0.000000
   40     BE    Pz       0.000000
   41     BE   Dxx      -0.002407
   42     BE   Dxy       0.000000
   43     BE   Dxz       0.000000
   44     BE   Dyy      -0.002407
   45     BE   Dyz       0.000000
   46     BE   Dzz      -0.002407
 
                           __________
              Total =        8.000000
 
  Atomic MULLIKEN Population: for E-        
            BE               4.000000
            BE               4.000000
 
 ...end of MULLIKEN Population
 
 
 END POPULATION ANALYSES 
 
 
  POPULATION ANALYSES: 
 ====================
 
 LOWDIN Population: for E-        
 ---------------------
 
                                    
 
    1     BE     S       1.101745
    2     BE     S       0.875944
    3     BE    Px       0.000000
    4     BE    Py       0.000000
    5     BE    Pz       0.000000
    6     BE     S       0.590908
    7     BE    Px       0.000000
    8     BE    Py       0.000000
    9     BE    Pz       0.000000
   10     BE     S       0.553024
   11     BE    Px       0.000000
   12     BE    Py       0.000000
   13     BE    Pz       0.000000
   14     BE     S       0.204207
   15     BE    Px       0.000000
   16     BE    Py       0.000000
   17     BE    Pz       0.000000
   18     BE   Dxx       0.224724
   19     BE   Dxy       0.000000
   20     BE   Dxz       0.000000
   21     BE   Dyy       0.224724
   22     BE   Dyz       0.000000
   23     BE   Dzz       0.224724
   24     BE     S       1.101745
   25     BE     S       0.875944
   26     BE    Px       0.000000
   27     BE    Py       0.000000
   28     BE    Pz       0.000000
   29     BE     S       0.590908
   30     BE    Px       0.000000
   31     BE    Py       0.000000
   32     BE    Pz       0.000000
   33     BE     S       0.553024
   34     BE    Px       0.000000
   35     BE    Py       0.000000
   36     BE    Pz       0.000000
   37     BE     S       0.204207
   38     BE    Px       0.000000
   39     BE    Py       0.000000
   40     BE    Pz       0.000000
   41     BE   Dxx       0.224724
   42     BE   Dxy       0.000000
   43     BE   Dxz       0.000000
   44     BE   Dyy       0.224724
   45     BE   Dyz       0.000000
   46     BE   Dzz       0.224724
 
                           __________
              Total =        8.000000
 
  Atomic LOWDIN Population: for E-        
            BE               4.000000
            BE               4.000000
 
 ...end of LOWDIN Population
 
 
 END POPULATION ANALYSES 
 
 
  POPULATION ANALYSES: 
 ====================
 
 MULLIKEN Population: for POSITRON  
 ---------------------
 
                                    
 
    1     E+     S       0.006477
    2     E+     S      -0.017962
    3     E+     S       0.129371
    4     E+     S       0.255139
    5     E+     S       0.362018
    6     E+     S       0.193428
    7     E+     S       0.086547
    8     E+     S      -0.030994
    9     E+     S      -0.000606
   10     E+     S      -0.000000
   11     E+    Px      -0.001786
   12     E+    Py      -0.000000
   13     E+    Pz      -0.000000
   14     E+    Px       0.001556
   15     E+    Py      -0.000000
   16     E+    Pz      -0.000000
   17     E+    Px       0.001125
   18     E+    Py      -0.000000
   19     E+    Pz      -0.000000
   20     E+    Px      -0.000175
   21     E+    Py       0.000000
   22     E+    Pz       0.000000
   23     E+   Dxx      -0.000829
   24     E+   Dxy       0.000000
   25     E+   Dxz       0.000000
   26     E+   Dyy       0.000094
   27     E+   Dyz      -0.000000
   28     E+   Dzz       0.000094
   29     E+   Dxx       0.002945
   30     E+   Dxy       0.000000
   31     E+   Dxz       0.000000
   32     E+   Dyy      -0.000137
   33     E+   Dyz      -0.000000
   34     E+   Dzz      -0.000137
   35     E+     S       0.005837
   36     E+     S      -0.016443
   37     E+     S       0.003167
   38     E+     S       0.010158
   39     E+     S       0.005754
   40     E+     S       0.004094
   41     E+     S       0.000152
   42     E+     S      -0.000314
   43     E+     S       0.000005
   44     E+     S      -0.000001
   45     E+    Px      -0.015155
   46     E+    Py       0.000000
   47     E+    Pz      -0.000000
   48     E+    Px       0.019942
   49     E+    Py      -0.000000
   50     E+    Pz      -0.000000
   51     E+    Px      -0.022661
   52     E+    Py       0.000000
   53     E+    Pz      -0.000000
   54     E+    Px       0.009713
   55     E+    Py       0.000000
   56     E+    Pz       0.000000
   57     E+   Dxx      -0.002347
   58     E+   Dxy       0.000000
   59     E+   Dxz       0.000000
   60     E+   Dyy      -0.000020
   61     E+   Dyz       0.000000
   62     E+   Dzz      -0.000020
   63     E+   Dxx       0.009979
   64     E+   Dxy       0.000000
   65     E+   Dxz       0.000000
   66     E+   Dyy       0.000998
   67     E+   Dyz       0.000000
   68     E+   Dzz       0.000998
 
                           __________
              Total =        1.000000
 
  Atomic MULLIKEN Population: for POSITRON  
            BE               0.986166
            BE               0.013834
 
 ...end of MULLIKEN Population
 
 
 END POPULATION ANALYSES 
 
 
  POPULATION ANALYSES: 
 ====================
 
 LOWDIN Population: for POSITRON  
 ---------------------
 
                                    
 
    1     E+     S       0.002684
    2     E+     S       0.014681
    3     E+     S       0.083669
    4     E+     S       0.236251
    5     E+     S       0.313211
    6     E+     S       0.207268
    7     E+     S       0.061376
    8     E+     S       0.001042
    9     E+     S       0.000304
   10     E+     S       0.000037
   11     E+    Px       0.000044
   12     E+    Py       0.000000
   13     E+    Pz      -0.000000
   14     E+    Px       0.000292
   15     E+    Py       0.000000
   16     E+    Pz       0.000000
   17     E+    Px       0.000075
   18     E+    Py       0.000000
   19     E+    Pz       0.000000
   20     E+    Px       0.000002
   21     E+    Py       0.000000
   22     E+    Pz       0.000000
   23     E+   Dxx       0.000002
   24     E+   Dxy       0.000000
   25     E+   Dxz       0.000000
   26     E+   Dyy       0.000011
   27     E+   Dyz       0.000000
   28     E+   Dzz       0.000011
   29     E+   Dxx       0.000077
   30     E+   Dxy       0.000000
   31     E+   Dxz       0.000000
   32     E+   Dyy       0.000102
   33     E+   Dyz       0.000000
   34     E+   Dzz       0.000102
   35     E+     S       0.002229
   36     E+     S       0.007767
   37     E+     S       0.012321
   38     E+     S       0.007094
   39     E+     S       0.004952
   40     E+     S       0.002921
   41     E+     S       0.000498
   42     E+     S       0.000000
   43     E+     S       0.000003
   44     E+     S       0.000000
   45     E+    Px       0.000831
   46     E+    Py       0.000000
   47     E+    Pz       0.000000
   48     E+    Px       0.008871
   49     E+    Py       0.000000
   50     E+    Pz       0.000000
   51     E+    Px       0.019082
   52     E+    Py      -0.000000
   53     E+    Pz      -0.000000
   54     E+    Px       0.006192
   55     E+    Py       0.000000
   56     E+    Pz       0.000000
   57     E+   Dxx       0.000075
   58     E+   Dxy       0.000000
   59     E+   Dxz       0.000000
   60     E+   Dyy       0.000007
   61     E+   Dyz       0.000000
   62     E+   Dzz       0.000007
   63     E+   Dxx       0.005866
   64     E+   Dxy       0.000000
   65     E+   Dxz       0.000000
   66     E+   Dyy       0.000022
   67     E+   Dyz       0.000000
   68     E+   Dzz       0.000022
 
                           __________
              Total =        1.000000
 
  Atomic LOWDIN Population: for POSITRON  
            BE               0.921238
            BE               0.078762
 
 ...end of LOWDIN Population
 
 
 END POPULATION ANALYSES 
 
 
  EXPECTED POSITIONS OF QUANTUM SPECIES:
 ======================
 
 POSITIONS IN ANGSTROMS
 ------
 
                        <x>      <y>      <z>         
                 E-  81.2816   0.0000  -0.0000
           POSITRON   0.5437   0.0000   0.0000
 
 END EXPECTED POSITIONS
 
 
  ELECTROSTATIC MOMENTS:
 ======================
 
 DIPOLE: (DEBYE)
 ------
 
                           <Dx>         <Dy>         <Dz>          |D|
                 E--390.41220703  -0.00000000   0.00000000
           POSITRON   2.61126768   0.00000000   0.00000000
    Point charges:  390.41220703   0.00000000   0.00000000
                     ____________________________
      Total Dipole:   2.61126768   0.00000000   0.00000000   2.61126768
 
 QUADRUPOLE NON-TRACELESS: (DEBYE ANGS)
 ------
 
                           <xx>         <yy>         <zz>         <xy>         <xz>         <yz>
                 E-   -0.00000000   -0.00000000   -0.00000000   -0.00000000   -0.00000000   -0.00000000
           POSITRON    0.00000000    0.00000000    0.00000000    0.00000000    0.00000000    0.00000000
    Point charges:  7933.33379399    0.00000000    0.00000000    0.00000000    0.00000000    0.00000000
  Total Quadrupole: 7933.33379399    0.00000000    0.00000000    0.00000000    0.00000000    0.00000000
                     ____________________________
 
 END ELECTROSTATIC MOMENTS
 

  TOTAL CPU Time:      0.029 (s)
 TOTAL Wall Time:      0.297 (s)
  Elapsed Time:   0h  0m  0s 297ms
LOWDIN execution terminated normally at : Thu Oct 17 19:54:52 2024
-rw-rw-r-- 1 pmorenor pmorenor 704K oct 17 19:54 0E-.ints
-rw-rw-r-- 1 pmorenor pmorenor 2.1M oct 17 19:54 0E-.POSITRON.ints
-rw-rw-r-- 1 pmorenor pmorenor 2.1M oct 17 19:54 0POSITRON.ints
-rw-rw-r-- 1 pmorenor pmorenor 704K oct 17 19:54 1E-.ints
-rw-rw-r-- 1 pmorenor pmorenor 2.1M oct 17 19:54 1E-.POSITRON.ints
-rw-rw-r-- 1 pmorenor pmorenor 2.1M oct 17 19:54 1POSITRON.ints
-rw-rw-r-- 1 pmorenor pmorenor 704K oct 17 19:54 2E-.ints
-rw-rw-r-- 1 pmorenor pmorenor 2.1M oct 17 19:54 2E-.POSITRON.ints
-rw-rw-r-- 1 pmorenor pmorenor 2.1M oct 17 19:54 2POSITRON.ints
-rw-rw-r-- 1 pmorenor pmorenor 704K oct 17 19:54 3E-.ints
-rw-rw-r-- 1 pmorenor pmorenor 2.1M oct 17 19:54 3E-.POSITRON.ints
-rw-rw-r-- 1 pmorenor pmorenor 2.1M oct 17 19:54 3POSITRON.ints
-rw-rw-r-- 1 pmorenor pmorenor   12 oct 17 19:54 E-.POSITRON.nints
-rw-rw-r-- 1 pmorenor pmorenor   65 oct 17 19:54 gepol.inp
-rw-rw-r-- 1 pmorenor pmorenor   91 oct 17 19:54 gepol.xyzr
-rw-rw-r-- 1 pmorenor pmorenor 9.5K oct 17 19:54 lowdin.bas
-rw-rw-r-- 1 pmorenor pmorenor  15K oct 17 19:54 lowdin.dat
-rw-rw-r-- 1 pmorenor pmorenor 691K oct 17 19:54 lowdin.opints
-rw-rw-r-- 1 pmorenor pmorenor  26K oct 17 19:54 lowdin.sys
-rw-rw-r-- 1 pmorenor pmorenor 531K oct 17 19:54 lowdin.wfn
-rw-rw-r-- 1 pmorenor pmorenor  499 oct 17 19:54 usual_183
-rw-rw-r-- 1 pmorenor pmorenor 1.8K oct 17 19:54 usual_183.aux
-rw-rw-r-- 1 pmorenor pmorenor  504 oct 17 19:54 usual_183.lowdin
-rw-rw-r-- 1 pmorenor pmorenor  46K oct 17 19:54 usual_183.out
-rw-rw-r-- 1 pmorenor pmorenor  54K oct 17 19:54 usual_183.vec
