Begin job by input: usual_15.lowdin, for user: pmorenor  at  jue 17 oct 2024 19:52:14 -05
under operating system Linux Hefesto 5.4.0-196-generic #216-Ubuntu SMP Thu Aug 29 13:26:53 UTC 2024 x86_64 x86_64 x86_64 GNU/Linux
Compilation information
  commit: f2cffef7078af1231fe3319081e66b682883a80b
  compilation date:  mar 06 feb 2024 16:53:31 -05

BEGIN INPUT INFO:
------------------------------------

GEOMETRY
	Be	Dirac	0.0 0.0 0.0
	e-(Be)	6-311++G.d.p 0.0 0.0 0.0
	E+	GRIBAKIN-10S4P2D 0.0 0.0 0.0
	Be	Dirac	4.8 0.0 0.0
	e-(Be)	6-311++G.d.p	4.8 0.0 0.0
	E+	GRIBAKIN-10S4P2D 4.8 0.0 0.0 addParticles=-1 
END GEOMETRY

TASKS
        method = "RHF"
END TASKS

EXTERPOTENTIAL
	E- GRIBAKIN0
	E+ VPC15
END EXTERPOTENTIAL

CONTROL
	units="BOHRS"
	readCoefficients=F
	convergenceMethod=1
	overlapEigenThreshold=1E-6
	SCFGhostSpecies="POSITRON"
	HFprintEigenvalues=T
	totalEnergyTolerance = 1E-9
END CONTROL


... END INPUT INFO


 LOWDIN execution started at : Thu Oct 17 19:52:14 2024
 ---------------------------------------------------------------
 
 ***************************************************************
 *                   LOWDIN 2.0  (May/2013)                    *
 *                                                             *
 *  R. FLORES-MORENO, E. F. POSADA, F. S. MONCADA, J.ROMERO,   *
 *  J. CHARRY, M. DIAZ-TINOCO, S. A. GONZALEZ, N. F. AGUIRRE,  *
 *  A. REYES                                                   *
 *                                                             *
 *  https://sites.google.com/site/lowdinproject/               *
 *                                                             *
 ***************************************************************
 
 PARSING INPUT... DONE!
 
 LOWDIN IS RUNNING WITH NEXT PARAMETERS: 
 ----------------------------------------
 
         METHOD TYPE:  RHF
         NUMBER OF CORES:     4
         NONELECTRONIC DENSITY GUESS: HCORE
         ELECTRONIC DENSITY GUESS: HCORE
         CRITERIUM OF CONVERGENCE: ENERGY
         NONELECTRONIC ENERGY TOLERANCE IN SCFs:     0.10000E-07
         ELECTRONIC ENERGY TOLERANCE IN SCFs:     0.10000E-07
         TOTAL ENERGY TOLERANCE IN SCFs:     0.10000E-08
         SCHEME OF ITERATION: GLOBAL ITERATIONS
         SCF MAX. SUBITERATIONS - NONELECTRONS :     1
         SCF MAX. SUBITERATIONS - ELECTRONS :     1
         SCF MAX. ITERATIONS - INTERSPECIES :   200
         INTEGRAL STORAGE: DISK
         STACK SIZE FOR ERIS : 30000
         METHOD OF SCF CONVERGENCE: DAMPING
 
  MOLECULAR SYSTEM: usual_15
 -----------------
 
    DESCRIPTION   : usual_15
    CHARGE        :   2
    PUNTUAL GROUP : NONE
 
 
  INFORMATION OF PARTICLES :
 =========================
         Total number of particles   =      11
         Number of quantum particles =       9
         Number of puntual charges   =       2
         Number of quantum species   =       2
 
                 INFORMATION OF QUANTUM SPECIES 
     ---------------------------------------------------------------------
         ID      Symbol            mass     charge     spin     multiplicity
     ---------------------------------------------------------------------
         1             E-         1.0000     -1.00      0.50      1.00
         2             E+         1.0000      1.00      0.50      1.00
 
                   CONSTANTS OF COUPLING 
      ------------------------------------------------------------
           Symbol          kappa      eta     lambda     occupation
      ------------------------------------------------------------
                 E-        -1.0      2.00      2.00      4.00
                 E+        -1.0      1.00      1.00      1.00
 
                   BASIS SET FOR SPECIES 
      ------------------------------------------------------------
           Symbol          N. Basis     N. Particles     Basis Set
      ------------------------------------------------------------
                 E-           20                8     6-311++G.D
                 E+           32                1     GRIBAKIN-1
 
                                ATOMIC BASIS
         ------------------------------------------------------------
          PRIMITIVE   SHELL             EXPONENT         COEFFICIENT 
         ------------------------------------------------------------
 
    BEGIN DESCRIPTION OF BASIS FOR:    E-
    ==============================
 
 
            BE BASIS SET:   6-311++G.D.P
             1         S             1682.80000000          0.00228574
             2         S              251.71500000          0.01759380
             3         S               57.41160000          0.08633150
             4         S               16.51710000          0.28183500
             5         S                4.85364000          0.64059400
             6         S                0.62686300          0.14446700
             1         S                8.30938000          0.10862100
             2         S                1.74075000          0.92730100
             3         S                0.48581600         -0.00297169
             1         P                8.30938000          0.03613440
             2         P                1.74075000          0.21695800
             3         P                0.48581600          0.84183900
             1         S                0.16361300          1.00000000
             1         P                0.16361300          1.00000000
             1         S                0.05672850          1.00000000
             1         P                0.05672850          1.00000000
             1         S                0.02070000          1.00000000
             1         P                0.02070000          1.00000000
             1         D                0.25500000          1.00000000
 
            BE BASIS SET:   6-311++G.D.P
             1         S             1682.80000000          0.00228574
             2         S              251.71500000          0.01759380
             3         S               57.41160000          0.08633150
             4         S               16.51710000          0.28183500
             5         S                4.85364000          0.64059400
             6         S                0.62686300          0.14446700
             1         S                8.30938000          0.10862100
             2         S                1.74075000          0.92730100
             3         S                0.48581600         -0.00297169
             1         P                8.30938000          0.03613440
             2         P                1.74075000          0.21695800
             3         P                0.48581600          0.84183900
             1         S                0.16361300          1.00000000
             1         P                0.16361300          1.00000000
             1         S                0.05672850          1.00000000
             1         P                0.05672850          1.00000000
             1         S                0.02070000          1.00000000
             1         P                0.02070000          1.00000000
             1         D                0.25500000          1.00000000
    ... END DESCRIPTION OF BASIS
 
 
    BEGIN DESCRIPTION OF BASIS FOR:    E+
    ==============================
 
 
            E+ BASIS SET:GRIBAKIN-10S4P2
             1         S                0.00010000          1.00000000
             1         S                0.00030000          1.00000000
             1         S                0.00090000          1.00000000
             1         S                0.00270000          1.00000000
             1         S                0.00810000          1.00000000
             1         S                0.02430000          1.00000000
             1         S                0.07290000          1.00000000
             1         S                0.21870000          1.00000000
             1         S                0.65610000          1.00000000
             1         S                1.96830000          1.00000000
             1         P                0.00010000          1.00000000
             1         P                0.00030000          1.00000000
             1         P                0.00090000          1.00000000
             1         P                0.00270000          1.00000000
             1         D                0.00010000          1.00000000
             1         D                0.00030000          1.00000000
 
            E+ BASIS SET:GRIBAKIN-10S4P2
             1         S                0.00010000          1.00000000
             1         S                0.00030000          1.00000000
             1         S                0.00090000          1.00000000
             1         S                0.00270000          1.00000000
             1         S                0.00810000          1.00000000
             1         S                0.02430000          1.00000000
             1         S                0.07290000          1.00000000
             1         S                0.21870000          1.00000000
             1         S                0.65610000          1.00000000
             1         S                1.96830000          1.00000000
             1         P                0.00010000          1.00000000
             1         P                0.00030000          1.00000000
             1         P                0.00090000          1.00000000
             1         P                0.00270000          1.00000000
             1         D                0.00010000          1.00000000
             1         D                0.00030000          1.00000000
    ... END DESCRIPTION OF BASIS
 
 
  END INFORMATION OF PARTICLES
 
 
  INFORMATION OF THE QUANTUM SYSTEM 
     ---------------------------------------------------------------------
                 ID     Occupied Orbitals     Basis size
     ---------------------------------------------------------------------
                 E-            4               46
                 E+            1               68
 
  END INFORMATION OF QUANTUM SYSTEM
 
 
  INFORMATION OF EXTERNAL POTENTIALS 
 
 =======
 External Potential for E- : GRIBAKIN0
 Type : 
                     Exponent         l       R_x       R_y       R_z              Factor
                 0.0010000000         0   0.00000   0.00000   0.00000        0.0000000000
 
 =======
 External Potential for E+ : VPC15
 Type : 
                     Exponent         l       R_x       R_y       R_z              Factor
                 0.0010000000         0   0.00000   0.00000   0.00000       -0.0004852612
                 0.0020000000         0   0.00000   0.00000   0.00000        0.0024441783
                 0.0040000000         0   0.00000   0.00000   0.00000       -0.0075448874
                 0.0080000000         0   0.00000   0.00000   0.00000        0.0157738437
                 0.0160000000         0   0.00000   0.00000   0.00000       -0.0371036225
                 0.0320000000         0   0.00000   0.00000   0.00000        0.0538567205
                 0.0640000000         0   0.00000   0.00000   0.00000       -0.1977562620
                 0.1280000000         0   0.00000   0.00000   0.00000        0.1521150960
                 0.2560000000         0   0.00000   0.00000   0.00000       -2.2309931100
                 0.5120000000         0   0.00000   0.00000   0.00000        7.1544406100
                 1.0000000000         0   0.00000   0.00000   0.00000      -16.4610761000
                 2.0000000000         0   0.00000   0.00000   0.00000      120.0674500000
                 3.0000000000         0   0.00000   0.00000   0.00000    -1010.4441400000
                 4.0000000000         0   0.00000   0.00000   0.00000     5912.5175500000
                 5.0000000000         0   0.00000   0.00000   0.00000   -22883.6471000000
                 6.0000000000         0   0.00000   0.00000   0.00000    58320.2479000000
                 7.0000000000         0   0.00000   0.00000   0.00000   -96733.7399000000
                 8.0000000000         0   0.00000   0.00000   0.00000   100515.5930000000
                 9.0000000000         0   0.00000   0.00000   0.00000   -59492.9273000000
                10.0000000000         0   0.00000   0.00000   0.00000    15337.5181000000
                20.0000000000         0   0.00000   0.00000   0.00000     -108.3194530000
                30.0000000000         0   0.00000   0.00000   0.00000       58.7242217000
                40.0000000000         0   0.00000   0.00000   0.00000      -33.9818623000
                50.0000000000         0   0.00000   0.00000   0.00000       10.1503518000
               100.0000000000         0   0.00000   0.00000   0.00000       -0.2039701810
                 0.0010000000         0   4.53535   0.00000   0.00000       -0.0004852612
                 0.0020000000         0   4.53535   0.00000   0.00000        0.0024441783
                 0.0040000000         0   4.53535   0.00000   0.00000       -0.0075448874
                 0.0080000000         0   4.53535   0.00000   0.00000        0.0157738437
                 0.0160000000         0   4.53535   0.00000   0.00000       -0.0371036225
                 0.0320000000         0   4.53535   0.00000   0.00000        0.0538567205
                 0.0640000000         0   4.53535   0.00000   0.00000       -0.1977562620
                 0.1280000000         0   4.53535   0.00000   0.00000        0.1521150960
                 0.2560000000         0   4.53535   0.00000   0.00000       -2.2309931100
                 0.5120000000         0   4.53535   0.00000   0.00000        7.1544406100
                 1.0000000000         0   4.53535   0.00000   0.00000      -16.4610761000
                 2.0000000000         0   4.53535   0.00000   0.00000      120.0674500000
                 3.0000000000         0   4.53535   0.00000   0.00000    -1010.4441400000
                 4.0000000000         0   4.53535   0.00000   0.00000     5912.5175500000
                 5.0000000000         0   4.53535   0.00000   0.00000   -22883.6471000000
                 6.0000000000         0   4.53535   0.00000   0.00000    58320.2479000000
                 7.0000000000         0   4.53535   0.00000   0.00000   -96733.7399000000
                 8.0000000000         0   4.53535   0.00000   0.00000   100515.5930000000
                 9.0000000000         0   4.53535   0.00000   0.00000   -59492.9273000000
                10.0000000000         0   4.53535   0.00000   0.00000    15337.5181000000
                20.0000000000         0   4.53535   0.00000   0.00000     -108.3194530000
                30.0000000000         0   4.53535   0.00000   0.00000       58.7242217000
                40.0000000000         0   4.53535   0.00000   0.00000      -33.9818623000
                50.0000000000         0   4.53535   0.00000   0.00000       10.1503518000
               100.0000000000         0   4.53535   0.00000   0.00000       -0.2039701810
 
  END INFORMATION OF EXTERNAL POTENTIALS
 
                       INITIAL GEOMETRY: AMSTRONG
                 -----------------------------------
                       <x>                 <y>                 <z>
      E-BE        0.0000000000        0.0000000000        0.0000000000
      E-BE        2.5400507964        0.0000000000        0.0000000000
        E+        0.0000000000        0.0000000000        0.0000000000
        E+        2.5400507964        0.0000000000        0.0000000000
        BE        0.0000000000        0.0000000000        0.0000000000
        BE        2.5400507964        0.0000000000        0.0000000000
 
                     MATRIX OF DISTANCE: ANGSTROM
                 -----------------------------------
                          BE(1)          BE(2)     
 
        BE(1)            0.000000       2.540051
        BE(2)            2.540051       0.000000
 
--------------------------------------------------------------------------------
** PROGRAM: SCF (Hartree Fock).     Author: S.A. Gonzalez, E. Posada, F. Moncada
--------------------------------------------------------------------------------
INFO: RUNNING IN RHF MODE.
 
----------------------------------------------------------------------
** PROGRAM INTS                          Author: E. F. Posada, 2013   
----------------------------------------------------------------------
INFO: RUNNING IN ONE_PARTICLE MODE.
 
 Number of Overlap integrals for species E-:   2116
 Number of Overlap integrals for species POSITRON:   4624
 Number of Kinetic integrals for species E-:   2116
 Number of Kinetic integrals for species POSITRON:   4624
 Number of Nuclear integrals for species E-:   2116
 Number of Nuclear integrals for species POSITRON:   4624
 Number of Moment integrals for species E-:   6348
 Number of Moment integrals for species POSITRON:  13872
 Number of 3C Overlap integrals for species E-:   2116
 Number of 3C Overlap integrals for species POSITRON:   4624
 
** TOTAL CPU Time INTS :      0.132 (s)
** TOTAL Elapsed Time INTS :      0.124 (s)
 
Removed     9 orbitals for species POSITRON with overlap eigen threshold of 1.000E-06
       Usign  HCORE density guess for species:         E-
     number of         E-     particles in guess density matrix:     8.000000
       Usign  HCORE density guess for species:   POSITRON
     number of   POSITRON     particles in guess density matrix:     0.000000
renormalized density matrix with deviation from number of particl    1.000000
 Number of unique integrals for species: 1 = 154237
 Number of unique integrals for species: 2 = 338579
 Number of unique integrals for species: 1 / 2 = 677835 Screened: 0
 
 TWO-BODY INTEGRAL SETUP: 
------------------------- 
 Storage:   DISK
 Scheme: LIBINT
 Stack size:  30000
 
 LIBINT library, Fermann, J. T.; Valeev, F. L. 2010                   
 LOWDIN-LIBINT Implementation V. 2.1  Posada E. F. ; Reyes A. 2016   
 ----------------------------------------------------------------------

*** TOTAL CPU time intra-species integrals :      0.140 (s)
*** TOTAL elapsed time intra-species integrals :      0.041 (s)


*** TOTAL CPU time inter-species integrals :      0.283 (s)
*** TOTAL elapsed time inter-species integrals :      0.075 (s)

INFO: RUNNING SCHEME SIMULTANEOUS
 
 Begin Multi-Species SCF calculation:
 
 --------------------------------------------------------------------------------------------------
      Iteration                   Energy            Energy Change           Density Change
 --------------------------------------------------------------------------------------------------
              1         -26.832212156285          26.832212156285        5187.360097725674
              2         -27.790607614983           0.958395458698         569.426022549947
              3         -29.052864155077           1.262256540094         568.306240508320
              4         -29.131404922284           0.078540767206           0.038262803344
              5         -29.134305344005           0.002900421722           0.024491615377
              6         -29.154334213595           0.020028869590           0.001569843779
              7         -29.154485549442           0.000151335846           0.000335153103
              8         -29.154532346430           0.000046796989           0.000119090266
              9         -29.154551102005           0.000018755574           0.000046973753
             10         -29.154558864205           0.000007762200           0.000020497643
             11         -29.154562157791           0.000003293586           0.000009526867
             12         -29.154563587756           0.000001429965           0.000004557897
             13         -29.154564221907           0.000000634151           0.000002204814
             14         -29.154564508492           0.000000286585           0.000001070505
             15         -29.154564640110           0.000000131618           0.000000520451
             16         -29.154564701367           0.000000061257           0.000000253092
             17         -29.154564730182           0.000000028816           0.000000123158
             18         -29.154564743852           0.000000013670           0.000000059841
             19         -29.154564750379           0.000000006526           0.000000029123
             20         -29.154564753510           0.000000003131           0.000000014126
             21         -29.154564755018           0.000000001508           0.000000011777
             22         -29.154564755746           0.000000000728           0.000000022189
 Total energy converged after  22 global iterations                                                  
 
 ...end Multi-Species SCF calculation
 
 
 Begin SCF calculation by: E-
 -------------------------
 
 -----------------------------------------------------------------------------------
 Iteration                   Energy           Density Change         DIIS Error 
 -----------------------------------------------------------------------------------
    1         -34.479566620711           1.121996585395                 -- 
    2         -32.161436658164           0.035708235697                 -- 
    3         -32.466466870560           0.008966960363                 -- 
    4         -32.469239493131           0.002964529182                 -- 
    5         -32.468350824688           0.000956175053                 -- 
    6         -32.467671425452           0.000311074612                 -- 
    7         -32.467340852773           0.000107712051                 -- 
    8         -32.467194294816           0.000041662386                 -- 
    9         -32.467130395106           0.000018028973                 -- 
   10         -32.467102302235           0.000008377023                 -- 
   11         -32.467089747757           0.000004019433                 -- 
   12         -32.467084038368           0.000001951205                 -- 
   13         -32.467081400810           0.000000950463                 -- 
   14         -32.467080166424           0.000000463269                 -- 
   15         -32.467079582801           0.000000225757                 -- 
   16         -32.467079304709           0.000000109975                 -- 
   17         -32.467079171429           0.000000053557                 -- 
   18         -32.467079107281           0.000000026076                 -- 
   19         -32.467079076310           0.000000012694                 -- 
   20         -32.467079061323           0.000000006179                 -- 
   21         -32.467079087559           0.000000017705                 -- 
 
 ... end SCF calculation
 
 Begin SCF calculation by: POSITRON
 -------------------------
 
 -----------------------------------------------------------------------------------
 Iteration                   Energy           Density Change         DIIS Error 
 -----------------------------------------------------------------------------------
    1          -0.003522455975         568.304025964552                 -- 
    2           0.000234193775         568.270532272622                 -- 
    3          -0.003093065975           0.029295842980                 -- 
    4          -0.118073444651           0.021527086195                 -- 
    5          -0.121541087588           0.000613668726                 -- 
    6          -0.121727605754           0.000024078490                 -- 
    7          -0.121814998555           0.000011378216                 -- 
    8          -0.121852584001           0.000005311367                 -- 
    9          -0.121868395671           0.000002468669                 -- 
   10          -0.121875065256           0.000001149843                 -- 
   11          -0.121877916841           0.000000538465                 -- 
   12          -0.121879158035           0.000000253609                 -- 
   13          -0.121879708531           0.000000120042                 -- 
   14          -0.121879957064           0.000000057182                 -- 
   15          -0.121880071047           0.000000027336                 -- 
   16          -0.121880124021           0.000000013183                 -- 
   17          -0.121880148908           0.000000006284                 -- 
   18          -0.121880160701           0.000000003047                 -- 
   19          -0.121880166327           0.000000001432                 -- 
   20          -0.121880176943           0.000000005598                 -- 
   21          -0.121880170323           0.000000004483                 -- 
 
 ... end SCF calculation
 
  EIGENVALUES AND EIGENVECTORS: 
 ==============================
 
 
  Eigenvalues for: E-
 -----------------
 
    1          -4.731678255707
    2          -4.731659751456
    3          -0.388608504522
    4          -0.247003192541
    5           0.009388719028
    6           0.012398169741
    7           0.012398169741
    8           0.048505302991
    9           0.054746520636
   10           0.054746520636
   11           0.062900712419
   12           0.077324443913
   13           0.079549498437
   14           0.079549498437
   15           0.105287290706
   16           0.125783352361
   17           0.125783352361
   18           0.198246774927
   19           0.304290400690
   20           0.327138070331
   21           0.335507651926
   22           0.335507651926
   23           0.358771811054
   24           0.358771811054
   25           0.376014695429
   26           0.410946237800
   27           0.604967533369
   28           0.604967533369
   29           0.651858542710
   30           0.651858542710
   31           0.726388269625
   32           0.726388269625
   33           0.777595081319
   34           0.885188337493
   35           0.885188337493
   36           1.016494557409
   37           1.184171369651
   38           1.184171369651
   39           1.235106327706
   40           1.235106327706
   41           1.257584286341
   42           1.342767297546
   43           1.429635190338
   44           1.657672821585
   45          10.102425247014
   46          10.147225490602
 
 
  Eigenvalues for: POSITRON
 -----------------
 
    1          -0.020819041875
    2           0.000076487663
    3           0.000137457583
    4           0.000210400913
    5           0.000210400913
    6           0.000326043686
    7           0.000326232556
    8           0.000326232556
    9           0.000328098738
   10           0.000331071456
   11           0.000331071456
   12           0.000429737423
   13           0.000431990745
   14           0.000432330129
   15           0.000432330129
   16           0.000445157586
   17           0.000445157586
   18           0.000856177912
   19           0.000911315984
   20           0.000911315984
   21           0.000977376045
   22           0.001191460911
   23           0.001191551869
   24           0.001191551869
   25           0.001260642772
   26           0.001260642772
   27           0.001525787922
   28           0.001528067456
   29           0.001528067456
   30           0.001529371979
   31           0.001529371979
   32           0.001893749763
   33           0.001949544244
   34           0.003116215741
   35           0.003116215741
   36           0.003735240640
   37           0.003772656000
   38           0.003772656000
   39           0.003797032759
   40           0.004395246661
   41           0.007576596382
   42           0.008796041154
   43           0.008796041154
   44           0.010596379833
   45           0.011530922775
   46           0.011530922775
   47           0.012307740584
   48           0.013166885596
   49           0.018856086249
   50           0.041802425746
   51           0.055363298278
   52           0.158483235720
   53           0.199952120487
   54           0.804763069676
   55           0.839686481502
   56           2.870804352521
   57           2.934026818391
   58          10.739838345089
   59          10.790233305065
   60     1000000.000000000000
   61     1000000.000000000000
   62     1000000.000000000000
   63     1000000.000000000000
   64     1000000.000000000000
   65     1000000.000000000000
   66     1000000.000000000000
   67     1000000.000000000000
   68     1000000.000000000000
 
  end of eigenvalues 
 
  Occupied Eigenvectors for: E-
 --------------------------- 
 
                          -4.7317        -4.7317        -0.3886        -0.2470   
 
    1     BE     S      -0.421580      -0.421628      -0.076683       0.076409
    2     BE     S      -0.315548      -0.315603      -0.127792       0.130314
    3     BE    Px      -0.000239      -0.000262       0.036300       0.037633
    4     BE    Py       0.000000       0.000000       0.000000      -0.000000
    5     BE    Pz      -0.000000      -0.000000      -0.000000       0.000000
    6     BE     S       0.002913       0.003245       0.399403      -0.405953
    7     BE    Px      -0.000011       0.000440       0.069496       0.055743
    8     BE    Py      -0.000000       0.000000       0.000000       0.000000
    9     BE    Pz      -0.000000       0.000000       0.000000       0.000000
   10     BE     S      -0.000961      -0.001884       0.244274      -0.497655
   11     BE    Px      -0.000037      -0.000532       0.005735       0.010196
   12     BE    Py       0.000000      -0.000000       0.000000       0.000000
   13     BE    Pz       0.000000       0.000000      -0.000000       0.000000
   14     BE     S       0.000246       0.002694      -0.002658      -0.057944
   15     BE    Px       0.000077       0.000868      -0.003349       0.004056
   16     BE    Py      -0.000000       0.000000       0.000000      -0.000000
   17     BE    Pz      -0.000000      -0.000000       0.000000       0.000000
   18     BE   Dxx      -0.000504      -0.000165       0.016688       0.007850
   19     BE   Dxy       0.000000      -0.000000      -0.000000       0.000000
   20     BE   Dxz      -0.000000      -0.000000       0.000000       0.000000
   21     BE   Dyy      -0.000323      -0.000307      -0.006808      -0.003376
   22     BE   Dyz       0.000000       0.000000      -0.000000      -0.000000
   23     BE   Dzz      -0.000323      -0.000307      -0.006808      -0.003376
   24     BE     S      -0.421580       0.421628      -0.076683      -0.076409
   25     BE     S      -0.315548       0.315603      -0.127792      -0.130314
   26     BE    Px       0.000239      -0.000262      -0.036300       0.037633
   27     BE    Py      -0.000000       0.000000      -0.000000      -0.000000
   28     BE    Pz       0.000000      -0.000000       0.000000       0.000000
   29     BE     S       0.002913      -0.003245       0.399403       0.405953
   30     BE    Px       0.000011       0.000440      -0.069496       0.055743
   31     BE    Py       0.000000       0.000000       0.000000       0.000000
   32     BE    Pz       0.000000       0.000000      -0.000000      -0.000000
   33     BE     S      -0.000961       0.001884       0.244274       0.497655
   34     BE    Px       0.000037      -0.000532      -0.005735       0.010196
   35     BE    Py      -0.000000       0.000000      -0.000000      -0.000000
   36     BE    Pz      -0.000000      -0.000000      -0.000000       0.000000
   37     BE     S       0.000246      -0.002694      -0.002658       0.057944
   38     BE    Px      -0.000077       0.000868       0.003349       0.004056
   39     BE    Py       0.000000      -0.000000      -0.000000       0.000000
   40     BE    Pz       0.000000       0.000000      -0.000000      -0.000000
   41     BE   Dxx      -0.000504       0.000165       0.016688      -0.007850
   42     BE   Dxy      -0.000000      -0.000000       0.000000      -0.000000
   43     BE   Dxz      -0.000000       0.000000       0.000000       0.000000
   44     BE   Dyy      -0.000323       0.000307      -0.006808       0.003376
   45     BE   Dyz      -0.000000      -0.000000      -0.000000      -0.000000
   46     BE   Dzz      -0.000323       0.000307      -0.006808       0.003376
 
 
  Occupied Eigenvectors for: POSITRON
 --------------------------- 
 
                          -0.0208   
 
    1     E+     S       0.019612
    2     E+     S       0.015339
    3     E+     S      -0.023289
    4     E+     S       0.033755
    5     E+     S      -0.208227
    6     E+     S      -0.267708
    7     E+     S      -0.301499
    8     E+     S       0.195245
    9     E+     S       0.017034
   10     E+     S      -0.000612
   11     E+    Px       0.001593
   12     E+    Py      -0.000000
   13     E+    Pz       0.000000
   14     E+    Px       0.002137
   15     E+    Py      -0.000000
   16     E+    Pz      -0.000000
   17     E+    Px      -0.006032
   18     E+    Py       0.000000
   19     E+    Pz       0.000000
   20     E+    Px       0.004960
   21     E+    Py      -0.000000
   22     E+    Pz      -0.000000
   23     E+   Dxx       0.001492
   24     E+   Dxy       0.000000
   25     E+   Dxz       0.000000
   26     E+   Dyy       0.001265
   27     E+   Dyz       0.000000
   28     E+   Dzz       0.001265
   29     E+   Dxx      -0.001976
   30     E+   Dxy       0.000000
   31     E+   Dxz      -0.000000
   32     E+   Dyy      -0.001642
   33     E+   Dyz      -0.000000
   34     E+   Dzz      -0.001642
   35     E+     S       0.019641
   36     E+     S       0.015370
   37     E+     S      -0.027949
   38     E+     S      -0.019711
   39     E+     S      -0.176503
   40     E+     S      -0.180303
   41     E+     S      -0.265546
   42     E+     S       0.183999
   43     E+     S       0.013032
   44     E+     S      -0.000213
   45     E+    Px      -0.000510
   46     E+    Py       0.000000
   47     E+    Pz      -0.000000
   48     E+    Px      -0.001735
   49     E+    Py       0.000000
   50     E+    Pz       0.000000
   51     E+    Px       0.004440
   52     E+    Py      -0.000000
   53     E+    Pz       0.000000
   54     E+    Px       0.004335
   55     E+    Py       0.000000
   56     E+    Pz       0.000000
   57     E+   Dxx      -0.006873
   58     E+   Dxy      -0.000000
   59     E+   Dxz      -0.000000
   60     E+   Dyy      -0.007138
   61     E+   Dyz      -0.000000
   62     E+   Dzz      -0.007138
   63     E+   Dxx      -0.016326
   64     E+   Dxy      -0.000000
   65     E+   Dxz       0.000000
   66     E+   Dyy      -0.015919
   67     E+   Dyz       0.000000
   68     E+   Dzz      -0.015919
 
 
  end of eigenvectors 
 
  END OF EIGENVALUES AND EIGENVECTORS
 
 
  COMPONENTS OF KINETIC ENERGY: 
 -----------------------------
 
                  E- Kinetic energy =           29.179343069664
            POSITRON Kinetic energy =            0.040307913716
                                     _________________________
               Total kinetic energy =           29.219650983380
 
  COMPONENTS OF POTENTIAL ENERGY: 
 -------------------------------
 
          Fixed potential energy    =            3.333333333333
 
  Quantum/Fixed interaction energy: 
 ----------------------------------
 
          E-/Fixed interact. energy =          -73.915601698339
    POSITRON/Fixed interact. energy =            1.580619992541
                                     _________________________
               Total Q/Fixed energy =          -72.334981705798
 
  Coulomb energy: 
 ------------------
 
               E-/E- Hartree energy =           17.617229760754
   POSITRON/POSITRON Hartree energy =            0.000000000000
         E-/POSITRON Hartree energy =           -1.540685821759
                                     _________________________
               Total Hartree energy =           16.076543938994
 
  Exchange(HF) energy: 
 ----------------------
 
                 E- Exchange energy =           -5.348050179283
           POSITRON Exchange energy =            0.000000000000
                                     _________________________
              Total Exchange energy =           -5.348050179283
 
  External Potential energy: 
 ----------------------------
 
                  E- Ext Pot energy =            0.000000000000
            POSITRON Ext Pot energy =           -0.101061128447
                                     _________________________
    Total External Potential energy =           -0.101061128447
 
  TOTAL ENERGY COMPONENTS: 
 ==========================
 
          TOTAL KINETIC ENERGY      =           29.219650983380
          TOTAL POTENTIAL ENERGY    =          -58.374215741201
                                     _________________________
                       TOTAL ENERGY =          -29.154564757821
 
                 VIRIAL RATIO (V/T) =            1.997772518720
 
 
  END ENERGY COMPONENTS
 
 
** TOTAL CPU Time SCF :      0.512 (s)
** TOTAL Elapsed Time SCF :      0.346 (s)
 
 We are calculating properties for E- in the HF/KS ground state
 We are calculating properties for POSITRON in the HF/KS ground state
 
  POPULATION ANALYSES: 
 ====================
 
 MULLIKEN Population: for E-        
 ---------------------
 
                                    
 
    1     BE     S       1.166086
    2     BE     S       0.824123
    3     BE    Px       0.021473
    4     BE    Py       0.000000
    5     BE    Pz       0.000000
    6     BE     S       1.005230
    7     BE    Px       0.081416
    8     BE    Py       0.000000
    9     BE    Pz       0.000000
   10     BE     S       0.853621
   11     BE    Px       0.015969
   12     BE    Py       0.000000
   13     BE    Pz      -0.000000
   14     BE     S       0.021078
   15     BE    Px       0.002136
   16     BE    Py      -0.000000
   17     BE    Pz       0.000000
   18     BE   Dxx       0.016136
   19     BE   Dxy       0.000000
   20     BE   Dxz       0.000000
   21     BE   Dyy      -0.003634
   22     BE   Dyz       0.000000
   23     BE   Dzz      -0.003634
   24     BE     S       1.166086
   25     BE     S       0.824123
   26     BE    Px       0.021473
   27     BE    Py       0.000000
   28     BE    Pz      -0.000000
   29     BE     S       1.005230
   30     BE    Px       0.081416
   31     BE    Py       0.000000
   32     BE    Pz       0.000000
   33     BE     S       0.853621
   34     BE    Px       0.015969
   35     BE    Py       0.000000
   36     BE    Pz       0.000000
   37     BE     S       0.021078
   38     BE    Px       0.002136
   39     BE    Py       0.000000
   40     BE    Pz       0.000000
   41     BE   Dxx       0.016136
   42     BE   Dxy       0.000000
   43     BE   Dxz       0.000000
   44     BE   Dyy      -0.003634
   45     BE   Dyz       0.000000
   46     BE   Dzz      -0.003634
 
                           __________
              Total =        8.000000
 
  Atomic MULLIKEN Population: for E-        
            BE               4.000000
            BE               4.000000
 
 ...end of MULLIKEN Population
 
 
 END POPULATION ANALYSES 
 
 
  POPULATION ANALYSES: 
 ====================
 
 LOWDIN Population: for E-        
 ---------------------
 
                                    
 
    1     BE     S       1.101062
    2     BE     S       0.875493
    3     BE    Px       0.018819
    4     BE    Py       0.000000
    5     BE    Pz       0.000000
    6     BE     S       0.538080
    7     BE    Px       0.079849
    8     BE    Py       0.000000
    9     BE    Pz       0.000000
   10     BE     S       0.395545
   11     BE    Px       0.179047
   12     BE    Py       0.000000
   13     BE    Pz       0.000000
   14     BE     S       0.112632
   15     BE    Px       0.093268
   16     BE    Py       0.000000
   17     BE    Pz       0.000000
   18     BE   Dxx       0.208434
   19     BE   Dxy       0.000000
   20     BE   Dxz       0.000000
   21     BE   Dyy       0.198886
   22     BE   Dyz       0.000000
   23     BE   Dzz       0.198886
   24     BE     S       1.101062
   25     BE     S       0.875493
   26     BE    Px       0.018819
   27     BE    Py       0.000000
   28     BE    Pz       0.000000
   29     BE     S       0.538080
   30     BE    Px       0.079849
   31     BE    Py       0.000000
   32     BE    Pz       0.000000
   33     BE     S       0.395545
   34     BE    Px       0.179047
   35     BE    Py       0.000000
   36     BE    Pz       0.000000
   37     BE     S       0.112632
   38     BE    Px       0.093268
   39     BE    Py       0.000000
   40     BE    Pz       0.000000
   41     BE   Dxx       0.208434
   42     BE   Dxy       0.000000
   43     BE   Dxz       0.000000
   44     BE   Dyy       0.198886
   45     BE   Dyz       0.000000
   46     BE   Dzz       0.198886
 
                           __________
              Total =        8.000000
 
  Atomic LOWDIN Population: for E-        
            BE               4.000000
            BE               4.000000
 
 ...end of LOWDIN Population
 
 
 END POPULATION ANALYSES 
 
 
  POPULATION ANALYSES: 
 ====================
 
 MULLIKEN Population: for POSITRON  
 ---------------------
 
                                    
 
    1     E+     S      -0.001406
    2     E+     S      -0.002423
    3     E+     S       0.007652
    4     E+     S      -0.020279
    5     E+     S       0.182548
    6     E+     S       0.249474
    7     E+     S       0.206575
    8     E+     S      -0.065502
    9     E+     S      -0.001889
   10     E+     S       0.000018
   11     E+    Px      -0.000005
   12     E+    Py      -0.000000
   13     E+    Pz      -0.000000
   14     E+    Px      -0.000023
   15     E+    Py       0.000000
   16     E+    Pz       0.000000
   17     E+    Px       0.000224
   18     E+    Py       0.000000
   19     E+    Pz      -0.000000
   20     E+    Px      -0.000511
   21     E+    Py      -0.000000
   22     E+    Pz      -0.000000
   23     E+   Dxx      -0.000002
   24     E+   Dxy      -0.000000
   25     E+   Dxz       0.000000
   26     E+   Dyy      -0.000001
   27     E+   Dyz       0.000000
   28     E+   Dzz      -0.000001
   29     E+   Dxx       0.000013
   30     E+   Dxy       0.000000
   31     E+   Dxz      -0.000000
   32     E+   Dyy       0.000009
   33     E+   Dyz       0.000000
   34     E+   Dzz       0.000009
   35     E+     S      -0.001407
   36     E+     S      -0.002425
   37     E+     S       0.009159
   38     E+     S       0.011759
   39     E+     S       0.152144
   40     E+     S       0.162147
   41     E+     S       0.171532
   42     E+     S      -0.057166
   43     E+     S      -0.001323
   44     E+     S       0.000006
   45     E+    Px      -0.000002
   46     E+    Py       0.000000
   47     E+    Pz       0.000000
   48     E+    Px      -0.000025
   49     E+    Py      -0.000000
   50     E+    Pz      -0.000000
   51     E+    Px       0.000217
   52     E+    Py      -0.000000
   53     E+    Pz       0.000000
   54     E+    Px       0.000588
   55     E+    Py       0.000000
   56     E+    Pz       0.000000
   57     E+   Dxx       0.000008
   58     E+   Dxy       0.000000
   59     E+   Dxz      -0.000000
   60     E+   Dyy       0.000006
   61     E+   Dyz      -0.000000
   62     E+   Dzz       0.000006
   63     E+   Dxx       0.000114
   64     E+   Dxy      -0.000000
   65     E+   Dxz       0.000000
   66     E+   Dyy       0.000090
   67     E+   Dyz      -0.000000
   68     E+   Dzz       0.000090
 
                           __________
              Total =        1.000000
 
  Atomic MULLIKEN Population: for POSITRON  
            BE               0.554482
            BE               0.445518
 
 ...end of MULLIKEN Population
 
 
 END POPULATION ANALYSES 
 
 
  POPULATION ANALYSES: 
 ====================
 
 LOWDIN Population: for POSITRON  
 ---------------------
 
                                    
 
    1     E+     S            NaN
    2     E+     S            NaN
    3     E+     S            NaN
    4     E+     S            NaN
    5     E+     S            NaN
    6     E+     S            NaN
    7     E+     S            NaN
    8     E+     S            NaN
    9     E+     S            NaN
   10     E+     S            NaN
   11     E+    Px            NaN
   12     E+    Py            NaN
   13     E+    Pz            NaN
   14     E+    Px            NaN
   15     E+    Py            NaN
   16     E+    Pz            NaN
   17     E+    Px            NaN
   18     E+    Py            NaN
   19     E+    Pz            NaN
   20     E+    Px            NaN
   21     E+    Py            NaN
   22     E+    Pz            NaN
   23     E+   Dxx            NaN
   24     E+   Dxy            NaN
   25     E+   Dxz            NaN
   26     E+   Dyy            NaN
   27     E+   Dyz            NaN
   28     E+   Dzz            NaN
   29     E+   Dxx            NaN
   30     E+   Dxy            NaN
   31     E+   Dxz            NaN
   32     E+   Dyy            NaN
   33     E+   Dyz            NaN
   34     E+   Dzz            NaN
   35     E+     S            NaN
   36     E+     S            NaN
   37     E+     S            NaN
   38     E+     S            NaN
   39     E+     S            NaN
   40     E+     S            NaN
   41     E+     S            NaN
   42     E+     S            NaN
   43     E+     S            NaN
   44     E+     S            NaN
   45     E+    Px            NaN
   46     E+    Py            NaN
   47     E+    Pz            NaN
   48     E+    Px            NaN
   49     E+    Py            NaN
   50     E+    Pz            NaN
   51     E+    Px            NaN
   52     E+    Py            NaN
   53     E+    Pz            NaN
   54     E+    Px            NaN
   55     E+    Py            NaN
   56     E+    Pz            NaN
   57     E+   Dxx            NaN
   58     E+   Dxy            NaN
   59     E+   Dxz            NaN
   60     E+   Dyy            NaN
   61     E+   Dyz            NaN
   62     E+   Dzz            NaN
   63     E+   Dxx            NaN
   64     E+   Dxy            NaN
   65     E+   Dxz            NaN
   66     E+   Dyy            NaN
   67     E+   Dyz            NaN
   68     E+   Dzz            NaN
 
                           __________
              Total =             NaN
 
  Atomic LOWDIN Population: for POSITRON  
            BE                    NaN
            BE                    NaN
 
 ...end of LOWDIN Population
 
 
 END POPULATION ANALYSES 
 
 
  EXPECTED POSITIONS OF QUANTUM SPECIES:
 ======================
 
 POSITIONS IN ANGSTROMS
 ------
 
                        <x>      <y>      <z>         
                 E-  10.1602  -0.0000  -0.0000
           POSITRON   1.0762  -0.0000   0.0000
 
 END EXPECTED POSITIONS
 
 
  ELECTROSTATIC MOMENTS:
 ======================
 
 DIPOLE: (DEBYE)
 ------
 
                           <Dx>         <Dy>         <Dz>          |D|
                 E- -48.80152588   0.00000000   0.00000000
           POSITRON   5.16934701  -0.00000000   0.00000000
    Point charges:   48.80152588   0.00000000   0.00000000
                     ____________________________
      Total Dipole:   5.16934701   0.00000000   0.00000000   5.16934701
 
 QUADRUPOLE NON-TRACELESS: (DEBYE ANGS)
 ------
 
                           <xx>         <yy>         <zz>         <xy>         <xz>         <yz>
                 E-   -0.00000000   -0.00000000   -0.00000000   -0.00000000   -0.00000000   -0.00000000
           POSITRON    0.00000000    0.00000000    0.00000000    0.00000000    0.00000000    0.00000000
    Point charges:   123.95834053    0.00000000    0.00000000    0.00000000    0.00000000    0.00000000
  Total Quadrupole:  123.95834053    0.00000000    0.00000000    0.00000000    0.00000000    0.00000000
                     ____________________________
 
 END ELECTROSTATIC MOMENTS
 

  TOTAL CPU Time:      0.030 (s)
 TOTAL Wall Time:      0.389 (s)
  Elapsed Time:   0h  0m  0s 390ms
LOWDIN execution terminated normally at : Thu Oct 17 19:52:15 2024
-rw-rw-r-- 1 pmorenor pmorenor 1.4M oct 17 19:52 0E-.ints
-rw-rw-r-- 1 pmorenor pmorenor 4.2M oct 17 19:52 0E-.POSITRON.ints
-rw-rw-r-- 1 pmorenor pmorenor 2.1M oct 17 19:52 0POSITRON.ints
-rw-rw-r-- 1 pmorenor pmorenor 1.4M oct 17 19:52 1E-.ints
-rw-rw-r-- 1 pmorenor pmorenor 4.2M oct 17 19:52 1E-.POSITRON.ints
-rw-rw-r-- 1 pmorenor pmorenor 2.1M oct 17 19:52 1POSITRON.ints
-rw-rw-r-- 1 pmorenor pmorenor 1.4M oct 17 19:52 2E-.ints
-rw-rw-r-- 1 pmorenor pmorenor 4.2M oct 17 19:52 2E-.POSITRON.ints
-rw-rw-r-- 1 pmorenor pmorenor 2.1M oct 17 19:52 2POSITRON.ints
-rw-rw-r-- 1 pmorenor pmorenor 1.4M oct 17 19:52 3E-.ints
-rw-rw-r-- 1 pmorenor pmorenor 4.2M oct 17 19:52 3E-.POSITRON.ints
-rw-rw-r-- 1 pmorenor pmorenor 2.1M oct 17 19:52 3POSITRON.ints
-rw-rw-r-- 1 pmorenor pmorenor   12 oct 17 19:52 E-.POSITRON.nints
-rw-rw-r-- 1 pmorenor pmorenor   64 oct 17 19:52 gepol.inp
-rw-rw-r-- 1 pmorenor pmorenor   91 oct 17 19:52 gepol.xyzr
-rw-rw-r-- 1 pmorenor pmorenor 9.5K oct 17 19:52 lowdin.bas
-rw-rw-r-- 1 pmorenor pmorenor  15K oct 17 19:52 lowdin.dat
-rw-rw-r-- 1 pmorenor pmorenor 691K oct 17 19:52 lowdin.opints
-rw-rw-r-- 1 pmorenor pmorenor  26K oct 17 19:52 lowdin.sys
-rw-rw-r-- 1 pmorenor pmorenor 531K oct 17 19:52 lowdin.wfn
-rw-rw-r-- 1 pmorenor pmorenor  495 oct 17 19:52 usual_15
-rw-rw-r-- 1 pmorenor pmorenor  54K oct 17 19:52 usual_150.vec
-rw-rw-r-- 1 pmorenor pmorenor  54K oct 17 19:52 usual_151.vec
-rw-rw-r-- 1 pmorenor pmorenor  54K oct 17 19:52 usual_152.vec
-rw-rw-r-- 1 pmorenor pmorenor  54K oct 17 19:52 usual_153.vec
-rw-rw-r-- 1 pmorenor pmorenor  54K oct 17 19:52 usual_154.vec
-rw-rw-r-- 1 pmorenor pmorenor  54K oct 17 19:52 usual_155.vec
-rw-rw-r-- 1 pmorenor pmorenor  54K oct 17 19:52 usual_156.vec
-rw-rw-r-- 1 pmorenor pmorenor  54K oct 17 19:52 usual_157.vec
-rw-rw-r-- 1 pmorenor pmorenor  54K oct 17 19:52 usual_158.vec
-rw-rw-r-- 1 pmorenor pmorenor  54K oct 17 19:52 usual_159.vec
-rw-rw-r-- 1 pmorenor pmorenor 1.8K oct 17 19:52 usual_15.aux
-rw-rw-r-- 1 pmorenor pmorenor  500 oct 17 19:52 usual_15.lowdin
-rw-rw-r-- 1 pmorenor pmorenor  47K oct 17 19:52 usual_15.out
-rw-rw-r-- 1 pmorenor pmorenor  54K oct 17 19:52 usual_15.vec
