Begin job by input: usual_262.lowdin, for user: pmorenor  at  jue 17 oct 2024 19:56:03 -05
under operating system Linux Hefesto 5.4.0-196-generic #216-Ubuntu SMP Thu Aug 29 13:26:53 UTC 2024 x86_64 x86_64 x86_64 GNU/Linux
Compilation information
  commit: f2cffef7078af1231fe3319081e66b682883a80b
  compilation date:  mar 06 feb 2024 16:53:31 -05

BEGIN INPUT INFO:
------------------------------------

GEOMETRY
	Be	Dirac	0.0 0.0 0.0
	e-(Be)	6-311++G.d.p 0.0 0.0 0.0
	E+	GRIBAKIN-10S4P2D 0.0 0.0 0.0
	Be	Dirac	54.2 0.0 0.0
	e-(Be)	6-311++G.d.p	54.2 0.0 0.0
	E+	GRIBAKIN-10S4P2D 54.2 0.0 0.0 addParticles=-1 
END GEOMETRY

TASKS
        method = "RHF"
END TASKS

EXTERPOTENTIAL
	E- GRIBAKIN0
	E+ VPC262
END EXTERPOTENTIAL

CONTROL
	units="BOHRS"
	readCoefficients=F
	convergenceMethod=1
	overlapEigenThreshold=1E-6
	SCFGhostSpecies="POSITRON"
	HFprintEigenvalues=T
	totalEnergyTolerance = 1E-9
END CONTROL


... END INPUT INFO


 LOWDIN execution started at : Thu Oct 17 19:56:03 2024
 ---------------------------------------------------------------
 
 ***************************************************************
 *                   LOWDIN 2.0  (May/2013)                    *
 *                                                             *
 *  R. FLORES-MORENO, E. F. POSADA, F. S. MONCADA, J.ROMERO,   *
 *  J. CHARRY, M. DIAZ-TINOCO, S. A. GONZALEZ, N. F. AGUIRRE,  *
 *  A. REYES                                                   *
 *                                                             *
 *  https://sites.google.com/site/lowdinproject/               *
 *                                                             *
 ***************************************************************
 
 PARSING INPUT... DONE!
 
 LOWDIN IS RUNNING WITH NEXT PARAMETERS: 
 ----------------------------------------
 
         METHOD TYPE:  RHF
         NUMBER OF CORES:     4
         NONELECTRONIC DENSITY GUESS: HCORE
         ELECTRONIC DENSITY GUESS: HCORE
         CRITERIUM OF CONVERGENCE: ENERGY
         NONELECTRONIC ENERGY TOLERANCE IN SCFs:     0.10000E-07
         ELECTRONIC ENERGY TOLERANCE IN SCFs:     0.10000E-07
         TOTAL ENERGY TOLERANCE IN SCFs:     0.10000E-08
         SCHEME OF ITERATION: GLOBAL ITERATIONS
         SCF MAX. SUBITERATIONS - NONELECTRONS :     1
         SCF MAX. SUBITERATIONS - ELECTRONS :     1
         SCF MAX. ITERATIONS - INTERSPECIES :   200
         INTEGRAL STORAGE: DISK
         STACK SIZE FOR ERIS : 30000
         METHOD OF SCF CONVERGENCE: DAMPING
 
  MOLECULAR SYSTEM: usual_262
 -----------------
 
    DESCRIPTION   : usual_262
    CHARGE        :   2
    PUNTUAL GROUP : NONE
 
 
  INFORMATION OF PARTICLES :
 =========================
         Total number of particles   =      11
         Number of quantum particles =       9
         Number of puntual charges   =       2
         Number of quantum species   =       2
 
                 INFORMATION OF QUANTUM SPECIES 
     ---------------------------------------------------------------------
         ID      Symbol            mass     charge     spin     multiplicity
     ---------------------------------------------------------------------
         1             E-         1.0000     -1.00      0.50      1.00
         2             E+         1.0000      1.00      0.50      1.00
 
                   CONSTANTS OF COUPLING 
      ------------------------------------------------------------
           Symbol          kappa      eta     lambda     occupation
      ------------------------------------------------------------
                 E-        -1.0      2.00      2.00      4.00
                 E+        -1.0      1.00      1.00      1.00
 
                   BASIS SET FOR SPECIES 
      ------------------------------------------------------------
           Symbol          N. Basis     N. Particles     Basis Set
      ------------------------------------------------------------
                 E-           20                8     6-311++G.D
                 E+           32                1     GRIBAKIN-1
 
                                ATOMIC BASIS
         ------------------------------------------------------------
          PRIMITIVE   SHELL             EXPONENT         COEFFICIENT 
         ------------------------------------------------------------
 
    BEGIN DESCRIPTION OF BASIS FOR:    E-
    ==============================
 
 
            BE BASIS SET:   6-311++G.D.P
             1         S             1682.80000000          0.00228574
             2         S              251.71500000          0.01759380
             3         S               57.41160000          0.08633150
             4         S               16.51710000          0.28183500
             5         S                4.85364000          0.64059400
             6         S                0.62686300          0.14446700
             1         S                8.30938000          0.10862100
             2         S                1.74075000          0.92730100
             3         S                0.48581600         -0.00297169
             1         P                8.30938000          0.03613440
             2         P                1.74075000          0.21695800
             3         P                0.48581600          0.84183900
             1         S                0.16361300          1.00000000
             1         P                0.16361300          1.00000000
             1         S                0.05672850          1.00000000
             1         P                0.05672850          1.00000000
             1         S                0.02070000          1.00000000
             1         P                0.02070000          1.00000000
             1         D                0.25500000          1.00000000
 
            BE BASIS SET:   6-311++G.D.P
             1         S             1682.80000000          0.00228574
             2         S              251.71500000          0.01759380
             3         S               57.41160000          0.08633150
             4         S               16.51710000          0.28183500
             5         S                4.85364000          0.64059400
             6         S                0.62686300          0.14446700
             1         S                8.30938000          0.10862100
             2         S                1.74075000          0.92730100
             3         S                0.48581600         -0.00297169
             1         P                8.30938000          0.03613440
             2         P                1.74075000          0.21695800
             3         P                0.48581600          0.84183900
             1         S                0.16361300          1.00000000
             1         P                0.16361300          1.00000000
             1         S                0.05672850          1.00000000
             1         P                0.05672850          1.00000000
             1         S                0.02070000          1.00000000
             1         P                0.02070000          1.00000000
             1         D                0.25500000          1.00000000
    ... END DESCRIPTION OF BASIS
 
 
    BEGIN DESCRIPTION OF BASIS FOR:    E+
    ==============================
 
 
            E+ BASIS SET:GRIBAKIN-10S4P2
             1         S                0.00010000          1.00000000
             1         S                0.00030000          1.00000000
             1         S                0.00090000          1.00000000
             1         S                0.00270000          1.00000000
             1         S                0.00810000          1.00000000
             1         S                0.02430000          1.00000000
             1         S                0.07290000          1.00000000
             1         S                0.21870000          1.00000000
             1         S                0.65610000          1.00000000
             1         S                1.96830000          1.00000000
             1         P                0.00010000          1.00000000
             1         P                0.00030000          1.00000000
             1         P                0.00090000          1.00000000
             1         P                0.00270000          1.00000000
             1         D                0.00010000          1.00000000
             1         D                0.00030000          1.00000000
 
            E+ BASIS SET:GRIBAKIN-10S4P2
             1         S                0.00010000          1.00000000
             1         S                0.00030000          1.00000000
             1         S                0.00090000          1.00000000
             1         S                0.00270000          1.00000000
             1         S                0.00810000          1.00000000
             1         S                0.02430000          1.00000000
             1         S                0.07290000          1.00000000
             1         S                0.21870000          1.00000000
             1         S                0.65610000          1.00000000
             1         S                1.96830000          1.00000000
             1         P                0.00010000          1.00000000
             1         P                0.00030000          1.00000000
             1         P                0.00090000          1.00000000
             1         P                0.00270000          1.00000000
             1         D                0.00010000          1.00000000
             1         D                0.00030000          1.00000000
    ... END DESCRIPTION OF BASIS
 
 
  END INFORMATION OF PARTICLES
 
 
  INFORMATION OF THE QUANTUM SYSTEM 
     ---------------------------------------------------------------------
                 ID     Occupied Orbitals     Basis size
     ---------------------------------------------------------------------
                 E-            4               46
                 E+            1               68
 
  END INFORMATION OF QUANTUM SYSTEM
 
 
  INFORMATION OF EXTERNAL POTENTIALS 
 
 =======
 External Potential for E- : GRIBAKIN0
 Type : 
                     Exponent         l       R_x       R_y       R_z              Factor
                 0.0010000000         0   0.00000   0.00000   0.00000        0.0000000000
 
 =======
 External Potential for E+ : VPC262
 Type : 
                     Exponent         l       R_x       R_y       R_z              Factor
                 0.0010000000         0   0.00000   0.00000   0.00000       -0.0004852612
                 0.0020000000         0   0.00000   0.00000   0.00000        0.0024441783
                 0.0040000000         0   0.00000   0.00000   0.00000       -0.0075448874
                 0.0080000000         0   0.00000   0.00000   0.00000        0.0157738437
                 0.0160000000         0   0.00000   0.00000   0.00000       -0.0371036225
                 0.0320000000         0   0.00000   0.00000   0.00000        0.0538567205
                 0.0640000000         0   0.00000   0.00000   0.00000       -0.1977562620
                 0.1280000000         0   0.00000   0.00000   0.00000        0.1521150960
                 0.2560000000         0   0.00000   0.00000   0.00000       -2.2309931100
                 0.5120000000         0   0.00000   0.00000   0.00000        7.1544406100
                 1.0000000000         0   0.00000   0.00000   0.00000      -16.4610761000
                 2.0000000000         0   0.00000   0.00000   0.00000      120.0674500000
                 3.0000000000         0   0.00000   0.00000   0.00000    -1010.4441400000
                 4.0000000000         0   0.00000   0.00000   0.00000     5912.5175500000
                 5.0000000000         0   0.00000   0.00000   0.00000   -22883.6471000000
                 6.0000000000         0   0.00000   0.00000   0.00000    58320.2479000000
                 7.0000000000         0   0.00000   0.00000   0.00000   -96733.7399000000
                 8.0000000000         0   0.00000   0.00000   0.00000   100515.5930000000
                 9.0000000000         0   0.00000   0.00000   0.00000   -59492.9273000000
                10.0000000000         0   0.00000   0.00000   0.00000    15337.5181000000
                20.0000000000         0   0.00000   0.00000   0.00000     -108.3194530000
                30.0000000000         0   0.00000   0.00000   0.00000       58.7242217000
                40.0000000000         0   0.00000   0.00000   0.00000      -33.9818623000
                50.0000000000         0   0.00000   0.00000   0.00000       10.1503518000
               100.0000000000         0   0.00000   0.00000   0.00000       -0.2039701810
                 0.0010000000         0  51.21168   0.00000   0.00000       -0.0004852612
                 0.0020000000         0  51.21168   0.00000   0.00000        0.0024441783
                 0.0040000000         0  51.21168   0.00000   0.00000       -0.0075448874
                 0.0080000000         0  51.21168   0.00000   0.00000        0.0157738437
                 0.0160000000         0  51.21168   0.00000   0.00000       -0.0371036225
                 0.0320000000         0  51.21168   0.00000   0.00000        0.0538567205
                 0.0640000000         0  51.21168   0.00000   0.00000       -0.1977562620
                 0.1280000000         0  51.21168   0.00000   0.00000        0.1521150960
                 0.2560000000         0  51.21168   0.00000   0.00000       -2.2309931100
                 0.5120000000         0  51.21168   0.00000   0.00000        7.1544406100
                 1.0000000000         0  51.21168   0.00000   0.00000      -16.4610761000
                 2.0000000000         0  51.21168   0.00000   0.00000      120.0674500000
                 3.0000000000         0  51.21168   0.00000   0.00000    -1010.4441400000
                 4.0000000000         0  51.21168   0.00000   0.00000     5912.5175500000
                 5.0000000000         0  51.21168   0.00000   0.00000   -22883.6471000000
                 6.0000000000         0  51.21168   0.00000   0.00000    58320.2479000000
                 7.0000000000         0  51.21168   0.00000   0.00000   -96733.7399000000
                 8.0000000000         0  51.21168   0.00000   0.00000   100515.5930000000
                 9.0000000000         0  51.21168   0.00000   0.00000   -59492.9273000000
                10.0000000000         0  51.21168   0.00000   0.00000    15337.5181000000
                20.0000000000         0  51.21168   0.00000   0.00000     -108.3194530000
                30.0000000000         0  51.21168   0.00000   0.00000       58.7242217000
                40.0000000000         0  51.21168   0.00000   0.00000      -33.9818623000
                50.0000000000         0  51.21168   0.00000   0.00000       10.1503518000
               100.0000000000         0  51.21168   0.00000   0.00000       -0.2039701810
 
  END INFORMATION OF EXTERNAL POTENTIALS
 
                       INITIAL GEOMETRY: AMSTRONG
                 -----------------------------------
                       <x>                 <y>                 <z>
      E-BE        0.0000000000        0.0000000000        0.0000000000
      E-BE       28.6814069088        0.0000000000        0.0000000000
        E+        0.0000000000        0.0000000000        0.0000000000
        E+       28.6814069088        0.0000000000        0.0000000000
        BE        0.0000000000        0.0000000000        0.0000000000
        BE       28.6814069088        0.0000000000        0.0000000000
 
                     MATRIX OF DISTANCE: ANGSTROM
                 -----------------------------------
                          BE(1)          BE(2)     
 
        BE(1)            0.000000      28.681407
        BE(2)           28.681407       0.000000
 
--------------------------------------------------------------------------------
** PROGRAM: SCF (Hartree Fock).     Author: S.A. Gonzalez, E. Posada, F. Moncada
--------------------------------------------------------------------------------
INFO: RUNNING IN RHF MODE.
 
----------------------------------------------------------------------
** PROGRAM INTS                          Author: E. F. Posada, 2013   
----------------------------------------------------------------------
INFO: RUNNING IN ONE_PARTICLE MODE.
 
 Number of Overlap integrals for species E-:   2116
 Number of Overlap integrals for species POSITRON:   4624
 Number of Kinetic integrals for species E-:   2116
 Number of Kinetic integrals for species POSITRON:   4624
 Number of Nuclear integrals for species E-:   2116
 Number of Nuclear integrals for species POSITRON:   4624
 Number of Moment integrals for species E-:   6348
 Number of Moment integrals for species POSITRON:  13872
 Number of 3C Overlap integrals for species E-:   2116
 Number of 3C Overlap integrals for species POSITRON:   4624
 
** TOTAL CPU Time INTS :      0.129 (s)
** TOTAL Elapsed Time INTS :      0.122 (s)
 
Removed     1 orbitals for species POSITRON with overlap eigen threshold of 1.000E-06
       Usign  HCORE density guess for species:         E-
     number of         E-     particles in guess density matrix:     8.000000
       Usign  HCORE density guess for species:   POSITRON
     number of   POSITRON     particles in guess density matrix:     0.000000
renormalized density matrix with deviation from number of particl    1.000000
 Number of unique integrals for species: 1 = 33140
 Number of unique integrals for species: 2 = 269084
 Number of unique integrals for species: 1 / 2 = 314182 Screened: 32989
 
 TWO-BODY INTEGRAL SETUP: 
------------------------- 
 Storage:   DISK
 Scheme: LIBINT
 Stack size:  30000
 
 LIBINT library, Fermann, J. T.; Valeev, F. L. 2010                   
 LOWDIN-LIBINT Implementation V. 2.1  Posada E. F. ; Reyes A. 2016   
 ----------------------------------------------------------------------

*** TOTAL CPU time intra-species integrals :      0.109 (s)
*** TOTAL elapsed time intra-species integrals :      0.032 (s)


*** TOTAL CPU time inter-species integrals :      0.198 (s)
*** TOTAL elapsed time inter-species integrals :      0.054 (s)

INFO: RUNNING SCHEME SIMULTANEOUS
 
 Begin Multi-Species SCF calculation:
 
 --------------------------------------------------------------------------------------------------
      Iteration                   Energy            Energy Change           Density Change
 --------------------------------------------------------------------------------------------------
              1         -27.549851955610          27.549851955610         699.814823511326
              2         -29.115396892385           1.565544936775           0.028877346051
              3         -29.146395650469           0.030998758083           0.004886596612
              4         -29.146994724894           0.000599074425           0.001134996119
              5         -29.146997402076           0.000002677182           0.000279654933
              6         -29.146994051458          -0.000003350617           0.000068515613
              7         -29.146993540981          -0.000000510478           0.000016387363
              8         -29.146993585802           0.000000044821           0.000003854486
              9         -29.146993654876           0.000000069075           0.000001362615
             10         -29.146993690880           0.000000036004           0.000000512556
             11         -29.146993705983           0.000000015103           0.000000198394
             12         -29.146993711764           0.000000005782           0.000000078022
             13         -29.146993713874           0.000000002110           0.000000030912
             14         -29.146993714624           0.000000000749           0.000000012301
 Total energy converged after  14 global iterations                                                  
 
 ...end Multi-Species SCF calculation
 
 
 Begin SCF calculation by: E-
 -------------------------
 
 -----------------------------------------------------------------------------------
 Iteration                   Energy           Density Change         DIIS Error 
 -----------------------------------------------------------------------------------
    1         -29.316526548689           0.020093080948                 -- 
    2         -29.417675341604           0.003561625286                 -- 
    3         -29.434930641597           0.000809287780                 -- 
    4         -29.438269855235           0.000200751720                 -- 
    5         -29.438933117743           0.000051802408                 -- 
    6         -29.439064615589           0.000013731624                 -- 
    7         -29.439089827905           0.000003739411                 -- 
    8         -29.439094220290           0.000001049811                 -- 
    9         -29.439094794699           0.000000304734                 -- 
   10         -29.439094784524           0.000000091525                 -- 
   11         -29.439094734731           0.000000028393                 -- 
   12         -29.439094707348           0.000000009066                 -- 
   13         -29.439094695697           0.000000002967                 -- 
 
 ... end SCF calculation
 
 Begin SCF calculation by: POSITRON
 -------------------------
 
 -----------------------------------------------------------------------------------
 Iteration                   Energy           Density Change         DIIS Error 
 -----------------------------------------------------------------------------------
    1          -0.038710404722           0.008784265103                 -- 
    2          -0.033037421660           0.001324971325                 -- 
    3          -0.032022158405           0.000325708339                 -- 
    4          -0.031826318223           0.000078903213                 -- 
    5          -0.031791205087           0.000016713204                 -- 
    6          -0.031786214661           0.000002655739                 -- 
    7          -0.031786075065           0.000000115075                 -- 
    8          -0.031786379052           0.000000312804                 -- 
    9          -0.031786561761           0.000000207822                 -- 
   10          -0.031786641670           0.000000106869                 -- 
   11          -0.031786672757           0.000000049629                 -- 
   12          -0.031786684163           0.000000021846                 -- 
   13          -0.031786688209           0.000000009334                 -- 
 
 ... end SCF calculation
 
  EIGENVALUES AND EIGENVECTORS: 
 ==============================
 
 
  Eigenvalues for: E-
 -----------------
 
    1          -4.732348738966
    2          -4.732348738966
    3          -0.309258221775
    4          -0.309258221775
    5           0.029565784118
    6           0.029565784122
    7           0.029565784122
    8           0.029565784122
    9           0.029565784122
   10           0.029565784124
   11           0.051096234986
   12           0.051096234987
   13           0.098028634115
   14           0.098028634120
   15           0.098028634120
   16           0.098028634121
   17           0.098028634121
   18           0.098028634124
   19           0.321204931418
   20           0.321204931418
   21           0.345804686738
   22           0.345804686741
   23           0.345804686741
   24           0.345804686741
   25           0.345804686741
   26           0.345804686743
   27           0.692850857314
   28           0.692850857314
   29           0.692850857314
   30           0.692850857314
   31           0.692850857314
   32           0.692850857314
   33           0.692850857315
   34           0.692850857315
   35           0.692850857315
   36           0.692850857315
   37           1.198792707668
   38           1.198792707669
   39           1.198792707669
   40           1.198792707669
   41           1.198792707669
   42           1.198792707670
   43           1.414741301100
   44           1.414741301101
   45          10.066564141325
   46          10.066564141326
 
 
  Eigenvalues for: POSITRON
 -----------------
 
    1          -0.003101977944
    2          -0.001238199147
    3           0.000086983273
    4           0.000134728461
    5           0.000205980597
    6           0.000205980597
    7           0.000258518350
    8           0.000278941518
    9           0.000278941518
   10           0.000322828434
   11           0.000322828434
   12           0.000374192543
   13           0.000405283601
   14           0.000424022273
   15           0.000424022273
   16           0.000433767025
   17           0.000433767025
   18           0.000437578962
   19           0.000561005851
   20           0.000561005851
   21           0.000590961966
   22           0.000876492372
   23           0.000876492372
   24           0.000975302735
   25           0.001037818289
   26           0.001116075304
   27           0.001116075304
   28           0.001150543873
   29           0.001210412502
   30           0.001210412502
   31           0.001235758655
   32           0.001462036654
   33           0.001462036654
   34           0.001471793053
   35           0.001471793053
   36           0.001758763437
   37           0.001758763437
   38           0.001795395755
   39           0.002104585518
   40           0.002202134405
   41           0.002409099265
   42           0.002915569134
   43           0.002915569134
   44           0.003402996131
   45           0.003480638960
   46           0.003480638960
   47           0.004439063359
   48           0.005072796987
   49           0.005562573403
   50           0.009289010116
   51           0.009289010116
   52           0.009422893547
   53           0.009422893547
   54           0.009656247674
   55           0.010061245632
   56           0.014842416755
   57           0.017774785567
   58           0.051239208398
   59           0.059056912342
   60           0.193136341487
   61           0.230172237548
   62           0.855532514012
   63           0.875791176343
   64           2.874815930752
   65           2.941196589302
   66          10.652254233739
   67          10.802362912212
   68     1000000.000000000000
 
  end of eigenvalues 
 
  Occupied Eigenvectors for: E-
 --------------------------- 
 
                          -4.7323        -4.7323        -0.3093        -0.3093   
 
    1     BE     S      -0.044014      -0.594654      -0.109583       0.000754
    2     BE     S      -0.032954      -0.445225      -0.185689       0.001278
    3     BE    Px       0.000000       0.000000       0.000000      -0.000000
    4     BE    Py      -0.000000      -0.000000       0.000000      -0.000000
    5     BE    Pz       0.000000       0.000000       0.000000      -0.000000
    6     BE     S       0.000361       0.004876       0.583985      -0.004018
    7     BE    Px      -0.000000      -0.000000       0.000000      -0.000000
    8     BE    Py       0.000000       0.000000       0.000000      -0.000000
    9     BE    Pz      -0.000000      -0.000000       0.000000      -0.000000
   10     BE     S      -0.000105      -0.001421       0.500121      -0.003441
   11     BE    Px       0.000000       0.000000      -0.000000       0.000000
   12     BE    Py      -0.000000      -0.000000       0.000000      -0.000000
   13     BE    Pz       0.000000       0.000000      -0.000000       0.000000
   14     BE     S       0.000032       0.000428       0.022343      -0.000154
   15     BE    Px      -0.000000      -0.000000      -0.000000       0.000000
   16     BE    Py       0.000000       0.000000       0.000000      -0.000000
   17     BE    Pz      -0.000000      -0.000000      -0.000000      -0.000000
   18     BE   Dxx      -0.000050      -0.000669      -0.001773       0.000012
   19     BE   Dxy      -0.000000       0.000000       0.000000      -0.000000
   20     BE   Dxz       0.000000       0.000000       0.000000      -0.000000
   21     BE   Dyy      -0.000050      -0.000669      -0.001773       0.000012
   22     BE   Dyz       0.000000       0.000000       0.000000       0.000000
   23     BE   Dzz      -0.000050      -0.000669      -0.001773       0.000012
   24     BE     S       0.594654      -0.044014       0.000754       0.109583
   25     BE     S       0.445225      -0.032954       0.001278       0.185689
   26     BE    Px       0.000000      -0.000000       0.000000       0.000000
   27     BE    Py       0.000000       0.000000      -0.000000       0.000000
   28     BE    Pz       0.000000       0.000000       0.000000      -0.000000
   29     BE     S      -0.004876       0.000361      -0.004018      -0.583985
   30     BE    Px      -0.000000       0.000000       0.000000       0.000000
   31     BE    Py      -0.000000      -0.000000      -0.000000       0.000000
   32     BE    Pz      -0.000000      -0.000000      -0.000000       0.000000
   33     BE     S       0.001421      -0.000105      -0.003441      -0.500121
   34     BE    Px       0.000000      -0.000000      -0.000000      -0.000000
   35     BE    Py       0.000000       0.000000       0.000000       0.000000
   36     BE    Pz       0.000000       0.000000       0.000000      -0.000000
   37     BE     S      -0.000428       0.000032      -0.000154      -0.022343
   38     BE    Px      -0.000000       0.000000      -0.000000      -0.000000
   39     BE    Py       0.000000       0.000000      -0.000000       0.000000
   40     BE    Pz      -0.000000      -0.000000      -0.000000       0.000000
   41     BE   Dxx       0.000669      -0.000050       0.000012       0.001773
   42     BE   Dxy      -0.000000       0.000000       0.000000       0.000000
   43     BE   Dxz       0.000000      -0.000000       0.000000      -0.000000
   44     BE   Dyy       0.000669      -0.000050       0.000012       0.001773
   45     BE   Dyz       0.000000       0.000000      -0.000000       0.000000
   46     BE   Dzz       0.000669      -0.000050       0.000012       0.001773
 
 
  Occupied Eigenvectors for: POSITRON
 --------------------------- 
 
                          -0.0031   
 
    1     E+     S       0.007460
    2     E+     S       0.205682
    3     E+     S      -0.180110
    4     E+     S      -0.300507
    5     E+     S      -0.388595
    6     E+     S      -0.248557
    7     E+     S      -0.170959
    8     E+     S       0.135204
    9     E+     S       0.008373
   10     E+     S      -0.000001
   11     E+    Px       0.011554
   12     E+    Py       0.000000
   13     E+    Pz      -0.000000
   14     E+    Px       0.096615
   15     E+    Py      -0.000000
   16     E+    Pz       0.000000
   17     E+    Px      -0.003325
   18     E+    Py      -0.000000
   19     E+    Pz       0.000000
   20     E+    Px      -0.000267
   21     E+    Py      -0.000000
   22     E+    Pz      -0.000000
   23     E+   Dxx       0.001130
   24     E+   Dxy       0.000000
   25     E+   Dxz      -0.000000
   26     E+   Dyy      -0.005387
   27     E+   Dyz      -0.000000
   28     E+   Dzz      -0.005387
   29     E+   Dxx       0.011659
   30     E+   Dxy      -0.000000
   31     E+   Dxz       0.000000
   32     E+   Dyy      -0.014494
   33     E+   Dyz       0.000000
   34     E+   Dzz      -0.014494
   35     E+     S       0.007963
   36     E+     S      -0.174072
   37     E+     S      -0.001579
   38     E+     S      -0.009710
   39     E+     S      -0.006978
   40     E+     S      -0.007383
   41     E+     S       0.001308
   42     E+     S       0.001661
   43     E+     S      -0.000080
   44     E+     S       0.000062
   45     E+    Px      -0.021446
   46     E+    Py      -0.000000
   47     E+    Pz       0.000000
   48     E+    Px       0.110424
   49     E+    Py       0.000000
   50     E+    Pz      -0.000000
   51     E+    Px      -0.012058
   52     E+    Py      -0.000000
   53     E+    Pz      -0.000000
   54     E+    Px       0.010697
   55     E+    Py       0.000000
   56     E+    Pz      -0.000000
   57     E+   Dxx       0.010743
   58     E+   Dxy       0.000000
   59     E+   Dxz       0.000000
   60     E+   Dyy       0.000405
   61     E+   Dyz       0.000000
   62     E+   Dzz       0.000405
   63     E+   Dxx      -0.036326
   64     E+   Dxy      -0.000000
   65     E+   Dxz       0.000000
   66     E+   Dyy      -0.001606
   67     E+   Dyz      -0.000000
   68     E+   Dzz      -0.001606
 
 
  end of eigenvectors 
 
  END OF EIGENVALUES AND EIGENVECTORS
 
 
  COMPONENTS OF KINETIC ENERGY: 
 -----------------------------
 
                  E- Kinetic energy =           29.142628633730
            POSITRON Kinetic energy =            0.015653800203
                                     _________________________
               Total kinetic energy =           29.158282433933
 
  COMPONENTS OF POTENTIAL ENERGY: 
 -------------------------------
 
          Fixed potential energy    =            0.295202952030
 
  Quantum/Fixed interaction energy: 
 ----------------------------------
 
          E-/Fixed interact. energy =          -67.854390182158
    POSITRON/Fixed interact. energy =            0.662024938766
                                     _________________________
               Total Q/Fixed energy =          -67.192365243392
 
  Coulomb energy: 
 ------------------
 
               E-/E- Hartree energy =           14.605776312954
   POSITRON/POSITRON Hartree energy =            0.000000000000
         E-/POSITRON Hartree energy =           -0.652096006907
                                     _________________________
               Total Hartree energy =           13.953680306047
 
  Exchange(HF) energy: 
 ----------------------
 
                 E- Exchange energy =           -5.333109453236
           POSITRON Exchange energy =            0.000000000000
                                     _________________________
              Total Exchange energy =           -5.333109453236
 
  External Potential energy: 
 ----------------------------
 
                  E- Ext Pot energy =            0.000000000000
            POSITRON Ext Pot energy =           -0.028684710266
                                     _________________________
    Total External Potential energy =           -0.028684710266
 
  TOTAL ENERGY COMPONENTS: 
 ==========================
 
          TOTAL KINETIC ENERGY      =           29.158282433933
          TOTAL POTENTIAL ENERGY    =          -58.305276148817
                                     _________________________
                       TOTAL ENERGY =          -29.146993714885
 
                 VIRIAL RATIO (V/T) =            1.999612846913
 
 
  END ENERGY COMPONENTS
 
 
** TOTAL CPU Time SCF :      0.212 (s)
** TOTAL Elapsed Time SCF :      0.245 (s)
 
 We are calculating properties for E- in the HF/KS ground state
 We are calculating properties for POSITRON in the HF/KS ground state
 
  POPULATION ANALYSES: 
 ====================
 
 MULLIKEN Population: for E-        
 ---------------------
 
                                    
 
    1     BE     S       1.166391
    2     BE     S       0.823588
    3     BE    Px       0.000000
    4     BE    Py      -0.000000
    5     BE    Pz      -0.000000
    6     BE     S       1.043694
    7     BE    Px       0.000000
    8     BE    Py       0.000000
    9     BE    Pz       0.000000
   10     BE     S       0.942124
   11     BE    Px       0.000000
   12     BE    Py      -0.000000
   13     BE    Pz      -0.000000
   14     BE     S       0.031424
   15     BE    Px       0.000000
   16     BE    Py       0.000000
   17     BE    Pz       0.000000
   18     BE   Dxx      -0.002407
   19     BE   Dxy       0.000000
   20     BE   Dxz       0.000000
   21     BE   Dyy      -0.002407
   22     BE   Dyz       0.000000
   23     BE   Dzz      -0.002407
   24     BE     S       1.166391
   25     BE     S       0.823588
   26     BE    Px       0.000000
   27     BE    Py       0.000000
   28     BE    Pz      -0.000000
   29     BE     S       1.043694
   30     BE    Px       0.000000
   31     BE    Py      -0.000000
   32     BE    Pz       0.000000
   33     BE     S       0.942124
   34     BE    Px       0.000000
   35     BE    Py       0.000000
   36     BE    Pz      -0.000000
   37     BE     S       0.031424
   38     BE    Px       0.000000
   39     BE    Py       0.000000
   40     BE    Pz       0.000000
   41     BE   Dxx      -0.002407
   42     BE   Dxy       0.000000
   43     BE   Dxz       0.000000
   44     BE   Dyy      -0.002407
   45     BE   Dyz       0.000000
   46     BE   Dzz      -0.002407
 
                           __________
              Total =        8.000000
 
  Atomic MULLIKEN Population: for E-        
            BE               4.000000
            BE               4.000000
 
 ...end of MULLIKEN Population
 
 
 END POPULATION ANALYSES 
 
 
  POPULATION ANALYSES: 
 ====================
 
 LOWDIN Population: for E-        
 ---------------------
 
                                    
 
    1     BE     S       1.101745
    2     BE     S       0.875944
    3     BE    Px       0.000000
    4     BE    Py       0.000000
    5     BE    Pz       0.000000
    6     BE     S       0.590908
    7     BE    Px       0.000000
    8     BE    Py       0.000000
    9     BE    Pz       0.000000
   10     BE     S       0.553024
   11     BE    Px       0.000000
   12     BE    Py       0.000000
   13     BE    Pz       0.000000
   14     BE     S       0.204207
   15     BE    Px       0.000000
   16     BE    Py       0.000000
   17     BE    Pz       0.000000
   18     BE   Dxx       0.224724
   19     BE   Dxy       0.000000
   20     BE   Dxz       0.000000
   21     BE   Dyy       0.224724
   22     BE   Dyz       0.000000
   23     BE   Dzz       0.224724
   24     BE     S       1.101745
   25     BE     S       0.875944
   26     BE    Px       0.000000
   27     BE    Py       0.000000
   28     BE    Pz       0.000000
   29     BE     S       0.590908
   30     BE    Px       0.000000
   31     BE    Py       0.000000
   32     BE    Pz       0.000000
   33     BE     S       0.553024
   34     BE    Px       0.000000
   35     BE    Py       0.000000
   36     BE    Pz       0.000000
   37     BE     S       0.204207
   38     BE    Px       0.000000
   39     BE    Py       0.000000
   40     BE    Pz       0.000000
   41     BE   Dxx       0.224724
   42     BE   Dxy       0.000000
   43     BE   Dxz       0.000000
   44     BE   Dyy       0.224724
   45     BE   Dyz       0.000000
   46     BE   Dzz       0.224724
 
                           __________
              Total =        8.000000
 
  Atomic LOWDIN Population: for E-        
            BE               4.000000
            BE               4.000000
 
 ...end of LOWDIN Population
 
 
 END POPULATION ANALYSES 
 
 
  POPULATION ANALYSES: 
 ====================
 
 MULLIKEN Population: for POSITRON  
 ---------------------
 
                                    
 
    1     E+     S      -0.001481
    2     E+     S      -0.079964
    3     E+     S       0.117131
    4     E+     S       0.265387
    5     E+     S       0.370879
    6     E+     S       0.201637
    7     E+     S       0.089537
    8     E+     S      -0.032120
    9     E+     S      -0.000630
   10     E+     S       0.000000
   11     E+    Px      -0.000040
   12     E+    Py       0.000000
   13     E+    Pz       0.000000
   14     E+    Px      -0.000702
   15     E+    Py      -0.000000
   16     E+    Pz      -0.000000
   17     E+    Px       0.000022
   18     E+    Py      -0.000000
   19     E+    Pz      -0.000000
   20     E+    Px       0.000000
   21     E+    Py      -0.000000
   22     E+    Pz       0.000000
   23     E+   Dxx      -0.000017
   24     E+   Dxy      -0.000000
   25     E+   Dxz      -0.000000
   26     E+   Dyy       0.000069
   27     E+   Dyz      -0.000000
   28     E+   Dzz       0.000069
   29     E+   Dxx      -0.000745
   30     E+   Dxy       0.000000
   31     E+   Dxz       0.000000
   32     E+   Dyy       0.000838
   33     E+   Dyz      -0.000000
   34     E+   Dzz       0.000838
   35     E+     S      -0.001213
   36     E+     S       0.032719
   37     E+     S       0.000177
   38     E+     S       0.000424
   39     E+     S       0.000194
   40     E+     S       0.000139
   41     E+     S      -0.000013
   42     E+     S      -0.000006
   43     E+     S       0.000000
   44     E+     S      -0.000000
   45     E+    Px      -0.003248
   46     E+    Py       0.000000
   47     E+    Pz       0.000000
   48     E+    Px       0.032118
   49     E+    Py      -0.000000
   50     E+    Pz      -0.000000
   51     E+    Px      -0.002613
   52     E+    Py       0.000000
   53     E+    Pz       0.000000
   54     E+    Px       0.000534
   55     E+    Py       0.000000
   56     E+    Pz       0.000000
   57     E+   Dxx      -0.001067
   58     E+   Dxy      -0.000000
   59     E+   Dxz       0.000000
   60     E+   Dyy      -0.000004
   61     E+   Dyz       0.000000
   62     E+   Dzz      -0.000004
   63     E+   Dxx       0.011061
   64     E+   Dxy       0.000000
   65     E+   Dxz       0.000000
   66     E+   Dyy       0.000048
   67     E+   Dyz       0.000000
   68     E+   Dzz       0.000048
 
                           __________
              Total =        1.000000
 
  Atomic MULLIKEN Population: for POSITRON  
            BE               0.930707
            BE               0.069293
 
 ...end of MULLIKEN Population
 
 
 END POPULATION ANALYSES 
 
 
  POPULATION ANALYSES: 
 ====================
 
 LOWDIN Population: for POSITRON  
 ---------------------
 
                                    
 
    1     E+     S       0.002418
    2     E+     S       0.014798
    3     E+     S       0.089578
    4     E+     S       0.252416
    5     E+     S       0.328466
    6     E+     S       0.215805
    7     E+     S       0.063828
    8     E+     S       0.001085
    9     E+     S       0.000314
   10     E+     S       0.000038
   11     E+    Px       0.000007
   12     E+    Py       0.000000
   13     E+    Pz       0.000000
   14     E+    Px       0.000002
   15     E+    Py       0.000000
   16     E+    Pz       0.000000
   17     E+    Px       0.000011
   18     E+    Py       0.000000
   19     E+    Pz       0.000000
   20     E+    Px       0.000006
   21     E+    Py      -0.000000
   22     E+    Pz       0.000000
   23     E+   Dxx       0.000007
   24     E+   Dxy       0.000000
   25     E+   Dxz       0.000000
   26     E+   Dyy       0.000017
   27     E+   Dyz       0.000000
   28     E+   Dzz       0.000017
   29     E+   Dxx       0.000003
   30     E+   Dxy       0.000000
   31     E+   Dxz       0.000000
   32     E+   Dyy       0.000115
   33     E+   Dyz       0.000000
   34     E+   Dzz       0.000115
   35     E+     S       0.001390
   36     E+     S       0.002826
   37     E+     S       0.000827
   38     E+     S       0.000120
   39     E+     S       0.000146
   40     E+     S       0.000086
   41     E+     S       0.000010
   42     E+     S       0.000000
   43     E+     S       0.000000
   44     E+     S       0.000000
   45     E+    Px       0.001633
   46     E+    Py       0.000000
   47     E+    Pz      -0.000000
   48     E+    Px       0.008969
   49     E+    Py       0.000000
   50     E+    Pz       0.000000
   51     E+    Px       0.004205
   52     E+    Py       0.000000
   53     E+    Pz       0.000000
   54     E+    Px       0.000079
   55     E+    Py       0.000000
   56     E+    Pz       0.000000
   57     E+   Dxx       0.000424
   58     E+   Dxy       0.000000
   59     E+   Dxz       0.000000
   60     E+   Dyy       0.000005
   61     E+   Dyz       0.000000
   62     E+   Dzz       0.000005
   63     E+   Dxx       0.010203
   64     E+   Dxy       0.000000
   65     E+   Dxz       0.000000
   66     E+   Dyy       0.000014
   67     E+   Dyz       0.000000
   68     E+   Dzz       0.000014
 
                           __________
              Total =        1.000000
 
  Atomic LOWDIN Population: for POSITRON  
            BE               0.969045
            BE               0.030955
 
 ...end of LOWDIN Population
 
 
 END POPULATION ANALYSES 
 
 
  EXPECTED POSITIONS OF QUANTUM SPECIES:
 ======================
 
 POSITIONS IN ANGSTROMS
 ------
 
                        <x>      <y>      <z>         
                 E- 114.7256   0.0000   0.0000
           POSITRON   0.0383  -0.0000   0.0000
 
 END EXPECTED POSITIONS
 
 
  ELECTROSTATIC MOMENTS:
 ======================
 
 DIPOLE: (DEBYE)
 ------
 
                           <Dx>         <Dy>         <Dz>          |D|
                 E--551.05056305  -0.00000000  -0.00000000
           POSITRON   0.18408367  -0.00000000   0.00000000
    Point charges:  551.05056305   0.00000000   0.00000000
                     ____________________________
      Total Dipole:   0.18408367  -0.00000000   0.00000000   0.18408367
 
 QUADRUPOLE NON-TRACELESS: (DEBYE ANGS)
 ------
 
                           <xx>         <yy>         <zz>         <xy>         <xz>         <yz>
                 E-   -0.00000000   -0.00000000   -0.00000000   -0.00000000   -0.00000000   -0.00000000
           POSITRON    0.00000000    0.00000000    0.00000000    0.00000000    0.00000000    0.00000000
    Point charges: 15804.90362318    0.00000000    0.00000000    0.00000000    0.00000000    0.00000000
  Total Quadrupole:15804.90362318    0.00000000    0.00000000    0.00000000    0.00000000    0.00000000
                     ____________________________
 
 END ELECTROSTATIC MOMENTS
 

  TOTAL CPU Time:      0.030 (s)
 TOTAL Wall Time:      0.288 (s)
  Elapsed Time:   0h  0m  0s 289ms
LOWDIN execution terminated normally at : Thu Oct 17 19:56:03 2024
-rw-rw-r-- 1 pmorenor pmorenor 704K oct 17 19:56 0E-.ints
-rw-rw-r-- 1 pmorenor pmorenor 2.1M oct 17 19:56 0E-.POSITRON.ints
-rw-rw-r-- 1 pmorenor pmorenor 2.1M oct 17 19:56 0POSITRON.ints
-rw-rw-r-- 1 pmorenor pmorenor 704K oct 17 19:56 1E-.ints
-rw-rw-r-- 1 pmorenor pmorenor 2.1M oct 17 19:56 1E-.POSITRON.ints
-rw-rw-r-- 1 pmorenor pmorenor 2.1M oct 17 19:56 1POSITRON.ints
-rw-rw-r-- 1 pmorenor pmorenor 704K oct 17 19:56 2E-.ints
-rw-rw-r-- 1 pmorenor pmorenor 2.1M oct 17 19:56 2E-.POSITRON.ints
-rw-rw-r-- 1 pmorenor pmorenor 2.1M oct 17 19:56 2POSITRON.ints
-rw-rw-r-- 1 pmorenor pmorenor 704K oct 17 19:56 3E-.ints
-rw-rw-r-- 1 pmorenor pmorenor 2.1M oct 17 19:56 3E-.POSITRON.ints
-rw-rw-r-- 1 pmorenor pmorenor 2.1M oct 17 19:56 3POSITRON.ints
-rw-rw-r-- 1 pmorenor pmorenor   12 oct 17 19:56 E-.POSITRON.nints
-rw-rw-r-- 1 pmorenor pmorenor   65 oct 17 19:56 gepol.inp
-rw-rw-r-- 1 pmorenor pmorenor   91 oct 17 19:56 gepol.xyzr
-rw-rw-r-- 1 pmorenor pmorenor 9.5K oct 17 19:56 lowdin.bas
-rw-rw-r-- 1 pmorenor pmorenor  15K oct 17 19:56 lowdin.dat
-rw-rw-r-- 1 pmorenor pmorenor 691K oct 17 19:56 lowdin.opints
-rw-rw-r-- 1 pmorenor pmorenor  26K oct 17 19:56 lowdin.sys
-rw-rw-r-- 1 pmorenor pmorenor 531K oct 17 19:56 lowdin.wfn
-rw-rw-r-- 1 pmorenor pmorenor  499 oct 17 19:56 usual_262
-rw-rw-r-- 1 pmorenor pmorenor 1.8K oct 17 19:56 usual_262.aux
-rw-rw-r-- 1 pmorenor pmorenor  504 oct 17 19:56 usual_262.lowdin
-rw-rw-r-- 1 pmorenor pmorenor  46K oct 17 19:56 usual_262.out
-rw-rw-r-- 1 pmorenor pmorenor  54K oct 17 19:56 usual_262.vec
