Begin job by input: usual_273.lowdin, for user: pmorenor  at  jue 17 oct 2024 19:56:13 -05
under operating system Linux Hefesto 5.4.0-196-generic #216-Ubuntu SMP Thu Aug 29 13:26:53 UTC 2024 x86_64 x86_64 x86_64 GNU/Linux
Compilation information
  commit: f2cffef7078af1231fe3319081e66b682883a80b
  compilation date:  mar 06 feb 2024 16:53:31 -05

BEGIN INPUT INFO:
------------------------------------

GEOMETRY
	Be	Dirac	0.0 0.0 0.0
	e-(Be)	6-311++G.d.p 0.0 0.0 0.0
	E+	GRIBAKIN-10S4P2D 0.0 0.0 0.0
	Be	Dirac	56.4 0.0 0.0
	e-(Be)	6-311++G.d.p	56.4 0.0 0.0
	E+	GRIBAKIN-10S4P2D 56.4 0.0 0.0 addParticles=-1 
END GEOMETRY

TASKS
        method = "RHF"
END TASKS

EXTERPOTENTIAL
	E- GRIBAKIN0
	E+ VPC273
END EXTERPOTENTIAL

CONTROL
	units="BOHRS"
	readCoefficients=F
	convergenceMethod=1
	overlapEigenThreshold=1E-6
	SCFGhostSpecies="POSITRON"
	HFprintEigenvalues=T
	totalEnergyTolerance = 1E-9
END CONTROL


... END INPUT INFO


 LOWDIN execution started at : Thu Oct 17 19:56:13 2024
 ---------------------------------------------------------------
 
 ***************************************************************
 *                   LOWDIN 2.0  (May/2013)                    *
 *                                                             *
 *  R. FLORES-MORENO, E. F. POSADA, F. S. MONCADA, J.ROMERO,   *
 *  J. CHARRY, M. DIAZ-TINOCO, S. A. GONZALEZ, N. F. AGUIRRE,  *
 *  A. REYES                                                   *
 *                                                             *
 *  https://sites.google.com/site/lowdinproject/               *
 *                                                             *
 ***************************************************************
 
 PARSING INPUT... DONE!
 
 LOWDIN IS RUNNING WITH NEXT PARAMETERS: 
 ----------------------------------------
 
         METHOD TYPE:  RHF
         NUMBER OF CORES:     4
         NONELECTRONIC DENSITY GUESS: HCORE
         ELECTRONIC DENSITY GUESS: HCORE
         CRITERIUM OF CONVERGENCE: ENERGY
         NONELECTRONIC ENERGY TOLERANCE IN SCFs:     0.10000E-07
         ELECTRONIC ENERGY TOLERANCE IN SCFs:     0.10000E-07
         TOTAL ENERGY TOLERANCE IN SCFs:     0.10000E-08
         SCHEME OF ITERATION: GLOBAL ITERATIONS
         SCF MAX. SUBITERATIONS - NONELECTRONS :     1
         SCF MAX. SUBITERATIONS - ELECTRONS :     1
         SCF MAX. ITERATIONS - INTERSPECIES :   200
         INTEGRAL STORAGE: DISK
         STACK SIZE FOR ERIS : 30000
         METHOD OF SCF CONVERGENCE: DAMPING
 
  MOLECULAR SYSTEM: usual_273
 -----------------
 
    DESCRIPTION   : usual_273
    CHARGE        :   2
    PUNTUAL GROUP : NONE
 
 
  INFORMATION OF PARTICLES :
 =========================
         Total number of particles   =      11
         Number of quantum particles =       9
         Number of puntual charges   =       2
         Number of quantum species   =       2
 
                 INFORMATION OF QUANTUM SPECIES 
     ---------------------------------------------------------------------
         ID      Symbol            mass     charge     spin     multiplicity
     ---------------------------------------------------------------------
         1             E-         1.0000     -1.00      0.50      1.00
         2             E+         1.0000      1.00      0.50      1.00
 
                   CONSTANTS OF COUPLING 
      ------------------------------------------------------------
           Symbol          kappa      eta     lambda     occupation
      ------------------------------------------------------------
                 E-        -1.0      2.00      2.00      4.00
                 E+        -1.0      1.00      1.00      1.00
 
                   BASIS SET FOR SPECIES 
      ------------------------------------------------------------
           Symbol          N. Basis     N. Particles     Basis Set
      ------------------------------------------------------------
                 E-           20                8     6-311++G.D
                 E+           32                1     GRIBAKIN-1
 
                                ATOMIC BASIS
         ------------------------------------------------------------
          PRIMITIVE   SHELL             EXPONENT         COEFFICIENT 
         ------------------------------------------------------------
 
    BEGIN DESCRIPTION OF BASIS FOR:    E-
    ==============================
 
 
            BE BASIS SET:   6-311++G.D.P
             1         S             1682.80000000          0.00228574
             2         S              251.71500000          0.01759380
             3         S               57.41160000          0.08633150
             4         S               16.51710000          0.28183500
             5         S                4.85364000          0.64059400
             6         S                0.62686300          0.14446700
             1         S                8.30938000          0.10862100
             2         S                1.74075000          0.92730100
             3         S                0.48581600         -0.00297169
             1         P                8.30938000          0.03613440
             2         P                1.74075000          0.21695800
             3         P                0.48581600          0.84183900
             1         S                0.16361300          1.00000000
             1         P                0.16361300          1.00000000
             1         S                0.05672850          1.00000000
             1         P                0.05672850          1.00000000
             1         S                0.02070000          1.00000000
             1         P                0.02070000          1.00000000
             1         D                0.25500000          1.00000000
 
            BE BASIS SET:   6-311++G.D.P
             1         S             1682.80000000          0.00228574
             2         S              251.71500000          0.01759380
             3         S               57.41160000          0.08633150
             4         S               16.51710000          0.28183500
             5         S                4.85364000          0.64059400
             6         S                0.62686300          0.14446700
             1         S                8.30938000          0.10862100
             2         S                1.74075000          0.92730100
             3         S                0.48581600         -0.00297169
             1         P                8.30938000          0.03613440
             2         P                1.74075000          0.21695800
             3         P                0.48581600          0.84183900
             1         S                0.16361300          1.00000000
             1         P                0.16361300          1.00000000
             1         S                0.05672850          1.00000000
             1         P                0.05672850          1.00000000
             1         S                0.02070000          1.00000000
             1         P                0.02070000          1.00000000
             1         D                0.25500000          1.00000000
    ... END DESCRIPTION OF BASIS
 
 
    BEGIN DESCRIPTION OF BASIS FOR:    E+
    ==============================
 
 
            E+ BASIS SET:GRIBAKIN-10S4P2
             1         S                0.00010000          1.00000000
             1         S                0.00030000          1.00000000
             1         S                0.00090000          1.00000000
             1         S                0.00270000          1.00000000
             1         S                0.00810000          1.00000000
             1         S                0.02430000          1.00000000
             1         S                0.07290000          1.00000000
             1         S                0.21870000          1.00000000
             1         S                0.65610000          1.00000000
             1         S                1.96830000          1.00000000
             1         P                0.00010000          1.00000000
             1         P                0.00030000          1.00000000
             1         P                0.00090000          1.00000000
             1         P                0.00270000          1.00000000
             1         D                0.00010000          1.00000000
             1         D                0.00030000          1.00000000
 
            E+ BASIS SET:GRIBAKIN-10S4P2
             1         S                0.00010000          1.00000000
             1         S                0.00030000          1.00000000
             1         S                0.00090000          1.00000000
             1         S                0.00270000          1.00000000
             1         S                0.00810000          1.00000000
             1         S                0.02430000          1.00000000
             1         S                0.07290000          1.00000000
             1         S                0.21870000          1.00000000
             1         S                0.65610000          1.00000000
             1         S                1.96830000          1.00000000
             1         P                0.00010000          1.00000000
             1         P                0.00030000          1.00000000
             1         P                0.00090000          1.00000000
             1         P                0.00270000          1.00000000
             1         D                0.00010000          1.00000000
             1         D                0.00030000          1.00000000
    ... END DESCRIPTION OF BASIS
 
 
  END INFORMATION OF PARTICLES
 
 
  INFORMATION OF THE QUANTUM SYSTEM 
     ---------------------------------------------------------------------
                 ID     Occupied Orbitals     Basis size
     ---------------------------------------------------------------------
                 E-            4               46
                 E+            1               68
 
  END INFORMATION OF QUANTUM SYSTEM
 
 
  INFORMATION OF EXTERNAL POTENTIALS 
 
 =======
 External Potential for E- : GRIBAKIN0
 Type : 
                     Exponent         l       R_x       R_y       R_z              Factor
                 0.0010000000         0   0.00000   0.00000   0.00000        0.0000000000
 
 =======
 External Potential for E+ : VPC273
 Type : 
                     Exponent         l       R_x       R_y       R_z              Factor
                 0.0010000000         0   0.00000   0.00000   0.00000       -0.0004852612
                 0.0020000000         0   0.00000   0.00000   0.00000        0.0024441783
                 0.0040000000         0   0.00000   0.00000   0.00000       -0.0075448874
                 0.0080000000         0   0.00000   0.00000   0.00000        0.0157738437
                 0.0160000000         0   0.00000   0.00000   0.00000       -0.0371036225
                 0.0320000000         0   0.00000   0.00000   0.00000        0.0538567205
                 0.0640000000         0   0.00000   0.00000   0.00000       -0.1977562620
                 0.1280000000         0   0.00000   0.00000   0.00000        0.1521150960
                 0.2560000000         0   0.00000   0.00000   0.00000       -2.2309931100
                 0.5120000000         0   0.00000   0.00000   0.00000        7.1544406100
                 1.0000000000         0   0.00000   0.00000   0.00000      -16.4610761000
                 2.0000000000         0   0.00000   0.00000   0.00000      120.0674500000
                 3.0000000000         0   0.00000   0.00000   0.00000    -1010.4441400000
                 4.0000000000         0   0.00000   0.00000   0.00000     5912.5175500000
                 5.0000000000         0   0.00000   0.00000   0.00000   -22883.6471000000
                 6.0000000000         0   0.00000   0.00000   0.00000    58320.2479000000
                 7.0000000000         0   0.00000   0.00000   0.00000   -96733.7399000000
                 8.0000000000         0   0.00000   0.00000   0.00000   100515.5930000000
                 9.0000000000         0   0.00000   0.00000   0.00000   -59492.9273000000
                10.0000000000         0   0.00000   0.00000   0.00000    15337.5181000000
                20.0000000000         0   0.00000   0.00000   0.00000     -108.3194530000
                30.0000000000         0   0.00000   0.00000   0.00000       58.7242217000
                40.0000000000         0   0.00000   0.00000   0.00000      -33.9818623000
                50.0000000000         0   0.00000   0.00000   0.00000       10.1503518000
               100.0000000000         0   0.00000   0.00000   0.00000       -0.2039701810
                 0.0010000000         0  53.29039   0.00000   0.00000       -0.0004852612
                 0.0020000000         0  53.29039   0.00000   0.00000        0.0024441783
                 0.0040000000         0  53.29039   0.00000   0.00000       -0.0075448874
                 0.0080000000         0  53.29039   0.00000   0.00000        0.0157738437
                 0.0160000000         0  53.29039   0.00000   0.00000       -0.0371036225
                 0.0320000000         0  53.29039   0.00000   0.00000        0.0538567205
                 0.0640000000         0  53.29039   0.00000   0.00000       -0.1977562620
                 0.1280000000         0  53.29039   0.00000   0.00000        0.1521150960
                 0.2560000000         0  53.29039   0.00000   0.00000       -2.2309931100
                 0.5120000000         0  53.29039   0.00000   0.00000        7.1544406100
                 1.0000000000         0  53.29039   0.00000   0.00000      -16.4610761000
                 2.0000000000         0  53.29039   0.00000   0.00000      120.0674500000
                 3.0000000000         0  53.29039   0.00000   0.00000    -1010.4441400000
                 4.0000000000         0  53.29039   0.00000   0.00000     5912.5175500000
                 5.0000000000         0  53.29039   0.00000   0.00000   -22883.6471000000
                 6.0000000000         0  53.29039   0.00000   0.00000    58320.2479000000
                 7.0000000000         0  53.29039   0.00000   0.00000   -96733.7399000000
                 8.0000000000         0  53.29039   0.00000   0.00000   100515.5930000000
                 9.0000000000         0  53.29039   0.00000   0.00000   -59492.9273000000
                10.0000000000         0  53.29039   0.00000   0.00000    15337.5181000000
                20.0000000000         0  53.29039   0.00000   0.00000     -108.3194530000
                30.0000000000         0  53.29039   0.00000   0.00000       58.7242217000
                40.0000000000         0  53.29039   0.00000   0.00000      -33.9818623000
                50.0000000000         0  53.29039   0.00000   0.00000       10.1503518000
               100.0000000000         0  53.29039   0.00000   0.00000       -0.2039701810
 
  END INFORMATION OF EXTERNAL POTENTIALS
 
                       INITIAL GEOMETRY: AMSTRONG
                 -----------------------------------
                       <x>                 <y>                 <z>
      E-BE        0.0000000000        0.0000000000        0.0000000000
      E-BE       29.8455968571        0.0000000000        0.0000000000
        E+        0.0000000000        0.0000000000        0.0000000000
        E+       29.8455968571        0.0000000000        0.0000000000
        BE        0.0000000000        0.0000000000        0.0000000000
        BE       29.8455968571        0.0000000000        0.0000000000
 
                     MATRIX OF DISTANCE: ANGSTROM
                 -----------------------------------
                          BE(1)          BE(2)     
 
        BE(1)            0.000000      29.845597
        BE(2)           29.845597       0.000000
 
--------------------------------------------------------------------------------
** PROGRAM: SCF (Hartree Fock).     Author: S.A. Gonzalez, E. Posada, F. Moncada
--------------------------------------------------------------------------------
INFO: RUNNING IN RHF MODE.
 
----------------------------------------------------------------------
** PROGRAM INTS                          Author: E. F. Posada, 2013   
----------------------------------------------------------------------
INFO: RUNNING IN ONE_PARTICLE MODE.
 
 Number of Overlap integrals for species E-:   2116
 Number of Overlap integrals for species POSITRON:   4624
 Number of Kinetic integrals for species E-:   2116
 Number of Kinetic integrals for species POSITRON:   4624
 Number of Nuclear integrals for species E-:   2116
 Number of Nuclear integrals for species POSITRON:   4624
 Number of Moment integrals for species E-:   6348
 Number of Moment integrals for species POSITRON:  13872
 Number of 3C Overlap integrals for species E-:   2116
 Number of 3C Overlap integrals for species POSITRON:   4624
 
** TOTAL CPU Time INTS :      0.131 (s)
** TOTAL Elapsed Time INTS :      0.124 (s)
 
Removed     1 orbitals for species POSITRON with overlap eigen threshold of 1.000E-06
       Usign  HCORE density guess for species:         E-
     number of         E-     particles in guess density matrix:     8.000000
       Usign  HCORE density guess for species:   POSITRON
     number of   POSITRON     particles in guess density matrix:     0.000000
renormalized density matrix with deviation from number of particl    1.000000
 Number of unique integrals for species: 1 = 33058
 Number of unique integrals for species: 2 = 265163
 Number of unique integrals for species: 1 / 2 = 313546 Screened: 31768
 
 TWO-BODY INTEGRAL SETUP: 
------------------------- 
 Storage:   DISK
 Scheme: LIBINT
 Stack size:  30000
 
 LIBINT library, Fermann, J. T.; Valeev, F. L. 2010                   
 LOWDIN-LIBINT Implementation V. 2.1  Posada E. F. ; Reyes A. 2016   
 ----------------------------------------------------------------------

*** TOTAL CPU time intra-species integrals :      0.114 (s)
*** TOTAL elapsed time intra-species integrals :      0.032 (s)


*** TOTAL CPU time inter-species integrals :      0.195 (s)
*** TOTAL elapsed time inter-species integrals :      0.054 (s)

INFO: RUNNING SCHEME SIMULTANEOUS
 
 Begin Multi-Species SCF calculation:
 
 --------------------------------------------------------------------------------------------------
      Iteration                   Energy            Energy Change           Density Change
 --------------------------------------------------------------------------------------------------
              1         -27.550075993688          27.550075993688         478.102895251861
              2         -29.115402928875           1.565326935187           0.028040059583
              3         -29.146395523782           0.030992594908           0.004645331284
              4         -29.146993294983           0.000597771200           0.001051537194
              5         -29.146995672478           0.000002377496           0.000257210659
              6         -29.146992257352          -0.000003415126           0.000063574863
              7         -29.146991730679          -0.000000526674           0.000015575822
              8         -29.146991770757           0.000000040078           0.000003831255
              9         -29.146991838287           0.000000067531           0.000001269109
             10         -29.146991873756           0.000000035468           0.000000451510
             11         -29.146991888666           0.000000014910           0.000000167463
             12         -29.146991894377           0.000000005711           0.000000063864
             13         -29.146991896461           0.000000002084           0.000000024740
             14         -29.146991897200           0.000000000739           0.000000009689
 Total energy converged after  14 global iterations                                                  
 
 ...end Multi-Species SCF calculation
 
 
 Begin SCF calculation by: E-
 -------------------------
 
 -----------------------------------------------------------------------------------
 Iteration                   Energy           Density Change         DIIS Error 
 -----------------------------------------------------------------------------------
    1         -29.304910411135           0.020103422814                 -- 
    2         -29.406136746412           0.003562749010                 -- 
    3         -29.423409499077           0.000809261021                 -- 
    4         -29.426753168812           0.000200640255                 -- 
    5         -29.427417629414           0.000051735268                 -- 
    6         -29.427549464253           0.000013699264                 -- 
    7         -29.427574775335           0.000003724946                 -- 
    8         -29.427579197701           0.000001043558                 -- 
    9         -29.427579781476           0.000000302084                 -- 
   10         -29.427579774296           0.000000090419                 -- 
   11         -29.427579725478           0.000000027938                 -- 
   12         -29.427579698417           0.000000008881                 -- 
   13         -29.427579686874           0.000000002893                 -- 
 
 ... end SCF calculation
 
 Begin SCF calculation by: POSITRON
 -------------------------
 
 -----------------------------------------------------------------------------------
 Iteration                   Energy           Density Change         DIIS Error 
 -----------------------------------------------------------------------------------
    1          -0.038721731675           0.007936636769                 -- 
    2          -0.033045477205           0.001082582274                 -- 
    3          -0.032029590854           0.000242276173                 -- 
    4          -0.031833433073           0.000056570404                 -- 
    5          -0.031798178066           0.000011839595                 -- 
    6          -0.031793131936           0.000001876557                 -- 
    7          -0.031792971885           0.000000106309                 -- 
    8          -0.031793268629           0.000000225550                 -- 
    9          -0.031793448829           0.000000149426                 -- 
   10          -0.031793527879           0.000000077044                 -- 
   11          -0.031793558676           0.000000035926                 -- 
   12          -0.031793569984           0.000000015859                 -- 
   13          -0.031793573998           0.000000006796                 -- 
 
 ... end SCF calculation
 
  EIGENVALUES AND EIGENVECTORS: 
 ==============================
 
 
  Eigenvalues for: E-
 -----------------
 
    1          -4.732348738936
    2          -4.732348738936
    3          -0.309258221764
    4          -0.309258221764
    5           0.029565784130
    6           0.029565784131
    7           0.029565784131
    8           0.029565784131
    9           0.029565784131
   10           0.029565784131
   11           0.051096234991
   12           0.051096234991
   13           0.098028634129
   14           0.098028634130
   15           0.098028634130
   16           0.098028634130
   17           0.098028634130
   18           0.098028634130
   19           0.321204931428
   20           0.321204931428
   21           0.345804686754
   22           0.345804686754
   23           0.345804686754
   24           0.345804686754
   25           0.345804686754
   26           0.345804686754
   27           0.692850857333
   28           0.692850857333
   29           0.692850857333
   30           0.692850857333
   31           0.692850857333
   32           0.692850857333
   33           0.692850857333
   34           0.692850857333
   35           0.692850857333
   36           0.692850857333
   37           1.198792707691
   38           1.198792707691
   39           1.198792707691
   40           1.198792707691
   41           1.198792707691
   42           1.198792707691
   43           1.414741301121
   44           1.414741301121
   45          10.066564141354
   46          10.066564141355
 
 
  Eigenvalues for: POSITRON
 -----------------
 
    1          -0.003100160520
    2          -0.001222742606
    3           0.000086978395
    4           0.000134438540
    5           0.000205724822
    6           0.000205724822
    7           0.000258472404
    8           0.000278627383
    9           0.000278627383
   10           0.000322276799
   11           0.000322276799
   12           0.000373906640
   13           0.000404564115
   14           0.000423352929
   15           0.000423352929
   16           0.000432850930
   17           0.000432850930
   18           0.000437338060
   19           0.000559983418
   20           0.000559983418
   21           0.000590091338
   22           0.000875312797
   23           0.000875312797
   24           0.000974195554
   25           0.001038112111
   26           0.001112754077
   27           0.001112754077
   28           0.001147825142
   29           0.001207893286
   30           0.001207893286
   31           0.001233988987
   32           0.001455119645
   33           0.001455119645
   34           0.001467393469
   35           0.001467393469
   36           0.001753566814
   37           0.001753566814
   38           0.001784610966
   39           0.002105148321
   40           0.002191274198
   41           0.002406862509
   42           0.002921866042
   43           0.002921866042
   44           0.003348040200
   45           0.003456456695
   46           0.003456456695
   47           0.004407623060
   48           0.005056953653
   49           0.005549704812
   50           0.009280474661
   51           0.009280474661
   52           0.009425502677
   53           0.009425502677
   54           0.009775099045
   55           0.009927132569
   56           0.014827877762
   57           0.017880694205
   58           0.051226489582
   59           0.059455799181
   60           0.193123179188
   61           0.231654649244
   62           0.855521374376
   63           0.879452173362
   64           2.882251154679
   65           2.941188193878
   66          10.664999056424
   67          10.802354417521
   68     1000000.000000000000
 
  end of eigenvalues 
 
  Occupied Eigenvectors for: E-
 --------------------------- 
 
                          -4.7323        -4.7323        -0.3093        -0.3093   
 
    1     BE     S      -0.329388      -0.497045       0.001404       0.109577
    2     BE     S      -0.246617      -0.372144       0.002379       0.185679
    3     BE    Px       0.000000       0.000000      -0.000000      -0.000000
    4     BE    Py      -0.000000      -0.000000       0.000000       0.000000
    5     BE    Pz      -0.000000      -0.000000       0.000000       0.000000
    6     BE     S       0.002701       0.004076      -0.007483      -0.583950
    7     BE    Px      -0.000000      -0.000000      -0.000000      -0.000000
    8     BE    Py       0.000000       0.000000      -0.000000      -0.000000
    9     BE    Pz       0.000000       0.000000      -0.000000      -0.000000
   10     BE     S      -0.000787      -0.001188      -0.006408      -0.500092
   11     BE    Px       0.000000       0.000000       0.000000       0.000000
   12     BE    Py      -0.000000      -0.000000       0.000000       0.000000
   13     BE    Pz      -0.000000      -0.000000       0.000000       0.000000
   14     BE     S       0.000237       0.000358      -0.000286      -0.022342
   15     BE    Px      -0.000000      -0.000000       0.000000       0.000000
   16     BE    Py       0.000000       0.000000      -0.000000      -0.000000
   17     BE    Pz       0.000000       0.000000      -0.000000      -0.000000
   18     BE   Dxx      -0.000371      -0.000559       0.000023       0.001772
   19     BE   Dxy      -0.000000      -0.000000       0.000000       0.000000
   20     BE   Dxz       0.000000       0.000000      -0.000000      -0.000000
   21     BE   Dyy      -0.000371      -0.000559       0.000023       0.001772
   22     BE   Dyz      -0.000000      -0.000000      -0.000000      -0.000000
   23     BE   Dzz      -0.000371      -0.000559       0.000023       0.001772
   24     BE     S       0.497045      -0.329388      -0.109577       0.001404
   25     BE     S       0.372144      -0.246617      -0.185679       0.002379
   26     BE    Px       0.000000      -0.000000      -0.000000       0.000000
   27     BE    Py       0.000000       0.000000      -0.000000      -0.000000
   28     BE    Pz      -0.000000      -0.000000      -0.000000      -0.000000
   29     BE     S      -0.004076       0.002701       0.583950      -0.007483
   30     BE    Px      -0.000000       0.000000      -0.000000       0.000000
   31     BE    Py      -0.000000      -0.000000      -0.000000       0.000000
   32     BE    Pz      -0.000000      -0.000000       0.000000       0.000000
   33     BE     S       0.001188      -0.000787       0.500092      -0.006408
   34     BE    Px       0.000000      -0.000000       0.000000      -0.000000
   35     BE    Py      -0.000000      -0.000000      -0.000000      -0.000000
   36     BE    Pz       0.000000       0.000000      -0.000000      -0.000000
   37     BE     S      -0.000358       0.000237       0.022342      -0.000286
   38     BE    Px      -0.000000       0.000000       0.000000      -0.000000
   39     BE    Py       0.000000       0.000000      -0.000000       0.000000
   40     BE    Pz      -0.000000      -0.000000       0.000000       0.000000
   41     BE   Dxx       0.000559      -0.000371      -0.001772       0.000023
   42     BE   Dxy       0.000000      -0.000000       0.000000       0.000000
   43     BE   Dxz      -0.000000       0.000000       0.000000       0.000000
   44     BE   Dyy       0.000559      -0.000371      -0.001772       0.000023
   45     BE   Dyz      -0.000000       0.000000      -0.000000      -0.000000
   46     BE   Dzz       0.000559      -0.000371      -0.001772       0.000023
 
 
  Occupied Eigenvectors for: POSITRON
 --------------------------- 
 
                          -0.0031   
 
    1     E+     S      -0.010601
    2     E+     S      -0.149038
    3     E+     S       0.180304
    4     E+     S       0.300413
    5     E+     S       0.388766
    6     E+     S       0.248588
    7     E+     S       0.171009
    8     E+     S      -0.135240
    9     E+     S      -0.008374
   10     E+     S       0.000001
   11     E+    Px      -0.007099
   12     E+    Py      -0.000000
   13     E+    Pz      -0.000000
   14     E+    Px      -0.070818
   15     E+    Py       0.000000
   16     E+    Pz      -0.000000
   17     E+    Px       0.002632
   18     E+    Py       0.000000
   19     E+    Pz      -0.000000
   20     E+    Px       0.000321
   21     E+    Py      -0.000000
   22     E+    Pz       0.000000
   23     E+   Dxx       0.000968
   24     E+   Dxy      -0.000000
   25     E+   Dxz      -0.000000
   26     E+   Dyy       0.005909
   27     E+   Dyz       0.000000
   28     E+   Dzz       0.005909
   29     E+   Dxx      -0.004544
   30     E+   Dxy       0.000000
   31     E+   Dxz      -0.000000
   32     E+   Dyy       0.015554
   33     E+   Dyz       0.000000
   34     E+   Dzz       0.015554
   35     E+     S      -0.009252
   36     E+     S       0.119571
   37     E+     S       0.001108
   38     E+     S       0.008048
   39     E+     S       0.005580
   40     E+     S       0.005975
   41     E+     S      -0.001232
   42     E+     S      -0.001261
   43     E+     S       0.000054
   44     E+     S      -0.000047
   45     E+    Px       0.018443
   46     E+    Py       0.000000
   47     E+    Pz       0.000000
   48     E+    Px      -0.081524
   49     E+    Py      -0.000000
   50     E+    Pz       0.000000
   51     E+    Px       0.009760
   52     E+    Py       0.000000
   53     E+    Pz       0.000000
   54     E+    Px      -0.008896
   55     E+    Py       0.000000
   56     E+    Pz      -0.000000
   57     E+   Dxx      -0.009573
   58     E+   Dxy      -0.000000
   59     E+   Dxz      -0.000000
   60     E+   Dyy      -0.000796
   61     E+   Dyz      -0.000000
   62     E+   Dzz      -0.000796
   63     E+   Dxx       0.027679
   64     E+   Dxy       0.000000
   65     E+   Dxz      -0.000000
   66     E+   Dyy       0.000772
   67     E+   Dyz      -0.000000
   68     E+   Dzz       0.000772
 
 
  end of eigenvectors 
 
  END OF EIGENVALUES AND EIGENVECTORS
 
 
  COMPONENTS OF KINETIC ENERGY: 
 -----------------------------
 
                  E- Kinetic energy =           29.142628633764
            POSITRON Kinetic energy =            0.015660449182
                                     _________________________
               Total kinetic energy =           29.158289082946
 
  COMPONENTS OF POTENTIAL ENERGY: 
 -------------------------------
 
          Fixed potential energy    =            0.283687943262
 
  Quantum/Fixed interaction energy: 
 ----------------------------------
 
          E-/Fixed interact. energy =          -67.831360164715
    POSITRON/Fixed interact. energy =            0.659267254886
                                     _________________________
               Total Q/Fixed energy =          -67.172092909829
 
  Coulomb energy: 
 ------------------
 
               E-/E- Hartree energy =           14.594261304256
   POSITRON/POSITRON Hartree energy =            0.000000000000
         E-/POSITRON Hartree energy =           -0.649334451368
                                     _________________________
               Total Hartree energy =           13.944926852888
 
  Exchange(HF) energy: 
 ----------------------
 
                 E- Exchange energy =           -5.333109453247
           POSITRON Exchange energy =            0.000000000000
                                     _________________________
              Total Exchange energy =           -5.333109453247
 
  External Potential energy: 
 ----------------------------
 
                  E- Ext Pot energy =            0.000000000000
            POSITRON Ext Pot energy =           -0.028693413478
                                     _________________________
    Total External Potential energy =           -0.028693413478
 
  TOTAL ENERGY COMPONENTS: 
 ==========================
 
          TOTAL KINETIC ENERGY      =           29.158289082946
          TOTAL POTENTIAL ENERGY    =          -58.305280980403
                                     _________________________
                       TOTAL ENERGY =          -29.146991897458
 
                 VIRIAL RATIO (V/T) =            1.999612556640
 
 
  END ENERGY COMPONENTS
 
 
** TOTAL CPU Time SCF :      0.216 (s)
** TOTAL Elapsed Time SCF :      0.248 (s)
 
 We are calculating properties for E- in the HF/KS ground state
 We are calculating properties for POSITRON in the HF/KS ground state
 
  POPULATION ANALYSES: 
 ====================
 
 MULLIKEN Population: for E-        
 ---------------------
 
                                    
 
    1     BE     S       1.166391
    2     BE     S       0.823588
    3     BE    Px       0.000000
    4     BE    Py       0.000000
    5     BE    Pz      -0.000000
    6     BE     S       1.043694
    7     BE    Px       0.000000
    8     BE    Py      -0.000000
    9     BE    Pz      -0.000000
   10     BE     S       0.942124
   11     BE    Px       0.000000
   12     BE    Py       0.000000
   13     BE    Pz       0.000000
   14     BE     S       0.031424
   15     BE    Px       0.000000
   16     BE    Py       0.000000
   17     BE    Pz       0.000000
   18     BE   Dxx      -0.002407
   19     BE   Dxy       0.000000
   20     BE   Dxz       0.000000
   21     BE   Dyy      -0.002407
   22     BE   Dyz       0.000000
   23     BE   Dzz      -0.002407
   24     BE     S       1.166391
   25     BE     S       0.823588
   26     BE    Px       0.000000
   27     BE    Py       0.000000
   28     BE    Pz       0.000000
   29     BE     S       1.043694
   30     BE    Px       0.000000
   31     BE    Py       0.000000
   32     BE    Pz       0.000000
   33     BE     S       0.942124
   34     BE    Px       0.000000
   35     BE    Py       0.000000
   36     BE    Pz       0.000000
   37     BE     S       0.031424
   38     BE    Px       0.000000
   39     BE    Py      -0.000000
   40     BE    Pz       0.000000
   41     BE   Dxx      -0.002407
   42     BE   Dxy       0.000000
   43     BE   Dxz       0.000000
   44     BE   Dyy      -0.002407
   45     BE   Dyz       0.000000
   46     BE   Dzz      -0.002407
 
                           __________
              Total =        8.000000
 
  Atomic MULLIKEN Population: for E-        
            BE               4.000000
            BE               4.000000
 
 ...end of MULLIKEN Population
 
 
 END POPULATION ANALYSES 
 
 
  POPULATION ANALYSES: 
 ====================
 
 LOWDIN Population: for E-        
 ---------------------
 
                                    
 
    1     BE     S       1.101745
    2     BE     S       0.875944
    3     BE    Px       0.000000
    4     BE    Py       0.000000
    5     BE    Pz       0.000000
    6     BE     S       0.590908
    7     BE    Px       0.000000
    8     BE    Py       0.000000
    9     BE    Pz       0.000000
   10     BE     S       0.553024
   11     BE    Px       0.000000
   12     BE    Py       0.000000
   13     BE    Pz       0.000000
   14     BE     S       0.204207
   15     BE    Px       0.000000
   16     BE    Py       0.000000
   17     BE    Pz       0.000000
   18     BE   Dxx       0.224724
   19     BE   Dxy       0.000000
   20     BE   Dxz       0.000000
   21     BE   Dyy       0.224724
   22     BE   Dyz       0.000000
   23     BE   Dzz       0.224724
   24     BE     S       1.101745
   25     BE     S       0.875944
   26     BE    Px       0.000000
   27     BE    Py       0.000000
   28     BE    Pz       0.000000
   29     BE     S       0.590908
   30     BE    Px       0.000000
   31     BE    Py       0.000000
   32     BE    Pz       0.000000
   33     BE     S       0.553024
   34     BE    Px       0.000000
   35     BE    Py       0.000000
   36     BE    Pz       0.000000
   37     BE     S       0.204207
   38     BE    Px       0.000000
   39     BE    Py       0.000000
   40     BE    Pz       0.000000
   41     BE   Dxx       0.224724
   42     BE   Dxy       0.000000
   43     BE   Dxz       0.000000
   44     BE   Dyy       0.224724
   45     BE   Dyz       0.000000
   46     BE   Dzz       0.224724
 
                           __________
              Total =        8.000000
 
  Atomic LOWDIN Population: for E-        
            BE               4.000000
            BE               4.000000
 
 ...end of LOWDIN Population
 
 
 END POPULATION ANALYSES 
 
 
  POPULATION ANALYSES: 
 ====================
 
 MULLIKEN Population: for POSITRON  
 ---------------------
 
                                    
 
    1     E+     S      -0.002098
    2     E+     S      -0.057808
    3     E+     S       0.117155
    4     E+     S       0.265324
    5     E+     S       0.371132
    6     E+     S       0.201712
    7     E+     S       0.089585
    8     E+     S      -0.032136
    9     E+     S      -0.000631
   10     E+     S       0.000000
   11     E+    Px      -0.000021
   12     E+    Py       0.000000
   13     E+    Pz      -0.000000
   14     E+    Px      -0.000415
   15     E+    Py      -0.000000
   16     E+    Pz      -0.000000
   17     E+    Px       0.000013
   18     E+    Py      -0.000000
   19     E+    Pz      -0.000000
   20     E+    Px       0.000000
   21     E+    Py       0.000000
   22     E+    Pz       0.000000
   23     E+   Dxx       0.000014
   24     E+   Dxy      -0.000000
   25     E+   Dxz       0.000000
   26     E+   Dyy       0.000075
   27     E+   Dyz      -0.000000
   28     E+   Dzz       0.000075
   29     E+   Dxx      -0.000285
   30     E+   Dxy      -0.000000
   31     E+   Dxz      -0.000000
   32     E+   Dyy       0.000897
   33     E+   Dyz      -0.000000
   34     E+   Dzz       0.000897
   35     E+     S      -0.001371
   36     E+     S       0.020978
   37     E+     S       0.000106
   38     E+     S       0.000284
   39     E+     S       0.000125
   40     E+     S       0.000091
   41     E+     S      -0.000010
   42     E+     S      -0.000004
   43     E+     S       0.000000
   44     E+     S      -0.000000
   45     E+    Px      -0.002840
   46     E+    Py       0.000000
   47     E+    Pz      -0.000000
   48     E+    Px       0.023148
   49     E+    Py      -0.000000
   50     E+    Pz      -0.000000
   51     E+    Px      -0.001878
   52     E+    Py       0.000000
   53     E+    Pz      -0.000000
   54     E+    Px       0.000360
   55     E+    Py       0.000000
   56     E+    Pz       0.000000
   57     E+   Dxx      -0.000999
   58     E+   Dxy      -0.000000
   59     E+   Dxz       0.000000
   60     E+   Dyy      -0.000008
   61     E+   Dyz       0.000000
   62     E+   Dzz      -0.000008
   63     E+   Dxx       0.008496
   64     E+   Dxy       0.000000
   65     E+   Dxz       0.000000
   66     E+   Dyy       0.000022
   67     E+   Dyz       0.000000
   68     E+   Dzz       0.000022
 
                           __________
              Total =        1.000000
 
  Atomic MULLIKEN Population: for POSITRON  
            BE               0.953486
            BE               0.046514
 
 ...end of MULLIKEN Population
 
 
 END POPULATION ANALYSES 
 
 
  POPULATION ANALYSES: 
 ====================
 
 LOWDIN Population: for POSITRON  
 ---------------------
 
                                    
 
    1     E+     S       0.002420
    2     E+     S       0.015004
    3     E+     S       0.090297
    4     E+     S       0.253159
    5     E+     S       0.328822
    6     E+     S       0.215939
    7     E+     S       0.063863
    8     E+     S       0.001085
    9     E+     S       0.000314
   10     E+     S       0.000038
   11     E+    Px       0.000005
   12     E+    Py       0.000000
   13     E+    Pz       0.000000
   14     E+    Px       0.000000
   15     E+    Py       0.000000
   16     E+    Pz       0.000000
   17     E+    Px       0.000012
   18     E+    Py       0.000000
   19     E+    Pz       0.000000
   20     E+    Px       0.000004
   21     E+    Py       0.000000
   22     E+    Pz       0.000000
   23     E+   Dxx       0.000008
   24     E+   Dxy       0.000000
   25     E+   Dxz       0.000000
   26     E+   Dyy       0.000018
   27     E+   Dyz       0.000000
   28     E+   Dzz       0.000018
   29     E+   Dxx       0.000005
   30     E+   Dxy       0.000000
   31     E+   Dxz       0.000000
   32     E+   Dyy       0.000113
   33     E+   Dyz       0.000000
   34     E+   Dzz       0.000113
   35     E+     S       0.001305
   36     E+     S       0.002390
   37     E+     S       0.000526
   38     E+     S       0.000068
   39     E+     S       0.000093
   40     E+     S       0.000055
   41     E+     S       0.000006
   42     E+     S       0.000000
   43     E+     S       0.000000
   44     E+     S       0.000000
   45     E+    Px       0.001731
   46     E+    Py       0.000000
   47     E+    Pz       0.000000
   48     E+    Px       0.008574
   49     E+    Py       0.000000
   50     E+    Pz       0.000000
   51     E+    Px       0.003070
   52     E+    Py       0.000000
   53     E+    Pz       0.000000
   54     E+    Px       0.000036
   55     E+    Py       0.000000
   56     E+    Pz       0.000000
   57     E+   Dxx       0.000499
   58     E+   Dxy       0.000000
   59     E+   Dxz       0.000000
   60     E+   Dyy       0.000005
   61     E+   Dyz       0.000000
   62     E+   Dzz       0.000005
   63     E+   Dxx       0.010372
   64     E+   Dxy       0.000000
   65     E+   Dxz       0.000000
   66     E+   Dyy       0.000013
   67     E+   Dyz       0.000000
   68     E+   Dzz       0.000013
 
                           __________
              Total =        1.000000
 
  Atomic LOWDIN Population: for POSITRON  
            BE               0.971238
            BE               0.028762
 
 ...end of LOWDIN Population
 
 
 END POPULATION ANALYSES 
 
 
  EXPECTED POSITIONS OF QUANTUM SPECIES:
 ======================
 
 POSITIONS IN ANGSTROMS
 ------
 
                        <x>      <y>      <z>         
                 E- 119.3824  -0.0000  -0.0000
           POSITRON   0.0283  -0.0000   0.0000
 
 END EXPECTED POSITIONS
 
 
  ELECTROSTATIC MOMENTS:
 ======================
 
 DIPOLE: (DEBYE)
 ------
 
                           <Dx>         <Dy>         <Dz>          |D|
                 E--573.41792908   0.00000000   0.00000000
           POSITRON   0.13587302  -0.00000000   0.00000000
    Point charges:  573.41792908   0.00000000   0.00000000
                     ____________________________
      Total Dipole:   0.13587302  -0.00000000   0.00000000   0.13587302
 
 QUADRUPOLE NON-TRACELESS: (DEBYE ANGS)
 ------
 
                           <xx>         <yy>         <zz>         <xy>         <xz>         <yz>
                 E-   -0.00000000   -0.00000000   -0.00000000   -0.00000000   -0.00000000   -0.00000000
           POSITRON    0.00000000    0.00000000    0.00000000    0.00000000    0.00000000    0.00000000
    Point charges: 17113.99838958    0.00000000    0.00000000    0.00000000    0.00000000    0.00000000
  Total Quadrupole:17113.99838958    0.00000000    0.00000000    0.00000000    0.00000000    0.00000000
                     ____________________________
 
 END ELECTROSTATIC MOMENTS
 

  TOTAL CPU Time:      0.031 (s)
 TOTAL Wall Time:      0.291 (s)
  Elapsed Time:   0h  0m  0s 291ms
LOWDIN execution terminated normally at : Thu Oct 17 19:56:13 2024
-rw-rw-r-- 1 pmorenor pmorenor 704K oct 17 19:56 0E-.ints
-rw-rw-r-- 1 pmorenor pmorenor 2.1M oct 17 19:56 0E-.POSITRON.ints
-rw-rw-r-- 1 pmorenor pmorenor 2.1M oct 17 19:56 0POSITRON.ints
-rw-rw-r-- 1 pmorenor pmorenor 704K oct 17 19:56 1E-.ints
-rw-rw-r-- 1 pmorenor pmorenor 2.1M oct 17 19:56 1E-.POSITRON.ints
-rw-rw-r-- 1 pmorenor pmorenor 2.1M oct 17 19:56 1POSITRON.ints
-rw-rw-r-- 1 pmorenor pmorenor 704K oct 17 19:56 2E-.ints
-rw-rw-r-- 1 pmorenor pmorenor 2.1M oct 17 19:56 2E-.POSITRON.ints
-rw-rw-r-- 1 pmorenor pmorenor 2.1M oct 17 19:56 2POSITRON.ints
-rw-rw-r-- 1 pmorenor pmorenor 704K oct 17 19:56 3E-.ints
-rw-rw-r-- 1 pmorenor pmorenor 2.1M oct 17 19:56 3E-.POSITRON.ints
-rw-rw-r-- 1 pmorenor pmorenor 2.1M oct 17 19:56 3POSITRON.ints
-rw-rw-r-- 1 pmorenor pmorenor   12 oct 17 19:56 E-.POSITRON.nints
-rw-rw-r-- 1 pmorenor pmorenor   65 oct 17 19:56 gepol.inp
-rw-rw-r-- 1 pmorenor pmorenor   91 oct 17 19:56 gepol.xyzr
-rw-rw-r-- 1 pmorenor pmorenor 9.5K oct 17 19:56 lowdin.bas
-rw-rw-r-- 1 pmorenor pmorenor  15K oct 17 19:56 lowdin.dat
-rw-rw-r-- 1 pmorenor pmorenor 691K oct 17 19:56 lowdin.opints
-rw-rw-r-- 1 pmorenor pmorenor  26K oct 17 19:56 lowdin.sys
-rw-rw-r-- 1 pmorenor pmorenor 531K oct 17 19:56 lowdin.wfn
-rw-rw-r-- 1 pmorenor pmorenor  499 oct 17 19:56 usual_273
-rw-rw-r-- 1 pmorenor pmorenor 1.8K oct 17 19:56 usual_273.aux
-rw-rw-r-- 1 pmorenor pmorenor  504 oct 17 19:56 usual_273.lowdin
-rw-rw-r-- 1 pmorenor pmorenor  46K oct 17 19:56 usual_273.out
-rw-rw-r-- 1 pmorenor pmorenor  54K oct 17 19:56 usual_273.vec
