Begin job by input: usual_4.lowdin, for user: pmorenor  at  jue 17 oct 2024 19:52:03 -05
under operating system Linux Hefesto 5.4.0-196-generic #216-Ubuntu SMP Thu Aug 29 13:26:53 UTC 2024 x86_64 x86_64 x86_64 GNU/Linux
Compilation information
  commit: f2cffef7078af1231fe3319081e66b682883a80b
  compilation date:  mar 06 feb 2024 16:53:31 -05

BEGIN INPUT INFO:
------------------------------------

GEOMETRY
	Be	Dirac	0.0 0.0 0.0
	e-(Be)	6-311++G.d.p 0.0 0.0 0.0
	E+	GRIBAKIN-10S4P2D 0.0 0.0 0.0
	Be	Dirac	2.6 0.0 0.0
	e-(Be)	6-311++G.d.p	2.6 0.0 0.0
	E+	GRIBAKIN-10S4P2D 2.6 0.0 0.0 addParticles=-1 
END GEOMETRY

TASKS
        method = "RHF"
END TASKS

EXTERPOTENTIAL
	E- GRIBAKIN0
	E+ VPC4
END EXTERPOTENTIAL

CONTROL
	units="BOHRS"
	readCoefficients=F
	convergenceMethod=1
	overlapEigenThreshold=1E-6
	SCFGhostSpecies="POSITRON"
	HFprintEigenvalues=T
	totalEnergyTolerance = 1E-9
END CONTROL


... END INPUT INFO


 LOWDIN execution started at : Thu Oct 17 19:52:03 2024
 ---------------------------------------------------------------
 
 ***************************************************************
 *                   LOWDIN 2.0  (May/2013)                    *
 *                                                             *
 *  R. FLORES-MORENO, E. F. POSADA, F. S. MONCADA, J.ROMERO,   *
 *  J. CHARRY, M. DIAZ-TINOCO, S. A. GONZALEZ, N. F. AGUIRRE,  *
 *  A. REYES                                                   *
 *                                                             *
 *  https://sites.google.com/site/lowdinproject/               *
 *                                                             *
 ***************************************************************
 
 PARSING INPUT... DONE!
 
 LOWDIN IS RUNNING WITH NEXT PARAMETERS: 
 ----------------------------------------
 
         METHOD TYPE:  RHF
         NUMBER OF CORES:     4
         NONELECTRONIC DENSITY GUESS: HCORE
         ELECTRONIC DENSITY GUESS: HCORE
         CRITERIUM OF CONVERGENCE: ENERGY
         NONELECTRONIC ENERGY TOLERANCE IN SCFs:     0.10000E-07
         ELECTRONIC ENERGY TOLERANCE IN SCFs:     0.10000E-07
         TOTAL ENERGY TOLERANCE IN SCFs:     0.10000E-08
         SCHEME OF ITERATION: GLOBAL ITERATIONS
         SCF MAX. SUBITERATIONS - NONELECTRONS :     1
         SCF MAX. SUBITERATIONS - ELECTRONS :     1
         SCF MAX. ITERATIONS - INTERSPECIES :   200
         INTEGRAL STORAGE: DISK
         STACK SIZE FOR ERIS : 30000
         METHOD OF SCF CONVERGENCE: DAMPING
 
  MOLECULAR SYSTEM: usual_4
 -----------------
 
    DESCRIPTION   : usual_4
    CHARGE        :   2
    PUNTUAL GROUP : NONE
 
 
  INFORMATION OF PARTICLES :
 =========================
         Total number of particles   =      11
         Number of quantum particles =       9
         Number of puntual charges   =       2
         Number of quantum species   =       2
 
                 INFORMATION OF QUANTUM SPECIES 
     ---------------------------------------------------------------------
         ID      Symbol            mass     charge     spin     multiplicity
     ---------------------------------------------------------------------
         1             E-         1.0000     -1.00      0.50      1.00
         2             E+         1.0000      1.00      0.50      1.00
 
                   CONSTANTS OF COUPLING 
      ------------------------------------------------------------
           Symbol          kappa      eta     lambda     occupation
      ------------------------------------------------------------
                 E-        -1.0      2.00      2.00      4.00
                 E+        -1.0      1.00      1.00      1.00
 
                   BASIS SET FOR SPECIES 
      ------------------------------------------------------------
           Symbol          N. Basis     N. Particles     Basis Set
      ------------------------------------------------------------
                 E-           20                8     6-311++G.D
                 E+           32                1     GRIBAKIN-1
 
                                ATOMIC BASIS
         ------------------------------------------------------------
          PRIMITIVE   SHELL             EXPONENT         COEFFICIENT 
         ------------------------------------------------------------
 
    BEGIN DESCRIPTION OF BASIS FOR:    E-
    ==============================
 
 
            BE BASIS SET:   6-311++G.D.P
             1         S             1682.80000000          0.00228574
             2         S              251.71500000          0.01759380
             3         S               57.41160000          0.08633150
             4         S               16.51710000          0.28183500
             5         S                4.85364000          0.64059400
             6         S                0.62686300          0.14446700
             1         S                8.30938000          0.10862100
             2         S                1.74075000          0.92730100
             3         S                0.48581600         -0.00297169
             1         P                8.30938000          0.03613440
             2         P                1.74075000          0.21695800
             3         P                0.48581600          0.84183900
             1         S                0.16361300          1.00000000
             1         P                0.16361300          1.00000000
             1         S                0.05672850          1.00000000
             1         P                0.05672850          1.00000000
             1         S                0.02070000          1.00000000
             1         P                0.02070000          1.00000000
             1         D                0.25500000          1.00000000
 
            BE BASIS SET:   6-311++G.D.P
             1         S             1682.80000000          0.00228574
             2         S              251.71500000          0.01759380
             3         S               57.41160000          0.08633150
             4         S               16.51710000          0.28183500
             5         S                4.85364000          0.64059400
             6         S                0.62686300          0.14446700
             1         S                8.30938000          0.10862100
             2         S                1.74075000          0.92730100
             3         S                0.48581600         -0.00297169
             1         P                8.30938000          0.03613440
             2         P                1.74075000          0.21695800
             3         P                0.48581600          0.84183900
             1         S                0.16361300          1.00000000
             1         P                0.16361300          1.00000000
             1         S                0.05672850          1.00000000
             1         P                0.05672850          1.00000000
             1         S                0.02070000          1.00000000
             1         P                0.02070000          1.00000000
             1         D                0.25500000          1.00000000
    ... END DESCRIPTION OF BASIS
 
 
    BEGIN DESCRIPTION OF BASIS FOR:    E+
    ==============================
 
 
            E+ BASIS SET:GRIBAKIN-10S4P2
             1         S                0.00010000          1.00000000
             1         S                0.00030000          1.00000000
             1         S                0.00090000          1.00000000
             1         S                0.00270000          1.00000000
             1         S                0.00810000          1.00000000
             1         S                0.02430000          1.00000000
             1         S                0.07290000          1.00000000
             1         S                0.21870000          1.00000000
             1         S                0.65610000          1.00000000
             1         S                1.96830000          1.00000000
             1         P                0.00010000          1.00000000
             1         P                0.00030000          1.00000000
             1         P                0.00090000          1.00000000
             1         P                0.00270000          1.00000000
             1         D                0.00010000          1.00000000
             1         D                0.00030000          1.00000000
 
            E+ BASIS SET:GRIBAKIN-10S4P2
             1         S                0.00010000          1.00000000
             1         S                0.00030000          1.00000000
             1         S                0.00090000          1.00000000
             1         S                0.00270000          1.00000000
             1         S                0.00810000          1.00000000
             1         S                0.02430000          1.00000000
             1         S                0.07290000          1.00000000
             1         S                0.21870000          1.00000000
             1         S                0.65610000          1.00000000
             1         S                1.96830000          1.00000000
             1         P                0.00010000          1.00000000
             1         P                0.00030000          1.00000000
             1         P                0.00090000          1.00000000
             1         P                0.00270000          1.00000000
             1         D                0.00010000          1.00000000
             1         D                0.00030000          1.00000000
    ... END DESCRIPTION OF BASIS
 
 
  END INFORMATION OF PARTICLES
 
 
  INFORMATION OF THE QUANTUM SYSTEM 
     ---------------------------------------------------------------------
                 ID     Occupied Orbitals     Basis size
     ---------------------------------------------------------------------
                 E-            4               46
                 E+            1               68
 
  END INFORMATION OF QUANTUM SYSTEM
 
 
  INFORMATION OF EXTERNAL POTENTIALS 
 
 =======
 External Potential for E- : GRIBAKIN0
 Type : 
                     Exponent         l       R_x       R_y       R_z              Factor
                 0.0010000000         0   0.00000   0.00000   0.00000        0.0000000000
 
 =======
 External Potential for E+ : VPC4
 Type : 
                     Exponent         l       R_x       R_y       R_z              Factor
                 0.0010000000         0   0.00000   0.00000   0.00000       -0.0004852612
                 0.0020000000         0   0.00000   0.00000   0.00000        0.0024441783
                 0.0040000000         0   0.00000   0.00000   0.00000       -0.0075448874
                 0.0080000000         0   0.00000   0.00000   0.00000        0.0157738437
                 0.0160000000         0   0.00000   0.00000   0.00000       -0.0371036225
                 0.0320000000         0   0.00000   0.00000   0.00000        0.0538567205
                 0.0640000000         0   0.00000   0.00000   0.00000       -0.1977562620
                 0.1280000000         0   0.00000   0.00000   0.00000        0.1521150960
                 0.2560000000         0   0.00000   0.00000   0.00000       -2.2309931100
                 0.5120000000         0   0.00000   0.00000   0.00000        7.1544406100
                 1.0000000000         0   0.00000   0.00000   0.00000      -16.4610761000
                 2.0000000000         0   0.00000   0.00000   0.00000      120.0674500000
                 3.0000000000         0   0.00000   0.00000   0.00000    -1010.4441400000
                 4.0000000000         0   0.00000   0.00000   0.00000     5912.5175500000
                 5.0000000000         0   0.00000   0.00000   0.00000   -22883.6471000000
                 6.0000000000         0   0.00000   0.00000   0.00000    58320.2479000000
                 7.0000000000         0   0.00000   0.00000   0.00000   -96733.7399000000
                 8.0000000000         0   0.00000   0.00000   0.00000   100515.5930000000
                 9.0000000000         0   0.00000   0.00000   0.00000   -59492.9273000000
                10.0000000000         0   0.00000   0.00000   0.00000    15337.5181000000
                20.0000000000         0   0.00000   0.00000   0.00000     -108.3194530000
                30.0000000000         0   0.00000   0.00000   0.00000       58.7242217000
                40.0000000000         0   0.00000   0.00000   0.00000      -33.9818623000
                50.0000000000         0   0.00000   0.00000   0.00000       10.1503518000
               100.0000000000         0   0.00000   0.00000   0.00000       -0.2039701810
                 0.0010000000         0   2.45665   0.00000   0.00000       -0.0004852612
                 0.0020000000         0   2.45665   0.00000   0.00000        0.0024441783
                 0.0040000000         0   2.45665   0.00000   0.00000       -0.0075448874
                 0.0080000000         0   2.45665   0.00000   0.00000        0.0157738437
                 0.0160000000         0   2.45665   0.00000   0.00000       -0.0371036225
                 0.0320000000         0   2.45665   0.00000   0.00000        0.0538567205
                 0.0640000000         0   2.45665   0.00000   0.00000       -0.1977562620
                 0.1280000000         0   2.45665   0.00000   0.00000        0.1521150960
                 0.2560000000         0   2.45665   0.00000   0.00000       -2.2309931100
                 0.5120000000         0   2.45665   0.00000   0.00000        7.1544406100
                 1.0000000000         0   2.45665   0.00000   0.00000      -16.4610761000
                 2.0000000000         0   2.45665   0.00000   0.00000      120.0674500000
                 3.0000000000         0   2.45665   0.00000   0.00000    -1010.4441400000
                 4.0000000000         0   2.45665   0.00000   0.00000     5912.5175500000
                 5.0000000000         0   2.45665   0.00000   0.00000   -22883.6471000000
                 6.0000000000         0   2.45665   0.00000   0.00000    58320.2479000000
                 7.0000000000         0   2.45665   0.00000   0.00000   -96733.7399000000
                 8.0000000000         0   2.45665   0.00000   0.00000   100515.5930000000
                 9.0000000000         0   2.45665   0.00000   0.00000   -59492.9273000000
                10.0000000000         0   2.45665   0.00000   0.00000    15337.5181000000
                20.0000000000         0   2.45665   0.00000   0.00000     -108.3194530000
                30.0000000000         0   2.45665   0.00000   0.00000       58.7242217000
                40.0000000000         0   2.45665   0.00000   0.00000      -33.9818623000
                50.0000000000         0   2.45665   0.00000   0.00000       10.1503518000
               100.0000000000         0   2.45665   0.00000   0.00000       -0.2039701810
 
  END INFORMATION OF EXTERNAL POTENTIALS
 
                       INITIAL GEOMETRY: AMSTRONG
                 -----------------------------------
                       <x>                 <y>                 <z>
      E-BE        0.0000000000        0.0000000000        0.0000000000
      E-BE        1.3758608480        0.0000000000        0.0000000000
        E+        0.0000000000        0.0000000000        0.0000000000
        E+        1.3758608480        0.0000000000        0.0000000000
        BE        0.0000000000        0.0000000000        0.0000000000
        BE        1.3758608480        0.0000000000        0.0000000000
 
                     MATRIX OF DISTANCE: ANGSTROM
                 -----------------------------------
                          BE(1)          BE(2)     
 
        BE(1)            0.000000       1.375861
        BE(2)            1.375861       0.000000
 
--------------------------------------------------------------------------------
** PROGRAM: SCF (Hartree Fock).     Author: S.A. Gonzalez, E. Posada, F. Moncada
--------------------------------------------------------------------------------
INFO: RUNNING IN RHF MODE.
 
----------------------------------------------------------------------
** PROGRAM INTS                          Author: E. F. Posada, 2013   
----------------------------------------------------------------------
INFO: RUNNING IN ONE_PARTICLE MODE.
 
 Number of Overlap integrals for species E-:   2116
 Number of Overlap integrals for species POSITRON:   4624
 Number of Kinetic integrals for species E-:   2116
 Number of Kinetic integrals for species POSITRON:   4624
 Number of Nuclear integrals for species E-:   2116
 Number of Nuclear integrals for species POSITRON:   4624
 Number of Moment integrals for species E-:   6348
 Number of Moment integrals for species POSITRON:  13872
 Number of 3C Overlap integrals for species E-:   2116
 Number of 3C Overlap integrals for species POSITRON:   4624
 
** TOTAL CPU Time INTS :      0.134 (s)
** TOTAL Elapsed Time INTS :      0.126 (s)
 
Removed    10 orbitals for species POSITRON with overlap eigen threshold of 1.000E-06
       Usign  HCORE density guess for species:         E-
     number of         E-     particles in guess density matrix:     8.000000
       Usign  HCORE density guess for species:   POSITRON
     number of   POSITRON     particles in guess density matrix:     0.000000
renormalized density matrix with deviation from number of particl    1.000000
 Number of unique integrals for species: 1 = 154257
 Number of unique integrals for species: 2 = 338797
 Number of unique integrals for species: 1 / 2 = 680958 Screened: 0
 
 TWO-BODY INTEGRAL SETUP: 
------------------------- 
 Storage:   DISK
 Scheme: LIBINT
 Stack size:  30000
 
 LIBINT library, Fermann, J. T.; Valeev, F. L. 2010                   
 LOWDIN-LIBINT Implementation V. 2.1  Posada E. F. ; Reyes A. 2016   
 ----------------------------------------------------------------------

*** TOTAL CPU time intra-species integrals :      0.157 (s)
*** TOTAL elapsed time intra-species integrals :      0.044 (s)


*** TOTAL CPU time inter-species integrals :      0.287 (s)
*** TOTAL elapsed time inter-species integrals :      0.079 (s)

INFO: RUNNING SCHEME SIMULTANEOUS
 
 Begin Multi-Species SCF calculation:
 
 --------------------------------------------------------------------------------------------------
      Iteration                   Energy            Energy Change           Density Change
 --------------------------------------------------------------------------------------------------
              1         -26.919556103159          26.919556103159         166.454084745373
              2         -26.630458947062          -0.289097156097         103.014138692884
              3         -28.580763407991           1.950304460929           0.713700535877
              4         -28.868352510164           0.287589102173           0.111058426152
              5         -28.945880514438           0.077528004274           0.039022192834
              6         -28.986073350152           0.040192835714           0.005208660818
              7         -28.990221205081           0.004147854929           0.000303739570
              8         -28.990185463849          -0.000035741232           0.000091685152
              9         -28.990173635877          -0.000011827972           0.000036955078
             10         -28.990174273940           0.000000638063           0.000016271022
             11         -28.990176979511           0.000002705571           0.000007859099
             12         -28.990179384619           0.000002405107           0.000004043865
             13         -28.990181049279           0.000001664661           0.000002153816
             14         -28.990182091183           0.000001041904           0.000001164664
             15         -28.990182709319           0.000000618136           0.000000632783
             16         -28.990183064494           0.000000355175           0.000000343880
             17         -28.990183264432           0.000000199938           0.000000186618
             18         -28.990183375455           0.000000111022           0.000000101098
             19         -28.990183436530           0.000000061075           0.000000054681
             20         -28.990183469911           0.000000033381           0.000000029537
             21         -28.990183488073           0.000000018162           0.000000015938
             22         -28.990183497923           0.000000009850           0.000000008594
             23         -28.990183503253           0.000000005330           0.000000004631
             24         -28.990183506132           0.000000002879           0.000000002650
             25         -28.990183507828           0.000000001696           0.000000001311
             26         -28.990183508600           0.000000000772           0.000000001793
 Total energy converged after  26 global iterations                                                  
 
 ...end Multi-Species SCF calculation
 
 
 Begin SCF calculation by: E-
 -------------------------
 
 -----------------------------------------------------------------------------------
 Iteration                   Energy           Density Change         DIIS Error 
 -----------------------------------------------------------------------------------
    1         -39.515059871101         102.267022169174                 -- 
    2         -34.347532076990           0.016860297817                 -- 
    3         -34.497315272821           0.012137019675                 -- 
    4         -35.126719356891           0.003094635608                 -- 
    5         -35.093939132866           0.000520188350                 -- 
    6         -35.100771904313           0.000213463582                 -- 
    7         -35.101178507293           0.000076890787                 -- 
    8         -35.101440943561           0.000030578304                 -- 
    9         -35.101517831387           0.000012929995                 -- 
   10         -35.101546610704           0.000005953814                 -- 
   11         -35.101557068197           0.000002947673                 -- 
   12         -35.101560916513           0.000001530631                 -- 
   13         -35.101562310117           0.000000814733                 -- 
   14         -35.101562800997           0.000000438362                 -- 
   15         -35.101562965212           0.000000236752                 -- 
   16         -35.101563014958           0.000000127961                 -- 
   17         -35.101563026797           0.000000069132                 -- 
   18         -35.101563027401           0.000000037321                 -- 
   19         -35.101563025500           0.000000020133                 -- 
   20         -35.101563023620           0.000000010854                 -- 
   21         -35.101563022278           0.000000005848                 -- 
   22         -35.101563021429           0.000000003150                 -- 
   23         -35.101563020983           0.000000001852                 -- 
   24         -35.101563020606           0.000000000841                 -- 
   25         -35.101563020454           0.000000000453                 -- 
 
 ... end SCF calculation
 
 Begin SCF calculation by: POSITRON
 -------------------------
 
 -----------------------------------------------------------------------------------
 Iteration                   Energy           Density Change         DIIS Error 
 -----------------------------------------------------------------------------------
    1          -0.003464152480           0.747116523710                 -- 
    2           0.000967984418           0.696840238059                 -- 
    3           0.000037541418           0.098921406476                 -- 
    4          -0.145680436102           0.035927557226                 -- 
    5          -0.193064953875           0.004688472468                 -- 
    6          -0.191907253701           0.000090275988                 -- 
    7          -0.191760507573           0.000014794365                 -- 
    8          -0.191718536453           0.000006376774                 -- 
    9          -0.191715747600           0.000003341027                 -- 
   10          -0.191720242636           0.000001905285                 -- 
   11          -0.191724941620           0.000001096191                 -- 
   12          -0.191728332821           0.000000623185                 -- 
   13          -0.191730492049           0.000000349931                 -- 
   14          -0.191731783991           0.000000194422                 -- 
   15          -0.191732529827           0.000000107128                 -- 
   16          -0.191732950851           0.000000058657                 -- 
   17          -0.191733185043           0.000000031966                 -- 
   18          -0.191733314019           0.000000017360                 -- 
   19          -0.191733384563           0.000000009404                 -- 
   20          -0.191733422963           0.000000005084                 -- 
   21          -0.191733443796           0.000000002745                 -- 
   22          -0.191733455071           0.000000001481                 -- 
   23          -0.191733461163           0.000000000798                 -- 
   24          -0.191733464752           0.000000000470                 -- 
   25          -0.191733470934           0.000000001340                 -- 
 
 ... end SCF calculation
 
  EIGENVALUES AND EIGENVECTORS: 
 ==============================
 
 
  Eigenvalues for: E-
 -----------------
 
    1          -4.715765100341
    2          -4.700775749202
    3          -0.415172338610
    4          -0.225644425835
    5          -0.006486026721
    6           0.007433346204
    7           0.022864522468
    8           0.050954306490
    9           0.059283749192
   10           0.062990483060
   11           0.063016209015
   12           0.071000352536
   13           0.076986196859
   14           0.096813157463
   15           0.111901133281
   16           0.173284122760
   17           0.173554490881
   18           0.218222894781
   19           0.286325000916
   20           0.299733908335
   21           0.301323070092
   22           0.344293943544
   23           0.388946206702
   24           0.428400213068
   25           0.430228585354
   26           0.616746254797
   27           0.616916853248
   28           0.639646239485
   29           0.755227371589
   30           0.773762177198
   31           0.866115014215
   32           0.866216200841
   33           0.875689194385
   34           1.010062148761
   35           1.128830521970
   36           1.162807524939
   37           1.195755202738
   38           1.217688708692
   39           1.261927792860
   40           1.276907061814
   41           1.303173033509
   42           1.521739554175
   43           1.635383119673
   44           2.047161099919
   45          10.204172483692
   46          10.269886635203
 
 
  Eigenvalues for: POSITRON
 -----------------
 
    1          -0.042466646253
    2           0.000074173009
    3           0.000140326753
    4           0.000205341982
    5           0.000210582844
    6           0.000317396586
    7           0.000326459073
    8           0.000328395635
    9           0.000328708879
   10           0.000328999343
   11           0.000329950359
   12           0.000431850759
   13           0.000432377166
   14           0.000433686900
   15           0.000441300810
   16           0.000442047140
   17           0.000445558417
   18           0.000827755569
   19           0.000876732919
   20           0.000915900236
   21           0.001012575302
   22           0.001193032869
   23           0.001204491650
   24           0.001205824916
   25           0.001243495182
   26           0.001245049691
   27           0.001506755175
   28           0.001526774135
   29           0.001529655149
   30           0.001529708973
   31           0.001539328095
   32           0.001820677275
   33           0.002067484912
   34           0.002882567252
   35           0.003114647272
   36           0.003779632229
   37           0.003818181913
   38           0.003839677097
   39           0.004097827439
   40           0.004314767501
   41           0.007230611697
   42           0.008702237885
   43           0.010106170738
   44           0.010815918264
   45           0.011586642655
   46           0.012038970050
   47           0.012342818502
   48           0.024561119230
   49           0.038071483103
   50           0.063741647594
   51           0.144615240264
   52           0.202446595862
   53           0.745708752594
   54           0.844755008709
   55           2.698149691301
   56           2.870433748113
   57          10.496105538731
   58          10.695683429590
   59     1000000.000000000000
   60     1000000.000000000000
   61     1000000.000000000000
   62     1000000.000000000000
   63     1000000.000000000000
   64     1000000.000000000000
   65     1000000.000000000000
   66     1000000.000000000000
   67     1000000.000000000000
   68     1000000.000000000000
 
  end of eigenvalues 
 
  Occupied Eigenvectors for: E-
 --------------------------- 
 
                          -4.7158        -4.7008        -0.4152        -0.2256   
 
    1     BE     S      -0.419724       0.421848      -0.102061      -0.000000
    2     BE     S      -0.313066       0.316334      -0.169203      -0.000000
    3     BE    Px      -0.000115      -0.003260       0.105990      -0.000000
    4     BE    Py      -0.000000       0.000000      -0.000000       0.191488
    5     BE    Pz       0.000000      -0.000000       0.000000      -0.033907
    6     BE     S      -0.002416      -0.013784       0.385487      -0.000000
    7     BE    Px      -0.001661      -0.007209       0.067560      -0.000000
    8     BE    Py       0.000000      -0.000000       0.000000       0.261247
    9     BE    Pz      -0.000000       0.000000       0.000000      -0.046259
   10     BE     S      -0.001991       0.013059       0.171711       0.000000
   11     BE    Px      -0.000318       0.004104       0.036824       0.000000
   12     BE    Py      -0.000000      -0.000000      -0.000000       0.185350
   13     BE    Pz       0.000000      -0.000000      -0.000000      -0.032820
   14     BE     S       0.000504      -0.017477       0.003117       0.000000
   15     BE    Px       0.000514      -0.003369      -0.007702       0.000000
   16     BE    Py       0.000000       0.000000       0.000000       0.016331
   17     BE    Pz      -0.000000       0.000000       0.000000      -0.002892
   18     BE   Dxx       0.000049      -0.002960      -0.001599      -0.000000
   19     BE   Dxy       0.000000      -0.000000       0.000000       0.022157
   20     BE   Dxz      -0.000000       0.000000       0.000000      -0.003923
   21     BE   Dyy       0.001665       0.000462      -0.006574       0.000000
   22     BE   Dyz       0.000169      -0.000061      -0.001565      -0.000000
   23     BE   Dzz       0.002467       0.000174      -0.013988       0.000000
   24     BE     S      -0.419724      -0.421848      -0.102061      -0.000000
   25     BE     S      -0.313066      -0.316334      -0.169203      -0.000000
   26     BE    Px       0.000115      -0.003260      -0.105990      -0.000000
   27     BE    Py       0.000000      -0.000000      -0.000000       0.191488
   28     BE    Pz      -0.000000       0.000000       0.000000      -0.033907
   29     BE     S      -0.002416       0.013784       0.385487       0.000000
   30     BE    Px       0.001661      -0.007209      -0.067560      -0.000000
   31     BE    Py      -0.000000       0.000000      -0.000000       0.261247
   32     BE    Pz       0.000000      -0.000000      -0.000000      -0.046259
   33     BE     S      -0.001991      -0.013059       0.171711      -0.000000
   34     BE    Px       0.000318       0.004104      -0.036824       0.000000
   35     BE    Py       0.000000       0.000000       0.000000       0.185350
   36     BE    Pz      -0.000000       0.000000       0.000000      -0.032820
   37     BE     S       0.000504       0.017477       0.003117      -0.000000
   38     BE    Px      -0.000514      -0.003369       0.007702      -0.000000
   39     BE    Py      -0.000000      -0.000000       0.000000       0.016331
   40     BE    Pz       0.000000      -0.000000      -0.000000      -0.002892
   41     BE   Dxx       0.000049       0.002960      -0.001599       0.000000
   42     BE   Dxy       0.000000      -0.000000       0.000000      -0.022157
   43     BE   Dxz      -0.000000       0.000000       0.000000       0.003923
   44     BE   Dyy       0.001665      -0.000462      -0.006574      -0.000000
   45     BE   Dyz       0.000169       0.000061      -0.001565       0.000000
   46     BE   Dzz       0.002467      -0.000174      -0.013988      -0.000000
 
 
  Occupied Eigenvectors for: POSITRON
 --------------------------- 
 
                          -0.0425   
 
    1     E+     S      -0.048458
    2     E+     S      -0.048482
    3     E+     S       0.077207
    4     E+     S      -0.054960
    5     E+     S       0.124014
    6     E+     S       0.212953
    7     E+     S       0.445699
    8     E+     S      -0.229703
    9     E+     S      -0.035364
   10     E+     S       0.001570
   11     E+    Px      -0.001258
   12     E+    Py       0.000000
   13     E+    Pz       0.000000
   14     E+    Px      -0.002976
   15     E+    Py      -0.000000
   16     E+    Pz       0.000000
   17     E+    Px      -0.130558
   18     E+    Py       0.000000
   19     E+    Pz       0.000000
   20     E+    Px       0.131432
   21     E+    Py      -0.000000
   22     E+    Pz      -0.000000
   23     E+   Dxx       0.010291
   24     E+   Dxy      -0.000000
   25     E+   Dxz      -0.000000
   26     E+   Dyy       0.008891
   27     E+   Dyz       0.000037
   28     E+   Dzz       0.009068
   29     E+   Dxx       0.025134
   30     E+   Dxy       0.000000
   31     E+   Dxz       0.000000
   32     E+   Dyy       0.029370
   33     E+   Dyz      -0.000072
   34     E+   Dzz       0.029028
   35     E+     S      -0.048454
   36     E+     S      -0.048477
   37     E+     S       0.077148
   38     E+     S      -0.054828
   39     E+     S       0.105568
   40     E+     S       0.176310
   41     E+     S       0.385217
   42     E+     S      -0.217899
   43     E+     S      -0.034786
   44     E+     S       0.001571
   45     E+    Px       0.001602
   46     E+    Py      -0.000000
   47     E+    Pz      -0.000000
   48     E+    Px       0.003111
   49     E+    Py       0.000000
   50     E+    Pz      -0.000000
   51     E+    Px       0.129943
   52     E+    Py      -0.000000
   53     E+    Pz      -0.000000
   54     E+    Px      -0.130773
   55     E+    Py       0.000000
   56     E+    Pz       0.000000
   57     E+   Dxx       0.005375
   58     E+   Dxy       0.000000
   59     E+   Dxz       0.000000
   60     E+   Dyy       0.004027
   61     E+   Dyz       0.000031
   62     E+   Dzz       0.004173
   63     E+   Dxx       0.016677
   64     E+   Dxy      -0.000000
   65     E+   Dxz      -0.000000
   66     E+   Dyy       0.020848
   67     E+   Dyz      -0.000064
   68     E+   Dzz       0.020546
 
 
  end of eigenvectors 
 
  END OF EIGENVALUES AND EIGENVECTORS
 
 
  COMPONENTS OF KINETIC ENERGY: 
 -----------------------------
 
                  E- Kinetic energy =           29.562782214906
            POSITRON Kinetic energy =            0.062421545287
                                     _________________________
               Total kinetic energy =           29.625203760193
 
  COMPONENTS OF POTENTIAL ENERGY: 
 -------------------------------
 
          Fixed potential energy    =            6.153846153846
 
  Quantum/Fixed interaction energy: 
 ----------------------------------
 
          E-/Fixed interact. energy =          -79.651193027837
    POSITRON/Fixed interact. energy =            1.924411665547
                                     _________________________
               Total Q/Fixed energy =          -77.726781362291
 
  Coulomb energy: 
 ------------------
 
               E-/E- Hartree energy =           20.509790552016
   POSITRON/POSITRON Hartree energy =            0.000000000000
         E-/POSITRON Hartree energy =           -1.880033024671
                                     _________________________
               Total Hartree energy =           18.629757527345
 
  Exchange(HF) energy: 
 ----------------------
 
                 E- Exchange energy =           -5.522942759354
           POSITRON Exchange energy =            0.000000000000
                                     _________________________
              Total Exchange energy =           -5.522942759354
 
  External Potential energy: 
 ----------------------------
 
                  E- Ext Pot energy =            0.000000000000
            POSITRON Ext Pot energy =           -0.149266828756
                                     _________________________
    Total External Potential energy =           -0.149266828756
 
  TOTAL ENERGY COMPONENTS: 
 ==========================
 
          TOTAL KINETIC ENERGY      =           29.625203760193
          TOTAL POTENTIAL ENERGY    =          -58.615387269209
                                     _________________________
                       TOTAL ENERGY =          -28.990183509016
 
                 VIRIAL RATIO (V/T) =            1.978564864690
 
 
  END ENERGY COMPONENTS
 
 
** TOTAL CPU Time SCF :      0.594 (s)
** TOTAL Elapsed Time SCF :      0.379 (s)
 
 We are calculating properties for E- in the HF/KS ground state
 We are calculating properties for POSITRON in the HF/KS ground state
 
  POPULATION ANALYSES: 
 ====================
 
 MULLIKEN Population: for E-        
 ---------------------
 
                                    
 
    1     BE     S       1.162996
    2     BE     S       0.826159
    3     BE    Px       0.065994
    4     BE    Py       0.213626
    5     BE    Pz       0.006698
    6     BE     S       0.608806
    7     BE    Px       0.055864
    8     BE    Py       0.439335
    9     BE    Pz       0.013775
   10     BE     S       0.282219
   11     BE    Px       0.023428
   12     BE    Py       0.288618
   13     BE    Pz       0.009049
   14     BE     S       0.003364
   15     BE    Px      -0.002588
   16     BE    Py       0.015668
   17     BE    Pz       0.000491
   18     BE   Dxx      -0.001047
   19     BE   Dxy       0.012353
   20     BE   Dxz       0.000387
   21     BE   Dyy      -0.008144
   22     BE   Dyz       0.000007
   23     BE   Dzz      -0.017058
   24     BE     S       1.162996
   25     BE     S       0.826159
   26     BE    Px       0.065994
   27     BE    Py       0.213626
   28     BE    Pz       0.006698
   29     BE     S       0.608806
   30     BE    Px       0.055864
   31     BE    Py       0.439335
   32     BE    Pz       0.013775
   33     BE     S       0.282219
   34     BE    Px       0.023428
   35     BE    Py       0.288618
   36     BE    Pz       0.009049
   37     BE     S       0.003364
   38     BE    Px      -0.002588
   39     BE    Py       0.015668
   40     BE    Pz       0.000491
   41     BE   Dxx      -0.001047
   42     BE   Dxy       0.012353
   43     BE   Dxz       0.000387
   44     BE   Dyy      -0.008144
   45     BE   Dyz       0.000007
   46     BE   Dzz      -0.017058
 
                           __________
              Total =        8.000000
 
  Atomic MULLIKEN Population: for E-        
            BE               4.000000
            BE               4.000000
 
 ...end of MULLIKEN Population
 
 
 END POPULATION ANALYSES 
 
 
  POPULATION ANALYSES: 
 ====================
 
 LOWDIN Population: for E-        
 ---------------------
 
                                    
 
    1     BE     S       1.087284
    2     BE     S       0.852630
    3     BE    Px       0.058416
    4     BE    Py       0.201070
    5     BE    Pz       0.006304
    6     BE     S       0.271485
    7     BE    Px       0.079505
    8     BE    Py       0.412836
    9     BE    Pz       0.012944
   10     BE     S       0.193959
   11     BE    Px       0.034121
   12     BE    Py       0.277096
   13     BE    Pz       0.008688
   14     BE     S       0.064240
   15     BE    Px       0.006793
   16     BE    Py       0.052850
   17     BE    Pz       0.001657
   18     BE   Dxx       0.161826
   19     BE   Dxy       0.025748
   20     BE   Dxz       0.000807
   21     BE   Dyy       0.097979
   22     BE   Dyz       0.000007
   23     BE   Dzz       0.091754
   24     BE     S       1.087284
   25     BE     S       0.852630
   26     BE    Px       0.058416
   27     BE    Py       0.201070
   28     BE    Pz       0.006304
   29     BE     S       0.271485
   30     BE    Px       0.079505
   31     BE    Py       0.412836
   32     BE    Pz       0.012944
   33     BE     S       0.193959
   34     BE    Px       0.034121
   35     BE    Py       0.277096
   36     BE    Pz       0.008688
   37     BE     S       0.064240
   38     BE    Px       0.006793
   39     BE    Py       0.052850
   40     BE    Pz       0.001657
   41     BE   Dxx       0.161826
   42     BE   Dxy       0.025748
   43     BE   Dxz       0.000807
   44     BE   Dyy       0.097979
   45     BE   Dyz       0.000007
   46     BE   Dzz       0.091754
 
                           __________
              Total =        8.000000
 
  Atomic LOWDIN Population: for E-        
            BE               4.000000
            BE               4.000000
 
 ...end of LOWDIN Population
 
 
 END POPULATION ANALYSES 
 
 
  POPULATION ANALYSES: 
 ====================
 
 MULLIKEN Population: for POSITRON  
 ---------------------
 
                                    
 
    1     E+     S      -0.002324
    2     E+     S      -0.005205
    3     E+     S       0.017942
    4     E+     S      -0.025400
    5     E+     S       0.095800
    6     E+     S       0.204915
    7     E+     S       0.359259
    8     E+     S      -0.096276
    9     E+     S      -0.005107
   10     E+     S       0.000063
   11     E+    Px      -0.000001
   12     E+    Py      -0.000000
   13     E+    Pz      -0.000000
   14     E+    Px      -0.000013
   15     E+    Py      -0.000000
   16     E+    Pz      -0.000000
   17     E+    Px      -0.002070
   18     E+    Py       0.000000
   19     E+    Pz       0.000000
   20     E+    Px       0.006701
   21     E+    Py      -0.000000
   22     E+    Pz      -0.000000
   23     E+   Dxx       0.000003
   24     E+   Dxy       0.000000
   25     E+   Dxz       0.000000
   26     E+   Dyy       0.000003
   27     E+   Dyz      -0.000000
   28     E+   Dzz       0.000003
   29     E+   Dxx       0.000052
   30     E+   Dxy      -0.000000
   31     E+   Dxz      -0.000000
   32     E+   Dyy       0.000073
   33     E+   Dyz       0.000000
   34     E+   Dzz       0.000063
   35     E+     S      -0.002324
   36     E+     S      -0.005203
   37     E+     S       0.017920
   38     E+     S      -0.025304
   39     E+     S       0.081253
   40     E+     S       0.168191
   41     E+     S       0.305123
   42     E+     S      -0.088905
   43     E+     S      -0.004868
   44     E+     S       0.000061
   45     E+    Px      -0.000002
   46     E+    Py       0.000000
   47     E+    Pz       0.000000
   48     E+    Px      -0.000016
   49     E+    Py       0.000000
   50     E+    Pz       0.000000
   51     E+    Px      -0.002442
   52     E+    Py      -0.000000
   53     E+    Pz       0.000000
   54     E+    Px       0.007899
   55     E+    Py       0.000000
   56     E+    Pz       0.000000
   57     E+   Dxx       0.000002
   58     E+   Dxy       0.000000
   59     E+   Dxz      -0.000000
   60     E+   Dyy       0.000002
   61     E+   Dyz      -0.000000
   62     E+   Dzz       0.000001
   63     E+   Dxx       0.000035
   64     E+   Dxy       0.000000
   65     E+   Dxz       0.000000
   66     E+   Dyy       0.000051
   67     E+   Dyz       0.000000
   68     E+   Dzz       0.000045
 
                           __________
              Total =        1.000000
 
  Atomic MULLIKEN Population: for POSITRON  
            BE               0.548481
            BE               0.451519
 
 ...end of MULLIKEN Population
 
 
 END POPULATION ANALYSES 
 
 
  POPULATION ANALYSES: 
 ====================
 
 LOWDIN Population: for POSITRON  
 ---------------------
 
                                    
 
    1     E+     S            NaN
    2     E+     S            NaN
    3     E+     S            NaN
    4     E+     S            NaN
    5     E+     S            NaN
    6     E+     S            NaN
    7     E+     S            NaN
    8     E+     S            NaN
    9     E+     S            NaN
   10     E+     S            NaN
   11     E+    Px            NaN
   12     E+    Py            NaN
   13     E+    Pz            NaN
   14     E+    Px            NaN
   15     E+    Py            NaN
   16     E+    Pz            NaN
   17     E+    Px            NaN
   18     E+    Py            NaN
   19     E+    Pz            NaN
   20     E+    Px            NaN
   21     E+    Py            NaN
   22     E+    Pz            NaN
   23     E+   Dxx            NaN
   24     E+   Dxy            NaN
   25     E+   Dxz            NaN
   26     E+   Dyy            NaN
   27     E+   Dyz            NaN
   28     E+   Dzz            NaN
   29     E+   Dxx            NaN
   30     E+   Dxy            NaN
   31     E+   Dxz            NaN
   32     E+   Dyy            NaN
   33     E+   Dyz            NaN
   34     E+   Dzz            NaN
   35     E+     S            NaN
   36     E+     S            NaN
   37     E+     S            NaN
   38     E+     S            NaN
   39     E+     S            NaN
   40     E+     S            NaN
   41     E+     S            NaN
   42     E+     S            NaN
   43     E+     S            NaN
   44     E+     S            NaN
   45     E+    Px            NaN
   46     E+    Py            NaN
   47     E+    Pz            NaN
   48     E+    Px            NaN
   49     E+    Py            NaN
   50     E+    Pz            NaN
   51     E+    Px            NaN
   52     E+    Py            NaN
   53     E+    Pz            NaN
   54     E+    Px            NaN
   55     E+    Py            NaN
   56     E+    Pz            NaN
   57     E+   Dxx            NaN
   58     E+   Dxy            NaN
   59     E+   Dxz            NaN
   60     E+   Dyy            NaN
   61     E+   Dyz            NaN
   62     E+   Dzz            NaN
   63     E+   Dxx            NaN
   64     E+   Dxy            NaN
   65     E+   Dxz            NaN
   66     E+   Dyy            NaN
   67     E+   Dyz            NaN
   68     E+   Dzz            NaN
 
                           __________
              Total =             NaN
 
  Atomic LOWDIN Population: for POSITRON  
            BE                    NaN
            BE                    NaN
 
 ...end of LOWDIN Population
 
 
 END POPULATION ANALYSES 
 
 
  EXPECTED POSITIONS OF QUANTUM SPECIES:
 ======================
 
 POSITIONS IN ANGSTROMS
 ------
 
                        <x>      <y>      <z>         
                 E-   5.5034  -0.0000   0.0000
           POSITRON   0.6165   0.0000   0.0000
 
 END EXPECTED POSITIONS
 
 
  ELECTROSTATIC MOMENTS:
 ======================
 
 DIPOLE: (DEBYE)
 ------
 
                           <Dx>         <Dy>         <Dz>          |D|
                 E- -26.43415985   0.00000000  -0.00000000
           POSITRON   2.96114363   0.00000000   0.00000000
    Point charges:   26.43415985   0.00000000   0.00000000
                     ____________________________
      Total Dipole:   2.96114363   0.00000000   0.00000000   2.96114363
 
 QUADRUPOLE NON-TRACELESS: (DEBYE ANGS)
 ------
 
                           <xx>         <yy>         <zz>         <xy>         <xz>         <yz>
                 E-   -0.00000000   -0.00000000   -0.00000000   -0.00000000   -0.00000000   -0.00000000
           POSITRON    0.00000000    0.00000000    0.00000000    0.00000000    0.00000000    0.00000000
    Point charges:    36.36972144    0.00000000    0.00000000    0.00000000    0.00000000    0.00000000
  Total Quadrupole:   36.36972144    0.00000000    0.00000000    0.00000000    0.00000000    0.00000000
                     ____________________________
 
 END ELECTROSTATIC MOMENTS
 

  TOTAL CPU Time:      0.029 (s)
 TOTAL Wall Time:      0.422 (s)
  Elapsed Time:   0h  0m  0s 422ms
LOWDIN execution terminated normally at : Thu Oct 17 19:52:04 2024
-rw-rw-r-- 1 pmorenor pmorenor 1.4M oct 17 19:52 0E-.ints
-rw-rw-r-- 1 pmorenor pmorenor 4.2M oct 17 19:52 0E-.POSITRON.ints
-rw-rw-r-- 1 pmorenor pmorenor 2.1M oct 17 19:52 0POSITRON.ints
-rw-rw-r-- 1 pmorenor pmorenor 1.4M oct 17 19:52 1E-.ints
-rw-rw-r-- 1 pmorenor pmorenor 4.2M oct 17 19:52 1E-.POSITRON.ints
-rw-rw-r-- 1 pmorenor pmorenor 2.1M oct 17 19:52 1POSITRON.ints
-rw-rw-r-- 1 pmorenor pmorenor 1.4M oct 17 19:52 2E-.ints
-rw-rw-r-- 1 pmorenor pmorenor 4.2M oct 17 19:52 2E-.POSITRON.ints
-rw-rw-r-- 1 pmorenor pmorenor 2.1M oct 17 19:52 2POSITRON.ints
-rw-rw-r-- 1 pmorenor pmorenor 1.4M oct 17 19:52 3E-.ints
-rw-rw-r-- 1 pmorenor pmorenor 4.2M oct 17 19:52 3E-.POSITRON.ints
-rw-rw-r-- 1 pmorenor pmorenor 2.1M oct 17 19:52 3POSITRON.ints
-rw-rw-r-- 1 pmorenor pmorenor   12 oct 17 19:52 E-.POSITRON.nints
-rw-rw-r-- 1 pmorenor pmorenor   63 oct 17 19:52 gepol.inp
-rw-rw-r-- 1 pmorenor pmorenor   91 oct 17 19:52 gepol.xyzr
-rw-rw-r-- 1 pmorenor pmorenor 9.5K oct 17 19:52 lowdin.bas
-rw-rw-r-- 1 pmorenor pmorenor  15K oct 17 19:52 lowdin.dat
-rw-rw-r-- 1 pmorenor pmorenor 691K oct 17 19:52 lowdin.opints
-rw-rw-r-- 1 pmorenor pmorenor  26K oct 17 19:52 lowdin.sys
-rw-rw-r-- 1 pmorenor pmorenor 531K oct 17 19:52 lowdin.wfn
-rw-rw-r-- 1 pmorenor pmorenor  494 oct 17 19:52 usual_4
-rw-rw-r-- 1 pmorenor pmorenor  54K oct 17 19:52 usual_40.vec
-rw-rw-r-- 1 pmorenor pmorenor  54K oct 17 19:52 usual_41.vec
-rw-rw-r-- 1 pmorenor pmorenor  54K oct 17 19:52 usual_42.vec
-rw-rw-r-- 1 pmorenor pmorenor  54K oct 17 19:52 usual_43.vec
-rw-rw-r-- 1 pmorenor pmorenor  54K oct 17 19:52 usual_44.vec
-rw-rw-r-- 1 pmorenor pmorenor  54K oct 17 19:52 usual_45.vec
-rw-rw-r-- 1 pmorenor pmorenor  54K oct 17 19:52 usual_46.vec
-rw-rw-r-- 1 pmorenor pmorenor  54K oct 17 19:52 usual_47.vec
-rw-rw-r-- 1 pmorenor pmorenor  54K oct 17 19:52 usual_48.vec
-rw-rw-r-- 1 pmorenor pmorenor  54K oct 17 19:52 usual_49.vec
-rw-rw-r-- 1 pmorenor pmorenor 1.8K oct 17 19:52 usual_4.aux
-rw-rw-r-- 1 pmorenor pmorenor  499 oct 17 19:52 usual_4.lowdin
-rw-rw-r-- 1 pmorenor pmorenor  48K oct 17 19:52 usual_4.out
-rw-rw-r-- 1 pmorenor pmorenor  54K oct 17 19:52 usual_4.vec
