Begin job by input: usual_159.lowdin, for user: pmorenor  at  jue 17 oct 2024 19:54:30 -05
under operating system Linux Hefesto 5.4.0-196-generic #216-Ubuntu SMP Thu Aug 29 13:26:53 UTC 2024 x86_64 x86_64 x86_64 GNU/Linux
Compilation information
  commit: f2cffef7078af1231fe3319081e66b682883a80b
  compilation date:  mar 06 feb 2024 16:53:31 -05

BEGIN INPUT INFO:
------------------------------------

GEOMETRY
	Be	Dirac	0.0 0.0 0.0
	e-(Be)	6-311++G.d.p 0.0 0.0 0.0
	E+	GRIBAKIN-10S4P2D 0.0 0.0 0.0
	Be	Dirac	33.6 0.0 0.0
	e-(Be)	6-311++G.d.p	33.6 0.0 0.0
	E+	GRIBAKIN-10S4P2D 33.6 0.0 0.0 addParticles=-1 
END GEOMETRY

TASKS
        method = "RHF"
END TASKS

EXTERPOTENTIAL
	E- GRIBAKIN0
	E+ VPC159
END EXTERPOTENTIAL

CONTROL
	units="BOHRS"
	readCoefficients=F
	convergenceMethod=1
	overlapEigenThreshold=1E-6
	SCFGhostSpecies="POSITRON"
	HFprintEigenvalues=T
	totalEnergyTolerance = 1E-9
END CONTROL


... END INPUT INFO


 LOWDIN execution started at : Thu Oct 17 19:54:30 2024
 ---------------------------------------------------------------
 
 ***************************************************************
 *                   LOWDIN 2.0  (May/2013)                    *
 *                                                             *
 *  R. FLORES-MORENO, E. F. POSADA, F. S. MONCADA, J.ROMERO,   *
 *  J. CHARRY, M. DIAZ-TINOCO, S. A. GONZALEZ, N. F. AGUIRRE,  *
 *  A. REYES                                                   *
 *                                                             *
 *  https://sites.google.com/site/lowdinproject/               *
 *                                                             *
 ***************************************************************
 
 PARSING INPUT... DONE!
 
 LOWDIN IS RUNNING WITH NEXT PARAMETERS: 
 ----------------------------------------
 
         METHOD TYPE:  RHF
         NUMBER OF CORES:     4
         NONELECTRONIC DENSITY GUESS: HCORE
         ELECTRONIC DENSITY GUESS: HCORE
         CRITERIUM OF CONVERGENCE: ENERGY
         NONELECTRONIC ENERGY TOLERANCE IN SCFs:     0.10000E-07
         ELECTRONIC ENERGY TOLERANCE IN SCFs:     0.10000E-07
         TOTAL ENERGY TOLERANCE IN SCFs:     0.10000E-08
         SCHEME OF ITERATION: GLOBAL ITERATIONS
         SCF MAX. SUBITERATIONS - NONELECTRONS :     1
         SCF MAX. SUBITERATIONS - ELECTRONS :     1
         SCF MAX. ITERATIONS - INTERSPECIES :   200
         INTEGRAL STORAGE: DISK
         STACK SIZE FOR ERIS : 30000
         METHOD OF SCF CONVERGENCE: DAMPING
 
  MOLECULAR SYSTEM: usual_159
 -----------------
 
    DESCRIPTION   : usual_159
    CHARGE        :   2
    PUNTUAL GROUP : NONE
 
 
  INFORMATION OF PARTICLES :
 =========================
         Total number of particles   =      11
         Number of quantum particles =       9
         Number of puntual charges   =       2
         Number of quantum species   =       2
 
                 INFORMATION OF QUANTUM SPECIES 
     ---------------------------------------------------------------------
         ID      Symbol            mass     charge     spin     multiplicity
     ---------------------------------------------------------------------
         1             E-         1.0000     -1.00      0.50      1.00
         2             E+         1.0000      1.00      0.50      1.00
 
                   CONSTANTS OF COUPLING 
      ------------------------------------------------------------
           Symbol          kappa      eta     lambda     occupation
      ------------------------------------------------------------
                 E-        -1.0      2.00      2.00      4.00
                 E+        -1.0      1.00      1.00      1.00
 
                   BASIS SET FOR SPECIES 
      ------------------------------------------------------------
           Symbol          N. Basis     N. Particles     Basis Set
      ------------------------------------------------------------
                 E-           20                8     6-311++G.D
                 E+           32                1     GRIBAKIN-1
 
                                ATOMIC BASIS
         ------------------------------------------------------------
          PRIMITIVE   SHELL             EXPONENT         COEFFICIENT 
         ------------------------------------------------------------
 
    BEGIN DESCRIPTION OF BASIS FOR:    E-
    ==============================
 
 
            BE BASIS SET:   6-311++G.D.P
             1         S             1682.80000000          0.00228574
             2         S              251.71500000          0.01759380
             3         S               57.41160000          0.08633150
             4         S               16.51710000          0.28183500
             5         S                4.85364000          0.64059400
             6         S                0.62686300          0.14446700
             1         S                8.30938000          0.10862100
             2         S                1.74075000          0.92730100
             3         S                0.48581600         -0.00297169
             1         P                8.30938000          0.03613440
             2         P                1.74075000          0.21695800
             3         P                0.48581600          0.84183900
             1         S                0.16361300          1.00000000
             1         P                0.16361300          1.00000000
             1         S                0.05672850          1.00000000
             1         P                0.05672850          1.00000000
             1         S                0.02070000          1.00000000
             1         P                0.02070000          1.00000000
             1         D                0.25500000          1.00000000
 
            BE BASIS SET:   6-311++G.D.P
             1         S             1682.80000000          0.00228574
             2         S              251.71500000          0.01759380
             3         S               57.41160000          0.08633150
             4         S               16.51710000          0.28183500
             5         S                4.85364000          0.64059400
             6         S                0.62686300          0.14446700
             1         S                8.30938000          0.10862100
             2         S                1.74075000          0.92730100
             3         S                0.48581600         -0.00297169
             1         P                8.30938000          0.03613440
             2         P                1.74075000          0.21695800
             3         P                0.48581600          0.84183900
             1         S                0.16361300          1.00000000
             1         P                0.16361300          1.00000000
             1         S                0.05672850          1.00000000
             1         P                0.05672850          1.00000000
             1         S                0.02070000          1.00000000
             1         P                0.02070000          1.00000000
             1         D                0.25500000          1.00000000
    ... END DESCRIPTION OF BASIS
 
 
    BEGIN DESCRIPTION OF BASIS FOR:    E+
    ==============================
 
 
            E+ BASIS SET:GRIBAKIN-10S4P2
             1         S                0.00010000          1.00000000
             1         S                0.00030000          1.00000000
             1         S                0.00090000          1.00000000
             1         S                0.00270000          1.00000000
             1         S                0.00810000          1.00000000
             1         S                0.02430000          1.00000000
             1         S                0.07290000          1.00000000
             1         S                0.21870000          1.00000000
             1         S                0.65610000          1.00000000
             1         S                1.96830000          1.00000000
             1         P                0.00010000          1.00000000
             1         P                0.00030000          1.00000000
             1         P                0.00090000          1.00000000
             1         P                0.00270000          1.00000000
             1         D                0.00010000          1.00000000
             1         D                0.00030000          1.00000000
 
            E+ BASIS SET:GRIBAKIN-10S4P2
             1         S                0.00010000          1.00000000
             1         S                0.00030000          1.00000000
             1         S                0.00090000          1.00000000
             1         S                0.00270000          1.00000000
             1         S                0.00810000          1.00000000
             1         S                0.02430000          1.00000000
             1         S                0.07290000          1.00000000
             1         S                0.21870000          1.00000000
             1         S                0.65610000          1.00000000
             1         S                1.96830000          1.00000000
             1         P                0.00010000          1.00000000
             1         P                0.00030000          1.00000000
             1         P                0.00090000          1.00000000
             1         P                0.00270000          1.00000000
             1         D                0.00010000          1.00000000
             1         D                0.00030000          1.00000000
    ... END DESCRIPTION OF BASIS
 
 
  END INFORMATION OF PARTICLES
 
 
  INFORMATION OF THE QUANTUM SYSTEM 
     ---------------------------------------------------------------------
                 ID     Occupied Orbitals     Basis size
     ---------------------------------------------------------------------
                 E-            4               46
                 E+            1               68
 
  END INFORMATION OF QUANTUM SYSTEM
 
 
  INFORMATION OF EXTERNAL POTENTIALS 
 
 =======
 External Potential for E- : GRIBAKIN0
 Type : 
                     Exponent         l       R_x       R_y       R_z              Factor
                 0.0010000000         0   0.00000   0.00000   0.00000        0.0000000000
 
 =======
 External Potential for E+ : VPC159
 Type : 
                     Exponent         l       R_x       R_y       R_z              Factor
                 0.0010000000         0   0.00000   0.00000   0.00000       -0.0004852612
                 0.0020000000         0   0.00000   0.00000   0.00000        0.0024441783
                 0.0040000000         0   0.00000   0.00000   0.00000       -0.0075448874
                 0.0080000000         0   0.00000   0.00000   0.00000        0.0157738437
                 0.0160000000         0   0.00000   0.00000   0.00000       -0.0371036225
                 0.0320000000         0   0.00000   0.00000   0.00000        0.0538567205
                 0.0640000000         0   0.00000   0.00000   0.00000       -0.1977562620
                 0.1280000000         0   0.00000   0.00000   0.00000        0.1521150960
                 0.2560000000         0   0.00000   0.00000   0.00000       -2.2309931100
                 0.5120000000         0   0.00000   0.00000   0.00000        7.1544406100
                 1.0000000000         0   0.00000   0.00000   0.00000      -16.4610761000
                 2.0000000000         0   0.00000   0.00000   0.00000      120.0674500000
                 3.0000000000         0   0.00000   0.00000   0.00000    -1010.4441400000
                 4.0000000000         0   0.00000   0.00000   0.00000     5912.5175500000
                 5.0000000000         0   0.00000   0.00000   0.00000   -22883.6471000000
                 6.0000000000         0   0.00000   0.00000   0.00000    58320.2479000000
                 7.0000000000         0   0.00000   0.00000   0.00000   -96733.7399000000
                 8.0000000000         0   0.00000   0.00000   0.00000   100515.5930000000
                 9.0000000000         0   0.00000   0.00000   0.00000   -59492.9273000000
                10.0000000000         0   0.00000   0.00000   0.00000    15337.5181000000
                20.0000000000         0   0.00000   0.00000   0.00000     -108.3194530000
                30.0000000000         0   0.00000   0.00000   0.00000       58.7242217000
                40.0000000000         0   0.00000   0.00000   0.00000      -33.9818623000
                50.0000000000         0   0.00000   0.00000   0.00000       10.1503518000
               100.0000000000         0   0.00000   0.00000   0.00000       -0.2039701810
                 0.0010000000         0  31.74746   0.00000   0.00000       -0.0004852612
                 0.0020000000         0  31.74746   0.00000   0.00000        0.0024441783
                 0.0040000000         0  31.74746   0.00000   0.00000       -0.0075448874
                 0.0080000000         0  31.74746   0.00000   0.00000        0.0157738437
                 0.0160000000         0  31.74746   0.00000   0.00000       -0.0371036225
                 0.0320000000         0  31.74746   0.00000   0.00000        0.0538567205
                 0.0640000000         0  31.74746   0.00000   0.00000       -0.1977562620
                 0.1280000000         0  31.74746   0.00000   0.00000        0.1521150960
                 0.2560000000         0  31.74746   0.00000   0.00000       -2.2309931100
                 0.5120000000         0  31.74746   0.00000   0.00000        7.1544406100
                 1.0000000000         0  31.74746   0.00000   0.00000      -16.4610761000
                 2.0000000000         0  31.74746   0.00000   0.00000      120.0674500000
                 3.0000000000         0  31.74746   0.00000   0.00000    -1010.4441400000
                 4.0000000000         0  31.74746   0.00000   0.00000     5912.5175500000
                 5.0000000000         0  31.74746   0.00000   0.00000   -22883.6471000000
                 6.0000000000         0  31.74746   0.00000   0.00000    58320.2479000000
                 7.0000000000         0  31.74746   0.00000   0.00000   -96733.7399000000
                 8.0000000000         0  31.74746   0.00000   0.00000   100515.5930000000
                 9.0000000000         0  31.74746   0.00000   0.00000   -59492.9273000000
                10.0000000000         0  31.74746   0.00000   0.00000    15337.5181000000
                20.0000000000         0  31.74746   0.00000   0.00000     -108.3194530000
                30.0000000000         0  31.74746   0.00000   0.00000       58.7242217000
                40.0000000000         0  31.74746   0.00000   0.00000      -33.9818623000
                50.0000000000         0  31.74746   0.00000   0.00000       10.1503518000
               100.0000000000         0  31.74746   0.00000   0.00000       -0.2039701810
 
  END INFORMATION OF EXTERNAL POTENTIALS
 
                       INITIAL GEOMETRY: AMSTRONG
                 -----------------------------------
                       <x>                 <y>                 <z>
      E-BE        0.0000000000        0.0000000000        0.0000000000
      E-BE       17.7803555745        0.0000000000        0.0000000000
        E+        0.0000000000        0.0000000000        0.0000000000
        E+       17.7803555745        0.0000000000        0.0000000000
        BE        0.0000000000        0.0000000000        0.0000000000
        BE       17.7803555745        0.0000000000        0.0000000000
 
                     MATRIX OF DISTANCE: ANGSTROM
                 -----------------------------------
                          BE(1)          BE(2)     
 
        BE(1)            0.000000      17.780356
        BE(2)           17.780356       0.000000
 
--------------------------------------------------------------------------------
** PROGRAM: SCF (Hartree Fock).     Author: S.A. Gonzalez, E. Posada, F. Moncada
--------------------------------------------------------------------------------
INFO: RUNNING IN RHF MODE.
 
----------------------------------------------------------------------
** PROGRAM INTS                          Author: E. F. Posada, 2013   
----------------------------------------------------------------------
INFO: RUNNING IN ONE_PARTICLE MODE.
 
 Number of Overlap integrals for species E-:   2116
 Number of Overlap integrals for species POSITRON:   4624
 Number of Kinetic integrals for species E-:   2116
 Number of Kinetic integrals for species POSITRON:   4624
 Number of Nuclear integrals for species E-:   2116
 Number of Nuclear integrals for species POSITRON:   4624
 Number of Moment integrals for species E-:   6348
 Number of Moment integrals for species POSITRON:  13872
 Number of 3C Overlap integrals for species E-:   2116
 Number of 3C Overlap integrals for species POSITRON:   4624
 
** TOTAL CPU Time INTS :      0.139 (s)
** TOTAL Elapsed Time INTS :      0.132 (s)
 
Removed     2 orbitals for species POSITRON with overlap eigen threshold of 1.000E-06
       Usign  HCORE density guess for species:         E-
     number of         E-     particles in guess density matrix:     8.000000
       Usign  HCORE density guess for species:   POSITRON
     number of   POSITRON     particles in guess density matrix:     0.000000
renormalized density matrix with deviation from number of particl    1.000000
 Number of unique integrals for species: 1 = 39810
 Number of unique integrals for species: 2 = 302775
 Number of unique integrals for species: 1 / 2 = 337242 Screened: 18395
 
 TWO-BODY INTEGRAL SETUP: 
------------------------- 
 Storage:   DISK
 Scheme: LIBINT
 Stack size:  30000
 
 LIBINT library, Fermann, J. T.; Valeev, F. L. 2010                   
 LOWDIN-LIBINT Implementation V. 2.1  Posada E. F. ; Reyes A. 2016   
 ----------------------------------------------------------------------

*** TOTAL CPU time intra-species integrals :      0.118 (s)
*** TOTAL elapsed time intra-species integrals :      0.041 (s)


*** TOTAL CPU time inter-species integrals :      0.227 (s)
*** TOTAL elapsed time inter-species integrals :      0.067 (s)

INFO: RUNNING SCHEME SIMULTANEOUS
 
 Begin Multi-Species SCF calculation:
 
 --------------------------------------------------------------------------------------------------
      Iteration                   Energy            Energy Change           Density Change
 --------------------------------------------------------------------------------------------------
              1         -27.541499959918          27.541499959918          20.035658028907
              2         -29.115065928664           1.573565968746           0.027819498337
              3         -29.146398214020           0.031332285356           0.006425903151
              4         -29.147059344653           0.000661130632           0.001524799088
              5         -29.147075063423           0.000015718770           0.000331489585
              6         -29.147074434993          -0.000000628430           0.000073412463
              7         -29.147074583597           0.000000148604           0.000017353313
              8         -29.147074815343           0.000000231745           0.000004715479
              9         -29.147074944326           0.000000128983           0.000001536189
             10         -29.147075001133           0.000000056808           0.000000562292
             11         -29.147075023821           0.000000022688           0.000000223485
             12         -29.147075032448           0.000000008627           0.000000092602
             13         -29.147075035643           0.000000003195           0.000000038864
             14         -29.147075036810           0.000000001166           0.000000016266
             15         -29.147075037232           0.000000000423           0.000000008959
 Total energy converged after  15 global iterations                                                  
 
 ...end Multi-Species SCF calculation
 
 
 Begin SCF calculation by: E-
 -------------------------
 
 -----------------------------------------------------------------------------------
 Iteration                   Energy           Density Change         DIIS Error 
 -----------------------------------------------------------------------------------
    1         -29.501458015741           0.019694247391                 -- 
    2         -29.599580078953           0.003518969937                 -- 
    3         -29.616156563809           0.000810683281                 -- 
    4         -29.619322601925           0.000205162330                 -- 
    5         -29.619939296779           0.000054399997                 -- 
    6         -29.620057689246           0.000014958209                 -- 
    7         -29.620079058091           0.000004273758                 -- 
    8         -29.620082283046           0.000001273326                 -- 
    9         -29.620082492539           0.000000395776                 -- 
   10         -29.620082365645           0.000000127860                 -- 
   11         -29.620082277828           0.000000042662                 -- 
   12         -29.620082237874           0.000000014600                 -- 
   13         -29.620082222017           0.000000005094                 -- 
   14         -29.620082220102           0.000000004013                 -- 
 
 ... end SCF calculation
 
 Begin SCF calculation by: POSITRON
 -------------------------
 
 -----------------------------------------------------------------------------------
 Iteration                   Energy           Density Change         DIIS Error 
 -----------------------------------------------------------------------------------
    1          -0.037385317278           0.008125250946                 -- 
    2          -0.031686300223           0.002906933214                 -- 
    3          -0.030688552937           0.000714115807                 -- 
    4          -0.030506034518           0.000126327255                 -- 
    5          -0.030476831720           0.000019012466                 -- 
    6          -0.030474073821           0.000002395105                 -- 
    7          -0.030474716746           0.000000441721                 -- 
    8          -0.030475283000           0.000000262863                 -- 
    9          -0.030475550742           0.000000166517                 -- 
   10          -0.030475657406           0.000000095625                 -- 
   11          -0.030475696648           0.000000049940                 -- 
   12          -0.030475710441           0.000000024264                 -- 
   13          -0.030475715148           0.000000011172                 -- 
   14          -0.030475716720           0.000000004946                 -- 
 
 ... end SCF calculation
 
  EIGENVALUES AND EIGENVECTORS: 
 ==============================
 
 
  Eigenvalues for: E-
 -----------------
 
    1          -4.732348732521
    2          -4.732348732506
    3          -0.309258219833
    4          -0.309258219555
    5           0.029535659580
    6           0.029564293502
    7           0.029564293502
    8           0.029567277807
    9           0.029567277807
   10           0.029595852750
   11           0.051088781749
   12           0.051103693613
   13           0.097962197901
   14           0.098025399851
   15           0.098025399851
   16           0.098031871554
   17           0.098031871554
   18           0.098095193679
   19           0.321197296517
   20           0.321212551007
   21           0.345752009838
   22           0.345802204116
   23           0.345802204116
   24           0.345807174711
   25           0.345807174711
   26           0.345857500860
   27           0.692850861109
   28           0.692850861109
   29           0.692850861109
   30           0.692850861109
   31           0.692850861110
   32           0.692850861110
   33           0.692850861110
   34           0.692850861110
   35           0.692850861110
   36           0.692850861110
   37           1.198758843218
   38           1.198791156640
   39           1.198791156640
   40           1.198794267932
   41           1.198794267932
   42           1.198826630595
   43           1.414737998814
   44           1.414744618032
   45          10.066562263529
   46          10.066566033809
 
 
  Eigenvalues for: POSITRON
 -----------------
 
    1          -0.003183300553
    2          -0.001456746526
    3           0.000085703779
    4           0.000137608084
    5           0.000208201918
    6           0.000208201918
    7           0.000258417294
    8           0.000281262834
    9           0.000281262834
   10           0.000327359876
   11           0.000327359876
   12           0.000368673271
   13           0.000424414665
   14           0.000429116047
   15           0.000429116047
   16           0.000440276823
   17           0.000440276823
   18           0.000441990540
   19           0.000569176092
   20           0.000569176092
   21           0.000593610178
   22           0.000891719032
   23           0.000891719032
   24           0.000969729478
   25           0.001045173678
   26           0.001141539351
   27           0.001141539351
   28           0.001159193935
   29           0.001235256252
   30           0.001235256252
   31           0.001442660119
   32           0.001504725478
   33           0.001504725478
   34           0.001506475608
   35           0.001506475608
   36           0.001803766791
   37           0.001803766791
   38           0.001863245580
   39           0.002199784443
   40           0.002249658765
   41           0.002933400592
   42           0.002933400592
   43           0.003741072579
   44           0.003741072579
   45           0.003916097886
   46           0.004392784894
   47           0.005256612678
   48           0.005413677388
   49           0.008851459927
   50           0.008851459927
   51           0.009190095239
   52           0.009964148643
   53           0.009964148643
   54           0.011460401884
   55           0.014823232891
   56           0.017349128862
   57           0.051370215195
   58           0.055488740874
   59           0.193347033350
   60           0.213959260481
   61           0.850691556482
   62           0.855748220124
   63           2.862901521632
   64           2.941371889432
   65          10.667209194872
   66          10.802540129661
   67     1000000.000000000000
   68     1000000.000000000000
 
  end of eigenvalues 
 
  Occupied Eigenvectors for: E-
 --------------------------- 
 
                          -4.7323        -4.7323        -0.3093        -0.3093   
 
    1     BE     S      -0.421324      -0.421943       0.077489       0.077489
    2     BE     S      -0.315451      -0.315915       0.131305       0.131306
    3     BE    Px      -0.000000       0.000000      -0.000000       0.000000
    4     BE    Py       0.000000       0.000000      -0.000000      -0.000000
    5     BE    Pz       0.000000       0.000000      -0.000000      -0.000000
    6     BE     S       0.003455       0.003460      -0.412948      -0.412951
    7     BE    Px       0.000000      -0.000000       0.000000      -0.000000
    8     BE    Py      -0.000000      -0.000000       0.000000       0.000000
    9     BE    Pz      -0.000000      -0.000000       0.000000       0.000000
   10     BE     S      -0.001007      -0.001008      -0.353646      -0.353648
   11     BE    Px      -0.000000       0.000000      -0.000000       0.000000
   12     BE    Py       0.000000       0.000000      -0.000000      -0.000000
   13     BE    Pz       0.000000       0.000000      -0.000000      -0.000000
   14     BE     S       0.000303       0.000303      -0.015799      -0.015799
   15     BE    Px       0.000000      -0.000000       0.000000      -0.000000
   16     BE    Py      -0.000000      -0.000000       0.000000       0.000000
   17     BE    Pz      -0.000000      -0.000000       0.000000       0.000000
   18     BE   Dxx      -0.000474      -0.000475       0.001253       0.001253
   19     BE   Dxy      -0.000000      -0.000000      -0.000000      -0.000000
   20     BE   Dxz      -0.000000      -0.000000      -0.000000      -0.000000
   21     BE   Dyy      -0.000474      -0.000475       0.001253       0.001253
   22     BE   Dyz       0.000000      -0.000000      -0.000000       0.000000
   23     BE   Dzz      -0.000474      -0.000475       0.001253       0.001253
   24     BE     S       0.421943      -0.421324       0.077489      -0.077489
   25     BE     S       0.315915      -0.315451       0.131306      -0.131305
   26     BE    Px      -0.000000      -0.000000       0.000000       0.000000
   27     BE    Py       0.000000       0.000000      -0.000000       0.000000
   28     BE    Pz       0.000000       0.000000       0.000000      -0.000000
   29     BE     S      -0.003460       0.003455      -0.412951       0.412948
   30     BE    Px       0.000000       0.000000      -0.000000      -0.000000
   31     BE    Py      -0.000000       0.000000       0.000000       0.000000
   32     BE    Pz      -0.000000       0.000000       0.000000      -0.000000
   33     BE     S       0.001009      -0.001007      -0.353648       0.353646
   34     BE    Px      -0.000000      -0.000000       0.000000       0.000000
   35     BE    Py       0.000000       0.000000      -0.000000      -0.000000
   36     BE    Pz       0.000000      -0.000000      -0.000000       0.000000
   37     BE     S      -0.000304       0.000303      -0.015799       0.015799
   38     BE    Px       0.000000       0.000000      -0.000000      -0.000000
   39     BE    Py      -0.000000      -0.000000       0.000000       0.000000
   40     BE    Pz      -0.000000       0.000000      -0.000000      -0.000000
   41     BE   Dxx       0.000475      -0.000474       0.001253      -0.001253
   42     BE   Dxy       0.000000       0.000000       0.000000      -0.000000
   43     BE   Dxz       0.000000      -0.000000      -0.000000      -0.000000
   44     BE   Dyy       0.000475      -0.000474       0.001253      -0.001253
   45     BE   Dyz      -0.000000      -0.000000       0.000000      -0.000000
   46     BE   Dzz       0.000475      -0.000474       0.001253      -0.001253
 
 
  Occupied Eigenvectors for: POSITRON
 --------------------------- 
 
                          -0.0032   
 
    1     E+     S      -0.067870
    2     E+     S       0.079253
    3     E+     S      -0.219056
    4     E+     S      -0.270663
    5     E+     S      -0.374719
    6     E+     S      -0.236155
    7     E+     S      -0.163422
    8     E+     S       0.129144
    9     E+     S       0.007983
   10     E+     S       0.000001
   11     E+    Px       0.268964
   12     E+    Py       0.000000
   13     E+    Pz      -0.000000
   14     E+    Px      -0.097535
   15     E+    Py      -0.000000
   16     E+    Pz      -0.000000
   17     E+    Px      -0.040637
   18     E+    Py       0.000000
   19     E+    Pz      -0.000000
   20     E+    Px       0.012171
   21     E+    Py      -0.000000
   22     E+    Pz      -0.000000
   23     E+   Dxx       0.089887
   24     E+   Dxy       0.000000
   25     E+   Dxz      -0.000000
   26     E+   Dyy      -0.001635
   27     E+   Dyz      -0.000000
   28     E+   Dzz      -0.001635
   29     E+   Dxx      -0.049416
   30     E+   Dxy      -0.000000
   31     E+   Dxz      -0.000000
   32     E+   Dyy       0.020920
   33     E+   Dyz       0.000000
   34     E+   Dzz       0.020920
   35     E+     S      -0.065183
   36     E+     S       0.094527
   37     E+     S      -0.003053
   38     E+     S      -0.081414
   39     E+     S      -0.067070
   40     E+     S      -0.064345
   41     E+     S      -0.010031
   42     E+     S       0.023608
   43     E+     S      -0.001013
   44     E+     S       0.000692
   45     E+    Px      -0.255793
   46     E+    Py      -0.000000
   47     E+    Pz       0.000000
   48     E+    Px       0.136303
   49     E+    Py       0.000000
   50     E+    Pz       0.000000
   51     E+    Px      -0.097184
   52     E+    Py      -0.000000
   53     E+    Pz       0.000000
   54     E+    Px       0.073799
   55     E+    Py       0.000000
   56     E+    Pz      -0.000000
   57     E+   Dxx       0.061656
   58     E+   Dxy       0.000000
   59     E+   Dxz       0.000000
   60     E+   Dyy      -0.005099
   61     E+   Dyz       0.000000
   62     E+   Dzz      -0.005099
   63     E+   Dxx      -0.086513
   64     E+   Dxy      -0.000000
   65     E+   Dxz      -0.000000
   66     E+   Dyy      -0.046200
   67     E+   Dyz      -0.000000
   68     E+   Dzz      -0.046200
 
 
  end of eigenvectors 
 
  END OF EIGENVALUES AND EIGENVECTORS
 
 
  COMPONENTS OF KINETIC ENERGY: 
 -----------------------------
 
                  E- Kinetic energy =           29.142628642239
            POSITRON Kinetic energy =            0.014725531369
                                     _________________________
               Total kinetic energy =           29.157354173608
 
  COMPONENTS OF POTENTIAL ENERGY: 
 -------------------------------
 
          Fixed potential energy    =            0.476190476190
 
  Quantum/Fixed interaction energy: 
 ----------------------------------
 
          E-/Fixed interact. energy =          -68.216365251196
    POSITRON/Fixed interact. energy =            0.694184572766
                                     _________________________
               Total Q/Fixed energy =          -67.522180678430
 
  Coulomb energy: 
 ------------------
 
               E-/E- Hartree energy =           14.786763852377
   POSITRON/POSITRON Hartree energy =            0.000000000000
         E-/POSITRON Hartree energy =           -0.684800988859
                                     _________________________
               Total Hartree energy =           14.101962863518
 
  Exchange(HF) energy: 
 ----------------------
 
                 E- Exchange energy =           -5.333109456291
           POSITRON Exchange energy =            0.000000000000
                                     _________________________
              Total Exchange energy =           -5.333109456291
 
  External Potential energy: 
 ----------------------------
 
                  E- Ext Pot energy =            0.000000000000
            POSITRON Ext Pot energy =           -0.027292416167
                                     _________________________
    Total External Potential energy =           -0.027292416167
 
  TOTAL ENERGY COMPONENTS: 
 ==========================
 
          TOTAL KINETIC ENERGY      =           29.157354173608
          TOTAL POTENTIAL ENERGY    =          -58.304429211180
                                     _________________________
                       TOTAL ENERGY =          -29.147075037572
 
                 VIRIAL RATIO (V/T) =            1.999647459918
 
 
  END ENERGY COMPONENTS
 
 
** TOTAL CPU Time SCF :      0.236 (s)
** TOTAL Elapsed Time SCF :      0.275 (s)
 
 We are calculating properties for E- in the HF/KS ground state
 We are calculating properties for POSITRON in the HF/KS ground state
 
  POPULATION ANALYSES: 
 ====================
 
 MULLIKEN Population: for E-        
 ---------------------
 
                                    
 
    1     BE     S       1.166391
    2     BE     S       0.823588
    3     BE    Px       0.000000
    4     BE    Py      -0.000000
    5     BE    Pz       0.000000
    6     BE     S       1.043694
    7     BE    Px      -0.000000
    8     BE    Py       0.000000
    9     BE    Pz       0.000000
   10     BE     S       0.942124
   11     BE    Px      -0.000000
   12     BE    Py      -0.000000
   13     BE    Pz       0.000000
   14     BE     S       0.031424
   15     BE    Px      -0.000000
   16     BE    Py       0.000000
   17     BE    Pz       0.000000
   18     BE   Dxx      -0.002407
   19     BE   Dxy       0.000000
   20     BE   Dxz       0.000000
   21     BE   Dyy      -0.002407
   22     BE   Dyz       0.000000
   23     BE   Dzz      -0.002407
   24     BE     S       1.166391
   25     BE     S       0.823588
   26     BE    Px       0.000000
   27     BE    Py       0.000000
   28     BE    Pz       0.000000
   29     BE     S       1.043694
   30     BE    Px      -0.000000
   31     BE    Py      -0.000000
   32     BE    Pz       0.000000
   33     BE     S       0.942124
   34     BE    Px      -0.000000
   35     BE    Py      -0.000000
   36     BE    Pz      -0.000000
   37     BE     S       0.031424
   38     BE    Px      -0.000000
   39     BE    Py       0.000000
   40     BE    Pz       0.000000
   41     BE   Dxx      -0.002407
   42     BE   Dxy       0.000000
   43     BE   Dxz       0.000000
   44     BE   Dyy      -0.002407
   45     BE   Dyz       0.000000
   46     BE   Dzz      -0.002407
 
                           __________
              Total =        8.000000
 
  Atomic MULLIKEN Population: for E-        
            BE               4.000000
            BE               4.000000
 
 ...end of MULLIKEN Population
 
 
 END POPULATION ANALYSES 
 
 
  POPULATION ANALYSES: 
 ====================
 
 LOWDIN Population: for E-        
 ---------------------
 
                                    
 
    1     BE     S       1.101745
    2     BE     S       0.875944
    3     BE    Px       0.000000
    4     BE    Py       0.000000
    5     BE    Pz       0.000000
    6     BE     S       0.590908
    7     BE    Px       0.000000
    8     BE    Py       0.000000
    9     BE    Pz       0.000000
   10     BE     S       0.553024
   11     BE    Px       0.000000
   12     BE    Py       0.000000
   13     BE    Pz       0.000000
   14     BE     S       0.204207
   15     BE    Px       0.000000
   16     BE    Py       0.000000
   17     BE    Pz       0.000000
   18     BE   Dxx       0.224724
   19     BE   Dxy       0.000000
   20     BE   Dxz       0.000000
   21     BE   Dyy       0.224724
   22     BE   Dyz       0.000000
   23     BE   Dzz       0.224724
   24     BE     S       1.101745
   25     BE     S       0.875944
   26     BE    Px       0.000000
   27     BE    Py       0.000000
   28     BE    Pz       0.000000
   29     BE     S       0.590908
   30     BE    Px       0.000000
   31     BE    Py       0.000000
   32     BE    Pz       0.000000
   33     BE     S       0.553024
   34     BE    Px       0.000000
   35     BE    Py       0.000000
   36     BE    Pz       0.000000
   37     BE     S       0.204207
   38     BE    Px       0.000000
   39     BE    Py       0.000000
   40     BE    Pz       0.000000
   41     BE   Dxx       0.224724
   42     BE   Dxy       0.000000
   43     BE   Dxz       0.000000
   44     BE   Dyy       0.224724
   45     BE   Dyz       0.000000
   46     BE   Dzz       0.224724
 
                           __________
              Total =        8.000000
 
  Atomic LOWDIN Population: for E-        
            BE               4.000000
            BE               4.000000
 
 ...end of LOWDIN Population
 
 
 END POPULATION ANALYSES 
 
 
  POPULATION ANALYSES: 
 ====================
 
 MULLIKEN Population: for POSITRON  
 ---------------------
 
                                    
 
    1     E+     S       0.014910
    2     E+     S      -0.033545
    3     E+     S       0.149351
    4     E+     S       0.237646
    5     E+     S       0.345030
    6     E+     S       0.183394
    7     E+     S       0.081782
    8     E+     S      -0.029302
    9     E+     S      -0.000574
   10     E+     S      -0.000000
   11     E+    Px      -0.005875
   12     E+    Py       0.000000
   13     E+    Pz       0.000000
   14     E+    Px       0.005750
   15     E+    Py      -0.000000
   16     E+    Pz       0.000000
   17     E+    Px       0.004038
   18     E+    Py       0.000000
   19     E+    Pz       0.000000
   20     E+    Px      -0.000908
   21     E+    Py      -0.000000
   22     E+    Pz       0.000000
   23     E+   Dxx      -0.001894
   24     E+   Dxy      -0.000000
   25     E+   Dxz      -0.000000
   26     E+   Dyy       0.000023
   27     E+   Dyz      -0.000000
   28     E+   Dzz       0.000023
   29     E+   Dxx       0.004629
   30     E+   Dxy       0.000000
   31     E+   Dxz      -0.000000
   32     E+   Dyy      -0.001299
   33     E+   Dyz      -0.000000
   34     E+   Dzz      -0.001299
   35     E+     S       0.013345
   36     E+     S      -0.032973
   37     E+     S       0.001289
   38     E+     S       0.027572
   39     E+     S       0.016694
   40     E+     S       0.011578
   41     E+     S       0.001044
   42     E+     S      -0.001024
   43     E+     S       0.000014
   44     E+     S      -0.000003
   45     E+    Px      -0.027173
   46     E+    Py       0.000000
   47     E+    Pz       0.000000
   48     E+    Px       0.037975
   49     E+    Py      -0.000000
   50     E+    Pz      -0.000000
   51     E+    Px      -0.042701
   52     E+    Py      -0.000000
   53     E+    Pz      -0.000000
   54     E+    Px       0.022285
   55     E+    Py      -0.000000
   56     E+    Pz       0.000000
   57     E+   Dxx      -0.003156
   58     E+   Dxy      -0.000000
   59     E+   Dxz       0.000000
   60     E+   Dyy       0.000066
   61     E+   Dyz       0.000000
   62     E+   Dzz       0.000066
   63     E+   Dxx       0.018397
   64     E+   Dxy       0.000000
   65     E+   Dxz      -0.000000
   66     E+   Dyy       0.002412
   67     E+   Dyz       0.000000
   68     E+   Dzz       0.002412
 
                           __________
              Total =        1.000000
 
  Atomic MULLIKEN Population: for POSITRON  
            BE               0.951880
            BE               0.048120
 
 ...end of MULLIKEN Population
 
 
 END POPULATION ANALYSES 
 
 
  POPULATION ANALYSES: 
 ====================
 
 LOWDIN Population: for POSITRON  
 ---------------------
 
                                    
 
    1     E+     S       0.002856
    2     E+     S       0.014851
    3     E+     S       0.080819
    4     E+     S       0.220668
    5     E+     S       0.292740
    6     E+     S       0.195237
    7     E+     S       0.057888
    8     E+     S       0.000980
    9     E+     S       0.000288
   10     E+     S       0.000035
   11     E+    Px       0.000057
   12     E+    Py       0.000000
   13     E+    Pz       0.000000
   14     E+    Px       0.000646
   15     E+    Py       0.000000
   16     E+    Pz       0.000000
   17     E+    Px       0.000573
   18     E+    Py       0.000000
   19     E+    Pz       0.000000
   20     E+    Px       0.000097
   21     E+    Py       0.000000
   22     E+    Pz       0.000000
   23     E+   Dxx       0.000003
   24     E+   Dxy       0.000000
   25     E+   Dxz       0.000000
   26     E+   Dyy       0.000010
   27     E+   Dyz       0.000000
   28     E+   Dzz       0.000010
   29     E+   Dxx       0.000180
   30     E+   Dxy       0.000000
   31     E+   Dxz       0.000000
   32     E+   Dyy       0.000100
   33     E+   Dyz       0.000000
   34     E+   Dzz       0.000100
   35     E+     S       0.002550
   36     E+     S       0.009980
   37     E+     S       0.023449
   38     E+     S       0.021110
   39     E+     S       0.014944
   40     E+     S       0.008737
   41     E+     S       0.001668
   42     E+     S       0.000004
   43     E+     S       0.000009
   44     E+     S       0.000001
   45     E+    Px       0.000577
   46     E+    Py       0.000000
   47     E+    Pz       0.000000
   48     E+    Px       0.007623
   49     E+    Py       0.000000
   50     E+    Pz       0.000000
   51     E+    Px       0.021748
   52     E+    Py       0.000000
   53     E+    Pz       0.000000
   54     E+    Px       0.015417
   55     E+    Py       0.000000
   56     E+    Pz       0.000000
   57     E+   Dxx       0.000032
   58     E+   Dxy       0.000000
   59     E+   Dxz       0.000000
   60     E+   Dyy       0.000007
   61     E+   Dyz       0.000000
   62     E+   Dzz       0.000007
   63     E+   Dxx       0.003955
   64     E+   Dxy       0.000000
   65     E+   Dxz       0.000000
   66     E+   Dyy       0.000021
   67     E+   Dyz       0.000000
   68     E+   Dzz       0.000021
 
                           __________
              Total =        1.000000
 
  Atomic LOWDIN Population: for POSITRON  
            BE               0.868140
            BE               0.131860
 
 ...end of LOWDIN Population
 
 
 END POPULATION ANALYSES 
 
 
  EXPECTED POSITIONS OF QUANTUM SPECIES:
 ======================
 
 POSITIONS IN ANGSTROMS
 ------
 
                        <x>      <y>      <z>         
                 E-  71.1214   0.0000  -0.0000
           POSITRON   1.2366  -0.0000   0.0000
 
 END EXPECTED POSITIONS
 
 
  ELECTROSTATIC MOMENTS:
 ======================
 
 DIPOLE: (DEBYE)
 ------
 
                           <Dx>         <Dy>         <Dz>          |D|
                 E--341.61068115  -0.00000000   0.00000000
           POSITRON   5.93983852  -0.00000000   0.00000000
    Point charges:  341.61068115   0.00000000   0.00000000
                     ____________________________
      Total Dipole:   5.93983852  -0.00000000   0.00000000   5.93983852
 
 QUADRUPOLE NON-TRACELESS: (DEBYE ANGS)
 ------
 
                           <xx>         <yy>         <zz>         <xy>         <xz>         <yz>
                 E-   -0.00000000   -0.00000000   -0.00000000   -0.00000000   -0.00000000   -0.00000000
           POSITRON    0.00000000    0.00000000    0.00000000    0.00000000    0.00000000    0.00000000
    Point charges:  6073.95868603    0.00000000    0.00000000    0.00000000    0.00000000    0.00000000
  Total Quadrupole: 6073.95868603    0.00000000    0.00000000    0.00000000    0.00000000    0.00000000
                     ____________________________
 
 END ELECTROSTATIC MOMENTS
 

  TOTAL CPU Time:      0.031 (s)
 TOTAL Wall Time:      0.319 (s)
  Elapsed Time:   0h  0m  0s 321ms
LOWDIN execution terminated normally at : Thu Oct 17 19:54:31 2024
-rw-rw-r-- 1 pmorenor pmorenor 704K oct 17 19:54 0E-.ints
-rw-rw-r-- 1 pmorenor pmorenor 2.1M oct 17 19:54 0E-.POSITRON.ints
-rw-rw-r-- 1 pmorenor pmorenor 2.1M oct 17 19:54 0POSITRON.ints
-rw-rw-r-- 1 pmorenor pmorenor 704K oct 17 19:54 1E-.ints
-rw-rw-r-- 1 pmorenor pmorenor 2.1M oct 17 19:54 1E-.POSITRON.ints
-rw-rw-r-- 1 pmorenor pmorenor 2.1M oct 17 19:54 1POSITRON.ints
-rw-rw-r-- 1 pmorenor pmorenor 704K oct 17 19:54 2E-.ints
-rw-rw-r-- 1 pmorenor pmorenor 2.1M oct 17 19:54 2E-.POSITRON.ints
-rw-rw-r-- 1 pmorenor pmorenor 2.1M oct 17 19:54 2POSITRON.ints
-rw-rw-r-- 1 pmorenor pmorenor 704K oct 17 19:54 3E-.ints
-rw-rw-r-- 1 pmorenor pmorenor 2.1M oct 17 19:54 3E-.POSITRON.ints
-rw-rw-r-- 1 pmorenor pmorenor 2.1M oct 17 19:54 3POSITRON.ints
-rw-rw-r-- 1 pmorenor pmorenor   12 oct 17 19:54 E-.POSITRON.nints
-rw-rw-r-- 1 pmorenor pmorenor   65 oct 17 19:54 gepol.inp
-rw-rw-r-- 1 pmorenor pmorenor   91 oct 17 19:54 gepol.xyzr
-rw-rw-r-- 1 pmorenor pmorenor 9.5K oct 17 19:54 lowdin.bas
-rw-rw-r-- 1 pmorenor pmorenor  15K oct 17 19:54 lowdin.dat
-rw-rw-r-- 1 pmorenor pmorenor 691K oct 17 19:54 lowdin.opints
-rw-rw-r-- 1 pmorenor pmorenor  26K oct 17 19:54 lowdin.sys
-rw-rw-r-- 1 pmorenor pmorenor 531K oct 17 19:54 lowdin.wfn
-rw-rw-r-- 1 pmorenor pmorenor  499 oct 17 19:54 usual_159
-rw-rw-r-- 1 pmorenor pmorenor 1.8K oct 17 19:54 usual_159.aux
-rw-rw-r-- 1 pmorenor pmorenor  504 oct 17 19:54 usual_159.lowdin
-rw-rw-r-- 1 pmorenor pmorenor  46K oct 17 19:54 usual_159.out
-rw-rw-r-- 1 pmorenor pmorenor  54K oct 17 19:54 usual_159.vec
