Begin job by input: usual_120.lowdin, for user: pmorenor  at  jue 17 oct 2024 19:53:55 -05
under operating system Linux Hefesto 5.4.0-196-generic #216-Ubuntu SMP Thu Aug 29 13:26:53 UTC 2024 x86_64 x86_64 x86_64 GNU/Linux
Compilation information
  commit: f2cffef7078af1231fe3319081e66b682883a80b
  compilation date:  mar 06 feb 2024 16:53:31 -05

BEGIN INPUT INFO:
------------------------------------

GEOMETRY
	Be	Dirac	0.0 0.0 0.0
	e-(Be)	6-311++G.d.p 0.0 0.0 0.0
	E+	GRIBAKIN-10S4P2D 0.0 0.0 0.0
	Be	Dirac	25.8 0.0 0.0
	e-(Be)	6-311++G.d.p	25.8 0.0 0.0
	E+	GRIBAKIN-10S4P2D 25.8 0.0 0.0 addParticles=-1 
END GEOMETRY

TASKS
        method = "RHF"
END TASKS

EXTERPOTENTIAL
	E- GRIBAKIN0
	E+ VPC120
END EXTERPOTENTIAL

CONTROL
	units="BOHRS"
	readCoefficients=F
	convergenceMethod=1
	overlapEigenThreshold=1E-6
	SCFGhostSpecies="POSITRON"
	HFprintEigenvalues=T
	totalEnergyTolerance = 1E-9
END CONTROL


... END INPUT INFO


 LOWDIN execution started at : Thu Oct 17 19:53:55 2024
 ---------------------------------------------------------------
 
 ***************************************************************
 *                   LOWDIN 2.0  (May/2013)                    *
 *                                                             *
 *  R. FLORES-MORENO, E. F. POSADA, F. S. MONCADA, J.ROMERO,   *
 *  J. CHARRY, M. DIAZ-TINOCO, S. A. GONZALEZ, N. F. AGUIRRE,  *
 *  A. REYES                                                   *
 *                                                             *
 *  https://sites.google.com/site/lowdinproject/               *
 *                                                             *
 ***************************************************************
 
 PARSING INPUT... DONE!
 
 LOWDIN IS RUNNING WITH NEXT PARAMETERS: 
 ----------------------------------------
 
         METHOD TYPE:  RHF
         NUMBER OF CORES:     4
         NONELECTRONIC DENSITY GUESS: HCORE
         ELECTRONIC DENSITY GUESS: HCORE
         CRITERIUM OF CONVERGENCE: ENERGY
         NONELECTRONIC ENERGY TOLERANCE IN SCFs:     0.10000E-07
         ELECTRONIC ENERGY TOLERANCE IN SCFs:     0.10000E-07
         TOTAL ENERGY TOLERANCE IN SCFs:     0.10000E-08
         SCHEME OF ITERATION: GLOBAL ITERATIONS
         SCF MAX. SUBITERATIONS - NONELECTRONS :     1
         SCF MAX. SUBITERATIONS - ELECTRONS :     1
         SCF MAX. ITERATIONS - INTERSPECIES :   200
         INTEGRAL STORAGE: DISK
         STACK SIZE FOR ERIS : 30000
         METHOD OF SCF CONVERGENCE: DAMPING
 
  MOLECULAR SYSTEM: usual_120
 -----------------
 
    DESCRIPTION   : usual_120
    CHARGE        :   2
    PUNTUAL GROUP : NONE
 
 
  INFORMATION OF PARTICLES :
 =========================
         Total number of particles   =      11
         Number of quantum particles =       9
         Number of puntual charges   =       2
         Number of quantum species   =       2
 
                 INFORMATION OF QUANTUM SPECIES 
     ---------------------------------------------------------------------
         ID      Symbol            mass     charge     spin     multiplicity
     ---------------------------------------------------------------------
         1             E-         1.0000     -1.00      0.50      1.00
         2             E+         1.0000      1.00      0.50      1.00
 
                   CONSTANTS OF COUPLING 
      ------------------------------------------------------------
           Symbol          kappa      eta     lambda     occupation
      ------------------------------------------------------------
                 E-        -1.0      2.00      2.00      4.00
                 E+        -1.0      1.00      1.00      1.00
 
                   BASIS SET FOR SPECIES 
      ------------------------------------------------------------
           Symbol          N. Basis     N. Particles     Basis Set
      ------------------------------------------------------------
                 E-           20                8     6-311++G.D
                 E+           32                1     GRIBAKIN-1
 
                                ATOMIC BASIS
         ------------------------------------------------------------
          PRIMITIVE   SHELL             EXPONENT         COEFFICIENT 
         ------------------------------------------------------------
 
    BEGIN DESCRIPTION OF BASIS FOR:    E-
    ==============================
 
 
            BE BASIS SET:   6-311++G.D.P
             1         S             1682.80000000          0.00228574
             2         S              251.71500000          0.01759380
             3         S               57.41160000          0.08633150
             4         S               16.51710000          0.28183500
             5         S                4.85364000          0.64059400
             6         S                0.62686300          0.14446700
             1         S                8.30938000          0.10862100
             2         S                1.74075000          0.92730100
             3         S                0.48581600         -0.00297169
             1         P                8.30938000          0.03613440
             2         P                1.74075000          0.21695800
             3         P                0.48581600          0.84183900
             1         S                0.16361300          1.00000000
             1         P                0.16361300          1.00000000
             1         S                0.05672850          1.00000000
             1         P                0.05672850          1.00000000
             1         S                0.02070000          1.00000000
             1         P                0.02070000          1.00000000
             1         D                0.25500000          1.00000000
 
            BE BASIS SET:   6-311++G.D.P
             1         S             1682.80000000          0.00228574
             2         S              251.71500000          0.01759380
             3         S               57.41160000          0.08633150
             4         S               16.51710000          0.28183500
             5         S                4.85364000          0.64059400
             6         S                0.62686300          0.14446700
             1         S                8.30938000          0.10862100
             2         S                1.74075000          0.92730100
             3         S                0.48581600         -0.00297169
             1         P                8.30938000          0.03613440
             2         P                1.74075000          0.21695800
             3         P                0.48581600          0.84183900
             1         S                0.16361300          1.00000000
             1         P                0.16361300          1.00000000
             1         S                0.05672850          1.00000000
             1         P                0.05672850          1.00000000
             1         S                0.02070000          1.00000000
             1         P                0.02070000          1.00000000
             1         D                0.25500000          1.00000000
    ... END DESCRIPTION OF BASIS
 
 
    BEGIN DESCRIPTION OF BASIS FOR:    E+
    ==============================
 
 
            E+ BASIS SET:GRIBAKIN-10S4P2
             1         S                0.00010000          1.00000000
             1         S                0.00030000          1.00000000
             1         S                0.00090000          1.00000000
             1         S                0.00270000          1.00000000
             1         S                0.00810000          1.00000000
             1         S                0.02430000          1.00000000
             1         S                0.07290000          1.00000000
             1         S                0.21870000          1.00000000
             1         S                0.65610000          1.00000000
             1         S                1.96830000          1.00000000
             1         P                0.00010000          1.00000000
             1         P                0.00030000          1.00000000
             1         P                0.00090000          1.00000000
             1         P                0.00270000          1.00000000
             1         D                0.00010000          1.00000000
             1         D                0.00030000          1.00000000
 
            E+ BASIS SET:GRIBAKIN-10S4P2
             1         S                0.00010000          1.00000000
             1         S                0.00030000          1.00000000
             1         S                0.00090000          1.00000000
             1         S                0.00270000          1.00000000
             1         S                0.00810000          1.00000000
             1         S                0.02430000          1.00000000
             1         S                0.07290000          1.00000000
             1         S                0.21870000          1.00000000
             1         S                0.65610000          1.00000000
             1         S                1.96830000          1.00000000
             1         P                0.00010000          1.00000000
             1         P                0.00030000          1.00000000
             1         P                0.00090000          1.00000000
             1         P                0.00270000          1.00000000
             1         D                0.00010000          1.00000000
             1         D                0.00030000          1.00000000
    ... END DESCRIPTION OF BASIS
 
 
  END INFORMATION OF PARTICLES
 
 
  INFORMATION OF THE QUANTUM SYSTEM 
     ---------------------------------------------------------------------
                 ID     Occupied Orbitals     Basis size
     ---------------------------------------------------------------------
                 E-            4               46
                 E+            1               68
 
  END INFORMATION OF QUANTUM SYSTEM
 
 
  INFORMATION OF EXTERNAL POTENTIALS 
 
 =======
 External Potential for E- : GRIBAKIN0
 Type : 
                     Exponent         l       R_x       R_y       R_z              Factor
                 0.0010000000         0   0.00000   0.00000   0.00000        0.0000000000
 
 =======
 External Potential for E+ : VPC120
 Type : 
                     Exponent         l       R_x       R_y       R_z              Factor
                 0.0010000000         0   0.00000   0.00000   0.00000       -0.0004852612
                 0.0020000000         0   0.00000   0.00000   0.00000        0.0024441783
                 0.0040000000         0   0.00000   0.00000   0.00000       -0.0075448874
                 0.0080000000         0   0.00000   0.00000   0.00000        0.0157738437
                 0.0160000000         0   0.00000   0.00000   0.00000       -0.0371036225
                 0.0320000000         0   0.00000   0.00000   0.00000        0.0538567205
                 0.0640000000         0   0.00000   0.00000   0.00000       -0.1977562620
                 0.1280000000         0   0.00000   0.00000   0.00000        0.1521150960
                 0.2560000000         0   0.00000   0.00000   0.00000       -2.2309931100
                 0.5120000000         0   0.00000   0.00000   0.00000        7.1544406100
                 1.0000000000         0   0.00000   0.00000   0.00000      -16.4610761000
                 2.0000000000         0   0.00000   0.00000   0.00000      120.0674500000
                 3.0000000000         0   0.00000   0.00000   0.00000    -1010.4441400000
                 4.0000000000         0   0.00000   0.00000   0.00000     5912.5175500000
                 5.0000000000         0   0.00000   0.00000   0.00000   -22883.6471000000
                 6.0000000000         0   0.00000   0.00000   0.00000    58320.2479000000
                 7.0000000000         0   0.00000   0.00000   0.00000   -96733.7399000000
                 8.0000000000         0   0.00000   0.00000   0.00000   100515.5930000000
                 9.0000000000         0   0.00000   0.00000   0.00000   -59492.9273000000
                10.0000000000         0   0.00000   0.00000   0.00000    15337.5181000000
                20.0000000000         0   0.00000   0.00000   0.00000     -108.3194530000
                30.0000000000         0   0.00000   0.00000   0.00000       58.7242217000
                40.0000000000         0   0.00000   0.00000   0.00000      -33.9818623000
                50.0000000000         0   0.00000   0.00000   0.00000       10.1503518000
               100.0000000000         0   0.00000   0.00000   0.00000       -0.2039701810
                 0.0010000000         0  24.37752   0.00000   0.00000       -0.0004852612
                 0.0020000000         0  24.37752   0.00000   0.00000        0.0024441783
                 0.0040000000         0  24.37752   0.00000   0.00000       -0.0075448874
                 0.0080000000         0  24.37752   0.00000   0.00000        0.0157738437
                 0.0160000000         0  24.37752   0.00000   0.00000       -0.0371036225
                 0.0320000000         0  24.37752   0.00000   0.00000        0.0538567205
                 0.0640000000         0  24.37752   0.00000   0.00000       -0.1977562620
                 0.1280000000         0  24.37752   0.00000   0.00000        0.1521150960
                 0.2560000000         0  24.37752   0.00000   0.00000       -2.2309931100
                 0.5120000000         0  24.37752   0.00000   0.00000        7.1544406100
                 1.0000000000         0  24.37752   0.00000   0.00000      -16.4610761000
                 2.0000000000         0  24.37752   0.00000   0.00000      120.0674500000
                 3.0000000000         0  24.37752   0.00000   0.00000    -1010.4441400000
                 4.0000000000         0  24.37752   0.00000   0.00000     5912.5175500000
                 5.0000000000         0  24.37752   0.00000   0.00000   -22883.6471000000
                 6.0000000000         0  24.37752   0.00000   0.00000    58320.2479000000
                 7.0000000000         0  24.37752   0.00000   0.00000   -96733.7399000000
                 8.0000000000         0  24.37752   0.00000   0.00000   100515.5930000000
                 9.0000000000         0  24.37752   0.00000   0.00000   -59492.9273000000
                10.0000000000         0  24.37752   0.00000   0.00000    15337.5181000000
                20.0000000000         0  24.37752   0.00000   0.00000     -108.3194530000
                30.0000000000         0  24.37752   0.00000   0.00000       58.7242217000
                40.0000000000         0  24.37752   0.00000   0.00000      -33.9818623000
                50.0000000000         0  24.37752   0.00000   0.00000       10.1503518000
               100.0000000000         0  24.37752   0.00000   0.00000       -0.2039701810
 
  END INFORMATION OF EXTERNAL POTENTIALS
 
                       INITIAL GEOMETRY: AMSTRONG
                 -----------------------------------
                       <x>                 <y>                 <z>
      E-BE        0.0000000000        0.0000000000        0.0000000000
      E-BE       13.6527730304        0.0000000000        0.0000000000
        E+        0.0000000000        0.0000000000        0.0000000000
        E+       13.6527730304        0.0000000000        0.0000000000
        BE        0.0000000000        0.0000000000        0.0000000000
        BE       13.6527730304        0.0000000000        0.0000000000
 
                     MATRIX OF DISTANCE: ANGSTROM
                 -----------------------------------
                          BE(1)          BE(2)     
 
        BE(1)            0.000000      13.652773
        BE(2)           13.652773       0.000000
 
--------------------------------------------------------------------------------
** PROGRAM: SCF (Hartree Fock).     Author: S.A. Gonzalez, E. Posada, F. Moncada
--------------------------------------------------------------------------------
INFO: RUNNING IN RHF MODE.
 
----------------------------------------------------------------------
** PROGRAM INTS                          Author: E. F. Posada, 2013   
----------------------------------------------------------------------
INFO: RUNNING IN ONE_PARTICLE MODE.
 
 Number of Overlap integrals for species E-:   2116
 Number of Overlap integrals for species POSITRON:   4624
 Number of Kinetic integrals for species E-:   2116
 Number of Kinetic integrals for species POSITRON:   4624
 Number of Nuclear integrals for species E-:   2116
 Number of Nuclear integrals for species POSITRON:   4624
 Number of Moment integrals for species E-:   6348
 Number of Moment integrals for species POSITRON:  13872
 Number of 3C Overlap integrals for species E-:   2116
 Number of 3C Overlap integrals for species POSITRON:   4624
 
** TOTAL CPU Time INTS :      0.133 (s)
** TOTAL Elapsed Time INTS :      0.126 (s)
 
Removed     2 orbitals for species POSITRON with overlap eigen threshold of 1.000E-06
       Usign  HCORE density guess for species:         E-
     number of         E-     particles in guess density matrix:     8.000000
       Usign  HCORE density guess for species:   POSITRON
     number of   POSITRON     particles in guess density matrix:     0.000000
renormalized density matrix with deviation from number of particl    1.000000
 Number of unique integrals for species: 1 = 57173
 Number of unique integrals for species: 2 = 312766
 Number of unique integrals for species: 1 / 2 = 400077 Screened: 15270
 
 TWO-BODY INTEGRAL SETUP: 
------------------------- 
 Storage:   DISK
 Scheme: LIBINT
 Stack size:  30000
 
 LIBINT library, Fermann, J. T.; Valeev, F. L. 2010                   
 LOWDIN-LIBINT Implementation V. 2.1  Posada E. F. ; Reyes A. 2016   
 ----------------------------------------------------------------------

*** TOTAL CPU time intra-species integrals :      0.180 (s)
*** TOTAL elapsed time intra-species integrals :      0.069 (s)


*** TOTAL CPU time inter-species integrals :      0.281 (s)
*** TOTAL elapsed time inter-species integrals :      0.111 (s)

INFO: RUNNING SCHEME SIMULTANEOUS
 
 Begin Multi-Species SCF calculation:
 
 --------------------------------------------------------------------------------------------------
      Iteration                   Energy            Energy Change           Density Change
 --------------------------------------------------------------------------------------------------
              1         -27.522498860797          27.522498860797         982.091324302502
              2         -29.114461328607           1.591962467810           0.039031474128
              3         -29.146666402630           0.032205074024           0.019344780844
              4         -29.147443105283           0.000776702653           0.004501680424
              5         -29.147484638616           0.000041533333           0.000759356609
              6         -29.147489469785           0.000004831168           0.000123238452
              7         -29.147490976600           0.000001506815           0.000026135818
              8         -29.147491612564           0.000000635964           0.000009885458
              9         -29.147491878189           0.000000265625           0.000005123642
             10         -29.147491984690           0.000000106501           0.000002722491
             11         -29.147492026152           0.000000041462           0.000001369055
             12         -29.147492042008           0.000000015856           0.000000650201
             13         -29.147492048010           0.000000006002           0.000000295510
             14         -29.147492050270           0.000000002260           0.000000129797
             15         -29.147492051120           0.000000000849           0.000000055345
 Total energy converged after  15 global iterations                                                  
 
 ...end Multi-Species SCF calculation
 
 
 Begin SCF calculation by: E-
 -------------------------
 
 -----------------------------------------------------------------------------------
 Iteration                   Energy           Density Change         DIIS Error 
 -----------------------------------------------------------------------------------
    1         -29.653922895558           0.018864043920                 -- 
    2         -29.745504531176           0.003434742019                 -- 
    3         -29.760629724581           0.000815940832                 -- 
    4         -29.763426422210           0.000215046442                 -- 
    5         -29.763943758204           0.000059874549                 -- 
    6         -29.764034143798           0.000017416023                 -- 
    7         -29.764047283047           0.000005287177                 -- 
    8         -29.764048003648           0.000001672414                 -- 
    9         -29.764047429068           0.000000548530                 -- 
   10         -29.764047051062           0.000000185285                 -- 
   11         -29.764046881361           0.000000064017                 -- 
   12         -29.764046814318           0.000000022495                 -- 
   13         -29.764046789397           0.000000008005                 -- 
   14         -29.764046780437           0.000000002876                 -- 
 
 ... end SCF calculation
 
 Begin SCF calculation by: POSITRON
 -------------------------
 
 -----------------------------------------------------------------------------------
 Iteration                   Energy           Density Change         DIIS Error 
 -----------------------------------------------------------------------------------
    1          -0.035008110168           0.020167430208                 -- 
    2          -0.030503879167           0.015910038826                 -- 
    3          -0.029825406653           0.003685739593                 -- 
    4          -0.029722677027           0.000544310167                 -- 
    5          -0.029714009338           0.000063363903                 -- 
    6          -0.029716761636           0.000008719794                 -- 
    7          -0.029718947322           0.000004598280                 -- 
    8          -0.029719963610           0.000003451229                 -- 
    9          -0.029720367758           0.000002173960                 -- 
   10          -0.029720517224           0.000001183771                 -- 
   11          -0.029720570306           0.000000586184                 -- 
   12          -0.029720588691           0.000000273015                 -- 
   13          -0.029720594953           0.000000121793                 -- 
   14          -0.029720597061           0.000000052469                 -- 
 
 ... end SCF calculation
 
  EIGENVALUES AND EIGENVECTORS: 
 ==============================
 
 
  Eigenvalues for: E-
 -----------------
 
    1          -4.732348740669
    2          -4.732348739083
    3          -0.309258289332
    4          -0.309258154998
    5           0.028491019169
    6           0.029466169980
    7           0.029466169980
    8           0.029665110845
    9           0.029665110845
   10           0.030572577237
   11           0.050599742918
   12           0.051614081341
   13           0.095737475994
   14           0.097798924263
   15           0.097798924263
   16           0.098259826844
   17           0.098259826844
   18           0.100576274852
   19           0.320569370366
   20           0.321786756902
   21           0.343746221681
   22           0.345600188389
   23           0.345600188389
   24           0.346010748622
   25           0.346010748622
   26           0.348217248956
   27           0.692850856756
   28           0.692850856756
   29           0.692850856769
   30           0.692850856769
   31           0.692850856790
   32           0.692850856790
   33           0.692850856790
   34           0.692850856790
   35           0.692850858134
   36           0.692850858377
   37           1.197198017639
   38           1.198645929170
   39           1.198645929170
   40           1.198940447870
   41           1.198940447870
   42           1.200538026411
   43           1.414446994516
   44           1.415068813391
   45          10.066379961741
   46          10.066763887549
 
 
  Eigenvalues for: POSITRON
 -----------------
 
    1          -0.003600314283
    2          -0.001280076287
    3           0.000084100221
    4           0.000138519679
    5           0.000208843916
    6           0.000208843916
    7           0.000258275386
    8           0.000281858840
    9           0.000281858842
   10           0.000328641857
   11           0.000328641857
   12           0.000362168836
   13           0.000426619837
   14           0.000430453564
   15           0.000430453564
   16           0.000442014943
   17           0.000442014943
   18           0.000443359871
   19           0.000571438624
   20           0.000571438635
   21           0.000593111853
   22           0.000897801306
   23           0.000897801306
   24           0.000952823478
   25           0.001046715770
   26           0.001148089766
   27           0.001148089766
   28           0.001158639276
   29           0.001243404056
   30           0.001243404056
   31           0.001458207904
   32           0.001513286300
   33           0.001513286300
   34           0.001515913337
   35           0.001515913337
   36           0.001817971177
   37           0.001817971179
   38           0.001876590006
   39           0.002189032831
   40           0.002217558477
   41           0.002972327808
   42           0.002972327808
   43           0.003841734214
   44           0.003841734215
   45           0.004063724200
   46           0.004417082752
   47           0.005276047175
   48           0.005349444011
   49           0.008631757926
   50           0.008631757926
   51           0.010056896161
   52           0.010441506874
   53           0.010441506874
   54           0.011865211070
   55           0.015561079378
   56           0.017019495048
   57           0.050754034667
   58           0.054969755269
   59           0.193405969043
   60           0.207356452988
   61           0.847585650599
   62           0.855992938485
   63           2.886193526565
   64           2.941465191760
   65          10.715421128125
   66          10.802627721622
   67     1000000.000000000000
   68     1000000.000000000000
 
  end of eigenvalues 
 
  Occupied Eigenvectors for: E-
 --------------------------- 
 
                          -4.7323        -4.7323        -0.3093        -0.3093   
 
    1     BE     S       0.421636       0.421631       0.077489       0.077489
    2     BE     S       0.315685       0.315681       0.131305       0.131305
    3     BE    Px       0.000000      -0.000000      -0.000000       0.000000
    4     BE    Py       0.000000      -0.000000       0.000000      -0.000000
    5     BE    Pz      -0.000000       0.000000       0.000000       0.000000
    6     BE     S      -0.003458      -0.003457      -0.412948      -0.412951
    7     BE    Px      -0.000001       0.000001       0.000002      -0.000002
    8     BE    Py      -0.000000      -0.000000       0.000000      -0.000000
    9     BE    Pz       0.000000       0.000000       0.000000       0.000000
   10     BE     S       0.001010       0.001006      -0.353653      -0.353641
   11     BE    Px       0.000003      -0.000003      -0.000005       0.000005
   12     BE    Py      -0.000000      -0.000000       0.000000      -0.000000
   13     BE    Pz      -0.000000       0.000000      -0.000000       0.000000
   14     BE     S      -0.000305      -0.000302      -0.015794      -0.015805
   15     BE    Px      -0.000003       0.000002       0.000006      -0.000006
   16     BE    Py       0.000000       0.000000       0.000000      -0.000000
   17     BE    Pz       0.000000       0.000000       0.000000       0.000000
   18     BE   Dxx       0.000474       0.000475       0.001254       0.001253
   19     BE   Dxy      -0.000000      -0.000000       0.000000      -0.000000
   20     BE   Dxz       0.000000      -0.000000       0.000000       0.000000
   21     BE   Dyy       0.000474       0.000475       0.001254       0.001253
   22     BE   Dyz      -0.000000       0.000000      -0.000000      -0.000000
   23     BE   Dzz       0.000474       0.000475       0.001254       0.001253
   24     BE     S      -0.421631       0.421636       0.077489      -0.077489
   25     BE     S      -0.315681       0.315685       0.131305      -0.131305
   26     BE    Px       0.000000       0.000000       0.000000       0.000000
   27     BE    Py      -0.000000      -0.000000       0.000000      -0.000000
   28     BE    Pz      -0.000000      -0.000000      -0.000000      -0.000000
   29     BE     S       0.003457      -0.003457      -0.412948       0.412951
   30     BE    Px      -0.000001      -0.000001      -0.000002      -0.000002
   31     BE    Py       0.000000       0.000000       0.000000       0.000000
   32     BE    Pz       0.000000       0.000000      -0.000000      -0.000000
   33     BE     S      -0.001010       0.001006      -0.353653       0.353641
   34     BE    Px       0.000003       0.000003       0.000005       0.000005
   35     BE    Py      -0.000000      -0.000000      -0.000000      -0.000000
   36     BE    Pz      -0.000000      -0.000000       0.000000       0.000000
   37     BE     S       0.000305      -0.000302      -0.015794       0.015805
   38     BE    Px      -0.000003      -0.000002      -0.000006      -0.000006
   39     BE    Py       0.000000       0.000000      -0.000000       0.000000
   40     BE    Pz       0.000000       0.000000      -0.000000      -0.000000
   41     BE   Dxx      -0.000474       0.000475       0.001254      -0.001253
   42     BE   Dxy      -0.000000       0.000000      -0.000000       0.000000
   43     BE   Dxz      -0.000000       0.000000       0.000000       0.000000
   44     BE   Dyy      -0.000474       0.000475       0.001254      -0.001253
   45     BE   Dyz      -0.000000      -0.000000      -0.000000       0.000000
   46     BE   Dzz      -0.000474       0.000475       0.001254      -0.001253
 
 
  Occupied Eigenvectors for: POSITRON
 --------------------------- 
 
                          -0.0036   
 
    1     E+     S       0.224440
    2     E+     S      -0.217790
    3     E+     S       0.219138
    4     E+     S       0.238019
    5     E+     S       0.307809
    6     E+     S       0.220948
    7     E+     S       0.144216
    8     E+     S      -0.115322
    9     E+     S      -0.007363
   10     E+     S       0.000033
   11     E+    Px      -0.930253
   12     E+    Py       0.000000
   13     E+    Pz      -0.000000
   14     E+    Px       0.435389
   15     E+    Py      -0.000000
   16     E+    Pz       0.000000
   17     E+    Px       0.047764
   18     E+    Py       0.000000
   19     E+    Pz      -0.000000
   20     E+    Px      -0.015806
   21     E+    Py      -0.000000
   22     E+    Pz       0.000000
   23     E+   Dxx      -0.252644
   24     E+   Dxy       0.000000
   25     E+   Dxz      -0.000000
   26     E+   Dyy      -0.030901
   27     E+   Dyz       0.000000
   28     E+   Dzz      -0.030901
   29     E+   Dxx       0.112923
   30     E+   Dxy      -0.000000
   31     E+   Dxz       0.000000
   32     E+   Dyy      -0.078427
   33     E+   Dyz      -0.000000
   34     E+   Dzz      -0.078427
   35     E+     S       0.216546
   36     E+     S      -0.234102
   37     E+     S      -0.025179
   38     E+     S       0.160401
   39     E+     S       0.138776
   40     E+     S       0.124253
   41     E+     S       0.038056
   42     E+     S      -0.052179
   43     E+     S       0.000875
   44     E+     S      -0.001137
   45     E+    Px       0.876564
   46     E+    Py      -0.000000
   47     E+    Pz       0.000000
   48     E+    Px      -0.482516
   49     E+    Py       0.000000
   50     E+    Pz      -0.000000
   51     E+    Px       0.168218
   52     E+    Py      -0.000000
   53     E+    Pz       0.000000
   54     E+    Px      -0.126240
   55     E+    Py       0.000000
   56     E+    Pz      -0.000000
   57     E+   Dxx      -0.156403
   58     E+   Dxy       0.000000
   59     E+   Dxz      -0.000000
   60     E+   Dyy       0.035215
   61     E+   Dyz      -0.000000
   62     E+   Dzz       0.035215
   63     E+   Dxx       0.256247
   64     E+   Dxy      -0.000000
   65     E+   Dxz       0.000000
   66     E+   Dyy       0.100074
   67     E+   Dyz       0.000000
   68     E+   Dzz       0.100074
 
 
  end of eigenvectors 
 
  END OF EIGENVALUES AND EIGENVECTORS
 
 
  COMPONENTS OF KINETIC ENERGY: 
 -----------------------------
 
                  E- Kinetic energy =           29.142628633934
            POSITRON Kinetic energy =            0.013688592954
                                     _________________________
               Total kinetic energy =           29.156317226888
 
  COMPONENTS OF POTENTIAL ENERGY: 
 -------------------------------
 
          Fixed potential energy    =            0.620155038760
 
  Quantum/Fixed interaction energy: 
 ----------------------------------
 
          E-/Fixed interact. energy =          -68.504294346644
    POSITRON/Fixed interact. energy =            0.724976224698
                                     _________________________
               Total Q/Fixed energy =          -67.779318121946
 
  Coulomb energy: 
 ------------------
 
               E-/E- Hartree energy =           14.930728386699
   POSITRON/POSITRON Hartree energy =            0.000000000000
         E-/POSITRON Hartree energy =           -0.716144849476
                                     _________________________
               Total Hartree energy =           14.214583537223
 
  Exchange(HF) energy: 
 ----------------------
 
                 E- Exchange energy =           -5.333109449585
           POSITRON Exchange energy =            0.000000000000
                                     _________________________
              Total Exchange energy =           -5.333109449585
 
  External Potential energy: 
 ----------------------------
 
                  E- Ext Pot energy =            0.000000000000
            POSITRON Ext Pot energy =           -0.026120282778
                                     _________________________
    Total External Potential energy =           -0.026120282778
 
  TOTAL ENERGY COMPONENTS: 
 ==========================
 
          TOTAL KINETIC ENERGY      =           29.156317226888
          TOTAL POTENTIAL ENERGY    =          -58.303809278327
                                     _________________________
                       TOTAL ENERGY =          -29.147492051438
 
                 VIRIAL RATIO (V/T) =            1.999697315152
 
 
  END ENERGY COMPONENTS
 
 
** TOTAL CPU Time SCF :      0.491 (s)
** TOTAL Elapsed Time SCF :      0.424 (s)
 
 We are calculating properties for E- in the HF/KS ground state
 We are calculating properties for POSITRON in the HF/KS ground state
 
  POPULATION ANALYSES: 
 ====================
 
 MULLIKEN Population: for E-        
 ---------------------
 
                                    
 
    1     BE     S       1.166391
    2     BE     S       0.823588
    3     BE    Px      -0.000000
    4     BE    Py       0.000000
    5     BE    Pz       0.000000
    6     BE     S       1.043694
    7     BE    Px      -0.000000
    8     BE    Py       0.000000
    9     BE    Pz       0.000000
   10     BE     S       0.942124
   11     BE    Px       0.000000
   12     BE    Py       0.000000
   13     BE    Pz       0.000000
   14     BE     S       0.031424
   15     BE    Px      -0.000000
   16     BE    Py       0.000000
   17     BE    Pz       0.000000
   18     BE   Dxx      -0.002407
   19     BE   Dxy       0.000000
   20     BE   Dxz       0.000000
   21     BE   Dyy      -0.002407
   22     BE   Dyz       0.000000
   23     BE   Dzz      -0.002407
   24     BE     S       1.166391
   25     BE     S       0.823588
   26     BE    Px      -0.000000
   27     BE    Py       0.000000
   28     BE    Pz      -0.000000
   29     BE     S       1.043694
   30     BE    Px      -0.000000
   31     BE    Py      -0.000000
   32     BE    Pz      -0.000000
   33     BE     S       0.942124
   34     BE    Px       0.000000
   35     BE    Py       0.000000
   36     BE    Pz       0.000000
   37     BE     S       0.031424
   38     BE    Px      -0.000000
   39     BE    Py      -0.000000
   40     BE    Pz       0.000000
   41     BE   Dxx      -0.002407
   42     BE   Dxy       0.000000
   43     BE   Dxz       0.000000
   44     BE   Dyy      -0.002407
   45     BE   Dyz       0.000000
   46     BE   Dzz      -0.002407
 
                           __________
              Total =        8.000000
 
  Atomic MULLIKEN Population: for E-        
            BE               4.000000
            BE               4.000000
 
 ...end of MULLIKEN Population
 
 
 END POPULATION ANALYSES 
 
 
  POPULATION ANALYSES: 
 ====================
 
 LOWDIN Population: for E-        
 ---------------------
 
                                    
 
    1     BE     S       1.101745
    2     BE     S       0.875944
    3     BE    Px       0.000000
    4     BE    Py       0.000000
    5     BE    Pz       0.000000
    6     BE     S       0.590908
    7     BE    Px       0.000000
    8     BE    Py       0.000000
    9     BE    Pz       0.000000
   10     BE     S       0.553021
   11     BE    Px       0.000000
   12     BE    Py       0.000000
   13     BE    Pz       0.000000
   14     BE     S       0.204209
   15     BE    Px       0.000000
   16     BE    Py       0.000000
   17     BE    Pz       0.000000
   18     BE   Dxx       0.224724
   19     BE   Dxy       0.000000
   20     BE   Dxz      -0.000000
   21     BE   Dyy       0.224724
   22     BE   Dyz       0.000000
   23     BE   Dzz       0.224724
   24     BE     S       1.101745
   25     BE     S       0.875944
   26     BE    Px       0.000000
   27     BE    Py       0.000000
   28     BE    Pz       0.000000
   29     BE     S       0.590908
   30     BE    Px       0.000000
   31     BE    Py       0.000000
   32     BE    Pz       0.000000
   33     BE     S       0.553021
   34     BE    Px       0.000000
   35     BE    Py       0.000000
   36     BE    Pz       0.000000
   37     BE     S       0.204209
   38     BE    Px       0.000000
   39     BE    Py       0.000000
   40     BE    Pz       0.000000
   41     BE   Dxx       0.224724
   42     BE   Dxy       0.000000
   43     BE   Dxz       0.000000
   44     BE   Dyy       0.224724
   45     BE   Dyz       0.000000
   46     BE   Dzz       0.224724
 
                           __________
              Total =        8.000000
 
  Atomic LOWDIN Population: for E-        
            BE               4.000000
            BE               4.000000
 
 ...end of LOWDIN Population
 
 
 END POPULATION ANALYSES 
 
 
  POPULATION ANALYSES: 
 ====================
 
 MULLIKEN Population: for POSITRON  
 ---------------------
 
                                    
 
    1     E+     S       0.048893
    2     E+     S      -0.092142
    3     E+     S       0.149761
    4     E+     S       0.204071
    5     E+     S       0.262759
    6     E+     S       0.155359
    7     E+     S       0.064995
    8     E+     S      -0.023531
    9     E+     S      -0.000476
   10     E+     S       0.000001
   11     E+    Px      -0.029507
   12     E+    Py      -0.000000
   13     E+    Pz       0.000000
   14     E+    Px       0.040494
   15     E+    Py       0.000000
   16     E+    Pz       0.000000
   17     E+    Px       0.009051
   18     E+    Py      -0.000000
   19     E+    Pz      -0.000000
   20     E+    Px      -0.003329
   21     E+    Py       0.000000
   22     E+    Pz      -0.000000
   23     E+   Dxx      -0.005162
   24     E+   Dxy       0.000000
   25     E+   Dxz       0.000000
   26     E+   Dyy      -0.000384
   27     E+   Dyz      -0.000000
   28     E+   Dzz      -0.000384
   29     E+   Dxx       0.010780
   30     E+   Dxy      -0.000000
   31     E+   Dxz       0.000000
   32     E+   Dyy      -0.004502
   33     E+   Dyz       0.000000
   34     E+   Dzz      -0.004502
   35     E+     S       0.046043
   36     E+     S      -0.092636
   37     E+     S      -0.014543
   38     E+     S       0.096188
   39     E+     S       0.068097
   40     E+     S       0.045149
   41     E+     S       0.008243
   42     E+     S      -0.004840
   43     E+     S       0.000025
   44     E+     S      -0.000009
   45     E+    Px      -0.062185
   46     E+    Py      -0.000000
   47     E+    Pz      -0.000000
   48     E+    Px       0.098916
   49     E+    Py      -0.000000
   50     E+    Pz      -0.000000
   51     E+    Px      -0.067972
   52     E+    Py      -0.000000
   53     E+    Pz      -0.000000
   54     E+    Px       0.053872
   55     E+    Py      -0.000000
   56     E+    Pz      -0.000000
   57     E+   Dxx      -0.004896
   58     E+   Dxy       0.000000
   59     E+   Dxz       0.000000
   60     E+   Dyy       0.000428
   61     E+   Dyz       0.000000
   62     E+   Dzz       0.000428
   63     E+   Dxx       0.036620
   64     E+   Dxy      -0.000000
   65     E+   Dxz      -0.000000
   66     E+   Dyy       0.005416
   67     E+   Dyz      -0.000000
   68     E+   Dzz       0.005416
 
                           __________
              Total =        1.000000
 
  Atomic MULLIKEN Population: for POSITRON  
            BE               0.782242
            BE               0.217758
 
 ...end of MULLIKEN Population
 
 
 END POPULATION ANALYSES 
 
 
  POPULATION ANALYSES: 
 ====================
 
 LOWDIN Population: for POSITRON  
 ---------------------
 
                                    
 
    1     E+     S       0.002780
    2     E+     S       0.013231
    3     E+     S       0.067676
    4     E+     S       0.180434
    5     E+     S       0.227156
    6     E+     S       0.153942
    7     E+     S       0.046359
    8     E+     S       0.000766
    9     E+     S       0.000235
   10     E+     S       0.000029
   11     E+    Px       0.000047
   12     E+    Py       0.000000
   13     E+    Pz       0.000000
   14     E+    Px       0.001348
   15     E+    Py       0.000000
   16     E+    Pz       0.000000
   17     E+    Px       0.003102
   18     E+    Py       0.000000
   19     E+    Pz       0.000000
   20     E+    Px       0.004121
   21     E+    Py       0.000000
   22     E+    Pz       0.000000
   23     E+   Dxx       0.000006
   24     E+   Dxy       0.000000
   25     E+   Dxz       0.000000
   26     E+   Dyy       0.000014
   27     E+   Dyz       0.000000
   28     E+   Dzz       0.000014
   29     E+   Dxx       0.000203
   30     E+   Dxy       0.000000
   31     E+   Dxz       0.000000
   32     E+   Dyy       0.000121
   33     E+   Dyz       0.000000
   34     E+   Dzz       0.000121
   35     E+     S       0.002671
   36     E+     S       0.011522
   37     E+     S       0.044741
   38     E+     S       0.073930
   39     E+     S       0.062004
   40     E+     S       0.036699
   41     E+     S       0.008285
   42     E+     S       0.000048
   43     E+     S       0.000042
   44     E+     S       0.000006
   45     E+    Px       0.000212
   46     E+    Py       0.000000
   47     E+    Pz       0.000000
   48     E+    Px       0.004463
   49     E+    Py       0.000000
   50     E+    Pz       0.000000
   51     E+    Px       0.015610
   52     E+    Py       0.000000
   53     E+    Pz       0.000000
   54     E+    Px       0.036674
   55     E+    Py       0.000000
   56     E+    Pz       0.000000
   57     E+   Dxx       0.000003
   58     E+   Dxy       0.000000
   59     E+   Dxz       0.000000
   60     E+   Dyy       0.000004
   61     E+   Dyz       0.000000
   62     E+   Dzz       0.000004
   63     E+   Dxx       0.001340
   64     E+   Dxy       0.000000
   65     E+   Dxz       0.000000
   66     E+   Dyy       0.000018
   67     E+   Dyz       0.000000
   68     E+   Dzz       0.000018
 
                           __________
              Total =        1.000000
 
  Atomic LOWDIN Population: for POSITRON  
            BE               0.701704
            BE               0.298296
 
 ...end of LOWDIN Population
 
 
 END POPULATION ANALYSES 
 
 
  EXPECTED POSITIONS OF QUANTUM SPECIES:
 ======================
 
 POSITIONS IN ANGSTROMS
 ------
 
                        <x>      <y>      <z>         
                 E-  54.6111   0.0000  -0.0000
           POSITRON   3.1713  -0.0000  -0.0000
 
 END EXPECTED POSITIONS
 
 
  ELECTROSTATIC MOMENTS:
 ======================
 
 DIPOLE: (DEBYE)
 ------
 
                           <Dx>         <Dy>         <Dz>          |D|
                 E--262.30820160  -0.00000000   0.00000000
           POSITRON  15.23242830  -0.00000000  -0.00000000
    Point charges:  262.30820160   0.00000000   0.00000000
                     ____________________________
      Total Dipole:  15.23242830  -0.00000000  -0.00000000  15.23242830
 
 QUADRUPOLE NON-TRACELESS: (DEBYE ANGS)
 ------
 
                           <xx>         <yy>         <zz>         <xy>         <xz>         <yz>
                 E-   -0.00000000   -0.00000000   -0.00000000   -0.00000000   -0.00000000   -0.00000000
           POSITRON    0.00000000    0.00000000    0.00000000    0.00000000    0.00000000    0.00000000
    Point charges:  3581.23393191    0.00000000    0.00000000    0.00000000    0.00000000    0.00000000
  Total Quadrupole: 3581.23393191    0.00000000    0.00000000    0.00000000    0.00000000    0.00000000
                     ____________________________
 
 END ELECTROSTATIC MOMENTS
 

  TOTAL CPU Time:      0.029 (s)
 TOTAL Wall Time:      0.468 (s)
  Elapsed Time:   0h  0m  0s 469ms
LOWDIN execution terminated normally at : Thu Oct 17 19:53:55 2024
-rw-rw-r-- 1 pmorenor pmorenor 704K oct 17 19:53 0E-.ints
-rw-rw-r-- 1 pmorenor pmorenor 2.8M oct 17 19:53 0E-.POSITRON.ints
-rw-rw-r-- 1 pmorenor pmorenor 2.1M oct 17 19:53 0POSITRON.ints
-rw-rw-r-- 1 pmorenor pmorenor 704K oct 17 19:53 1E-.ints
-rw-rw-r-- 1 pmorenor pmorenor 2.8M oct 17 19:53 1E-.POSITRON.ints
-rw-rw-r-- 1 pmorenor pmorenor 2.1M oct 17 19:53 1POSITRON.ints
-rw-rw-r-- 1 pmorenor pmorenor 704K oct 17 19:53 2E-.ints
-rw-rw-r-- 1 pmorenor pmorenor 2.8M oct 17 19:53 2E-.POSITRON.ints
-rw-rw-r-- 1 pmorenor pmorenor 2.1M oct 17 19:53 2POSITRON.ints
-rw-rw-r-- 1 pmorenor pmorenor 704K oct 17 19:53 3E-.ints
-rw-rw-r-- 1 pmorenor pmorenor 2.8M oct 17 19:53 3E-.POSITRON.ints
-rw-rw-r-- 1 pmorenor pmorenor 2.1M oct 17 19:53 3POSITRON.ints
-rw-rw-r-- 1 pmorenor pmorenor   12 oct 17 19:53 E-.POSITRON.nints
-rw-rw-r-- 1 pmorenor pmorenor   65 oct 17 19:53 gepol.inp
-rw-rw-r-- 1 pmorenor pmorenor   91 oct 17 19:53 gepol.xyzr
-rw-rw-r-- 1 pmorenor pmorenor 9.5K oct 17 19:53 lowdin.bas
-rw-rw-r-- 1 pmorenor pmorenor  15K oct 17 19:53 lowdin.dat
-rw-rw-r-- 1 pmorenor pmorenor 691K oct 17 19:53 lowdin.opints
-rw-rw-r-- 1 pmorenor pmorenor  26K oct 17 19:53 lowdin.sys
-rw-rw-r-- 1 pmorenor pmorenor 531K oct 17 19:53 lowdin.wfn
-rw-rw-r-- 1 pmorenor pmorenor  499 oct 17 19:53 usual_120
-rw-rw-r-- 1 pmorenor pmorenor 1.8K oct 17 19:53 usual_120.aux
-rw-rw-r-- 1 pmorenor pmorenor  504 oct 17 19:53 usual_120.lowdin
-rw-rw-r-- 1 pmorenor pmorenor  46K oct 17 19:53 usual_120.out
-rw-rw-r-- 1 pmorenor pmorenor  54K oct 17 19:53 usual_120.vec
