Begin job by input: usual_168.lowdin, for user: pmorenor  at  jue 17 oct 2024 19:54:38 -05
under operating system Linux Hefesto 5.4.0-196-generic #216-Ubuntu SMP Thu Aug 29 13:26:53 UTC 2024 x86_64 x86_64 x86_64 GNU/Linux
Compilation information
  commit: f2cffef7078af1231fe3319081e66b682883a80b
  compilation date:  mar 06 feb 2024 16:53:31 -05

BEGIN INPUT INFO:
------------------------------------

GEOMETRY
	Be	Dirac	0.0 0.0 0.0
	e-(Be)	6-311++G.d.p 0.0 0.0 0.0
	E+	GRIBAKIN-10S4P2D 0.0 0.0 0.0
	Be	Dirac	35.4 0.0 0.0
	e-(Be)	6-311++G.d.p	35.4 0.0 0.0
	E+	GRIBAKIN-10S4P2D 35.4 0.0 0.0 addParticles=-1 
END GEOMETRY

TASKS
        method = "RHF"
END TASKS

EXTERPOTENTIAL
	E- GRIBAKIN0
	E+ VPC168
END EXTERPOTENTIAL

CONTROL
	units="BOHRS"
	readCoefficients=F
	convergenceMethod=1
	overlapEigenThreshold=1E-6
	SCFGhostSpecies="POSITRON"
	HFprintEigenvalues=T
	totalEnergyTolerance = 1E-9
END CONTROL


... END INPUT INFO


 LOWDIN execution started at : Thu Oct 17 19:54:38 2024
 ---------------------------------------------------------------
 
 ***************************************************************
 *                   LOWDIN 2.0  (May/2013)                    *
 *                                                             *
 *  R. FLORES-MORENO, E. F. POSADA, F. S. MONCADA, J.ROMERO,   *
 *  J. CHARRY, M. DIAZ-TINOCO, S. A. GONZALEZ, N. F. AGUIRRE,  *
 *  A. REYES                                                   *
 *                                                             *
 *  https://sites.google.com/site/lowdinproject/               *
 *                                                             *
 ***************************************************************
 
 PARSING INPUT... DONE!
 
 LOWDIN IS RUNNING WITH NEXT PARAMETERS: 
 ----------------------------------------
 
         METHOD TYPE:  RHF
         NUMBER OF CORES:     4
         NONELECTRONIC DENSITY GUESS: HCORE
         ELECTRONIC DENSITY GUESS: HCORE
         CRITERIUM OF CONVERGENCE: ENERGY
         NONELECTRONIC ENERGY TOLERANCE IN SCFs:     0.10000E-07
         ELECTRONIC ENERGY TOLERANCE IN SCFs:     0.10000E-07
         TOTAL ENERGY TOLERANCE IN SCFs:     0.10000E-08
         SCHEME OF ITERATION: GLOBAL ITERATIONS
         SCF MAX. SUBITERATIONS - NONELECTRONS :     1
         SCF MAX. SUBITERATIONS - ELECTRONS :     1
         SCF MAX. ITERATIONS - INTERSPECIES :   200
         INTEGRAL STORAGE: DISK
         STACK SIZE FOR ERIS : 30000
         METHOD OF SCF CONVERGENCE: DAMPING
 
  MOLECULAR SYSTEM: usual_168
 -----------------
 
    DESCRIPTION   : usual_168
    CHARGE        :   2
    PUNTUAL GROUP : NONE
 
 
  INFORMATION OF PARTICLES :
 =========================
         Total number of particles   =      11
         Number of quantum particles =       9
         Number of puntual charges   =       2
         Number of quantum species   =       2
 
                 INFORMATION OF QUANTUM SPECIES 
     ---------------------------------------------------------------------
         ID      Symbol            mass     charge     spin     multiplicity
     ---------------------------------------------------------------------
         1             E-         1.0000     -1.00      0.50      1.00
         2             E+         1.0000      1.00      0.50      1.00
 
                   CONSTANTS OF COUPLING 
      ------------------------------------------------------------
           Symbol          kappa      eta     lambda     occupation
      ------------------------------------------------------------
                 E-        -1.0      2.00      2.00      4.00
                 E+        -1.0      1.00      1.00      1.00
 
                   BASIS SET FOR SPECIES 
      ------------------------------------------------------------
           Symbol          N. Basis     N. Particles     Basis Set
      ------------------------------------------------------------
                 E-           20                8     6-311++G.D
                 E+           32                1     GRIBAKIN-1
 
                                ATOMIC BASIS
         ------------------------------------------------------------
          PRIMITIVE   SHELL             EXPONENT         COEFFICIENT 
         ------------------------------------------------------------
 
    BEGIN DESCRIPTION OF BASIS FOR:    E-
    ==============================
 
 
            BE BASIS SET:   6-311++G.D.P
             1         S             1682.80000000          0.00228574
             2         S              251.71500000          0.01759380
             3         S               57.41160000          0.08633150
             4         S               16.51710000          0.28183500
             5         S                4.85364000          0.64059400
             6         S                0.62686300          0.14446700
             1         S                8.30938000          0.10862100
             2         S                1.74075000          0.92730100
             3         S                0.48581600         -0.00297169
             1         P                8.30938000          0.03613440
             2         P                1.74075000          0.21695800
             3         P                0.48581600          0.84183900
             1         S                0.16361300          1.00000000
             1         P                0.16361300          1.00000000
             1         S                0.05672850          1.00000000
             1         P                0.05672850          1.00000000
             1         S                0.02070000          1.00000000
             1         P                0.02070000          1.00000000
             1         D                0.25500000          1.00000000
 
            BE BASIS SET:   6-311++G.D.P
             1         S             1682.80000000          0.00228574
             2         S              251.71500000          0.01759380
             3         S               57.41160000          0.08633150
             4         S               16.51710000          0.28183500
             5         S                4.85364000          0.64059400
             6         S                0.62686300          0.14446700
             1         S                8.30938000          0.10862100
             2         S                1.74075000          0.92730100
             3         S                0.48581600         -0.00297169
             1         P                8.30938000          0.03613440
             2         P                1.74075000          0.21695800
             3         P                0.48581600          0.84183900
             1         S                0.16361300          1.00000000
             1         P                0.16361300          1.00000000
             1         S                0.05672850          1.00000000
             1         P                0.05672850          1.00000000
             1         S                0.02070000          1.00000000
             1         P                0.02070000          1.00000000
             1         D                0.25500000          1.00000000
    ... END DESCRIPTION OF BASIS
 
 
    BEGIN DESCRIPTION OF BASIS FOR:    E+
    ==============================
 
 
            E+ BASIS SET:GRIBAKIN-10S4P2
             1         S                0.00010000          1.00000000
             1         S                0.00030000          1.00000000
             1         S                0.00090000          1.00000000
             1         S                0.00270000          1.00000000
             1         S                0.00810000          1.00000000
             1         S                0.02430000          1.00000000
             1         S                0.07290000          1.00000000
             1         S                0.21870000          1.00000000
             1         S                0.65610000          1.00000000
             1         S                1.96830000          1.00000000
             1         P                0.00010000          1.00000000
             1         P                0.00030000          1.00000000
             1         P                0.00090000          1.00000000
             1         P                0.00270000          1.00000000
             1         D                0.00010000          1.00000000
             1         D                0.00030000          1.00000000
 
            E+ BASIS SET:GRIBAKIN-10S4P2
             1         S                0.00010000          1.00000000
             1         S                0.00030000          1.00000000
             1         S                0.00090000          1.00000000
             1         S                0.00270000          1.00000000
             1         S                0.00810000          1.00000000
             1         S                0.02430000          1.00000000
             1         S                0.07290000          1.00000000
             1         S                0.21870000          1.00000000
             1         S                0.65610000          1.00000000
             1         S                1.96830000          1.00000000
             1         P                0.00010000          1.00000000
             1         P                0.00030000          1.00000000
             1         P                0.00090000          1.00000000
             1         P                0.00270000          1.00000000
             1         D                0.00010000          1.00000000
             1         D                0.00030000          1.00000000
    ... END DESCRIPTION OF BASIS
 
 
  END INFORMATION OF PARTICLES
 
 
  INFORMATION OF THE QUANTUM SYSTEM 
     ---------------------------------------------------------------------
                 ID     Occupied Orbitals     Basis size
     ---------------------------------------------------------------------
                 E-            4               46
                 E+            1               68
 
  END INFORMATION OF QUANTUM SYSTEM
 
 
  INFORMATION OF EXTERNAL POTENTIALS 
 
 =======
 External Potential for E- : GRIBAKIN0
 Type : 
                     Exponent         l       R_x       R_y       R_z              Factor
                 0.0010000000         0   0.00000   0.00000   0.00000        0.0000000000
 
 =======
 External Potential for E+ : VPC168
 Type : 
                     Exponent         l       R_x       R_y       R_z              Factor
                 0.0010000000         0   0.00000   0.00000   0.00000       -0.0004852612
                 0.0020000000         0   0.00000   0.00000   0.00000        0.0024441783
                 0.0040000000         0   0.00000   0.00000   0.00000       -0.0075448874
                 0.0080000000         0   0.00000   0.00000   0.00000        0.0157738437
                 0.0160000000         0   0.00000   0.00000   0.00000       -0.0371036225
                 0.0320000000         0   0.00000   0.00000   0.00000        0.0538567205
                 0.0640000000         0   0.00000   0.00000   0.00000       -0.1977562620
                 0.1280000000         0   0.00000   0.00000   0.00000        0.1521150960
                 0.2560000000         0   0.00000   0.00000   0.00000       -2.2309931100
                 0.5120000000         0   0.00000   0.00000   0.00000        7.1544406100
                 1.0000000000         0   0.00000   0.00000   0.00000      -16.4610761000
                 2.0000000000         0   0.00000   0.00000   0.00000      120.0674500000
                 3.0000000000         0   0.00000   0.00000   0.00000    -1010.4441400000
                 4.0000000000         0   0.00000   0.00000   0.00000     5912.5175500000
                 5.0000000000         0   0.00000   0.00000   0.00000   -22883.6471000000
                 6.0000000000         0   0.00000   0.00000   0.00000    58320.2479000000
                 7.0000000000         0   0.00000   0.00000   0.00000   -96733.7399000000
                 8.0000000000         0   0.00000   0.00000   0.00000   100515.5930000000
                 9.0000000000         0   0.00000   0.00000   0.00000   -59492.9273000000
                10.0000000000         0   0.00000   0.00000   0.00000    15337.5181000000
                20.0000000000         0   0.00000   0.00000   0.00000     -108.3194530000
                30.0000000000         0   0.00000   0.00000   0.00000       58.7242217000
                40.0000000000         0   0.00000   0.00000   0.00000      -33.9818623000
                50.0000000000         0   0.00000   0.00000   0.00000       10.1503518000
               100.0000000000         0   0.00000   0.00000   0.00000       -0.2039701810
                 0.0010000000         0  33.44822   0.00000   0.00000       -0.0004852612
                 0.0020000000         0  33.44822   0.00000   0.00000        0.0024441783
                 0.0040000000         0  33.44822   0.00000   0.00000       -0.0075448874
                 0.0080000000         0  33.44822   0.00000   0.00000        0.0157738437
                 0.0160000000         0  33.44822   0.00000   0.00000       -0.0371036225
                 0.0320000000         0  33.44822   0.00000   0.00000        0.0538567205
                 0.0640000000         0  33.44822   0.00000   0.00000       -0.1977562620
                 0.1280000000         0  33.44822   0.00000   0.00000        0.1521150960
                 0.2560000000         0  33.44822   0.00000   0.00000       -2.2309931100
                 0.5120000000         0  33.44822   0.00000   0.00000        7.1544406100
                 1.0000000000         0  33.44822   0.00000   0.00000      -16.4610761000
                 2.0000000000         0  33.44822   0.00000   0.00000      120.0674500000
                 3.0000000000         0  33.44822   0.00000   0.00000    -1010.4441400000
                 4.0000000000         0  33.44822   0.00000   0.00000     5912.5175500000
                 5.0000000000         0  33.44822   0.00000   0.00000   -22883.6471000000
                 6.0000000000         0  33.44822   0.00000   0.00000    58320.2479000000
                 7.0000000000         0  33.44822   0.00000   0.00000   -96733.7399000000
                 8.0000000000         0  33.44822   0.00000   0.00000   100515.5930000000
                 9.0000000000         0  33.44822   0.00000   0.00000   -59492.9273000000
                10.0000000000         0  33.44822   0.00000   0.00000    15337.5181000000
                20.0000000000         0  33.44822   0.00000   0.00000     -108.3194530000
                30.0000000000         0  33.44822   0.00000   0.00000       58.7242217000
                40.0000000000         0  33.44822   0.00000   0.00000      -33.9818623000
                50.0000000000         0  33.44822   0.00000   0.00000       10.1503518000
               100.0000000000         0  33.44822   0.00000   0.00000       -0.2039701810
 
  END INFORMATION OF EXTERNAL POTENTIALS
 
                       INITIAL GEOMETRY: AMSTRONG
                 -----------------------------------
                       <x>                 <y>                 <z>
      E-BE        0.0000000000        0.0000000000        0.0000000000
      E-BE       18.7328746231        0.0000000000        0.0000000000
        E+        0.0000000000        0.0000000000        0.0000000000
        E+       18.7328746231        0.0000000000        0.0000000000
        BE        0.0000000000        0.0000000000        0.0000000000
        BE       18.7328746231        0.0000000000        0.0000000000
 
                     MATRIX OF DISTANCE: ANGSTROM
                 -----------------------------------
                          BE(1)          BE(2)     
 
        BE(1)            0.000000      18.732875
        BE(2)           18.732875       0.000000
 
--------------------------------------------------------------------------------
** PROGRAM: SCF (Hartree Fock).     Author: S.A. Gonzalez, E. Posada, F. Moncada
--------------------------------------------------------------------------------
INFO: RUNNING IN RHF MODE.
 
----------------------------------------------------------------------
** PROGRAM INTS                          Author: E. F. Posada, 2013   
----------------------------------------------------------------------
INFO: RUNNING IN ONE_PARTICLE MODE.
 
 Number of Overlap integrals for species E-:   2116
 Number of Overlap integrals for species POSITRON:   4624
 Number of Kinetic integrals for species E-:   2116
 Number of Kinetic integrals for species POSITRON:   4624
 Number of Nuclear integrals for species E-:   2116
 Number of Nuclear integrals for species POSITRON:   4624
 Number of Moment integrals for species E-:   6348
 Number of Moment integrals for species POSITRON:  13872
 Number of 3C Overlap integrals for species E-:   2116
 Number of 3C Overlap integrals for species POSITRON:   4624
 
** TOTAL CPU Time INTS :      0.136 (s)
** TOTAL Elapsed Time INTS :      0.130 (s)
 
Removed     2 orbitals for species POSITRON with overlap eigen threshold of 1.000E-06
       Usign  HCORE density guess for species:         E-
     number of         E-     particles in guess density matrix:     8.000000
       Usign  HCORE density guess for species:   POSITRON
     number of   POSITRON     particles in guess density matrix:     0.000000
renormalized density matrix with deviation from number of particl    1.000000
 Number of unique integrals for species: 1 = 37554
 Number of unique integrals for species: 2 = 300355
 Number of unique integrals for species: 1 / 2 = 331362 Screened: 18478
 
 TWO-BODY INTEGRAL SETUP: 
------------------------- 
 Storage:   DISK
 Scheme: LIBINT
 Stack size:  30000
 
 LIBINT library, Fermann, J. T.; Valeev, F. L. 2010                   
 LOWDIN-LIBINT Implementation V. 2.1  Posada E. F. ; Reyes A. 2016   
 ----------------------------------------------------------------------

*** TOTAL CPU time intra-species integrals :      0.117 (s)
*** TOTAL elapsed time intra-species integrals :      0.035 (s)


*** TOTAL CPU time inter-species integrals :      0.213 (s)
*** TOTAL elapsed time inter-species integrals :      0.059 (s)

INFO: RUNNING SCHEME SIMULTANEOUS
 
 Begin Multi-Species SCF calculation:
 
 --------------------------------------------------------------------------------------------------
      Iteration                   Energy            Energy Change           Density Change
 --------------------------------------------------------------------------------------------------
              1         -27.543992464748          27.543992464748         188.877924171281
              2         -29.115132177638           1.571139712890           0.027362307927
              3         -29.146382665970           0.031250488332           0.005724857834
              4         -29.147029916850           0.000647250880           0.001341373362
              5         -29.147042761300           0.000012844450           0.000299977624
              6         -29.147041534627          -0.000001226673           0.000068679590
              7         -29.147041538690           0.000000004064           0.000016594887
              8         -29.147041729217           0.000000190527           0.000004477352
              9         -29.147041844813           0.000000115596           0.000001414120
             10         -29.147041896890           0.000000052077           0.000000491445
             11         -29.147041917821           0.000000020932           0.000000184734
             12         -29.147041925779           0.000000007957           0.000000073109
             13         -29.147041928715           0.000000002936           0.000000029655
             14         -29.147041929780           0.000000001065           0.000000012125
             15         -29.147041930163           0.000000000383           0.000000004948
 Total energy converged after  15 global iterations                                                  
 
 ...end Multi-Species SCF calculation
 
 
 Begin SCF calculation by: E-
 -------------------------
 
 -----------------------------------------------------------------------------------
 Iteration                   Energy           Density Change         DIIS Error 
 -----------------------------------------------------------------------------------
    1         -29.476377322310           0.019781240378                 -- 
    2         -29.575165661019           0.003528159175                 -- 
    3         -29.591891177322           0.000810318139                 -- 
    4         -29.595095212226           0.000204181760                 -- 
    5         -29.595722125680           0.000053831961                 -- 
    6         -29.595843395097           0.000014693926                 -- 
    7         -29.595865608092           0.000004160683                 -- 
    8         -29.595869089573           0.000001227062                 -- 
    9         -29.595869379283           0.000000377404                 -- 
   10         -29.595869278055           0.000000120722                 -- 
   11         -29.595869198602           0.000000039932                 -- 
   12         -29.595869161413           0.000000013567                 -- 
   13         -29.595869146482           0.000000004706                 -- 
   14         -29.595869140897           0.000000001658                 -- 
 
 ... end SCF calculation
 
 Begin SCF calculation by: POSITRON
 -------------------------
 
 -----------------------------------------------------------------------------------
 Iteration                   Energy           Density Change         DIIS Error 
 -----------------------------------------------------------------------------------
    1          -0.037707255028           0.007581067548                 -- 
    2          -0.031987821431           0.002196698659                 -- 
    3          -0.030975053592           0.000531055222                 -- 
    4          -0.030787117596           0.000095795864                 -- 
    5          -0.030756159419           0.000014847629                 -- 
    6          -0.030752848849           0.000001900961                 -- 
    7          -0.030753320667           0.000000316669                 -- 
    8          -0.030753834873           0.000000187058                 -- 
    9          -0.030754087149           0.000000114041                 -- 
   10          -0.030754189372           0.000000064012                 -- 
   11          -0.030754227406           0.000000033177                 -- 
   12          -0.030754240901           0.000000016087                 -- 
   13          -0.030754245548           0.000000007419                 -- 
   14          -0.030754247115           0.000000003290                 -- 
 
 ... end SCF calculation
 
  EIGENVALUES AND EIGENVECTORS: 
 ==============================
 
 
  Eigenvalues for: E-
 -----------------
 
    1          -4.732348736634
    2          -4.732348736630
    3          -0.309258221103
    4          -0.309258221009
    5           0.029555253505
    6           0.029565322158
    7           0.029565322158
    8           0.029566247159
    9           0.029566247159
   10           0.029576308689
   11           0.051093951513
   12           0.051098519029
   13           0.098005883752
   14           0.098027651210
   15           0.098027651210
   16           0.098029618023
   17           0.098029618023
   18           0.098051398729
   19           0.321202689440
   20           0.321207172819
   21           0.345787330892
   22           0.345803958927
   23           0.345803958927
   24           0.345805416389
   25           0.345805416389
   26           0.345822058039
   27           0.692850858684
   28           0.692850858684
   29           0.692850858684
   30           0.692850858684
   31           0.692850858684
   32           0.692850858684
   33           0.692850858684
   34           0.692850858684
   35           0.692850858684
   36           0.692850858684
   37           1.198781906122
   38           1.198792266705
   39           1.198792266705
   40           1.198793151934
   41           1.198793151934
   42           1.198803517441
   43           1.414740362772
   44           1.414742243100
   45          10.066563616523
   46          10.066564670799
 
 
  Eigenvalues for: POSITRON
 -----------------
 
    1          -0.003150193483
    2          -0.001444567712
    3           0.000085961763
    4           0.000137419341
    5           0.000208035240
    6           0.000208035240
    7           0.000258445167
    8           0.000281103479
    9           0.000281103479
   10           0.000327024509
   11           0.000327024509
   12           0.000369803482
   13           0.000423822523
   14           0.000428759727
   15           0.000428759727
   16           0.000439829005
   17           0.000439829005
   18           0.000441902153
   19           0.000568579957
   20           0.000568579958
   21           0.000593656294
   22           0.000890281092
   23           0.000890281092
   24           0.000972095832
   25           0.001045569113
   26           0.001139771132
   27           0.001139771132
   28           0.001159140652
   29           0.001233197046
   30           0.001233197046
   31           0.001438462602
   32           0.001502325031
   33           0.001502325031
   34           0.001503983555
   35           0.001503983555
   36           0.001800173395
   37           0.001800173396
   38           0.001858946813
   39           0.002201890301
   40           0.002256066665
   41           0.002926825058
   42           0.002926825058
   43           0.003716914609
   44           0.003716914609
   45           0.003874655649
   46           0.004379716032
   47           0.005251546937
   48           0.005415022306
   49           0.008919428358
   50           0.008919428358
   51           0.009025526957
   52           0.009870342045
   53           0.009870342045
   54           0.011348519843
   55           0.014724308298
   56           0.017358479508
   57           0.051338923821
   58           0.055763587380
   59           0.193298587468
   60           0.215495686024
   61           0.851983519718
   62           0.855706966808
   63           2.859123216380
   64           2.941334526290
   65          10.656972151721
   66          10.802502131110
   67     1000000.000000000000
   68     1000000.000000000000
 
  end of eigenvalues 
 
  Occupied Eigenvectors for: E-
 --------------------------- 
 
                          -4.7323        -4.7323        -0.3093        -0.3093   
 
    1     BE     S      -0.423116      -0.420147      -0.077489      -0.077489
    2     BE     S      -0.316792      -0.314570      -0.131305      -0.131306
    3     BE    Px      -0.000000       0.000000       0.000000       0.000000
    4     BE    Py       0.000000      -0.000000       0.000000      -0.000000
    5     BE    Pz       0.000000      -0.000000       0.000000      -0.000000
    6     BE     S       0.003469       0.003445       0.412948       0.412950
    7     BE    Px       0.000000      -0.000000      -0.000000       0.000000
    8     BE    Py       0.000000       0.000000      -0.000000      -0.000000
    9     BE    Pz      -0.000000       0.000000      -0.000000       0.000000
   10     BE     S      -0.001011      -0.001004       0.353646       0.353648
   11     BE    Px      -0.000000       0.000000       0.000000      -0.000000
   12     BE    Py      -0.000000      -0.000000       0.000000       0.000000
   13     BE    Pz       0.000000      -0.000000       0.000000      -0.000000
   14     BE     S       0.000304       0.000302       0.015799       0.015799
   15     BE    Px       0.000000      -0.000000      -0.000000       0.000000
   16     BE    Py       0.000000       0.000000      -0.000000      -0.000000
   17     BE    Pz      -0.000000       0.000000      -0.000000       0.000000
   18     BE   Dxx      -0.000476      -0.000473      -0.001253      -0.001253
   19     BE   Dxy       0.000000      -0.000000      -0.000000       0.000000
   20     BE   Dxz       0.000000      -0.000000      -0.000000       0.000000
   21     BE   Dyy      -0.000476      -0.000473      -0.001253      -0.001253
   22     BE   Dyz      -0.000000       0.000000       0.000000      -0.000000
   23     BE   Dzz      -0.000476      -0.000473      -0.001253      -0.001253
   24     BE     S       0.420147      -0.423116      -0.077489       0.077489
   25     BE     S       0.314570      -0.316792      -0.131306       0.131305
   26     BE    Px      -0.000000      -0.000000      -0.000000       0.000000
   27     BE    Py      -0.000000      -0.000000      -0.000000       0.000000
   28     BE    Pz      -0.000000       0.000000      -0.000000      -0.000000
   29     BE     S      -0.003445       0.003469       0.412950      -0.412948
   30     BE    Px       0.000000       0.000000       0.000000       0.000000
   31     BE    Py       0.000000       0.000000       0.000000      -0.000000
   32     BE    Pz      -0.000000      -0.000000       0.000000       0.000000
   33     BE     S       0.001004      -0.001011       0.353648      -0.353646
   34     BE    Px      -0.000000      -0.000000      -0.000000      -0.000000
   35     BE    Py      -0.000000      -0.000000      -0.000000      -0.000000
   36     BE    Pz       0.000000       0.000000      -0.000000      -0.000000
   37     BE     S      -0.000302       0.000304       0.015799      -0.015799
   38     BE    Px       0.000000       0.000000       0.000000       0.000000
   39     BE    Py       0.000000       0.000000       0.000000       0.000000
   40     BE    Pz      -0.000000      -0.000000       0.000000       0.000000
   41     BE   Dxx       0.000473      -0.000476      -0.001253       0.001253
   42     BE   Dxy      -0.000000       0.000000      -0.000000       0.000000
   43     BE   Dxz      -0.000000       0.000000      -0.000000       0.000000
   44     BE   Dyy       0.000473      -0.000476      -0.001253       0.001253
   45     BE   Dyz       0.000000       0.000000      -0.000000       0.000000
   46     BE   Dzz       0.000473      -0.000476      -0.001253       0.001253
 
 
  Occupied Eigenvectors for: POSITRON
 --------------------------- 
 
                          -0.0032   
 
    1     E+     S      -0.050289
    2     E+     S       0.063003
    3     E+     S      -0.208497
    4     E+     S      -0.278514
    5     E+     S      -0.380373
    6     E+     S      -0.238802
    7     E+     S      -0.165804
    8     E+     S       0.130921
    9     E+     S       0.008072
   10     E+     S       0.000004
   11     E+    Px       0.199846
   12     E+    Py       0.000000
   13     E+    Pz      -0.000000
   14     E+    Px      -0.070088
   15     E+    Py      -0.000000
   16     E+    Pz       0.000000
   17     E+    Px      -0.032266
   18     E+    Py       0.000000
   19     E+    Pz       0.000000
   20     E+    Px       0.009389
   21     E+    Py      -0.000000
   22     E+    Pz       0.000000
   23     E+   Dxx       0.068498
   24     E+   Dxy       0.000000
   25     E+   Dxz      -0.000000
   26     E+   Dyy      -0.004542
   27     E+   Dyz       0.000000
   28     E+   Dzz      -0.004542
   29     E+   Dxx      -0.043197
   30     E+   Dxy      -0.000000
   31     E+   Dxz       0.000000
   32     E+   Dyy       0.012179
   33     E+   Dyz      -0.000000
   34     E+   Dzz       0.012179
   35     E+     S      -0.048836
   36     E+     S       0.076475
   37     E+     S      -0.007300
   38     E+     S      -0.066889
   39     E+     S      -0.054791
   40     E+     S      -0.053559
   41     E+     S      -0.006491
   42     E+     S       0.018897
   43     E+     S      -0.000892
   44     E+     S       0.000580
   45     E+    Px      -0.193470
   46     E+    Py      -0.000000
   47     E+    Pz       0.000000
   48     E+    Px       0.103365
   49     E+    Py       0.000000
   50     E+    Pz      -0.000000
   51     E+    Px      -0.079451
   52     E+    Py      -0.000000
   53     E+    Pz       0.000000
   54     E+    Px       0.061988
   55     E+    Py       0.000000
   56     E+    Pz      -0.000000
   57     E+   Dxx       0.050671
   58     E+   Dxy       0.000000
   59     E+   Dxz      -0.000000
   60     E+   Dyy      -0.001675
   61     E+   Dyz      -0.000000
   62     E+   Dzz      -0.001675
   63     E+   Dxx      -0.065311
   64     E+   Dxy      -0.000000
   65     E+   Dxz       0.000000
   66     E+   Dyy      -0.035260
   67     E+   Dyz       0.000000
   68     E+   Dzz      -0.035260
 
 
  end of eigenvectors 
 
  END OF EIGENVALUES AND EIGENVECTORS
 
 
  COMPONENTS OF KINETIC ENERGY: 
 -----------------------------
 
                  E- Kinetic energy =           29.142628636924
            POSITRON Kinetic energy =            0.014942890050
                                     _________________________
               Total kinetic energy =           29.157571526973
 
  COMPONENTS OF POTENTIAL ENERGY: 
 -------------------------------
 
          Fixed potential energy    =            0.451977401130
 
  Quantum/Fixed interaction energy: 
 ----------------------------------
 
          E-/Fixed interact. energy =          -68.167939087967
    POSITRON/Fixed interact. energy =            0.690717012538
                                     _________________________
               Total Q/Fixed energy =          -67.477222075429
 
  Coulomb energy: 
 ------------------
 
               E-/E- Hartree energy =           14.762550767635
   POSITRON/POSITRON Hartree energy =            0.000000000000
         E-/POSITRON Hartree energy =           -0.681206042577
                                     _________________________
               Total Hartree energy =           14.081344725058
 
  Exchange(HF) energy: 
 ----------------------
 
                 E- Exchange energy =           -5.333109454401
           POSITRON Exchange energy =            0.000000000000
                                     _________________________
              Total Exchange energy =           -5.333109454401
 
  External Potential energy: 
 ----------------------------
 
                  E- Ext Pot energy =            0.000000000000
            POSITRON Ext Pot energy =           -0.027604053632
                                     _________________________
    Total External Potential energy =           -0.027604053632
 
  TOTAL ENERGY COMPONENTS: 
 ==========================
 
          TOTAL KINETIC ENERGY      =           29.157571526973
          TOTAL POTENTIAL ENERGY    =          -58.304613457274
                                     _________________________
                       TOTAL ENERGY =          -29.147041930301
 
                 VIRIAL RATIO (V/T) =            1.999638872645
 
 
  END ENERGY COMPONENTS
 
 
** TOTAL CPU Time SCF :      0.239 (s)
** TOTAL Elapsed Time SCF :      0.267 (s)
 
 We are calculating properties for E- in the HF/KS ground state
 We are calculating properties for POSITRON in the HF/KS ground state
 
  POPULATION ANALYSES: 
 ====================
 
 MULLIKEN Population: for E-        
 ---------------------
 
                                    
 
    1     BE     S       1.166391
    2     BE     S       0.823588
    3     BE    Px       0.000000
    4     BE    Py       0.000000
    5     BE    Pz      -0.000000
    6     BE     S       1.043694
    7     BE    Px      -0.000000
    8     BE    Py      -0.000000
    9     BE    Pz       0.000000
   10     BE     S       0.942124
   11     BE    Px       0.000000
   12     BE    Py       0.000000
   13     BE    Pz       0.000000
   14     BE     S       0.031424
   15     BE    Px      -0.000000
   16     BE    Py       0.000000
   17     BE    Pz       0.000000
   18     BE   Dxx      -0.002407
   19     BE   Dxy       0.000000
   20     BE   Dxz       0.000000
   21     BE   Dyy      -0.002407
   22     BE   Dyz       0.000000
   23     BE   Dzz      -0.002407
   24     BE     S       1.166391
   25     BE     S       0.823588
   26     BE    Px       0.000000
   27     BE    Py       0.000000
   28     BE    Pz       0.000000
   29     BE     S       1.043694
   30     BE    Px      -0.000000
   31     BE    Py       0.000000
   32     BE    Pz       0.000000
   33     BE     S       0.942124
   34     BE    Px       0.000000
   35     BE    Py       0.000000
   36     BE    Pz       0.000000
   37     BE     S       0.031424
   38     BE    Px      -0.000000
   39     BE    Py       0.000000
   40     BE    Pz       0.000000
   41     BE   Dxx      -0.002407
   42     BE   Dxy       0.000000
   43     BE   Dxz       0.000000
   44     BE   Dyy      -0.002407
   45     BE   Dyz       0.000000
   46     BE   Dzz      -0.002407
 
                           __________
              Total =        8.000000
 
  Atomic MULLIKEN Population: for E-        
            BE               4.000000
            BE               4.000000
 
 ...end of MULLIKEN Population
 
 
 END POPULATION ANALYSES 
 
 
  POPULATION ANALYSES: 
 ====================
 
 LOWDIN Population: for E-        
 ---------------------
 
                                    
 
    1     BE     S       1.101745
    2     BE     S       0.875944
    3     BE    Px       0.000000
    4     BE    Py       0.000000
    5     BE    Pz       0.000000
    6     BE     S       0.590908
    7     BE    Px       0.000000
    8     BE    Py       0.000000
    9     BE    Pz       0.000000
   10     BE     S       0.553024
   11     BE    Px       0.000000
   12     BE    Py       0.000000
   13     BE    Pz       0.000000
   14     BE     S       0.204207
   15     BE    Px       0.000000
   16     BE    Py       0.000000
   17     BE    Pz       0.000000
   18     BE   Dxx       0.224724
   19     BE   Dxy       0.000000
   20     BE   Dxz       0.000000
   21     BE   Dyy       0.224724
   22     BE   Dyz       0.000000
   23     BE   Dzz       0.224724
   24     BE     S       1.101745
   25     BE     S       0.875944
   26     BE    Px       0.000000
   27     BE    Py       0.000000
   28     BE    Pz       0.000000
   29     BE     S       0.590908
   30     BE    Px       0.000000
   31     BE    Py       0.000000
   32     BE    Pz       0.000000
   33     BE     S       0.553024
   34     BE    Px       0.000000
   35     BE    Py       0.000000
   36     BE    Pz       0.000000
   37     BE     S       0.204207
   38     BE    Px       0.000000
   39     BE    Py       0.000000
   40     BE    Pz       0.000000
   41     BE   Dxx       0.224724
   42     BE   Dxy       0.000000
   43     BE   Dxz       0.000000
   44     BE   Dyy       0.224724
   45     BE   Dyz       0.000000
   46     BE   Dzz       0.224724
 
                           __________
              Total =        8.000000
 
  Atomic LOWDIN Population: for E-        
            BE               4.000000
            BE               4.000000
 
 ...end of LOWDIN Population
 
 
 END POPULATION ANALYSES 
 
 
  POPULATION ANALYSES: 
 ====================
 
 MULLIKEN Population: for POSITRON  
 ---------------------
 
                                    
 
    1     E+     S       0.010916
    2     E+     S      -0.026375
    3     E+     S       0.141176
    4     E+     S       0.245119
    5     E+     S       0.353810
    6     E+     S       0.187774
    7     E+     S       0.084057
    8     E+     S      -0.030097
    9     E+     S      -0.000588
   10     E+     S      -0.000000
   11     E+    Px      -0.003780
   12     E+    Py       0.000000
   13     E+    Pz       0.000000
   14     E+    Px       0.003509
   15     E+    Py      -0.000000
   16     E+    Pz      -0.000000
   17     E+    Px       0.002598
   18     E+    Py       0.000000
   19     E+    Pz      -0.000000
   20     E+    Px      -0.000515
   21     E+    Py      -0.000000
   22     E+    Pz      -0.000000
   23     E+   Dxx      -0.001397
   24     E+   Dxy      -0.000000
   25     E+   Dxz      -0.000000
   26     E+   Dyy       0.000063
   27     E+   Dyz      -0.000000
   28     E+   Dzz       0.000063
   29     E+   Dxx       0.003892
   30     E+   Dxy       0.000000
   31     E+   Dxz       0.000000
   32     E+   Dyy      -0.000753
   33     E+   Dyz      -0.000000
   34     E+   Dzz      -0.000753
   35     E+     S       0.009740
   36     E+     S      -0.025390
   37     E+     S       0.002785
   38     E+     S       0.019150
   39     E+     S       0.011278
   40     E+     S       0.007919
   41     E+     S       0.000551
   42     E+     S      -0.000664
   43     E+     S       0.000010
   44     E+     S      -0.000002
   45     E+    Px      -0.021783
   46     E+    Py       0.000000
   47     E+    Pz       0.000000
   48     E+    Px       0.029830
   49     E+    Py      -0.000000
   50     E+    Pz      -0.000000
   51     E+    Px      -0.034213
   52     E+    Py      -0.000000
   53     E+    Pz       0.000000
   54     E+    Px       0.016547
   55     E+    Py       0.000000
   56     E+    Pz      -0.000000
   57     E+   Dxx      -0.002816
   58     E+   Dxy      -0.000000
   59     E+   Dxz      -0.000000
   60     E+   Dyy       0.000021
   61     E+   Dyz       0.000000
   62     E+   Dzz       0.000021
   63     E+   Dxx       0.014754
   64     E+   Dxy       0.000000
   65     E+   Dxz       0.000000
   66     E+   Dyy       0.001769
   67     E+   Dyz       0.000000
   68     E+   Dzz       0.001769
 
                           __________
              Total =        1.000000
 
  Atomic MULLIKEN Population: for POSITRON  
            BE               0.968720
            BE               0.031280
 
 ...end of MULLIKEN Population
 
 
 END POPULATION ANALYSES 
 
 
  POPULATION ANALYSES: 
 ====================
 
 LOWDIN Population: for POSITRON  
 ---------------------
 
                                    
 
    1     E+     S       0.002794
    2     E+     S       0.014815
    3     E+     S       0.082120
    4     E+     S       0.227500
    5     E+     S       0.302250
    6     E+     S       0.200839
    7     E+     S       0.059503
    8     E+     S       0.001009
    9     E+     S       0.000295
   10     E+     S       0.000036
   11     E+    Px       0.000053
   12     E+    Py       0.000000
   13     E+    Pz       0.000000
   14     E+    Px       0.000490
   15     E+    Py       0.000000
   16     E+    Pz       0.000000
   17     E+    Px       0.000298
   18     E+    Py       0.000000
   19     E+    Pz       0.000000
   20     E+    Px       0.000017
   21     E+    Py       0.000000
   22     E+    Pz       0.000000
   23     E+   Dxx       0.000003
   24     E+   Dxy       0.000000
   25     E+   Dxz       0.000000
   26     E+   Dyy       0.000010
   27     E+   Dyz       0.000000
   28     E+   Dzz       0.000010
   29     E+   Dxx       0.000139
   30     E+   Dxy       0.000000
   31     E+   Dxz       0.000000
   32     E+   Dyy       0.000100
   33     E+   Dyz       0.000000
   34     E+   Dzz       0.000100
   35     E+     S       0.002434
   36     E+     S       0.009159
   37     E+     S       0.018700
   38     E+     S       0.014306
   39     E+     S       0.009977
   40     E+     S       0.005850
   41     E+     S       0.001072
   42     E+     S       0.000002
   43     E+     S       0.000006
   44     E+     S       0.000001
   45     E+    Px       0.000672
   46     E+    Py       0.000000
   47     E+    Pz       0.000000
   48     E+    Px       0.008168
   49     E+    Py       0.000000
   50     E+    Pz       0.000000
   51     E+    Px       0.021235
   52     E+    Py       0.000000
   53     E+    Pz       0.000000
   54     E+    Px       0.011263
   55     E+    Py       0.000000
   56     E+    Pz       0.000000
   57     E+   Dxx       0.000045
   58     E+   Dxy       0.000000
   59     E+   Dxz       0.000000
   60     E+   Dyy       0.000007
   61     E+   Dyz       0.000000
   62     E+   Dzz       0.000007
   63     E+   Dxx       0.004672
   64     E+   Dxy       0.000000
   65     E+   Dxz       0.000000
   66     E+   Dyy       0.000021
   67     E+   Dyz       0.000000
   68     E+   Dzz       0.000021
 
                           __________
              Total =        1.000000
 
  Atomic LOWDIN Population: for POSITRON  
            BE               0.892381
            BE               0.107619
 
 ...end of LOWDIN Population
 
 
 END POPULATION ANALYSES 
 
 
  EXPECTED POSITIONS OF QUANTUM SPECIES:
 ======================
 
 POSITIONS IN ANGSTROMS
 ------
 
                        <x>      <y>      <z>         
                 E-  74.9315   0.0000  -0.0000
           POSITRON   0.9194  -0.0000   0.0000
 
 END EXPECTED POSITIONS
 
 
  ELECTROSTATIC MOMENTS:
 ======================
 
 DIPOLE: (DEBYE)
 ------
 
                           <Dx>         <Dy>         <Dz>          |D|
                 E--359.91125336  -0.00000000   0.00000000
           POSITRON   4.41606655  -0.00000000   0.00000000
    Point charges:  359.91125336   0.00000000   0.00000000
                     ____________________________
      Total Dipole:   4.41606655  -0.00000000   0.00000000   4.41606655
 
 QUADRUPOLE NON-TRACELESS: (DEBYE ANGS)
 ------
 
                           <xx>         <yy>         <zz>         <xy>         <xz>         <yz>
                 E-   -0.00000000   -0.00000000   -0.00000000   -0.00000000   -0.00000000   -0.00000000
           POSITRON    0.00000000    0.00000000    0.00000000    0.00000000    0.00000000    0.00000000
    Point charges:  6742.17161545    0.00000000    0.00000000    0.00000000    0.00000000    0.00000000
  Total Quadrupole: 6742.17161545    0.00000000    0.00000000    0.00000000    0.00000000    0.00000000
                     ____________________________
 
 END ELECTROSTATIC MOMENTS
 

  TOTAL CPU Time:      0.034 (s)
 TOTAL Wall Time:      0.312 (s)
  Elapsed Time:   0h  0m  0s 313ms
LOWDIN execution terminated normally at : Thu Oct 17 19:54:39 2024
-rw-rw-r-- 1 pmorenor pmorenor 704K oct 17 19:54 0E-.ints
-rw-rw-r-- 1 pmorenor pmorenor 2.1M oct 17 19:54 0E-.POSITRON.ints
-rw-rw-r-- 1 pmorenor pmorenor 2.1M oct 17 19:54 0POSITRON.ints
-rw-rw-r-- 1 pmorenor pmorenor 704K oct 17 19:54 1E-.ints
-rw-rw-r-- 1 pmorenor pmorenor 2.1M oct 17 19:54 1E-.POSITRON.ints
-rw-rw-r-- 1 pmorenor pmorenor 2.1M oct 17 19:54 1POSITRON.ints
-rw-rw-r-- 1 pmorenor pmorenor 704K oct 17 19:54 2E-.ints
-rw-rw-r-- 1 pmorenor pmorenor 2.1M oct 17 19:54 2E-.POSITRON.ints
-rw-rw-r-- 1 pmorenor pmorenor 2.1M oct 17 19:54 2POSITRON.ints
-rw-rw-r-- 1 pmorenor pmorenor 704K oct 17 19:54 3E-.ints
-rw-rw-r-- 1 pmorenor pmorenor 2.1M oct 17 19:54 3E-.POSITRON.ints
-rw-rw-r-- 1 pmorenor pmorenor 2.1M oct 17 19:54 3POSITRON.ints
-rw-rw-r-- 1 pmorenor pmorenor   12 oct 17 19:54 E-.POSITRON.nints
-rw-rw-r-- 1 pmorenor pmorenor   65 oct 17 19:54 gepol.inp
-rw-rw-r-- 1 pmorenor pmorenor   91 oct 17 19:54 gepol.xyzr
-rw-rw-r-- 1 pmorenor pmorenor 9.5K oct 17 19:54 lowdin.bas
-rw-rw-r-- 1 pmorenor pmorenor  15K oct 17 19:54 lowdin.dat
-rw-rw-r-- 1 pmorenor pmorenor 691K oct 17 19:54 lowdin.opints
-rw-rw-r-- 1 pmorenor pmorenor  26K oct 17 19:54 lowdin.sys
-rw-rw-r-- 1 pmorenor pmorenor 531K oct 17 19:54 lowdin.wfn
-rw-rw-r-- 1 pmorenor pmorenor  499 oct 17 19:54 usual_168
-rw-rw-r-- 1 pmorenor pmorenor 1.8K oct 17 19:54 usual_168.aux
-rw-rw-r-- 1 pmorenor pmorenor  504 oct 17 19:54 usual_168.lowdin
-rw-rw-r-- 1 pmorenor pmorenor  46K oct 17 19:54 usual_168.out
-rw-rw-r-- 1 pmorenor pmorenor  54K oct 17 19:54 usual_168.vec
