Begin job by input: usual_233.lowdin, for user: pmorenor  at  jue 17 oct 2024 19:55:37 -05
under operating system Linux Hefesto 5.4.0-196-generic #216-Ubuntu SMP Thu Aug 29 13:26:53 UTC 2024 x86_64 x86_64 x86_64 GNU/Linux
Compilation information
  commit: f2cffef7078af1231fe3319081e66b682883a80b
  compilation date:  mar 06 feb 2024 16:53:31 -05

BEGIN INPUT INFO:
------------------------------------

GEOMETRY
	Be	Dirac	0.0 0.0 0.0
	e-(Be)	6-311++G.d.p 0.0 0.0 0.0
	E+	GRIBAKIN-10S4P2D 0.0 0.0 0.0
	Be	Dirac	48.4 0.0 0.0
	e-(Be)	6-311++G.d.p	48.4 0.0 0.0
	E+	GRIBAKIN-10S4P2D 48.4 0.0 0.0 addParticles=-1 
END GEOMETRY

TASKS
        method = "RHF"
END TASKS

EXTERPOTENTIAL
	E- GRIBAKIN0
	E+ VPC233
END EXTERPOTENTIAL

CONTROL
	units="BOHRS"
	readCoefficients=F
	convergenceMethod=1
	overlapEigenThreshold=1E-6
	SCFGhostSpecies="POSITRON"
	HFprintEigenvalues=T
	totalEnergyTolerance = 1E-9
END CONTROL


... END INPUT INFO


 LOWDIN execution started at : Thu Oct 17 19:55:37 2024
 ---------------------------------------------------------------
 
 ***************************************************************
 *                   LOWDIN 2.0  (May/2013)                    *
 *                                                             *
 *  R. FLORES-MORENO, E. F. POSADA, F. S. MONCADA, J.ROMERO,   *
 *  J. CHARRY, M. DIAZ-TINOCO, S. A. GONZALEZ, N. F. AGUIRRE,  *
 *  A. REYES                                                   *
 *                                                             *
 *  https://sites.google.com/site/lowdinproject/               *
 *                                                             *
 ***************************************************************
 
 PARSING INPUT... DONE!
 
 LOWDIN IS RUNNING WITH NEXT PARAMETERS: 
 ----------------------------------------
 
         METHOD TYPE:  RHF
         NUMBER OF CORES:     4
         NONELECTRONIC DENSITY GUESS: HCORE
         ELECTRONIC DENSITY GUESS: HCORE
         CRITERIUM OF CONVERGENCE: ENERGY
         NONELECTRONIC ENERGY TOLERANCE IN SCFs:     0.10000E-07
         ELECTRONIC ENERGY TOLERANCE IN SCFs:     0.10000E-07
         TOTAL ENERGY TOLERANCE IN SCFs:     0.10000E-08
         SCHEME OF ITERATION: GLOBAL ITERATIONS
         SCF MAX. SUBITERATIONS - NONELECTRONS :     1
         SCF MAX. SUBITERATIONS - ELECTRONS :     1
         SCF MAX. ITERATIONS - INTERSPECIES :   200
         INTEGRAL STORAGE: DISK
         STACK SIZE FOR ERIS : 30000
         METHOD OF SCF CONVERGENCE: DAMPING
 
  MOLECULAR SYSTEM: usual_233
 -----------------
 
    DESCRIPTION   : usual_233
    CHARGE        :   2
    PUNTUAL GROUP : NONE
 
 
  INFORMATION OF PARTICLES :
 =========================
         Total number of particles   =      11
         Number of quantum particles =       9
         Number of puntual charges   =       2
         Number of quantum species   =       2
 
                 INFORMATION OF QUANTUM SPECIES 
     ---------------------------------------------------------------------
         ID      Symbol            mass     charge     spin     multiplicity
     ---------------------------------------------------------------------
         1             E-         1.0000     -1.00      0.50      1.00
         2             E+         1.0000      1.00      0.50      1.00
 
                   CONSTANTS OF COUPLING 
      ------------------------------------------------------------
           Symbol          kappa      eta     lambda     occupation
      ------------------------------------------------------------
                 E-        -1.0      2.00      2.00      4.00
                 E+        -1.0      1.00      1.00      1.00
 
                   BASIS SET FOR SPECIES 
      ------------------------------------------------------------
           Symbol          N. Basis     N. Particles     Basis Set
      ------------------------------------------------------------
                 E-           20                8     6-311++G.D
                 E+           32                1     GRIBAKIN-1
 
                                ATOMIC BASIS
         ------------------------------------------------------------
          PRIMITIVE   SHELL             EXPONENT         COEFFICIENT 
         ------------------------------------------------------------
 
    BEGIN DESCRIPTION OF BASIS FOR:    E-
    ==============================
 
 
            BE BASIS SET:   6-311++G.D.P
             1         S             1682.80000000          0.00228574
             2         S              251.71500000          0.01759380
             3         S               57.41160000          0.08633150
             4         S               16.51710000          0.28183500
             5         S                4.85364000          0.64059400
             6         S                0.62686300          0.14446700
             1         S                8.30938000          0.10862100
             2         S                1.74075000          0.92730100
             3         S                0.48581600         -0.00297169
             1         P                8.30938000          0.03613440
             2         P                1.74075000          0.21695800
             3         P                0.48581600          0.84183900
             1         S                0.16361300          1.00000000
             1         P                0.16361300          1.00000000
             1         S                0.05672850          1.00000000
             1         P                0.05672850          1.00000000
             1         S                0.02070000          1.00000000
             1         P                0.02070000          1.00000000
             1         D                0.25500000          1.00000000
 
            BE BASIS SET:   6-311++G.D.P
             1         S             1682.80000000          0.00228574
             2         S              251.71500000          0.01759380
             3         S               57.41160000          0.08633150
             4         S               16.51710000          0.28183500
             5         S                4.85364000          0.64059400
             6         S                0.62686300          0.14446700
             1         S                8.30938000          0.10862100
             2         S                1.74075000          0.92730100
             3         S                0.48581600         -0.00297169
             1         P                8.30938000          0.03613440
             2         P                1.74075000          0.21695800
             3         P                0.48581600          0.84183900
             1         S                0.16361300          1.00000000
             1         P                0.16361300          1.00000000
             1         S                0.05672850          1.00000000
             1         P                0.05672850          1.00000000
             1         S                0.02070000          1.00000000
             1         P                0.02070000          1.00000000
             1         D                0.25500000          1.00000000
    ... END DESCRIPTION OF BASIS
 
 
    BEGIN DESCRIPTION OF BASIS FOR:    E+
    ==============================
 
 
            E+ BASIS SET:GRIBAKIN-10S4P2
             1         S                0.00010000          1.00000000
             1         S                0.00030000          1.00000000
             1         S                0.00090000          1.00000000
             1         S                0.00270000          1.00000000
             1         S                0.00810000          1.00000000
             1         S                0.02430000          1.00000000
             1         S                0.07290000          1.00000000
             1         S                0.21870000          1.00000000
             1         S                0.65610000          1.00000000
             1         S                1.96830000          1.00000000
             1         P                0.00010000          1.00000000
             1         P                0.00030000          1.00000000
             1         P                0.00090000          1.00000000
             1         P                0.00270000          1.00000000
             1         D                0.00010000          1.00000000
             1         D                0.00030000          1.00000000
 
            E+ BASIS SET:GRIBAKIN-10S4P2
             1         S                0.00010000          1.00000000
             1         S                0.00030000          1.00000000
             1         S                0.00090000          1.00000000
             1         S                0.00270000          1.00000000
             1         S                0.00810000          1.00000000
             1         S                0.02430000          1.00000000
             1         S                0.07290000          1.00000000
             1         S                0.21870000          1.00000000
             1         S                0.65610000          1.00000000
             1         S                1.96830000          1.00000000
             1         P                0.00010000          1.00000000
             1         P                0.00030000          1.00000000
             1         P                0.00090000          1.00000000
             1         P                0.00270000          1.00000000
             1         D                0.00010000          1.00000000
             1         D                0.00030000          1.00000000
    ... END DESCRIPTION OF BASIS
 
 
  END INFORMATION OF PARTICLES
 
 
  INFORMATION OF THE QUANTUM SYSTEM 
     ---------------------------------------------------------------------
                 ID     Occupied Orbitals     Basis size
     ---------------------------------------------------------------------
                 E-            4               46
                 E+            1               68
 
  END INFORMATION OF QUANTUM SYSTEM
 
 
  INFORMATION OF EXTERNAL POTENTIALS 
 
 =======
 External Potential for E- : GRIBAKIN0
 Type : 
                     Exponent         l       R_x       R_y       R_z              Factor
                 0.0010000000         0   0.00000   0.00000   0.00000        0.0000000000
 
 =======
 External Potential for E+ : VPC233
 Type : 
                     Exponent         l       R_x       R_y       R_z              Factor
                 0.0010000000         0   0.00000   0.00000   0.00000       -0.0004852612
                 0.0020000000         0   0.00000   0.00000   0.00000        0.0024441783
                 0.0040000000         0   0.00000   0.00000   0.00000       -0.0075448874
                 0.0080000000         0   0.00000   0.00000   0.00000        0.0157738437
                 0.0160000000         0   0.00000   0.00000   0.00000       -0.0371036225
                 0.0320000000         0   0.00000   0.00000   0.00000        0.0538567205
                 0.0640000000         0   0.00000   0.00000   0.00000       -0.1977562620
                 0.1280000000         0   0.00000   0.00000   0.00000        0.1521150960
                 0.2560000000         0   0.00000   0.00000   0.00000       -2.2309931100
                 0.5120000000         0   0.00000   0.00000   0.00000        7.1544406100
                 1.0000000000         0   0.00000   0.00000   0.00000      -16.4610761000
                 2.0000000000         0   0.00000   0.00000   0.00000      120.0674500000
                 3.0000000000         0   0.00000   0.00000   0.00000    -1010.4441400000
                 4.0000000000         0   0.00000   0.00000   0.00000     5912.5175500000
                 5.0000000000         0   0.00000   0.00000   0.00000   -22883.6471000000
                 6.0000000000         0   0.00000   0.00000   0.00000    58320.2479000000
                 7.0000000000         0   0.00000   0.00000   0.00000   -96733.7399000000
                 8.0000000000         0   0.00000   0.00000   0.00000   100515.5930000000
                 9.0000000000         0   0.00000   0.00000   0.00000   -59492.9273000000
                10.0000000000         0   0.00000   0.00000   0.00000    15337.5181000000
                20.0000000000         0   0.00000   0.00000   0.00000     -108.3194530000
                30.0000000000         0   0.00000   0.00000   0.00000       58.7242217000
                40.0000000000         0   0.00000   0.00000   0.00000      -33.9818623000
                50.0000000000         0   0.00000   0.00000   0.00000       10.1503518000
               100.0000000000         0   0.00000   0.00000   0.00000       -0.2039701810
                 0.0010000000         0  45.73147   0.00000   0.00000       -0.0004852612
                 0.0020000000         0  45.73147   0.00000   0.00000        0.0024441783
                 0.0040000000         0  45.73147   0.00000   0.00000       -0.0075448874
                 0.0080000000         0  45.73147   0.00000   0.00000        0.0157738437
                 0.0160000000         0  45.73147   0.00000   0.00000       -0.0371036225
                 0.0320000000         0  45.73147   0.00000   0.00000        0.0538567205
                 0.0640000000         0  45.73147   0.00000   0.00000       -0.1977562620
                 0.1280000000         0  45.73147   0.00000   0.00000        0.1521150960
                 0.2560000000         0  45.73147   0.00000   0.00000       -2.2309931100
                 0.5120000000         0  45.73147   0.00000   0.00000        7.1544406100
                 1.0000000000         0  45.73147   0.00000   0.00000      -16.4610761000
                 2.0000000000         0  45.73147   0.00000   0.00000      120.0674500000
                 3.0000000000         0  45.73147   0.00000   0.00000    -1010.4441400000
                 4.0000000000         0  45.73147   0.00000   0.00000     5912.5175500000
                 5.0000000000         0  45.73147   0.00000   0.00000   -22883.6471000000
                 6.0000000000         0  45.73147   0.00000   0.00000    58320.2479000000
                 7.0000000000         0  45.73147   0.00000   0.00000   -96733.7399000000
                 8.0000000000         0  45.73147   0.00000   0.00000   100515.5930000000
                 9.0000000000         0  45.73147   0.00000   0.00000   -59492.9273000000
                10.0000000000         0  45.73147   0.00000   0.00000    15337.5181000000
                20.0000000000         0  45.73147   0.00000   0.00000     -108.3194530000
                30.0000000000         0  45.73147   0.00000   0.00000       58.7242217000
                40.0000000000         0  45.73147   0.00000   0.00000      -33.9818623000
                50.0000000000         0  45.73147   0.00000   0.00000       10.1503518000
               100.0000000000         0  45.73147   0.00000   0.00000       -0.2039701810
 
  END INFORMATION OF EXTERNAL POTENTIALS
 
                       INITIAL GEOMETRY: AMSTRONG
                 -----------------------------------
                       <x>                 <y>                 <z>
      E-BE        0.0000000000        0.0000000000        0.0000000000
      E-BE       25.6121788632        0.0000000000        0.0000000000
        E+        0.0000000000        0.0000000000        0.0000000000
        E+       25.6121788632        0.0000000000        0.0000000000
        BE        0.0000000000        0.0000000000        0.0000000000
        BE       25.6121788632        0.0000000000        0.0000000000
 
                     MATRIX OF DISTANCE: ANGSTROM
                 -----------------------------------
                          BE(1)          BE(2)     
 
        BE(1)            0.000000      25.612179
        BE(2)           25.612179       0.000000
 
--------------------------------------------------------------------------------
** PROGRAM: SCF (Hartree Fock).     Author: S.A. Gonzalez, E. Posada, F. Moncada
--------------------------------------------------------------------------------
INFO: RUNNING IN RHF MODE.
 
----------------------------------------------------------------------
** PROGRAM INTS                          Author: E. F. Posada, 2013   
----------------------------------------------------------------------
INFO: RUNNING IN ONE_PARTICLE MODE.
 
 Number of Overlap integrals for species E-:   2116
 Number of Overlap integrals for species POSITRON:   4624
 Number of Kinetic integrals for species E-:   2116
 Number of Kinetic integrals for species POSITRON:   4624
 Number of Nuclear integrals for species E-:   2116
 Number of Nuclear integrals for species POSITRON:   4624
 Number of Moment integrals for species E-:   6348
 Number of Moment integrals for species POSITRON:  13872
 Number of 3C Overlap integrals for species E-:   2116
 Number of 3C Overlap integrals for species POSITRON:   4624
 
** TOTAL CPU Time INTS :      0.130 (s)
** TOTAL Elapsed Time INTS :      0.123 (s)
 
Removed     1 orbitals for species POSITRON with overlap eigen threshold of 1.000E-06
       Usign  HCORE density guess for species:         E-
     number of         E-     particles in guess density matrix:     8.000000
       Usign  HCORE density guess for species:   POSITRON
     number of   POSITRON     particles in guess density matrix:     0.000000
renormalized density matrix with deviation from number of particl    1.000000
 Number of unique integrals for species: 1 = 33216
 Number of unique integrals for species: 2 = 278862
 Number of unique integrals for species: 1 / 2 = 315826 Screened: 29418
 
 TWO-BODY INTEGRAL SETUP: 
------------------------- 
 Storage:   DISK
 Scheme: LIBINT
 Stack size:  30000
 
 LIBINT library, Fermann, J. T.; Valeev, F. L. 2010                   
 LOWDIN-LIBINT Implementation V. 2.1  Posada E. F. ; Reyes A. 2016   
 ----------------------------------------------------------------------

*** TOTAL CPU time intra-species integrals :      0.105 (s)
*** TOTAL elapsed time intra-species integrals :      0.032 (s)


*** TOTAL CPU time inter-species integrals :      0.199 (s)
*** TOTAL elapsed time inter-species integrals :      0.054 (s)

INFO: RUNNING SCHEME SIMULTANEOUS
 
 Begin Multi-Species SCF calculation:
 
 --------------------------------------------------------------------------------------------------
      Iteration                   Energy            Energy Change           Density Change
 --------------------------------------------------------------------------------------------------
              1         -27.548966835229          27.548966835229        2019.032581099841
              2         -29.115366549909           1.566399714679           0.034623619246
              3         -29.146391489617           0.031024939708           0.007868482410
              4         -29.146995974057           0.000604484440           0.002064077745
              5         -29.146999862093           0.000003888036           0.000509564642
              6         -29.146996769504          -0.000003092589           0.000116395929
              7         -29.146996323009          -0.000000446496           0.000023850346
              8         -29.146996386317           0.000000063308           0.000004000616
              9         -29.146996461348           0.000000075031           0.000002187579
             10         -29.146996499404           0.000000038057           0.000001045310
             11         -29.146996515244           0.000000015839           0.000000465246
             12         -29.146996521296           0.000000006053           0.000000199155
             13         -29.146996523507           0.000000002211           0.000000083239
             14         -29.146996524295           0.000000000787           0.000000034131
 Total energy converged after  14 global iterations                                                  
 
 ...end Multi-Species SCF calculation
 
 
 Begin SCF calculation by: E-
 -------------------------
 
 -----------------------------------------------------------------------------------
 Iteration                   Energy           Density Change         DIIS Error 
 -----------------------------------------------------------------------------------
    1         -29.352295445161           0.020052912264                 -- 
    2         -29.453142606936           0.003557269039                 -- 
    3         -29.470330048604           0.000809396227                 -- 
    4         -29.473651938167           0.000201186068                 -- 
    5         -29.474310542739           0.000052063288                 -- 
    6         -29.474440730337           0.000013857022                 -- 
    7         -29.474465558611           0.000003795263                 -- 
    8         -29.474469834411           0.000001073837                 -- 
    9         -29.474470372394           0.000000314851                 -- 
   10         -29.474470350573           0.000000095713                 -- 
   11         -29.474470296987           0.000000030100                 -- 
   12         -29.474470268350           0.000000009753                 -- 
   13         -29.474470256279           0.000000003240                 -- 
 
 ... end SCF calculation
 
 Begin SCF calculation by: POSITRON
 -------------------------
 
 -----------------------------------------------------------------------------------
 Iteration                   Energy           Density Change         DIIS Error 
 -----------------------------------------------------------------------------------
    1          -0.038635279994           0.014570706981                 -- 
    2          -0.032966207105           0.004311213371                 -- 
    3          -0.031951416393           0.001254681518                 -- 
    4          -0.031756440261           0.000308378574                 -- 
    5          -0.031721815413           0.000064332641                 -- 
    6          -0.031717033011           0.000009993324                 -- 
    7          -0.031716972627           0.000000205353                 -- 
    8          -0.031717305133           0.000001113742                 -- 
    9          -0.031717497786           0.000000730460                 -- 
   10          -0.031717581091           0.000000369534                 -- 
   11          -0.031717613322           0.000000169055                 -- 
   12          -0.031717625110           0.000000073487                 -- 
   13          -0.031717629282           0.000000030891                 -- 
 
 ... end SCF calculation
 
  EIGENVALUES AND EIGENVECTORS: 
 ==============================
 
 
  Eigenvalues for: E-
 -----------------
 
    1          -4.732348739084
    2          -4.732348739084
    3          -0.309258221821
    4          -0.309258221821
    5           0.029565783192
    6           0.029565784067
    7           0.029565784067
    8           0.029565784105
    9           0.029565784105
   10           0.029565784976
   11           0.051096234882
   12           0.051096235054
   13           0.098028632457
   14           0.098028634048
   15           0.098028634048
   16           0.098028634118
   17           0.098028634118
   18           0.098028635706
   19           0.321204931321
   20           0.321204931437
   21           0.345804685815
   22           0.345804686670
   23           0.345804686670
   24           0.345804686707
   25           0.345804686707
   26           0.345804687560
   27           0.692850857244
   28           0.692850857244
   29           0.692850857244
   30           0.692850857244
   31           0.692850857244
   32           0.692850857244
   33           0.692850857244
   34           0.692850857244
   35           0.692850857244
   36           0.692850857244
   37           1.198792707211
   38           1.198792707576
   39           1.198792707576
   40           1.198792707592
   41           1.198792707592
   42           1.198792707957
   43           1.414741301004
   44           1.414741301037
   45          10.066564141205
   46          10.066564141220
 
 
  Eigenvalues for: POSITRON
 -----------------
 
    1          -0.003104787615
    2          -0.001288950608
    3           0.000086881267
    4           0.000135447730
    5           0.000206655291
    6           0.000206655291
    7           0.000258566302
    8           0.000279707040
    9           0.000279707040
   10           0.000324235440
   11           0.000324235440
   12           0.000374411077
   13           0.000407056882
   14           0.000425675366
   15           0.000425675366
   16           0.000435948733
   17           0.000435948733
   18           0.000438123908
   19           0.000563575528
   20           0.000563575528
   21           0.000592553843
   22           0.000880214121
   23           0.000880214121
   24           0.000976841604
   25           0.001036326702
   26           0.001124322220
   27           0.001124322220
   28           0.001155392140
   29           0.001217380841
   30           0.001217380841
   31           0.001240339776
   32           0.001477930784
   33           0.001477930784
   34           0.001482820386
   35           0.001482820386
   36           0.001772107264
   37           0.001772107264
   38           0.001819763983
   39           0.002101622844
   40           0.002228904245
   41           0.002415003227
   42           0.002906751122
   43           0.002906751122
   44           0.003548224750
   45           0.003548224750
   46           0.003551738968
   47           0.004507551928
   48           0.005145503966
   49           0.005598270486
   50           0.009201766675
   51           0.009272297627
   52           0.009272297627
   53           0.009456986032
   54           0.009456986032
   55           0.010494727549
   56           0.014872180211
   57           0.017405209282
   58           0.051241370883
   59           0.058011257857
   60           0.193152599867
   61           0.226016694258
   62           0.855545225269
   63           0.866868764148
   64           2.859711701074
   65           2.941209231909
   66          10.628850971829
   67          10.802375484668
   68     1000000.000000000000
 
  end of eigenvalues 
 
  Occupied Eigenvectors for: E-
 --------------------------- 
 
                          -4.7323        -4.7323        -0.3093        -0.3093   
 
    1     BE     S      -0.594021      -0.051853      -0.070079       0.084250
    2     BE     S      -0.444752      -0.038823      -0.118749       0.142762
    3     BE    Px       0.000000       0.000000       0.000000      -0.000000
    4     BE    Py      -0.000000      -0.000000      -0.000000      -0.000000
    5     BE    Pz       0.000000       0.000000      -0.000000       0.000000
    6     BE     S       0.004871       0.000425       0.373459      -0.448980
    7     BE    Px      -0.000000      -0.000000       0.000000      -0.000000
    8     BE    Py       0.000000      -0.000000       0.000000      -0.000000
    9     BE    Pz       0.000000      -0.000000       0.000000      -0.000000
   10     BE     S      -0.001420      -0.000124       0.319828      -0.384503
   11     BE    Px       0.000000       0.000000      -0.000000       0.000000
   12     BE    Py      -0.000000       0.000000       0.000000       0.000000
   13     BE    Pz      -0.000000       0.000000      -0.000000       0.000000
   14     BE     S       0.000427       0.000037       0.014288      -0.017178
   15     BE    Px      -0.000000      -0.000000      -0.000000       0.000000
   16     BE    Py       0.000000      -0.000000      -0.000000      -0.000000
   17     BE    Pz       0.000000      -0.000000       0.000000      -0.000000
   18     BE   Dxx      -0.000668      -0.000058      -0.001134       0.001363
   19     BE   Dxy       0.000000       0.000000      -0.000000      -0.000000
   20     BE   Dxz      -0.000000       0.000000      -0.000000      -0.000000
   21     BE   Dyy      -0.000668      -0.000058      -0.001134       0.001363
   22     BE   Dyz      -0.000000      -0.000000       0.000000       0.000000
   23     BE   Dzz      -0.000668      -0.000058      -0.001134       0.001363
   24     BE     S      -0.051853       0.594021      -0.084250      -0.070079
   25     BE     S      -0.038823       0.444752      -0.142762      -0.118749
   26     BE    Px      -0.000000       0.000000      -0.000000      -0.000000
   27     BE    Py       0.000000       0.000000       0.000000      -0.000000
   28     BE    Pz       0.000000      -0.000000      -0.000000       0.000000
   29     BE     S       0.000425      -0.004871       0.448980       0.373459
   30     BE    Px       0.000000      -0.000000      -0.000000      -0.000000
   31     BE    Py      -0.000000      -0.000000      -0.000000       0.000000
   32     BE    Pz      -0.000000       0.000000       0.000000       0.000000
   33     BE     S      -0.000124       0.001420       0.384503       0.319828
   34     BE    Px      -0.000000       0.000000       0.000000       0.000000
   35     BE    Py       0.000000       0.000000       0.000000       0.000000
   36     BE    Pz      -0.000000      -0.000000      -0.000000      -0.000000
   37     BE     S       0.000037      -0.000427       0.017178       0.014288
   38     BE    Px       0.000000      -0.000000       0.000000       0.000000
   39     BE    Py      -0.000000      -0.000000      -0.000000      -0.000000
   40     BE    Pz       0.000000       0.000000       0.000000       0.000000
   41     BE   Dxx      -0.000058       0.000668      -0.001363      -0.001134
   42     BE   Dxy      -0.000000       0.000000       0.000000       0.000000
   43     BE   Dxz       0.000000       0.000000       0.000000      -0.000000
   44     BE   Dyy      -0.000058       0.000668      -0.001363      -0.001134
   45     BE   Dyz      -0.000000       0.000000       0.000000       0.000000
   46     BE   Dzz      -0.000058       0.000668      -0.001363      -0.001134
 
 
  Occupied Eigenvectors for: POSITRON
 --------------------------- 
 
                          -0.0031   
 
    1     E+     S      -0.005793
    2     E+     S       0.523718
    3     E+     S      -0.180383
    4     E+     S      -0.300426
    5     E+     S      -0.387846
    6     E+     S      -0.248105
    7     E+     S      -0.170675
    8     E+     S       0.134973
    9     E+     S       0.008357
   10     E+     S      -0.000001
   11     E+    Px       0.030565
   12     E+    Py      -0.000000
   13     E+    Pz      -0.000000
   14     E+    Px       0.226845
   15     E+    Py       0.000000
   16     E+    Pz       0.000000
   17     E+    Px      -0.006779
   18     E+    Py       0.000000
   19     E+    Pz      -0.000000
   20     E+    Px       0.000317
   21     E+    Py      -0.000000
   22     E+    Pz       0.000000
   23     E+   Dxx       0.009782
   24     E+   Dxy      -0.000000
   25     E+   Dxz      -0.000000
   26     E+   Dyy      -0.003022
   27     E+   Dyz       0.000000
   28     E+   Dzz      -0.003022
   29     E+   Dxx       0.043878
   30     E+   Dxy       0.000000
   31     E+   Dxz       0.000000
   32     E+   Dyy      -0.009812
   33     E+   Dyz      -0.000000
   34     E+   Dzz      -0.009812
   35     E+     S       0.003981
   36     E+     S      -0.482495
   37     E+     S      -0.002927
   38     E+     S      -0.016694
   39     E+     S      -0.012766
   40     E+     S      -0.013224
   41     E+     S       0.001263
   42     E+     S       0.003467
   43     E+     S      -0.000196
   44     E+     S       0.000127
   45     E+    Px      -0.035494
   46     E+    Py       0.000000
   47     E+    Pz       0.000000
   48     E+    Px       0.254801
   49     E+    Py      -0.000000
   50     E+    Pz      -0.000000
   51     E+    Px      -0.021539
   52     E+    Py       0.000000
   53     E+    Pz       0.000000
   54     E+    Px       0.017841
   55     E+    Py      -0.000000
   56     E+    Pz      -0.000000
   57     E+   Dxx       0.015216
   58     E+   Dxy      -0.000000
   59     E+   Dxz      -0.000000
   60     E+   Dyy      -0.001533
   61     E+   Dyz      -0.000000
   62     E+   Dzz      -0.001533
   63     E+   Dxx      -0.075777
   64     E+   Dxy       0.000000
   65     E+   Dxz       0.000000
   66     E+   Dyy      -0.005595
   67     E+   Dyz       0.000000
   68     E+   Dzz      -0.005595
 
 
  end of eigenvectors 
 
  END OF EIGENVALUES AND EIGENVECTORS
 
 
  COMPONENTS OF KINETIC ENERGY: 
 -----------------------------
 
                  E- Kinetic energy =           29.142628633598
            POSITRON Kinetic energy =            0.015606563421
                                     _________________________
               Total kinetic energy =           29.158235197019
 
  COMPONENTS OF POTENTIAL ENERGY: 
 -------------------------------
 
          Fixed potential energy    =            0.330578512397
 
  Quantum/Fixed interaction energy: 
 ----------------------------------
 
          E-/Fixed interact. energy =          -67.925141302536
    POSITRON/Fixed interact. energy =            0.670037626915
                                     _________________________
               Total Q/Fixed energy =          -67.255103675621
 
  Coulomb energy: 
 ------------------
 
               E-/E- Hartree energy =           14.641151873053
   POSITRON/POSITRON Hartree energy =            0.000000000000
         E-/POSITRON Hartree energy =           -0.660136136559
                                     _________________________
               Total Hartree energy =           13.981015736494
 
  Exchange(HF) energy: 
 ----------------------
 
                 E- Exchange energy =           -5.333109453193
           POSITRON Exchange energy =            0.000000000000
                                     _________________________
              Total Exchange energy =           -5.333109453193
 
  External Potential energy: 
 ----------------------------
 
                  E- Ext Pot energy =            0.000000000000
            POSITRON Ext Pot energy =           -0.028612841667
                                     _________________________
    Total External Potential energy =           -0.028612841667
 
  TOTAL ENERGY COMPONENTS: 
 ==========================
 
          TOTAL KINETIC ENERGY      =           29.158235197019
          TOTAL POTENTIAL ENERGY    =          -58.305231721590
                                     _________________________
                       TOTAL ENERGY =          -29.146996524570
 
                 VIRIAL RATIO (V/T) =            1.999614562666
 
 
  END ENERGY COMPONENTS
 
 
** TOTAL CPU Time SCF :      0.218 (s)
** TOTAL Elapsed Time SCF :      0.248 (s)
 
 We are calculating properties for E- in the HF/KS ground state
 We are calculating properties for POSITRON in the HF/KS ground state
 
  POPULATION ANALYSES: 
 ====================
 
 MULLIKEN Population: for E-        
 ---------------------
 
                                    
 
    1     BE     S       1.166391
    2     BE     S       0.823588
    3     BE    Px       0.000000
    4     BE    Py       0.000000
    5     BE    Pz      -0.000000
    6     BE     S       1.043694
    7     BE    Px       0.000000
    8     BE    Py      -0.000000
    9     BE    Pz      -0.000000
   10     BE     S       0.942124
   11     BE    Px       0.000000
   12     BE    Py       0.000000
   13     BE    Pz       0.000000
   14     BE     S       0.031424
   15     BE    Px       0.000000
   16     BE    Py       0.000000
   17     BE    Pz       0.000000
   18     BE   Dxx      -0.002407
   19     BE   Dxy       0.000000
   20     BE   Dxz       0.000000
   21     BE   Dyy      -0.002407
   22     BE   Dyz       0.000000
   23     BE   Dzz      -0.002407
   24     BE     S       1.166391
   25     BE     S       0.823588
   26     BE    Px       0.000000
   27     BE    Py      -0.000000
   28     BE    Pz       0.000000
   29     BE     S       1.043694
   30     BE    Px       0.000000
   31     BE    Py       0.000000
   32     BE    Pz       0.000000
   33     BE     S       0.942124
   34     BE    Px       0.000000
   35     BE    Py      -0.000000
   36     BE    Pz       0.000000
   37     BE     S       0.031424
   38     BE    Px       0.000000
   39     BE    Py       0.000000
   40     BE    Pz       0.000000
   41     BE   Dxx      -0.002407
   42     BE   Dxy       0.000000
   43     BE   Dxz       0.000000
   44     BE   Dyy      -0.002407
   45     BE   Dyz       0.000000
   46     BE   Dzz      -0.002407
 
                           __________
              Total =        8.000000
 
  Atomic MULLIKEN Population: for E-        
            BE               4.000000
            BE               4.000000
 
 ...end of MULLIKEN Population
 
 
 END POPULATION ANALYSES 
 
 
  POPULATION ANALYSES: 
 ====================
 
 LOWDIN Population: for E-        
 ---------------------
 
                                    
 
    1     BE     S       1.101745
    2     BE     S       0.875944
    3     BE    Px       0.000000
    4     BE    Py       0.000000
    5     BE    Pz       0.000000
    6     BE     S       0.590908
    7     BE    Px       0.000000
    8     BE    Py       0.000000
    9     BE    Pz       0.000000
   10     BE     S       0.553024
   11     BE    Px       0.000000
   12     BE    Py       0.000000
   13     BE    Pz       0.000000
   14     BE     S       0.204207
   15     BE    Px       0.000000
   16     BE    Py       0.000000
   17     BE    Pz       0.000000
   18     BE   Dxx       0.224724
   19     BE   Dxy       0.000000
   20     BE   Dxz       0.000000
   21     BE   Dyy       0.224724
   22     BE   Dyz       0.000000
   23     BE   Dzz       0.224724
   24     BE     S       1.101745
   25     BE     S       0.875944
   26     BE    Px       0.000000
   27     BE    Py       0.000000
   28     BE    Pz       0.000000
   29     BE     S       0.590908
   30     BE    Px       0.000000
   31     BE    Py       0.000000
   32     BE    Pz       0.000000
   33     BE     S       0.553024
   34     BE    Px       0.000000
   35     BE    Py       0.000000
   36     BE    Pz       0.000000
   37     BE     S       0.204207
   38     BE    Px       0.000000
   39     BE    Py       0.000000
   40     BE    Pz       0.000000
   41     BE   Dxx       0.224724
   42     BE   Dxy       0.000000
   43     BE   Dxz       0.000000
   44     BE   Dyy       0.224724
   45     BE   Dyz       0.000000
   46     BE   Dzz       0.224724
 
                           __________
              Total =        8.000000
 
  Atomic LOWDIN Population: for E-        
            BE               4.000000
            BE               4.000000
 
 ...end of LOWDIN Population
 
 
 END POPULATION ANALYSES 
 
 
  POPULATION ANALYSES: 
 ====================
 
 MULLIKEN Population: for POSITRON  
 ---------------------
 
                                    
 
    1     E+     S       0.001166
    2     E+     S      -0.205759
    3     E+     S       0.117857
    4     E+     S       0.265272
    5     E+     S       0.369615
    6     E+     S       0.200929
    7     E+     S       0.089233
    8     E+     S      -0.032009
    9     E+     S      -0.000628
   10     E+     S       0.000000
   11     E+    Px      -0.000176
   12     E+    Py       0.000000
   13     E+    Pz       0.000000
   14     E+    Px      -0.002959
   15     E+    Py      -0.000000
   16     E+    Pz      -0.000000
   17     E+    Px       0.000096
   18     E+    Py      -0.000000
   19     E+    Pz       0.000000
   20     E+    Px      -0.000001
   21     E+    Py       0.000000
   22     E+    Pz      -0.000000
   23     E+   Dxx      -0.000154
   24     E+   Dxy      -0.000000
   25     E+   Dxz       0.000000
   26     E+   Dyy       0.000039
   27     E+   Dyz      -0.000000
   28     E+   Dzz       0.000039
   29     E+   Dxx      -0.003002
   30     E+   Dxy       0.000000
   31     E+   Dxz       0.000000
   32     E+   Dyy       0.000573
   33     E+   Dyz       0.000000
   34     E+   Dzz       0.000573
   35     E+     S      -0.000653
   36     E+     S       0.108270
   37     E+     S       0.000487
   38     E+     S       0.001288
   39     E+     S       0.000638
   40     E+     S       0.000455
   41     E+     S      -0.000024
   42     E+     S      -0.000026
   43     E+     S       0.000000
   44     E+     S      -0.000000
   45     E+    Px      -0.005076
   46     E+    Py       0.000000
   47     E+    Pz      -0.000000
   48     E+    Px       0.077390
   49     E+    Py      -0.000000
   50     E+    Pz      -0.000000
   51     E+    Px      -0.006176
   52     E+    Py       0.000000
   53     E+    Pz      -0.000000
   54     E+    Px       0.001544
   55     E+    Py       0.000000
   56     E+    Pz      -0.000000
   57     E+   Dxx      -0.001308
   58     E+   Dxy      -0.000000
   59     E+   Dxz      -0.000000
   60     E+   Dyy       0.000016
   61     E+   Dyz       0.000000
   62     E+   Dzz       0.000016
   63     E+   Dxx       0.022061
   64     E+   Dxy       0.000000
   65     E+   Dxz       0.000000
   66     E+   Dyy       0.000196
   67     E+   Dyz      -0.000000
   68     E+   Dzz       0.000196
 
                           __________
              Total =        1.000000
 
  Atomic MULLIKEN Population: for POSITRON  
            BE               0.800703
            BE               0.199297
 
 ...end of MULLIKEN Population
 
 
 END POPULATION ANALYSES 
 
 
  POPULATION ANALYSES: 
 ====================
 
 LOWDIN Population: for POSITRON  
 ---------------------
 
                                    
 
    1     E+     S       0.002450
    2     E+     S       0.014338
    3     E+     S       0.087514
    4     E+     S       0.249579
    5     E+     S       0.326563
    6     E+     S       0.214923
    7     E+     S       0.063587
    8     E+     S       0.001080
    9     E+     S       0.000313
   10     E+     S       0.000038
   11     E+    Px       0.000016
   12     E+    Py       0.000000
   13     E+    Pz       0.000000
   14     E+    Px       0.000026
   15     E+    Py       0.000000
   16     E+    Pz       0.000000
   17     E+    Px       0.000006
   18     E+    Py       0.000000
   19     E+    Pz       0.000000
   20     E+    Px       0.000012
   21     E+    Py       0.000000
   22     E+    Pz       0.000000
   23     E+   Dxx       0.000004
   24     E+   Dxy       0.000000
   25     E+   Dxz       0.000000
   26     E+   Dyy       0.000015
   27     E+   Dyz       0.000000
   28     E+   Dzz       0.000015
   29     E+   Dxx       0.000001
   30     E+   Dxy       0.000000
   31     E+   Dxz       0.000000
   32     E+   Dyy       0.000114
   33     E+   Dyz       0.000000
   34     E+   Dzz       0.000114
   35     E+     S       0.001643
   36     E+     S       0.004286
   37     E+     S       0.002456
   38     E+     S       0.000546
   39     E+     S       0.000497
   40     E+     S       0.000295
   41     E+     S       0.000039
   42     E+     S       0.000000
   43     E+     S       0.000000
   44     E+     S       0.000000
   45     E+    Px       0.001353
   46     E+    Py       0.000000
   47     E+    Pz       0.000000
   48     E+    Px       0.009617
   49     E+    Py       0.000000
   50     E+    Pz       0.000000
   51     E+    Px       0.008570
   52     E+    Py       0.000000
   53     E+    Pz       0.000000
   54     E+    Px       0.000494
   55     E+    Py       0.000000
   56     E+    Pz       0.000000
   57     E+   Dxx       0.000255
   58     E+   Dxy       0.000000
   59     E+   Dxz       0.000000
   60     E+   Dyy       0.000005
   61     E+   Dyz       0.000000
   62     E+   Dzz       0.000005
   63     E+   Dxx       0.009196
   64     E+   Dxy       0.000000
   65     E+   Dxz       0.000000
   66     E+   Dyy       0.000017
   67     E+   Dyz       0.000000
   68     E+   Dzz       0.000017
 
                           __________
              Total =        1.000000
 
  Atomic LOWDIN Population: for POSITRON  
            BE               0.960706
            BE               0.039294
 
 ...end of LOWDIN Population
 
 
 END POPULATION ANALYSES 
 
 
  EXPECTED POSITIONS OF QUANTUM SPECIES:
 ======================
 
 POSITIONS IN ANGSTROMS
 ------
 
                        <x>      <y>      <z>         
                 E- 102.4487   0.0000   0.0000
           POSITRON   0.0939   0.0000   0.0000
 
 END EXPECTED POSITIONS
 
 
  ELECTROSTATIC MOMENTS:
 ======================
 
 DIPOLE: (DEBYE)
 ------
 
                           <Dx>         <Dy>         <Dz>          |D|
                 E--492.08205261  -0.00000000  -0.00000000
           POSITRON   0.45109285   0.00000000   0.00000000
    Point charges:  492.08205261   0.00000000   0.00000000
                     ____________________________
      Total Dipole:   0.45109285   0.00000000   0.00000000   0.45109285
 
 QUADRUPOLE NON-TRACELESS: (DEBYE ANGS)
 ------
 
                           <xx>         <yy>         <zz>         <xy>         <xz>         <yz>
                 E-   -0.00000000   -0.00000000   -0.00000000   -0.00000000   -0.00000000   -0.00000000
           POSITRON    0.00000000    0.00000000    0.00000000    0.00000000    0.00000000    0.00000000
    Point charges: 12603.29210914    0.00000000    0.00000000    0.00000000    0.00000000    0.00000000
  Total Quadrupole:12603.29210914    0.00000000    0.00000000    0.00000000    0.00000000    0.00000000
                     ____________________________
 
 END ELECTROSTATIC MOMENTS
 

  TOTAL CPU Time:      0.033 (s)
 TOTAL Wall Time:      0.295 (s)
  Elapsed Time:   0h  0m  0s 296ms
LOWDIN execution terminated normally at : Thu Oct 17 19:55:37 2024
-rw-rw-r-- 1 pmorenor pmorenor 704K oct 17 19:55 0E-.ints
-rw-rw-r-- 1 pmorenor pmorenor 2.1M oct 17 19:55 0E-.POSITRON.ints
-rw-rw-r-- 1 pmorenor pmorenor 2.1M oct 17 19:55 0POSITRON.ints
-rw-rw-r-- 1 pmorenor pmorenor 704K oct 17 19:55 1E-.ints
-rw-rw-r-- 1 pmorenor pmorenor 2.1M oct 17 19:55 1E-.POSITRON.ints
-rw-rw-r-- 1 pmorenor pmorenor 2.1M oct 17 19:55 1POSITRON.ints
-rw-rw-r-- 1 pmorenor pmorenor 704K oct 17 19:55 2E-.ints
-rw-rw-r-- 1 pmorenor pmorenor 2.1M oct 17 19:55 2E-.POSITRON.ints
-rw-rw-r-- 1 pmorenor pmorenor 2.1M oct 17 19:55 2POSITRON.ints
-rw-rw-r-- 1 pmorenor pmorenor 704K oct 17 19:55 3E-.ints
-rw-rw-r-- 1 pmorenor pmorenor 2.1M oct 17 19:55 3E-.POSITRON.ints
-rw-rw-r-- 1 pmorenor pmorenor 2.1M oct 17 19:55 3POSITRON.ints
-rw-rw-r-- 1 pmorenor pmorenor   12 oct 17 19:55 E-.POSITRON.nints
-rw-rw-r-- 1 pmorenor pmorenor   65 oct 17 19:55 gepol.inp
-rw-rw-r-- 1 pmorenor pmorenor   91 oct 17 19:55 gepol.xyzr
-rw-rw-r-- 1 pmorenor pmorenor 9.5K oct 17 19:55 lowdin.bas
-rw-rw-r-- 1 pmorenor pmorenor  15K oct 17 19:55 lowdin.dat
-rw-rw-r-- 1 pmorenor pmorenor 691K oct 17 19:55 lowdin.opints
-rw-rw-r-- 1 pmorenor pmorenor  26K oct 17 19:55 lowdin.sys
-rw-rw-r-- 1 pmorenor pmorenor 531K oct 17 19:55 lowdin.wfn
-rw-rw-r-- 1 pmorenor pmorenor  499 oct 17 19:55 usual_233
-rw-rw-r-- 1 pmorenor pmorenor 1.8K oct 17 19:55 usual_233.aux
-rw-rw-r-- 1 pmorenor pmorenor  504 oct 17 19:55 usual_233.lowdin
-rw-rw-r-- 1 pmorenor pmorenor  46K oct 17 19:55 usual_233.out
-rw-rw-r-- 1 pmorenor pmorenor  54K oct 17 19:55 usual_233.vec
