Begin job by input: usual_68.lowdin, for user: pmorenor  at  jue 17 oct 2024 19:53:06 -05
under operating system Linux Hefesto 5.4.0-196-generic #216-Ubuntu SMP Thu Aug 29 13:26:53 UTC 2024 x86_64 x86_64 x86_64 GNU/Linux
Compilation information
  commit: f2cffef7078af1231fe3319081e66b682883a80b
  compilation date:  mar 06 feb 2024 16:53:31 -05

BEGIN INPUT INFO:
------------------------------------

GEOMETRY
	Be	Dirac	0.0 0.0 0.0
	e-(Be)	6-311++G.d.p 0.0 0.0 0.0
	E+	GRIBAKIN-10S4P2D 0.0 0.0 0.0
	Be	Dirac	15.4 0.0 0.0
	e-(Be)	6-311++G.d.p	15.4 0.0 0.0
	E+	GRIBAKIN-10S4P2D 15.4 0.0 0.0 addParticles=-1 
END GEOMETRY

TASKS
        method = "RHF"
END TASKS

EXTERPOTENTIAL
	E- GRIBAKIN0
	E+ VPC68
END EXTERPOTENTIAL

CONTROL
	units="BOHRS"
	readCoefficients=F
	convergenceMethod=1
	overlapEigenThreshold=1E-6
	SCFGhostSpecies="POSITRON"
	HFprintEigenvalues=T
	totalEnergyTolerance = 1E-9
END CONTROL


... END INPUT INFO


 LOWDIN execution started at : Thu Oct 17 19:53:06 2024
 ---------------------------------------------------------------
 
 ***************************************************************
 *                   LOWDIN 2.0  (May/2013)                    *
 *                                                             *
 *  R. FLORES-MORENO, E. F. POSADA, F. S. MONCADA, J.ROMERO,   *
 *  J. CHARRY, M. DIAZ-TINOCO, S. A. GONZALEZ, N. F. AGUIRRE,  *
 *  A. REYES                                                   *
 *                                                             *
 *  https://sites.google.com/site/lowdinproject/               *
 *                                                             *
 ***************************************************************
 
 PARSING INPUT... DONE!
 
 LOWDIN IS RUNNING WITH NEXT PARAMETERS: 
 ----------------------------------------
 
         METHOD TYPE:  RHF
         NUMBER OF CORES:     4
         NONELECTRONIC DENSITY GUESS: HCORE
         ELECTRONIC DENSITY GUESS: HCORE
         CRITERIUM OF CONVERGENCE: ENERGY
         NONELECTRONIC ENERGY TOLERANCE IN SCFs:     0.10000E-07
         ELECTRONIC ENERGY TOLERANCE IN SCFs:     0.10000E-07
         TOTAL ENERGY TOLERANCE IN SCFs:     0.10000E-08
         SCHEME OF ITERATION: GLOBAL ITERATIONS
         SCF MAX. SUBITERATIONS - NONELECTRONS :     1
         SCF MAX. SUBITERATIONS - ELECTRONS :     1
         SCF MAX. ITERATIONS - INTERSPECIES :   200
         INTEGRAL STORAGE: DISK
         STACK SIZE FOR ERIS : 30000
         METHOD OF SCF CONVERGENCE: DAMPING
 
  MOLECULAR SYSTEM: usual_68
 -----------------
 
    DESCRIPTION   : usual_68
    CHARGE        :   2
    PUNTUAL GROUP : NONE
 
 
  INFORMATION OF PARTICLES :
 =========================
         Total number of particles   =      11
         Number of quantum particles =       9
         Number of puntual charges   =       2
         Number of quantum species   =       2
 
                 INFORMATION OF QUANTUM SPECIES 
     ---------------------------------------------------------------------
         ID      Symbol            mass     charge     spin     multiplicity
     ---------------------------------------------------------------------
         1             E-         1.0000     -1.00      0.50      1.00
         2             E+         1.0000      1.00      0.50      1.00
 
                   CONSTANTS OF COUPLING 
      ------------------------------------------------------------
           Symbol          kappa      eta     lambda     occupation
      ------------------------------------------------------------
                 E-        -1.0      2.00      2.00      4.00
                 E+        -1.0      1.00      1.00      1.00
 
                   BASIS SET FOR SPECIES 
      ------------------------------------------------------------
           Symbol          N. Basis     N. Particles     Basis Set
      ------------------------------------------------------------
                 E-           20                8     6-311++G.D
                 E+           32                1     GRIBAKIN-1
 
                                ATOMIC BASIS
         ------------------------------------------------------------
          PRIMITIVE   SHELL             EXPONENT         COEFFICIENT 
         ------------------------------------------------------------
 
    BEGIN DESCRIPTION OF BASIS FOR:    E-
    ==============================
 
 
            BE BASIS SET:   6-311++G.D.P
             1         S             1682.80000000          0.00228574
             2         S              251.71500000          0.01759380
             3         S               57.41160000          0.08633150
             4         S               16.51710000          0.28183500
             5         S                4.85364000          0.64059400
             6         S                0.62686300          0.14446700
             1         S                8.30938000          0.10862100
             2         S                1.74075000          0.92730100
             3         S                0.48581600         -0.00297169
             1         P                8.30938000          0.03613440
             2         P                1.74075000          0.21695800
             3         P                0.48581600          0.84183900
             1         S                0.16361300          1.00000000
             1         P                0.16361300          1.00000000
             1         S                0.05672850          1.00000000
             1         P                0.05672850          1.00000000
             1         S                0.02070000          1.00000000
             1         P                0.02070000          1.00000000
             1         D                0.25500000          1.00000000
 
            BE BASIS SET:   6-311++G.D.P
             1         S             1682.80000000          0.00228574
             2         S              251.71500000          0.01759380
             3         S               57.41160000          0.08633150
             4         S               16.51710000          0.28183500
             5         S                4.85364000          0.64059400
             6         S                0.62686300          0.14446700
             1         S                8.30938000          0.10862100
             2         S                1.74075000          0.92730100
             3         S                0.48581600         -0.00297169
             1         P                8.30938000          0.03613440
             2         P                1.74075000          0.21695800
             3         P                0.48581600          0.84183900
             1         S                0.16361300          1.00000000
             1         P                0.16361300          1.00000000
             1         S                0.05672850          1.00000000
             1         P                0.05672850          1.00000000
             1         S                0.02070000          1.00000000
             1         P                0.02070000          1.00000000
             1         D                0.25500000          1.00000000
    ... END DESCRIPTION OF BASIS
 
 
    BEGIN DESCRIPTION OF BASIS FOR:    E+
    ==============================
 
 
            E+ BASIS SET:GRIBAKIN-10S4P2
             1         S                0.00010000          1.00000000
             1         S                0.00030000          1.00000000
             1         S                0.00090000          1.00000000
             1         S                0.00270000          1.00000000
             1         S                0.00810000          1.00000000
             1         S                0.02430000          1.00000000
             1         S                0.07290000          1.00000000
             1         S                0.21870000          1.00000000
             1         S                0.65610000          1.00000000
             1         S                1.96830000          1.00000000
             1         P                0.00010000          1.00000000
             1         P                0.00030000          1.00000000
             1         P                0.00090000          1.00000000
             1         P                0.00270000          1.00000000
             1         D                0.00010000          1.00000000
             1         D                0.00030000          1.00000000
 
            E+ BASIS SET:GRIBAKIN-10S4P2
             1         S                0.00010000          1.00000000
             1         S                0.00030000          1.00000000
             1         S                0.00090000          1.00000000
             1         S                0.00270000          1.00000000
             1         S                0.00810000          1.00000000
             1         S                0.02430000          1.00000000
             1         S                0.07290000          1.00000000
             1         S                0.21870000          1.00000000
             1         S                0.65610000          1.00000000
             1         S                1.96830000          1.00000000
             1         P                0.00010000          1.00000000
             1         P                0.00030000          1.00000000
             1         P                0.00090000          1.00000000
             1         P                0.00270000          1.00000000
             1         D                0.00010000          1.00000000
             1         D                0.00030000          1.00000000
    ... END DESCRIPTION OF BASIS
 
 
  END INFORMATION OF PARTICLES
 
 
  INFORMATION OF THE QUANTUM SYSTEM 
     ---------------------------------------------------------------------
                 ID     Occupied Orbitals     Basis size
     ---------------------------------------------------------------------
                 E-            4               46
                 E+            1               68
 
  END INFORMATION OF QUANTUM SYSTEM
 
 
  INFORMATION OF EXTERNAL POTENTIALS 
 
 =======
 External Potential for E- : GRIBAKIN0
 Type : 
                     Exponent         l       R_x       R_y       R_z              Factor
                 0.0010000000         0   0.00000   0.00000   0.00000        0.0000000000
 
 =======
 External Potential for E+ : VPC68
 Type : 
                     Exponent         l       R_x       R_y       R_z              Factor
                 0.0010000000         0   0.00000   0.00000   0.00000       -0.0004852612
                 0.0020000000         0   0.00000   0.00000   0.00000        0.0024441783
                 0.0040000000         0   0.00000   0.00000   0.00000       -0.0075448874
                 0.0080000000         0   0.00000   0.00000   0.00000        0.0157738437
                 0.0160000000         0   0.00000   0.00000   0.00000       -0.0371036225
                 0.0320000000         0   0.00000   0.00000   0.00000        0.0538567205
                 0.0640000000         0   0.00000   0.00000   0.00000       -0.1977562620
                 0.1280000000         0   0.00000   0.00000   0.00000        0.1521150960
                 0.2560000000         0   0.00000   0.00000   0.00000       -2.2309931100
                 0.5120000000         0   0.00000   0.00000   0.00000        7.1544406100
                 1.0000000000         0   0.00000   0.00000   0.00000      -16.4610761000
                 2.0000000000         0   0.00000   0.00000   0.00000      120.0674500000
                 3.0000000000         0   0.00000   0.00000   0.00000    -1010.4441400000
                 4.0000000000         0   0.00000   0.00000   0.00000     5912.5175500000
                 5.0000000000         0   0.00000   0.00000   0.00000   -22883.6471000000
                 6.0000000000         0   0.00000   0.00000   0.00000    58320.2479000000
                 7.0000000000         0   0.00000   0.00000   0.00000   -96733.7399000000
                 8.0000000000         0   0.00000   0.00000   0.00000   100515.5930000000
                 9.0000000000         0   0.00000   0.00000   0.00000   -59492.9273000000
                10.0000000000         0   0.00000   0.00000   0.00000    15337.5181000000
                20.0000000000         0   0.00000   0.00000   0.00000     -108.3194530000
                30.0000000000         0   0.00000   0.00000   0.00000       58.7242217000
                40.0000000000         0   0.00000   0.00000   0.00000      -33.9818623000
                50.0000000000         0   0.00000   0.00000   0.00000       10.1503518000
               100.0000000000         0   0.00000   0.00000   0.00000       -0.2039701810
                 0.0010000000         0  14.55092   0.00000   0.00000       -0.0004852612
                 0.0020000000         0  14.55092   0.00000   0.00000        0.0024441783
                 0.0040000000         0  14.55092   0.00000   0.00000       -0.0075448874
                 0.0080000000         0  14.55092   0.00000   0.00000        0.0157738437
                 0.0160000000         0  14.55092   0.00000   0.00000       -0.0371036225
                 0.0320000000         0  14.55092   0.00000   0.00000        0.0538567205
                 0.0640000000         0  14.55092   0.00000   0.00000       -0.1977562620
                 0.1280000000         0  14.55092   0.00000   0.00000        0.1521150960
                 0.2560000000         0  14.55092   0.00000   0.00000       -2.2309931100
                 0.5120000000         0  14.55092   0.00000   0.00000        7.1544406100
                 1.0000000000         0  14.55092   0.00000   0.00000      -16.4610761000
                 2.0000000000         0  14.55092   0.00000   0.00000      120.0674500000
                 3.0000000000         0  14.55092   0.00000   0.00000    -1010.4441400000
                 4.0000000000         0  14.55092   0.00000   0.00000     5912.5175500000
                 5.0000000000         0  14.55092   0.00000   0.00000   -22883.6471000000
                 6.0000000000         0  14.55092   0.00000   0.00000    58320.2479000000
                 7.0000000000         0  14.55092   0.00000   0.00000   -96733.7399000000
                 8.0000000000         0  14.55092   0.00000   0.00000   100515.5930000000
                 9.0000000000         0  14.55092   0.00000   0.00000   -59492.9273000000
                10.0000000000         0  14.55092   0.00000   0.00000    15337.5181000000
                20.0000000000         0  14.55092   0.00000   0.00000     -108.3194530000
                30.0000000000         0  14.55092   0.00000   0.00000       58.7242217000
                40.0000000000         0  14.55092   0.00000   0.00000      -33.9818623000
                50.0000000000         0  14.55092   0.00000   0.00000       10.1503518000
               100.0000000000         0  14.55092   0.00000   0.00000       -0.2039701810
 
  END INFORMATION OF EXTERNAL POTENTIALS
 
                       INITIAL GEOMETRY: AMSTRONG
                 -----------------------------------
                       <x>                 <y>                 <z>
      E-BE        0.0000000000        0.0000000000        0.0000000000
      E-BE        8.1493296383        0.0000000000        0.0000000000
        E+        0.0000000000        0.0000000000        0.0000000000
        E+        8.1493296383        0.0000000000        0.0000000000
        BE        0.0000000000        0.0000000000        0.0000000000
        BE        8.1493296383        0.0000000000        0.0000000000
 
                     MATRIX OF DISTANCE: ANGSTROM
                 -----------------------------------
                          BE(1)          BE(2)     
 
        BE(1)            0.000000       8.149330
        BE(2)            8.149330       0.000000
 
--------------------------------------------------------------------------------
** PROGRAM: SCF (Hartree Fock).     Author: S.A. Gonzalez, E. Posada, F. Moncada
--------------------------------------------------------------------------------
INFO: RUNNING IN RHF MODE.
 
----------------------------------------------------------------------
** PROGRAM INTS                          Author: E. F. Posada, 2013   
----------------------------------------------------------------------
INFO: RUNNING IN ONE_PARTICLE MODE.
 
 Number of Overlap integrals for species E-:   2116
 Number of Overlap integrals for species POSITRON:   4624
 Number of Kinetic integrals for species E-:   2116
 Number of Kinetic integrals for species POSITRON:   4624
 Number of Nuclear integrals for species E-:   2116
 Number of Nuclear integrals for species POSITRON:   4624
 Number of Moment integrals for species E-:   6348
 Number of Moment integrals for species POSITRON:  13872
 Number of 3C Overlap integrals for species E-:   2116
 Number of 3C Overlap integrals for species POSITRON:   4624
 
** TOTAL CPU Time INTS :      0.130 (s)
** TOTAL Elapsed Time INTS :      0.123 (s)
 
Removed     5 orbitals for species POSITRON with overlap eigen threshold of 1.000E-06
       Usign  HCORE density guess for species:         E-
     number of         E-     particles in guess density matrix:     8.000000
       Usign  HCORE density guess for species:   POSITRON
     number of   POSITRON     particles in guess density matrix:     0.000000
renormalized density matrix with deviation from number of particl    1.000000
 Number of unique integrals for species: 1 = 91459
 Number of unique integrals for species: 2 = 325064
 Number of unique integrals for species: 1 / 2 = 507603 Screened: 1342
 
 TWO-BODY INTEGRAL SETUP: 
------------------------- 
 Storage:   DISK
 Scheme: LIBINT
 Stack size:  30000
 
 LIBINT library, Fermann, J. T.; Valeev, F. L. 2010                   
 LOWDIN-LIBINT Implementation V. 2.1  Posada E. F. ; Reyes A. 2016   
 ----------------------------------------------------------------------

*** TOTAL CPU time intra-species integrals :      0.137 (s)
*** TOTAL elapsed time intra-species integrals :      0.047 (s)


*** TOTAL CPU time inter-species integrals :      0.258 (s)
*** TOTAL elapsed time inter-species integrals :      0.078 (s)

INFO: RUNNING SCHEME SIMULTANEOUS
 
 Begin Multi-Species SCF calculation:
 
 --------------------------------------------------------------------------------------------------
      Iteration                   Energy            Energy Change           Density Change
 --------------------------------------------------------------------------------------------------
              1         -27.375780296625          27.375780296625        1111.342132562072
              2         -29.108073640221           1.732293343596           0.453749756945
              3         -29.147387341758           0.039313701537           0.087594840457
              4         -29.149592646512           0.002205304755           0.019537151796
              5         -29.149893396238           0.000300749726           0.002900457548
              6         -29.149952233632           0.000058837394           0.000551327746
              7         -29.149967714929           0.000015481297           0.000189145534
              8         -29.149972640160           0.000004925231           0.000092264133
              9         -29.149974357217           0.000001717057           0.000046894775
             10         -29.149974979266           0.000000622049           0.000022766693
             11         -29.149975208272           0.000000229006           0.000010509032
             12         -29.149975293202           0.000000084929           0.000004654674
             13         -29.149975324819           0.000000031617           0.000001999526
             14         -29.149975336616           0.000000011797           0.000000837089
             15         -29.149975341023           0.000000004408           0.000000344920
             16         -29.149975342672           0.000000001648           0.000000139773
             17         -29.149975343288           0.000000000617           0.000000055181
 Total energy converged after  17 global iterations                                                  
 
 ...end Multi-Species SCF calculation
 
 
 Begin SCF calculation by: E-
 -------------------------
 
 -----------------------------------------------------------------------------------
 Iteration                   Energy           Density Change         DIIS Error 
 -----------------------------------------------------------------------------------
    1         -30.148900134213           0.013294464124                 -- 
    2         -30.180755837957           0.003164878898                 -- 
    3         -30.183650418226           0.000974039804                 -- 
    4         -30.183391976800           0.000316289846                 -- 
    5         -30.183085748946           0.000104272321                 -- 
    6         -30.182941697344           0.000034786849                 -- 
    7         -30.182885143036           0.000011747110                 -- 
    8         -30.182864426569           0.000004013263                 -- 
    9         -30.182857081275           0.000001385613                 -- 
   10         -30.182854520547           0.000000482872                 -- 
   11         -30.182853635915           0.000000169656                 -- 
   12         -30.182853331775           0.000000060038                 -- 
   13         -30.182853227443           0.000000021380                 -- 
   14         -30.182853191674           0.000000007656                 -- 
   15         -30.182853179405           0.000000002755                 -- 
   16         -30.182853175191           0.000000000995                 -- 
 
 ... end SCF calculation
 
 Begin SCF calculation by: POSITRON
 -------------------------
 
 -----------------------------------------------------------------------------------
 Iteration                   Energy           Density Change         DIIS Error 
 -----------------------------------------------------------------------------------
    1          -0.032973972147           0.440455292821                 -- 
    2          -0.036908117667           0.084429961559                 -- 
    3          -0.037998033288           0.018563111992                 -- 
    4          -0.038341758627           0.002584167703                 -- 
    5          -0.038458822963           0.000447055425                 -- 
    6          -0.038499771883           0.000154358686                 -- 
    7          -0.038514220665           0.000080517023                 -- 
    8          -0.038519337776           0.000042881512                 -- 
    9          -0.038521155041           0.000021381080                 -- 
   10          -0.038521802276           0.000010026160                 -- 
   11          -0.038522033521           0.000004485017                 -- 
   12          -0.038522116414           0.000001939489                 -- 
   13          -0.038522146229           0.000000815709                 -- 
   14          -0.038522156987           0.000000337264                 -- 
   15          -0.038522160882           0.000000137019                 -- 
   16          -0.038522162296           0.000000054186                 -- 
 
 ... end SCF calculation
 
  EIGENVALUES AND EIGENVECTORS: 
 ==============================
 
 
  Eigenvalues for: E-
 -----------------
 
    1          -4.732344926713
    2          -4.732344910650
    3          -0.309354506874
    4          -0.309158125872
    5           0.024979582972
    6           0.027035331680
    7           0.027035331680
    8           0.032426204800
    9           0.032426204800
   10           0.035836237949
   11           0.047162935652
   12           0.065529559571
   13           0.095452373637
   14           0.095452373637
   15           0.101972489297
   16           0.101972489297
   17           0.104328521366
   18           0.109776892046
   19           0.321150291888
   20           0.329472193665
   21           0.344395290720
   22           0.344395290720
   23           0.348283559181
   24           0.348283559181
   25           0.348830461471
   26           0.356098053271
   27           0.692853289259
   28           0.692853289262
   29           0.692853298517
   30           0.692853298520
   31           0.692871715261
   32           0.692871715261
   33           0.692877764044
   34           0.692877764044
   35           0.693096949184
   36           0.693747833246
   37           1.197492050196
   38           1.197492050196
   39           1.200939303000
   40           1.200949450557
   41           1.200949450557
   42           1.206218061327
   43           1.414886296909
   44           1.421088768280
   45          10.066225668188
   46          10.071644352302
 
 
  Eigenvalues for: POSITRON
 -----------------
 
    1          -0.006083209273
    2           0.000081254497
    3           0.000135193499
    4           0.000209469091
    5           0.000209469091
    6           0.000314655861
    7           0.000320955761
    8           0.000320955761
    9           0.000329871290
   10           0.000329871290
   11           0.000347869433
   12           0.000395770719
   13           0.000428855700
   14           0.000431702011
   15           0.000431702012
   16           0.000443803324
   17           0.000443803324
   18           0.000707930456
   19           0.000904497626
   20           0.000904497626
   21           0.000915561401
   22           0.001044278681
   23           0.001113672677
   24           0.001113672678
   25           0.001231231898
   26           0.001251601905
   27           0.001251601905
   28           0.001473811028
   29           0.001521266404
   30           0.001521266404
   31           0.001524837953
   32           0.001524837953
   33           0.001743351101
   34           0.001743351103
   35           0.001855761328
   36           0.002095948088
   37           0.002389686707
   38           0.003039768323
   39           0.003039768323
   40           0.003835460853
   41           0.003835460854
   42           0.004052124356
   43           0.004483822231
   44           0.005030055474
   45           0.005575693996
   46           0.008579455097
   47           0.008579455097
   48           0.010813925504
   49           0.011095212928
   50           0.011095212928
   51           0.012355122455
   52           0.015154190629
   53           0.016971673346
   54           0.049704163579
   55           0.054198448009
   56           0.191035966602
   57           0.201683944763
   58           0.848812667717
   59           0.857773441094
   60           2.919628598583
   61           2.941947885459
   62          10.770343164346
   63          10.803044667627
   64     1000000.000000000000
   65     1000000.000000000000
   66     1000000.000000000000
   67     1000000.000000000000
   68     1000000.000000000000
 
  end of eigenvalues 
 
  Occupied Eigenvectors for: E-
 --------------------------- 
 
                          -4.7323        -4.7323        -0.3094        -0.3092   
 
    1     BE     S       0.421634       0.421634      -0.077452       0.077524
    2     BE     S       0.315681       0.315683      -0.131239       0.131381
    3     BE    Px       0.000003       0.000001       0.000025       0.000003
    4     BE    Py       0.000000       0.000000      -0.000000       0.000000
    5     BE    Pz       0.000000       0.000000       0.000000      -0.000000
    6     BE     S      -0.003467      -0.003456       0.412789      -0.412993
    7     BE    Px      -0.000013      -0.000005      -0.000006       0.000130
    8     BE    Py      -0.000000      -0.000000       0.000000      -0.000000
    9     BE    Pz      -0.000000       0.000000      -0.000000       0.000000
   10     BE     S       0.001078       0.000996       0.353177      -0.354751
   11     BE    Px       0.000037       0.000005       0.000011      -0.000449
   12     BE    Py       0.000000       0.000000      -0.000000       0.000000
   13     BE    Pz       0.000000      -0.000000       0.000000      -0.000000
   14     BE     S      -0.000376      -0.000286       0.016051      -0.014850
   15     BE    Px      -0.000067       0.000008       0.000210       0.000994
   16     BE    Py      -0.000000      -0.000000       0.000000      -0.000000
   17     BE    Pz      -0.000000       0.000000      -0.000000      -0.000000
   18     BE   Dxx       0.000466       0.000475      -0.001234       0.001314
   19     BE   Dxy      -0.000000       0.000000       0.000000      -0.000000
   20     BE   Dxz      -0.000000       0.000000      -0.000000       0.000000
   21     BE   Dyy       0.000468       0.000475      -0.001245       0.001302
   22     BE   Dyz      -0.000000      -0.000000       0.000000      -0.000000
   23     BE   Dzz       0.000468       0.000475      -0.001245       0.001302
   24     BE     S      -0.421634       0.421634      -0.077452      -0.077524
   25     BE     S      -0.315681       0.315683      -0.131239      -0.131381
   26     BE    Px       0.000003      -0.000001      -0.000025       0.000003
   27     BE    Py      -0.000000      -0.000000      -0.000000      -0.000000
   28     BE    Pz       0.000000      -0.000000       0.000000       0.000000
   29     BE     S       0.003467      -0.003456       0.412789       0.412993
   30     BE    Px      -0.000013       0.000005       0.000006       0.000130
   31     BE    Py       0.000000       0.000000      -0.000000      -0.000000
   32     BE    Pz      -0.000000       0.000000       0.000000       0.000000
   33     BE     S      -0.001078       0.000996       0.353177       0.354751
   34     BE    Px       0.000037      -0.000005      -0.000011      -0.000449
   35     BE    Py      -0.000000      -0.000000      -0.000000       0.000000
   36     BE    Pz       0.000000      -0.000000      -0.000000       0.000000
   37     BE     S       0.000376      -0.000286       0.016051       0.014850
   38     BE    Px      -0.000067      -0.000008      -0.000210       0.000994
   39     BE    Py      -0.000000      -0.000000       0.000000      -0.000000
   40     BE    Pz      -0.000000      -0.000000       0.000000      -0.000000
   41     BE   Dxx      -0.000466       0.000475      -0.001234      -0.001314
   42     BE   Dxy      -0.000000       0.000000      -0.000000       0.000000
   43     BE   Dxz      -0.000000       0.000000      -0.000000       0.000000
   44     BE   Dyy      -0.000468       0.000475      -0.001245      -0.001302
   45     BE   Dyz      -0.000000       0.000000      -0.000000      -0.000000
   46     BE   Dzz      -0.000468       0.000475      -0.001245      -0.001302
 
 
  Occupied Eigenvectors for: POSITRON
 --------------------------- 
 
                          -0.0061   
 
    1     E+     S      -0.103881
    2     E+     S      -0.570440
    3     E+     S       0.602210
    4     E+     S      -0.092398
    5     E+     S       0.395068
    6     E+     S       0.139545
    7     E+     S       0.151073
    8     E+     S      -0.111247
    9     E+     S      -0.005447
   10     E+     S      -0.000201
   11     E+    Px      -0.038799
   12     E+    Py      -0.000000
   13     E+    Pz       0.000000
   14     E+    Px       1.724349
   15     E+    Py      -0.000000
   16     E+    Pz       0.000000
   17     E+    Px       0.019661
   18     E+    Py       0.000000
   19     E+    Pz      -0.000000
   20     E+    Px       0.008868
   21     E+    Py      -0.000000
   22     E+    Pz       0.000000
   23     E+   Dxx      -0.005252
   24     E+   Dxy      -0.000000
   25     E+   Dxz       0.000000
   26     E+   Dyy       0.006573
   27     E+   Dyz      -0.000000
   28     E+   Dzz       0.006573
   29     E+   Dxx       0.430338
   30     E+   Dxy      -0.000000
   31     E+   Dxz       0.000000
   32     E+   Dyy       0.020652
   33     E+   Dyz       0.000000
   34     E+   Dzz       0.020652
   35     E+     S      -0.104763
   36     E+     S      -0.573380
   37     E+     S      -0.232103
   38     E+     S       0.182791
   39     E+     S       0.242510
   40     E+     S       0.176592
   41     E+     S       0.097996
   42     E+     S      -0.091413
   43     E+     S      -0.001907
   44     E+     S      -0.000951
   45     E+    Px       0.028589
   46     E+    Py       0.000000
   47     E+    Pz      -0.000000
   48     E+    Px      -1.737823
   49     E+    Py       0.000000
   50     E+    Pz      -0.000000
   51     E+    Px       0.203782
   52     E+    Py      -0.000000
   53     E+    Pz       0.000000
   54     E+    Px      -0.139842
   55     E+    Py       0.000000
   56     E+    Pz      -0.000000
   57     E+   Dxx       0.028096
   58     E+   Dxy      -0.000000
   59     E+   Dxz       0.000000
   60     E+   Dyy       0.023967
   61     E+   Dyz       0.000000
   62     E+   Dzz       0.023967
   63     E+   Dxx       0.475724
   64     E+   Dxy      -0.000000
   65     E+   Dxz       0.000000
   66     E+   Dyy       0.089933
   67     E+   Dyz      -0.000000
   68     E+   Dzz       0.089933
 
 
  end of eigenvectors 
 
  END OF EIGENVALUES AND EIGENVECTORS
 
 
  COMPONENTS OF KINETIC ENERGY: 
 -----------------------------
 
                  E- Kinetic energy =           29.142638497000
            POSITRON Kinetic energy =            0.015708998119
                                     _________________________
               Total kinetic energy =           29.158347495119
 
  COMPONENTS OF POTENTIAL ENERGY: 
 -------------------------------
 
          Fixed potential energy    =            1.038961038961
 
  Quantum/Fixed interaction energy: 
 ----------------------------------
 
          E-/Fixed interact. energy =          -69.341939907162
    POSITRON/Fixed interact. energy =            0.895845562790
                                     _________________________
               Total Q/Fixed energy =          -68.446094344372
 
  Coulomb energy: 
 ------------------
 
               E-/E- Hartree energy =           15.349562953987
   POSITRON/POSITRON Hartree energy =            0.000000000000
         E-/POSITRON Hartree energy =           -0.885198817391
                                     _________________________
               Total Hartree energy =           14.464364136596
 
  Exchange(HF) energy: 
 ----------------------
 
                 E- Exchange energy =           -5.333114716801
           POSITRON Exchange energy =            0.000000000000
                                     _________________________
              Total Exchange energy =           -5.333114716801
 
  External Potential energy: 
 ----------------------------
 
                  E- Ext Pot energy =            0.000000000000
            POSITRON Ext Pot energy =           -0.032438953023
                                     _________________________
    Total External Potential energy =           -0.032438953023
 
  TOTAL ENERGY COMPONENTS: 
 ==========================
 
          TOTAL KINETIC ENERGY      =           29.158347495119
          TOTAL POTENTIAL ENERGY    =          -58.308322838638
                                     _________________________
                       TOTAL ENERGY =          -29.149975343519
 
                 VIRIAL RATIO (V/T) =            1.999712872905
 
 
  END ENERGY COMPONENTS
 
 
** TOTAL CPU Time SCF :      0.352 (s)
** TOTAL Elapsed Time SCF :      0.310 (s)
 
 We are calculating properties for E- in the HF/KS ground state
 We are calculating properties for POSITRON in the HF/KS ground state
 
  POPULATION ANALYSES: 
 ====================
 
 MULLIKEN Population: for E-        
 ---------------------
 
                                    
 
    1     BE     S       1.166391
    2     BE     S       0.823584
    3     BE    Px       0.000000
    4     BE    Py       0.000000
    5     BE    Pz       0.000000
    6     BE     S       1.043546
    7     BE    Px       0.000000
    8     BE    Py      -0.000000
    9     BE    Pz       0.000000
   10     BE     S       0.942976
   11     BE    Px      -0.000002
   12     BE    Py       0.000000
   13     BE    Pz      -0.000000
   14     BE     S       0.030751
   15     BE    Px       0.000095
   16     BE    Py      -0.000000
   17     BE    Pz       0.000000
   18     BE   Dxx      -0.002449
   19     BE   Dxy       0.000000
   20     BE   Dxz       0.000000
   21     BE   Dyy      -0.002446
   22     BE   Dyz       0.000000
   23     BE   Dzz      -0.002446
   24     BE     S       1.166391
   25     BE     S       0.823584
   26     BE    Px       0.000000
   27     BE    Py       0.000000
   28     BE    Pz       0.000000
   29     BE     S       1.043546
   30     BE    Px       0.000000
   31     BE    Py       0.000000
   32     BE    Pz      -0.000000
   33     BE     S       0.942976
   34     BE    Px      -0.000002
   35     BE    Py       0.000000
   36     BE    Pz       0.000000
   37     BE     S       0.030751
   38     BE    Px       0.000095
   39     BE    Py       0.000000
   40     BE    Pz       0.000000
   41     BE   Dxx      -0.002449
   42     BE   Dxy       0.000000
   43     BE   Dxz       0.000000
   44     BE   Dyy      -0.002446
   45     BE   Dyz       0.000000
   46     BE   Dzz      -0.002446
 
                           __________
              Total =        8.000000
 
  Atomic MULLIKEN Population: for E-        
            BE               4.000000
            BE               4.000000
 
 ...end of MULLIKEN Population
 
 
 END POPULATION ANALYSES 
 
 
  POPULATION ANALYSES: 
 ====================
 
 LOWDIN Population: for E-        
 ---------------------
 
                                    
 
    1     BE     S       1.101747
    2     BE     S       0.875938
    3     BE    Px       0.000000
    4     BE    Py       0.000000
    5     BE    Pz       0.000000
    6     BE     S       0.590986
    7     BE    Px       0.000000
    8     BE    Py       0.000000
    9     BE    Pz       0.000000
   10     BE     S       0.551583
   11     BE    Px       0.000003
   12     BE    Py       0.000000
   13     BE    Pz       0.000000
   14     BE     S       0.205216
   15     BE    Px       0.000297
   16     BE    Py       0.000000
   17     BE    Pz       0.000000
   18     BE   Dxx       0.224779
   19     BE   Dxy       0.000000
   20     BE   Dxz       0.000000
   21     BE   Dyy       0.224725
   22     BE   Dyz       0.000000
   23     BE   Dzz       0.224725
   24     BE     S       1.101747
   25     BE     S       0.875938
   26     BE    Px       0.000000
   27     BE    Py       0.000000
   28     BE    Pz       0.000000
   29     BE     S       0.590986
   30     BE    Px       0.000000
   31     BE    Py       0.000000
   32     BE    Pz       0.000000
   33     BE     S       0.551583
   34     BE    Px       0.000003
   35     BE    Py       0.000000
   36     BE    Pz       0.000000
   37     BE     S       0.205216
   38     BE    Px       0.000297
   39     BE    Py       0.000000
   40     BE    Pz       0.000000
   41     BE   Dxx       0.224779
   42     BE   Dxy       0.000000
   43     BE   Dxz       0.000000
   44     BE   Dyy       0.224725
   45     BE   Dyz       0.000000
   46     BE   Dzz       0.224725
 
                           __________
              Total =        8.000000
 
  Atomic LOWDIN Population: for E-        
            BE               4.000000
            BE               4.000000
 
 ...end of LOWDIN Population
 
 
 END POPULATION ANALYSES 
 
 
  POPULATION ANALYSES: 
 ====================
 
 MULLIKEN Population: for POSITRON  
 ---------------------
 
                                    
 
    1     E+     S      -0.016447
    2     E+     S      -0.185619
    3     E+     S       0.349897
    4     E+     S      -0.075518
    5     E+     S       0.336554
    6     E+     S       0.094119
    7     E+     S       0.063409
    8     E+     S      -0.020979
    9     E+     S      -0.000324
   10     E+     S      -0.000003
   11     E+    Px      -0.000779
   12     E+    Py      -0.000000
   13     E+    Pz       0.000000
   14     E+    Px       0.114994
   15     E+    Py       0.000000
   16     E+    Pz       0.000000
   17     E+    Px       0.003454
   18     E+    Py      -0.000000
   19     E+    Pz      -0.000000
   20     E+    Px       0.002794
   21     E+    Py      -0.000000
   22     E+    Pz       0.000000
   23     E+   Dxx      -0.000047
   24     E+   Dxy       0.000000
   25     E+   Dxz      -0.000000
   26     E+   Dyy       0.000038
   27     E+   Dyz      -0.000000
   28     E+   Dzz       0.000038
   29     E+   Dxx       0.020200
   30     E+   Dxy       0.000000
   31     E+   Dxz      -0.000000
   32     E+   Dyy       0.000635
   33     E+   Dyz       0.000000
   34     E+   Dzz       0.000635
   35     E+     S      -0.016533
   36     E+     S      -0.184887
   37     E+     S      -0.131688
   38     E+     S       0.141420
   39     E+     S       0.186884
   40     E+     S       0.104185
   41     E+     S       0.035203
   42     E+     S      -0.014453
   43     E+     S      -0.000095
   44     E+     S      -0.000013
   45     E+    Px      -0.000761
   46     E+    Py       0.000000
   47     E+    Pz       0.000000
   48     E+    Px       0.153033
   49     E+    Py      -0.000000
   50     E+    Pz      -0.000000
   51     E+    Px      -0.046818
   52     E+    Py      -0.000000
   53     E+    Pz       0.000000
   54     E+    Px       0.056366
   55     E+    Py      -0.000000
   56     E+    Pz       0.000000
   57     E+   Dxx       0.000282
   58     E+   Dxy       0.000000
   59     E+   Dxz      -0.000000
   60     E+   Dyy       0.000140
   61     E+   Dyz       0.000000
   62     E+   Dzz       0.000140
   63     E+   Dxx       0.025052
   64     E+   Dxy       0.000000
   65     E+   Dxz      -0.000000
   66     E+   Dyy       0.002745
   67     E+   Dyz      -0.000000
   68     E+   Dzz       0.002745
 
                           __________
              Total =        1.000000
 
  Atomic MULLIKEN Population: for POSITRON  
            BE               0.687053
            BE               0.312947
 
 ...end of MULLIKEN Population
 
 
 END POPULATION ANALYSES 
 
 
  POPULATION ANALYSES: 
 ====================
 
 LOWDIN Population: for POSITRON  
 ---------------------
 
                                    
 
    1     E+     S       0.000878
    2     E+     S       0.004968
    3     E+     S       0.038141
    4     E+     S       0.112722
    5     E+     S       0.205002
    6     E+     S       0.127864
    7     E+     S       0.037196
    8     E+     S       0.000633
    9     E+     S       0.000216
   10     E+     S       0.000025
   11     E+    Px       0.000018
   12     E+    Py       0.000000
   13     E+    Pz       0.000000
   14     E+    Px       0.000473
   15     E+    Py       0.000000
   16     E+    Pz       0.000000
   17     E+    Px       0.002255
   18     E+    Py       0.000000
   19     E+    Pz      -0.000000
   20     E+    Px       0.017791
   21     E+    Py       0.000000
   22     E+    Pz       0.000000
   23     E+   Dxx       0.000000
   24     E+   Dxy       0.000000
   25     E+   Dxz       0.000000
   26     E+   Dyy       0.000001
   27     E+   Dyz       0.000000
   28     E+   Dzz       0.000001
   29     E+   Dxx       0.000023
   30     E+   Dxy       0.000000
   31     E+   Dxz       0.000000
   32     E+   Dyy       0.000033
   33     E+   Dyz      -0.000000
   34     E+   Dzz       0.000033
   35     E+     S       0.000874
   36     E+     S       0.004877
   37     E+     S       0.034833
   38     E+     S       0.101475
   39     E+     S       0.148174
   40     E+     S       0.096404
   41     E+     S       0.025629
   42     E+     S       0.000283
   43     E+     S       0.000137
   44     E+     S       0.000017
   45     E+    Px       0.000026
   46     E+    Py       0.000000
   47     E+    Pz       0.000000
   48     E+    Px       0.000692
   49     E+    Py       0.000000
   50     E+    Pz       0.000000
   51     E+    Px       0.003735
   52     E+    Py       0.000000
   53     E+    Pz      -0.000000
   54     E+    Px       0.034474
   55     E+    Py       0.000000
   56     E+    Pz       0.000000
   57     E+   Dxx       0.000000
   58     E+   Dxy       0.000000
   59     E+   Dxz       0.000000
   60     E+   Dyy       0.000001
   61     E+   Dyz       0.000000
   62     E+   Dzz       0.000001
   63     E+   Dxx       0.000054
   64     E+   Dxy       0.000000
   65     E+   Dxz       0.000000
   66     E+   Dyy       0.000021
   67     E+   Dyz       0.000000
   68     E+   Dzz       0.000021
 
                           __________
              Total =        1.000000
 
  Atomic LOWDIN Population: for POSITRON  
            BE               0.548272
            BE               0.451728
 
 ...end of LOWDIN Population
 
 
 END POPULATION ANALYSES 
 
 
  EXPECTED POSITIONS OF QUANTUM SPECIES:
 ======================
 
 POSITIONS IN ANGSTROMS
 ------
 
                        <x>      <y>      <z>         
                 E-  32.5973  -0.0000  -0.0000
           POSITRON   3.4229  -0.0000   0.0000
 
 END EXPECTED POSITIONS
 
 
  ELECTROSTATIC MOMENTS:
 ======================
 
 DIPOLE: (DEBYE)
 ------
 
                           <Dx>         <Dy>         <Dz>          |D|
                 E--156.57156219   0.00000000   0.00000000
           POSITRON  16.44092917  -0.00000000   0.00000000
    Point charges:  156.57156219   0.00000000   0.00000000
                     ____________________________
      Total Dipole:  16.44092917  -0.00000000   0.00000000  16.44092917
 
 QUADRUPOLE NON-TRACELESS: (DEBYE ANGS)
 ------
 
                           <xx>         <yy>         <zz>         <xy>         <xz>         <yz>
                 E-   -0.00000000   -0.00000000   -0.00000000   -0.00000000   -0.00000000   -0.00000000
           POSITRON    0.00000000    0.00000000    0.00000000    0.00000000    0.00000000    0.00000000
    Point charges:  1275.95312675    0.00000000    0.00000000    0.00000000    0.00000000    0.00000000
  Total Quadrupole: 1275.95312675    0.00000000    0.00000000    0.00000000    0.00000000    0.00000000
                     ____________________________
 
 END ELECTROSTATIC MOMENTS
 

  TOTAL CPU Time:      0.029 (s)
 TOTAL Wall Time:      0.353 (s)
  Elapsed Time:   0h  0m  0s 353ms
LOWDIN execution terminated normally at : Thu Oct 17 19:53:07 2024
-rw-rw-r-- 1 pmorenor pmorenor 704K oct 17 19:53 0E-.ints
-rw-rw-r-- 1 pmorenor pmorenor 3.5M oct 17 19:53 0E-.POSITRON.ints
-rw-rw-r-- 1 pmorenor pmorenor 2.1M oct 17 19:53 0POSITRON.ints
-rw-rw-r-- 1 pmorenor pmorenor 704K oct 17 19:53 1E-.ints
-rw-rw-r-- 1 pmorenor pmorenor 3.5M oct 17 19:53 1E-.POSITRON.ints
-rw-rw-r-- 1 pmorenor pmorenor 2.1M oct 17 19:53 1POSITRON.ints
-rw-rw-r-- 1 pmorenor pmorenor 704K oct 17 19:53 2E-.ints
-rw-rw-r-- 1 pmorenor pmorenor 3.5M oct 17 19:53 2E-.POSITRON.ints
-rw-rw-r-- 1 pmorenor pmorenor 2.1M oct 17 19:53 2POSITRON.ints
-rw-rw-r-- 1 pmorenor pmorenor 704K oct 17 19:53 3E-.ints
-rw-rw-r-- 1 pmorenor pmorenor 3.5M oct 17 19:53 3E-.POSITRON.ints
-rw-rw-r-- 1 pmorenor pmorenor 2.1M oct 17 19:53 3POSITRON.ints
-rw-rw-r-- 1 pmorenor pmorenor   12 oct 17 19:53 E-.POSITRON.nints
-rw-rw-r-- 1 pmorenor pmorenor   64 oct 17 19:53 gepol.inp
-rw-rw-r-- 1 pmorenor pmorenor   91 oct 17 19:53 gepol.xyzr
-rw-rw-r-- 1 pmorenor pmorenor 9.5K oct 17 19:53 lowdin.bas
-rw-rw-r-- 1 pmorenor pmorenor  15K oct 17 19:53 lowdin.dat
-rw-rw-r-- 1 pmorenor pmorenor 691K oct 17 19:53 lowdin.opints
-rw-rw-r-- 1 pmorenor pmorenor  26K oct 17 19:53 lowdin.sys
-rw-rw-r-- 1 pmorenor pmorenor 531K oct 17 19:53 lowdin.wfn
-rw-rw-r-- 1 pmorenor pmorenor  498 oct 17 19:53 usual_68
-rw-rw-r-- 1 pmorenor pmorenor 1.8K oct 17 19:53 usual_68.aux
-rw-rw-r-- 1 pmorenor pmorenor  503 oct 17 19:53 usual_68.lowdin
-rw-rw-r-- 1 pmorenor pmorenor  46K oct 17 19:53 usual_68.out
-rw-rw-r-- 1 pmorenor pmorenor  54K oct 17 19:53 usual_68.vec
