Begin job by input: usual_246.lowdin, for user: pmorenor  at  jue 17 oct 2024 19:55:49 -05
under operating system Linux Hefesto 5.4.0-196-generic #216-Ubuntu SMP Thu Aug 29 13:26:53 UTC 2024 x86_64 x86_64 x86_64 GNU/Linux
Compilation information
  commit: f2cffef7078af1231fe3319081e66b682883a80b
  compilation date:  mar 06 feb 2024 16:53:31 -05

BEGIN INPUT INFO:
------------------------------------

GEOMETRY
	Be	Dirac	0.0 0.0 0.0
	e-(Be)	6-311++G.d.p 0.0 0.0 0.0
	E+	GRIBAKIN-10S4P2D 0.0 0.0 0.0
	Be	Dirac	51.0 0.0 0.0
	e-(Be)	6-311++G.d.p	51.0 0.0 0.0
	E+	GRIBAKIN-10S4P2D 51.0 0.0 0.0 addParticles=-1 
END GEOMETRY

TASKS
        method = "RHF"
END TASKS

EXTERPOTENTIAL
	E- GRIBAKIN0
	E+ VPC246
END EXTERPOTENTIAL

CONTROL
	units="BOHRS"
	readCoefficients=F
	convergenceMethod=1
	overlapEigenThreshold=1E-6
	SCFGhostSpecies="POSITRON"
	HFprintEigenvalues=T
	totalEnergyTolerance = 1E-9
END CONTROL


... END INPUT INFO


 LOWDIN execution started at : Thu Oct 17 19:55:49 2024
 ---------------------------------------------------------------
 
 ***************************************************************
 *                   LOWDIN 2.0  (May/2013)                    *
 *                                                             *
 *  R. FLORES-MORENO, E. F. POSADA, F. S. MONCADA, J.ROMERO,   *
 *  J. CHARRY, M. DIAZ-TINOCO, S. A. GONZALEZ, N. F. AGUIRRE,  *
 *  A. REYES                                                   *
 *                                                             *
 *  https://sites.google.com/site/lowdinproject/               *
 *                                                             *
 ***************************************************************
 
 PARSING INPUT... DONE!
 
 LOWDIN IS RUNNING WITH NEXT PARAMETERS: 
 ----------------------------------------
 
         METHOD TYPE:  RHF
         NUMBER OF CORES:     4
         NONELECTRONIC DENSITY GUESS: HCORE
         ELECTRONIC DENSITY GUESS: HCORE
         CRITERIUM OF CONVERGENCE: ENERGY
         NONELECTRONIC ENERGY TOLERANCE IN SCFs:     0.10000E-07
         ELECTRONIC ENERGY TOLERANCE IN SCFs:     0.10000E-07
         TOTAL ENERGY TOLERANCE IN SCFs:     0.10000E-08
         SCHEME OF ITERATION: GLOBAL ITERATIONS
         SCF MAX. SUBITERATIONS - NONELECTRONS :     1
         SCF MAX. SUBITERATIONS - ELECTRONS :     1
         SCF MAX. ITERATIONS - INTERSPECIES :   200
         INTEGRAL STORAGE: DISK
         STACK SIZE FOR ERIS : 30000
         METHOD OF SCF CONVERGENCE: DAMPING
 
  MOLECULAR SYSTEM: usual_246
 -----------------
 
    DESCRIPTION   : usual_246
    CHARGE        :   2
    PUNTUAL GROUP : NONE
 
 
  INFORMATION OF PARTICLES :
 =========================
         Total number of particles   =      11
         Number of quantum particles =       9
         Number of puntual charges   =       2
         Number of quantum species   =       2
 
                 INFORMATION OF QUANTUM SPECIES 
     ---------------------------------------------------------------------
         ID      Symbol            mass     charge     spin     multiplicity
     ---------------------------------------------------------------------
         1             E-         1.0000     -1.00      0.50      1.00
         2             E+         1.0000      1.00      0.50      1.00
 
                   CONSTANTS OF COUPLING 
      ------------------------------------------------------------
           Symbol          kappa      eta     lambda     occupation
      ------------------------------------------------------------
                 E-        -1.0      2.00      2.00      4.00
                 E+        -1.0      1.00      1.00      1.00
 
                   BASIS SET FOR SPECIES 
      ------------------------------------------------------------
           Symbol          N. Basis     N. Particles     Basis Set
      ------------------------------------------------------------
                 E-           20                8     6-311++G.D
                 E+           32                1     GRIBAKIN-1
 
                                ATOMIC BASIS
         ------------------------------------------------------------
          PRIMITIVE   SHELL             EXPONENT         COEFFICIENT 
         ------------------------------------------------------------
 
    BEGIN DESCRIPTION OF BASIS FOR:    E-
    ==============================
 
 
            BE BASIS SET:   6-311++G.D.P
             1         S             1682.80000000          0.00228574
             2         S              251.71500000          0.01759380
             3         S               57.41160000          0.08633150
             4         S               16.51710000          0.28183500
             5         S                4.85364000          0.64059400
             6         S                0.62686300          0.14446700
             1         S                8.30938000          0.10862100
             2         S                1.74075000          0.92730100
             3         S                0.48581600         -0.00297169
             1         P                8.30938000          0.03613440
             2         P                1.74075000          0.21695800
             3         P                0.48581600          0.84183900
             1         S                0.16361300          1.00000000
             1         P                0.16361300          1.00000000
             1         S                0.05672850          1.00000000
             1         P                0.05672850          1.00000000
             1         S                0.02070000          1.00000000
             1         P                0.02070000          1.00000000
             1         D                0.25500000          1.00000000
 
            BE BASIS SET:   6-311++G.D.P
             1         S             1682.80000000          0.00228574
             2         S              251.71500000          0.01759380
             3         S               57.41160000          0.08633150
             4         S               16.51710000          0.28183500
             5         S                4.85364000          0.64059400
             6         S                0.62686300          0.14446700
             1         S                8.30938000          0.10862100
             2         S                1.74075000          0.92730100
             3         S                0.48581600         -0.00297169
             1         P                8.30938000          0.03613440
             2         P                1.74075000          0.21695800
             3         P                0.48581600          0.84183900
             1         S                0.16361300          1.00000000
             1         P                0.16361300          1.00000000
             1         S                0.05672850          1.00000000
             1         P                0.05672850          1.00000000
             1         S                0.02070000          1.00000000
             1         P                0.02070000          1.00000000
             1         D                0.25500000          1.00000000
    ... END DESCRIPTION OF BASIS
 
 
    BEGIN DESCRIPTION OF BASIS FOR:    E+
    ==============================
 
 
            E+ BASIS SET:GRIBAKIN-10S4P2
             1         S                0.00010000          1.00000000
             1         S                0.00030000          1.00000000
             1         S                0.00090000          1.00000000
             1         S                0.00270000          1.00000000
             1         S                0.00810000          1.00000000
             1         S                0.02430000          1.00000000
             1         S                0.07290000          1.00000000
             1         S                0.21870000          1.00000000
             1         S                0.65610000          1.00000000
             1         S                1.96830000          1.00000000
             1         P                0.00010000          1.00000000
             1         P                0.00030000          1.00000000
             1         P                0.00090000          1.00000000
             1         P                0.00270000          1.00000000
             1         D                0.00010000          1.00000000
             1         D                0.00030000          1.00000000
 
            E+ BASIS SET:GRIBAKIN-10S4P2
             1         S                0.00010000          1.00000000
             1         S                0.00030000          1.00000000
             1         S                0.00090000          1.00000000
             1         S                0.00270000          1.00000000
             1         S                0.00810000          1.00000000
             1         S                0.02430000          1.00000000
             1         S                0.07290000          1.00000000
             1         S                0.21870000          1.00000000
             1         S                0.65610000          1.00000000
             1         S                1.96830000          1.00000000
             1         P                0.00010000          1.00000000
             1         P                0.00030000          1.00000000
             1         P                0.00090000          1.00000000
             1         P                0.00270000          1.00000000
             1         D                0.00010000          1.00000000
             1         D                0.00030000          1.00000000
    ... END DESCRIPTION OF BASIS
 
 
  END INFORMATION OF PARTICLES
 
 
  INFORMATION OF THE QUANTUM SYSTEM 
     ---------------------------------------------------------------------
                 ID     Occupied Orbitals     Basis size
     ---------------------------------------------------------------------
                 E-            4               46
                 E+            1               68
 
  END INFORMATION OF QUANTUM SYSTEM
 
 
  INFORMATION OF EXTERNAL POTENTIALS 
 
 =======
 External Potential for E- : GRIBAKIN0
 Type : 
                     Exponent         l       R_x       R_y       R_z              Factor
                 0.0010000000         0   0.00000   0.00000   0.00000        0.0000000000
 
 =======
 External Potential for E+ : VPC246
 Type : 
                     Exponent         l       R_x       R_y       R_z              Factor
                 0.0010000000         0   0.00000   0.00000   0.00000       -0.0004852612
                 0.0020000000         0   0.00000   0.00000   0.00000        0.0024441783
                 0.0040000000         0   0.00000   0.00000   0.00000       -0.0075448874
                 0.0080000000         0   0.00000   0.00000   0.00000        0.0157738437
                 0.0160000000         0   0.00000   0.00000   0.00000       -0.0371036225
                 0.0320000000         0   0.00000   0.00000   0.00000        0.0538567205
                 0.0640000000         0   0.00000   0.00000   0.00000       -0.1977562620
                 0.1280000000         0   0.00000   0.00000   0.00000        0.1521150960
                 0.2560000000         0   0.00000   0.00000   0.00000       -2.2309931100
                 0.5120000000         0   0.00000   0.00000   0.00000        7.1544406100
                 1.0000000000         0   0.00000   0.00000   0.00000      -16.4610761000
                 2.0000000000         0   0.00000   0.00000   0.00000      120.0674500000
                 3.0000000000         0   0.00000   0.00000   0.00000    -1010.4441400000
                 4.0000000000         0   0.00000   0.00000   0.00000     5912.5175500000
                 5.0000000000         0   0.00000   0.00000   0.00000   -22883.6471000000
                 6.0000000000         0   0.00000   0.00000   0.00000    58320.2479000000
                 7.0000000000         0   0.00000   0.00000   0.00000   -96733.7399000000
                 8.0000000000         0   0.00000   0.00000   0.00000   100515.5930000000
                 9.0000000000         0   0.00000   0.00000   0.00000   -59492.9273000000
                10.0000000000         0   0.00000   0.00000   0.00000    15337.5181000000
                20.0000000000         0   0.00000   0.00000   0.00000     -108.3194530000
                30.0000000000         0   0.00000   0.00000   0.00000       58.7242217000
                40.0000000000         0   0.00000   0.00000   0.00000      -33.9818623000
                50.0000000000         0   0.00000   0.00000   0.00000       10.1503518000
               100.0000000000         0   0.00000   0.00000   0.00000       -0.2039701810
                 0.0010000000         0  48.18811   0.00000   0.00000       -0.0004852612
                 0.0020000000         0  48.18811   0.00000   0.00000        0.0024441783
                 0.0040000000         0  48.18811   0.00000   0.00000       -0.0075448874
                 0.0080000000         0  48.18811   0.00000   0.00000        0.0157738437
                 0.0160000000         0  48.18811   0.00000   0.00000       -0.0371036225
                 0.0320000000         0  48.18811   0.00000   0.00000        0.0538567205
                 0.0640000000         0  48.18811   0.00000   0.00000       -0.1977562620
                 0.1280000000         0  48.18811   0.00000   0.00000        0.1521150960
                 0.2560000000         0  48.18811   0.00000   0.00000       -2.2309931100
                 0.5120000000         0  48.18811   0.00000   0.00000        7.1544406100
                 1.0000000000         0  48.18811   0.00000   0.00000      -16.4610761000
                 2.0000000000         0  48.18811   0.00000   0.00000      120.0674500000
                 3.0000000000         0  48.18811   0.00000   0.00000    -1010.4441400000
                 4.0000000000         0  48.18811   0.00000   0.00000     5912.5175500000
                 5.0000000000         0  48.18811   0.00000   0.00000   -22883.6471000000
                 6.0000000000         0  48.18811   0.00000   0.00000    58320.2479000000
                 7.0000000000         0  48.18811   0.00000   0.00000   -96733.7399000000
                 8.0000000000         0  48.18811   0.00000   0.00000   100515.5930000000
                 9.0000000000         0  48.18811   0.00000   0.00000   -59492.9273000000
                10.0000000000         0  48.18811   0.00000   0.00000    15337.5181000000
                20.0000000000         0  48.18811   0.00000   0.00000     -108.3194530000
                30.0000000000         0  48.18811   0.00000   0.00000       58.7242217000
                40.0000000000         0  48.18811   0.00000   0.00000      -33.9818623000
                50.0000000000         0  48.18811   0.00000   0.00000       10.1503518000
               100.0000000000         0  48.18811   0.00000   0.00000       -0.2039701810
 
  END INFORMATION OF EXTERNAL POTENTIALS
 
                       INITIAL GEOMETRY: AMSTRONG
                 -----------------------------------
                       <x>                 <y>                 <z>
      E-BE        0.0000000000        0.0000000000        0.0000000000
      E-BE       26.9880397112        0.0000000000        0.0000000000
        E+        0.0000000000        0.0000000000        0.0000000000
        E+       26.9880397112        0.0000000000        0.0000000000
        BE        0.0000000000        0.0000000000        0.0000000000
        BE       26.9880397112        0.0000000000        0.0000000000
 
                     MATRIX OF DISTANCE: ANGSTROM
                 -----------------------------------
                          BE(1)          BE(2)     
 
        BE(1)            0.000000      26.988040
        BE(2)           26.988040       0.000000
 
--------------------------------------------------------------------------------
** PROGRAM: SCF (Hartree Fock).     Author: S.A. Gonzalez, E. Posada, F. Moncada
--------------------------------------------------------------------------------
INFO: RUNNING IN RHF MODE.
 
----------------------------------------------------------------------
** PROGRAM INTS                          Author: E. F. Posada, 2013   
----------------------------------------------------------------------
INFO: RUNNING IN ONE_PARTICLE MODE.
 
 Number of Overlap integrals for species E-:   2116
 Number of Overlap integrals for species POSITRON:   4624
 Number of Kinetic integrals for species E-:   2116
 Number of Kinetic integrals for species POSITRON:   4624
 Number of Nuclear integrals for species E-:   2116
 Number of Nuclear integrals for species POSITRON:   4624
 Number of Moment integrals for species E-:   6348
 Number of Moment integrals for species POSITRON:  13872
 Number of 3C Overlap integrals for species E-:   2116
 Number of 3C Overlap integrals for species POSITRON:   4624
 
** TOTAL CPU Time INTS :      0.133 (s)
** TOTAL Elapsed Time INTS :      0.127 (s)
 
Removed     1 orbitals for species POSITRON with overlap eigen threshold of 1.000E-06
       Usign  HCORE density guess for species:         E-
     number of         E-     particles in guess density matrix:     8.000000
       Usign  HCORE density guess for species:   POSITRON
     number of   POSITRON     particles in guess density matrix:     0.000000
renormalized density matrix with deviation from number of particl    1.000000
 Number of unique integrals for species: 1 = 33182
 Number of unique integrals for species: 2 = 274903
 Number of unique integrals for species: 1 / 2 = 314774 Screened: 31008
 
 TWO-BODY INTEGRAL SETUP: 
------------------------- 
 Storage:   DISK
 Scheme: LIBINT
 Stack size:  30000
 
 LIBINT library, Fermann, J. T.; Valeev, F. L. 2010                   
 LOWDIN-LIBINT Implementation V. 2.1  Posada E. F. ; Reyes A. 2016   
 ----------------------------------------------------------------------

*** TOTAL CPU time intra-species integrals :      0.108 (s)
*** TOTAL elapsed time intra-species integrals :      0.033 (s)


*** TOTAL CPU time inter-species integrals :      0.203 (s)
*** TOTAL elapsed time inter-species integrals :      0.056 (s)

INFO: RUNNING SCHEME SIMULTANEOUS
 
 Begin Multi-Species SCF calculation:
 
 --------------------------------------------------------------------------------------------------
      Iteration                   Energy            Energy Change           Density Change
 --------------------------------------------------------------------------------------------------
              1         -27.549583948006          27.549583948006        1102.120589538485
              2         -29.115383374539           1.565799426533           0.031120490589
              3         -29.146394313908           0.031010939369           0.005813423039
              4         -29.146995930343           0.000601616435           0.001432002352
              5         -29.146999182177           0.000003251834           0.000354752598
              6         -29.146995954474          -0.000003227703           0.000084397148
              7         -29.146995474618          -0.000000479856           0.000018903998
              8         -29.146995528332           0.000000053713           0.000003910742
              9         -29.146995600282           0.000000071951           0.000001643453
             10         -29.146995637279           0.000000036997           0.000000694705
             11         -29.146995652739           0.000000015459           0.000000289975
             12         -29.146995658652           0.000000005913           0.000000119699
             13         -29.146995660810           0.000000002159           0.000000048943
             14         -29.146995661578           0.000000000767           0.000000019876
 Total energy converged after  14 global iterations                                                  
 
 ...end Multi-Species SCF calculation
 
 
 Begin SCF calculation by: E-
 -------------------------
 
 -----------------------------------------------------------------------------------
 Iteration                   Energy           Density Change         DIIS Error 
 -----------------------------------------------------------------------------------
    1         -29.335238457078           0.020073730877                 -- 
    2         -29.436242037381           0.003559525129                 -- 
    3         -29.453464662677           0.000809339125                 -- 
    4         -29.456795534179           0.000200960676                 -- 
    5         -29.457456553748           0.000051928059                 -- 
    6         -29.457587420686           0.000013792088                 -- 
    7         -29.457612448086           0.000003766381                 -- 
    8         -29.457616784337           0.000001061436                 -- 
    9         -29.457617341208           0.000000309642                 -- 
   10         -29.457617325426           0.000000093563                 -- 
   11         -29.457617273807           0.000000029227                 -- 
   12         -29.457617245820           0.000000009403                 -- 
   13         -29.457617233967           0.000000003102                 -- 
 
 ... end SCF calculation
 
 Begin SCF calculation by: POSITRON
 -------------------------
 
 -----------------------------------------------------------------------------------
 Iteration                   Energy           Density Change         DIIS Error 
 -----------------------------------------------------------------------------------
    1          -0.038679768017           0.011046759713                 -- 
    2          -0.033010181728           0.002253897911                 -- 
    3          -0.031995464648           0.000622663226                 -- 
    4          -0.031800099565           0.000153791923                 -- 
    5          -0.031765231468           0.000032469089                 -- 
    6          -0.031760342540           0.000005111910                 -- 
    7          -0.031760241148           0.000000144362                 -- 
    8          -0.031760558823           0.000000582016                 -- 
    9          -0.031760746299           0.000000385063                 -- 
   10          -0.031760827838           0.000000196412                 -- 
   11          -0.031760859476           0.000000090473                 -- 
   12          -0.031760871067           0.000000039540                 -- 
   13          -0.031760875174           0.000000016775                 -- 
 
 ... end SCF calculation
 
  EIGENVALUES AND EIGENVECTORS: 
 ==============================
 
 
  Eigenvalues for: E-
 -----------------
 
    1          -4.732348739023
    2          -4.732348739023
    3          -0.309258221797
    4          -0.309258221797
    5           0.029565784032
    6           0.029565784103
    7           0.029565784103
    8           0.029565784106
    9           0.029565784106
   10           0.029565784175
   11           0.051096234971
   12           0.051096234984
   13           0.098028633971
   14           0.098028634100
   15           0.098028634100
   16           0.098028634105
   17           0.098028634105
   18           0.098028634232
   19           0.321204931395
   20           0.321204931403
   21           0.345804686646
   22           0.345804686714
   23           0.345804686714
   24           0.345804686717
   25           0.345804686717
   26           0.345804686784
   27           0.692850857280
   28           0.692850857280
   29           0.692850857280
   30           0.692850857280
   31           0.692850857280
   32           0.692850857280
   33           0.692850857281
   34           0.692850857281
   35           0.692850857281
   36           0.692850857281
   37           1.198792707599
   38           1.198792707628
   39           1.198792707628
   40           1.198792707629
   41           1.198792707629
   42           1.198792707657
   43           1.414741301061
   44           1.414741301063
   45          10.066564141271
   46          10.066564141272
 
 
  Eigenvalues for: POSITRON
 -----------------
 
    1          -0.003103924898
    2          -0.001264421774
    3           0.000086946880
    4           0.000135133830
    5           0.000206354049
    6           0.000206354049
    7           0.000258556970
    8           0.000279375001
    9           0.000279375001
   10           0.000323614266
   11           0.000323614266
   12           0.000374442248
   13           0.000406284417
   14           0.000424954645
   15           0.000424954645
   16           0.000435010568
   17           0.000435010568
   18           0.000437891896
   19           0.000562446709
   20           0.000562446709
   21           0.000591951021
   22           0.000878447161
   23           0.000878447161
   24           0.000976411867
   25           0.001037116017
   26           0.001120719230
   27           0.001120719230
   28           0.001153579851
   29           0.001214212217
   30           0.001214212217
   31           0.001238305973
   32           0.001471226165
   33           0.001471226165
   34           0.001477984729
   35           0.001477984729
   36           0.001766184396
   37           0.001766184396
   38           0.001809614397
   39           0.002103210652
   40           0.002217766340
   41           0.002412387066
   42           0.002909259644
   43           0.002909259644
   44           0.003485128560
   45           0.003517239858
   46           0.003517239858
   47           0.004479716370
   48           0.005107703613
   49           0.005582703593
   50           0.009288688870
   51           0.009288688870
   52           0.009422624504
   53           0.009432651884
   54           0.009432651884
   55           0.010292500185
   56           0.014867947024
   57           0.017573622947
   58           0.051245440417
   59           0.058477115744
   60           0.193148095890
   61           0.227925830721
   62           0.855542924246
   63           0.870729815404
   64           2.865562396127
   65           2.941204798859
   66          10.636998593538
   67          10.802371204566
   68     1000000.000000000000
 
  end of eigenvalues 
 
  Occupied Eigenvectors for: E-
 --------------------------- 
 
                          -4.7323        -4.7323        -0.3093        -0.3093   
 
    1     BE     S       0.019098       0.595974      -0.109055       0.010770
    2     BE     S       0.014299       0.446214      -0.184795       0.018250
    3     BE    Px      -0.000000      -0.000000       0.000000      -0.000000
    4     BE    Py      -0.000000      -0.000000       0.000000      -0.000000
    5     BE    Pz      -0.000000      -0.000000       0.000000      -0.000000
    6     BE     S      -0.000157      -0.004887       0.581171      -0.057396
    7     BE    Px       0.000000       0.000000       0.000000      -0.000000
    8     BE    Py       0.000000      -0.000000      -0.000000       0.000000
    9     BE    Pz       0.000000       0.000000       0.000000      -0.000000
   10     BE     S       0.000046       0.001424       0.497711      -0.049153
   11     BE    Px      -0.000000      -0.000000      -0.000000       0.000000
   12     BE    Py      -0.000000       0.000000       0.000000      -0.000000
   13     BE    Pz      -0.000000      -0.000000      -0.000000      -0.000000
   14     BE     S      -0.000014      -0.000429       0.022236      -0.002196
   15     BE    Px       0.000000       0.000000      -0.000000       0.000000
   16     BE    Py       0.000000       0.000000      -0.000000       0.000000
   17     BE    Pz       0.000000       0.000000       0.000000      -0.000000
   18     BE   Dxx       0.000021       0.000671      -0.001764       0.000174
   19     BE   Dxy       0.000000      -0.000000       0.000000       0.000000
   20     BE   Dxz       0.000000      -0.000000       0.000000       0.000000
   21     BE   Dyy       0.000021       0.000671      -0.001764       0.000174
   22     BE   Dyz      -0.000000      -0.000000      -0.000000      -0.000000
   23     BE   Dzz       0.000021       0.000671      -0.001764       0.000174
   24     BE     S      -0.595974       0.019098      -0.010770      -0.109055
   25     BE     S      -0.446214       0.014299      -0.018250      -0.184795
   26     BE    Px      -0.000000       0.000000      -0.000000      -0.000000
   27     BE    Py      -0.000000      -0.000000      -0.000000       0.000000
   28     BE    Pz      -0.000000      -0.000000      -0.000000       0.000000
   29     BE     S       0.004887      -0.000157       0.057396       0.581171
   30     BE    Px       0.000000      -0.000000      -0.000000      -0.000000
   31     BE    Py       0.000000       0.000000       0.000000      -0.000000
   32     BE    Pz       0.000000       0.000000       0.000000      -0.000000
   33     BE     S      -0.001424       0.000046       0.049153       0.497711
   34     BE    Px      -0.000000       0.000000       0.000000       0.000000
   35     BE    Py      -0.000000      -0.000000      -0.000000       0.000000
   36     BE    Pz      -0.000000      -0.000000       0.000000      -0.000000
   37     BE     S       0.000429      -0.000014       0.002196       0.022236
   38     BE    Px       0.000000      -0.000000       0.000000       0.000000
   39     BE    Py       0.000000       0.000000       0.000000      -0.000000
   40     BE    Pz       0.000000       0.000000      -0.000000       0.000000
   41     BE   Dxx      -0.000671       0.000021      -0.000174      -0.001764
   42     BE   Dxy      -0.000000       0.000000       0.000000       0.000000
   43     BE   Dxz       0.000000       0.000000      -0.000000       0.000000
   44     BE   Dyy      -0.000671       0.000021      -0.000174      -0.001764
   45     BE   Dyz      -0.000000       0.000000       0.000000      -0.000000
   46     BE   Dzz      -0.000671       0.000021      -0.000174      -0.001764
 
 
  Occupied Eigenvectors for: POSITRON
 --------------------------- 
 
                          -0.0031   
 
    1     E+     S      -0.001260
    2     E+     S      -0.339025
    3     E+     S       0.179967
    4     E+     S       0.300605
    5     E+     S       0.388228
    6     E+     S       0.248410
    7     E+     S       0.170838
    8     E+     S      -0.135111
    9     E+     S      -0.008367
   10     E+     S       0.000001
   11     E+    Px      -0.020437
   12     E+    Py       0.000000
   13     E+    Pz      -0.000000
   14     E+    Px      -0.153402
   15     E+    Py       0.000000
   16     E+    Pz       0.000000
   17     E+    Px       0.004835
   18     E+    Py       0.000000
   19     E+    Pz      -0.000000
   20     E+    Px       0.000057
   21     E+    Py      -0.000000
   22     E+    Pz       0.000000
   23     E+   Dxx      -0.005238
   24     E+   Dxy       0.000000
   25     E+   Dxz      -0.000000
   26     E+   Dyy       0.004293
   27     E+   Dyz      -0.000000
   28     E+   Dzz       0.004293
   29     E+   Dxx      -0.026306
   30     E+   Dxy       0.000000
   31     E+   Dxz       0.000000
   32     E+   Dyy       0.012303
   33     E+   Dyz       0.000000
   34     E+   Dzz       0.012303
   35     E+     S      -0.005787
   36     E+     S       0.303035
   37     E+     S       0.002361
   38     E+     S       0.012964
   39     E+     S       0.009717
   40     E+     S       0.010131
   41     E+     S      -0.001347
   42     E+     S      -0.002488
   43     E+     S       0.000134
   44     E+     S      -0.000092
   45     E+    Px       0.027787
   46     E+    Py      -0.000000
   47     E+    Pz       0.000000
   48     E+    Px      -0.173653
   49     E+    Py      -0.000000
   50     E+    Pz      -0.000000
   51     E+    Px       0.016530
   52     E+    Py       0.000000
   53     E+    Pz       0.000000
   54     E+    Px      -0.014123
   55     E+    Py       0.000000
   56     E+    Pz      -0.000000
   57     E+   Dxx      -0.012913
   58     E+   Dxy      -0.000000
   59     E+   Dxz      -0.000000
   60     E+   Dyy       0.000462
   61     E+   Dyz       0.000000
   62     E+   Dzz       0.000462
   63     E+   Dxx       0.054221
   64     E+   Dxy       0.000000
   65     E+   Dxz       0.000000
   66     E+   Dyy       0.003407
   67     E+   Dyz      -0.000000
   68     E+   Dzz       0.003407
 
 
  end of eigenvectors 
 
  END OF EIGENVALUES AND EIGENVECTORS
 
 
  COMPONENTS OF KINETIC ENERGY: 
 -----------------------------
 
                  E- Kinetic energy =           29.142628633667
            POSITRON Kinetic energy =            0.015635004935
                                     _________________________
               Total kinetic energy =           29.158263638602
 
  COMPONENTS OF POTENTIAL ENERGY: 
 -------------------------------
 
          Fixed potential energy    =            0.313725490196
 
  Quantum/Fixed interaction energy: 
 ----------------------------------
 
          E-/Fixed interact. energy =          -67.891435258319
    POSITRON/Fixed interact. energy =            0.666319656470
                                     _________________________
               Total Q/Fixed energy =          -67.225115601849
 
  Coulomb energy: 
 ------------------
 
               E-/E- Hartree energy =           14.624298850992
   POSITRON/POSITRON Hartree energy =            0.000000000000
         E-/POSITRON Hartree energy =           -0.656401636295
                                     _________________________
               Total Hartree energy =           13.967897214696
 
  Exchange(HF) energy: 
 ----------------------
 
                 E- Exchange energy =           -5.333109453215
           POSITRON Exchange energy =            0.000000000000
                                     _________________________
              Total Exchange energy =           -5.333109453215
 
  External Potential energy: 
 ----------------------------
 
                  E- Ext Pot energy =            0.000000000000
            POSITRON Ext Pot energy =           -0.028656950276
                                     _________________________
    Total External Potential energy =           -0.028656950276
 
  TOTAL ENERGY COMPONENTS: 
 ==========================
 
          TOTAL KINETIC ENERGY      =           29.158263638602
          TOTAL POTENTIAL ENERGY    =          -58.305259300448
                                     _________________________
                       TOTAL ENERGY =          -29.146995661846
 
                 VIRIAL RATIO (V/T) =            1.999613558033
 
 
  END ENERGY COMPONENTS
 
 
** TOTAL CPU Time SCF :      0.219 (s)
** TOTAL Elapsed Time SCF :      0.254 (s)
 
 We are calculating properties for E- in the HF/KS ground state
 We are calculating properties for POSITRON in the HF/KS ground state
 
  POPULATION ANALYSES: 
 ====================
 
 MULLIKEN Population: for E-        
 ---------------------
 
                                    
 
    1     BE     S       1.166391
    2     BE     S       0.823588
    3     BE    Px       0.000000
    4     BE    Py       0.000000
    5     BE    Pz       0.000000
    6     BE     S       1.043694
    7     BE    Px       0.000000
    8     BE    Py      -0.000000
    9     BE    Pz       0.000000
   10     BE     S       0.942124
   11     BE    Px       0.000000
   12     BE    Py      -0.000000
   13     BE    Pz       0.000000
   14     BE     S       0.031424
   15     BE    Px       0.000000
   16     BE    Py       0.000000
   17     BE    Pz       0.000000
   18     BE   Dxx      -0.002407
   19     BE   Dxy       0.000000
   20     BE   Dxz       0.000000
   21     BE   Dyy      -0.002407
   22     BE   Dyz       0.000000
   23     BE   Dzz      -0.002407
   24     BE     S       1.166391
   25     BE     S       0.823588
   26     BE    Px       0.000000
   27     BE    Py       0.000000
   28     BE    Pz       0.000000
   29     BE     S       1.043694
   30     BE    Px       0.000000
   31     BE    Py      -0.000000
   32     BE    Pz      -0.000000
   33     BE     S       0.942124
   34     BE    Px       0.000000
   35     BE    Py       0.000000
   36     BE    Pz       0.000000
   37     BE     S       0.031424
   38     BE    Px       0.000000
   39     BE    Py       0.000000
   40     BE    Pz      -0.000000
   41     BE   Dxx      -0.002407
   42     BE   Dxy       0.000000
   43     BE   Dxz       0.000000
   44     BE   Dyy      -0.002407
   45     BE   Dyz       0.000000
   46     BE   Dzz      -0.002407
 
                           __________
              Total =        8.000000
 
  Atomic MULLIKEN Population: for E-        
            BE               4.000000
            BE               4.000000
 
 ...end of MULLIKEN Population
 
 
 END POPULATION ANALYSES 
 
 
  POPULATION ANALYSES: 
 ====================
 
 LOWDIN Population: for E-        
 ---------------------
 
                                    
 
    1     BE     S       1.101745
    2     BE     S       0.875944
    3     BE    Px       0.000000
    4     BE    Py       0.000000
    5     BE    Pz       0.000000
    6     BE     S       0.590908
    7     BE    Px       0.000000
    8     BE    Py       0.000000
    9     BE    Pz       0.000000
   10     BE     S       0.553024
   11     BE    Px       0.000000
   12     BE    Py       0.000000
   13     BE    Pz       0.000000
   14     BE     S       0.204207
   15     BE    Px       0.000000
   16     BE    Py       0.000000
   17     BE    Pz       0.000000
   18     BE   Dxx       0.224724
   19     BE   Dxy       0.000000
   20     BE   Dxz       0.000000
   21     BE   Dyy       0.224724
   22     BE   Dyz       0.000000
   23     BE   Dzz       0.224724
   24     BE     S       1.101745
   25     BE     S       0.875944
   26     BE    Px       0.000000
   27     BE    Py       0.000000
   28     BE    Pz       0.000000
   29     BE     S       0.590908
   30     BE    Px       0.000000
   31     BE    Py       0.000000
   32     BE    Pz       0.000000
   33     BE     S       0.553024
   34     BE    Px       0.000000
   35     BE    Py       0.000000
   36     BE    Pz       0.000000
   37     BE     S       0.204207
   38     BE    Px       0.000000
   39     BE    Py       0.000000
   40     BE    Pz       0.000000
   41     BE   Dxx       0.224724
   42     BE   Dxy       0.000000
   43     BE   Dxz       0.000000
   44     BE   Dyy       0.224724
   45     BE   Dyz       0.000000
   46     BE   Dzz       0.224724
 
                           __________
              Total =        8.000000
 
  Atomic LOWDIN Population: for E-        
            BE               4.000000
            BE               4.000000
 
 ...end of LOWDIN Population
 
 
 END POPULATION ANALYSES 
 
 
  POPULATION ANALYSES: 
 ====================
 
 MULLIKEN Population: for POSITRON  
 ---------------------
 
                                    
 
    1     E+     S      -0.000252
    2     E+     S      -0.132444
    3     E+     S       0.117277
    4     E+     S       0.265447
    5     E+     S       0.370302
    6     E+     S       0.201381
    7     E+     S       0.089412
    8     E+     S      -0.032076
    9     E+     S      -0.000630
   10     E+     S       0.000000
   11     E+    Px      -0.000094
   12     E+    Py      -0.000000
   13     E+    Pz       0.000000
   14     E+    Px      -0.001534
   15     E+    Py      -0.000000
   16     E+    Pz      -0.000000
   17     E+    Px       0.000048
   18     E+    Py      -0.000000
   19     E+    Pz      -0.000000
   20     E+    Px       0.000000
   21     E+    Py       0.000000
   22     E+    Pz       0.000000
   23     E+   Dxx      -0.000079
   24     E+   Dxy       0.000000
   25     E+   Dxz      -0.000000
   26     E+   Dyy       0.000055
   27     E+   Dyz      -0.000000
   28     E+   Dzz       0.000055
   29     E+   Dxx      -0.001739
   30     E+   Dxy       0.000000
   31     E+   Dxz       0.000000
   32     E+   Dyy       0.000715
   33     E+   Dyz       0.000000
   34     E+   Dzz       0.000715
   35     E+     S      -0.000918
   36     E+     S       0.062844
   37     E+     S       0.000330
   38     E+     S       0.000773
   39     E+     S       0.000372
   40     E+     S       0.000265
   41     E+     S      -0.000019
   42     E+     S      -0.000014
   43     E+     S       0.000000
   44     E+     S      -0.000000
   45     E+    Px      -0.004087
   46     E+    Py      -0.000000
   47     E+    Pz       0.000000
   48     E+    Px       0.051925
   49     E+    Py      -0.000000
   50     E+    Pz       0.000000
   51     E+    Px      -0.004206
   52     E+    Py       0.000000
   53     E+    Pz      -0.000000
   54     E+    Px       0.000955
   55     E+    Py       0.000000
   56     E+    Pz       0.000000
   57     E+   Dxx      -0.001188
   58     E+   Dxy      -0.000000
   59     E+   Dxz      -0.000000
   60     E+   Dyy       0.000005
   61     E+   Dyz       0.000000
   62     E+   Dzz       0.000005
   63     E+   Dxx       0.016176
   64     E+   Dxy       0.000000
   65     E+   Dxz       0.000000
   66     E+   Dyy       0.000111
   67     E+   Dyz      -0.000000
   68     E+   Dzz       0.000111
 
                           __________
              Total =        1.000000
 
  Atomic MULLIKEN Population: for POSITRON  
            BE               0.876559
            BE               0.123441
 
 ...end of MULLIKEN Population
 
 
 END POPULATION ANALYSES 
 
 
  POPULATION ANALYSES: 
 ====================
 
 LOWDIN Population: for POSITRON  
 ---------------------
 
                                    
 
    1     E+     S       0.002427
    2     E+     S       0.014526
    3     E+     S       0.088469
    4     E+     S       0.251053
    5     E+     S       0.327645
    6     E+     S       0.215449
    7     E+     S       0.063733
    8     E+     S       0.001083
    9     E+     S       0.000313
   10     E+     S       0.000038
   11     E+    Px       0.000011
   12     E+    Py       0.000000
   13     E+    Pz       0.000000
   14     E+    Px       0.000011
   15     E+    Py       0.000000
   16     E+    Pz       0.000000
   17     E+    Px       0.000009
   18     E+    Py       0.000000
   19     E+    Pz       0.000000
   20     E+    Px       0.000009
   21     E+    Py       0.000000
   22     E+    Pz       0.000000
   23     E+   Dxx       0.000005
   24     E+   Dxy       0.000000
   25     E+   Dxz       0.000000
   26     E+   Dyy       0.000016
   27     E+   Dyz       0.000000
   28     E+   Dzz       0.000016
   29     E+   Dxx       0.000000
   30     E+   Dxy       0.000000
   31     E+   Dxz       0.000000
   32     E+   Dyy       0.000115
   33     E+   Dyz       0.000000
   34     E+   Dzz       0.000115
   35     E+     S       0.001523
   36     E+     S       0.003570
   37     E+     S       0.001532
   38     E+     S       0.000276
   39     E+     S       0.000283
   40     E+     S       0.000168
   41     E+     S       0.000021
   42     E+     S       0.000000
   43     E+     S       0.000000
   44     E+     S       0.000000
   45     E+    Px       0.001482
   46     E+    Py       0.000000
   47     E+    Pz       0.000000
   48     E+    Px       0.009404
   49     E+    Py       0.000000
   50     E+    Pz      -0.000000
   51     E+    Px       0.006359
   52     E+    Py       0.000000
   53     E+    Pz       0.000000
   54     E+    Px       0.000226
   55     E+    Py      -0.000000
   56     E+    Pz       0.000000
   57     E+   Dxx       0.000325
   58     E+   Dxy       0.000000
   59     E+   Dxz       0.000000
   60     E+   Dyy       0.000005
   61     E+   Dyz       0.000000
   62     E+   Dzz       0.000005
   63     E+   Dxx       0.009745
   64     E+   Dxy       0.000000
   65     E+   Dxz       0.000000
   66     E+   Dyy       0.000016
   67     E+   Dyz       0.000000
   68     E+   Dzz       0.000016
 
                           __________
              Total =        1.000000
 
  Atomic LOWDIN Population: for POSITRON  
            BE               0.965044
            BE               0.034956
 
 ...end of LOWDIN Population
 
 
 END POPULATION ANALYSES 
 
 
  EXPECTED POSITIONS OF QUANTUM SPECIES:
 ======================
 
 POSITIONS IN ANGSTROMS
 ------
 
                        <x>      <y>      <z>         
                 E- 107.9521  -0.0000   0.0000
           POSITRON   0.0618  -0.0000   0.0000
 
 END EXPECTED POSITIONS
 
 
  ELECTROSTATIC MOMENTS:
 ======================
 
 DIPOLE: (DEBYE)
 ------
 
                           <Dx>         <Dy>         <Dz>          |D|
                 E--518.51621246   0.00000000  -0.00000000
           POSITRON   0.29700814  -0.00000000   0.00000000
    Point charges:  518.51621246   0.00000000   0.00000000
                     ____________________________
      Total Dipole:   0.29700814  -0.00000000   0.00000000   0.29700814
 
 QUADRUPOLE NON-TRACELESS: (DEBYE ANGS)
 ------
 
                           <xx>         <yy>         <zz>         <xy>         <xz>         <yz>
                 E-   -0.00000000   -0.00000000   -0.00000000   -0.00000000   -0.00000000   -0.00000000
           POSITRON    0.00000000    0.00000000    0.00000000    0.00000000    0.00000000    0.00000000
    Point charges: 13993.73453653    0.00000000    0.00000000    0.00000000    0.00000000    0.00000000
  Total Quadrupole:13993.73453653    0.00000000    0.00000000    0.00000000    0.00000000    0.00000000
                     ____________________________
 
 END ELECTROSTATIC MOMENTS
 

  TOTAL CPU Time:      0.032 (s)
 TOTAL Wall Time:      0.299 (s)
  Elapsed Time:   0h  0m  0s 301ms
LOWDIN execution terminated normally at : Thu Oct 17 19:55:49 2024
-rw-rw-r-- 1 pmorenor pmorenor 704K oct 17 19:55 0E-.ints
-rw-rw-r-- 1 pmorenor pmorenor 2.1M oct 17 19:55 0E-.POSITRON.ints
-rw-rw-r-- 1 pmorenor pmorenor 2.1M oct 17 19:55 0POSITRON.ints
-rw-rw-r-- 1 pmorenor pmorenor 704K oct 17 19:55 1E-.ints
-rw-rw-r-- 1 pmorenor pmorenor 2.1M oct 17 19:55 1E-.POSITRON.ints
-rw-rw-r-- 1 pmorenor pmorenor 2.1M oct 17 19:55 1POSITRON.ints
-rw-rw-r-- 1 pmorenor pmorenor 704K oct 17 19:55 2E-.ints
-rw-rw-r-- 1 pmorenor pmorenor 2.1M oct 17 19:55 2E-.POSITRON.ints
-rw-rw-r-- 1 pmorenor pmorenor 2.1M oct 17 19:55 2POSITRON.ints
-rw-rw-r-- 1 pmorenor pmorenor 704K oct 17 19:55 3E-.ints
-rw-rw-r-- 1 pmorenor pmorenor 2.1M oct 17 19:55 3E-.POSITRON.ints
-rw-rw-r-- 1 pmorenor pmorenor 2.1M oct 17 19:55 3POSITRON.ints
-rw-rw-r-- 1 pmorenor pmorenor   12 oct 17 19:55 E-.POSITRON.nints
-rw-rw-r-- 1 pmorenor pmorenor   65 oct 17 19:55 gepol.inp
-rw-rw-r-- 1 pmorenor pmorenor   91 oct 17 19:55 gepol.xyzr
-rw-rw-r-- 1 pmorenor pmorenor 9.5K oct 17 19:55 lowdin.bas
-rw-rw-r-- 1 pmorenor pmorenor  15K oct 17 19:55 lowdin.dat
-rw-rw-r-- 1 pmorenor pmorenor 691K oct 17 19:55 lowdin.opints
-rw-rw-r-- 1 pmorenor pmorenor  26K oct 17 19:55 lowdin.sys
-rw-rw-r-- 1 pmorenor pmorenor 531K oct 17 19:55 lowdin.wfn
-rw-rw-r-- 1 pmorenor pmorenor  499 oct 17 19:55 usual_246
-rw-rw-r-- 1 pmorenor pmorenor 1.8K oct 17 19:55 usual_246.aux
-rw-rw-r-- 1 pmorenor pmorenor  504 oct 17 19:55 usual_246.lowdin
-rw-rw-r-- 1 pmorenor pmorenor  46K oct 17 19:55 usual_246.out
-rw-rw-r-- 1 pmorenor pmorenor  54K oct 17 19:55 usual_246.vec
