Begin job by input: usual_272.lowdin, for user: pmorenor  at  jue 17 oct 2024 19:56:12 -05
under operating system Linux Hefesto 5.4.0-196-generic #216-Ubuntu SMP Thu Aug 29 13:26:53 UTC 2024 x86_64 x86_64 x86_64 GNU/Linux
Compilation information
  commit: f2cffef7078af1231fe3319081e66b682883a80b
  compilation date:  mar 06 feb 2024 16:53:31 -05

BEGIN INPUT INFO:
------------------------------------

GEOMETRY
	Be	Dirac	0.0 0.0 0.0
	e-(Be)	6-311++G.d.p 0.0 0.0 0.0
	E+	GRIBAKIN-10S4P2D 0.0 0.0 0.0
	Be	Dirac	56.2 0.0 0.0
	e-(Be)	6-311++G.d.p	56.2 0.0 0.0
	E+	GRIBAKIN-10S4P2D 56.2 0.0 0.0 addParticles=-1 
END GEOMETRY

TASKS
        method = "RHF"
END TASKS

EXTERPOTENTIAL
	E- GRIBAKIN0
	E+ VPC272
END EXTERPOTENTIAL

CONTROL
	units="BOHRS"
	readCoefficients=F
	convergenceMethod=1
	overlapEigenThreshold=1E-6
	SCFGhostSpecies="POSITRON"
	HFprintEigenvalues=T
	totalEnergyTolerance = 1E-9
END CONTROL


... END INPUT INFO


 LOWDIN execution started at : Thu Oct 17 19:56:12 2024
 ---------------------------------------------------------------
 
 ***************************************************************
 *                   LOWDIN 2.0  (May/2013)                    *
 *                                                             *
 *  R. FLORES-MORENO, E. F. POSADA, F. S. MONCADA, J.ROMERO,   *
 *  J. CHARRY, M. DIAZ-TINOCO, S. A. GONZALEZ, N. F. AGUIRRE,  *
 *  A. REYES                                                   *
 *                                                             *
 *  https://sites.google.com/site/lowdinproject/               *
 *                                                             *
 ***************************************************************
 
 PARSING INPUT... DONE!
 
 LOWDIN IS RUNNING WITH NEXT PARAMETERS: 
 ----------------------------------------
 
         METHOD TYPE:  RHF
         NUMBER OF CORES:     4
         NONELECTRONIC DENSITY GUESS: HCORE
         ELECTRONIC DENSITY GUESS: HCORE
         CRITERIUM OF CONVERGENCE: ENERGY
         NONELECTRONIC ENERGY TOLERANCE IN SCFs:     0.10000E-07
         ELECTRONIC ENERGY TOLERANCE IN SCFs:     0.10000E-07
         TOTAL ENERGY TOLERANCE IN SCFs:     0.10000E-08
         SCHEME OF ITERATION: GLOBAL ITERATIONS
         SCF MAX. SUBITERATIONS - NONELECTRONS :     1
         SCF MAX. SUBITERATIONS - ELECTRONS :     1
         SCF MAX. ITERATIONS - INTERSPECIES :   200
         INTEGRAL STORAGE: DISK
         STACK SIZE FOR ERIS : 30000
         METHOD OF SCF CONVERGENCE: DAMPING
 
  MOLECULAR SYSTEM: usual_272
 -----------------
 
    DESCRIPTION   : usual_272
    CHARGE        :   2
    PUNTUAL GROUP : NONE
 
 
  INFORMATION OF PARTICLES :
 =========================
         Total number of particles   =      11
         Number of quantum particles =       9
         Number of puntual charges   =       2
         Number of quantum species   =       2
 
                 INFORMATION OF QUANTUM SPECIES 
     ---------------------------------------------------------------------
         ID      Symbol            mass     charge     spin     multiplicity
     ---------------------------------------------------------------------
         1             E-         1.0000     -1.00      0.50      1.00
         2             E+         1.0000      1.00      0.50      1.00
 
                   CONSTANTS OF COUPLING 
      ------------------------------------------------------------
           Symbol          kappa      eta     lambda     occupation
      ------------------------------------------------------------
                 E-        -1.0      2.00      2.00      4.00
                 E+        -1.0      1.00      1.00      1.00
 
                   BASIS SET FOR SPECIES 
      ------------------------------------------------------------
           Symbol          N. Basis     N. Particles     Basis Set
      ------------------------------------------------------------
                 E-           20                8     6-311++G.D
                 E+           32                1     GRIBAKIN-1
 
                                ATOMIC BASIS
         ------------------------------------------------------------
          PRIMITIVE   SHELL             EXPONENT         COEFFICIENT 
         ------------------------------------------------------------
 
    BEGIN DESCRIPTION OF BASIS FOR:    E-
    ==============================
 
 
            BE BASIS SET:   6-311++G.D.P
             1         S             1682.80000000          0.00228574
             2         S              251.71500000          0.01759380
             3         S               57.41160000          0.08633150
             4         S               16.51710000          0.28183500
             5         S                4.85364000          0.64059400
             6         S                0.62686300          0.14446700
             1         S                8.30938000          0.10862100
             2         S                1.74075000          0.92730100
             3         S                0.48581600         -0.00297169
             1         P                8.30938000          0.03613440
             2         P                1.74075000          0.21695800
             3         P                0.48581600          0.84183900
             1         S                0.16361300          1.00000000
             1         P                0.16361300          1.00000000
             1         S                0.05672850          1.00000000
             1         P                0.05672850          1.00000000
             1         S                0.02070000          1.00000000
             1         P                0.02070000          1.00000000
             1         D                0.25500000          1.00000000
 
            BE BASIS SET:   6-311++G.D.P
             1         S             1682.80000000          0.00228574
             2         S              251.71500000          0.01759380
             3         S               57.41160000          0.08633150
             4         S               16.51710000          0.28183500
             5         S                4.85364000          0.64059400
             6         S                0.62686300          0.14446700
             1         S                8.30938000          0.10862100
             2         S                1.74075000          0.92730100
             3         S                0.48581600         -0.00297169
             1         P                8.30938000          0.03613440
             2         P                1.74075000          0.21695800
             3         P                0.48581600          0.84183900
             1         S                0.16361300          1.00000000
             1         P                0.16361300          1.00000000
             1         S                0.05672850          1.00000000
             1         P                0.05672850          1.00000000
             1         S                0.02070000          1.00000000
             1         P                0.02070000          1.00000000
             1         D                0.25500000          1.00000000
    ... END DESCRIPTION OF BASIS
 
 
    BEGIN DESCRIPTION OF BASIS FOR:    E+
    ==============================
 
 
            E+ BASIS SET:GRIBAKIN-10S4P2
             1         S                0.00010000          1.00000000
             1         S                0.00030000          1.00000000
             1         S                0.00090000          1.00000000
             1         S                0.00270000          1.00000000
             1         S                0.00810000          1.00000000
             1         S                0.02430000          1.00000000
             1         S                0.07290000          1.00000000
             1         S                0.21870000          1.00000000
             1         S                0.65610000          1.00000000
             1         S                1.96830000          1.00000000
             1         P                0.00010000          1.00000000
             1         P                0.00030000          1.00000000
             1         P                0.00090000          1.00000000
             1         P                0.00270000          1.00000000
             1         D                0.00010000          1.00000000
             1         D                0.00030000          1.00000000
 
            E+ BASIS SET:GRIBAKIN-10S4P2
             1         S                0.00010000          1.00000000
             1         S                0.00030000          1.00000000
             1         S                0.00090000          1.00000000
             1         S                0.00270000          1.00000000
             1         S                0.00810000          1.00000000
             1         S                0.02430000          1.00000000
             1         S                0.07290000          1.00000000
             1         S                0.21870000          1.00000000
             1         S                0.65610000          1.00000000
             1         S                1.96830000          1.00000000
             1         P                0.00010000          1.00000000
             1         P                0.00030000          1.00000000
             1         P                0.00090000          1.00000000
             1         P                0.00270000          1.00000000
             1         D                0.00010000          1.00000000
             1         D                0.00030000          1.00000000
    ... END DESCRIPTION OF BASIS
 
 
  END INFORMATION OF PARTICLES
 
 
  INFORMATION OF THE QUANTUM SYSTEM 
     ---------------------------------------------------------------------
                 ID     Occupied Orbitals     Basis size
     ---------------------------------------------------------------------
                 E-            4               46
                 E+            1               68
 
  END INFORMATION OF QUANTUM SYSTEM
 
 
  INFORMATION OF EXTERNAL POTENTIALS 
 
 =======
 External Potential for E- : GRIBAKIN0
 Type : 
                     Exponent         l       R_x       R_y       R_z              Factor
                 0.0010000000         0   0.00000   0.00000   0.00000        0.0000000000
 
 =======
 External Potential for E+ : VPC272
 Type : 
                     Exponent         l       R_x       R_y       R_z              Factor
                 0.0010000000         0   0.00000   0.00000   0.00000       -0.0004852612
                 0.0020000000         0   0.00000   0.00000   0.00000        0.0024441783
                 0.0040000000         0   0.00000   0.00000   0.00000       -0.0075448874
                 0.0080000000         0   0.00000   0.00000   0.00000        0.0157738437
                 0.0160000000         0   0.00000   0.00000   0.00000       -0.0371036225
                 0.0320000000         0   0.00000   0.00000   0.00000        0.0538567205
                 0.0640000000         0   0.00000   0.00000   0.00000       -0.1977562620
                 0.1280000000         0   0.00000   0.00000   0.00000        0.1521150960
                 0.2560000000         0   0.00000   0.00000   0.00000       -2.2309931100
                 0.5120000000         0   0.00000   0.00000   0.00000        7.1544406100
                 1.0000000000         0   0.00000   0.00000   0.00000      -16.4610761000
                 2.0000000000         0   0.00000   0.00000   0.00000      120.0674500000
                 3.0000000000         0   0.00000   0.00000   0.00000    -1010.4441400000
                 4.0000000000         0   0.00000   0.00000   0.00000     5912.5175500000
                 5.0000000000         0   0.00000   0.00000   0.00000   -22883.6471000000
                 6.0000000000         0   0.00000   0.00000   0.00000    58320.2479000000
                 7.0000000000         0   0.00000   0.00000   0.00000   -96733.7399000000
                 8.0000000000         0   0.00000   0.00000   0.00000   100515.5930000000
                 9.0000000000         0   0.00000   0.00000   0.00000   -59492.9273000000
                10.0000000000         0   0.00000   0.00000   0.00000    15337.5181000000
                20.0000000000         0   0.00000   0.00000   0.00000     -108.3194530000
                30.0000000000         0   0.00000   0.00000   0.00000       58.7242217000
                40.0000000000         0   0.00000   0.00000   0.00000      -33.9818623000
                50.0000000000         0   0.00000   0.00000   0.00000       10.1503518000
               100.0000000000         0   0.00000   0.00000   0.00000       -0.2039701810
                 0.0010000000         0  53.10141   0.00000   0.00000       -0.0004852612
                 0.0020000000         0  53.10141   0.00000   0.00000        0.0024441783
                 0.0040000000         0  53.10141   0.00000   0.00000       -0.0075448874
                 0.0080000000         0  53.10141   0.00000   0.00000        0.0157738437
                 0.0160000000         0  53.10141   0.00000   0.00000       -0.0371036225
                 0.0320000000         0  53.10141   0.00000   0.00000        0.0538567205
                 0.0640000000         0  53.10141   0.00000   0.00000       -0.1977562620
                 0.1280000000         0  53.10141   0.00000   0.00000        0.1521150960
                 0.2560000000         0  53.10141   0.00000   0.00000       -2.2309931100
                 0.5120000000         0  53.10141   0.00000   0.00000        7.1544406100
                 1.0000000000         0  53.10141   0.00000   0.00000      -16.4610761000
                 2.0000000000         0  53.10141   0.00000   0.00000      120.0674500000
                 3.0000000000         0  53.10141   0.00000   0.00000    -1010.4441400000
                 4.0000000000         0  53.10141   0.00000   0.00000     5912.5175500000
                 5.0000000000         0  53.10141   0.00000   0.00000   -22883.6471000000
                 6.0000000000         0  53.10141   0.00000   0.00000    58320.2479000000
                 7.0000000000         0  53.10141   0.00000   0.00000   -96733.7399000000
                 8.0000000000         0  53.10141   0.00000   0.00000   100515.5930000000
                 9.0000000000         0  53.10141   0.00000   0.00000   -59492.9273000000
                10.0000000000         0  53.10141   0.00000   0.00000    15337.5181000000
                20.0000000000         0  53.10141   0.00000   0.00000     -108.3194530000
                30.0000000000         0  53.10141   0.00000   0.00000       58.7242217000
                40.0000000000         0  53.10141   0.00000   0.00000      -33.9818623000
                50.0000000000         0  53.10141   0.00000   0.00000       10.1503518000
               100.0000000000         0  53.10141   0.00000   0.00000       -0.2039701810
 
  END INFORMATION OF EXTERNAL POTENTIALS
 
                       INITIAL GEOMETRY: AMSTRONG
                 -----------------------------------
                       <x>                 <y>                 <z>
      E-BE        0.0000000000        0.0000000000        0.0000000000
      E-BE       29.7397614073        0.0000000000        0.0000000000
        E+        0.0000000000        0.0000000000        0.0000000000
        E+       29.7397614073        0.0000000000        0.0000000000
        BE        0.0000000000        0.0000000000        0.0000000000
        BE       29.7397614073        0.0000000000        0.0000000000
 
                     MATRIX OF DISTANCE: ANGSTROM
                 -----------------------------------
                          BE(1)          BE(2)     
 
        BE(1)            0.000000      29.739761
        BE(2)           29.739761       0.000000
 
--------------------------------------------------------------------------------
** PROGRAM: SCF (Hartree Fock).     Author: S.A. Gonzalez, E. Posada, F. Moncada
--------------------------------------------------------------------------------
INFO: RUNNING IN RHF MODE.
 
----------------------------------------------------------------------
** PROGRAM INTS                          Author: E. F. Posada, 2013   
----------------------------------------------------------------------
INFO: RUNNING IN ONE_PARTICLE MODE.
 
 Number of Overlap integrals for species E-:   2116
 Number of Overlap integrals for species POSITRON:   4624
 Number of Kinetic integrals for species E-:   2116
 Number of Kinetic integrals for species POSITRON:   4624
 Number of Nuclear integrals for species E-:   2116
 Number of Nuclear integrals for species POSITRON:   4624
 Number of Moment integrals for species E-:   6348
 Number of Moment integrals for species POSITRON:  13872
 Number of 3C Overlap integrals for species E-:   2116
 Number of 3C Overlap integrals for species POSITRON:   4624
 
** TOTAL CPU Time INTS :      0.129 (s)
** TOTAL Elapsed Time INTS :      0.122 (s)
 
Removed     1 orbitals for species POSITRON with overlap eigen threshold of 1.000E-06
       Usign  HCORE density guess for species:         E-
     number of         E-     particles in guess density matrix:     8.000000
       Usign  HCORE density guess for species:   POSITRON
     number of   POSITRON     particles in guess density matrix:     0.000000
renormalized density matrix with deviation from number of particl    1.000000
 Number of unique integrals for species: 1 = 33058
 Number of unique integrals for species: 2 = 265515
 Number of unique integrals for species: 1 / 2 = 313600 Screened: 31659
 
 TWO-BODY INTEGRAL SETUP: 
------------------------- 
 Storage:   DISK
 Scheme: LIBINT
 Stack size:  30000
 
 LIBINT library, Fermann, J. T.; Valeev, F. L. 2010                   
 LOWDIN-LIBINT Implementation V. 2.1  Posada E. F. ; Reyes A. 2016   
 ----------------------------------------------------------------------

*** TOTAL CPU time intra-species integrals :      0.112 (s)
*** TOTAL elapsed time intra-species integrals :      0.032 (s)


*** TOTAL CPU time inter-species integrals :      0.194 (s)
*** TOTAL elapsed time inter-species integrals :      0.054 (s)

INFO: RUNNING SCHEME SIMULTANEOUS
 
 Begin Multi-Species SCF calculation:
 
 --------------------------------------------------------------------------------------------------
      Iteration                   Energy            Energy Change           Density Change
 --------------------------------------------------------------------------------------------------
              1         -27.550230759127          27.550230759127         451.976870732236
              2         -29.115402464788           1.565171705661           0.028100479468
              3         -29.146395562247           0.030993097459           0.004660322008
              4         -29.146993440049           0.000597877801           0.001056935700
              5         -29.146995842208           0.000002402159           0.000258717101
              6         -29.146992432402          -0.000003409805           0.000063914312
              7         -29.146991907068          -0.000000525334           0.000015632597
              8         -29.146991947539           0.000000040471           0.000003833046
              9         -29.146992015198           0.000000067659           0.000001275794
             10         -29.146992050711           0.000000035513           0.000000455890
             11         -29.146992065637           0.000000014926           0.000000169683
             12         -29.146992071354           0.000000005717           0.000000064880
             13         -29.146992073440           0.000000002086           0.000000025207
             14         -29.146992074180           0.000000000740           0.000000009865
 Total energy converged after  14 global iterations                                                  
 
 ...end Multi-Species SCF calculation
 
 
 Begin SCF calculation by: E-
 -------------------------
 
 -----------------------------------------------------------------------------------
 Iteration                   Energy           Density Change         DIIS Error 
 -----------------------------------------------------------------------------------
    1         -29.305928366636           0.020102564607                 -- 
    2         -29.407148268964           0.003562655725                 -- 
    3         -29.424419573623           0.000809263224                 -- 
    4         -29.427762873639           0.000200649499                 -- 
    5         -29.428427234837           0.000051740840                 -- 
    6         -29.428559041715           0.000013701951                 -- 
    7         -29.428584344603           0.000003726148                 -- 
    8         -29.428588764483           0.000001044078                 -- 
    9         -29.428589347480           0.000000302304                 -- 
   10         -29.428589340051           0.000000090512                 -- 
   11         -29.428589291153           0.000000027976                 -- 
   12         -29.428589264065           0.000000008897                 -- 
   13         -29.428589252513           0.000000002899                 -- 
 
 ... end SCF calculation
 
 Begin SCF calculation by: POSITRON
 -------------------------
 
 -----------------------------------------------------------------------------------
 Iteration                   Energy           Density Change         DIIS Error 
 -----------------------------------------------------------------------------------
    1          -0.038720933802           0.007997914861                 -- 
    2          -0.033044994596           0.001097666283                 -- 
    3          -0.032029170329           0.000247672476                 -- 
    4          -0.031833040934           0.000058067602                 -- 
    5          -0.031797798052           0.000012173472                 -- 
    6          -0.031792756591           0.000001930646                 -- 
    7          -0.031792598239           0.000000106898                 -- 
    8          -0.031792895581           0.000000231715                 -- 
    9          -0.031793075988           0.000000153585                 -- 
   10          -0.031793155109           0.000000079171                 -- 
   11          -0.031793185930           0.000000036904                 -- 
   12          -0.031793197246           0.000000016310                 -- 
   13          -0.031793201262           0.000000006966                 -- 
 
 ... end SCF calculation
 
  EIGENVALUES AND EIGENVECTORS: 
 ==============================
 
 
  Eigenvalues for: E-
 -----------------
 
    1          -4.732348738938
    2          -4.732348738938
    3          -0.309258221765
    4          -0.309258221765
    5           0.029565784129
    6           0.029565784130
    7           0.029565784130
    8           0.029565784130
    9           0.029565784130
   10           0.029565784130
   11           0.051096234991
   12           0.051096234991
   13           0.098028634128
   14           0.098028634129
   15           0.098028634129
   16           0.098028634129
   17           0.098028634129
   18           0.098028634129
   19           0.321204931427
   20           0.321204931428
   21           0.345804686752
   22           0.345804686753
   23           0.345804686753
   24           0.345804686753
   25           0.345804686753
   26           0.345804686753
   27           0.692850857331
   28           0.692850857331
   29           0.692850857331
   30           0.692850857331
   31           0.692850857331
   32           0.692850857331
   33           0.692850857331
   34           0.692850857331
   35           0.692850857331
   36           0.692850857331
   37           1.198792707689
   38           1.198792707690
   39           1.198792707690
   40           1.198792707690
   41           1.198792707690
   42           1.198792707690
   43           1.414741301119
   44           1.414741301119
   45          10.066564141352
   46          10.066564141352
 
 
  Eigenvalues for: POSITRON
 -----------------
 
    1          -0.003100337500
    2          -0.001224058875
    3           0.000086979849
    4           0.000134465246
    5           0.000205747986
    6           0.000205747986
    7           0.000258477261
    8           0.000278656488
    9           0.000278656488
   10           0.000322327280
   11           0.000322327280
   12           0.000373935150
   13           0.000404630574
   14           0.000423414717
   15           0.000423414717
   16           0.000432936360
   17           0.000432936360
   18           0.000437361074
   19           0.000560077417
   20           0.000560077417
   21           0.000590177566
   22           0.000875414099
   23           0.000875414099
   24           0.000974306811
   25           0.001038091869
   26           0.001113060218
   27           0.001113060218
   28           0.001148096118
   29           0.001208118536
   30           0.001208118536
   31           0.001234150398
   32           0.001455768333
   33           0.001455768333
   34           0.001467797993
   35           0.001467797993
   36           0.001754042723
   37           0.001754042723
   38           0.001785620424
   39           0.002105110111
   40           0.002192245598
   41           0.002407066226
   42           0.002921231675
   43           0.002921231675
   44           0.003352941042
   45           0.003458622067
   46           0.003458622067
   47           0.004410585036
   48           0.005058124174
   49           0.005550826312
   50           0.009281461959
   51           0.009281461959
   52           0.009425031453
   53           0.009425031453
   54           0.009765982722
   55           0.009938090886
   56           0.014828955038
   57           0.017872181360
   58           0.051227816326
   59           0.059419536608
   60           0.193124466938
   61           0.231521740145
   62           0.855522439345
   63           0.879113466373
   64           2.881544832564
   65           2.941189001166
   66          10.663789654156
   67          10.802355232231
   68     1000000.000000000000
 
  end of eigenvalues 
 
  Occupied Eigenvectors for: E-
 --------------------------- 
 
                          -4.7323        -4.7323        -0.3093        -0.3093   
 
    1     BE     S       0.595968      -0.019292       0.006833       0.109373
    2     BE     S       0.446209      -0.014445       0.011578       0.185332
    3     BE    Px      -0.000000       0.000000      -0.000000      -0.000000
    4     BE    Py      -0.000000       0.000000       0.000000       0.000000
    5     BE    Pz      -0.000000       0.000000       0.000000      -0.000000
    6     BE     S      -0.004887       0.000158      -0.036412      -0.582862
    7     BE    Px       0.000000      -0.000000      -0.000000      -0.000000
    8     BE    Py       0.000000       0.000000      -0.000000      -0.000000
    9     BE    Pz      -0.000000       0.000000       0.000000       0.000000
   10     BE     S       0.001424      -0.000046      -0.031183      -0.499160
   11     BE    Px      -0.000000       0.000000       0.000000       0.000000
   12     BE    Py       0.000000       0.000000       0.000000       0.000000
   13     BE    Pz      -0.000000       0.000000       0.000000       0.000000
   14     BE     S      -0.000429       0.000014      -0.001393      -0.022300
   15     BE    Px       0.000000      -0.000000       0.000000       0.000000
   16     BE    Py      -0.000000       0.000000       0.000000      -0.000000
   17     BE    Pz       0.000000      -0.000000      -0.000000      -0.000000
   18     BE   Dxx       0.000671      -0.000022       0.000111       0.001769
   19     BE   Dxy      -0.000000       0.000000       0.000000      -0.000000
   20     BE   Dxz      -0.000000       0.000000       0.000000      -0.000000
   21     BE   Dyy       0.000671      -0.000022       0.000111       0.001769
   22     BE   Dyz      -0.000000       0.000000       0.000000      -0.000000
   23     BE   Dzz       0.000671      -0.000022       0.000111       0.001769
   24     BE     S      -0.019292      -0.595968      -0.109373       0.006833
   25     BE     S      -0.014445      -0.446209      -0.185332       0.011578
   26     BE    Px      -0.000000      -0.000000      -0.000000       0.000000
   27     BE    Py       0.000000      -0.000000       0.000000       0.000000
   28     BE    Pz      -0.000000       0.000000       0.000000       0.000000
   29     BE     S       0.000158       0.004887       0.582862      -0.036412
   30     BE    Px       0.000000       0.000000      -0.000000       0.000000
   31     BE    Py      -0.000000       0.000000      -0.000000      -0.000000
   32     BE    Pz      -0.000000       0.000000       0.000000       0.000000
   33     BE     S      -0.000046      -0.001424       0.499160      -0.031183
   34     BE    Px      -0.000000      -0.000000       0.000000      -0.000000
   35     BE    Py      -0.000000       0.000000       0.000000       0.000000
   36     BE    Pz       0.000000      -0.000000      -0.000000      -0.000000
   37     BE     S       0.000014       0.000429       0.022300      -0.001393
   38     BE    Px       0.000000       0.000000       0.000000      -0.000000
   39     BE    Py       0.000000      -0.000000      -0.000000      -0.000000
   40     BE    Pz      -0.000000       0.000000       0.000000       0.000000
   41     BE   Dxx      -0.000022      -0.000671      -0.001769       0.000111
   42     BE   Dxy      -0.000000      -0.000000      -0.000000       0.000000
   43     BE   Dxz      -0.000000       0.000000       0.000000      -0.000000
   44     BE   Dyy      -0.000022      -0.000671      -0.001769       0.000111
   45     BE   Dyz       0.000000      -0.000000       0.000000       0.000000
   46     BE   Dzz      -0.000022      -0.000671      -0.001769       0.000111
 
 
  Occupied Eigenvectors for: POSITRON
 --------------------------- 
 
                          -0.0031   
 
    1     E+     S       0.010345
    2     E+     S       0.153359
    3     E+     S      -0.180287
    4     E+     S      -0.300420
    5     E+     S      -0.388753
    6     E+     S      -0.248586
    7     E+     S      -0.171005
    8     E+     S       0.135237
    9     E+     S       0.008374
   10     E+     S      -0.000001
   11     E+    Px       0.007459
   12     E+    Py      -0.000000
   13     E+    Pz      -0.000000
   14     E+    Px       0.072838
   15     E+    Py       0.000000
   16     E+    Pz       0.000000
   17     E+    Px      -0.002686
   18     E+    Py       0.000000
   19     E+    Pz       0.000000
   20     E+    Px      -0.000318
   21     E+    Py      -0.000000
   22     E+    Pz      -0.000000
   23     E+   Dxx      -0.000798
   24     E+   Dxy      -0.000000
   25     E+   Dxz      -0.000000
   26     E+   Dyy      -0.005868
   27     E+   Dyz       0.000000
   28     E+   Dzz      -0.005868
   29     E+   Dxx       0.005114
   30     E+   Dxy       0.000000
   31     E+   Dxz       0.000000
   32     E+   Dyy      -0.015471
   33     E+   Dyz       0.000000
   34     E+   Dzz      -0.015471
   35     E+     S       0.009143
   36     E+     S      -0.123719
   37     E+     S      -0.001147
   38     E+     S      -0.008185
   39     E+     S      -0.005693
   40     E+     S      -0.006090
   41     E+     S       0.001240
   42     E+     S       0.001293
   43     E+     S      -0.000056
   44     E+     S       0.000048
   45     E+    Px      -0.018681
   46     E+    Py       0.000000
   47     E+    Pz       0.000000
   48     E+    Px       0.083791
   49     E+    Py      -0.000000
   50     E+    Pz      -0.000000
   51     E+    Px      -0.009948
   52     E+    Py       0.000000
   53     E+    Pz       0.000000
   54     E+    Px       0.009044
   55     E+    Py      -0.000000
   56     E+    Pz      -0.000000
   57     E+   Dxx       0.009670
   58     E+   Dxy      -0.000000
   59     E+   Dxz      -0.000000
   60     E+   Dyy       0.000766
   61     E+   Dyz      -0.000000
   62     E+   Dzz       0.000766
   63     E+   Dxx      -0.028371
   64     E+   Dxy       0.000000
   65     E+   Dxz       0.000000
   66     E+   Dyy      -0.000837
   67     E+   Dyz      -0.000000
   68     E+   Dzz      -0.000837
 
 
  end of eigenvectors 
 
  END OF EIGENVALUES AND EIGENVECTORS
 
 
  COMPONENTS OF KINETIC ENERGY: 
 -----------------------------
 
                  E- Kinetic energy =           29.142628633761
            POSITRON Kinetic energy =            0.015659990409
                                     _________________________
               Total kinetic energy =           29.158288624169
 
  COMPONENTS OF POTENTIAL ENERGY: 
 -------------------------------
 
          Fixed potential energy    =            0.284697508897
 
  Quantum/Fixed interaction energy: 
 ----------------------------------
 
          E-/Fixed interact. energy =          -67.833379295976
    POSITRON/Fixed interact. energy =            0.659511250475
                                     _________________________
               Total Q/Fixed energy =          -67.173868045502
 
  Coulomb energy: 
 ------------------
 
               E-/E- Hartree energy =           14.595270869885
   POSITRON/POSITRON Hartree energy =            0.000000000000
         E-/POSITRON Hartree energy =           -0.649578714879
                                     _________________________
               Total Hartree energy =           13.945692155006
 
  Exchange(HF) energy: 
 ----------------------
 
                 E- Exchange energy =           -5.333109453246
           POSITRON Exchange energy =            0.000000000000
                                     _________________________
              Total Exchange energy =           -5.333109453246
 
  External Potential energy: 
 ----------------------------
 
                  E- Ext Pot energy =            0.000000000000
            POSITRON Ext Pot energy =           -0.028692863762
                                     _________________________
    Total External Potential energy =           -0.028692863762
 
  TOTAL ENERGY COMPONENTS: 
 ==========================
 
          TOTAL KINETIC ENERGY      =           29.158288624169
          TOTAL POTENTIAL ENERGY    =          -58.305280698608
                                     _________________________
                       TOTAL ENERGY =          -29.146992074438
 
                 VIRIAL RATIO (V/T) =            1.999612578438
 
 
  END ENERGY COMPONENTS
 
 
** TOTAL CPU Time SCF :      0.218 (s)
** TOTAL Elapsed Time SCF :      0.247 (s)
 
 We are calculating properties for E- in the HF/KS ground state
 We are calculating properties for POSITRON in the HF/KS ground state
 
  POPULATION ANALYSES: 
 ====================
 
 MULLIKEN Population: for E-        
 ---------------------
 
                                    
 
    1     BE     S       1.166391
    2     BE     S       0.823588
    3     BE    Px       0.000000
    4     BE    Py       0.000000
    5     BE    Pz       0.000000
    6     BE     S       1.043694
    7     BE    Px       0.000000
    8     BE    Py      -0.000000
    9     BE    Pz       0.000000
   10     BE     S       0.942124
   11     BE    Px       0.000000
   12     BE    Py       0.000000
   13     BE    Pz      -0.000000
   14     BE     S       0.031424
   15     BE    Px       0.000000
   16     BE    Py       0.000000
   17     BE    Pz       0.000000
   18     BE   Dxx      -0.002407
   19     BE   Dxy       0.000000
   20     BE   Dxz       0.000000
   21     BE   Dyy      -0.002407
   22     BE   Dyz       0.000000
   23     BE   Dzz      -0.002407
   24     BE     S       1.166391
   25     BE     S       0.823588
   26     BE    Px       0.000000
   27     BE    Py       0.000000
   28     BE    Pz       0.000000
   29     BE     S       1.043694
   30     BE    Px       0.000000
   31     BE    Py      -0.000000
   32     BE    Pz       0.000000
   33     BE     S       0.942124
   34     BE    Px       0.000000
   35     BE    Py       0.000000
   36     BE    Pz      -0.000000
   37     BE     S       0.031424
   38     BE    Px       0.000000
   39     BE    Py       0.000000
   40     BE    Pz       0.000000
   41     BE   Dxx      -0.002407
   42     BE   Dxy       0.000000
   43     BE   Dxz       0.000000
   44     BE   Dyy      -0.002407
   45     BE   Dyz       0.000000
   46     BE   Dzz      -0.002407
 
                           __________
              Total =        8.000000
 
  Atomic MULLIKEN Population: for E-        
            BE               4.000000
            BE               4.000000
 
 ...end of MULLIKEN Population
 
 
 END POPULATION ANALYSES 
 
 
  POPULATION ANALYSES: 
 ====================
 
 LOWDIN Population: for E-        
 ---------------------
 
                                    
 
    1     BE     S       1.101745
    2     BE     S       0.875944
    3     BE    Px       0.000000
    4     BE    Py       0.000000
    5     BE    Pz       0.000000
    6     BE     S       0.590908
    7     BE    Px       0.000000
    8     BE    Py       0.000000
    9     BE    Pz       0.000000
   10     BE     S       0.553024
   11     BE    Px       0.000000
   12     BE    Py       0.000000
   13     BE    Pz       0.000000
   14     BE     S       0.204207
   15     BE    Px       0.000000
   16     BE    Py       0.000000
   17     BE    Pz       0.000000
   18     BE   Dxx       0.224724
   19     BE   Dxy       0.000000
   20     BE   Dxz       0.000000
   21     BE   Dyy       0.224724
   22     BE   Dyz       0.000000
   23     BE   Dzz       0.224724
   24     BE     S       1.101745
   25     BE     S       0.875944
   26     BE    Px       0.000000
   27     BE    Py       0.000000
   28     BE    Pz       0.000000
   29     BE     S       0.590908
   30     BE    Px       0.000000
   31     BE    Py       0.000000
   32     BE    Pz       0.000000
   33     BE     S       0.553024
   34     BE    Px       0.000000
   35     BE    Py       0.000000
   36     BE    Pz       0.000000
   37     BE     S       0.204207
   38     BE    Px       0.000000
   39     BE    Py       0.000000
   40     BE    Pz       0.000000
   41     BE   Dxx       0.224724
   42     BE   Dxy       0.000000
   43     BE   Dxz       0.000000
   44     BE   Dyy       0.224724
   45     BE   Dyz       0.000000
   46     BE   Dzz       0.224724
 
                           __________
              Total =        8.000000
 
  Atomic LOWDIN Population: for E-        
            BE               4.000000
            BE               4.000000
 
 ...end of LOWDIN Population
 
 
 END POPULATION ANALYSES 
 
 
  POPULATION ANALYSES: 
 ====================
 
 MULLIKEN Population: for POSITRON  
 ---------------------
 
                                    
 
    1     E+     S      -0.002048
    2     E+     S      -0.059495
    3     E+     S       0.117151
    4     E+     S       0.265329
    5     E+     S       0.371114
    6     E+     S       0.201708
    7     E+     S       0.089581
    8     E+     S      -0.032135
    9     E+     S      -0.000631
   10     E+     S       0.000000
   11     E+    Px      -0.000022
   12     E+    Py       0.000000
   13     E+    Pz       0.000000
   14     E+    Px      -0.000435
   15     E+    Py      -0.000000
   16     E+    Pz      -0.000000
   17     E+    Px       0.000014
   18     E+    Py      -0.000000
   19     E+    Pz      -0.000000
   20     E+    Px       0.000000
   21     E+    Py       0.000000
   22     E+    Pz       0.000000
   23     E+   Dxx       0.000011
   24     E+   Dxy      -0.000000
   25     E+   Dxz      -0.000000
   26     E+   Dyy       0.000075
   27     E+   Dyz      -0.000000
   28     E+   Dzz       0.000075
   29     E+   Dxx      -0.000321
   30     E+   Dxy      -0.000000
   31     E+   Dxz      -0.000000
   32     E+   Dyy       0.000892
   33     E+   Dyz      -0.000000
   34     E+   Dzz       0.000892
   35     E+     S      -0.001358
   36     E+     S       0.021843
   37     E+     S       0.000111
   38     E+     S       0.000295
   39     E+     S       0.000130
   40     E+     S       0.000094
   41     E+     S      -0.000010
   42     E+     S      -0.000004
   43     E+     S       0.000000
   44     E+     S      -0.000000
   45     E+    Px      -0.002873
   46     E+    Py       0.000000
   47     E+    Pz       0.000000
   48     E+    Px       0.023847
   49     E+    Py      -0.000000
   50     E+    Pz      -0.000000
   51     E+    Px      -0.001935
   52     E+    Py       0.000000
   53     E+    Pz       0.000000
   54     E+    Px       0.000373
   55     E+    Py      -0.000000
   56     E+    Pz       0.000000
   57     E+   Dxx      -0.001004
   58     E+   Dxy      -0.000000
   59     E+   Dxz      -0.000000
   60     E+   Dyy      -0.000007
   61     E+   Dyz       0.000000
   62     E+   Dzz      -0.000007
   63     E+   Dxx       0.008704
   64     E+   Dxy       0.000000
   65     E+   Dxz       0.000000
   66     E+   Dyy       0.000024
   67     E+   Dyz       0.000000
   68     E+   Dzz       0.000024
 
                           __________
              Total =        1.000000
 
  Atomic MULLIKEN Population: for POSITRON  
            BE               0.951755
            BE               0.048245
 
 ...end of MULLIKEN Population
 
 
 END POPULATION ANALYSES 
 
 
  POPULATION ANALYSES: 
 ====================
 
 LOWDIN Population: for POSITRON  
 ---------------------
 
                                    
 
    1     E+     S       0.002420
    2     E+     S       0.014985
    3     E+     S       0.090233
    4     E+     S       0.253096
    5     E+     S       0.328795
    6     E+     S       0.215929
    7     E+     S       0.063861
    8     E+     S       0.001085
    9     E+     S       0.000314
   10     E+     S       0.000038
   11     E+    Px       0.000005
   12     E+    Py       0.000000
   13     E+    Pz       0.000000
   14     E+    Px       0.000000
   15     E+    Py       0.000000
   16     E+    Pz       0.000000
   17     E+    Px       0.000012
   18     E+    Py       0.000000
   19     E+    Pz       0.000000
   20     E+    Px       0.000004
   21     E+    Py       0.000000
   22     E+    Pz       0.000000
   23     E+   Dxx       0.000008
   24     E+   Dxy       0.000000
   25     E+   Dxz       0.000000
   26     E+   Dyy       0.000018
   27     E+   Dyz       0.000000
   28     E+   Dzz       0.000018
   29     E+   Dxx       0.000005
   30     E+   Dxy       0.000000
   31     E+   Dxz       0.000000
   32     E+   Dyy       0.000114
   33     E+   Dyz       0.000000
   34     E+   Dzz       0.000114
   35     E+     S       0.001312
   36     E+     S       0.002428
   37     E+     S       0.000549
   38     E+     S       0.000071
   39     E+     S       0.000097
   40     E+     S       0.000057
   41     E+     S       0.000006
   42     E+     S       0.000000
   43     E+     S       0.000000
   44     E+     S       0.000000
   45     E+    Px       0.001722
   46     E+    Py       0.000000
   47     E+    Pz       0.000000
   48     E+    Px       0.008613
   49     E+    Py       0.000000
   50     E+    Pz       0.000000
   51     E+    Px       0.003163
   52     E+    Py      -0.000000
   53     E+    Pz      -0.000000
   54     E+    Px       0.000039
   55     E+    Py       0.000000
   56     E+    Pz       0.000000
   57     E+   Dxx       0.000492
   58     E+   Dxy       0.000000
   59     E+   Dxz       0.000000
   60     E+   Dyy       0.000005
   61     E+   Dyz       0.000000
   62     E+   Dzz       0.000005
   63     E+   Dxx       0.010362
   64     E+   Dxy       0.000000
   65     E+   Dxz       0.000000
   66     E+   Dyy       0.000014
   67     E+   Dyz       0.000000
   68     E+   Dzz       0.000014
 
                           __________
              Total =        1.000000
 
  Atomic LOWDIN Population: for POSITRON  
            BE               0.971052
            BE               0.028948
 
 ...end of LOWDIN Population
 
 
 END POPULATION ANALYSES 
 
 
  EXPECTED POSITIONS OF QUANTUM SPECIES:
 ======================
 
 POSITIONS IN ANGSTROMS
 ------
 
                        <x>      <y>      <z>         
                 E- 118.9590  -0.0000   0.0000
           POSITRON   0.0291   0.0000   0.0000
 
 END EXPECTED POSITIONS
 
 
  ELECTROSTATIC MOMENTS:
 ======================
 
 DIPOLE: (DEBYE)
 ------
 
                           <Dx>         <Dy>         <Dz>          |D|
                 E--571.38453217   0.00000000  -0.00000000
           POSITRON   0.13955480   0.00000000   0.00000000
    Point charges:  571.38453217   0.00000000   0.00000000
                     ____________________________
      Total Dipole:   0.13955480   0.00000000   0.00000000   0.13955480
 
 QUADRUPOLE NON-TRACELESS: (DEBYE ANGS)
 ------
 
                           <xx>         <yy>         <zz>         <xy>         <xz>         <yz>
                 E-   -0.00000000   -0.00000000   -0.00000000   -0.00000000   -0.00000000   -0.00000000
           POSITRON    0.00000000    0.00000000    0.00000000    0.00000000    0.00000000    0.00000000
    Point charges: 16992.83771993    0.00000000    0.00000000    0.00000000    0.00000000    0.00000000
  Total Quadrupole:16992.83771993    0.00000000    0.00000000    0.00000000    0.00000000    0.00000000
                     ____________________________
 
 END ELECTROSTATIC MOMENTS
 

  TOTAL CPU Time:      0.030 (s)
 TOTAL Wall Time:      0.291 (s)
  Elapsed Time:   0h  0m  0s 292ms
LOWDIN execution terminated normally at : Thu Oct 17 19:56:13 2024
-rw-rw-r-- 1 pmorenor pmorenor 704K oct 17 19:56 0E-.ints
-rw-rw-r-- 1 pmorenor pmorenor 2.1M oct 17 19:56 0E-.POSITRON.ints
-rw-rw-r-- 1 pmorenor pmorenor 2.1M oct 17 19:56 0POSITRON.ints
-rw-rw-r-- 1 pmorenor pmorenor 704K oct 17 19:56 1E-.ints
-rw-rw-r-- 1 pmorenor pmorenor 2.1M oct 17 19:56 1E-.POSITRON.ints
-rw-rw-r-- 1 pmorenor pmorenor 2.1M oct 17 19:56 1POSITRON.ints
-rw-rw-r-- 1 pmorenor pmorenor 704K oct 17 19:56 2E-.ints
-rw-rw-r-- 1 pmorenor pmorenor 2.1M oct 17 19:56 2E-.POSITRON.ints
-rw-rw-r-- 1 pmorenor pmorenor 2.1M oct 17 19:56 2POSITRON.ints
-rw-rw-r-- 1 pmorenor pmorenor 704K oct 17 19:56 3E-.ints
-rw-rw-r-- 1 pmorenor pmorenor 2.1M oct 17 19:56 3E-.POSITRON.ints
-rw-rw-r-- 1 pmorenor pmorenor 2.1M oct 17 19:56 3POSITRON.ints
-rw-rw-r-- 1 pmorenor pmorenor   12 oct 17 19:56 E-.POSITRON.nints
-rw-rw-r-- 1 pmorenor pmorenor   65 oct 17 19:56 gepol.inp
-rw-rw-r-- 1 pmorenor pmorenor   91 oct 17 19:56 gepol.xyzr
-rw-rw-r-- 1 pmorenor pmorenor 9.5K oct 17 19:56 lowdin.bas
-rw-rw-r-- 1 pmorenor pmorenor  15K oct 17 19:56 lowdin.dat
-rw-rw-r-- 1 pmorenor pmorenor 691K oct 17 19:56 lowdin.opints
-rw-rw-r-- 1 pmorenor pmorenor  26K oct 17 19:56 lowdin.sys
-rw-rw-r-- 1 pmorenor pmorenor 531K oct 17 19:56 lowdin.wfn
-rw-rw-r-- 1 pmorenor pmorenor  499 oct 17 19:56 usual_272
-rw-rw-r-- 1 pmorenor pmorenor 1.8K oct 17 19:56 usual_272.aux
-rw-rw-r-- 1 pmorenor pmorenor  504 oct 17 19:56 usual_272.lowdin
-rw-rw-r-- 1 pmorenor pmorenor  46K oct 17 19:56 usual_272.out
-rw-rw-r-- 1 pmorenor pmorenor  54K oct 17 19:56 usual_272.vec
