Begin job by input: usual_255.lowdin, for user:   at  mié 27 nov 2024 15:46:22 -05
under operating system Linux helios 5.19.0-46-generic #47-Ubuntu SMP PREEMPT_DYNAMIC Fri Jun 16 13:30:11 UTC 2023 x86_64 x86_64 x86_64 GNU/Linux
Compilation information
  commit: f31d3924f6ee2ce9d77f07edcc1ba27359319d14
  compilation date:  mar 17 sep 2024 16:16:17 -05

BEGIN INPUT INFO:
------------------------------------

GEOMETRY
	Ar	Dirac	0.0 0.0 0.0
	e-(Ar)	6-311++G.d.p 0.0 0.0 0.0
	E+	GRIBAKIN-10S4P2D 0.0 0.0 0.0
	Ar	Dirac	52.8 0.0 0.0
	e-(Ar)	6-311++G.d.p	52.8 0.0 0.0
	E+	GRIBAKIN-10S4P2D 52.8 0.0 0.0 addParticles=-1 
END GEOMETRY

TASKS
        method = "RHF"
END TASKS

EXTERPOTENTIAL
	E- GRIBAKIN0
	E+ AR255
END EXTERPOTENTIAL

CONTROL
	units="BOHRS"
	readCoefficients=F
	convergenceMethod=1
	overlapEigenThreshold=1E-6
	SCFGhostSpecies="POSITRON"
	HFprintEigenvalues=T
	totalEnergyTolerance = 1E-9
END CONTROL


... END INPUT INFO


 LOWDIN execution started at : Wed Nov 27 15:46:22 2024
 ---------------------------------------------------------------
 
 ***************************************************************
 *                   LOWDIN 2.0  (May/2013)                    *
 *                                                             *
 *  R. FLORES-MORENO, E. F. POSADA, F. S. MONCADA, J.ROMERO,   *
 *  J. CHARRY, M. DIAZ-TINOCO, S. A. GONZALEZ, N. F. AGUIRRE,  *
 *  A. REYES                                                   *
 *                                                             *
 *  https://sites.google.com/site/lowdinproject/               *
 *                                                             *
 ***************************************************************
 
 PARSING INPUT... DONE!
 
 LOWDIN IS RUNNING WITH NEXT PARAMETERS: 
 ----------------------------------------
 
         METHOD TYPE:  RHF
         NUMBER OF CORES:     4
         NONELECTRONIC DENSITY GUESS: HCORE
         ELECTRONIC DENSITY GUESS: HCORE
         CRITERIUM OF CONVERGENCE: ENERGY
         NONELECTRONIC ENERGY TOLERANCE IN SCFs:     0.10000E-07
         ELECTRONIC ENERGY TOLERANCE IN SCFs:     0.10000E-07
         TOTAL ENERGY TOLERANCE IN SCFs:     0.10000E-08
         SCHEME OF ITERATION: GLOBAL ITERATIONS
         SCF MAX. SUBITERATIONS - NONELECTRONS :     1
         SCF MAX. SUBITERATIONS - ELECTRONS :     1
         SCF MAX. ITERATIONS - INTERSPECIES :   200
         INTEGRAL STORAGE: DISK
         STACK SIZE FOR ERIS : 30000
         METHOD OF SCF CONVERGENCE: DAMPING
 
  MOLECULAR SYSTEM: usual_255
 -----------------
 
    DESCRIPTION   : usual_255
    CHARGE        :   2
    PUNTUAL GROUP : NONE
 
 
  INFORMATION OF PARTICLES :
 =========================
         Total number of particles   =      39
         Number of quantum particles =      37
         Number of puntual charges   =       2
         Number of quantum species   =       2
 
                 INFORMATION OF QUANTUM SPECIES 
    ----------------------------------------------------------------------
         ID      Symbol            mass     charge      omega     spin     multiplicity
    ----------------------------------------------------------------------
         1             E-         1.0000     -1.00      0.00      0.50      1.00
         2             E+         1.0000      1.00      0.00      0.50      1.00
 
                   CONSTANTS OF COUPLING 
      ------------------------------------------------------------
              Symbol      kappa        eta     lambda occupation
      ------------------------------------------------------------
                  E-      -1.00       2.00       2.00      18.00
                  E+      -1.00       1.00       1.00       1.00
 
                   BASIS SET FOR SPECIES 
      ------------------------------------------------------------
           Symbol          N. Basis     N. Particles     Basis Set
      ------------------------------------------------------------
                 E-           28               36     6-311++G.D
                 E+           32                1     GRIBAKIN-1
 
                                ATOMIC BASIS
         ------------------------------------------------------------
          PRIMITIVE   SHELL             EXPONENT         COEFFICIENT 
         ------------------------------------------------------------
 
    BEGIN DESCRIPTION OF BASIS FOR:    E-
    ==============================
 
 
            AR BASIS SET:   6-311++G.D.P
             1         S           118022.38000000          0.00074700
             2         S            17683.54100000          0.00579000
             3         S             4027.76570000          0.02991900
             4         S             1145.39770000          0.11920600
             5         S              377.16375000          0.36902800
             6         S              138.15969000          0.57645900
             1         S              138.15969000          0.14392700
             2         S               54.98911700          0.62293800
             3         S               23.17066700          0.28396400
             1         S                7.37786000          1.00000000
             1         S                2.92368800          1.00000000
             1         S                0.65040500          1.00000000
             1         S                0.23282500          1.00000000
             1         P              663.06201000          0.00308200
             2         P              157.09281000          0.02416500
             3         P               50.23110000          0.10822300
             4         P               18.63534500          0.29419200
             5         P                7.44653700          0.68786200
             1         P                7.44653700         -0.12144820
             2         P                3.09569800          0.16323700
             1         P                1.10646300          1.00000000
             1         P                0.41560100          1.00000000
             1         P                0.14544900          1.00000000
             1         S                0.06000000          1.00000000
             1         P                0.06000000          1.00000000
             1         D                0.85000000          1.00000000
 
            AR BASIS SET:   6-311++G.D.P
             1         S           118022.38000000          0.00074700
             2         S            17683.54100000          0.00579000
             3         S             4027.76570000          0.02991900
             4         S             1145.39770000          0.11920600
             5         S              377.16375000          0.36902800
             6         S              138.15969000          0.57645900
             1         S              138.15969000          0.14392700
             2         S               54.98911700          0.62293800
             3         S               23.17066700          0.28396400
             1         S                7.37786000          1.00000000
             1         S                2.92368800          1.00000000
             1         S                0.65040500          1.00000000
             1         S                0.23282500          1.00000000
             1         P              663.06201000          0.00308200
             2         P              157.09281000          0.02416500
             3         P               50.23110000          0.10822300
             4         P               18.63534500          0.29419200
             5         P                7.44653700          0.68786200
             1         P                7.44653700         -0.12144820
             2         P                3.09569800          0.16323700
             1         P                1.10646300          1.00000000
             1         P                0.41560100          1.00000000
             1         P                0.14544900          1.00000000
             1         S                0.06000000          1.00000000
             1         P                0.06000000          1.00000000
             1         D                0.85000000          1.00000000
    ... END DESCRIPTION OF BASIS
 
 
    BEGIN DESCRIPTION OF BASIS FOR:    E+
    ==============================
 
 
            E+ BASIS SET:GRIBAKIN-10S4P2
             1         S                0.00010000          1.00000000
             1         S                0.00030000          1.00000000
             1         S                0.00090000          1.00000000
             1         S                0.00270000          1.00000000
             1         S                0.00810000          1.00000000
             1         S                0.02430000          1.00000000
             1         S                0.07290000          1.00000000
             1         S                0.21870000          1.00000000
             1         S                0.65610000          1.00000000
             1         S                1.96830000          1.00000000
             1         P                0.00010000          1.00000000
             1         P                0.00030000          1.00000000
             1         P                0.00090000          1.00000000
             1         P                0.00270000          1.00000000
             1         D                0.00010000          1.00000000
             1         D                0.00030000          1.00000000
 
            E+ BASIS SET:GRIBAKIN-10S4P2
             1         S                0.00010000          1.00000000
             1         S                0.00030000          1.00000000
             1         S                0.00090000          1.00000000
             1         S                0.00270000          1.00000000
             1         S                0.00810000          1.00000000
             1         S                0.02430000          1.00000000
             1         S                0.07290000          1.00000000
             1         S                0.21870000          1.00000000
             1         S                0.65610000          1.00000000
             1         S                1.96830000          1.00000000
             1         P                0.00010000          1.00000000
             1         P                0.00030000          1.00000000
             1         P                0.00090000          1.00000000
             1         P                0.00270000          1.00000000
             1         D                0.00010000          1.00000000
             1         D                0.00030000          1.00000000
    ... END DESCRIPTION OF BASIS
 
 
  END INFORMATION OF PARTICLES
 
 
  INFORMATION OF THE QUANTUM SYSTEM 
     ---------------------------------------------------------------------
                 ID     Occupied Orbitals     Basis size
     ---------------------------------------------------------------------
                 E-           18               62
                 E+            1               68
 
  END INFORMATION OF QUANTUM SYSTEM
 
 
  INFORMATION OF EXTERNAL POTENTIALS 
 
 =======
 External Potential for E- : GRIBAKIN0
 Type : 
                     Exponent         l       R_x       R_y       R_z              Factor
                 0.0010000000         0   0.00000   0.00000   0.00000        0.0000000000
 
 =======
 External Potential for E+ : AR255
 Type : 
                     Exponent         l       R_x       R_y       R_z              Factor
                 0.0010000000         0   0.00000   0.00000   0.00000        0.0000779688
                 0.0020000000         0   0.00000   0.00000   0.00000       -0.0004786853
                 0.0040000000         0   0.00000   0.00000   0.00000        0.0013189164
                 0.0080000000         0   0.00000   0.00000   0.00000       -0.0033441280
                 0.0160000000         0   0.00000   0.00000   0.00000        0.0050907505
                 0.0320000000         0   0.00000   0.00000   0.00000       -0.0151949101
                 0.0640000000         0   0.00000   0.00000   0.00000        0.0049422575
                 0.1280000000         0   0.00000   0.00000   0.00000       -0.1024675180
                 0.2560000000         0   0.00000   0.00000   0.00000       -0.1709080790
                 0.5120000000         0   0.00000   0.00000   0.00000       -1.1786523000
                 1.0000000000         0   0.00000   0.00000   0.00000       -3.9901484000
                 2.0000000000         0   0.00000   0.00000   0.00000      129.9336270000
                 3.0000000000         0   0.00000   0.00000   0.00000    -1317.9950900000
                 4.0000000000         0   0.00000   0.00000   0.00000     7976.3295300000
                 5.0000000000         0   0.00000   0.00000   0.00000   -30887.5711000000
                 6.0000000000         0   0.00000   0.00000   0.00000    78131.7910000000
                 7.0000000000         0   0.00000   0.00000   0.00000  -128444.4630000000
                 8.0000000000         0   0.00000   0.00000   0.00000   132337.9190000000
                 9.0000000000         0   0.00000   0.00000   0.00000   -77735.4212000000
                10.0000000000         0   0.00000   0.00000   0.00000    19907.5941000000
                20.0000000000         0   0.00000   0.00000   0.00000     -135.7052840000
                30.0000000000         0   0.00000   0.00000   0.00000       72.5910786000
                40.0000000000         0   0.00000   0.00000   0.00000      -41.7155821000
                50.0000000000         0   0.00000   0.00000   0.00000       12.4077673000
               100.0000000000         0   0.00000   0.00000   0.00000       -0.2471957670
                 0.0010000000         0  52.80000   0.00000   0.00000        0.0000779688
                 0.0020000000         0  52.80000   0.00000   0.00000       -0.0004786853
                 0.0040000000         0  52.80000   0.00000   0.00000        0.0013189164
                 0.0080000000         0  52.80000   0.00000   0.00000       -0.0033441280
                 0.0160000000         0  52.80000   0.00000   0.00000        0.0050907505
                 0.0320000000         0  52.80000   0.00000   0.00000       -0.0151949101
                 0.0640000000         0  52.80000   0.00000   0.00000        0.0049422575
                 0.1280000000         0  52.80000   0.00000   0.00000       -0.1024675180
                 0.2560000000         0  52.80000   0.00000   0.00000       -0.1709080790
                 0.5120000000         0  52.80000   0.00000   0.00000       -1.1786523000
                 1.0000000000         0  52.80000   0.00000   0.00000       -3.9901484000
                 2.0000000000         0  52.80000   0.00000   0.00000      129.9336270000
                 3.0000000000         0  52.80000   0.00000   0.00000    -1317.9950900000
                 4.0000000000         0  52.80000   0.00000   0.00000     7976.3295300000
                 5.0000000000         0  52.80000   0.00000   0.00000   -30887.5711000000
                 6.0000000000         0  52.80000   0.00000   0.00000    78131.7910000000
                 7.0000000000         0  52.80000   0.00000   0.00000  -128444.4630000000
                 8.0000000000         0  52.80000   0.00000   0.00000   132337.9190000000
                 9.0000000000         0  52.80000   0.00000   0.00000   -77735.4212000000
                10.0000000000         0  52.80000   0.00000   0.00000    19907.5941000000
                20.0000000000         0  52.80000   0.00000   0.00000     -135.7052840000
                30.0000000000         0  52.80000   0.00000   0.00000       72.5910786000
                40.0000000000         0  52.80000   0.00000   0.00000      -41.7155821000
                50.0000000000         0  52.80000   0.00000   0.00000       12.4077673000
               100.0000000000         0  52.80000   0.00000   0.00000       -0.2471957670
 
  END INFORMATION OF EXTERNAL POTENTIALS
 
                       INITIAL GEOMETRY: AMSTRONG
                 -----------------------------------
                       <x>                 <y>                 <z>
      E-AR        0.0000000000        0.0000000000        0.0000000000
      E-AR       27.9405587599        0.0000000000        0.0000000000
        E+        0.0000000000        0.0000000000        0.0000000000
        E+       27.9405587599        0.0000000000        0.0000000000
        AR        0.0000000000        0.0000000000        0.0000000000
        AR       27.9405587599        0.0000000000        0.0000000000
 
                     MATRIX OF DISTANCE: ANGSTROM
                 -----------------------------------
                          AR(1)          AR(2)     
 
        AR(1)            0.000000      27.940559
        AR(2)           27.940559       0.000000
 
--------------------------------------------------------------------------------
** PROGRAM: SCF (Hartree Fock).     Author: S.A. Gonzalez, E. Posada, F. Moncada
--------------------------------------------------------------------------------
INFO: RUNNING IN RHF MODE.
 
----------------------------------------------------------------------
** PROGRAM INTS                          Author: E. F. Posada, 2013   
----------------------------------------------------------------------
INFO: RUNNING IN ONE_PARTICLE MODE.
 
 Number of Overlap integrals for species E-:   3844
 Number of Overlap integrals for species POSITRON:   4624
 Number of Kinetic integrals for species E-:   3844
 Number of Kinetic integrals for species POSITRON:   4624
 Number of Nuclear integrals for species E-:   3844
 Number of Nuclear integrals for species POSITRON:   4624
 Number of Moment integrals for species E-:  11532
 Number of Moment integrals for species POSITRON:  13872
 Number of 3C Overlap integrals for species E-:   3844
 Number of 3C Overlap integrals for species POSITRON:   4624
 
** TOTAL CPU Time INTS :      0.388 (s)
** TOTAL Elapsed Time INTS :      0.148 (s)
 
Removed     1 orbitals for species POSITRON with overlap eigen threshold of 1.000E-06
       Usign  HCORE density guess for species:         E-
     number of         E-     particles in guess density matrix:    36.000000
       Usign  HCORE density guess for species:   POSITRON
     number of   POSITRON     particles in guess density matrix:     0.000000
 Warning!, density matrix with deviation from number of particles    1.000000
 Number of unique integrals for species: 1 = 94771
 Number of unique integrals for species: 2 = 271457
 Number of unique integrals for species: 1 / 2 = 543426 Screened: 96726
 
 TWO-BODY INTEGRAL SETUP: 
------------------------- 
 Storage:   DISK
 Scheme: LIBINT
 Stack size:  30000
 
 LIBINT library, Fermann, J. T.; Valeev, F. L. 2010                   
 LOWDIN-LIBINT Implementation V. 2.1  Posada E. F. ; Reyes A. 2016   
 ----------------------------------------------------------------------

*** TOTAL CPU time intra-species integrals :      0.471 (s)
*** TOTAL elapsed time intra-species integrals :      0.071 (s)


*** TOTAL CPU time inter-species integrals :      0.633 (s)
*** TOTAL elapsed time inter-species integrals :      0.109 (s)

INFO: RUNNING SCHEME SIMULTANEOUS
 
 Begin Multi-Species SCF calculation:
 
 --------------------------------------------------------------------------------------------------
      Iteration                   Energy            Energy Change           Density Change
 --------------------------------------------------------------------------------------------------
              1        -996.367783619354         996.367783619354           0.304259770486
              2       -1028.102031179562          31.734247560208           0.186086775681
              3       -1053.292330447326          25.190299267764           0.017457500545
              4       -1053.567515133538           0.275184686212           0.006041636668
              5       -1053.590242285059           0.022727151521           0.002554410686
              6       -1053.600560448631           0.010318163572           0.002018829031
              7       -1053.607538258281           0.006977809650           0.053009149266
              8       -1053.613881625441           0.006343367161           0.065485450912
              9       -1053.614041262236           0.000159636794           0.000007473534
             10       -1053.614041271265           0.000000009029           0.000003007967
             11       -1053.614041271620           0.000000000354           0.000000488983
 Total energy converged after  11 global iterations                                                  
 
 ...end Multi-Species SCF calculation
 
 
 Begin SCF calculation by: E-
 -------------------------
 
 -----------------------------------------------------------------------------------
 Iteration                   Energy           Density Change         DIIS Error 
 -----------------------------------------------------------------------------------
    1       -1119.657500865941           0.184396969886                 -- 
    2       -1065.917131957513           0.015937643514                 -- 
    3       -1058.016375160103           0.004632160968                 -- 
    4       -1060.216128282421           0.001106765577                 -- 
    5       -1059.660739616775           0.000269723306                 -- 
    6       -1059.774798861204           0.000057643019                 -- 
    7       -1059.745704952474           0.000015001565                 -- 
    8       -1059.751818248995           0.000003165764                 -- 
    9       -1059.750157051987           0.000000982245                 -- 
   10       -1059.750558432729           0.000000207523                 -- 
 
 ... end SCF calculation
 
 Begin SCF calculation by: POSITRON
 -------------------------
 
 -----------------------------------------------------------------------------------
 Iteration                   Energy           Density Change         DIIS Error 
 -----------------------------------------------------------------------------------
    1           0.439986969767           0.001689805795                 -- 
    2           0.000861511625           0.001519857032                 -- 
    3          -0.007386095746           0.001409475700                 -- 
    4          -0.005155530758           0.001447645108                 -- 
    5          -0.003773842347           0.001749105725                 -- 
    6          -0.000215202012           0.052951506247                 -- 
    7           0.000046180318           0.065470449347                 -- 
    8           0.000046188724           0.000004307769                 -- 
    9           0.000046184947           0.000002025723                 -- 
   10           0.000046185500           0.000000281459                 -- 
 
 ... end SCF calculation
 
  EIGENVALUES AND EIGENVECTORS: 
 ==============================
 
 
  Eigenvalues for: E-
 -----------------
 
    1        -118.610400764147
    2        -118.610400764147
    3         -12.322679435994
    4         -12.322679435994
    5          -9.572523452568
    6          -9.572523452568
    7          -9.572523452567
    8          -9.572523452567
    9          -9.572523452567
   10          -9.572523452567
   11          -1.277376702625
   12          -1.277376702625
   13          -0.591387374256
   14          -0.591387374256
   15          -0.591387374224
   16          -0.591387374224
   17          -0.591387374224
   18          -0.591387374224
   19           0.134700334733
   20           0.134700334733
   21           0.152409818924
   22           0.152409818924
   23           0.152409818930
   24           0.152409818930
   25           0.152409818930
   26           0.152409818930
   27           0.709217790654
   28           0.709217790654
   29           0.709217790668
   30           0.709217790668
   31           0.709217790668
   32           0.709217790668
   33           1.072837468986
   34           1.072837468986
   35           1.214864590702
   36           1.214864590702
   37           1.214864590702
   38           1.214864590702
   39           1.214864590703
   40           1.214864590703
   41           1.214864590703
   42           1.214864590703
   43           1.214864590703
   44           1.214864590704
   45           2.743211184617
   46           2.743211184617
   47           2.743211184622
   48           2.743211184622
   49           2.743211184622
   50           2.743211184622
   51           4.434781464691
   52           4.434781464691
   53          14.030004210314
   54          14.030004210314
   55          14.030004210314
   56          14.030004210315
   57          14.030004210327
   58          14.030004210328
   59          16.732879544818
   60          16.732879544819
   61         254.593005183022
   62         254.593005183024
 
 
  Eigenvalues for: POSITRON
 -----------------
 
    1           0.000065100973
    2           0.000131775430
    3           0.000207608137
    4           0.000207608137
    5           0.000254041615
    6           0.000279465820
    7           0.000279465820
    8           0.000281754509
    9           0.000323466458
   10           0.000323466458
   11           0.000405059855
   12           0.000411156589
   13           0.000424519224
   14           0.000424519224
   15           0.000435137879
   16           0.000435137879
   17           0.000562258339
   18           0.000562258340
   19           0.000581408213
   20           0.000720644000
   21           0.000893155675
   22           0.000893155675
   23           0.000907859203
   24           0.001127585887
   25           0.001127585887
   26           0.001143490878
   27           0.001223971608
   28           0.001223971608
   29           0.001235940062
   30           0.001479318789
   31           0.001479318789
   32           0.001482529797
   33           0.001482529797
   34           0.001540615787
   35           0.001762729227
   36           0.001772202328
   37           0.001772202328
   38           0.001822874531
   39           0.002255916321
   40           0.002946246403
   41           0.002946246403
   42           0.003241952880
   43           0.003463253298
   44           0.003531945122
   45           0.003531945122
   46           0.003611095088
   47           0.004601093104
   48           0.007920158195
   49           0.007952227232
   50           0.009796659060
   51           0.009796659060
   52           0.009938228525
   53           0.009938228525
   54           0.010286052452
   55           0.010627384357
   56           0.021236509425
   57           0.021411928808
   58           0.064623968687
   59           0.064675600609
   60           0.217749503695
   61           0.217766861228
   62           0.859405757950
   63           0.859426953422
   64           4.193437482515
   65           4.193472313465
   66          24.144035420395
   67          24.144088604083
   68     1000000.000000000000
 
  end of eigenvalues 
 
  Occupied Eigenvectors for: E-
 --------------------------- 
 
                        -118.6104      -118.6104       -12.3227       -12.3227        -9.5725   
 
    1     AR     S       0.410436      -0.006069      -0.000797       0.123091       0.000000
    2     AR     S       0.655096      -0.009687      -0.002173       0.335851       0.000000
    3     AR     S       0.012404      -0.000183       0.003454      -0.533663      -0.000000
    4     AR     S      -0.001895       0.000028       0.003744      -0.578611      -0.000000
    5     AR     S       0.001139      -0.000017       0.000362      -0.055907       0.000000
    6     AR     S       0.000094      -0.000001      -0.000037       0.005713       0.000000
    7     AR    Px       0.000000      -0.000000      -0.000000       0.000000      -0.972117
    8     AR    Py       0.000000       0.000000      -0.000000      -0.000000       0.003197
    9     AR    Pz       0.000000       0.000000      -0.000000      -0.000000      -0.020714
   10     AR    Px       0.000000      -0.000000      -0.000000       0.000000      -0.186971
   11     AR    Py       0.000000       0.000000      -0.000000      -0.000000       0.000615
   12     AR    Pz       0.000000       0.000000      -0.000000      -0.000000      -0.003984
   13     AR    Px      -0.000000       0.000000       0.000000      -0.000000      -0.041976
   14     AR    Py      -0.000000      -0.000000       0.000000       0.000000       0.000138
   15     AR    Pz      -0.000000      -0.000000       0.000000       0.000000      -0.000894
   16     AR    Px       0.000000      -0.000000      -0.000000       0.000000       0.004086
   17     AR    Py      -0.000000       0.000000      -0.000000      -0.000000      -0.000013
   18     AR    Pz       0.000000       0.000000      -0.000000      -0.000000       0.000087
   19     AR    Px      -0.000000       0.000000       0.000000      -0.000000      -0.001963
   20     AR    Py       0.000000      -0.000000       0.000000       0.000000       0.000006
   21     AR    Pz      -0.000000      -0.000000       0.000000       0.000000      -0.000042
   22     AR     S      -0.000023       0.000000       0.000008      -0.001294      -0.000000
   23     AR    Px       0.000000      -0.000000      -0.000000       0.000000       0.000692
   24     AR    Py      -0.000000       0.000000      -0.000000      -0.000000      -0.000002
   25     AR    Pz       0.000000       0.000000      -0.000000      -0.000000       0.000015
   26     AR   Dxx      -0.000356       0.000005      -0.000039       0.006078       0.000000
   27     AR   Dxy      -0.000000       0.000000      -0.000000      -0.000000      -0.000000
   28     AR   Dxz      -0.000000      -0.000000       0.000000      -0.000000       0.000000
   29     AR   Dyy      -0.000356       0.000005      -0.000039       0.006078      -0.000000
   30     AR   Dyz      -0.000000       0.000000      -0.000000       0.000000       0.000000
   31     AR   Dzz      -0.000356       0.000005      -0.000039       0.006078      -0.000000
   32     AR     S      -0.006069      -0.410436      -0.123091      -0.000797       0.000000
   33     AR     S      -0.009687      -0.655096      -0.335851      -0.002173       0.000000
   34     AR     S      -0.000183      -0.012404       0.533663       0.003454      -0.000000
   35     AR     S       0.000028       0.001895       0.578611       0.003744      -0.000000
   36     AR     S      -0.000017      -0.001139       0.055907       0.000362       0.000000
   37     AR     S      -0.000001      -0.000094      -0.005713      -0.000037       0.000000
   38     AR    Px       0.000000       0.000000       0.000000       0.000000       0.036402
   39     AR    Py      -0.000000       0.000000      -0.000000       0.000000      -0.011824
   40     AR    Pz      -0.000000      -0.000000       0.000000       0.000000      -0.000922
   41     AR    Px       0.000000       0.000000       0.000000       0.000000       0.007001
   42     AR    Py      -0.000000      -0.000000      -0.000000       0.000000      -0.002274
   43     AR    Pz       0.000000      -0.000000       0.000000       0.000000      -0.000177
   44     AR    Px      -0.000000      -0.000000      -0.000000      -0.000000       0.001572
   45     AR    Py       0.000000       0.000000       0.000000      -0.000000      -0.000511
   46     AR    Pz      -0.000000      -0.000000       0.000000      -0.000000      -0.000040
   47     AR    Px       0.000000       0.000000       0.000000       0.000000      -0.000153
   48     AR    Py      -0.000000      -0.000000      -0.000000       0.000000       0.000050
   49     AR    Pz       0.000000       0.000000      -0.000000       0.000000       0.000004
   50     AR    Px      -0.000000      -0.000000      -0.000000      -0.000000       0.000073
   51     AR    Py      -0.000000       0.000000      -0.000000       0.000000      -0.000024
   52     AR    Pz      -0.000000      -0.000000      -0.000000      -0.000000      -0.000002
   53     AR     S       0.000000       0.000023       0.001294       0.000008      -0.000000
   54     AR    Px       0.000000       0.000000       0.000000       0.000000      -0.000026
   55     AR    Py       0.000000      -0.000000       0.000000      -0.000000       0.000008
   56     AR    Pz      -0.000000       0.000000       0.000000       0.000000       0.000001
   57     AR   Dxx       0.000005       0.000356      -0.006078      -0.000039       0.000000
   58     AR   Dxy      -0.000000      -0.000000      -0.000000      -0.000000      -0.000000
   59     AR   Dxz       0.000000      -0.000000      -0.000000      -0.000000      -0.000000
   60     AR   Dyy       0.000005       0.000356      -0.006078      -0.000039      -0.000000
   61     AR   Dyz       0.000000      -0.000000      -0.000000      -0.000000       0.000000
   62     AR   Dzz       0.000005       0.000356      -0.006078      -0.000039      -0.000000
 
                          -9.5725        -9.5725        -9.5725        -9.5725        -9.5725   
 
    1     AR     S       0.000000       0.000000      -0.000000      -0.000000      -0.000000
    2     AR     S       0.000000       0.000000      -0.000000      -0.000000      -0.000000
    3     AR     S      -0.000000      -0.000000       0.000000       0.000000       0.000000
    4     AR     S      -0.000000      -0.000000       0.000000       0.000000       0.000000
    5     AR     S       0.000000       0.000000      -0.000000      -0.000000      -0.000000
    6     AR     S       0.000000       0.000000      -0.000000      -0.000000      -0.000000
    7     AR    Px      -0.036468      -0.019768       0.004599       0.008086       0.009892
    8     AR    Py      -0.001430       0.439646       0.339840       0.463127       0.650874
    9     AR    Pz       0.000485       0.752351       0.229265      -0.086853      -0.565994
   10     AR    Px      -0.007014      -0.003802       0.000885       0.001555       0.001903
   11     AR    Py      -0.000275       0.084559       0.065363       0.089075       0.125185
   12     AR    Pz       0.000093       0.144702       0.044095      -0.016705      -0.108860
   13     AR    Px      -0.001575      -0.000854       0.000199       0.000349       0.000427
   14     AR    Py      -0.000062       0.018984       0.014674       0.019998       0.028105
   15     AR    Pz       0.000021       0.032487       0.009900      -0.003750      -0.024440
   16     AR    Px       0.000153       0.000083      -0.000019      -0.000034      -0.000042
   17     AR    Py       0.000006      -0.001848      -0.001429      -0.001947      -0.002736
   18     AR    Pz      -0.000002      -0.003163      -0.000964       0.000365       0.002379
   19     AR    Px      -0.000074      -0.000040       0.000009       0.000016       0.000020
   20     AR    Py      -0.000003       0.000888       0.000686       0.000935       0.001314
   21     AR    Pz       0.000001       0.001519       0.000463      -0.000175      -0.001143
   22     AR     S      -0.000000      -0.000000       0.000000       0.000000       0.000000
   23     AR    Px       0.000026       0.000014      -0.000003      -0.000006      -0.000007
   24     AR    Py       0.000001      -0.000313      -0.000242      -0.000330      -0.000464
   25     AR    Pz      -0.000000      -0.000536      -0.000163       0.000062       0.000403
   26     AR   Dxx       0.000000       0.000000      -0.000000      -0.000000      -0.000000
   27     AR   Dxy       0.000000      -0.000000      -0.000000      -0.000000      -0.000000
   28     AR   Dxz      -0.000000      -0.000000      -0.000000       0.000000       0.000000
   29     AR   Dyy      -0.000000      -0.000000       0.000000       0.000000       0.000000
   30     AR   Dyz       0.000000      -0.000000       0.000000      -0.000000      -0.000000
   31     AR   Dzz      -0.000000      -0.000000       0.000000       0.000000       0.000000
   32     AR     S      -0.000000       0.000000      -0.000000      -0.000000      -0.000000
   33     AR     S      -0.000000       0.000000      -0.000000      -0.000000      -0.000000
   34     AR     S       0.000000      -0.000000       0.000000       0.000000       0.000000
   35     AR     S       0.000000      -0.000000       0.000000       0.000000       0.000000
   36     AR     S      -0.000000       0.000000      -0.000000      -0.000000      -0.000000
   37     AR     S      -0.000000       0.000000      -0.000000      -0.000000      -0.000000
   38     AR    Px      -0.972406       0.001932      -0.002977      -0.002263      -0.000455
   39     AR    Py       0.003289       0.432597      -0.735102      -0.333325       0.328852
   40     AR    Pz       0.000134      -0.007776       0.488320      -0.783396       0.307714
   41     AR    Px      -0.187026       0.000372      -0.000573      -0.000435      -0.000088
   42     AR    Py       0.000633       0.083203      -0.141385      -0.064110       0.063249
   43     AR    Pz       0.000026      -0.001496       0.093920      -0.150673       0.059184
   44     AR    Px      -0.041989       0.000083      -0.000129      -0.000098      -0.000020
   45     AR    Py       0.000142       0.018680      -0.031742      -0.014393       0.014200
   46     AR    Pz       0.000006      -0.000336       0.021086      -0.033827       0.013287
   47     AR    Px       0.004088      -0.000008       0.000013       0.000010       0.000002
   48     AR    Py      -0.000014      -0.001818       0.003090       0.001401      -0.001382
   49     AR    Pz      -0.000001       0.000033      -0.002053       0.003293      -0.001293
   50     AR    Px      -0.001963       0.000004      -0.000006      -0.000005      -0.000001
   51     AR    Py       0.000007       0.000873      -0.001484      -0.000673       0.000664
   52     AR    Pz       0.000000      -0.000016       0.000986      -0.001582       0.000621
   53     AR     S       0.000000      -0.000000       0.000000       0.000000       0.000000
   54     AR    Px       0.000693      -0.000001       0.000002       0.000002       0.000000
   55     AR    Py      -0.000002      -0.000308       0.000524       0.000237      -0.000234
   56     AR    Pz      -0.000000       0.000006      -0.000348       0.000558      -0.000219
   57     AR   Dxx      -0.000000       0.000000      -0.000000      -0.000000      -0.000000
   58     AR   Dxy       0.000000       0.000000      -0.000000      -0.000000       0.000000
   59     AR   Dxz       0.000000      -0.000000       0.000000      -0.000000       0.000000
   60     AR   Dyy       0.000000      -0.000000       0.000000       0.000000       0.000000
   61     AR   Dyz      -0.000000       0.000000      -0.000000      -0.000000       0.000000
   62     AR   Dzz       0.000000      -0.000000       0.000000       0.000000       0.000000
 
                          -1.2774        -1.2774        -0.5914        -0.5914        -0.5914   
 
    1     AR     S      -0.000359       0.038529      -0.000000       0.000000      -0.000000
    2     AR     S      -0.001049       0.112678      -0.000000       0.000000      -0.000000
    3     AR     S       0.002208      -0.237163       0.000000      -0.000000       0.000000
    4     AR     S       0.003883      -0.417210       0.000000      -0.000000       0.000000
    5     AR     S      -0.006149       0.660632      -0.000000       0.000000      -0.000000
    6     AR     S      -0.005133       0.551470      -0.000000       0.000000      -0.000000
    7     AR    Px       0.000000      -0.000000       0.000041      -0.284748       0.000002
    8     AR    Py      -0.000000      -0.000000       0.000000       0.000003       0.001097
    9     AR    Pz       0.000000      -0.000000       0.000000      -0.000008       0.004009
   10     AR    Px       0.000000      -0.000000       0.000006      -0.040697       0.000000
   11     AR    Py       0.000000       0.000000       0.000000       0.000000       0.000157
   12     AR    Pz       0.000000       0.000000       0.000000      -0.000001       0.000573
   13     AR    Px      -0.000000       0.000000      -0.000046       0.321456      -0.000002
   14     AR    Py      -0.000000      -0.000000      -0.000000      -0.000004      -0.001239
   15     AR    Pz      -0.000000       0.000000      -0.000000       0.000009      -0.004526
   16     AR    Px      -0.000000       0.000000      -0.000080       0.555679      -0.000004
   17     AR    Py       0.000000       0.000000      -0.000001      -0.000006      -0.002141
   18     AR    Pz       0.000000       0.000000      -0.000001       0.000016      -0.007824
   19     AR    Px       0.000000      -0.000000      -0.000041       0.282129      -0.000002
   20     AR    Py      -0.000000      -0.000000      -0.000000      -0.000003      -0.001087
   21     AR    Pz      -0.000000      -0.000000      -0.000000       0.000008      -0.003972
   22     AR     S      -0.000112       0.012079       0.000000      -0.000000       0.000000
   23     AR    Px       0.000000      -0.000000      -0.000001       0.008448      -0.000000
   24     AR    Py       0.000000       0.000000      -0.000000      -0.000000      -0.000033
   25     AR    Pz       0.000000       0.000000      -0.000000       0.000000      -0.000119
   26     AR   Dxx       0.000017      -0.001780       0.000000      -0.000000       0.000000
   27     AR   Dxy       0.000000       0.000000       0.000000       0.000000       0.000000
   28     AR   Dxz      -0.000000       0.000000       0.000000      -0.000000       0.000000
   29     AR   Dyy       0.000017      -0.001780      -0.000000       0.000000      -0.000000
   30     AR   Dyz       0.000000      -0.000000       0.000000       0.000000      -0.000000
   31     AR   Dzz       0.000017      -0.001780      -0.000000       0.000000      -0.000000
   32     AR     S      -0.038529      -0.000359       0.000000       0.000000      -0.000000
   33     AR     S      -0.112678      -0.001049       0.000000       0.000000      -0.000000
   34     AR     S       0.237163       0.002208      -0.000000      -0.000000       0.000000
   35     AR     S       0.417210       0.003883      -0.000000      -0.000000       0.000000
   36     AR     S      -0.660632      -0.006149       0.000000       0.000000      -0.000000
   37     AR     S      -0.551470      -0.005133       0.000000       0.000000      -0.000000
   38     AR    Px      -0.000000      -0.000000       0.284748       0.000041      -0.000015
   39     AR    Py       0.000000      -0.000000       0.000015       0.000002       0.281905
   40     AR    Pz      -0.000000      -0.000000       0.000002       0.000001      -0.039925
   41     AR    Px      -0.000000      -0.000000       0.040697       0.000006      -0.000002
   42     AR    Py       0.000000      -0.000000       0.000002       0.000000       0.040290
   43     AR    Pz      -0.000000      -0.000000       0.000000       0.000000      -0.005706
   44     AR    Px       0.000000       0.000000      -0.321456      -0.000046       0.000017
   45     AR    Py       0.000000       0.000000      -0.000017      -0.000003      -0.318246
   46     AR    Pz       0.000000       0.000000      -0.000003      -0.000001       0.045072
   47     AR    Px       0.000000       0.000000      -0.555679      -0.000080       0.000029
   48     AR    Py       0.000000      -0.000000      -0.000030      -0.000005      -0.550130
   49     AR    Pz       0.000000      -0.000000      -0.000005      -0.000001       0.077912
   50     AR    Px      -0.000000      -0.000000      -0.282129      -0.000041       0.000015
   51     AR    Py       0.000000      -0.000000      -0.000015      -0.000002      -0.279312
   52     AR    Pz      -0.000000       0.000000      -0.000002      -0.000001       0.039558
   53     AR     S      -0.012079      -0.000112      -0.000000      -0.000000       0.000000
   54     AR    Px      -0.000000      -0.000000      -0.008448      -0.000001       0.000000
   55     AR    Py      -0.000000       0.000000      -0.000000      -0.000000      -0.008364
   56     AR    Pz       0.000000      -0.000000      -0.000000      -0.000000       0.001185
   57     AR   Dxx       0.001780       0.000017      -0.000000      -0.000000       0.000000
   58     AR   Dxy      -0.000000       0.000000      -0.000000      -0.000000      -0.000000
   59     AR   Dxz       0.000000      -0.000000      -0.000000      -0.000000       0.000000
   60     AR   Dyy       0.001780       0.000017       0.000000       0.000000      -0.000000
   61     AR   Dyz       0.000000      -0.000000       0.000000       0.000000       0.000000
   62     AR   Dzz       0.001780       0.000017       0.000000       0.000000      -0.000000
 
                          -0.5914        -0.5914        -0.5914   
 
    1     AR     S      -0.000000      -0.000000      -0.000000
    2     AR     S      -0.000000      -0.000000      -0.000000
    3     AR     S       0.000000       0.000000       0.000000
    4     AR     S       0.000000       0.000000       0.000000
    5     AR     S      -0.000000      -0.000000      -0.000000
    6     AR     S      -0.000000      -0.000000      -0.000000
    7     AR    Px       0.000001       0.000004       0.000008
    8     AR    Py      -0.002603       0.283203      -0.029491
    9     AR    Pz      -0.008434      -0.029569      -0.283055
   10     AR    Px       0.000000       0.000001       0.000001
   11     AR    Py      -0.000372       0.040476      -0.004215
   12     AR    Pz      -0.001205      -0.004226      -0.040455
   13     AR    Px      -0.000001      -0.000005      -0.000009
   14     AR    Py       0.002939      -0.319711       0.033293
   15     AR    Pz       0.009521       0.033380       0.319544
   16     AR    Px      -0.000002      -0.000008      -0.000015
   17     AR    Py       0.005080      -0.552664       0.057551
   18     AR    Pz       0.016458       0.057702       0.552375
   19     AR    Px      -0.000001      -0.000004      -0.000008
   20     AR    Py       0.002579      -0.280598       0.029220
   21     AR    Pz       0.008356       0.029297       0.280452
   22     AR     S       0.000000       0.000000       0.000000
   23     AR    Px      -0.000000      -0.000000      -0.000000
   24     AR    Py       0.000077      -0.008403       0.000875
   25     AR    Pz       0.000250       0.000877       0.008398
   26     AR   Dxx      -0.000000       0.000000       0.000000
   27     AR   Dxy      -0.000000       0.000000      -0.000000
   28     AR   Dxz      -0.000000      -0.000000      -0.000000
   29     AR   Dyy      -0.000000      -0.000000      -0.000000
   30     AR   Dyz       0.000000      -0.000000      -0.000000
   31     AR   Dzz      -0.000000      -0.000000      -0.000000
   32     AR     S      -0.000000      -0.000000       0.000000
   33     AR     S      -0.000000      -0.000000       0.000000
   34     AR     S       0.000000       0.000000      -0.000000
   35     AR     S       0.000000       0.000000      -0.000000
   36     AR     S      -0.000000      -0.000000       0.000000
   37     AR     S      -0.000000      -0.000000       0.000000
   38     AR    Px      -0.000005      -0.000000       0.000000
   39     AR    Py       0.040037      -0.000428       0.002845
   40     AR    Pz       0.281781       0.001792      -0.009148
   41     AR    Px      -0.000001      -0.000000       0.000000
   42     AR    Py       0.005722      -0.000061       0.000407
   43     AR    Pz       0.040273       0.000256      -0.001307
   44     AR    Px       0.000005       0.000000      -0.000000
   45     AR    Py      -0.045199       0.000483      -0.003211
   46     AR    Pz      -0.318106      -0.002023       0.010328
   47     AR    Px       0.000009       0.000000      -0.000001
   48     AR    Py      -0.078132       0.000835      -0.005551
   49     AR    Pz      -0.549889      -0.003497       0.017853
   50     AR    Px       0.000005       0.000000      -0.000000
   51     AR    Py      -0.039669       0.000424      -0.002819
   52     AR    Pz      -0.279190      -0.001776       0.009064
   53     AR     S       0.000000       0.000000      -0.000000
   54     AR    Px       0.000000       0.000000      -0.000000
   55     AR    Py      -0.001188       0.000013      -0.000084
   56     AR    Pz      -0.008360      -0.000053       0.000271
   57     AR   Dxx       0.000000       0.000000      -0.000000
   58     AR   Dxy      -0.000000       0.000000      -0.000000
   59     AR   Dxz      -0.000000      -0.000000       0.000000
   60     AR   Dyy      -0.000000      -0.000000       0.000000
   61     AR   Dyz       0.000000       0.000000       0.000000
   62     AR   Dzz      -0.000000      -0.000000       0.000000
 
 
  Occupied Eigenvectors for: POSITRON
 --------------------------- 
 
                           0.0001   
 
    1     E+     S       1.514407
    2     E+     S      -0.411164
    3     E+     S      -0.129739
    4     E+     S       0.016185
    5     E+     S      -0.009417
    6     E+     S      -0.000288
    7     E+     S      -0.001333
    8     E+     S       0.001126
    9     E+     S       0.001037
   10     E+     S      -0.000129
   11     E+    Px      -0.669127
   12     E+    Py      -0.000000
   13     E+    Pz      -0.000000
   14     E+    Px       0.040625
   15     E+    Py       0.000000
   16     E+    Pz       0.000000
   17     E+    Px      -0.010020
   18     E+    Py       0.000000
   19     E+    Pz       0.000000
   20     E+    Px       0.001349
   21     E+    Py      -0.000000
   22     E+    Pz      -0.000000
   23     E+   Dxx      -0.768726
   24     E+   Dxy      -0.000000
   25     E+   Dxz      -0.000000
   26     E+   Dyy      -0.413977
   27     E+   Dyz       0.000000
   28     E+   Dzz      -0.413977
   29     E+   Dxx      -0.206220
   30     E+   Dxy       0.000000
   31     E+   Dxz       0.000000
   32     E+   Dyy      -0.218233
   33     E+   Dyz       0.000000
   34     E+   Dzz      -0.218233
   35     E+     S       1.514407
   36     E+     S      -0.411164
   37     E+     S      -0.129739
   38     E+     S       0.016185
   39     E+     S      -0.009417
   40     E+     S      -0.000288
   41     E+     S      -0.001333
   42     E+     S       0.001126
   43     E+     S       0.001037
   44     E+     S      -0.000129
   45     E+    Px       0.669127
   46     E+    Py       0.000000
   47     E+    Pz       0.000000
   48     E+    Px      -0.040625
   49     E+    Py      -0.000000
   50     E+    Pz      -0.000000
   51     E+    Px       0.010020
   52     E+    Py       0.000000
   53     E+    Pz       0.000000
   54     E+    Px      -0.001349
   55     E+    Py      -0.000000
   56     E+    Pz      -0.000000
   57     E+   Dxx      -0.768726
   58     E+   Dxy      -0.000000
   59     E+   Dxz      -0.000000
   60     E+   Dyy      -0.413977
   61     E+   Dyz      -0.000000
   62     E+   Dzz      -0.413977
   63     E+   Dxx      -0.206220
   64     E+   Dxy       0.000000
   65     E+   Dxz       0.000000
   66     E+   Dyy      -0.218233
   67     E+   Dyz      -0.000000
   68     E+   Dzz      -0.218233
 
 
  end of eigenvectors 
 
  END OF EIGENVALUES AND EIGENVECTORS
 
 
  COMPONENTS OF KINETIC ENERGY: 
 -----------------------------
 
                  E- Kinetic energy =         1053.595735288935
            POSITRON Kinetic energy =            0.000076346670
                                     _________________________
               Total kinetic energy =         1053.595811635605
 
  COMPONENTS OF POTENTIAL ENERGY: 
 -------------------------------
 
          Fixed potential energy    =            6.136363636364
 
  Quantum/Fixed interaction energy: 
 ----------------------------------
 
          E-/Fixed interact. energy =        -2522.288068547505
    POSITRON/Fixed interact. energy =            0.351979767627
                                     _________________________
               Total Q/Fixed energy =        -2521.936088779877
 
  Coulomb energy: 
 ------------------
 
               E-/E- Hartree energy =          469.307615528914
   POSITRON/POSITRON Hartree energy =            0.000000000000
         E-/POSITRON Hartree energy =           -0.351972097893
                                     _________________________
               Total Hartree energy =          468.955643431021
 
  Exchange(HF) energy: 
 ----------------------
 
                 E- Exchange energy =          -60.365752279336
           POSITRON Exchange energy =            0.000000000000
                                     _________________________
              Total Exchange energy =          -60.365752279336
 
  External Potential energy: 
 ----------------------------
 
                  E- Ext Pot energy =            0.000000000000
            POSITRON Ext Pot energy =           -0.000018915473
                                     _________________________
    Total External Potential energy =           -0.000018915473
 
  TOTAL ENERGY COMPONENTS: 
 ==========================
 
          TOTAL KINETIC ENERGY      =         1053.595811635605
          TOTAL POTENTIAL ENERGY    =        -2107.209852907302
                                     _________________________
                       TOTAL ENERGY =        -1053.614041271697
 
                 VIRIAL RATIO (V/T) =            2.000017302305
 
 
  END ENERGY COMPONENTS
 
 
** TOTAL CPU Time SCF :      0.938 (s)
** TOTAL Elapsed Time SCF :      0.354 (s)
 
 We are calculating properties for E- in the HF/KS ground state
 We are calculating properties for POSITRON in the HF/KS ground state
 
  POPULATION ANALYSES: 
 ====================
 
 MULLIKEN Population: for E-        
 ---------------------
 
                                    
 
    1     AR     S       0.777155
    2     AR     S       1.187471
    3     AR     S       0.957554
    4     AR     S       1.016967
    5     AR     S       1.065414
    6     AR     S       0.994040
    7     AR    Px       1.965968
    8     AR    Py       1.965968
    9     AR    Pz       1.965968
   10     AR    Px       0.024934
   11     AR    Py       0.024934
   12     AR    Pz       0.024934
   13     AR    Px       0.499839
   14     AR    Py       0.499839
   15     AR    Pz       0.499839
   16     AR    Px       1.061120
   17     AR    Py       1.061120
   18     AR    Pz       1.061120
   19     AR    Px       0.440275
   20     AR    Py       0.440275
   21     AR    Pz       0.440275
   22     AR     S       0.014997
   23     AR    Px       0.007864
   24     AR    Py       0.007864
   25     AR    Pz       0.007864
   26     AR   Dxx      -0.004532
   27     AR   Dxy       0.000000
   28     AR   Dxz       0.000000
   29     AR   Dyy      -0.004532
   30     AR   Dyz       0.000000
   31     AR   Dzz      -0.004532
   32     AR     S       0.777155
   33     AR     S       1.187471
   34     AR     S       0.957554
   35     AR     S       1.016967
   36     AR     S       1.065414
   37     AR     S       0.994040
   38     AR    Px       1.965968
   39     AR    Py       1.965968
   40     AR    Pz       1.965968
   41     AR    Px       0.024934
   42     AR    Py       0.024934
   43     AR    Pz       0.024934
   44     AR    Px       0.499839
   45     AR    Py       0.499839
   46     AR    Pz       0.499839
   47     AR    Px       1.061120
   48     AR    Py       1.061120
   49     AR    Pz       1.061120
   50     AR    Px       0.440275
   51     AR    Py       0.440275
   52     AR    Pz       0.440275
   53     AR     S       0.014997
   54     AR    Px       0.007864
   55     AR    Py       0.007864
   56     AR    Pz       0.007864
   57     AR   Dxx      -0.004532
   58     AR   Dxy       0.000000
   59     AR   Dxz       0.000000
   60     AR   Dyy      -0.004532
   61     AR   Dyz       0.000000
   62     AR   Dzz      -0.004532
 
                           __________
              Total =       36.000000
 
  Atomic MULLIKEN Population: for E-        
            AR              18.000000
            AR              18.000000
 
 ...end of MULLIKEN Population
 
 
 END POPULATION ANALYSES 
 
 
  POPULATION ANALYSES: 
 ====================
 
 LOWDIN Population: for E-        
 ---------------------
 
                                    
 
    1     AR     S       0.903190
    2     AR     S       1.085074
    3     AR     S       0.953732
    4     AR     S       0.963035
    5     AR     S       0.544209
    6     AR     S       0.563780
    7     AR    Px       1.884791
    8     AR    Py       1.884791
    9     AR    Pz       1.884791
   10     AR    Px       0.100697
   11     AR    Py       0.100697
   12     AR    Pz       0.100697
   13     AR    Px       0.548813
   14     AR    Py       0.548813
   15     AR    Pz       0.548813
   16     AR    Px       0.936024
   17     AR    Py       0.936024
   18     AR    Pz       0.936024
   19     AR    Px       0.452266
   20     AR    Py       0.452266
   21     AR    Pz       0.452266
   22     AR     S       0.148257
   23     AR    Px       0.077408
   24     AR    Py       0.077408
   25     AR    Pz       0.077408
   26     AR   Dxx       0.279574
   27     AR   Dxy       0.000000
   28     AR   Dxz       0.000000
   29     AR   Dyy       0.279574
   30     AR   Dyz       0.000000
   31     AR   Dzz       0.279574
   32     AR     S       0.903190
   33     AR     S       1.085074
   34     AR     S       0.953732
   35     AR     S       0.963035
   36     AR     S       0.544209
   37     AR     S       0.563780
   38     AR    Px       1.884791
   39     AR    Py       1.884791
   40     AR    Pz       1.884791
   41     AR    Px       0.100697
   42     AR    Py       0.100697
   43     AR    Pz       0.100697
   44     AR    Px       0.548813
   45     AR    Py       0.548813
   46     AR    Pz       0.548813
   47     AR    Px       0.936024
   48     AR    Py       0.936024
   49     AR    Pz       0.936024
   50     AR    Px       0.452266
   51     AR    Py       0.452266
   52     AR    Pz       0.452266
   53     AR     S       0.148257
   54     AR    Px       0.077408
   55     AR    Py       0.077408
   56     AR    Pz       0.077408
   57     AR   Dxx       0.279574
   58     AR   Dxy       0.000000
   59     AR   Dxz       0.000000
   60     AR   Dyy       0.279574
   61     AR   Dyz       0.000000
   62     AR   Dzz       0.279574
 
                           __________
              Total =       36.000000
 
  Atomic LOWDIN Population: for E-        
            AR              18.000000
            AR              18.000000
 
 ...end of LOWDIN Population
 
 
 END POPULATION ANALYSES 
 
 
  POPULATION ANALYSES: 
 ====================
 
 MULLIKEN Population: for POSITRON  
 ---------------------
 
                                    
 
    1     E+     S      -1.253004
    2     E+     S       0.199264
    3     E+     S       0.032041
    4     E+     S      -0.001973
    5     E+     S       0.000568
    6     E+     S       0.000009
    7     E+     S       0.000019
    8     E+     S      -0.000006
    9     E+     S      -0.000002
   10     E+     S       0.000000
   11     E+    Px       0.072194
   12     E+    Py       0.000000
   13     E+    Pz       0.000000
   14     E+    Px      -0.001947
   15     E+    Py      -0.000000
   16     E+    Pz      -0.000000
   17     E+    Px       0.000188
   18     E+    Py      -0.000000
   19     E+    Pz      -0.000000
   20     E+    Px      -0.000008
   21     E+    Py       0.000000
   22     E+    Pz       0.000000
   23     E+   Dxx       0.559010
   24     E+   Dxy      -0.000000
   25     E+   Dxz      -0.000000
   26     E+   Dyy       0.288327
   27     E+   Dyz      -0.000000
   28     E+   Dzz       0.288327
   29     E+   Dxx       0.103974
   30     E+   Dxy       0.000000
   31     E+   Dxz       0.000000
   32     E+   Dyy       0.106509
   33     E+   Dyz      -0.000000
   34     E+   Dzz       0.106509
   35     E+     S      -1.253004
   36     E+     S       0.199264
   37     E+     S       0.032041
   38     E+     S      -0.001973
   39     E+     S       0.000568
   40     E+     S       0.000009
   41     E+     S       0.000019
   42     E+     S      -0.000006
   43     E+     S      -0.000002
   44     E+     S       0.000000
   45     E+    Px       0.072194
   46     E+    Py       0.000000
   47     E+    Pz       0.000000
   48     E+    Px      -0.001947
   49     E+    Py      -0.000000
   50     E+    Pz      -0.000000
   51     E+    Px       0.000188
   52     E+    Py       0.000000
   53     E+    Pz       0.000000
   54     E+    Px      -0.000008
   55     E+    Py      -0.000000
   56     E+    Pz      -0.000000
   57     E+   Dxx       0.559010
   58     E+   Dxy      -0.000000
   59     E+   Dxz      -0.000000
   60     E+   Dyy       0.288327
   61     E+   Dyz       0.000000
   62     E+   Dzz       0.288327
   63     E+   Dxx       0.103974
   64     E+   Dxy       0.000000
   65     E+   Dxz       0.000000
   66     E+   Dyy       0.106509
   67     E+   Dyz       0.000000
   68     E+   Dzz       0.106509
 
                           __________
              Total =        1.000000
 
  Atomic MULLIKEN Population: for POSITRON  
            AR               0.500000
            AR               0.500000
 
 ...end of MULLIKEN Population
 
 
 END POPULATION ANALYSES 
 
 
  POPULATION ANALYSES: 
 ====================
 
 LOWDIN Population: for POSITRON  
 ---------------------
 
                                    
 
    1     E+     S       0.042703
    2     E+     S       0.027179
    3     E+     S       0.004427
    4     E+     S       0.000887
    5     E+     S       0.000219
    6     E+     S       0.000059
    7     E+     S       0.000008
    8     E+     S       0.000000
    9     E+     S       0.000000
   10     E+     S       0.000000
   11     E+    Px       0.000143
   12     E+    Py       0.000000
   13     E+    Pz       0.000000
   14     E+    Px       0.000640
   15     E+    Py       0.000000
   16     E+    Pz       0.000000
   17     E+    Px       0.000004
   18     E+    Py       0.000000
   19     E+    Pz       0.000000
   20     E+    Px       0.000009
   21     E+    Py       0.000000
   22     E+    Pz       0.000000
   23     E+   Dxx       0.127233
   24     E+   Dxy       0.000000
   25     E+   Dxz       0.000000
   26     E+   Dyy       0.123295
   27     E+   Dyz       0.000000
   28     E+   Dzz       0.123295
   29     E+   Dxx       0.019466
   30     E+   Dxy       0.000000
   31     E+   Dxz       0.000000
   32     E+   Dyy       0.015215
   33     E+   Dyz       0.000000
   34     E+   Dzz       0.015215
   35     E+     S       0.042703
   36     E+     S       0.027179
   37     E+     S       0.004427
   38     E+     S       0.000887
   39     E+     S       0.000219
   40     E+     S       0.000059
   41     E+     S       0.000008
   42     E+     S       0.000000
   43     E+     S       0.000000
   44     E+     S       0.000000
   45     E+    Px       0.000143
   46     E+    Py       0.000000
   47     E+    Pz       0.000000
   48     E+    Px       0.000640
   49     E+    Py       0.000000
   50     E+    Pz       0.000000
   51     E+    Px       0.000004
   52     E+    Py       0.000000
   53     E+    Pz       0.000000
   54     E+    Px       0.000009
   55     E+    Py       0.000000
   56     E+    Pz       0.000000
   57     E+   Dxx       0.127233
   58     E+   Dxy       0.000000
   59     E+   Dxz       0.000000
   60     E+   Dyy       0.123295
   61     E+   Dyz       0.000000
   62     E+   Dzz       0.123295
   63     E+   Dxx       0.019466
   64     E+   Dxy       0.000000
   65     E+   Dxz       0.000000
   66     E+   Dyy       0.015215
   67     E+   Dyz       0.000000
   68     E+   Dzz       0.015215
 
                           __________
              Total =        1.000000
 
  Atomic LOWDIN Population: for POSITRON  
            AR               0.500000
            AR               0.500000
 
 ...end of LOWDIN Population
 
 
 END POPULATION ANALYSES 
 
 
  EXPECTED POSITIONS OF QUANTUM SPECIES:
 ======================
 
 POSITIONS IN ANGSTROMS
 ------
 
                        <x>      <y>      <z>         
                 E- 502.9300  -0.0000  -0.0000
           POSITRON  13.9703  -0.0000  -0.0000
 
 END EXPECTED POSITIONS
 
 
  ELECTROSTATIC MOMENTS:
 ======================
 
 
 DIPOLE: (A.U.)
 ------
 
                           <Dx>         <Dy>         <Dz>          |D|
                 E--950.40000000   0.00000000   0.00000000
           POSITRON  26.39999997  -0.00000000  -0.00000000
    Point charges:  950.40000000   0.00000000   0.00000000
                     ____________________________
      Total Dipole:  26.39999997  -0.00000000  -0.00000000  26.39999997
 
 DIPOLE: (DEBYE)
 ------
 
                           <Dx>         <Dy>         <Dz>          |D|
                 E-*************   0.00000000   0.00000000
           POSITRON  67.10209801  -0.00000000  -0.00000000
    Point charges: 2415.67553101   0.00000000   0.00000000
                     ____________________________
      Total Dipole:  67.10209801  -0.00000000  -0.00000000  67.10209801
 
 QUADRUPOLE NON-TRACELESS: (DEBYE ANGS)
 ------
 
                           <xx>         <yy>         <zz>         <xy>         <xz>         <yz>
                 E-**************  -23.36330773  -23.36330773    0.00000000    0.00000000    0.00000000
           POSITRON22606.39859860 7863.92320374 7863.92320377   -0.00000000   -0.00000000    0.00000000
    Point charges: 67495.31641922    0.00000000    0.00000000    0.00000000    0.00000000    0.00000000
  Total Quadrupole:22583.03529238 7840.55989601 7840.55989604   -0.00000000   -0.00000000    0.00000000
                     ____________________________
 
 END ELECTROSTATIC MOMENTS
 

  TOTAL CPU Time:      0.264 (s)
 TOTAL Wall Time:      0.408 (s)
  Elapsed Time:   0h  0m  0s 409ms
LOWDIN execution terminated normally at : Wed Nov 27 15:46:23 2024
-rw-rw-r-- 1 pohl pohl 704K nov 27 15:46 0E-.ints
-rw-rw-r-- 1 pohl pohl 3.5M nov 27 15:46 0E-.POSITRON.ints
-rw-rw-r-- 1 pohl pohl 2.1M nov 27 15:46 0POSITRON.ints
-rw-rw-r-- 1 pohl pohl 704K nov 27 15:46 1E-.ints
-rw-rw-r-- 1 pohl pohl 3.5M nov 27 15:46 1E-.POSITRON.ints
-rw-rw-r-- 1 pohl pohl 2.1M nov 27 15:46 1POSITRON.ints
-rw-rw-r-- 1 pohl pohl 704K nov 27 15:46 2E-.ints
-rw-rw-r-- 1 pohl pohl 3.5M nov 27 15:46 2E-.POSITRON.ints
-rw-rw-r-- 1 pohl pohl 2.1M nov 27 15:46 2POSITRON.ints
-rw-rw-r-- 1 pohl pohl 704K nov 27 15:46 3E-.ints
-rw-rw-r-- 1 pohl pohl 3.5M nov 27 15:46 3E-.POSITRON.ints
-rw-rw-r-- 1 pohl pohl 2.1M nov 27 15:46 3POSITRON.ints
-rw-rw-r-- 1 pohl pohl   12 nov 27 15:46 E-.POSITRON.nints
-rw-rw-r-- 1 pohl pohl   65 nov 27 15:46 gepol.inp
-rw-rw-r-- 1 pohl pohl   91 nov 27 15:46 gepol.xyzr
-rw-rw-r-- 1 pohl pohl  12K nov 27 15:46 lowdin.bas
-rw-rw-r-- 1 pohl pohl  16K nov 27 15:46 lowdin.dat
-rw-rw-r-- 1 pohl pohl 867K nov 27 15:46 lowdin.opints
-rw-rw-r-- 1 pohl pohl  32K nov 27 15:46 lowdin.sys
-rw-rw-r-- 1 pohl pohl 865K nov 27 15:46 lowdin.wfn
-rw-rw-r-- 1 pohl pohl  498 nov 27 15:46 usual_255
-rw-rw-r-- 1 pohl pohl 1.8K nov 27 15:46 usual_255.aux
-rw-rw-r-- 1 pohl pohl  503 nov 27 15:46 usual_255.lowdin
-rw-rw-r-- 1 pohl pohl  65K nov 27 15:46 usual_255.out
-rw-rw-r-- 1 pohl pohl  68K nov 27 15:46 usual_255.vec
