Begin job by input: usual_155.lowdin, for user:   at  mié 27 nov 2024 15:45:21 -05
under operating system Linux helios 5.19.0-46-generic #47-Ubuntu SMP PREEMPT_DYNAMIC Fri Jun 16 13:30:11 UTC 2023 x86_64 x86_64 x86_64 GNU/Linux
Compilation information
  commit: f31d3924f6ee2ce9d77f07edcc1ba27359319d14
  compilation date:  mar 17 sep 2024 16:16:17 -05

BEGIN INPUT INFO:
------------------------------------

GEOMETRY
	Ar	Dirac	0.0 0.0 0.0
	e-(Ar)	6-311++G.d.p 0.0 0.0 0.0
	E+	GRIBAKIN-10S4P2D 0.0 0.0 0.0
	Ar	Dirac	32.8 0.0 0.0
	e-(Ar)	6-311++G.d.p	32.8 0.0 0.0
	E+	GRIBAKIN-10S4P2D 32.8 0.0 0.0 addParticles=-1 
END GEOMETRY

TASKS
        method = "RHF"
END TASKS

EXTERPOTENTIAL
	E- GRIBAKIN0
	E+ AR155
END EXTERPOTENTIAL

CONTROL
	units="BOHRS"
	readCoefficients=F
	convergenceMethod=1
	overlapEigenThreshold=1E-6
	SCFGhostSpecies="POSITRON"
	HFprintEigenvalues=T
	totalEnergyTolerance = 1E-9
END CONTROL


... END INPUT INFO


 LOWDIN execution started at : Wed Nov 27 15:45:21 2024
 ---------------------------------------------------------------
 
 ***************************************************************
 *                   LOWDIN 2.0  (May/2013)                    *
 *                                                             *
 *  R. FLORES-MORENO, E. F. POSADA, F. S. MONCADA, J.ROMERO,   *
 *  J. CHARRY, M. DIAZ-TINOCO, S. A. GONZALEZ, N. F. AGUIRRE,  *
 *  A. REYES                                                   *
 *                                                             *
 *  https://sites.google.com/site/lowdinproject/               *
 *                                                             *
 ***************************************************************
 
 PARSING INPUT... DONE!
 
 LOWDIN IS RUNNING WITH NEXT PARAMETERS: 
 ----------------------------------------
 
         METHOD TYPE:  RHF
         NUMBER OF CORES:     4
         NONELECTRONIC DENSITY GUESS: HCORE
         ELECTRONIC DENSITY GUESS: HCORE
         CRITERIUM OF CONVERGENCE: ENERGY
         NONELECTRONIC ENERGY TOLERANCE IN SCFs:     0.10000E-07
         ELECTRONIC ENERGY TOLERANCE IN SCFs:     0.10000E-07
         TOTAL ENERGY TOLERANCE IN SCFs:     0.10000E-08
         SCHEME OF ITERATION: GLOBAL ITERATIONS
         SCF MAX. SUBITERATIONS - NONELECTRONS :     1
         SCF MAX. SUBITERATIONS - ELECTRONS :     1
         SCF MAX. ITERATIONS - INTERSPECIES :   200
         INTEGRAL STORAGE: DISK
         STACK SIZE FOR ERIS : 30000
         METHOD OF SCF CONVERGENCE: DAMPING
 
  MOLECULAR SYSTEM: usual_155
 -----------------
 
    DESCRIPTION   : usual_155
    CHARGE        :   2
    PUNTUAL GROUP : NONE
 
 
  INFORMATION OF PARTICLES :
 =========================
         Total number of particles   =      39
         Number of quantum particles =      37
         Number of puntual charges   =       2
         Number of quantum species   =       2
 
                 INFORMATION OF QUANTUM SPECIES 
    ----------------------------------------------------------------------
         ID      Symbol            mass     charge      omega     spin     multiplicity
    ----------------------------------------------------------------------
         1             E-         1.0000     -1.00      0.00      0.50      1.00
         2             E+         1.0000      1.00      0.00      0.50      1.00
 
                   CONSTANTS OF COUPLING 
      ------------------------------------------------------------
              Symbol      kappa        eta     lambda occupation
      ------------------------------------------------------------
                  E-      -1.00       2.00       2.00      18.00
                  E+      -1.00       1.00       1.00       1.00
 
                   BASIS SET FOR SPECIES 
      ------------------------------------------------------------
           Symbol          N. Basis     N. Particles     Basis Set
      ------------------------------------------------------------
                 E-           28               36     6-311++G.D
                 E+           32                1     GRIBAKIN-1
 
                                ATOMIC BASIS
         ------------------------------------------------------------
          PRIMITIVE   SHELL             EXPONENT         COEFFICIENT 
         ------------------------------------------------------------
 
    BEGIN DESCRIPTION OF BASIS FOR:    E-
    ==============================
 
 
            AR BASIS SET:   6-311++G.D.P
             1         S           118022.38000000          0.00074700
             2         S            17683.54100000          0.00579000
             3         S             4027.76570000          0.02991900
             4         S             1145.39770000          0.11920600
             5         S              377.16375000          0.36902800
             6         S              138.15969000          0.57645900
             1         S              138.15969000          0.14392700
             2         S               54.98911700          0.62293800
             3         S               23.17066700          0.28396400
             1         S                7.37786000          1.00000000
             1         S                2.92368800          1.00000000
             1         S                0.65040500          1.00000000
             1         S                0.23282500          1.00000000
             1         P              663.06201000          0.00308200
             2         P              157.09281000          0.02416500
             3         P               50.23110000          0.10822300
             4         P               18.63534500          0.29419200
             5         P                7.44653700          0.68786200
             1         P                7.44653700         -0.12144820
             2         P                3.09569800          0.16323700
             1         P                1.10646300          1.00000000
             1         P                0.41560100          1.00000000
             1         P                0.14544900          1.00000000
             1         S                0.06000000          1.00000000
             1         P                0.06000000          1.00000000
             1         D                0.85000000          1.00000000
 
            AR BASIS SET:   6-311++G.D.P
             1         S           118022.38000000          0.00074700
             2         S            17683.54100000          0.00579000
             3         S             4027.76570000          0.02991900
             4         S             1145.39770000          0.11920600
             5         S              377.16375000          0.36902800
             6         S              138.15969000          0.57645900
             1         S              138.15969000          0.14392700
             2         S               54.98911700          0.62293800
             3         S               23.17066700          0.28396400
             1         S                7.37786000          1.00000000
             1         S                2.92368800          1.00000000
             1         S                0.65040500          1.00000000
             1         S                0.23282500          1.00000000
             1         P              663.06201000          0.00308200
             2         P              157.09281000          0.02416500
             3         P               50.23110000          0.10822300
             4         P               18.63534500          0.29419200
             5         P                7.44653700          0.68786200
             1         P                7.44653700         -0.12144820
             2         P                3.09569800          0.16323700
             1         P                1.10646300          1.00000000
             1         P                0.41560100          1.00000000
             1         P                0.14544900          1.00000000
             1         S                0.06000000          1.00000000
             1         P                0.06000000          1.00000000
             1         D                0.85000000          1.00000000
    ... END DESCRIPTION OF BASIS
 
 
    BEGIN DESCRIPTION OF BASIS FOR:    E+
    ==============================
 
 
            E+ BASIS SET:GRIBAKIN-10S4P2
             1         S                0.00010000          1.00000000
             1         S                0.00030000          1.00000000
             1         S                0.00090000          1.00000000
             1         S                0.00270000          1.00000000
             1         S                0.00810000          1.00000000
             1         S                0.02430000          1.00000000
             1         S                0.07290000          1.00000000
             1         S                0.21870000          1.00000000
             1         S                0.65610000          1.00000000
             1         S                1.96830000          1.00000000
             1         P                0.00010000          1.00000000
             1         P                0.00030000          1.00000000
             1         P                0.00090000          1.00000000
             1         P                0.00270000          1.00000000
             1         D                0.00010000          1.00000000
             1         D                0.00030000          1.00000000
 
            E+ BASIS SET:GRIBAKIN-10S4P2
             1         S                0.00010000          1.00000000
             1         S                0.00030000          1.00000000
             1         S                0.00090000          1.00000000
             1         S                0.00270000          1.00000000
             1         S                0.00810000          1.00000000
             1         S                0.02430000          1.00000000
             1         S                0.07290000          1.00000000
             1         S                0.21870000          1.00000000
             1         S                0.65610000          1.00000000
             1         S                1.96830000          1.00000000
             1         P                0.00010000          1.00000000
             1         P                0.00030000          1.00000000
             1         P                0.00090000          1.00000000
             1         P                0.00270000          1.00000000
             1         D                0.00010000          1.00000000
             1         D                0.00030000          1.00000000
    ... END DESCRIPTION OF BASIS
 
 
  END INFORMATION OF PARTICLES
 
 
  INFORMATION OF THE QUANTUM SYSTEM 
     ---------------------------------------------------------------------
                 ID     Occupied Orbitals     Basis size
     ---------------------------------------------------------------------
                 E-           18               62
                 E+            1               68
 
  END INFORMATION OF QUANTUM SYSTEM
 
 
  INFORMATION OF EXTERNAL POTENTIALS 
 
 =======
 External Potential for E- : GRIBAKIN0
 Type : 
                     Exponent         l       R_x       R_y       R_z              Factor
                 0.0010000000         0   0.00000   0.00000   0.00000        0.0000000000
 
 =======
 External Potential for E+ : AR155
 Type : 
                     Exponent         l       R_x       R_y       R_z              Factor
                 0.0010000000         0   0.00000   0.00000   0.00000        0.0000779688
                 0.0020000000         0   0.00000   0.00000   0.00000       -0.0004786853
                 0.0040000000         0   0.00000   0.00000   0.00000        0.0013189164
                 0.0080000000         0   0.00000   0.00000   0.00000       -0.0033441280
                 0.0160000000         0   0.00000   0.00000   0.00000        0.0050907505
                 0.0320000000         0   0.00000   0.00000   0.00000       -0.0151949101
                 0.0640000000         0   0.00000   0.00000   0.00000        0.0049422575
                 0.1280000000         0   0.00000   0.00000   0.00000       -0.1024675180
                 0.2560000000         0   0.00000   0.00000   0.00000       -0.1709080790
                 0.5120000000         0   0.00000   0.00000   0.00000       -1.1786523000
                 1.0000000000         0   0.00000   0.00000   0.00000       -3.9901484000
                 2.0000000000         0   0.00000   0.00000   0.00000      129.9336270000
                 3.0000000000         0   0.00000   0.00000   0.00000    -1317.9950900000
                 4.0000000000         0   0.00000   0.00000   0.00000     7976.3295300000
                 5.0000000000         0   0.00000   0.00000   0.00000   -30887.5711000000
                 6.0000000000         0   0.00000   0.00000   0.00000    78131.7910000000
                 7.0000000000         0   0.00000   0.00000   0.00000  -128444.4630000000
                 8.0000000000         0   0.00000   0.00000   0.00000   132337.9190000000
                 9.0000000000         0   0.00000   0.00000   0.00000   -77735.4212000000
                10.0000000000         0   0.00000   0.00000   0.00000    19907.5941000000
                20.0000000000         0   0.00000   0.00000   0.00000     -135.7052840000
                30.0000000000         0   0.00000   0.00000   0.00000       72.5910786000
                40.0000000000         0   0.00000   0.00000   0.00000      -41.7155821000
                50.0000000000         0   0.00000   0.00000   0.00000       12.4077673000
               100.0000000000         0   0.00000   0.00000   0.00000       -0.2471957670
                 0.0010000000         0  32.80000   0.00000   0.00000        0.0000779688
                 0.0020000000         0  32.80000   0.00000   0.00000       -0.0004786853
                 0.0040000000         0  32.80000   0.00000   0.00000        0.0013189164
                 0.0080000000         0  32.80000   0.00000   0.00000       -0.0033441280
                 0.0160000000         0  32.80000   0.00000   0.00000        0.0050907505
                 0.0320000000         0  32.80000   0.00000   0.00000       -0.0151949101
                 0.0640000000         0  32.80000   0.00000   0.00000        0.0049422575
                 0.1280000000         0  32.80000   0.00000   0.00000       -0.1024675180
                 0.2560000000         0  32.80000   0.00000   0.00000       -0.1709080790
                 0.5120000000         0  32.80000   0.00000   0.00000       -1.1786523000
                 1.0000000000         0  32.80000   0.00000   0.00000       -3.9901484000
                 2.0000000000         0  32.80000   0.00000   0.00000      129.9336270000
                 3.0000000000         0  32.80000   0.00000   0.00000    -1317.9950900000
                 4.0000000000         0  32.80000   0.00000   0.00000     7976.3295300000
                 5.0000000000         0  32.80000   0.00000   0.00000   -30887.5711000000
                 6.0000000000         0  32.80000   0.00000   0.00000    78131.7910000000
                 7.0000000000         0  32.80000   0.00000   0.00000  -128444.4630000000
                 8.0000000000         0  32.80000   0.00000   0.00000   132337.9190000000
                 9.0000000000         0  32.80000   0.00000   0.00000   -77735.4212000000
                10.0000000000         0  32.80000   0.00000   0.00000    19907.5941000000
                20.0000000000         0  32.80000   0.00000   0.00000     -135.7052840000
                30.0000000000         0  32.80000   0.00000   0.00000       72.5910786000
                40.0000000000         0  32.80000   0.00000   0.00000      -41.7155821000
                50.0000000000         0  32.80000   0.00000   0.00000       12.4077673000
               100.0000000000         0  32.80000   0.00000   0.00000       -0.2471957670
 
  END INFORMATION OF EXTERNAL POTENTIALS
 
                       INITIAL GEOMETRY: AMSTRONG
                 -----------------------------------
                       <x>                 <y>                 <z>
      E-AR        0.0000000000        0.0000000000        0.0000000000
      E-AR       17.3570137751        0.0000000000        0.0000000000
        E+        0.0000000000        0.0000000000        0.0000000000
        E+       17.3570137751        0.0000000000        0.0000000000
        AR        0.0000000000        0.0000000000        0.0000000000
        AR       17.3570137751        0.0000000000        0.0000000000
 
                     MATRIX OF DISTANCE: ANGSTROM
                 -----------------------------------
                          AR(1)          AR(2)     
 
        AR(1)            0.000000      17.357014
        AR(2)           17.357014       0.000000
 
--------------------------------------------------------------------------------
** PROGRAM: SCF (Hartree Fock).     Author: S.A. Gonzalez, E. Posada, F. Moncada
--------------------------------------------------------------------------------
INFO: RUNNING IN RHF MODE.
 
----------------------------------------------------------------------
** PROGRAM INTS                          Author: E. F. Posada, 2013   
----------------------------------------------------------------------
INFO: RUNNING IN ONE_PARTICLE MODE.
 
 Number of Overlap integrals for species E-:   3844
 Number of Overlap integrals for species POSITRON:   4624
 Number of Kinetic integrals for species E-:   3844
 Number of Kinetic integrals for species POSITRON:   4624
 Number of Nuclear integrals for species E-:   3844
 Number of Nuclear integrals for species POSITRON:   4624
 Number of Moment integrals for species E-:  11532
 Number of Moment integrals for species POSITRON:  13872
 Number of 3C Overlap integrals for species E-:   3844
 Number of 3C Overlap integrals for species POSITRON:   4624
 
** TOTAL CPU Time INTS :      0.385 (s)
** TOTAL Elapsed Time INTS :      0.149 (s)
 
Removed     2 orbitals for species POSITRON with overlap eigen threshold of 1.000E-06
       Usign  HCORE density guess for species:         E-
     number of         E-     particles in guess density matrix:    36.000000
       Usign  HCORE density guess for species:   POSITRON
     number of   POSITRON     particles in guess density matrix:     0.000000
 Warning!, density matrix with deviation from number of particles    1.000000
 Number of unique integrals for species: 1 = 99277
 Number of unique integrals for species: 2 = 303799
 Number of unique integrals for species: 1 / 2 = 556460 Screened: 75282
 
 TWO-BODY INTEGRAL SETUP: 
------------------------- 
 Storage:   DISK
 Scheme: LIBINT
 Stack size:  30000
 
 LIBINT library, Fermann, J. T.; Valeev, F. L. 2010                   
 LOWDIN-LIBINT Implementation V. 2.1  Posada E. F. ; Reyes A. 2016   
 ----------------------------------------------------------------------

*** TOTAL CPU time intra-species integrals :      0.480 (s)
*** TOTAL elapsed time intra-species integrals :      0.073 (s)


*** TOTAL CPU time inter-species integrals :      0.663 (s)
*** TOTAL elapsed time inter-species integrals :      0.132 (s)

INFO: RUNNING SCHEME SIMULTANEOUS
 
 Begin Multi-Species SCF calculation:
 
 --------------------------------------------------------------------------------------------------
      Iteration                   Energy            Energy Change           Density Change
 --------------------------------------------------------------------------------------------------
              1        -996.367861386067         996.367861386067           0.304175751872
              2       -1028.109091949364          31.741230563297           0.186065672161
              3       -1053.294499348546          25.185407399182           0.017406542108
              4       -1053.569840560461           0.275341211915           0.005961984414
              5       -1053.592703647495           0.022863087035           0.002440069789
              6       -1053.602594802273           0.009891154778           0.001957084829
              7       -1053.609118034808           0.006523232535           0.383747561832
              8       -1053.614039819421           0.004921784613           0.000156191781
              9       -1053.614039920890           0.000000101468           0.000020150649
             10       -1053.614039930055           0.000000009165           0.000009244215
             11       -1053.614039930392           0.000000000337           0.000001295834
 Total energy converged after  11 global iterations                                                  
 
 ...end Multi-Species SCF calculation
 
 
 Begin SCF calculation by: E-
 -------------------------
 
 -----------------------------------------------------------------------------------
 Iteration                   Energy           Density Change         DIIS Error 
 -----------------------------------------------------------------------------------
    1       -1123.399165154070           0.184396899637                 -- 
    2       -1069.658804028149           0.015937590511                 -- 
    3       -1061.758066649507           0.004632140217                 -- 
    4       -1063.957812175395           0.001106761028                 -- 
    5       -1063.402424868509           0.000269723034                 -- 
    6       -1063.516484047409           0.000057643068                 -- 
    7       -1063.487390087755           0.000015001621                 -- 
    8       -1063.493503410623           0.000003165808                 -- 
    9       -1063.491842187786           0.000000982272                 -- 
   10       -1063.492243397575           0.000000207105                 -- 
 
 ... end SCF calculation
 
 Begin SCF calculation by: POSITRON
 -------------------------
 
 -----------------------------------------------------------------------------------
 Iteration                   Energy           Density Change         DIIS Error 
 -----------------------------------------------------------------------------------
    1           0.426813076374           0.001668772524                 -- 
    2           0.000211137931           0.001468951597                 -- 
    3          -0.007454338408           0.001329844196                 -- 
    4          -0.005247706116           0.001333308761                 -- 
    5          -0.003614972302           0.001687361795                 -- 
    6           0.000043654401           0.383689918765                 -- 
    7           0.000043569216           0.000141190160                 -- 
    8           0.000043580091           0.000016984841                 -- 
    9           0.000043575156           0.000008261943                 -- 
   10           0.000043575868           0.000001088729                 -- 
 
 ... end SCF calculation
 
  EIGENVALUES AND EIGENVECTORS: 
 ==============================
 
 
  Eigenvalues for: E-
 -----------------
 
    1        -118.610400697233
    2        -118.610400697233
    3         -12.322679390433
    4         -12.322679390433
    5          -9.572523405006
    6          -9.572523405006
    7          -9.572523405005
    8          -9.572523405004
    9          -9.572523405004
   10          -9.572523405004
   11          -1.277376687845
   12          -1.277376687845
   13          -0.591387361538
   14          -0.591387361538
   15          -0.591387361404
   16          -0.591387361404
   17          -0.591387361404
   18          -0.591387361404
   19           0.134700335940
   20           0.134700335940
   21           0.152409819373
   22           0.152409819384
   23           0.152409819410
   24           0.152409819410
   25           0.152409819410
   26           0.152409819410
   27           0.709217794587
   28           0.709217794594
   29           0.709217794649
   30           0.709217794649
   31           0.709217794649
   32           0.709217794649
   33           1.072837476533
   34           1.072837476533
   35           1.214864607180
   36           1.214864607180
   37           1.214864607180
   38           1.214864607180
   39           1.214864607185
   40           1.214864607185
   41           1.214864607185
   42           1.214864607185
   43           1.214864607187
   44           1.214864607187
   45           2.743211200284
   46           2.743211200286
   47           2.743211200307
   48           2.743211200308
   49           2.743211200308
   50           2.743211200308
   51           4.434781483302
   52           4.434781483303
   53          14.030004238372
   54          14.030004238372
   55          14.030004238372
   56          14.030004238373
   57          14.030004238427
   58          14.030004238428
   59          16.732879581349
   60          16.732879581350
   61         254.593005247274
   62         254.593005247278
 
 
  Eigenvalues for: POSITRON
 -----------------
 
    1           0.000066442199
    2           0.000135983694
    3           0.000209826204
    4           0.000209826204
    5           0.000255691667
    6           0.000281596130
    7           0.000281596131
    8           0.000284008043
    9           0.000327816247
   10           0.000327816247
   11           0.000423907485
   12           0.000427899807
   13           0.000429324622
   14           0.000429324622
   15           0.000441341460
   16           0.000441341460
   17           0.000569981297
   18           0.000569981305
   19           0.000585801787
   20           0.000722960334
   21           0.000910324809
   22           0.000910324809
   23           0.000962566405
   24           0.001150945338
   25           0.001150945339
   26           0.001152025511
   27           0.001249988157
   28           0.001249988157
   29           0.001451275880
   30           0.001515768504
   31           0.001515768504
   32           0.001518223845
   33           0.001518223845
   34           0.001537619643
   35           0.001815425205
   36           0.001815425207
   37           0.001882894552
   38           0.001901271320
   39           0.002979640593
   40           0.002979640593
   41           0.003213680050
   42           0.003659099775
   43           0.003784975686
   44           0.003784975686
   45           0.003979545414
   46           0.004601031010
   47           0.007712131887
   48           0.007976744018
   49           0.009319790596
   50           0.009319790596
   51           0.009828613632
   52           0.010546206748
   53           0.010546206748
   54           0.012914827854
   55           0.021527141055
   56           0.021577581400
   57           0.064440491356
   58           0.065217272171
   59           0.217734535546
   60           0.218138987627
   61           0.859366444191
   62           0.859832074257
   63           4.193385661696
   64           4.193858213339
   65          24.143963989569
   66          24.144623677081
   67     1000000.000000000000
   68     1000000.000000000000
 
  end of eigenvalues 
 
  Occupied Eigenvectors for: E-
 --------------------------- 
 
                        -118.6104      -118.6104       -12.3227       -12.3227        -9.5725   
 
    1     AR     S      -0.023525       0.409806       0.122509      -0.011990       0.000000
    2     AR     S      -0.037549       0.654091       0.334261      -0.032714       0.000000
    3     AR     S      -0.000711       0.012385      -0.531136       0.051982      -0.000000
    4     AR     S       0.000109      -0.001892      -0.575872       0.056361      -0.000000
    5     AR     S      -0.000065       0.001137      -0.055642       0.005446       0.000000
    6     AR     S      -0.000005       0.000094       0.005686      -0.000556       0.000000
    7     AR    Px       0.000000      -0.000000       0.000000      -0.000000      -0.242503
    8     AR    Py      -0.000000      -0.000000       0.000000      -0.000000      -0.000153
    9     AR    Pz       0.000000       0.000000      -0.000000       0.000000      -0.000394
   10     AR    Px      -0.000000       0.000000       0.000000      -0.000000      -0.046641
   11     AR    Py      -0.000000      -0.000000       0.000000      -0.000000      -0.000029
   12     AR    Pz       0.000000       0.000000      -0.000000       0.000000      -0.000076
   13     AR    Px       0.000000      -0.000000       0.000000      -0.000000      -0.010471
   14     AR    Py       0.000000       0.000000      -0.000000       0.000000      -0.000007
   15     AR    Pz      -0.000000      -0.000000       0.000000      -0.000000      -0.000017
   16     AR    Px      -0.000000       0.000000      -0.000000       0.000000       0.001019
   17     AR    Py      -0.000000      -0.000000       0.000000      -0.000000       0.000001
   18     AR    Pz       0.000000       0.000000      -0.000000       0.000000       0.000002
   19     AR    Px       0.000000      -0.000000      -0.000000       0.000000      -0.000490
   20     AR    Py       0.000000       0.000000      -0.000000       0.000000      -0.000000
   21     AR    Pz      -0.000000      -0.000000       0.000000      -0.000000      -0.000001
   22     AR     S       0.000001      -0.000023      -0.001288       0.000126      -0.000000
   23     AR    Px      -0.000000       0.000000       0.000000      -0.000000       0.000173
   24     AR    Py      -0.000000      -0.000000       0.000000      -0.000000       0.000000
   25     AR    Pz       0.000000       0.000000      -0.000000       0.000000       0.000000
   26     AR   Dxx       0.000020      -0.000356       0.006049      -0.000592       0.000000
   27     AR   Dxy       0.000000      -0.000000      -0.000000       0.000000       0.000000
   28     AR   Dxz       0.000000       0.000000       0.000000      -0.000000       0.000000
   29     AR   Dyy       0.000020      -0.000356       0.006049      -0.000592      -0.000000
   30     AR   Dyz      -0.000000      -0.000000       0.000000      -0.000000      -0.000000
   31     AR   Dzz       0.000020      -0.000356       0.006049      -0.000592      -0.000000
   32     AR     S      -0.409806      -0.023525       0.011990       0.122509      -0.000000
   33     AR     S      -0.654091      -0.037549       0.032714       0.334261      -0.000000
   34     AR     S      -0.012385      -0.000711      -0.051982      -0.531136       0.000000
   35     AR     S       0.001892       0.000109      -0.056361      -0.575872       0.000000
   36     AR     S      -0.001137      -0.000065      -0.005446      -0.055642      -0.000000
   37     AR     S      -0.000094      -0.000005       0.000556       0.005686      -0.000000
   38     AR    Px      -0.000000      -0.000000      -0.000000      -0.000000      -0.942383
   39     AR    Py       0.000000      -0.000000       0.000000      -0.000000      -0.000175
   40     AR    Pz       0.000000       0.000000      -0.000000       0.000000       0.004824
   41     AR    Px       0.000000       0.000000      -0.000000      -0.000000      -0.181252
   42     AR    Py       0.000000      -0.000000      -0.000000       0.000000      -0.000034
   43     AR    Pz      -0.000000       0.000000      -0.000000      -0.000000       0.000928
   44     AR    Px      -0.000000      -0.000000      -0.000000      -0.000000      -0.040692
   45     AR    Py      -0.000000       0.000000       0.000000      -0.000000      -0.000008
   46     AR    Pz       0.000000      -0.000000       0.000000       0.000000       0.000208
   47     AR    Px       0.000000       0.000000       0.000000       0.000000       0.003961
   48     AR    Py       0.000000      -0.000000      -0.000000      -0.000000       0.000001
   49     AR    Pz      -0.000000       0.000000      -0.000000      -0.000000      -0.000020
   50     AR    Px      -0.000000      -0.000000       0.000000       0.000000      -0.001903
   51     AR    Py      -0.000000       0.000000       0.000000       0.000000      -0.000000
   52     AR    Pz       0.000000      -0.000000      -0.000000       0.000000       0.000010
   53     AR     S       0.000023       0.000001      -0.000126      -0.001288       0.000000
   54     AR    Px       0.000000       0.000000      -0.000000      -0.000000       0.000671
   55     AR    Py       0.000000      -0.000000       0.000000      -0.000000       0.000000
   56     AR    Pz      -0.000000       0.000000       0.000000      -0.000000      -0.000003
   57     AR   Dxx       0.000356       0.000020       0.000592       0.006049      -0.000000
   58     AR   Dxy       0.000000       0.000000       0.000000      -0.000000      -0.000000
   59     AR   Dxz      -0.000000      -0.000000      -0.000000       0.000000       0.000000
   60     AR   Dyy       0.000356       0.000020       0.000592       0.006049       0.000000
   61     AR   Dyz      -0.000000      -0.000000      -0.000000      -0.000000      -0.000000
   62     AR   Dzz       0.000356       0.000020       0.000592       0.006049       0.000000
 
                          -9.5725        -9.5725        -9.5725        -9.5725        -9.5725   
 
    1     AR     S      -0.000000      -0.000000      -0.000000       0.000000       0.000000
    2     AR     S      -0.000000      -0.000000      -0.000000       0.000000       0.000000
    3     AR     S       0.000000       0.000000       0.000000      -0.000000      -0.000000
    4     AR     S       0.000000       0.000000       0.000000      -0.000000      -0.000000
    5     AR     S      -0.000000      -0.000000      -0.000000       0.000000       0.000000
    6     AR     S      -0.000000      -0.000000      -0.000000       0.000000       0.000000
    7     AR    Px       0.942198       0.000491       0.003201      -0.000359      -0.018978
    8     AR    Py       0.000609      -0.643605      -0.079795       0.725386      -0.011645
    9     AR    Pz      -0.000151      -0.726300      -0.022496      -0.647096      -0.012796
   10     AR    Px       0.181216       0.000095       0.000616      -0.000069      -0.003650
   11     AR    Py       0.000117      -0.123787      -0.015347       0.139516      -0.002240
   12     AR    Pz      -0.000029      -0.139692      -0.004327      -0.124458      -0.002461
   13     AR    Px       0.040684       0.000021       0.000138      -0.000016      -0.000819
   14     AR    Py       0.000026      -0.027791      -0.003446       0.031322      -0.000503
   15     AR    Pz      -0.000007      -0.031362      -0.000971      -0.027942      -0.000553
   16     AR    Px      -0.003961      -0.000002      -0.000013       0.000002       0.000080
   17     AR    Py      -0.000003       0.002705       0.000335      -0.003049       0.000049
   18     AR    Pz       0.000001       0.003053       0.000095       0.002720       0.000054
   19     AR    Px       0.001902       0.000001       0.000006      -0.000001      -0.000038
   20     AR    Py       0.000001      -0.001299      -0.000161       0.001465      -0.000024
   21     AR    Pz      -0.000000      -0.001466      -0.000045      -0.001307      -0.000026
   22     AR     S       0.000000       0.000000       0.000000      -0.000000      -0.000000
   23     AR    Px      -0.000671      -0.000000      -0.000002       0.000000       0.000014
   24     AR    Py      -0.000000       0.000458       0.000057      -0.000517       0.000008
   25     AR    Pz       0.000000       0.000517       0.000016       0.000461       0.000009
   26     AR   Dxx      -0.000000      -0.000000      -0.000000       0.000000       0.000000
   27     AR   Dxy      -0.000000       0.000000       0.000000      -0.000000       0.000000
   28     AR   Dxz       0.000000       0.000000       0.000000       0.000000       0.000000
   29     AR   Dyy       0.000000       0.000000       0.000000      -0.000000      -0.000000
   30     AR   Dyz       0.000000      -0.000000      -0.000000      -0.000000       0.000000
   31     AR   Dzz       0.000000       0.000000       0.000000      -0.000000      -0.000000
   32     AR     S      -0.000000       0.000000       0.000000       0.000000       0.000000
   33     AR     S      -0.000000       0.000000       0.000000       0.000000       0.000000
   34     AR     S       0.000000      -0.000000      -0.000000      -0.000000      -0.000000
   35     AR     S       0.000000      -0.000000      -0.000000      -0.000000      -0.000000
   36     AR     S      -0.000000       0.000000       0.000000       0.000000       0.000000
   37     AR     S      -0.000000       0.000000       0.000000       0.000000       0.000000
   38     AR    Px      -0.242353       0.000136       0.000014       0.000284       0.009805
   39     AR    Py       0.005705       0.067025      -0.961555      -0.044291       0.125859
   40     AR    Pz       0.020263      -0.026144       0.124272       0.005942       0.964531
   41     AR    Px      -0.046613       0.000026       0.000003       0.000055       0.001886
   42     AR    Py       0.001097       0.012891      -0.184939      -0.008519       0.024207
   43     AR    Pz       0.003897      -0.005028       0.023902       0.001143       0.185512
   44     AR    Px      -0.010465       0.000006       0.000001       0.000012       0.000423
   45     AR    Py       0.000246       0.002894      -0.041520      -0.001912       0.005435
   46     AR    Pz       0.000875      -0.001129       0.005366       0.000257       0.041648
   47     AR    Px       0.001019      -0.000001      -0.000000      -0.000001      -0.000041
   48     AR    Py      -0.000024      -0.000282       0.004042       0.000186      -0.000529
   49     AR    Pz      -0.000085       0.000110      -0.000522      -0.000025      -0.004054
   50     AR    Px      -0.000489       0.000000       0.000000       0.000001       0.000020
   51     AR    Py       0.000012       0.000135      -0.001941      -0.000089       0.000254
   52     AR    Pz       0.000041      -0.000053       0.000251       0.000012       0.001947
   53     AR     S       0.000000      -0.000000      -0.000000      -0.000000      -0.000000
   54     AR    Px       0.000173      -0.000000      -0.000000      -0.000000      -0.000007
   55     AR    Py      -0.000004      -0.000048       0.000685       0.000032      -0.000090
   56     AR    Pz      -0.000014       0.000019      -0.000089      -0.000004      -0.000687
   57     AR   Dxx      -0.000000       0.000000       0.000000       0.000000       0.000000
   58     AR   Dxy       0.000000       0.000000      -0.000000      -0.000000       0.000000
   59     AR   Dxz       0.000000      -0.000000       0.000000       0.000000       0.000000
   60     AR   Dyy       0.000000      -0.000000      -0.000000      -0.000000      -0.000000
   61     AR   Dyz       0.000000       0.000000      -0.000000       0.000000      -0.000000
   62     AR   Dzz       0.000000      -0.000000      -0.000000      -0.000000      -0.000000
 
                          -1.2774        -1.2774        -0.5914        -0.5914        -0.5914   
 
    1     AR     S       0.000076      -0.038530       0.000000      -0.000000       0.000000
    2     AR     S       0.000222      -0.112683       0.000000      -0.000000       0.000000
    3     AR     S      -0.000468       0.237173      -0.000000       0.000000      -0.000000
    4     AR     S      -0.000823       0.417227      -0.000000       0.000000      -0.000000
    5     AR     S       0.001302      -0.660659       0.000000      -0.000000       0.000000
    6     AR     S       0.001087      -0.551493       0.000000      -0.000000       0.000000
    7     AR    Px      -0.000000       0.000000      -0.001526       0.284744      -0.000003
    8     AR    Py      -0.000000       0.000000       0.000000      -0.000000       0.028762
    9     AR    Pz       0.000000      -0.000000      -0.000000       0.000000      -0.050700
   10     AR    Px      -0.000000       0.000000      -0.000218       0.040696      -0.000000
   11     AR    Py       0.000000       0.000000       0.000000      -0.000000       0.004111
   12     AR    Pz       0.000000      -0.000000      -0.000000       0.000000      -0.007246
   13     AR    Px       0.000000      -0.000000       0.001723      -0.321451       0.000003
   14     AR    Py       0.000000      -0.000000      -0.000000       0.000000      -0.032470
   15     AR    Pz      -0.000000       0.000000       0.000000      -0.000000       0.057236
   16     AR    Px       0.000000      -0.000000       0.002978      -0.555671       0.000006
   17     AR    Py      -0.000000       0.000000      -0.000000       0.000001      -0.056129
   18     AR    Pz       0.000000      -0.000000       0.000000      -0.000001       0.098940
   19     AR    Px      -0.000000       0.000000       0.001512      -0.282125       0.000003
   20     AR    Py       0.000000      -0.000000      -0.000000       0.000000      -0.028498
   21     AR    Pz      -0.000000       0.000000       0.000000      -0.000000       0.050234
   22     AR     S       0.000024      -0.012079      -0.000000       0.000000      -0.000000
   23     AR    Px      -0.000000       0.000000       0.000045      -0.008448       0.000000
   24     AR    Py      -0.000000       0.000000      -0.000000       0.000000      -0.000853
   25     AR    Pz       0.000000      -0.000000       0.000000      -0.000000       0.001504
   26     AR   Dxx      -0.000004       0.001780      -0.000000       0.000000      -0.000000
   27     AR   Dxy      -0.000000       0.000000       0.000000      -0.000000       0.000000
   28     AR   Dxz       0.000000       0.000000      -0.000000       0.000000      -0.000000
   29     AR   Dyy      -0.000004       0.001780       0.000000      -0.000000       0.000000
   30     AR   Dyz       0.000000       0.000000      -0.000000      -0.000000       0.000000
   31     AR   Dzz      -0.000004       0.001780       0.000000      -0.000000       0.000000
   32     AR     S      -0.038530      -0.000076      -0.000000      -0.000000      -0.000000
   33     AR     S      -0.112683      -0.000222      -0.000000      -0.000000      -0.000000
   34     AR     S       0.237173       0.000468       0.000000       0.000000       0.000000
   35     AR     S       0.417227       0.000823       0.000000       0.000000       0.000000
   36     AR     S      -0.660659      -0.001302      -0.000000      -0.000000      -0.000000
   37     AR     S      -0.551493      -0.001087      -0.000000      -0.000000      -0.000000
   38     AR    Px      -0.000000      -0.000000      -0.284744      -0.001526      -0.000001
   39     AR    Py       0.000000       0.000000       0.000001      -0.000004      -0.262228
   40     AR    Pz      -0.000000      -0.000000      -0.000000       0.000001      -0.094447
   41     AR    Px      -0.000000      -0.000000      -0.040696      -0.000218      -0.000000
   42     AR    Py       0.000000       0.000000       0.000000      -0.000001      -0.037478
   43     AR    Pz      -0.000000       0.000000      -0.000000       0.000000      -0.013499
   44     AR    Px       0.000000       0.000000       0.321451       0.001723       0.000001
   45     AR    Py      -0.000000      -0.000000      -0.000001       0.000004       0.296032
   46     AR    Pz       0.000000       0.000000       0.000000      -0.000001       0.106623
   47     AR    Px       0.000000       0.000000       0.555671       0.002978       0.000001
   48     AR    Py       0.000000       0.000000      -0.000001       0.000007       0.511732
   49     AR    Pz       0.000000      -0.000000       0.000000      -0.000002       0.184311
   50     AR    Px      -0.000000      -0.000000       0.282125       0.001512       0.000001
   51     AR    Py       0.000000      -0.000000      -0.000001       0.000004       0.259816
   52     AR    Pz      -0.000000       0.000000       0.000000      -0.000001       0.093579
   53     AR     S      -0.012079      -0.000024       0.000000       0.000000       0.000000
   54     AR    Px      -0.000000      -0.000000       0.008448       0.000045       0.000000
   55     AR    Py      -0.000000       0.000000      -0.000000       0.000000       0.007780
   56     AR    Pz       0.000000      -0.000000       0.000000      -0.000000       0.002802
   57     AR   Dxx       0.001780       0.000004       0.000000       0.000000       0.000000
   58     AR   Dxy       0.000000       0.000000      -0.000000       0.000000       0.000000
   59     AR   Dxz      -0.000000       0.000000       0.000000      -0.000000       0.000000
   60     AR   Dyy       0.001780       0.000004      -0.000000      -0.000000      -0.000000
   61     AR   Dyz      -0.000000       0.000000      -0.000000      -0.000000      -0.000000
   62     AR   Dzz       0.001780       0.000004      -0.000000      -0.000000      -0.000000
 
                          -0.5914        -0.5914        -0.5914   
 
    1     AR     S      -0.000000       0.000000      -0.000000
    2     AR     S      -0.000000       0.000000      -0.000000
    3     AR     S       0.000000      -0.000000       0.000000
    4     AR     S       0.000000      -0.000000       0.000000
    5     AR     S      -0.000000       0.000000      -0.000000
    6     AR     S      -0.000000       0.000000      -0.000000
    7     AR    Px       0.000002      -0.000001       0.000000
    8     AR    Py       0.049134      -0.226619      -0.162739
    9     AR    Pz      -0.031236       0.153586      -0.232264
   10     AR    Px       0.000000      -0.000000       0.000000
   11     AR    Py       0.007022      -0.032389      -0.023259
   12     AR    Pz      -0.004464       0.021951      -0.033196
   13     AR    Px      -0.000003       0.000001      -0.000000
   14     AR    Py      -0.055468       0.255833       0.183718
   15     AR    Pz       0.035262      -0.173385       0.262206
   16     AR    Px      -0.000004       0.000001      -0.000001
   17     AR    Py      -0.095884       0.442241       0.317581
   18     AR    Pz       0.060956      -0.299719       0.453258
   19     AR    Px      -0.000002       0.000001      -0.000000
   20     AR    Py      -0.048682       0.224535       0.161242
   21     AR    Pz       0.030949      -0.152173       0.230128
   22     AR     S       0.000000      -0.000000       0.000000
   23     AR    Px      -0.000000       0.000000      -0.000000
   24     AR    Py      -0.001458       0.006724       0.004828
   25     AR    Pz       0.000927      -0.004557       0.006891
   26     AR   Dxx       0.000000      -0.000000       0.000000
   27     AR   Dxy       0.000000      -0.000000      -0.000000
   28     AR   Dxz      -0.000000       0.000000      -0.000000
   29     AR   Dyy      -0.000000       0.000000      -0.000000
   30     AR   Dyz      -0.000000      -0.000000      -0.000000
   31     AR   Dzz      -0.000000       0.000000      -0.000000
   32     AR     S       0.000000      -0.000000       0.000000
   33     AR     S       0.000000      -0.000000       0.000000
   34     AR     S      -0.000000       0.000000      -0.000000
   35     AR     S      -0.000000       0.000000      -0.000000
   36     AR     S       0.000000      -0.000000       0.000000
   37     AR     S       0.000000      -0.000000       0.000000
   38     AR    Px       0.000000      -0.000000       0.000000
   39     AR    Py       0.104498      -0.028233       0.024518
   40     AR    Pz      -0.258403      -0.073073       0.007047
   41     AR    Px       0.000000      -0.000000       0.000000
   42     AR    Py       0.014935      -0.004035       0.003504
   43     AR    Pz      -0.036931      -0.010444       0.001007
   44     AR    Px      -0.000000       0.000000      -0.000000
   45     AR    Py      -0.117969       0.031872      -0.027679
   46     AR    Pz       0.291714       0.082493      -0.007956
   47     AR    Px      -0.000001       0.000000      -0.000000
   48     AR    Py      -0.203925       0.055095      -0.047847
   49     AR    Pz       0.504266       0.142601      -0.013753
   50     AR    Px      -0.000000       0.000000      -0.000000
   51     AR    Py      -0.103537       0.027973      -0.024293
   52     AR    Pz       0.256026       0.072401      -0.006983
   53     AR     S      -0.000000       0.000000      -0.000000
   54     AR    Px      -0.000000       0.000000      -0.000000
   55     AR    Py      -0.003100       0.000838      -0.000727
   56     AR    Pz       0.007667       0.002168      -0.000209
   57     AR   Dxx      -0.000000      -0.000000      -0.000000
   58     AR   Dxy      -0.000000       0.000000      -0.000000
   59     AR   Dxz       0.000000       0.000000      -0.000000
   60     AR   Dyy       0.000000      -0.000000       0.000000
   61     AR   Dyz       0.000000       0.000000      -0.000000
   62     AR   Dzz       0.000000      -0.000000       0.000000
 
 
  Occupied Eigenvectors for: POSITRON
 --------------------------- 
 
                           0.0001   
 
    1     E+     S       1.913105
    2     E+     S      -0.298642
    3     E+     S      -0.129021
    4     E+     S       0.017992
    5     E+     S      -0.009807
    6     E+     S      -0.000490
    7     E+     S      -0.001414
    8     E+     S       0.001223
    9     E+     S       0.001143
   10     E+     S      -0.000142
   11     E+    Px      -2.720512
   12     E+    Py      -0.000000
   13     E+    Pz      -0.000000
   14     E+    Px      -0.049380
   15     E+    Py       0.000000
   16     E+    Pz       0.000000
   17     E+    Px      -0.003304
   18     E+    Py       0.000000
   19     E+    Pz       0.000000
   20     E+    Px       0.001593
   21     E+    Py      -0.000000
   22     E+    Pz      -0.000000
   23     E+   Dxx      -1.198814
   24     E+   Dxy      -0.000000
   25     E+   Dxz      -0.000000
   26     E+   Dyy      -0.385758
   27     E+   Dyz       0.000000
   28     E+   Dzz      -0.385758
   29     E+   Dxx      -0.244976
   30     E+   Dxy       0.000000
   31     E+   Dxz       0.000000
   32     E+   Dyy      -0.194972
   33     E+   Dyz       0.000000
   34     E+   Dzz      -0.194972
   35     E+     S       1.913105
   36     E+     S      -0.298642
   37     E+     S      -0.129021
   38     E+     S       0.017992
   39     E+     S      -0.009807
   40     E+     S      -0.000490
   41     E+     S      -0.001414
   42     E+     S       0.001223
   43     E+     S       0.001143
   44     E+     S      -0.000142
   45     E+    Px       2.720512
   46     E+    Py       0.000000
   47     E+    Pz       0.000000
   48     E+    Px       0.049380
   49     E+    Py      -0.000000
   50     E+    Pz      -0.000000
   51     E+    Px       0.003304
   52     E+    Py       0.000000
   53     E+    Pz       0.000000
   54     E+    Px      -0.001593
   55     E+    Py      -0.000000
   56     E+    Pz      -0.000000
   57     E+   Dxx      -1.198814
   58     E+   Dxy      -0.000000
   59     E+   Dxz      -0.000000
   60     E+   Dyy      -0.385758
   61     E+   Dyz      -0.000000
   62     E+   Dzz      -0.385758
   63     E+   Dxx      -0.244976
   64     E+   Dxy       0.000000
   65     E+   Dxz       0.000000
   66     E+   Dyy      -0.194972
   67     E+   Dyz      -0.000000
   68     E+   Dzz      -0.194972
 
 
  end of eigenvectors 
 
  END OF EIGENVALUES AND EIGENVECTORS
 
 
  COMPONENTS OF KINETIC ENERGY: 
 -----------------------------
 
                  E- Kinetic energy =         1053.595734881382
            POSITRON Kinetic energy =            0.000080053644
                                     _________________________
               Total kinetic energy =         1053.595814935026
 
  COMPONENTS OF POTENTIAL ENERGY: 
 -------------------------------
 
          Fixed potential energy    =            9.878048780488
 
  Quantum/Fixed interaction energy: 
 ----------------------------------
 
          E-/Fixed interact. energy =        -2529.771438063187
    POSITRON/Fixed interact. energy =            0.366180434797
                                     _________________________
               Total Q/Fixed energy =        -2529.405257628390
 
  Coulomb energy: 
 ------------------
 
               E-/E- Hartree energy =          473.049300277271
   POSITRON/POSITRON Hartree energy =            0.000000000000
         E-/POSITRON Hartree energy =           -0.366171179962
                                     _________________________
               Total Hartree energy =          472.683129097310
 
  Exchange(HF) energy: 
 ----------------------
 
                 E- Exchange energy =          -60.365752248582
           POSITRON Exchange energy =            0.000000000000
                                     _________________________
              Total Exchange energy =          -60.365752248582
 
  External Potential energy: 
 ----------------------------
 
                  E- Ext Pot energy =            0.000000000000
            POSITRON Ext Pot energy =           -0.000022866331
                                     _________________________
    Total External Potential energy =           -0.000022866331
 
  TOTAL ENERGY COMPONENTS: 
 ==========================
 
          TOTAL KINETIC ENERGY      =         1053.595814935026
          TOTAL POTENTIAL ENERGY    =        -2107.209854865506
                                     _________________________
                       TOTAL ENERGY =        -1053.614039930479
 
                 VIRIAL RATIO (V/T) =            2.000017297900
 
 
  END ENERGY COMPONENTS
 
 
** TOTAL CPU Time SCF :      1.069 (s)
** TOTAL Elapsed Time SCF :      0.403 (s)
 
 We are calculating properties for E- in the HF/KS ground state
 We are calculating properties for POSITRON in the HF/KS ground state
 
  POPULATION ANALYSES: 
 ====================
 
 MULLIKEN Population: for E-        
 ---------------------
 
                                    
 
    1     AR     S       0.777155
    2     AR     S       1.187471
    3     AR     S       0.957554
    4     AR     S       1.016967
    5     AR     S       1.065414
    6     AR     S       0.994040
    7     AR    Px       1.965968
    8     AR    Py       1.965968
    9     AR    Pz       1.965968
   10     AR    Px       0.024934
   11     AR    Py       0.024934
   12     AR    Pz       0.024934
   13     AR    Px       0.499839
   14     AR    Py       0.499839
   15     AR    Pz       0.499839
   16     AR    Px       1.061120
   17     AR    Py       1.061120
   18     AR    Pz       1.061120
   19     AR    Px       0.440275
   20     AR    Py       0.440275
   21     AR    Pz       0.440275
   22     AR     S       0.014997
   23     AR    Px       0.007864
   24     AR    Py       0.007864
   25     AR    Pz       0.007864
   26     AR   Dxx      -0.004532
   27     AR   Dxy       0.000000
   28     AR   Dxz       0.000000
   29     AR   Dyy      -0.004532
   30     AR   Dyz       0.000000
   31     AR   Dzz      -0.004532
   32     AR     S       0.777155
   33     AR     S       1.187471
   34     AR     S       0.957554
   35     AR     S       1.016967
   36     AR     S       1.065414
   37     AR     S       0.994040
   38     AR    Px       1.965968
   39     AR    Py       1.965968
   40     AR    Pz       1.965968
   41     AR    Px       0.024934
   42     AR    Py       0.024934
   43     AR    Pz       0.024934
   44     AR    Px       0.499839
   45     AR    Py       0.499839
   46     AR    Pz       0.499839
   47     AR    Px       1.061120
   48     AR    Py       1.061120
   49     AR    Pz       1.061120
   50     AR    Px       0.440275
   51     AR    Py       0.440275
   52     AR    Pz       0.440275
   53     AR     S       0.014997
   54     AR    Px       0.007864
   55     AR    Py       0.007864
   56     AR    Pz       0.007864
   57     AR   Dxx      -0.004532
   58     AR   Dxy       0.000000
   59     AR   Dxz       0.000000
   60     AR   Dyy      -0.004532
   61     AR   Dyz       0.000000
   62     AR   Dzz      -0.004532
 
                           __________
              Total =       36.000000
 
  Atomic MULLIKEN Population: for E-        
            AR              18.000000
            AR              18.000000
 
 ...end of MULLIKEN Population
 
 
 END POPULATION ANALYSES 
 
 
  POPULATION ANALYSES: 
 ====================
 
 LOWDIN Population: for E-        
 ---------------------
 
                                    
 
    1     AR     S       0.903190
    2     AR     S       1.085074
    3     AR     S       0.953732
    4     AR     S       0.963035
    5     AR     S       0.544209
    6     AR     S       0.563780
    7     AR    Px       1.884791
    8     AR    Py       1.884791
    9     AR    Pz       1.884791
   10     AR    Px       0.100697
   11     AR    Py       0.100697
   12     AR    Pz       0.100697
   13     AR    Px       0.548813
   14     AR    Py       0.548813
   15     AR    Pz       0.548813
   16     AR    Px       0.936024
   17     AR    Py       0.936024
   18     AR    Pz       0.936024
   19     AR    Px       0.452266
   20     AR    Py       0.452266
   21     AR    Pz       0.452266
   22     AR     S       0.148257
   23     AR    Px       0.077408
   24     AR    Py       0.077408
   25     AR    Pz       0.077408
   26     AR   Dxx       0.279574
   27     AR   Dxy       0.000000
   28     AR   Dxz       0.000000
   29     AR   Dyy       0.279574
   30     AR   Dyz       0.000000
   31     AR   Dzz       0.279574
   32     AR     S       0.903190
   33     AR     S       1.085074
   34     AR     S       0.953732
   35     AR     S       0.963035
   36     AR     S       0.544209
   37     AR     S       0.563780
   38     AR    Px       1.884791
   39     AR    Py       1.884791
   40     AR    Pz       1.884791
   41     AR    Px       0.100697
   42     AR    Py       0.100697
   43     AR    Pz       0.100697
   44     AR    Px       0.548813
   45     AR    Py       0.548813
   46     AR    Pz       0.548813
   47     AR    Px       0.936024
   48     AR    Py       0.936024
   49     AR    Pz       0.936024
   50     AR    Px       0.452266
   51     AR    Py       0.452266
   52     AR    Pz       0.452266
   53     AR     S       0.148257
   54     AR    Px       0.077408
   55     AR    Py       0.077408
   56     AR    Pz       0.077408
   57     AR   Dxx       0.279574
   58     AR   Dxy       0.000000
   59     AR   Dxz       0.000000
   60     AR   Dyy       0.279574
   61     AR   Dyz       0.000000
   62     AR   Dzz       0.279574
 
                           __________
              Total =       36.000000
 
  Atomic LOWDIN Population: for E-        
            AR              18.000000
            AR              18.000000
 
 ...end of LOWDIN Population
 
 
 END POPULATION ANALYSES 
 
 
  POPULATION ANALYSES: 
 ====================
 
 MULLIKEN Population: for POSITRON  
 ---------------------
 
                                    
 
    1     E+     S      -1.622585
    2     E+     S       0.151299
    3     E+     S       0.034189
    4     E+     S      -0.002398
    5     E+     S       0.000650
    6     E+     S       0.000016
    7     E+     S       0.000022
    8     E+     S      -0.000007
    9     E+     S      -0.000002
   10     E+     S       0.000000
   11     E+    Px       0.198319
   12     E+    Py      -0.000000
   13     E+    Pz      -0.000000
   14     E+    Px       0.001815
   15     E+    Py      -0.000000
   16     E+    Pz      -0.000000
   17     E+    Px       0.000067
   18     E+    Py      -0.000000
   19     E+    Pz      -0.000000
   20     E+    Px      -0.000015
   21     E+    Py       0.000000
   22     E+    Pz       0.000000
   23     E+   Dxx       0.870673
   24     E+   Dxy      -0.000000
   25     E+   Dxz       0.000000
   26     E+   Dyy       0.272621
   27     E+   Dyz      -0.000000
   28     E+   Dzz       0.272621
   29     E+   Dxx       0.125909
   30     E+   Dxy       0.000000
   31     E+   Dxz       0.000000
   32     E+   Dyy       0.098404
   33     E+   Dyz      -0.000000
   34     E+   Dzz       0.098404
   35     E+     S      -1.622585
   36     E+     S       0.151299
   37     E+     S       0.034189
   38     E+     S      -0.002398
   39     E+     S       0.000650
   40     E+     S       0.000016
   41     E+     S       0.000022
   42     E+     S      -0.000007
   43     E+     S      -0.000002
   44     E+     S       0.000000
   45     E+    Px       0.198319
   46     E+    Py       0.000000
   47     E+    Pz       0.000000
   48     E+    Px       0.001815
   49     E+    Py      -0.000000
   50     E+    Pz      -0.000000
   51     E+    Px       0.000067
   52     E+    Py       0.000000
   53     E+    Pz       0.000000
   54     E+    Px      -0.000015
   55     E+    Py      -0.000000
   56     E+    Pz      -0.000000
   57     E+   Dxx       0.870673
   58     E+   Dxy      -0.000000
   59     E+   Dxz       0.000000
   60     E+   Dyy       0.272621
   61     E+   Dyz       0.000000
   62     E+   Dzz       0.272621
   63     E+   Dxx       0.125909
   64     E+   Dxy       0.000000
   65     E+   Dxz       0.000000
   66     E+   Dyy       0.098404
   67     E+   Dyz       0.000000
   68     E+   Dzz       0.098404
 
                           __________
              Total =        1.000000
 
  Atomic MULLIKEN Population: for POSITRON  
            AR               0.500000
            AR               0.500000
 
 ...end of MULLIKEN Population
 
 
 END POPULATION ANALYSES 
 
 
  POPULATION ANALYSES: 
 ====================
 
 LOWDIN Population: for POSITRON  
 ---------------------
 
                                    
 
    1     E+     S       0.043867
    2     E+     S       0.028381
    3     E+     S       0.005387
    4     E+     S       0.001096
    5     E+     S       0.000268
    6     E+     S       0.000071
    7     E+     S       0.000010
    8     E+     S       0.000000
    9     E+     S       0.000001
   10     E+     S       0.000000
   11     E+    Px       0.000050
   12     E+    Py      -0.000000
   13     E+    Pz      -0.000000
   14     E+    Px       0.000737
   15     E+    Py       0.000000
   16     E+    Pz      -0.000000
   17     E+    Px       0.000000
   18     E+    Py       0.000000
   19     E+    Pz       0.000000
   20     E+    Px       0.000009
   21     E+    Py       0.000000
   22     E+    Pz       0.000000
   23     E+   Dxx       0.127369
   24     E+   Dxy       0.000000
   25     E+   Dxz       0.000000
   26     E+   Dyy       0.120616
   27     E+   Dyz       0.000000
   28     E+   Dzz       0.120616
   29     E+   Dxx       0.018694
   30     E+   Dxy       0.000000
   31     E+   Dxz       0.000000
   32     E+   Dyy       0.016415
   33     E+   Dyz       0.000000
   34     E+   Dzz       0.016415
   35     E+     S       0.043867
   36     E+     S       0.028381
   37     E+     S       0.005387
   38     E+     S       0.001096
   39     E+     S       0.000268
   40     E+     S       0.000071
   41     E+     S       0.000010
   42     E+     S       0.000000
   43     E+     S       0.000001
   44     E+     S       0.000000
   45     E+    Px       0.000050
   46     E+    Py      -0.000000
   47     E+    Pz      -0.000000
   48     E+    Px       0.000737
   49     E+    Py       0.000000
   50     E+    Pz      -0.000000
   51     E+    Px       0.000000
   52     E+    Py       0.000000
   53     E+    Pz       0.000000
   54     E+    Px       0.000009
   55     E+    Py       0.000000
   56     E+    Pz       0.000000
   57     E+   Dxx       0.127369
   58     E+   Dxy      -0.000000
   59     E+   Dxz       0.000000
   60     E+   Dyy       0.120616
   61     E+   Dyz       0.000000
   62     E+   Dzz       0.120616
   63     E+   Dxx       0.018694
   64     E+   Dxy       0.000000
   65     E+   Dxz       0.000000
   66     E+   Dyy       0.016415
   67     E+   Dyz       0.000000
   68     E+   Dzz       0.016415
 
                           __________
              Total =        1.000000
 
  Atomic LOWDIN Population: for POSITRON  
            AR               0.500000
            AR               0.500000
 
 ...end of LOWDIN Population
 
 
 END POPULATION ANALYSES 
 
 
  EXPECTED POSITIONS OF QUANTUM SPECIES:
 ======================
 
 POSITIONS IN ANGSTROMS
 ------
 
                        <x>      <y>      <z>         
                 E- 312.4262  -0.0000  -0.0000
           POSITRON   8.6785  -0.0000  -0.0000
 
 END EXPECTED POSITIONS
 
 
  ELECTROSTATIC MOMENTS:
 ======================
 
 
 DIPOLE: (A.U.)
 ------
 
                           <Dx>         <Dy>         <Dz>          |D|
                 E--590.40000000   0.00000000   0.00000000
           POSITRON  16.40000001  -0.00000000  -0.00000000
    Point charges:  590.40000000   0.00000000   0.00000000
                     ____________________________
      Total Dipole:  16.40000001  -0.00000000  -0.00000000  16.40000001
 
 DIPOLE: (DEBYE)
 ------
 
                           <Dx>         <Dy>         <Dz>          |D|
                 E-*************   0.00000000   0.00000000
           POSITRON  41.68463672  -0.00000000  -0.00000000
    Point charges: 1500.64692078   0.00000000   0.00000000
                     ____________________________
      Total Dipole:  41.68463672  -0.00000000  -0.00000000  41.68463672
 
 QUADRUPOLE NON-TRACELESS: (DEBYE ANGS)
 ------
 
                           <xx>         <yy>         <zz>         <xy>         <xz>         <yz>
                 E-**************  -23.36330785  -23.36330785    0.00000000    0.00000000   -0.00000000
           POSITRON17981.42054276 7676.36995074 7676.36995077    0.00000000    0.00000000    0.00000000
    Point charges: 26046.74630411    0.00000000    0.00000000    0.00000000    0.00000000    0.00000000
  Total Quadrupole:17958.05723735 7653.00664289 7653.00664293    0.00000000    0.00000000    0.00000000
                     ____________________________
 
 END ELECTROSTATIC MOMENTS
 

  TOTAL CPU Time:      0.260 (s)
 TOTAL Wall Time:      0.457 (s)
  Elapsed Time:   0h  0m  0s 458ms
LOWDIN execution terminated normally at : Wed Nov 27 15:45:22 2024
-rw-rw-r-- 1 pohl pohl 704K nov 27 15:45 0E-.ints
-rw-rw-r-- 1 pohl pohl 3.5M nov 27 15:45 0E-.POSITRON.ints
-rw-rw-r-- 1 pohl pohl 2.1M nov 27 15:45 0POSITRON.ints
-rw-rw-r-- 1 pohl pohl 704K nov 27 15:45 1E-.ints
-rw-rw-r-- 1 pohl pohl 3.5M nov 27 15:45 1E-.POSITRON.ints
-rw-rw-r-- 1 pohl pohl 2.1M nov 27 15:45 1POSITRON.ints
-rw-rw-r-- 1 pohl pohl 704K nov 27 15:45 2E-.ints
-rw-rw-r-- 1 pohl pohl 3.5M nov 27 15:45 2E-.POSITRON.ints
-rw-rw-r-- 1 pohl pohl 2.1M nov 27 15:45 2POSITRON.ints
-rw-rw-r-- 1 pohl pohl 704K nov 27 15:45 3E-.ints
-rw-rw-r-- 1 pohl pohl 3.5M nov 27 15:45 3E-.POSITRON.ints
-rw-rw-r-- 1 pohl pohl 2.1M nov 27 15:45 3POSITRON.ints
-rw-rw-r-- 1 pohl pohl   12 nov 27 15:45 E-.POSITRON.nints
-rw-rw-r-- 1 pohl pohl   65 nov 27 15:45 gepol.inp
-rw-rw-r-- 1 pohl pohl   91 nov 27 15:45 gepol.xyzr
-rw-rw-r-- 1 pohl pohl  12K nov 27 15:45 lowdin.bas
-rw-rw-r-- 1 pohl pohl  16K nov 27 15:45 lowdin.dat
-rw-rw-r-- 1 pohl pohl 867K nov 27 15:45 lowdin.opints
-rw-rw-r-- 1 pohl pohl  32K nov 27 15:45 lowdin.sys
-rw-rw-r-- 1 pohl pohl 865K nov 27 15:45 lowdin.wfn
-rw-rw-r-- 1 pohl pohl  498 nov 27 15:45 usual_155
-rw-rw-r-- 1 pohl pohl 1.8K nov 27 15:45 usual_155.aux
-rw-rw-r-- 1 pohl pohl  503 nov 27 15:45 usual_155.lowdin
-rw-rw-r-- 1 pohl pohl  65K nov 27 15:45 usual_155.out
-rw-rw-r-- 1 pohl pohl  68K nov 27 15:45 usual_155.vec
