Begin job by input: usual_11.lowdin, for user:   at  mié 27 nov 2024 15:43:50 -05
under operating system Linux helios 5.19.0-46-generic #47-Ubuntu SMP PREEMPT_DYNAMIC Fri Jun 16 13:30:11 UTC 2023 x86_64 x86_64 x86_64 GNU/Linux
Compilation information
  commit: f31d3924f6ee2ce9d77f07edcc1ba27359319d14
  compilation date:  mar 17 sep 2024 16:16:17 -05

BEGIN INPUT INFO:
------------------------------------

GEOMETRY
	Ar	Dirac	0.0 0.0 0.0
	e-(Ar)	6-311++G.d.p 0.0 0.0 0.0
	E+	GRIBAKIN-10S4P2D 0.0 0.0 0.0
	Ar	Dirac	4.0 0.0 0.0
	e-(Ar)	6-311++G.d.p	4.0 0.0 0.0
	E+	GRIBAKIN-10S4P2D 4.0 0.0 0.0 addParticles=-1 
END GEOMETRY

TASKS
        method = "RHF"
END TASKS

EXTERPOTENTIAL
	E- GRIBAKIN0
	E+ AR11
END EXTERPOTENTIAL

CONTROL
	units="BOHRS"
	readCoefficients=F
	convergenceMethod=1
	overlapEigenThreshold=1E-6
	SCFGhostSpecies="POSITRON"
	HFprintEigenvalues=T
	totalEnergyTolerance = 1E-9
END CONTROL


... END INPUT INFO


 LOWDIN execution started at : Wed Nov 27 15:43:50 2024
 ---------------------------------------------------------------
 
 ***************************************************************
 *                   LOWDIN 2.0  (May/2013)                    *
 *                                                             *
 *  R. FLORES-MORENO, E. F. POSADA, F. S. MONCADA, J.ROMERO,   *
 *  J. CHARRY, M. DIAZ-TINOCO, S. A. GONZALEZ, N. F. AGUIRRE,  *
 *  A. REYES                                                   *
 *                                                             *
 *  https://sites.google.com/site/lowdinproject/               *
 *                                                             *
 ***************************************************************
 
 PARSING INPUT... DONE!
 
 LOWDIN IS RUNNING WITH NEXT PARAMETERS: 
 ----------------------------------------
 
         METHOD TYPE:  RHF
         NUMBER OF CORES:     4
         NONELECTRONIC DENSITY GUESS: HCORE
         ELECTRONIC DENSITY GUESS: HCORE
         CRITERIUM OF CONVERGENCE: ENERGY
         NONELECTRONIC ENERGY TOLERANCE IN SCFs:     0.10000E-07
         ELECTRONIC ENERGY TOLERANCE IN SCFs:     0.10000E-07
         TOTAL ENERGY TOLERANCE IN SCFs:     0.10000E-08
         SCHEME OF ITERATION: GLOBAL ITERATIONS
         SCF MAX. SUBITERATIONS - NONELECTRONS :     1
         SCF MAX. SUBITERATIONS - ELECTRONS :     1
         SCF MAX. ITERATIONS - INTERSPECIES :   200
         INTEGRAL STORAGE: DISK
         STACK SIZE FOR ERIS : 30000
         METHOD OF SCF CONVERGENCE: DAMPING
 
  MOLECULAR SYSTEM: usual_11
 -----------------
 
    DESCRIPTION   : usual_11
    CHARGE        :   2
    PUNTUAL GROUP : NONE
 
 
  INFORMATION OF PARTICLES :
 =========================
         Total number of particles   =      39
         Number of quantum particles =      37
         Number of puntual charges   =       2
         Number of quantum species   =       2
 
                 INFORMATION OF QUANTUM SPECIES 
    ----------------------------------------------------------------------
         ID      Symbol            mass     charge      omega     spin     multiplicity
    ----------------------------------------------------------------------
         1             E-         1.0000     -1.00      0.00      0.50      1.00
         2             E+         1.0000      1.00      0.00      0.50      1.00
 
                   CONSTANTS OF COUPLING 
      ------------------------------------------------------------
              Symbol      kappa        eta     lambda occupation
      ------------------------------------------------------------
                  E-      -1.00       2.00       2.00      18.00
                  E+      -1.00       1.00       1.00       1.00
 
                   BASIS SET FOR SPECIES 
      ------------------------------------------------------------
           Symbol          N. Basis     N. Particles     Basis Set
      ------------------------------------------------------------
                 E-           28               36     6-311++G.D
                 E+           32                1     GRIBAKIN-1
 
                                ATOMIC BASIS
         ------------------------------------------------------------
          PRIMITIVE   SHELL             EXPONENT         COEFFICIENT 
         ------------------------------------------------------------
 
    BEGIN DESCRIPTION OF BASIS FOR:    E-
    ==============================
 
 
            AR BASIS SET:   6-311++G.D.P
             1         S           118022.38000000          0.00074700
             2         S            17683.54100000          0.00579000
             3         S             4027.76570000          0.02991900
             4         S             1145.39770000          0.11920600
             5         S              377.16375000          0.36902800
             6         S              138.15969000          0.57645900
             1         S              138.15969000          0.14392700
             2         S               54.98911700          0.62293800
             3         S               23.17066700          0.28396400
             1         S                7.37786000          1.00000000
             1         S                2.92368800          1.00000000
             1         S                0.65040500          1.00000000
             1         S                0.23282500          1.00000000
             1         P              663.06201000          0.00308200
             2         P              157.09281000          0.02416500
             3         P               50.23110000          0.10822300
             4         P               18.63534500          0.29419200
             5         P                7.44653700          0.68786200
             1         P                7.44653700         -0.12144820
             2         P                3.09569800          0.16323700
             1         P                1.10646300          1.00000000
             1         P                0.41560100          1.00000000
             1         P                0.14544900          1.00000000
             1         S                0.06000000          1.00000000
             1         P                0.06000000          1.00000000
             1         D                0.85000000          1.00000000
 
            AR BASIS SET:   6-311++G.D.P
             1         S           118022.38000000          0.00074700
             2         S            17683.54100000          0.00579000
             3         S             4027.76570000          0.02991900
             4         S             1145.39770000          0.11920600
             5         S              377.16375000          0.36902800
             6         S              138.15969000          0.57645900
             1         S              138.15969000          0.14392700
             2         S               54.98911700          0.62293800
             3         S               23.17066700          0.28396400
             1         S                7.37786000          1.00000000
             1         S                2.92368800          1.00000000
             1         S                0.65040500          1.00000000
             1         S                0.23282500          1.00000000
             1         P              663.06201000          0.00308200
             2         P              157.09281000          0.02416500
             3         P               50.23110000          0.10822300
             4         P               18.63534500          0.29419200
             5         P                7.44653700          0.68786200
             1         P                7.44653700         -0.12144820
             2         P                3.09569800          0.16323700
             1         P                1.10646300          1.00000000
             1         P                0.41560100          1.00000000
             1         P                0.14544900          1.00000000
             1         S                0.06000000          1.00000000
             1         P                0.06000000          1.00000000
             1         D                0.85000000          1.00000000
    ... END DESCRIPTION OF BASIS
 
 
    BEGIN DESCRIPTION OF BASIS FOR:    E+
    ==============================
 
 
            E+ BASIS SET:GRIBAKIN-10S4P2
             1         S                0.00010000          1.00000000
             1         S                0.00030000          1.00000000
             1         S                0.00090000          1.00000000
             1         S                0.00270000          1.00000000
             1         S                0.00810000          1.00000000
             1         S                0.02430000          1.00000000
             1         S                0.07290000          1.00000000
             1         S                0.21870000          1.00000000
             1         S                0.65610000          1.00000000
             1         S                1.96830000          1.00000000
             1         P                0.00010000          1.00000000
             1         P                0.00030000          1.00000000
             1         P                0.00090000          1.00000000
             1         P                0.00270000          1.00000000
             1         D                0.00010000          1.00000000
             1         D                0.00030000          1.00000000
 
            E+ BASIS SET:GRIBAKIN-10S4P2
             1         S                0.00010000          1.00000000
             1         S                0.00030000          1.00000000
             1         S                0.00090000          1.00000000
             1         S                0.00270000          1.00000000
             1         S                0.00810000          1.00000000
             1         S                0.02430000          1.00000000
             1         S                0.07290000          1.00000000
             1         S                0.21870000          1.00000000
             1         S                0.65610000          1.00000000
             1         S                1.96830000          1.00000000
             1         P                0.00010000          1.00000000
             1         P                0.00030000          1.00000000
             1         P                0.00090000          1.00000000
             1         P                0.00270000          1.00000000
             1         D                0.00010000          1.00000000
             1         D                0.00030000          1.00000000
    ... END DESCRIPTION OF BASIS
 
 
  END INFORMATION OF PARTICLES
 
 
  INFORMATION OF THE QUANTUM SYSTEM 
     ---------------------------------------------------------------------
                 ID     Occupied Orbitals     Basis size
     ---------------------------------------------------------------------
                 E-           18               62
                 E+            1               68
 
  END INFORMATION OF QUANTUM SYSTEM
 
 
  INFORMATION OF EXTERNAL POTENTIALS 
 
 =======
 External Potential for E- : GRIBAKIN0
 Type : 
                     Exponent         l       R_x       R_y       R_z              Factor
                 0.0010000000         0   0.00000   0.00000   0.00000        0.0000000000
 
 =======
 External Potential for E+ : AR11
 Type : 
                     Exponent         l       R_x       R_y       R_z              Factor
                 0.0010000000         0   0.00000   0.00000   0.00000        0.0000779688
                 0.0020000000         0   0.00000   0.00000   0.00000       -0.0004786853
                 0.0040000000         0   0.00000   0.00000   0.00000        0.0013189164
                 0.0080000000         0   0.00000   0.00000   0.00000       -0.0033441280
                 0.0160000000         0   0.00000   0.00000   0.00000        0.0050907505
                 0.0320000000         0   0.00000   0.00000   0.00000       -0.0151949101
                 0.0640000000         0   0.00000   0.00000   0.00000        0.0049422575
                 0.1280000000         0   0.00000   0.00000   0.00000       -0.1024675180
                 0.2560000000         0   0.00000   0.00000   0.00000       -0.1709080790
                 0.5120000000         0   0.00000   0.00000   0.00000       -1.1786523000
                 1.0000000000         0   0.00000   0.00000   0.00000       -3.9901484000
                 2.0000000000         0   0.00000   0.00000   0.00000      129.9336270000
                 3.0000000000         0   0.00000   0.00000   0.00000    -1317.9950900000
                 4.0000000000         0   0.00000   0.00000   0.00000     7976.3295300000
                 5.0000000000         0   0.00000   0.00000   0.00000   -30887.5711000000
                 6.0000000000         0   0.00000   0.00000   0.00000    78131.7910000000
                 7.0000000000         0   0.00000   0.00000   0.00000  -128444.4630000000
                 8.0000000000         0   0.00000   0.00000   0.00000   132337.9190000000
                 9.0000000000         0   0.00000   0.00000   0.00000   -77735.4212000000
                10.0000000000         0   0.00000   0.00000   0.00000    19907.5941000000
                20.0000000000         0   0.00000   0.00000   0.00000     -135.7052840000
                30.0000000000         0   0.00000   0.00000   0.00000       72.5910786000
                40.0000000000         0   0.00000   0.00000   0.00000      -41.7155821000
                50.0000000000         0   0.00000   0.00000   0.00000       12.4077673000
               100.0000000000         0   0.00000   0.00000   0.00000       -0.2471957670
                 0.0010000000         0   4.00000   0.00000   0.00000        0.0000779688
                 0.0020000000         0   4.00000   0.00000   0.00000       -0.0004786853
                 0.0040000000         0   4.00000   0.00000   0.00000        0.0013189164
                 0.0080000000         0   4.00000   0.00000   0.00000       -0.0033441280
                 0.0160000000         0   4.00000   0.00000   0.00000        0.0050907505
                 0.0320000000         0   4.00000   0.00000   0.00000       -0.0151949101
                 0.0640000000         0   4.00000   0.00000   0.00000        0.0049422575
                 0.1280000000         0   4.00000   0.00000   0.00000       -0.1024675180
                 0.2560000000         0   4.00000   0.00000   0.00000       -0.1709080790
                 0.5120000000         0   4.00000   0.00000   0.00000       -1.1786523000
                 1.0000000000         0   4.00000   0.00000   0.00000       -3.9901484000
                 2.0000000000         0   4.00000   0.00000   0.00000      129.9336270000
                 3.0000000000         0   4.00000   0.00000   0.00000    -1317.9950900000
                 4.0000000000         0   4.00000   0.00000   0.00000     7976.3295300000
                 5.0000000000         0   4.00000   0.00000   0.00000   -30887.5711000000
                 6.0000000000         0   4.00000   0.00000   0.00000    78131.7910000000
                 7.0000000000         0   4.00000   0.00000   0.00000  -128444.4630000000
                 8.0000000000         0   4.00000   0.00000   0.00000   132337.9190000000
                 9.0000000000         0   4.00000   0.00000   0.00000   -77735.4212000000
                10.0000000000         0   4.00000   0.00000   0.00000    19907.5941000000
                20.0000000000         0   4.00000   0.00000   0.00000     -135.7052840000
                30.0000000000         0   4.00000   0.00000   0.00000       72.5910786000
                40.0000000000         0   4.00000   0.00000   0.00000      -41.7155821000
                50.0000000000         0   4.00000   0.00000   0.00000       12.4077673000
               100.0000000000         0   4.00000   0.00000   0.00000       -0.2471957670
 
  END INFORMATION OF EXTERNAL POTENTIALS
 
                       INITIAL GEOMETRY: AMSTRONG
                 -----------------------------------
                       <x>                 <y>                 <z>
      E-AR        0.0000000000        0.0000000000        0.0000000000
      E-AR        2.1167089970        0.0000000000        0.0000000000
        E+        0.0000000000        0.0000000000        0.0000000000
        E+        2.1167089970        0.0000000000        0.0000000000
        AR        0.0000000000        0.0000000000        0.0000000000
        AR        2.1167089970        0.0000000000        0.0000000000
 
                     MATRIX OF DISTANCE: ANGSTROM
                 -----------------------------------
                          AR(1)          AR(2)     
 
        AR(1)            0.000000       2.116709
        AR(2)            2.116709       0.000000
 
--------------------------------------------------------------------------------
** PROGRAM: SCF (Hartree Fock).     Author: S.A. Gonzalez, E. Posada, F. Moncada
--------------------------------------------------------------------------------
INFO: RUNNING IN RHF MODE.
 
----------------------------------------------------------------------
** PROGRAM INTS                          Author: E. F. Posada, 2013   
----------------------------------------------------------------------
INFO: RUNNING IN ONE_PARTICLE MODE.
 
 Number of Overlap integrals for species E-:   3844
 Number of Overlap integrals for species POSITRON:   4624
 Number of Kinetic integrals for species E-:   3844
 Number of Kinetic integrals for species POSITRON:   4624
 Number of Nuclear integrals for species E-:   3844
 Number of Nuclear integrals for species POSITRON:   4624
 Number of Moment integrals for species E-:  11532
 Number of Moment integrals for species POSITRON:  13872
 Number of 3C Overlap integrals for species E-:   3844
 Number of 3C Overlap integrals for species POSITRON:   4624
 
** TOTAL CPU Time INTS :      0.405 (s)
** TOTAL Elapsed Time INTS :      0.165 (s)
 
Removed    10 orbitals for species POSITRON with overlap eigen threshold of 1.000E-06
       Usign  HCORE density guess for species:         E-
     number of         E-     particles in guess density matrix:    36.000000
       Usign  HCORE density guess for species:   POSITRON
     number of   POSITRON     particles in guess density matrix:     0.000000
 Warning!, density matrix with deviation from number of particles    1.000000
 Number of unique integrals for species: 1 = 419979
 Number of unique integrals for species: 2 = 339242
 Number of unique integrals for species: 1 / 2 = 1060377 Screened: 5078
 
 TWO-BODY INTEGRAL SETUP: 
------------------------- 
 Storage:   DISK
 Scheme: LIBINT
 Stack size:  30000
 
 LIBINT library, Fermann, J. T.; Valeev, F. L. 2010                   
 LOWDIN-LIBINT Implementation V. 2.1  Posada E. F. ; Reyes A. 2016   
 ----------------------------------------------------------------------

*** TOTAL CPU time intra-species integrals :      0.592 (s)
*** TOTAL elapsed time intra-species integrals :      0.098 (s)


*** TOTAL CPU time inter-species integrals :      0.814 (s)
*** TOTAL elapsed time inter-species integrals :      0.155 (s)

INFO: RUNNING SCHEME SIMULTANEOUS
 
 Begin Multi-Species SCF calculation:
 
 --------------------------------------------------------------------------------------------------
      Iteration                   Energy            Energy Change           Density Change
 --------------------------------------------------------------------------------------------------
              1        -996.792402753010         996.792402753010           2.388133691429
              2       -1023.263364799145          26.470962046135           2.370776157762
              3       -1052.921059662411          29.657694863266           0.025941406387
              4       -1053.373787444602           0.452727782191           0.006658192071
              5       -1053.422741632804           0.048954188202           0.003074918881
              6       -1053.452842096694           0.030100463890           0.039629162295
              7       -1053.477147584884           0.024305488191           0.000164831726
              8       -1053.477150941153           0.000003356269           0.000052362417
              9       -1053.477151186529           0.000000245376           0.000011706282
             10       -1053.477151212478           0.000000025949           0.000005527622
             11       -1053.477151213704           0.000000001226           0.000001925231
             12       -1053.477151214264           0.000000000560           0.000000626219
 Total energy converged after  12 global iterations                                                  
 
 ...end Multi-Species SCF calculation
 
 
 Begin SCF calculation by: E-
 -------------------------
 
 -----------------------------------------------------------------------------------
 Iteration                   Energy           Density Change         DIIS Error 
 -----------------------------------------------------------------------------------
    1       -1206.036141530979           2.368357499325                 -- 
    2       -1140.422711088494           0.024134142861                 -- 
    3       -1132.989142421164           0.004983793311                 -- 
    4       -1134.846601416552           0.001163543868                 -- 
    5       -1134.382505494541           0.000350245021                 -- 
    6       -1134.502090190714           0.000073428634                 -- 
    7       -1134.470267964573           0.000029067712                 -- 
    8       -1134.479165924064           0.000005898688                 -- 
    9       -1134.476620624731           0.000002991738                 -- 
   10       -1134.477395226962           0.000000612910                 -- 
   11       -1134.477159528175           0.000000342802                 -- 
 
 ... end SCF calculation
 
 Begin SCF calculation by: POSITRON
 -------------------------
 
 -----------------------------------------------------------------------------------
 Iteration                   Energy           Density Change         DIIS Error 
 -----------------------------------------------------------------------------------
    1           1.555843113585           0.002418658437                 -- 
    2          -0.046308186582           0.001807263526                 -- 
    3          -0.044756037922           0.001674398760                 -- 
    4          -0.033738015758           0.001911375013                 -- 
    5           0.000017022949           0.039278917274                 -- 
    6           0.000018004978           0.000091403092                 -- 
    7           0.000017763147           0.000023294706                 -- 
    8           0.000017833776           0.000005807594                 -- 
    9           0.000017857752           0.000002535884                 -- 
   10           0.000017872901           0.000001312321                 -- 
   11           0.000017869684           0.000000283417                 -- 
 
 ... end SCF calculation
 
  EIGENVALUES AND EIGENVECTORS: 
 ==============================
 
 
  Eigenvalues for: E-
 -----------------
 
    1        -118.590097460331
    2        -118.590096710874
    3         -12.309013233710
    4         -12.309001212643
    5          -9.559071317709
    6          -9.559039410163
    7          -9.557593790895
    8          -9.557593790895
    9          -9.557576650896
   10          -9.557576650896
   11          -1.346511169875
   12          -1.239637327005
   13          -0.713267934284
   14          -0.632451611317
   15          -0.632451611317
   16          -0.559541453495
   17          -0.559541453495
   18          -0.452567401029
   19           0.126222126633
   20           0.135994095444
   21           0.144972877084
   22           0.144972877084
   23           0.185376004533
   24           0.186180886014
   25           0.186180886014
   26           0.287759909235
   27           0.666149051282
   28           0.679053725567
   29           0.679053725567
   30           0.733922438511
   31           0.733922438511
   32           0.746506403711
   33           1.019615115001
   34           1.148797809433
   35           1.162551867079
   36           1.165369761891
   37           1.165369761891
   38           1.208691550153
   39           1.208691550533
   40           1.219555123264
   41           1.219555123268
   42           1.294326204885
   43           1.294326204885
   44           1.657338427032
   45           2.637759173923
   46           2.712846452642
   47           2.712846452642
   48           2.792729771978
   49           2.792729771978
   50           2.980329415796
   51           4.464707077086
   52           4.596780825658
   53          13.994846442475
   54          13.994846442475
   55          14.016791701542
   56          14.114384791502
   57          14.114384791502
   58          14.278996707146
   59          16.752588105435
   60          16.902717700895
   61         254.640249072670
   62         254.789711674854
 
 
  Eigenvalues for: POSITRON
 -----------------
 
    1           0.000067017673
    2           0.000138566473
    3           0.000211735224
    4           0.000211735224
    5           0.000281684595
    6           0.000326679366
    7           0.000326737217
    8           0.000326737217
    9           0.000331170778
   10           0.000331170779
   11           0.000432169778
   12           0.000432385553
   13           0.000432386766
   14           0.000437415371
   15           0.000445952302
   16           0.000445952303
   17           0.000711672091
   18           0.000930755919
   19           0.000930755919
   20           0.001001395511
   21           0.001204980740
   22           0.001204980740
   23           0.001205471690
   24           0.001273981380
   25           0.001273981383
   26           0.001512612018
   27           0.001536446240
   28           0.001538019194
   29           0.001538020465
   30           0.001539730530
   31           0.001539730531
   32           0.002030089889
   33           0.003116022459
   34           0.003159236935
   35           0.003159236935
   36           0.003795063354
   37           0.003795063355
   38           0.003855327300
   39           0.004189920411
   40           0.007183166722
   41           0.009695798498
   42           0.009695798498
   43           0.009855001650
   44           0.011864009042
   45           0.011864009042
   46           0.011948135031
   47           0.020099274373
   48           0.025786078597
   49           0.061892409234
   50           0.072286955986
   51           0.211635116288
   52           0.236489651270
   53           0.804762468565
   54           0.898841155446
   55           4.151561057081
   56           4.200707984383
   57          24.092408012757
   58          24.147835038887
   59     1000000.000000000000
   60     1000000.000000000000
   61     1000000.000000000000
   62     1000000.000000000000
   63     1000000.000000000000
   64     1000000.000000000000
   65     1000000.000000000000
   66     1000000.000000000000
   67     1000000.000000000000
   68     1000000.000000000000
 
  end of eigenvalues 
 
  Occupied Eigenvectors for: E-
 --------------------------- 
 
                        -118.5901      -118.5901       -12.3090       -12.3090        -9.5591   
 
    1     AR     S      -0.290252      -0.290252      -0.087028       0.087029       0.000023
    2     AR     S      -0.463271      -0.463272      -0.237444       0.237454       0.000063
    3     AR     S      -0.008786      -0.008783       0.377142      -0.377215      -0.000170
    4     AR     S       0.001358       0.001350       0.409447      -0.409228      -0.000012
    5     AR     S      -0.000816      -0.000813       0.039716      -0.039627      -0.000006
    6     AR     S      -0.000099      -0.000070      -0.005618       0.004164       0.000140
    7     AR    Px       0.000010       0.000008      -0.000197       0.000235      -0.688003
    8     AR    Py       0.000000      -0.000000       0.000000      -0.000000       0.000000
    9     AR    Pz       0.000000      -0.000000       0.000000      -0.000000       0.000000
   10     AR    Px       0.000003      -0.000001      -0.000033       0.000110      -0.132318
   11     AR    Py       0.000000      -0.000000       0.000000      -0.000000       0.000000
   12     AR    Pz       0.000000      -0.000000       0.000000      -0.000000       0.000000
   13     AR    Px      -0.000009      -0.000001      -0.000071      -0.000112      -0.029826
   14     AR    Py      -0.000000       0.000000       0.000000       0.000000       0.000000
   15     AR    Pz      -0.000000       0.000000      -0.000000       0.000000       0.000000
   16     AR    Px       0.000010       0.000004       0.000261      -0.000121       0.002802
   17     AR    Py      -0.000000      -0.000000      -0.000000      -0.000000      -0.000000
   18     AR    Pz       0.000000      -0.000000       0.000000      -0.000000      -0.000000
   19     AR    Px      -0.000022      -0.000003      -0.001035       0.000136      -0.001340
   20     AR    Py       0.000000       0.000000       0.000000       0.000000       0.000000
   21     AR    Pz       0.000000       0.000000      -0.000000       0.000000       0.000000
   22     AR     S       0.000079       0.000015       0.004320      -0.000821      -0.000102
   23     AR    Px       0.000038       0.000004       0.002009      -0.000174       0.000538
   24     AR    Py      -0.000000      -0.000000      -0.000000      -0.000000      -0.000000
   25     AR    Pz      -0.000000      -0.000000       0.000000      -0.000000      -0.000000
   26     AR   Dxx       0.000261       0.000257      -0.004055       0.004126      -0.000267
   27     AR   Dxy       0.000000      -0.000000      -0.000000       0.000000       0.000000
   28     AR   Dxz       0.000000      -0.000000      -0.000000      -0.000000      -0.000000
   29     AR   Dyy       0.000263       0.000255      -0.003951       0.004278       0.000028
   30     AR   Dyz      -0.000000      -0.000000       0.000000      -0.000000       0.000000
   31     AR   Dzz       0.000263       0.000255      -0.003951       0.004278       0.000028
   32     AR     S       0.290252      -0.290252       0.087028       0.087029       0.000023
   33     AR     S       0.463271      -0.463272       0.237444       0.237454       0.000063
   34     AR     S       0.008786      -0.008783      -0.377142      -0.377215      -0.000170
   35     AR     S      -0.001358       0.001350      -0.409447      -0.409228      -0.000012
   36     AR     S       0.000816      -0.000813      -0.039716      -0.039627      -0.000006
   37     AR     S       0.000099      -0.000070       0.005618       0.004164       0.000140
   38     AR    Px       0.000010      -0.000008      -0.000197      -0.000235       0.688003
   39     AR    Py      -0.000000      -0.000000       0.000000       0.000000      -0.000000
   40     AR    Pz       0.000000       0.000000      -0.000000       0.000000      -0.000000
   41     AR    Px       0.000003       0.000001      -0.000033      -0.000110       0.132318
   42     AR    Py      -0.000000      -0.000000       0.000000       0.000000      -0.000000
   43     AR    Pz       0.000000       0.000000      -0.000000       0.000000      -0.000000
   44     AR    Px      -0.000009       0.000001      -0.000071       0.000112       0.029826
   45     AR    Py       0.000000       0.000000      -0.000000      -0.000000      -0.000000
   46     AR    Pz      -0.000000      -0.000000       0.000000      -0.000000      -0.000000
   47     AR    Px       0.000010      -0.000004       0.000261       0.000121      -0.002802
   48     AR    Py       0.000000      -0.000000       0.000000       0.000000       0.000000
   49     AR    Pz       0.000000       0.000000      -0.000000       0.000000       0.000000
   50     AR    Px      -0.000022       0.000003      -0.001035      -0.000136       0.001340
   51     AR    Py      -0.000000      -0.000000      -0.000000      -0.000000      -0.000000
   52     AR    Pz      -0.000000      -0.000000       0.000000      -0.000000      -0.000000
   53     AR     S      -0.000079       0.000015      -0.004320      -0.000821      -0.000102
   54     AR    Px       0.000038      -0.000004       0.002009       0.000174      -0.000538
   55     AR    Py       0.000000       0.000000       0.000000       0.000000       0.000000
   56     AR    Pz       0.000000       0.000000      -0.000000       0.000000       0.000000
   57     AR   Dxx      -0.000261       0.000257       0.004055       0.004126      -0.000267
   58     AR   Dxy       0.000000       0.000000      -0.000000      -0.000000      -0.000000
   59     AR   Dxz      -0.000000      -0.000000       0.000000       0.000000       0.000000
   60     AR   Dyy      -0.000263       0.000255       0.003951       0.004278       0.000028
   61     AR   Dyz      -0.000000       0.000000       0.000000       0.000000       0.000000
   62     AR   Dzz      -0.000263       0.000255       0.003951       0.004278       0.000028
 
                          -9.5590        -9.5576        -9.5576        -9.5576        -9.5576   
 
    1     AR     S       0.000024       0.000000      -0.000000       0.000000       0.000000
    2     AR     S       0.000071       0.000000      -0.000000      -0.000000       0.000000
    3     AR     S      -0.000231      -0.000000       0.000000       0.000000      -0.000000
    4     AR     S       0.000203       0.000000      -0.000000      -0.000000      -0.000000
    5     AR     S      -0.000408      -0.000000       0.000000       0.000000       0.000000
    6     AR     S      -0.000226      -0.000000       0.000000       0.000000       0.000000
    7     AR    Px      -0.687985       0.000000       0.000000      -0.000000      -0.000000
    8     AR    Py       0.000000       0.551651       0.411094      -0.606158       0.325428
    9     AR    Pz       0.000000       0.411094      -0.551651      -0.325428      -0.606158
   10     AR    Px      -0.132284       0.000000       0.000000      -0.000000      -0.000000
   11     AR    Py       0.000000       0.106139       0.079096      -0.116642       0.062621
   12     AR    Pz       0.000000       0.079096      -0.106139      -0.062621      -0.116642
   13     AR    Px      -0.030047       0.000000       0.000000      -0.000000      -0.000000
   14     AR    Py       0.000000       0.024015       0.017896      -0.026331       0.014136
   15     AR    Pz       0.000000       0.017896      -0.024015      -0.014136      -0.026331
   16     AR    Px       0.003156      -0.000000      -0.000000       0.000000       0.000000
   17     AR    Py      -0.000000      -0.002406      -0.001793       0.002554      -0.001371
   18     AR    Pz      -0.000000      -0.001793       0.002406       0.001371       0.002554
   19     AR    Px      -0.001753       0.000000       0.000000      -0.000000      -0.000000
   20     AR    Py       0.000000       0.001284       0.000957      -0.001167       0.000626
   21     AR    Pz       0.000000       0.000957      -0.001284      -0.000626      -0.001167
   22     AR     S       0.000094      -0.000000      -0.000000      -0.000000      -0.000000
   23     AR    Px       0.000580      -0.000000      -0.000000      -0.000000       0.000000
   24     AR    Py      -0.000000      -0.000580      -0.000432       0.000379      -0.000203
   25     AR    Pz       0.000000      -0.000432       0.000580       0.000203       0.000379
   26     AR   Dxx       0.000095       0.000000      -0.000000      -0.000000      -0.000000
   27     AR   Dxy      -0.000000       0.000057       0.000042      -0.000039       0.000021
   28     AR   Dxz       0.000000       0.000042      -0.000057      -0.000021      -0.000039
   29     AR   Dyy       0.000106       0.000000      -0.000000      -0.000000      -0.000000
   30     AR   Dyz      -0.000000      -0.000000      -0.000000       0.000000       0.000000
   31     AR   Dzz       0.000106       0.000000      -0.000000      -0.000000      -0.000000
   32     AR     S      -0.000024      -0.000000      -0.000000      -0.000000      -0.000000
   33     AR     S      -0.000071      -0.000000      -0.000000      -0.000000      -0.000000
   34     AR     S       0.000231       0.000000       0.000000       0.000000       0.000000
   35     AR     S      -0.000203      -0.000000       0.000000      -0.000000       0.000000
   36     AR     S       0.000408       0.000000      -0.000000       0.000000      -0.000000
   37     AR     S       0.000226      -0.000000      -0.000000       0.000000      -0.000000
   38     AR    Px      -0.687985      -0.000000      -0.000000      -0.000000      -0.000000
   39     AR    Py       0.000000      -0.551651      -0.411094      -0.606158       0.325428
   40     AR    Pz       0.000000      -0.411094       0.551651      -0.325428      -0.606158
   41     AR    Px      -0.132284      -0.000000      -0.000000      -0.000000      -0.000000
   42     AR    Py       0.000000      -0.106139      -0.079096      -0.116642       0.062621
   43     AR    Pz       0.000000      -0.079096       0.106139      -0.062621      -0.116642
   44     AR    Px      -0.030047      -0.000000      -0.000000      -0.000000      -0.000000
   45     AR    Py       0.000000      -0.024015      -0.017896      -0.026331       0.014136
   46     AR    Pz       0.000000      -0.017896       0.024015      -0.014136      -0.026331
   47     AR    Px       0.003156       0.000000       0.000000       0.000000       0.000000
   48     AR    Py      -0.000000       0.002406       0.001793       0.002554      -0.001371
   49     AR    Pz      -0.000000       0.001793      -0.002406       0.001371       0.002554
   50     AR    Px      -0.001753      -0.000000      -0.000000      -0.000000      -0.000000
   51     AR    Py       0.000000      -0.001284      -0.000957      -0.001167       0.000626
   52     AR    Pz       0.000000      -0.000957       0.001284      -0.000626      -0.001167
   53     AR     S      -0.000094       0.000000       0.000000       0.000000       0.000000
   54     AR    Px       0.000580      -0.000000      -0.000000      -0.000000       0.000000
   55     AR    Py      -0.000000       0.000580       0.000432       0.000379      -0.000203
   56     AR    Pz      -0.000000       0.000432      -0.000580       0.000203       0.000379
   57     AR   Dxx      -0.000095       0.000000       0.000000      -0.000000       0.000000
   58     AR   Dxy       0.000000       0.000057       0.000042       0.000039      -0.000021
   59     AR   Dxz      -0.000000       0.000042      -0.000057       0.000021       0.000039
   60     AR   Dyy      -0.000106       0.000000       0.000000      -0.000000       0.000000
   61     AR   Dyz       0.000000      -0.000000       0.000000       0.000000       0.000000
   62     AR   Dzz      -0.000106      -0.000000       0.000000      -0.000000       0.000000
 
                          -1.3465        -1.2396        -0.7133        -0.6325        -0.6325   
 
    1     AR     S       0.026138       0.027831       0.005077       0.000000      -0.000000
    2     AR     S       0.076437       0.081383       0.014830       0.000000      -0.000000
    3     AR     S      -0.160817      -0.171147      -0.030971       0.000000       0.000000
    4     AR     S      -0.280110      -0.303162      -0.059954      -0.000000       0.000000
    5     AR     S       0.437676       0.476038       0.099899       0.000000      -0.000000
    6     AR     S       0.369050       0.422746       0.094916       0.000000      -0.000000
    7     AR    Px      -0.025284       0.010653       0.193257       0.000000      -0.000000
    8     AR    Py       0.000000       0.000000      -0.000000       0.165581      -0.102680
    9     AR    Pz       0.000000       0.000000       0.000000      -0.102680      -0.165581
   10     AR    Px      -0.003497       0.001710       0.027230       0.000000      -0.000000
   11     AR    Py       0.000000       0.000000      -0.000000       0.023682      -0.014686
   12     AR    Pz       0.000000       0.000000       0.000000      -0.014686      -0.023682
   13     AR    Px       0.023285      -0.011194      -0.209420      -0.000000       0.000000
   14     AR    Py       0.000000      -0.000000       0.000000      -0.184139       0.114188
   15     AR    Pz       0.000000      -0.000000      -0.000000       0.114188       0.184139
   16     AR    Px       0.052406      -0.012312      -0.385284      -0.000000       0.000000
   17     AR    Py      -0.000000      -0.000000       0.000000      -0.323059       0.200335
   18     AR    Pz      -0.000000       0.000000       0.000000       0.200335       0.323059
   19     AR    Px       0.004026       0.003964      -0.148976       0.000000       0.000000
   20     AR    Py       0.000000      -0.000000      -0.000000      -0.162581       0.100819
   21     AR    Pz       0.000000      -0.000000      -0.000000       0.100819       0.162581
   22     AR     S       0.002859      -0.002468       0.022325       0.000000       0.000000
   23     AR    Px      -0.001171      -0.009440       0.004614      -0.000000       0.000000
   24     AR    Py      -0.000000      -0.000000       0.000000      -0.000340       0.000211
   25     AR    Pz      -0.000000       0.000000       0.000000       0.000211       0.000340
   26     AR   Dxx       0.011951      -0.006441      -0.027239      -0.000000      -0.000000
   27     AR   Dxy      -0.000000      -0.000000       0.000000      -0.013790       0.008552
   28     AR   Dxz      -0.000000       0.000000      -0.000000       0.008552       0.013790
   29     AR   Dyy      -0.004682      -0.000980       0.007492      -0.000000       0.000000
   30     AR   Dyz       0.000000       0.000000       0.000000      -0.000000      -0.000000
   31     AR   Dzz      -0.004682      -0.000980       0.007492      -0.000000       0.000000
   32     AR     S       0.026138      -0.027831       0.005077       0.000000      -0.000000
   33     AR     S       0.076437      -0.081383       0.014830       0.000000      -0.000000
   34     AR     S      -0.160817       0.171147      -0.030971      -0.000000       0.000000
   35     AR     S      -0.280110       0.303162      -0.059954      -0.000000       0.000000
   36     AR     S       0.437676      -0.476038       0.099899       0.000000      -0.000000
   37     AR     S       0.369050      -0.422746       0.094916       0.000000       0.000000
   38     AR    Px       0.025284       0.010653      -0.193257      -0.000000      -0.000000
   39     AR    Py      -0.000000      -0.000000      -0.000000       0.165581      -0.102680
   40     AR    Pz      -0.000000      -0.000000       0.000000      -0.102680      -0.165581
   41     AR    Px       0.003497       0.001710      -0.027230       0.000000      -0.000000
   42     AR    Py      -0.000000      -0.000000      -0.000000       0.023682      -0.014686
   43     AR    Pz      -0.000000      -0.000000       0.000000      -0.014686      -0.023682
   44     AR    Px      -0.023285      -0.011194       0.209420       0.000000       0.000000
   45     AR    Py       0.000000       0.000000       0.000000      -0.184139       0.114188
   46     AR    Pz       0.000000       0.000000      -0.000000       0.114188       0.184139
   47     AR    Px      -0.052406      -0.012312       0.385284       0.000000       0.000000
   48     AR    Py       0.000000      -0.000000       0.000000      -0.323059       0.200335
   49     AR    Pz       0.000000      -0.000000      -0.000000       0.200335       0.323059
   50     AR    Px      -0.004026       0.003964       0.148976       0.000000      -0.000000
   51     AR    Py      -0.000000       0.000000       0.000000      -0.162581       0.100819
   52     AR    Pz      -0.000000       0.000000      -0.000000       0.100819       0.162581
   53     AR     S       0.002859       0.002468       0.022325       0.000000      -0.000000
   54     AR    Px       0.001171      -0.009440      -0.004614       0.000000       0.000000
   55     AR    Py       0.000000       0.000000      -0.000000      -0.000340       0.000211
   56     AR    Pz       0.000000      -0.000000       0.000000       0.000211       0.000340
   57     AR   Dxx       0.011951       0.006441      -0.027239       0.000000      -0.000000
   58     AR   Dxy      -0.000000       0.000000       0.000000       0.013790      -0.008552
   59     AR   Dxz       0.000000      -0.000000       0.000000      -0.008552      -0.013790
   60     AR   Dyy      -0.004682       0.000980       0.007492      -0.000000       0.000000
   61     AR   Dyz      -0.000000       0.000000      -0.000000      -0.000000       0.000000
   62     AR   Dzz      -0.004682       0.000980       0.007492       0.000000      -0.000000
 
                          -0.5595        -0.5595        -0.4526   
 
    1     AR     S      -0.000000       0.000000       0.004829
    2     AR     S      -0.000000       0.000000       0.014135
    3     AR     S       0.000000       0.000000      -0.029793
    4     AR     S      -0.000000      -0.000000      -0.058968
    5     AR     S       0.000000       0.000000       0.089228
    6     AR     S      -0.000000       0.000000       0.163666
    7     AR    Px      -0.000000       0.000000      -0.217094
    8     AR    Py       0.099113      -0.181234      -0.000000
    9     AR    Pz       0.181234       0.099113      -0.000000
   10     AR    Px      -0.000000       0.000000      -0.029971
   11     AR    Py       0.014141      -0.025857       0.000000
   12     AR    Pz       0.025857       0.014141       0.000000
   13     AR    Px       0.000000      -0.000000       0.246888
   14     AR    Py      -0.111717       0.204280      -0.000000
   15     AR    Pz      -0.204280      -0.111717      -0.000000
   16     AR    Px       0.000000      -0.000000       0.447069
   17     AR    Py      -0.195252       0.357028       0.000000
   18     AR    Pz      -0.357028      -0.195252       0.000000
   19     AR    Px       0.000000      -0.000000       0.304982
   20     AR    Py      -0.106835       0.195353       0.000000
   21     AR    Pz      -0.195353      -0.106835      -0.000000
   22     AR     S       0.000000      -0.000000       0.095209
   23     AR    Px       0.000000      -0.000000       0.051001
   24     AR    Py      -0.002286       0.004180       0.000000
   25     AR    Pz      -0.004180      -0.002286       0.000000
   26     AR   Dxx      -0.000000      -0.000000      -0.031925
   27     AR   Dxy       0.001576      -0.002882      -0.000000
   28     AR   Dxz       0.002882       0.001576      -0.000000
   29     AR   Dyy       0.000000      -0.000000       0.006243
   30     AR   Dyz       0.000000      -0.000000      -0.000000
   31     AR   Dzz      -0.000000      -0.000000       0.006243
   32     AR     S      -0.000000      -0.000000      -0.004829
   33     AR     S      -0.000000      -0.000000      -0.014135
   34     AR     S       0.000000       0.000000       0.029793
   35     AR     S       0.000000       0.000000       0.058968
   36     AR     S      -0.000000      -0.000000      -0.089228
   37     AR     S       0.000000      -0.000000      -0.163666
   38     AR    Px      -0.000000      -0.000000      -0.217094
   39     AR    Py      -0.099113       0.181234       0.000000
   40     AR    Pz      -0.181234      -0.099113       0.000000
   41     AR    Px       0.000000       0.000000      -0.029971
   42     AR    Py      -0.014141       0.025857      -0.000000
   43     AR    Pz      -0.025857      -0.014141       0.000000
   44     AR    Px       0.000000       0.000000       0.246888
   45     AR    Py       0.111717      -0.204280      -0.000000
   46     AR    Pz       0.204280       0.111717      -0.000000
   47     AR    Px       0.000000       0.000000       0.447069
   48     AR    Py       0.195252      -0.357028       0.000000
   49     AR    Pz       0.357028       0.195252      -0.000000
   50     AR    Px      -0.000000      -0.000000       0.304982
   51     AR    Py       0.106835      -0.195353      -0.000000
   52     AR    Pz       0.195353       0.106835       0.000000
   53     AR     S      -0.000000       0.000000      -0.095209
   54     AR    Px       0.000000       0.000000       0.051001
   55     AR    Py       0.002286      -0.004180      -0.000000
   56     AR    Pz       0.004180       0.002286      -0.000000
   57     AR   Dxx      -0.000000       0.000000       0.031925
   58     AR   Dxy       0.001576      -0.002882      -0.000000
   59     AR   Dxz       0.002882       0.001576      -0.000000
   60     AR   Dyy       0.000000      -0.000000      -0.006243
   61     AR   Dyz       0.000000      -0.000000       0.000000
   62     AR   Dzz      -0.000000       0.000000      -0.006243
 
 
  Occupied Eigenvectors for: POSITRON
 --------------------------- 
 
                           0.0001   
 
    1     E+     S      -0.857549
    2     E+     S       0.330036
    3     E+     S       0.109247
    4     E+     S      -0.009414
    5     E+     S       0.009903
    6     E+     S       0.001268
    7     E+     S       0.001253
    8     E+     S      -0.001724
    9     E+     S      -0.001736
   10     E+     S       0.000212
   11     E+    Px      -0.046745
   12     E+    Py       0.000000
   13     E+    Pz      -0.000000
   14     E+    Px       0.012497
   15     E+    Py      -0.000000
   16     E+    Pz      -0.000000
   17     E+    Px      -0.039520
   18     E+    Py      -0.000000
   19     E+    Pz       0.000000
   20     E+    Px      -0.000696
   21     E+    Py       0.000000
   22     E+    Pz      -0.000000
   23     E+   Dxx       0.360995
   24     E+   Dxy       0.000000
   25     E+   Dxz      -0.000000
   26     E+   Dyy       0.358690
   27     E+   Dyz      -0.000000
   28     E+   Dzz       0.358690
   29     E+   Dxx       0.168873
   30     E+   Dxy       0.000000
   31     E+   Dxz      -0.000000
   32     E+   Dyy       0.170619
   33     E+   Dyz       0.000000
   34     E+   Dzz       0.170619
   35     E+     S      -0.857549
   36     E+     S       0.330036
   37     E+     S       0.109247
   38     E+     S      -0.009414
   39     E+     S       0.009903
   40     E+     S       0.001268
   41     E+     S       0.001253
   42     E+     S      -0.001724
   43     E+     S      -0.001736
   44     E+     S       0.000212
   45     E+    Px       0.046745
   46     E+    Py      -0.000000
   47     E+    Pz       0.000000
   48     E+    Px      -0.012497
   49     E+    Py      -0.000000
   50     E+    Pz       0.000000
   51     E+    Px       0.039520
   52     E+    Py       0.000000
   53     E+    Pz      -0.000000
   54     E+    Px       0.000696
   55     E+    Py      -0.000000
   56     E+    Pz       0.000000
   57     E+   Dxx       0.360995
   58     E+   Dxy      -0.000000
   59     E+   Dxz       0.000000
   60     E+   Dyy       0.358690
   61     E+   Dyz       0.000000
   62     E+   Dzz       0.358690
   63     E+   Dxx       0.168873
   64     E+   Dxy      -0.000000
   65     E+   Dxz       0.000000
   66     E+   Dyy       0.170619
   67     E+   Dyz      -0.000000
   68     E+   Dzz       0.170619
 
 
  end of eigenvectors 
 
  END OF EIGENVALUES AND EIGENVECTORS
 
 
  COMPONENTS OF KINETIC ENERGY: 
 -----------------------------
 
                  E- Kinetic energy =         1054.427034431317
            POSITRON Kinetic energy =            0.000093275999
                                     _________________________
               Total kinetic energy =         1054.427127707316
 
  COMPONENTS OF POTENTIAL ENERGY: 
 -------------------------------
 
          Fixed potential energy    =           81.000000000000
 
  Quantum/Fixed interaction energy: 
 ----------------------------------
 
          E-/Fixed interact. energy =        -2672.816093106011
    POSITRON/Fixed interact. energy =            0.393062956446
                                     _________________________
               Total Q/Fixed energy =        -2672.423030149565
 
  Coulomb energy: 
 ------------------
 
               E-/E- Hartree energy =          544.387405802243
   POSITRON/POSITRON Hartree energy =            0.000000000000
         E-/POSITRON Hartree energy =           -0.393040066625
                                     _________________________
               Total Hartree energy =          543.994365735617
 
  Exchange(HF) energy: 
 ----------------------
 
                 E- Exchange energy =          -60.475565359522
           POSITRON Exchange energy =            0.000000000000
                                     _________________________
              Total Exchange energy =          -60.475565359522
 
  External Potential energy: 
 ----------------------------
 
                  E- Ext Pot energy =            0.000000000000
            POSITRON Ext Pot energy =           -0.000049147989
                                     _________________________
    Total External Potential energy =           -0.000049147989
 
  TOTAL ENERGY COMPONENTS: 
 ==========================
 
          TOTAL KINETIC ENERGY      =         1054.427127707316
          TOTAL POTENTIAL ENERGY    =        -2107.904278921458
                                     _________________________
                       TOTAL ENERGY =        -1053.477151214143
 
                 VIRIAL RATIO (V/T) =            1.999099059131
 
 
  END ENERGY COMPONENTS
 
 
** TOTAL CPU Time SCF :      1.606 (s)
** TOTAL Elapsed Time SCF :      0.521 (s)
 
 We are calculating properties for E- in the HF/KS ground state
 We are calculating properties for POSITRON in the HF/KS ground state
 
  POPULATION ANALYSES: 
 ====================
 
 MULLIKEN Population: for E-        
 ---------------------
 
                                    
 
    1     AR     S       0.777197
    2     AR     S       1.187390
    3     AR     S       0.958035
    4     AR     S       1.016462
    5     AR     S       1.064516
    6     AR     S       0.998924
    7     AR    Px       1.969173
    8     AR    Py       1.965360
    9     AR    Pz       1.965360
   10     AR    Px       0.023973
   11     AR    Py       0.025278
   12     AR    Pz       0.025278
   13     AR    Px       0.513149
   14     AR    Py       0.494717
   15     AR    Pz       0.494717
   16     AR    Px       1.108348
   17     AR    Py       1.062596
   18     AR    Pz       1.062596
   19     AR    Px       0.379825
   20     AR    Py       0.448526
   21     AR    Pz       0.448526
   22     AR     S      -0.017473
   23     AR    Px       0.025646
   24     AR    Py       0.002117
   25     AR    Pz       0.002117
   26     AR   Dxx       0.005106
   27     AR   Dxy       0.001405
   28     AR   Dxz       0.001405
   29     AR   Dyy      -0.005136
   30     AR   Dyz       0.000000
   31     AR   Dzz      -0.005136
   32     AR     S       0.777197
   33     AR     S       1.187390
   34     AR     S       0.958035
   35     AR     S       1.016462
   36     AR     S       1.064516
   37     AR     S       0.998924
   38     AR    Px       1.969173
   39     AR    Py       1.965360
   40     AR    Pz       1.965360
   41     AR    Px       0.023973
   42     AR    Py       0.025278
   43     AR    Pz       0.025278
   44     AR    Px       0.513149
   45     AR    Py       0.494717
   46     AR    Pz       0.494717
   47     AR    Px       1.108348
   48     AR    Py       1.062596
   49     AR    Pz       1.062596
   50     AR    Px       0.379825
   51     AR    Py       0.448526
   52     AR    Pz       0.448526
   53     AR     S      -0.017473
   54     AR    Px       0.025646
   55     AR    Py       0.002117
   56     AR    Pz       0.002117
   57     AR   Dxx       0.005106
   58     AR   Dxy       0.001405
   59     AR   Dxz       0.001405
   60     AR   Dyy      -0.005136
   61     AR   Dyz       0.000000
   62     AR   Dzz      -0.005136
 
                           __________
              Total =       36.000000
 
  Atomic MULLIKEN Population: for E-        
            AR              18.000000
            AR              18.000000
 
 ...end of MULLIKEN Population
 
 
 END POPULATION ANALYSES 
 
 
  POPULATION ANALYSES: 
 ====================
 
 LOWDIN Population: for E-        
 ---------------------
 
                                    
 
    1     AR     S       0.903276
    2     AR     S       1.085079
    3     AR     S       0.954993
    4     AR     S       0.962667
    5     AR     S       0.545201
    6     AR     S       0.529851
    7     AR    Px       1.889065
    8     AR    Py       1.884282
    9     AR    Pz       1.884282
   10     AR    Px       0.105693
   11     AR    Py       0.100015
   12     AR    Pz       0.100015
   13     AR    Px       0.575809
   14     AR    Py       0.546652
   15     AR    Pz       0.546652
   16     AR    Px       0.965578
   17     AR    Py       0.940557
   18     AR    Pz       0.940557
   19     AR    Px       0.408874
   20     AR    Py       0.452680
   21     AR    Pz       0.452680
   22     AR     S       0.132294
   23     AR    Px       0.090933
   24     AR    Py       0.074353
   25     AR    Pz       0.074353
   26     AR   Dxx       0.274292
   27     AR   Dxy       0.001461
   28     AR   Dxz       0.001461
   29     AR   Dyy       0.288197
   30     AR   Dyz       0.000000
   31     AR   Dzz       0.288197
   32     AR     S       0.903276
   33     AR     S       1.085079
   34     AR     S       0.954993
   35     AR     S       0.962667
   36     AR     S       0.545201
   37     AR     S       0.529851
   38     AR    Px       1.889065
   39     AR    Py       1.884282
   40     AR    Pz       1.884282
   41     AR    Px       0.105693
   42     AR    Py       0.100015
   43     AR    Pz       0.100015
   44     AR    Px       0.575809
   45     AR    Py       0.546652
   46     AR    Pz       0.546652
   47     AR    Px       0.965578
   48     AR    Py       0.940557
   49     AR    Pz       0.940557
   50     AR    Px       0.408874
   51     AR    Py       0.452680
   52     AR    Pz       0.452680
   53     AR     S       0.132294
   54     AR    Px       0.090933
   55     AR    Py       0.074353
   56     AR    Pz       0.074353
   57     AR   Dxx       0.274292
   58     AR   Dxy       0.001461
   59     AR   Dxz       0.001461
   60     AR   Dyy       0.288197
   61     AR   Dyz       0.000000
   62     AR   Dzz       0.288197
 
                           __________
              Total =       36.000000
 
  Atomic LOWDIN Population: for E-        
            AR              18.000000
            AR              18.000000
 
 ...end of LOWDIN Population
 
 
 END POPULATION ANALYSES 
 
 
  POPULATION ANALYSES: 
 ====================
 
 MULLIKEN Population: for POSITRON  
 ---------------------
 
                                    
 
    1     E+     S      -0.747291
    2     E+     S       0.177296
    3     E+     S       0.032283
    4     E+     S      -0.001524
    5     E+     S       0.000880
    6     E+     S       0.000060
    7     E+     S       0.000028
    8     E+     S      -0.000015
    9     E+     S      -0.000005
   10     E+     S       0.000000
   11     E+    Px      -0.000466
   12     E+    Py       0.000000
   13     E+    Pz       0.000000
   14     E+    Px       0.000070
   15     E+    Py      -0.000000
   16     E+    Pz       0.000000
   17     E+    Px      -0.000171
   18     E+    Py      -0.000000
   19     E+    Pz      -0.000000
   20     E+    Px      -0.000003
   21     E+    Py       0.000000
   22     E+    Pz       0.000000
   23     E+   Dxx       0.259279
   24     E+   Dxy      -0.000000
   25     E+   Dxz      -0.000000
   26     E+   Dyy       0.256094
   27     E+   Dyz      -0.000000
   28     E+   Dzz       0.256094
   29     E+   Dxx       0.088897
   30     E+   Dxy      -0.000000
   31     E+   Dxz      -0.000000
   32     E+   Dyy       0.089247
   33     E+   Dyz      -0.000000
   34     E+   Dzz       0.089247
   35     E+     S      -0.747291
   36     E+     S       0.177296
   37     E+     S       0.032283
   38     E+     S      -0.001524
   39     E+     S       0.000880
   40     E+     S       0.000060
   41     E+     S       0.000028
   42     E+     S      -0.000015
   43     E+     S      -0.000005
   44     E+     S       0.000000
   45     E+    Px      -0.000466
   46     E+    Py       0.000000
   47     E+    Pz       0.000000
   48     E+    Px       0.000070
   49     E+    Py       0.000000
   50     E+    Pz       0.000000
   51     E+    Px      -0.000171
   52     E+    Py      -0.000000
   53     E+    Pz      -0.000000
   54     E+    Px      -0.000003
   55     E+    Py       0.000000
   56     E+    Pz       0.000000
   57     E+   Dxx       0.259279
   58     E+   Dxy       0.000000
   59     E+   Dxz       0.000000
   60     E+   Dyy       0.256094
   61     E+   Dyz       0.000000
   62     E+   Dzz       0.256094
   63     E+   Dxx       0.088897
   64     E+   Dxy       0.000000
   65     E+   Dxz       0.000000
   66     E+   Dyy       0.089247
   67     E+   Dyz       0.000000
   68     E+   Dzz       0.089247
 
                           __________
              Total =        1.000000
 
  Atomic MULLIKEN Population: for POSITRON  
            AR               0.500000
            AR               0.500000
 
 ...end of MULLIKEN Population
 
 
 END POPULATION ANALYSES 
 
 
  POPULATION ANALYSES: 
 ====================
 
 LOWDIN Population: for POSITRON  
 ---------------------
 
                                    
 
    1     E+     S       0.049929
    2     E+     S       0.033302
    3     E+     S       0.006830
    4     E+     S       0.001642
    5     E+     S       0.000460
    6     E+     S       0.000128
    7     E+     S       0.000016
    8     E+     S       0.000000
    9     E+     S       0.000001
   10     E+     S       0.000000
   11     E+    Px       0.000009
   12     E+    Py       0.000000
   13     E+    Pz       0.000000
   14     E+    Px       0.000021
   15     E+    Py       0.000000
   16     E+    Pz       0.000000
   17     E+    Px       0.000007
   18     E+    Py       0.000000
   19     E+    Pz       0.000000
   20     E+    Px       0.000000
   21     E+    Py       0.000000
   22     E+    Pz       0.000000
   23     E+   Dxx       0.119859
   24     E+   Dxy       0.000000
   25     E+   Dxz       0.000000
   26     E+   Dyy       0.117686
   27     E+   Dyz       0.000000
   28     E+   Dzz       0.117686
   29     E+   Dxx       0.017786
   30     E+   Dxy       0.000000
   31     E+   Dxz       0.000000
   32     E+   Dyy       0.017317
   33     E+   Dyz       0.000000
   34     E+   Dzz       0.017317
   35     E+     S       0.049929
   36     E+     S       0.033302
   37     E+     S       0.006830
   38     E+     S       0.001642
   39     E+     S       0.000460
   40     E+     S       0.000128
   41     E+     S       0.000016
   42     E+     S       0.000000
   43     E+     S       0.000001
   44     E+     S       0.000000
   45     E+    Px       0.000009
   46     E+    Py       0.000000
   47     E+    Pz       0.000000
   48     E+    Px       0.000021
   49     E+    Py       0.000000
   50     E+    Pz       0.000000
   51     E+    Px       0.000007
   52     E+    Py       0.000000
   53     E+    Pz       0.000000
   54     E+    Px       0.000000
   55     E+    Py       0.000000
   56     E+    Pz       0.000000
   57     E+   Dxx       0.119859
   58     E+   Dxy       0.000000
   59     E+   Dxz       0.000000
   60     E+   Dyy       0.117686
   61     E+   Dyz       0.000000
   62     E+   Dzz       0.117686
   63     E+   Dxx       0.017786
   64     E+   Dxy       0.000000
   65     E+   Dxz       0.000000
   66     E+   Dyy       0.017317
   67     E+   Dyz       0.000000
   68     E+   Dzz       0.017317
 
                           __________
              Total =        1.000000
 
  Atomic LOWDIN Population: for POSITRON  
            AR               0.500000
            AR               0.500000
 
 ...end of LOWDIN Population
 
 
 END POPULATION ANALYSES 
 
 
  EXPECTED POSITIONS OF QUANTUM SPECIES:
 ======================
 
 POSITIONS IN ANGSTROMS
 ------
 
                        <x>      <y>      <z>         
                 E-  38.1008  -0.0000   0.0000
           POSITRON   1.0584   0.0000  -0.0000
 
 END EXPECTED POSITIONS
 
 
  ELECTROSTATIC MOMENTS:
 ======================
 
 
 DIPOLE: (A.U.)
 ------
 
                           <Dx>         <Dy>         <Dz>          |D|
                 E- -72.00000000   0.00000000  -0.00000000
           POSITRON   1.99999999   0.00000000  -0.00000000
    Point charges:   72.00000000   0.00000000   0.00000000
                     ____________________________
      Total Dipole:   1.99999999   0.00000000  -0.00000000   1.99999999
 
 DIPOLE: (DEBYE)
 ------
 
                           <Dx>         <Dy>         <Dz>          |D|
                 E--183.00572205   0.00000000  -0.00000000
           POSITRON   5.08349225   0.00000000  -0.00000000
    Point charges:  183.00572205   0.00000000   0.00000000
                     ____________________________
      Total Dipole:   5.08349225   0.00000000  -0.00000000   5.08349225
 
 QUADRUPOLE NON-TRACELESS: (DEBYE ANGS)
 ------
 
                           <xx>         <yy>         <zz>         <xy>         <xz>         <yz>
                 E- -376.93383018  -23.13787541  -23.13787541   -0.00000000   -0.00000000    0.00000000
           POSITRON 7521.92198992 7463.65838450 7463.65838447   -0.00000000    0.00000000    0.00000000
    Point charges:   387.36981416    0.00000000    0.00000000    0.00000000    0.00000000    0.00000000
  Total Quadrupole: 7532.35797390 7440.52050909 7440.52050906   -0.00000000    0.00000000    0.00000000
                     ____________________________
 
 END ELECTROSTATIC MOMENTS
 

  TOTAL CPU Time:      0.262 (s)
 TOTAL Wall Time:      0.575 (s)
  Elapsed Time:   0h  0m  0s 576ms
LOWDIN execution terminated normally at : Wed Nov 27 15:43:50 2024
-rw-rw-r-- 1 pohl pohl 2.8M nov 27 15:43 0E-.ints
-rw-rw-r-- 1 pohl pohl 6.2M nov 27 15:43 0E-.POSITRON.ints
-rw-rw-r-- 1 pohl pohl 2.1M nov 27 15:43 0POSITRON.ints
-rw-rw-r-- 1 pohl pohl 2.8M nov 27 15:43 1E-.ints
-rw-rw-r-- 1 pohl pohl 6.2M nov 27 15:43 1E-.POSITRON.ints
-rw-rw-r-- 1 pohl pohl 2.1M nov 27 15:43 1POSITRON.ints
-rw-rw-r-- 1 pohl pohl 2.8M nov 27 15:43 2E-.ints
-rw-rw-r-- 1 pohl pohl 6.2M nov 27 15:43 2E-.POSITRON.ints
-rw-rw-r-- 1 pohl pohl 2.1M nov 27 15:43 2POSITRON.ints
-rw-rw-r-- 1 pohl pohl 2.8M nov 27 15:43 3E-.ints
-rw-rw-r-- 1 pohl pohl 6.9M nov 27 15:43 3E-.POSITRON.ints
-rw-rw-r-- 1 pohl pohl 2.1M nov 27 15:43 3POSITRON.ints
-rw-rw-r-- 1 pohl pohl   12 nov 27 15:43 E-.POSITRON.nints
-rw-rw-r-- 1 pohl pohl   64 nov 27 15:43 gepol.inp
-rw-rw-r-- 1 pohl pohl   91 nov 27 15:43 gepol.xyzr
-rw-rw-r-- 1 pohl pohl  12K nov 27 15:43 lowdin.bas
-rw-rw-r-- 1 pohl pohl  16K nov 27 15:43 lowdin.dat
-rw-rw-r-- 1 pohl pohl 867K nov 27 15:43 lowdin.opints
-rw-rw-r-- 1 pohl pohl  32K nov 27 15:43 lowdin.sys
-rw-rw-r-- 1 pohl pohl 865K nov 27 15:43 lowdin.wfn
-rw-rw-r-- 1 pohl pohl  494 nov 27 15:43 usual_11
-rw-rw-r-- 1 pohl pohl  68K nov 27 15:43 usual_110.vec
-rw-rw-r-- 1 pohl pohl  68K nov 27 15:43 usual_111.vec
-rw-rw-r-- 1 pohl pohl  68K nov 27 15:43 usual_112.vec
-rw-rw-r-- 1 pohl pohl  68K nov 27 15:43 usual_113.vec
-rw-rw-r-- 1 pohl pohl  68K nov 27 15:43 usual_114.vec
-rw-rw-r-- 1 pohl pohl  68K nov 27 15:43 usual_115.vec
-rw-rw-r-- 1 pohl pohl  68K nov 27 15:43 usual_116.vec
-rw-rw-r-- 1 pohl pohl  68K nov 27 15:43 usual_117.vec
-rw-rw-r-- 1 pohl pohl  68K nov 27 15:43 usual_118.vec
-rw-rw-r-- 1 pohl pohl  68K nov 27 15:43 usual_119.vec
-rw-rw-r-- 1 pohl pohl 1.8K nov 27 15:43 usual_11.aux
-rw-rw-r-- 1 pohl pohl  499 nov 27 15:43 usual_11.lowdin
-rw-rw-r-- 1 pohl pohl  66K nov 27 15:43 usual_11.out
-rw-rw-r-- 1 pohl pohl  68K nov 27 15:43 usual_11.vec
