Begin job by input: usual_161.lowdin, for user:   at  mié 27 nov 2024 15:45:25 -05
under operating system Linux helios 5.19.0-46-generic #47-Ubuntu SMP PREEMPT_DYNAMIC Fri Jun 16 13:30:11 UTC 2023 x86_64 x86_64 x86_64 GNU/Linux
Compilation information
  commit: f31d3924f6ee2ce9d77f07edcc1ba27359319d14
  compilation date:  mar 17 sep 2024 16:16:17 -05

BEGIN INPUT INFO:
------------------------------------

GEOMETRY
	Ar	Dirac	0.0 0.0 0.0
	e-(Ar)	6-311++G.d.p 0.0 0.0 0.0
	E+	GRIBAKIN-10S4P2D 0.0 0.0 0.0
	Ar	Dirac	34.0 0.0 0.0
	e-(Ar)	6-311++G.d.p	34.0 0.0 0.0
	E+	GRIBAKIN-10S4P2D 34.0 0.0 0.0 addParticles=-1 
END GEOMETRY

TASKS
        method = "RHF"
END TASKS

EXTERPOTENTIAL
	E- GRIBAKIN0
	E+ AR161
END EXTERPOTENTIAL

CONTROL
	units="BOHRS"
	readCoefficients=F
	convergenceMethod=1
	overlapEigenThreshold=1E-6
	SCFGhostSpecies="POSITRON"
	HFprintEigenvalues=T
	totalEnergyTolerance = 1E-9
END CONTROL


... END INPUT INFO


 LOWDIN execution started at : Wed Nov 27 15:45:25 2024
 ---------------------------------------------------------------
 
 ***************************************************************
 *                   LOWDIN 2.0  (May/2013)                    *
 *                                                             *
 *  R. FLORES-MORENO, E. F. POSADA, F. S. MONCADA, J.ROMERO,   *
 *  J. CHARRY, M. DIAZ-TINOCO, S. A. GONZALEZ, N. F. AGUIRRE,  *
 *  A. REYES                                                   *
 *                                                             *
 *  https://sites.google.com/site/lowdinproject/               *
 *                                                             *
 ***************************************************************
 
 PARSING INPUT... DONE!
 
 LOWDIN IS RUNNING WITH NEXT PARAMETERS: 
 ----------------------------------------
 
         METHOD TYPE:  RHF
         NUMBER OF CORES:     4
         NONELECTRONIC DENSITY GUESS: HCORE
         ELECTRONIC DENSITY GUESS: HCORE
         CRITERIUM OF CONVERGENCE: ENERGY
         NONELECTRONIC ENERGY TOLERANCE IN SCFs:     0.10000E-07
         ELECTRONIC ENERGY TOLERANCE IN SCFs:     0.10000E-07
         TOTAL ENERGY TOLERANCE IN SCFs:     0.10000E-08
         SCHEME OF ITERATION: GLOBAL ITERATIONS
         SCF MAX. SUBITERATIONS - NONELECTRONS :     1
         SCF MAX. SUBITERATIONS - ELECTRONS :     1
         SCF MAX. ITERATIONS - INTERSPECIES :   200
         INTEGRAL STORAGE: DISK
         STACK SIZE FOR ERIS : 30000
         METHOD OF SCF CONVERGENCE: DAMPING
 
  MOLECULAR SYSTEM: usual_161
 -----------------
 
    DESCRIPTION   : usual_161
    CHARGE        :   2
    PUNTUAL GROUP : NONE
 
 
  INFORMATION OF PARTICLES :
 =========================
         Total number of particles   =      39
         Number of quantum particles =      37
         Number of puntual charges   =       2
         Number of quantum species   =       2
 
                 INFORMATION OF QUANTUM SPECIES 
    ----------------------------------------------------------------------
         ID      Symbol            mass     charge      omega     spin     multiplicity
    ----------------------------------------------------------------------
         1             E-         1.0000     -1.00      0.00      0.50      1.00
         2             E+         1.0000      1.00      0.00      0.50      1.00
 
                   CONSTANTS OF COUPLING 
      ------------------------------------------------------------
              Symbol      kappa        eta     lambda occupation
      ------------------------------------------------------------
                  E-      -1.00       2.00       2.00      18.00
                  E+      -1.00       1.00       1.00       1.00
 
                   BASIS SET FOR SPECIES 
      ------------------------------------------------------------
           Symbol          N. Basis     N. Particles     Basis Set
      ------------------------------------------------------------
                 E-           28               36     6-311++G.D
                 E+           32                1     GRIBAKIN-1
 
                                ATOMIC BASIS
         ------------------------------------------------------------
          PRIMITIVE   SHELL             EXPONENT         COEFFICIENT 
         ------------------------------------------------------------
 
    BEGIN DESCRIPTION OF BASIS FOR:    E-
    ==============================
 
 
            AR BASIS SET:   6-311++G.D.P
             1         S           118022.38000000          0.00074700
             2         S            17683.54100000          0.00579000
             3         S             4027.76570000          0.02991900
             4         S             1145.39770000          0.11920600
             5         S              377.16375000          0.36902800
             6         S              138.15969000          0.57645900
             1         S              138.15969000          0.14392700
             2         S               54.98911700          0.62293800
             3         S               23.17066700          0.28396400
             1         S                7.37786000          1.00000000
             1         S                2.92368800          1.00000000
             1         S                0.65040500          1.00000000
             1         S                0.23282500          1.00000000
             1         P              663.06201000          0.00308200
             2         P              157.09281000          0.02416500
             3         P               50.23110000          0.10822300
             4         P               18.63534500          0.29419200
             5         P                7.44653700          0.68786200
             1         P                7.44653700         -0.12144820
             2         P                3.09569800          0.16323700
             1         P                1.10646300          1.00000000
             1         P                0.41560100          1.00000000
             1         P                0.14544900          1.00000000
             1         S                0.06000000          1.00000000
             1         P                0.06000000          1.00000000
             1         D                0.85000000          1.00000000
 
            AR BASIS SET:   6-311++G.D.P
             1         S           118022.38000000          0.00074700
             2         S            17683.54100000          0.00579000
             3         S             4027.76570000          0.02991900
             4         S             1145.39770000          0.11920600
             5         S              377.16375000          0.36902800
             6         S              138.15969000          0.57645900
             1         S              138.15969000          0.14392700
             2         S               54.98911700          0.62293800
             3         S               23.17066700          0.28396400
             1         S                7.37786000          1.00000000
             1         S                2.92368800          1.00000000
             1         S                0.65040500          1.00000000
             1         S                0.23282500          1.00000000
             1         P              663.06201000          0.00308200
             2         P              157.09281000          0.02416500
             3         P               50.23110000          0.10822300
             4         P               18.63534500          0.29419200
             5         P                7.44653700          0.68786200
             1         P                7.44653700         -0.12144820
             2         P                3.09569800          0.16323700
             1         P                1.10646300          1.00000000
             1         P                0.41560100          1.00000000
             1         P                0.14544900          1.00000000
             1         S                0.06000000          1.00000000
             1         P                0.06000000          1.00000000
             1         D                0.85000000          1.00000000
    ... END DESCRIPTION OF BASIS
 
 
    BEGIN DESCRIPTION OF BASIS FOR:    E+
    ==============================
 
 
            E+ BASIS SET:GRIBAKIN-10S4P2
             1         S                0.00010000          1.00000000
             1         S                0.00030000          1.00000000
             1         S                0.00090000          1.00000000
             1         S                0.00270000          1.00000000
             1         S                0.00810000          1.00000000
             1         S                0.02430000          1.00000000
             1         S                0.07290000          1.00000000
             1         S                0.21870000          1.00000000
             1         S                0.65610000          1.00000000
             1         S                1.96830000          1.00000000
             1         P                0.00010000          1.00000000
             1         P                0.00030000          1.00000000
             1         P                0.00090000          1.00000000
             1         P                0.00270000          1.00000000
             1         D                0.00010000          1.00000000
             1         D                0.00030000          1.00000000
 
            E+ BASIS SET:GRIBAKIN-10S4P2
             1         S                0.00010000          1.00000000
             1         S                0.00030000          1.00000000
             1         S                0.00090000          1.00000000
             1         S                0.00270000          1.00000000
             1         S                0.00810000          1.00000000
             1         S                0.02430000          1.00000000
             1         S                0.07290000          1.00000000
             1         S                0.21870000          1.00000000
             1         S                0.65610000          1.00000000
             1         S                1.96830000          1.00000000
             1         P                0.00010000          1.00000000
             1         P                0.00030000          1.00000000
             1         P                0.00090000          1.00000000
             1         P                0.00270000          1.00000000
             1         D                0.00010000          1.00000000
             1         D                0.00030000          1.00000000
    ... END DESCRIPTION OF BASIS
 
 
  END INFORMATION OF PARTICLES
 
 
  INFORMATION OF THE QUANTUM SYSTEM 
     ---------------------------------------------------------------------
                 ID     Occupied Orbitals     Basis size
     ---------------------------------------------------------------------
                 E-           18               62
                 E+            1               68
 
  END INFORMATION OF QUANTUM SYSTEM
 
 
  INFORMATION OF EXTERNAL POTENTIALS 
 
 =======
 External Potential for E- : GRIBAKIN0
 Type : 
                     Exponent         l       R_x       R_y       R_z              Factor
                 0.0010000000         0   0.00000   0.00000   0.00000        0.0000000000
 
 =======
 External Potential for E+ : AR161
 Type : 
                     Exponent         l       R_x       R_y       R_z              Factor
                 0.0010000000         0   0.00000   0.00000   0.00000        0.0000779688
                 0.0020000000         0   0.00000   0.00000   0.00000       -0.0004786853
                 0.0040000000         0   0.00000   0.00000   0.00000        0.0013189164
                 0.0080000000         0   0.00000   0.00000   0.00000       -0.0033441280
                 0.0160000000         0   0.00000   0.00000   0.00000        0.0050907505
                 0.0320000000         0   0.00000   0.00000   0.00000       -0.0151949101
                 0.0640000000         0   0.00000   0.00000   0.00000        0.0049422575
                 0.1280000000         0   0.00000   0.00000   0.00000       -0.1024675180
                 0.2560000000         0   0.00000   0.00000   0.00000       -0.1709080790
                 0.5120000000         0   0.00000   0.00000   0.00000       -1.1786523000
                 1.0000000000         0   0.00000   0.00000   0.00000       -3.9901484000
                 2.0000000000         0   0.00000   0.00000   0.00000      129.9336270000
                 3.0000000000         0   0.00000   0.00000   0.00000    -1317.9950900000
                 4.0000000000         0   0.00000   0.00000   0.00000     7976.3295300000
                 5.0000000000         0   0.00000   0.00000   0.00000   -30887.5711000000
                 6.0000000000         0   0.00000   0.00000   0.00000    78131.7910000000
                 7.0000000000         0   0.00000   0.00000   0.00000  -128444.4630000000
                 8.0000000000         0   0.00000   0.00000   0.00000   132337.9190000000
                 9.0000000000         0   0.00000   0.00000   0.00000   -77735.4212000000
                10.0000000000         0   0.00000   0.00000   0.00000    19907.5941000000
                20.0000000000         0   0.00000   0.00000   0.00000     -135.7052840000
                30.0000000000         0   0.00000   0.00000   0.00000       72.5910786000
                40.0000000000         0   0.00000   0.00000   0.00000      -41.7155821000
                50.0000000000         0   0.00000   0.00000   0.00000       12.4077673000
               100.0000000000         0   0.00000   0.00000   0.00000       -0.2471957670
                 0.0010000000         0  34.00000   0.00000   0.00000        0.0000779688
                 0.0020000000         0  34.00000   0.00000   0.00000       -0.0004786853
                 0.0040000000         0  34.00000   0.00000   0.00000        0.0013189164
                 0.0080000000         0  34.00000   0.00000   0.00000       -0.0033441280
                 0.0160000000         0  34.00000   0.00000   0.00000        0.0050907505
                 0.0320000000         0  34.00000   0.00000   0.00000       -0.0151949101
                 0.0640000000         0  34.00000   0.00000   0.00000        0.0049422575
                 0.1280000000         0  34.00000   0.00000   0.00000       -0.1024675180
                 0.2560000000         0  34.00000   0.00000   0.00000       -0.1709080790
                 0.5120000000         0  34.00000   0.00000   0.00000       -1.1786523000
                 1.0000000000         0  34.00000   0.00000   0.00000       -3.9901484000
                 2.0000000000         0  34.00000   0.00000   0.00000      129.9336270000
                 3.0000000000         0  34.00000   0.00000   0.00000    -1317.9950900000
                 4.0000000000         0  34.00000   0.00000   0.00000     7976.3295300000
                 5.0000000000         0  34.00000   0.00000   0.00000   -30887.5711000000
                 6.0000000000         0  34.00000   0.00000   0.00000    78131.7910000000
                 7.0000000000         0  34.00000   0.00000   0.00000  -128444.4630000000
                 8.0000000000         0  34.00000   0.00000   0.00000   132337.9190000000
                 9.0000000000         0  34.00000   0.00000   0.00000   -77735.4212000000
                10.0000000000         0  34.00000   0.00000   0.00000    19907.5941000000
                20.0000000000         0  34.00000   0.00000   0.00000     -135.7052840000
                30.0000000000         0  34.00000   0.00000   0.00000       72.5910786000
                40.0000000000         0  34.00000   0.00000   0.00000      -41.7155821000
                50.0000000000         0  34.00000   0.00000   0.00000       12.4077673000
               100.0000000000         0  34.00000   0.00000   0.00000       -0.2471957670
 
  END INFORMATION OF EXTERNAL POTENTIALS
 
                       INITIAL GEOMETRY: AMSTRONG
                 -----------------------------------
                       <x>                 <y>                 <z>
      E-AR        0.0000000000        0.0000000000        0.0000000000
      E-AR       17.9920264742        0.0000000000        0.0000000000
        E+        0.0000000000        0.0000000000        0.0000000000
        E+       17.9920264742        0.0000000000        0.0000000000
        AR        0.0000000000        0.0000000000        0.0000000000
        AR       17.9920264742        0.0000000000        0.0000000000
 
                     MATRIX OF DISTANCE: ANGSTROM
                 -----------------------------------
                          AR(1)          AR(2)     
 
        AR(1)            0.000000      17.992026
        AR(2)           17.992026       0.000000
 
--------------------------------------------------------------------------------
** PROGRAM: SCF (Hartree Fock).     Author: S.A. Gonzalez, E. Posada, F. Moncada
--------------------------------------------------------------------------------
INFO: RUNNING IN RHF MODE.
 
----------------------------------------------------------------------
** PROGRAM INTS                          Author: E. F. Posada, 2013   
----------------------------------------------------------------------
INFO: RUNNING IN ONE_PARTICLE MODE.
 
 Number of Overlap integrals for species E-:   3844
 Number of Overlap integrals for species POSITRON:   4624
 Number of Kinetic integrals for species E-:   3844
 Number of Kinetic integrals for species POSITRON:   4624
 Number of Nuclear integrals for species E-:   3844
 Number of Nuclear integrals for species POSITRON:   4624
 Number of Moment integrals for species E-:  11532
 Number of Moment integrals for species POSITRON:  13872
 Number of 3C Overlap integrals for species E-:   3844
 Number of 3C Overlap integrals for species POSITRON:   4624
 
** TOTAL CPU Time INTS :      0.386 (s)
** TOTAL Elapsed Time INTS :      0.148 (s)
 
Removed     2 orbitals for species POSITRON with overlap eigen threshold of 1.000E-06
       Usign  HCORE density guess for species:         E-
     number of         E-     particles in guess density matrix:    36.000000
       Usign  HCORE density guess for species:   POSITRON
     number of   POSITRON     particles in guess density matrix:     0.000000
 Warning!, density matrix with deviation from number of particles    1.000000
 Number of unique integrals for species: 1 = 98965
 Number of unique integrals for species: 2 = 302297
 Number of unique integrals for species: 1 / 2 = 555762 Screened: 71113
 
 TWO-BODY INTEGRAL SETUP: 
------------------------- 
 Storage:   DISK
 Scheme: LIBINT
 Stack size:  30000
 
 LIBINT library, Fermann, J. T.; Valeev, F. L. 2010                   
 LOWDIN-LIBINT Implementation V. 2.1  Posada E. F. ; Reyes A. 2016   
 ----------------------------------------------------------------------

*** TOTAL CPU time intra-species integrals :      0.484 (s)
*** TOTAL elapsed time intra-species integrals :      0.073 (s)


*** TOTAL CPU time inter-species integrals :      0.667 (s)
*** TOTAL elapsed time inter-species integrals :      0.136 (s)

INFO: RUNNING SCHEME SIMULTANEOUS
 
 Begin Multi-Species SCF calculation:
 
 --------------------------------------------------------------------------------------------------
      Iteration                   Energy            Energy Change           Density Change
 --------------------------------------------------------------------------------------------------
              1        -996.367849151321         996.367849151321           0.304189352730
              2       -1028.108036099106          31.740186947785           0.186068460789
              3       -1053.294231679117          25.186195580011           0.017411635078
              4       -1053.569597668379           0.275365989262           0.005969032054
              5       -1053.592481590103           0.022883921724           0.002449342313
              6       -1053.602429101974           0.009947511871           0.001954280207
              7       -1053.608991347017           0.006562245044           0.332816758143
              8       -1053.614039883030           0.005048536013           0.000135385167
              9       -1053.614039984522           0.000000101492           0.000017681330
             10       -1053.614039993675           0.000000009153           0.000008018243
             11       -1053.614039994012           0.000000000337           0.000001140952
 Total energy converged after  11 global iterations                                                  
 
 ...end Multi-Species SCF calculation
 
 
 Begin SCF calculation by: E-
 -------------------------
 
 -----------------------------------------------------------------------------------
 Iteration                   Energy           Density Change         DIIS Error 
 -----------------------------------------------------------------------------------
    1       -1123.050531408198           0.184396910687                 -- 
    2       -1069.310169068113           0.015937598850                 -- 
    3       -1061.409428635670           0.004632143482                 -- 
    4       -1063.609175356342           0.001106761744                 -- 
    5       -1063.053787835810           0.000269723077                 -- 
    6       -1063.167847023591           0.000057643057                 -- 
    7       -1063.138753075169           0.000015001609                 -- 
    8       -1063.144866394058           0.000003165806                 -- 
    9       -1063.143205170303           0.000000982274                 -- 
   10       -1063.143606358115           0.000000207049                 -- 
 
 ... end SCF calculation
 
 Begin SCF calculation by: POSITRON
 -------------------------
 
 -----------------------------------------------------------------------------------
 Iteration                   Energy           Density Change         DIIS Error 
 -----------------------------------------------------------------------------------
    1           0.428390871803           0.001671550102                 -- 
    2           0.000290211739           0.001474036229                 -- 
    3          -0.007430877848           0.001336888572                 -- 
    4          -0.005224082135           0.001342580569                 -- 
    5          -0.003622337068           0.001684557131                 -- 
    6           0.000043935656           0.332759115087                 -- 
    7           0.000043852367           0.000120383559                 -- 
    8           0.000043863009           0.000014515525                 -- 
    9           0.000043858185           0.000007035969                 -- 
   10           0.000043858882           0.000000933903                 -- 
 
 ... end SCF calculation
 
  EIGENVALUES AND EIGENVECTORS: 
 ==============================
 
 
  Eigenvalues for: E-
 -----------------
 
    1        -118.610400688440
    2        -118.610400688440
    3         -12.322679384439
    4         -12.322679384439
    5          -9.572523398750
    6          -9.572523398750
    7          -9.572523398749
    8          -9.572523398749
    9          -9.572523398749
   10          -9.572523398749
   11          -1.277376685889
   12          -1.277376685889
   13          -0.591387359834
   14          -0.591387359834
   15          -0.591387359714
   16          -0.591387359714
   17          -0.591387359714
   18          -0.591387359714
   19           0.134700336116
   20           0.134700336116
   21           0.152409819460
   22           0.152409819461
   23           0.152409819488
   24           0.152409819488
   25           0.152409819488
   26           0.152409819488
   27           0.709217795132
   28           0.709217795133
   29           0.709217795185
   30           0.709217795185
   31           0.709217795185
   32           0.709217795185
   33           1.072837477541
   34           1.072837477541
   35           1.214864609360
   36           1.214864609360
   37           1.214864609360
   38           1.214864609360
   39           1.214864609364
   40           1.214864609364
   41           1.214864609364
   42           1.214864609364
   43           1.214864609366
   44           1.214864609366
   45           2.743211202360
   46           2.743211202361
   47           2.743211202381
   48           2.743211202381
   49           2.743211202381
   50           2.743211202381
   51           4.434781485761
   52           4.434781485762
   53          14.030004242074
   54          14.030004242074
   55          14.030004242074
   56          14.030004242074
   57          14.030004242123
   58          14.030004242124
   59          16.732879586157
   60          16.732879586159
   61         254.593005255720
   62         254.593005255720
 
 
  Eigenvalues for: POSITRON
 -----------------
 
    1           0.000066378580
    2           0.000135798544
    3           0.000209713722
    4           0.000209713722
    5           0.000255642229
    6           0.000281496476
    7           0.000281496477
    8           0.000283876041
    9           0.000327597437
   10           0.000327597437
   11           0.000423387344
   12           0.000427307900
   13           0.000429095701
   14           0.000429095701
   15           0.000441047009
   16           0.000441047009
   17           0.000569598418
   18           0.000569598424
   19           0.000585733420
   20           0.000722749207
   21           0.000909235229
   22           0.000909235229
   23           0.000960023535
   24           0.001149848905
   25           0.001149848906
   26           0.001151934529
   27           0.001248539539
   28           0.001248539539
   29           0.001448625340
   30           0.001514138061
   31           0.001514138061
   32           0.001516728351
   33           0.001516728351
   34           0.001537721972
   35           0.001813067308
   36           0.001813067308
   37           0.001879120407
   38           0.001893906688
   39           0.002974397140
   40           0.002974397140
   41           0.003216198957
   42           0.003641539927
   43           0.003769421864
   44           0.003769421864
   45           0.003954121061
   46           0.004582509344
   47           0.007743671806
   48           0.007946151566
   49           0.009360536386
   50           0.009360536386
   51           0.009692678662
   52           0.010480333095
   53           0.010480333095
   54           0.012768367153
   55           0.021390144193
   56           0.021646840431
   57           0.064362245735
   58           0.065234766088
   59           0.217599722925
   60           0.218212960039
   61           0.859259079201
   62           0.859874974869
   63           4.193304278861
   64           4.193879705401
   65          24.143860516953
   66          24.144644477755
   67     1000000.000000000000
   68     1000000.000000000000
 
  end of eigenvalues 
 
  Occupied Eigenvectors for: E-
 --------------------------- 
 
                        -118.6104      -118.6104       -12.3227       -12.3227        -9.5725   
 
    1     AR     S       0.410419       0.007166       0.000892      -0.123091      -0.000000
    2     AR     S       0.655068       0.011438       0.002434      -0.335849      -0.000000
    3     AR     S       0.012404       0.000217      -0.003867       0.533660       0.000000
    4     AR     S      -0.001895      -0.000033      -0.004193       0.578608       0.000000
    5     AR     S       0.001139       0.000020      -0.000405       0.055907      -0.000000
    6     AR     S       0.000094       0.000002       0.000041      -0.005713      -0.000000
    7     AR    Px      -0.000000      -0.000000       0.000000      -0.000000       0.944492
    8     AR    Py       0.000000      -0.000000      -0.000000      -0.000000      -0.000268
    9     AR    Pz      -0.000000      -0.000000       0.000000       0.000000       0.001802
   10     AR    Px       0.000000       0.000000       0.000000      -0.000000       0.181657
   11     AR    Py       0.000000      -0.000000      -0.000000       0.000000      -0.000052
   12     AR    Pz      -0.000000      -0.000000       0.000000      -0.000000       0.000347
   13     AR    Px      -0.000000      -0.000000       0.000000      -0.000000       0.040783
   14     AR    Py      -0.000000       0.000000      -0.000000      -0.000000      -0.000012
   15     AR    Pz       0.000000       0.000000      -0.000000       0.000000       0.000078
   16     AR    Px       0.000000       0.000000      -0.000000       0.000000      -0.003970
   17     AR    Py       0.000000      -0.000000       0.000000       0.000000       0.000001
   18     AR    Pz      -0.000000      -0.000000       0.000000      -0.000000      -0.000008
   19     AR    Px      -0.000000      -0.000000      -0.000000       0.000000       0.001907
   20     AR    Py      -0.000000       0.000000      -0.000000      -0.000000      -0.000001
   21     AR    Pz       0.000000       0.000000       0.000000       0.000000       0.000004
   22     AR     S      -0.000023      -0.000000      -0.000009       0.001294       0.000000
   23     AR    Px       0.000000       0.000000       0.000000      -0.000000      -0.000673
   24     AR    Py       0.000000       0.000000       0.000000       0.000000       0.000000
   25     AR    Pz      -0.000000      -0.000000      -0.000000      -0.000000      -0.000001
   26     AR   Dxx      -0.000356      -0.000006       0.000044      -0.006078      -0.000000
   27     AR   Dxy      -0.000000      -0.000000       0.000000      -0.000000       0.000000
   28     AR   Dxz       0.000000       0.000000      -0.000000       0.000000      -0.000000
   29     AR   Dyy      -0.000356      -0.000006       0.000044      -0.006078       0.000000
   30     AR   Dyz       0.000000       0.000000      -0.000000       0.000000      -0.000000
   31     AR   Dzz      -0.000356      -0.000006       0.000044      -0.006078       0.000000
   32     AR     S       0.007166      -0.410419       0.123091       0.000892       0.000000
   33     AR     S       0.011438      -0.655068       0.335849       0.002434       0.000000
   34     AR     S       0.000217      -0.012404      -0.533660      -0.003867      -0.000000
   35     AR     S      -0.000033       0.001895      -0.578608      -0.004193      -0.000000
   36     AR     S       0.000020      -0.001139      -0.055907      -0.000405       0.000000
   37     AR     S       0.000002      -0.000094       0.005713       0.000041       0.000000
   38     AR    Px       0.000000      -0.000000      -0.000000      -0.000000       0.234193
   39     AR    Py      -0.000000      -0.000000       0.000000       0.000000      -0.000272
   40     AR    Pz       0.000000       0.000000       0.000000      -0.000000      -0.000121
   41     AR    Px      -0.000000       0.000000      -0.000000      -0.000000       0.045043
   42     AR    Py      -0.000000      -0.000000       0.000000      -0.000000      -0.000052
   43     AR    Pz       0.000000       0.000000       0.000000      -0.000000      -0.000023
   44     AR    Px       0.000000      -0.000000      -0.000000      -0.000000       0.010112
   45     AR    Py       0.000000       0.000000       0.000000       0.000000      -0.000012
   46     AR    Pz      -0.000000      -0.000000       0.000000       0.000000      -0.000005
   47     AR    Px      -0.000000       0.000000       0.000000       0.000000      -0.000984
   48     AR    Py      -0.000000       0.000000      -0.000000      -0.000000       0.000001
   49     AR    Pz       0.000000       0.000000      -0.000000      -0.000000       0.000001
   50     AR    Px       0.000000      -0.000000       0.000000       0.000000       0.000473
   51     AR    Py       0.000000      -0.000000       0.000000       0.000000      -0.000001
   52     AR    Pz      -0.000000      -0.000000       0.000000       0.000000      -0.000000
   53     AR     S      -0.000000       0.000023      -0.001294      -0.000009      -0.000000
   54     AR    Px      -0.000000       0.000000      -0.000000      -0.000000      -0.000167
   55     AR    Py      -0.000000       0.000000      -0.000000       0.000000       0.000000
   56     AR    Pz       0.000000       0.000000      -0.000000      -0.000000       0.000000
   57     AR   Dxx      -0.000006       0.000356       0.006078       0.000044       0.000000
   58     AR   Dxy      -0.000000       0.000000      -0.000000       0.000000      -0.000000
   59     AR   Dxz      -0.000000      -0.000000       0.000000       0.000000      -0.000000
   60     AR   Dyy      -0.000006       0.000356       0.006078       0.000044      -0.000000
   61     AR   Dyz      -0.000000      -0.000000      -0.000000       0.000000       0.000000
   62     AR   Dzz      -0.000006       0.000356       0.006078       0.000044      -0.000000
 
                          -9.5725        -9.5725        -9.5725        -9.5725        -9.5725   
 
    1     AR     S      -0.000000      -0.000000       0.000000      -0.000000       0.000000
    2     AR     S      -0.000000      -0.000000       0.000000      -0.000000       0.000000
    3     AR     S       0.000000       0.000000      -0.000000       0.000000      -0.000000
    4     AR     S       0.000000       0.000000      -0.000000       0.000000      -0.000000
    5     AR     S      -0.000000      -0.000000       0.000000      -0.000000       0.000000
    6     AR     S      -0.000000      -0.000000       0.000000      -0.000000       0.000000
    7     AR    Px       0.234192       0.001974      -0.000045       0.000284      -0.000167
    8     AR    Py      -0.000080       0.056149       0.673409       0.698915       0.042437
    9     AR    Pz       0.000791      -0.951346       0.160167      -0.071500      -0.105291
   10     AR    Px       0.045043       0.000380      -0.000009       0.000055      -0.000032
   11     AR    Py      -0.000015       0.010799       0.129519       0.134425       0.008162
   12     AR    Pz       0.000152      -0.182976       0.030805      -0.013752      -0.020251
   13     AR    Px       0.010112       0.000085      -0.000002       0.000012      -0.000007
   14     AR    Py      -0.000003       0.002425       0.029078       0.030179       0.001832
   15     AR    Pz       0.000034      -0.041079       0.006916      -0.003087      -0.004546
   16     AR    Px      -0.000984      -0.000008       0.000000      -0.000001       0.000001
   17     AR    Py       0.000000      -0.000236      -0.002831      -0.002938      -0.000178
   18     AR    Pz      -0.000003       0.003999      -0.000673       0.000301       0.000443
   19     AR    Px       0.000473       0.000004      -0.000000       0.000001      -0.000000
   20     AR    Py      -0.000000       0.000113       0.001360       0.001411       0.000086
   21     AR    Pz       0.000002      -0.001921       0.000323      -0.000144      -0.000213
   22     AR     S       0.000000       0.000000       0.000000       0.000000      -0.000000
   23     AR    Px      -0.000167      -0.000001       0.000000      -0.000000       0.000000
   24     AR    Py       0.000000      -0.000040      -0.000480      -0.000498      -0.000030
   25     AR    Pz      -0.000001       0.000678      -0.000114       0.000051       0.000075
   26     AR   Dxx      -0.000000      -0.000000       0.000000      -0.000000       0.000000
   27     AR   Dxy       0.000000      -0.000000      -0.000000      -0.000000      -0.000000
   28     AR   Dxz      -0.000000       0.000000      -0.000000       0.000000       0.000000
   29     AR   Dyy       0.000000       0.000000      -0.000000       0.000000      -0.000000
   30     AR   Dyz       0.000000       0.000000      -0.000000      -0.000000       0.000000
   31     AR   Dzz       0.000000       0.000000      -0.000000       0.000000      -0.000000
   32     AR     S      -0.000000      -0.000000      -0.000000       0.000000       0.000000
   33     AR     S      -0.000000      -0.000000      -0.000000       0.000000       0.000000
   34     AR     S       0.000000       0.000000       0.000000      -0.000000      -0.000000
   35     AR     S       0.000000       0.000000       0.000000      -0.000000      -0.000000
   36     AR     S      -0.000000      -0.000000      -0.000000       0.000000       0.000000
   37     AR     S      -0.000000      -0.000000      -0.000000       0.000000       0.000000
   38     AR    Px      -0.944494      -0.000534      -0.000612       0.000590       0.000406
   39     AR    Py      -0.000534       0.107350       0.017250       0.033435      -0.966424
   40     AR    Pz       0.000924      -0.164848      -0.683728       0.672460      -0.007251
   41     AR    Px      -0.181658      -0.000103      -0.000118       0.000114       0.000078
   42     AR    Py      -0.000103       0.020647       0.003318       0.006431      -0.185876
   43     AR    Pz       0.000178      -0.031706      -0.131504       0.129337      -0.001395
   44     AR    Px      -0.040783      -0.000023      -0.000026       0.000025       0.000018
   45     AR    Py      -0.000023       0.004635       0.000745       0.001444      -0.041730
   46     AR    Pz       0.000040      -0.007118      -0.029523       0.029037      -0.000313
   47     AR    Px       0.003970       0.000002       0.000003      -0.000002      -0.000002
   48     AR    Py       0.000002      -0.000451      -0.000073      -0.000141       0.004062
   49     AR    Pz      -0.000004       0.000693       0.002874      -0.002827       0.000030
   50     AR    Px      -0.001907      -0.000001      -0.000001       0.000001       0.000001
   51     AR    Py      -0.000001       0.000217       0.000035       0.000068      -0.001951
   52     AR    Pz       0.000002      -0.000333      -0.001381       0.001358      -0.000015
   53     AR     S       0.000000       0.000000       0.000000      -0.000000      -0.000000
   54     AR    Px       0.000673       0.000000       0.000000      -0.000000      -0.000000
   55     AR    Py       0.000000      -0.000076      -0.000012      -0.000024       0.000688
   56     AR    Pz      -0.000001       0.000117       0.000487      -0.000479       0.000005
   57     AR   Dxx      -0.000000      -0.000000      -0.000000       0.000000       0.000000
   58     AR   Dxy      -0.000000       0.000000       0.000000       0.000000      -0.000000
   59     AR   Dxz       0.000000      -0.000000      -0.000000       0.000000      -0.000000
   60     AR   Dyy       0.000000       0.000000       0.000000      -0.000000      -0.000000
   61     AR   Dyz       0.000000      -0.000000       0.000000      -0.000000      -0.000000
   62     AR   Dzz       0.000000       0.000000       0.000000      -0.000000      -0.000000
 
                          -1.2774        -1.2774        -0.5914        -0.5914        -0.5914   
 
    1     AR     S      -0.000095      -0.038530      -0.000000       0.000000       0.000000
    2     AR     S      -0.000278      -0.112683      -0.000000       0.000000       0.000000
    3     AR     S       0.000585       0.237172       0.000000      -0.000000      -0.000000
    4     AR     S       0.001028       0.417227       0.000000      -0.000000      -0.000000
    5     AR     S      -0.001629      -0.660658      -0.000000       0.000000       0.000000
    6     AR     S      -0.001359      -0.551492      -0.000000       0.000000       0.000000
    7     AR    Px       0.000000       0.000000       0.284748      -0.000001      -0.000001
    8     AR    Py       0.000000      -0.000000       0.000000      -0.000000      -0.001733
    9     AR    Pz       0.000000      -0.000000       0.000000      -0.000000      -0.002221
   10     AR    Px       0.000000       0.000000       0.040697      -0.000000      -0.000000
   11     AR    Py       0.000000      -0.000000       0.000000      -0.000000      -0.000248
   12     AR    Pz       0.000000      -0.000000       0.000000      -0.000000      -0.000317
   13     AR    Px      -0.000000      -0.000000      -0.321456       0.000001       0.000001
   14     AR    Py      -0.000000       0.000000      -0.000000       0.000000       0.001956
   15     AR    Pz      -0.000000       0.000000      -0.000000       0.000000       0.002508
   16     AR    Px      -0.000000      -0.000000      -0.555679       0.000001       0.000002
   17     AR    Py      -0.000000      -0.000000      -0.000000       0.000000       0.003382
   18     AR    Pz       0.000000      -0.000000      -0.000001       0.000000       0.004335
   19     AR    Px       0.000000       0.000000      -0.282129       0.000001       0.000001
   20     AR    Py       0.000000       0.000000      -0.000000       0.000000       0.001717
   21     AR    Pz       0.000000       0.000000      -0.000000       0.000000       0.002201
   22     AR     S      -0.000030      -0.012079       0.000000      -0.000000      -0.000000
   23     AR    Px       0.000000       0.000000      -0.008448       0.000000       0.000000
   24     AR    Py      -0.000000      -0.000000      -0.000000       0.000000       0.000051
   25     AR    Pz       0.000000      -0.000000      -0.000000       0.000000       0.000066
   26     AR   Dxx       0.000004       0.001780       0.000000       0.000000      -0.000000
   27     AR   Dxy       0.000000       0.000000       0.000000      -0.000000      -0.000000
   28     AR   Dxz      -0.000000       0.000000       0.000000      -0.000000      -0.000000
   29     AR   Dyy       0.000004       0.001780      -0.000000       0.000000       0.000000
   30     AR   Dyz       0.000000      -0.000000       0.000000      -0.000000      -0.000000
   31     AR   Dzz       0.000004       0.001780      -0.000000       0.000000       0.000000
   32     AR     S       0.038530      -0.000095       0.000000       0.000000       0.000000
   33     AR     S       0.112683      -0.000278       0.000000       0.000000       0.000000
   34     AR     S      -0.237172       0.000585      -0.000000      -0.000000      -0.000000
   35     AR     S      -0.417227       0.001028      -0.000000      -0.000000      -0.000000
   36     AR     S       0.660658      -0.001629       0.000000       0.000000       0.000000
   37     AR     S       0.551492      -0.001359       0.000000       0.000000       0.000000
   38     AR    Px       0.000000      -0.000000       0.000001       0.284748       0.000001
   39     AR    Py       0.000000      -0.000000      -0.000000       0.000002      -0.069669
   40     AR    Pz      -0.000000      -0.000000       0.000001      -0.000000       0.276079
   41     AR    Px       0.000000      -0.000000       0.000000       0.040697       0.000000
   42     AR    Py       0.000000      -0.000000      -0.000000       0.000000      -0.009957
   43     AR    Pz      -0.000000      -0.000000       0.000000      -0.000000       0.039458
   44     AR    Px      -0.000000       0.000000      -0.000001      -0.321456      -0.000001
   45     AR    Py      -0.000000       0.000000       0.000000      -0.000002       0.078651
   46     AR    Pz      -0.000000       0.000000      -0.000001       0.000000      -0.311669
   47     AR    Px      -0.000000       0.000000      -0.000001      -0.555679      -0.000002
   48     AR    Py       0.000000       0.000000       0.000001      -0.000003       0.135958
   49     AR    Pz       0.000000      -0.000000      -0.000002       0.000001      -0.538762
   50     AR    Px       0.000000      -0.000000      -0.000001      -0.282129      -0.000001
   51     AR    Py      -0.000000      -0.000000       0.000000      -0.000002       0.069029
   52     AR    Pz      -0.000000       0.000000      -0.000001       0.000000      -0.273540
   53     AR     S       0.012079      -0.000030      -0.000000      -0.000000      -0.000000
   54     AR    Px       0.000000      -0.000000      -0.000000      -0.008448      -0.000000
   55     AR    Py       0.000000       0.000000       0.000000      -0.000000       0.002067
   56     AR    Pz      -0.000000      -0.000000      -0.000000       0.000000      -0.008191
   57     AR   Dxx      -0.001780       0.000004      -0.000000      -0.000000      -0.000000
   58     AR   Dxy      -0.000000      -0.000000       0.000000      -0.000000       0.000000
   59     AR   Dxz       0.000000      -0.000000      -0.000000       0.000000      -0.000000
   60     AR   Dyy      -0.001780       0.000004       0.000000       0.000000       0.000000
   61     AR   Dyz      -0.000000       0.000000      -0.000000       0.000000       0.000000
   62     AR   Dzz      -0.001780       0.000004       0.000000       0.000000       0.000000
 
                          -0.5914        -0.5914        -0.5914   
 
    1     AR     S       0.000000       0.000000      -0.000000
    2     AR     S       0.000000       0.000000      -0.000000
    3     AR     S      -0.000000      -0.000000       0.000000
    4     AR     S      -0.000000       0.000000       0.000000
    5     AR     S       0.000000      -0.000000       0.000000
    6     AR     S       0.000000       0.000000      -0.000000
    7     AR    Px      -0.000000       0.000000      -0.000000
    8     AR    Py       0.072927      -0.099188      -0.256752
    9     AR    Pz       0.176197      -0.187222       0.122389
   10     AR    Px      -0.000000       0.000000      -0.000000
   11     AR    Py       0.010423      -0.014176      -0.036696
   12     AR    Pz       0.025182      -0.026758       0.017492
   13     AR    Px       0.000000      -0.000000       0.000000
   14     AR    Py      -0.082329       0.111975       0.289851
   15     AR    Pz      -0.198912       0.211357      -0.138167
   16     AR    Px       0.000001      -0.000000       0.000000
   17     AR    Py      -0.142316       0.193564       0.501046
   18     AR    Pz      -0.343845       0.365359      -0.238839
   19     AR    Px       0.000000      -0.000000       0.000000
   20     AR    Py      -0.072257       0.098276       0.254391
   21     AR    Pz      -0.174577       0.185500      -0.121264
   22     AR     S      -0.000000       0.000000      -0.000000
   23     AR    Px       0.000000      -0.000000       0.000000
   24     AR    Py      -0.002164       0.002943       0.007618
   25     AR    Pz      -0.005228       0.005555      -0.003631
   26     AR   Dxx      -0.000000       0.000000       0.000000
   27     AR   Dxy       0.000000      -0.000000      -0.000000
   28     AR   Dxz       0.000000      -0.000000       0.000000
   29     AR   Dyy       0.000000      -0.000000      -0.000000
   30     AR   Dyz      -0.000000       0.000000       0.000000
   31     AR   Dzz       0.000000       0.000000       0.000000
   32     AR     S       0.000000       0.000000      -0.000000
   33     AR     S       0.000000       0.000000      -0.000000
   34     AR     S      -0.000000      -0.000000       0.000000
   35     AR     S      -0.000000      -0.000000       0.000000
   36     AR     S       0.000000       0.000000      -0.000000
   37     AR     S       0.000000       0.000000      -0.000000
   38     AR    Px       0.000001       0.000001      -0.000000
   39     AR    Py      -0.205475      -0.183941       0.013168
   40     AR    Pz      -0.049977      -0.048547       0.002696
   41     AR    Px       0.000000       0.000000      -0.000000
   42     AR    Py      -0.029367      -0.026289       0.001882
   43     AR    Pz      -0.007143      -0.006938       0.000385
   44     AR    Px      -0.000001      -0.000001       0.000000
   45     AR    Py       0.231963       0.207654      -0.014865
   46     AR    Pz       0.056419       0.054805      -0.003044
   47     AR    Px      -0.000002      -0.000002       0.000000
   48     AR    Py       0.400979       0.358957      -0.025696
   49     AR    Pz       0.097528       0.094739      -0.005262
   50     AR    Px      -0.000001      -0.000001       0.000000
   51     AR    Py       0.203585       0.182250      -0.013046
   52     AR    Pz       0.049517       0.048101      -0.002671
   53     AR     S      -0.000000      -0.000000       0.000000
   54     AR    Px      -0.000000      -0.000000       0.000000
   55     AR    Py       0.006096       0.005457      -0.000391
   56     AR    Pz       0.001483       0.001440      -0.000080
   57     AR   Dxx       0.000000       0.000000      -0.000000
   58     AR   Dxy       0.000000       0.000000      -0.000000
   59     AR   Dxz       0.000000       0.000000      -0.000000
   60     AR   Dyy       0.000000       0.000000      -0.000000
   61     AR   Dyz      -0.000000       0.000000       0.000000
   62     AR   Dzz       0.000000       0.000000      -0.000000
 
 
  Occupied Eigenvectors for: POSITRON
 --------------------------- 
 
                           0.0001   
 
    1     E+     S       1.861247
    2     E+     S      -0.309811
    3     E+     S      -0.129625
    4     E+     S       0.018090
    5     E+     S      -0.009812
    6     E+     S      -0.000478
    7     E+     S      -0.001405
    8     E+     S       0.001214
    9     E+     S       0.001134
   10     E+     S      -0.000141
   11     E+    Px      -2.444995
   12     E+    Py       0.000000
   13     E+    Pz       0.000000
   14     E+    Px      -0.032700
   15     E+    Py      -0.000000
   16     E+    Pz      -0.000000
   17     E+    Px      -0.004206
   18     E+    Py      -0.000000
   19     E+    Pz      -0.000000
   20     E+    Px       0.001877
   21     E+    Py       0.000000
   22     E+    Pz       0.000000
   23     E+   Dxx      -1.148142
   24     E+   Dxy       0.000000
   25     E+   Dxz       0.000000
   26     E+   Dyy      -0.387581
   27     E+   Dyz      -0.000000
   28     E+   Dzz      -0.387581
   29     E+   Dxx      -0.238810
   30     E+   Dxy      -0.000000
   31     E+   Dxz      -0.000000
   32     E+   Dyy      -0.196703
   33     E+   Dyz      -0.000000
   34     E+   Dzz      -0.196703
   35     E+     S       1.861247
   36     E+     S      -0.309811
   37     E+     S      -0.129625
   38     E+     S       0.018090
   39     E+     S      -0.009812
   40     E+     S      -0.000478
   41     E+     S      -0.001405
   42     E+     S       0.001214
   43     E+     S       0.001134
   44     E+     S      -0.000141
   45     E+    Px       2.444995
   46     E+    Py      -0.000000
   47     E+    Pz      -0.000000
   48     E+    Px       0.032700
   49     E+    Py       0.000000
   50     E+    Pz       0.000000
   51     E+    Px       0.004206
   52     E+    Py      -0.000000
   53     E+    Pz       0.000000
   54     E+    Px      -0.001877
   55     E+    Py      -0.000000
   56     E+    Pz       0.000000
   57     E+   Dxx      -1.148142
   58     E+   Dxy       0.000000
   59     E+   Dxz       0.000000
   60     E+   Dyy      -0.387581
   61     E+   Dyz       0.000000
   62     E+   Dzz      -0.387581
   63     E+   Dxx      -0.238810
   64     E+   Dxy      -0.000000
   65     E+   Dxz      -0.000000
   66     E+   Dyy      -0.196703
   67     E+   Dyz       0.000000
   68     E+   Dzz      -0.196703
 
 
  end of eigenvectors 
 
  END OF EIGENVALUES AND EIGENVECTORS
 
 
  COMPONENTS OF KINETIC ENERGY: 
 -----------------------------
 
                  E- Kinetic energy =         1053.595734827935
            POSITRON Kinetic energy =            0.000079782629
                                     _________________________
               Total kinetic energy =         1053.595814610564
 
  COMPONENTS OF POTENTIAL ENERGY: 
 -------------------------------
 
          Fixed potential energy    =            9.529411764706
 
  Quantum/Fixed interaction energy: 
 ----------------------------------
 
          E-/Fixed interact. energy =        -2529.074163930532
    POSITRON/Fixed interact. energy =            0.365244452099
                                     _________________________
               Total Q/Fixed energy =        -2528.708919478434
 
  Coulomb energy: 
 ------------------
 
               E-/E- Hartree energy =          472.700663209811
   POSITRON/POSITRON Hartree energy =            0.000000000000
         E-/POSITRON Hartree energy =           -0.365235336500
                                     _________________________
               Total Hartree energy =          472.335427873311
 
  Exchange(HF) energy: 
 ----------------------
 
                 E- Exchange energy =          -60.365752244549
           POSITRON Exchange energy =            0.000000000000
                                     _________________________
              Total Exchange energy =          -60.365752244549
 
  External Potential energy: 
 ----------------------------
 
                  E- Ext Pot energy =            0.000000000000
            POSITRON Ext Pot energy =           -0.000022519698
                                     _________________________
    Total External Potential energy =           -0.000022519698
 
  TOTAL ENERGY COMPONENTS: 
 ==========================
 
          TOTAL KINETIC ENERGY      =         1053.595814610564
          TOTAL POTENTIAL ENERGY    =        -2107.209854604664
                                     _________________________
                       TOTAL ENERGY =        -1053.614039994100
 
                 VIRIAL RATIO (V/T) =            2.000017298269
 
 
  END ENERGY COMPONENTS
 
 
** TOTAL CPU Time SCF :      1.012 (s)
** TOTAL Elapsed Time SCF :      0.390 (s)
 
 We are calculating properties for E- in the HF/KS ground state
 We are calculating properties for POSITRON in the HF/KS ground state
 
  POPULATION ANALYSES: 
 ====================
 
 MULLIKEN Population: for E-        
 ---------------------
 
                                    
 
    1     AR     S       0.777155
    2     AR     S       1.187471
    3     AR     S       0.957554
    4     AR     S       1.016967
    5     AR     S       1.065414
    6     AR     S       0.994040
    7     AR    Px       1.965968
    8     AR    Py       1.965968
    9     AR    Pz       1.965968
   10     AR    Px       0.024934
   11     AR    Py       0.024934
   12     AR    Pz       0.024934
   13     AR    Px       0.499839
   14     AR    Py       0.499839
   15     AR    Pz       0.499839
   16     AR    Px       1.061120
   17     AR    Py       1.061120
   18     AR    Pz       1.061120
   19     AR    Px       0.440275
   20     AR    Py       0.440275
   21     AR    Pz       0.440275
   22     AR     S       0.014997
   23     AR    Px       0.007864
   24     AR    Py       0.007864
   25     AR    Pz       0.007864
   26     AR   Dxx      -0.004532
   27     AR   Dxy       0.000000
   28     AR   Dxz       0.000000
   29     AR   Dyy      -0.004532
   30     AR   Dyz       0.000000
   31     AR   Dzz      -0.004532
   32     AR     S       0.777155
   33     AR     S       1.187471
   34     AR     S       0.957554
   35     AR     S       1.016967
   36     AR     S       1.065414
   37     AR     S       0.994040
   38     AR    Px       1.965968
   39     AR    Py       1.965968
   40     AR    Pz       1.965968
   41     AR    Px       0.024934
   42     AR    Py       0.024934
   43     AR    Pz       0.024934
   44     AR    Px       0.499839
   45     AR    Py       0.499839
   46     AR    Pz       0.499839
   47     AR    Px       1.061120
   48     AR    Py       1.061120
   49     AR    Pz       1.061120
   50     AR    Px       0.440275
   51     AR    Py       0.440275
   52     AR    Pz       0.440275
   53     AR     S       0.014997
   54     AR    Px       0.007864
   55     AR    Py       0.007864
   56     AR    Pz       0.007864
   57     AR   Dxx      -0.004532
   58     AR   Dxy       0.000000
   59     AR   Dxz       0.000000
   60     AR   Dyy      -0.004532
   61     AR   Dyz       0.000000
   62     AR   Dzz      -0.004532
 
                           __________
              Total =       36.000000
 
  Atomic MULLIKEN Population: for E-        
            AR              18.000000
            AR              18.000000
 
 ...end of MULLIKEN Population
 
 
 END POPULATION ANALYSES 
 
 
  POPULATION ANALYSES: 
 ====================
 
 LOWDIN Population: for E-        
 ---------------------
 
                                    
 
    1     AR     S       0.903190
    2     AR     S       1.085074
    3     AR     S       0.953732
    4     AR     S       0.963035
    5     AR     S       0.544209
    6     AR     S       0.563780
    7     AR    Px       1.884791
    8     AR    Py       1.884791
    9     AR    Pz       1.884791
   10     AR    Px       0.100697
   11     AR    Py       0.100697
   12     AR    Pz       0.100697
   13     AR    Px       0.548813
   14     AR    Py       0.548813
   15     AR    Pz       0.548813
   16     AR    Px       0.936024
   17     AR    Py       0.936024
   18     AR    Pz       0.936024
   19     AR    Px       0.452266
   20     AR    Py       0.452266
   21     AR    Pz       0.452266
   22     AR     S       0.148257
   23     AR    Px       0.077408
   24     AR    Py       0.077408
   25     AR    Pz       0.077408
   26     AR   Dxx       0.279574
   27     AR   Dxy       0.000000
   28     AR   Dxz       0.000000
   29     AR   Dyy       0.279574
   30     AR   Dyz       0.000000
   31     AR   Dzz       0.279574
   32     AR     S       0.903190
   33     AR     S       1.085074
   34     AR     S       0.953732
   35     AR     S       0.963035
   36     AR     S       0.544209
   37     AR     S       0.563780
   38     AR    Px       1.884791
   39     AR    Py       1.884791
   40     AR    Pz       1.884791
   41     AR    Px       0.100697
   42     AR    Py       0.100697
   43     AR    Pz       0.100697
   44     AR    Px       0.548813
   45     AR    Py       0.548813
   46     AR    Pz       0.548813
   47     AR    Px       0.936024
   48     AR    Py       0.936024
   49     AR    Pz       0.936024
   50     AR    Px       0.452266
   51     AR    Py       0.452266
   52     AR    Pz       0.452266
   53     AR     S       0.148257
   54     AR    Px       0.077408
   55     AR    Py       0.077408
   56     AR    Pz       0.077408
   57     AR   Dxx       0.279574
   58     AR   Dxy       0.000000
   59     AR   Dxz       0.000000
   60     AR   Dyy       0.279574
   61     AR   Dyz       0.000000
   62     AR   Dzz       0.279574
 
                           __________
              Total =       36.000000
 
  Atomic LOWDIN Population: for E-        
            AR              18.000000
            AR              18.000000
 
 ...end of LOWDIN Population
 
 
 END POPULATION ANALYSES 
 
 
  POPULATION ANALYSES: 
 ====================
 
 MULLIKEN Population: for POSITRON  
 ---------------------
 
                                    
 
    1     E+     S      -1.576435
    2     E+     S       0.156542
    3     E+     S       0.034190
    4     E+     S      -0.002395
    5     E+     S       0.000645
    6     E+     S       0.000016
    7     E+     S       0.000021
    8     E+     S      -0.000007
    9     E+     S      -0.000002
   10     E+     S       0.000000
   11     E+    Px       0.183882
   12     E+    Py       0.000000
   13     E+    Pz       0.000000
   14     E+    Px       0.001231
   15     E+    Py      -0.000000
   16     E+    Pz      -0.000000
   17     E+    Px       0.000085
   18     E+    Py      -0.000000
   19     E+    Pz      -0.000000
   20     E+    Px      -0.000017
   21     E+    Py       0.000000
   22     E+    Pz       0.000000
   23     E+   Dxx       0.833981
   24     E+   Dxy      -0.000000
   25     E+   Dxz      -0.000000
   26     E+   Dyy       0.273731
   27     E+   Dyz      -0.000000
   28     E+   Dzz       0.273731
   29     E+   Dxx       0.122621
   30     E+   Dxy       0.000000
   31     E+   Dxz       0.000000
   32     E+   Dyy       0.099090
   33     E+   Dyz      -0.000000
   34     E+   Dzz       0.099090
   35     E+     S      -1.576435
   36     E+     S       0.156542
   37     E+     S       0.034190
   38     E+     S      -0.002395
   39     E+     S       0.000645
   40     E+     S       0.000016
   41     E+     S       0.000021
   42     E+     S      -0.000007
   43     E+     S      -0.000002
   44     E+     S       0.000000
   45     E+    Px       0.183882
   46     E+    Py       0.000000
   47     E+    Pz       0.000000
   48     E+    Px       0.001231
   49     E+    Py      -0.000000
   50     E+    Pz      -0.000000
   51     E+    Px       0.000085
   52     E+    Py       0.000000
   53     E+    Pz      -0.000000
   54     E+    Px      -0.000017
   55     E+    Py       0.000000
   56     E+    Pz      -0.000000
   57     E+   Dxx       0.833981
   58     E+   Dxy      -0.000000
   59     E+   Dxz      -0.000000
   60     E+   Dyy       0.273731
   61     E+   Dyz       0.000000
   62     E+   Dzz       0.273731
   63     E+   Dxx       0.122621
   64     E+   Dxy       0.000000
   65     E+   Dxz       0.000000
   66     E+   Dyy       0.099090
   67     E+   Dyz       0.000000
   68     E+   Dzz       0.099090
 
                           __________
              Total =        1.000000
 
  Atomic MULLIKEN Population: for POSITRON  
            AR               0.500000
            AR               0.500000
 
 ...end of MULLIKEN Population
 
 
 END POPULATION ANALYSES 
 
 
  POPULATION ANALYSES: 
 ====================
 
 LOWDIN Population: for POSITRON  
 ---------------------
 
                                    
 
    1     E+     S       0.043751
    2     E+     S       0.028278
    3     E+     S       0.005314
    4     E+     S       0.001078
    5     E+     S       0.000265
    6     E+     S       0.000070
    7     E+     S       0.000010
    8     E+     S       0.000000
    9     E+     S       0.000001
   10     E+     S       0.000000
   11     E+    Px       0.000058
   12     E+    Py      -0.000000
   13     E+    Pz      -0.000000
   14     E+    Px       0.000740
   15     E+    Py       0.000000
   16     E+    Pz      -0.000000
   17     E+    Px       0.000000
   18     E+    Py       0.000000
   19     E+    Pz      -0.000000
   20     E+    Px       0.000009
   21     E+    Py       0.000000
   22     E+    Pz       0.000000
   23     E+   Dxx       0.127362
   24     E+   Dxy       0.000000
   25     E+   Dxz      -0.000000
   26     E+   Dyy       0.120807
   27     E+   Dyz       0.000000
   28     E+   Dzz       0.120807
   29     E+   Dxx       0.018768
   30     E+   Dxy       0.000000
   31     E+   Dxz       0.000000
   32     E+   Dyy       0.016341
   33     E+   Dyz       0.000000
   34     E+   Dzz       0.016341
   35     E+     S       0.043751
   36     E+     S       0.028278
   37     E+     S       0.005314
   38     E+     S       0.001078
   39     E+     S       0.000265
   40     E+     S       0.000070
   41     E+     S       0.000010
   42     E+     S       0.000000
   43     E+     S       0.000001
   44     E+     S       0.000000
   45     E+    Px       0.000058
   46     E+    Py       0.000000
   47     E+    Pz      -0.000000
   48     E+    Px       0.000740
   49     E+    Py      -0.000000
   50     E+    Pz      -0.000000
   51     E+    Px       0.000000
   52     E+    Py       0.000000
   53     E+    Pz      -0.000000
   54     E+    Px       0.000009
   55     E+    Py       0.000000
   56     E+    Pz       0.000000
   57     E+   Dxx       0.127362
   58     E+   Dxy       0.000000
   59     E+   Dxz       0.000000
   60     E+   Dyy       0.120807
   61     E+   Dyz       0.000000
   62     E+   Dzz       0.120807
   63     E+   Dxx       0.018768
   64     E+   Dxy       0.000000
   65     E+   Dxz       0.000000
   66     E+   Dyy       0.016341
   67     E+   Dyz       0.000000
   68     E+   Dzz       0.016341
 
                           __________
              Total =        1.000000
 
  Atomic LOWDIN Population: for POSITRON  
            AR               0.500000
            AR               0.500000
 
 ...end of LOWDIN Population
 
 
 END POPULATION ANALYSES 
 
 
  EXPECTED POSITIONS OF QUANTUM SPECIES:
 ======================
 
 POSITIONS IN ANGSTROMS
 ------
 
                        <x>      <y>      <z>         
                 E- 323.8564  -0.0000  -0.0000
           POSITRON   8.9960   0.0000   0.0000
 
 END EXPECTED POSITIONS
 
 
  ELECTROSTATIC MOMENTS:
 ======================
 
 
 DIPOLE: (A.U.)
 ------
 
                           <Dx>         <Dy>         <Dz>          |D|
                 E--612.00000000   0.00000000   0.00000000
           POSITRON  17.00000000   0.00000000   0.00000000
    Point charges:  612.00000000   0.00000000   0.00000000
                     ____________________________
      Total Dipole:  17.00000000   0.00000000   0.00000000  17.00000000
 
 DIPOLE: (DEBYE)
 ------
 
                           <Dx>         <Dy>         <Dz>          |D|
                 E-*************   0.00000000   0.00000000
           POSITRON  43.20968437   0.00000000   0.00000000
    Point charges: 1555.54863739   0.00000000   0.00000000
                     ____________________________
      Total Dipole:  43.20968437   0.00000000   0.00000000  43.20968437
 
 QUADRUPOLE NON-TRACELESS: (DEBYE ANGS)
 ------
 
                           <xx>         <yy>         <zz>         <xy>         <xz>         <yz>
                 E-**************  -23.36330786  -23.36330786    0.00000000   -0.00000000   -0.00000000
           POSITRON19173.94247578 7689.33773028 7689.33773024    0.00000000    0.00000000   -0.00000000
    Point charges: 27987.46907305    0.00000000    0.00000000    0.00000000    0.00000000    0.00000000
  Total Quadrupole:19150.57917027 7665.97442242 7665.97442238    0.00000000    0.00000000   -0.00000000
                     ____________________________
 
 END ELECTROSTATIC MOMENTS
 

  TOTAL CPU Time:      0.263 (s)
 TOTAL Wall Time:      0.444 (s)
  Elapsed Time:   0h  0m  0s 445ms
LOWDIN execution terminated normally at : Wed Nov 27 15:45:25 2024
-rw-rw-r-- 1 pohl pohl 704K nov 27 15:45 0E-.ints
-rw-rw-r-- 1 pohl pohl 3.5M nov 27 15:45 0E-.POSITRON.ints
-rw-rw-r-- 1 pohl pohl 2.1M nov 27 15:45 0POSITRON.ints
-rw-rw-r-- 1 pohl pohl 704K nov 27 15:45 1E-.ints
-rw-rw-r-- 1 pohl pohl 3.5M nov 27 15:45 1E-.POSITRON.ints
-rw-rw-r-- 1 pohl pohl 2.1M nov 27 15:45 1POSITRON.ints
-rw-rw-r-- 1 pohl pohl 704K nov 27 15:45 2E-.ints
-rw-rw-r-- 1 pohl pohl 3.5M nov 27 15:45 2E-.POSITRON.ints
-rw-rw-r-- 1 pohl pohl 2.1M nov 27 15:45 2POSITRON.ints
-rw-rw-r-- 1 pohl pohl 704K nov 27 15:45 3E-.ints
-rw-rw-r-- 1 pohl pohl 3.5M nov 27 15:45 3E-.POSITRON.ints
-rw-rw-r-- 1 pohl pohl 2.1M nov 27 15:45 3POSITRON.ints
-rw-rw-r-- 1 pohl pohl   12 nov 27 15:45 E-.POSITRON.nints
-rw-rw-r-- 1 pohl pohl   65 nov 27 15:45 gepol.inp
-rw-rw-r-- 1 pohl pohl   91 nov 27 15:45 gepol.xyzr
-rw-rw-r-- 1 pohl pohl  12K nov 27 15:45 lowdin.bas
-rw-rw-r-- 1 pohl pohl  16K nov 27 15:45 lowdin.dat
-rw-rw-r-- 1 pohl pohl 867K nov 27 15:45 lowdin.opints
-rw-rw-r-- 1 pohl pohl  32K nov 27 15:45 lowdin.sys
-rw-rw-r-- 1 pohl pohl 865K nov 27 15:45 lowdin.wfn
-rw-rw-r-- 1 pohl pohl  498 nov 27 15:45 usual_161
-rw-rw-r-- 1 pohl pohl 1.8K nov 27 15:45 usual_161.aux
-rw-rw-r-- 1 pohl pohl  503 nov 27 15:45 usual_161.lowdin
-rw-rw-r-- 1 pohl pohl  65K nov 27 15:45 usual_161.out
-rw-rw-r-- 1 pohl pohl  68K nov 27 15:45 usual_161.vec
