Begin job by input: usual_121.lowdin, for user:   at  mié 27 nov 2024 15:45:01 -05
under operating system Linux helios 5.19.0-46-generic #47-Ubuntu SMP PREEMPT_DYNAMIC Fri Jun 16 13:30:11 UTC 2023 x86_64 x86_64 x86_64 GNU/Linux
Compilation information
  commit: f31d3924f6ee2ce9d77f07edcc1ba27359319d14
  compilation date:  mar 17 sep 2024 16:16:17 -05

BEGIN INPUT INFO:
------------------------------------

GEOMETRY
	Ar	Dirac	0.0 0.0 0.0
	e-(Ar)	6-311++G.d.p 0.0 0.0 0.0
	E+	GRIBAKIN-10S4P2D 0.0 0.0 0.0
	Ar	Dirac	26.0 0.0 0.0
	e-(Ar)	6-311++G.d.p	26.0 0.0 0.0
	E+	GRIBAKIN-10S4P2D 26.0 0.0 0.0 addParticles=-1 
END GEOMETRY

TASKS
        method = "RHF"
END TASKS

EXTERPOTENTIAL
	E- GRIBAKIN0
	E+ AR121
END EXTERPOTENTIAL

CONTROL
	units="BOHRS"
	readCoefficients=F
	convergenceMethod=1
	overlapEigenThreshold=1E-6
	SCFGhostSpecies="POSITRON"
	HFprintEigenvalues=T
	totalEnergyTolerance = 1E-9
END CONTROL


... END INPUT INFO


 LOWDIN execution started at : Wed Nov 27 15:45:01 2024
 ---------------------------------------------------------------
 
 ***************************************************************
 *                   LOWDIN 2.0  (May/2013)                    *
 *                                                             *
 *  R. FLORES-MORENO, E. F. POSADA, F. S. MONCADA, J.ROMERO,   *
 *  J. CHARRY, M. DIAZ-TINOCO, S. A. GONZALEZ, N. F. AGUIRRE,  *
 *  A. REYES                                                   *
 *                                                             *
 *  https://sites.google.com/site/lowdinproject/               *
 *                                                             *
 ***************************************************************
 
 PARSING INPUT... DONE!
 
 LOWDIN IS RUNNING WITH NEXT PARAMETERS: 
 ----------------------------------------
 
         METHOD TYPE:  RHF
         NUMBER OF CORES:     4
         NONELECTRONIC DENSITY GUESS: HCORE
         ELECTRONIC DENSITY GUESS: HCORE
         CRITERIUM OF CONVERGENCE: ENERGY
         NONELECTRONIC ENERGY TOLERANCE IN SCFs:     0.10000E-07
         ELECTRONIC ENERGY TOLERANCE IN SCFs:     0.10000E-07
         TOTAL ENERGY TOLERANCE IN SCFs:     0.10000E-08
         SCHEME OF ITERATION: GLOBAL ITERATIONS
         SCF MAX. SUBITERATIONS - NONELECTRONS :     1
         SCF MAX. SUBITERATIONS - ELECTRONS :     1
         SCF MAX. ITERATIONS - INTERSPECIES :   200
         INTEGRAL STORAGE: DISK
         STACK SIZE FOR ERIS : 30000
         METHOD OF SCF CONVERGENCE: DAMPING
 
  MOLECULAR SYSTEM: usual_121
 -----------------
 
    DESCRIPTION   : usual_121
    CHARGE        :   2
    PUNTUAL GROUP : NONE
 
 
  INFORMATION OF PARTICLES :
 =========================
         Total number of particles   =      39
         Number of quantum particles =      37
         Number of puntual charges   =       2
         Number of quantum species   =       2
 
                 INFORMATION OF QUANTUM SPECIES 
    ----------------------------------------------------------------------
         ID      Symbol            mass     charge      omega     spin     multiplicity
    ----------------------------------------------------------------------
         1             E-         1.0000     -1.00      0.00      0.50      1.00
         2             E+         1.0000      1.00      0.00      0.50      1.00
 
                   CONSTANTS OF COUPLING 
      ------------------------------------------------------------
              Symbol      kappa        eta     lambda occupation
      ------------------------------------------------------------
                  E-      -1.00       2.00       2.00      18.00
                  E+      -1.00       1.00       1.00       1.00
 
                   BASIS SET FOR SPECIES 
      ------------------------------------------------------------
           Symbol          N. Basis     N. Particles     Basis Set
      ------------------------------------------------------------
                 E-           28               36     6-311++G.D
                 E+           32                1     GRIBAKIN-1
 
                                ATOMIC BASIS
         ------------------------------------------------------------
          PRIMITIVE   SHELL             EXPONENT         COEFFICIENT 
         ------------------------------------------------------------
 
    BEGIN DESCRIPTION OF BASIS FOR:    E-
    ==============================
 
 
            AR BASIS SET:   6-311++G.D.P
             1         S           118022.38000000          0.00074700
             2         S            17683.54100000          0.00579000
             3         S             4027.76570000          0.02991900
             4         S             1145.39770000          0.11920600
             5         S              377.16375000          0.36902800
             6         S              138.15969000          0.57645900
             1         S              138.15969000          0.14392700
             2         S               54.98911700          0.62293800
             3         S               23.17066700          0.28396400
             1         S                7.37786000          1.00000000
             1         S                2.92368800          1.00000000
             1         S                0.65040500          1.00000000
             1         S                0.23282500          1.00000000
             1         P              663.06201000          0.00308200
             2         P              157.09281000          0.02416500
             3         P               50.23110000          0.10822300
             4         P               18.63534500          0.29419200
             5         P                7.44653700          0.68786200
             1         P                7.44653700         -0.12144820
             2         P                3.09569800          0.16323700
             1         P                1.10646300          1.00000000
             1         P                0.41560100          1.00000000
             1         P                0.14544900          1.00000000
             1         S                0.06000000          1.00000000
             1         P                0.06000000          1.00000000
             1         D                0.85000000          1.00000000
 
            AR BASIS SET:   6-311++G.D.P
             1         S           118022.38000000          0.00074700
             2         S            17683.54100000          0.00579000
             3         S             4027.76570000          0.02991900
             4         S             1145.39770000          0.11920600
             5         S              377.16375000          0.36902800
             6         S              138.15969000          0.57645900
             1         S              138.15969000          0.14392700
             2         S               54.98911700          0.62293800
             3         S               23.17066700          0.28396400
             1         S                7.37786000          1.00000000
             1         S                2.92368800          1.00000000
             1         S                0.65040500          1.00000000
             1         S                0.23282500          1.00000000
             1         P              663.06201000          0.00308200
             2         P              157.09281000          0.02416500
             3         P               50.23110000          0.10822300
             4         P               18.63534500          0.29419200
             5         P                7.44653700          0.68786200
             1         P                7.44653700         -0.12144820
             2         P                3.09569800          0.16323700
             1         P                1.10646300          1.00000000
             1         P                0.41560100          1.00000000
             1         P                0.14544900          1.00000000
             1         S                0.06000000          1.00000000
             1         P                0.06000000          1.00000000
             1         D                0.85000000          1.00000000
    ... END DESCRIPTION OF BASIS
 
 
    BEGIN DESCRIPTION OF BASIS FOR:    E+
    ==============================
 
 
            E+ BASIS SET:GRIBAKIN-10S4P2
             1         S                0.00010000          1.00000000
             1         S                0.00030000          1.00000000
             1         S                0.00090000          1.00000000
             1         S                0.00270000          1.00000000
             1         S                0.00810000          1.00000000
             1         S                0.02430000          1.00000000
             1         S                0.07290000          1.00000000
             1         S                0.21870000          1.00000000
             1         S                0.65610000          1.00000000
             1         S                1.96830000          1.00000000
             1         P                0.00010000          1.00000000
             1         P                0.00030000          1.00000000
             1         P                0.00090000          1.00000000
             1         P                0.00270000          1.00000000
             1         D                0.00010000          1.00000000
             1         D                0.00030000          1.00000000
 
            E+ BASIS SET:GRIBAKIN-10S4P2
             1         S                0.00010000          1.00000000
             1         S                0.00030000          1.00000000
             1         S                0.00090000          1.00000000
             1         S                0.00270000          1.00000000
             1         S                0.00810000          1.00000000
             1         S                0.02430000          1.00000000
             1         S                0.07290000          1.00000000
             1         S                0.21870000          1.00000000
             1         S                0.65610000          1.00000000
             1         S                1.96830000          1.00000000
             1         P                0.00010000          1.00000000
             1         P                0.00030000          1.00000000
             1         P                0.00090000          1.00000000
             1         P                0.00270000          1.00000000
             1         D                0.00010000          1.00000000
             1         D                0.00030000          1.00000000
    ... END DESCRIPTION OF BASIS
 
 
  END INFORMATION OF PARTICLES
 
 
  INFORMATION OF THE QUANTUM SYSTEM 
     ---------------------------------------------------------------------
                 ID     Occupied Orbitals     Basis size
     ---------------------------------------------------------------------
                 E-           18               62
                 E+            1               68
 
  END INFORMATION OF QUANTUM SYSTEM
 
 
  INFORMATION OF EXTERNAL POTENTIALS 
 
 =======
 External Potential for E- : GRIBAKIN0
 Type : 
                     Exponent         l       R_x       R_y       R_z              Factor
                 0.0010000000         0   0.00000   0.00000   0.00000        0.0000000000
 
 =======
 External Potential for E+ : AR121
 Type : 
                     Exponent         l       R_x       R_y       R_z              Factor
                 0.0010000000         0   0.00000   0.00000   0.00000        0.0000779688
                 0.0020000000         0   0.00000   0.00000   0.00000       -0.0004786853
                 0.0040000000         0   0.00000   0.00000   0.00000        0.0013189164
                 0.0080000000         0   0.00000   0.00000   0.00000       -0.0033441280
                 0.0160000000         0   0.00000   0.00000   0.00000        0.0050907505
                 0.0320000000         0   0.00000   0.00000   0.00000       -0.0151949101
                 0.0640000000         0   0.00000   0.00000   0.00000        0.0049422575
                 0.1280000000         0   0.00000   0.00000   0.00000       -0.1024675180
                 0.2560000000         0   0.00000   0.00000   0.00000       -0.1709080790
                 0.5120000000         0   0.00000   0.00000   0.00000       -1.1786523000
                 1.0000000000         0   0.00000   0.00000   0.00000       -3.9901484000
                 2.0000000000         0   0.00000   0.00000   0.00000      129.9336270000
                 3.0000000000         0   0.00000   0.00000   0.00000    -1317.9950900000
                 4.0000000000         0   0.00000   0.00000   0.00000     7976.3295300000
                 5.0000000000         0   0.00000   0.00000   0.00000   -30887.5711000000
                 6.0000000000         0   0.00000   0.00000   0.00000    78131.7910000000
                 7.0000000000         0   0.00000   0.00000   0.00000  -128444.4630000000
                 8.0000000000         0   0.00000   0.00000   0.00000   132337.9190000000
                 9.0000000000         0   0.00000   0.00000   0.00000   -77735.4212000000
                10.0000000000         0   0.00000   0.00000   0.00000    19907.5941000000
                20.0000000000         0   0.00000   0.00000   0.00000     -135.7052840000
                30.0000000000         0   0.00000   0.00000   0.00000       72.5910786000
                40.0000000000         0   0.00000   0.00000   0.00000      -41.7155821000
                50.0000000000         0   0.00000   0.00000   0.00000       12.4077673000
               100.0000000000         0   0.00000   0.00000   0.00000       -0.2471957670
                 0.0010000000         0  26.00000   0.00000   0.00000        0.0000779688
                 0.0020000000         0  26.00000   0.00000   0.00000       -0.0004786853
                 0.0040000000         0  26.00000   0.00000   0.00000        0.0013189164
                 0.0080000000         0  26.00000   0.00000   0.00000       -0.0033441280
                 0.0160000000         0  26.00000   0.00000   0.00000        0.0050907505
                 0.0320000000         0  26.00000   0.00000   0.00000       -0.0151949101
                 0.0640000000         0  26.00000   0.00000   0.00000        0.0049422575
                 0.1280000000         0  26.00000   0.00000   0.00000       -0.1024675180
                 0.2560000000         0  26.00000   0.00000   0.00000       -0.1709080790
                 0.5120000000         0  26.00000   0.00000   0.00000       -1.1786523000
                 1.0000000000         0  26.00000   0.00000   0.00000       -3.9901484000
                 2.0000000000         0  26.00000   0.00000   0.00000      129.9336270000
                 3.0000000000         0  26.00000   0.00000   0.00000    -1317.9950900000
                 4.0000000000         0  26.00000   0.00000   0.00000     7976.3295300000
                 5.0000000000         0  26.00000   0.00000   0.00000   -30887.5711000000
                 6.0000000000         0  26.00000   0.00000   0.00000    78131.7910000000
                 7.0000000000         0  26.00000   0.00000   0.00000  -128444.4630000000
                 8.0000000000         0  26.00000   0.00000   0.00000   132337.9190000000
                 9.0000000000         0  26.00000   0.00000   0.00000   -77735.4212000000
                10.0000000000         0  26.00000   0.00000   0.00000    19907.5941000000
                20.0000000000         0  26.00000   0.00000   0.00000     -135.7052840000
                30.0000000000         0  26.00000   0.00000   0.00000       72.5910786000
                40.0000000000         0  26.00000   0.00000   0.00000      -41.7155821000
                50.0000000000         0  26.00000   0.00000   0.00000       12.4077673000
               100.0000000000         0  26.00000   0.00000   0.00000       -0.2471957670
 
  END INFORMATION OF EXTERNAL POTENTIALS
 
                       INITIAL GEOMETRY: AMSTRONG
                 -----------------------------------
                       <x>                 <y>                 <z>
      E-AR        0.0000000000        0.0000000000        0.0000000000
      E-AR       13.7586084802        0.0000000000        0.0000000000
        E+        0.0000000000        0.0000000000        0.0000000000
        E+       13.7586084802        0.0000000000        0.0000000000
        AR        0.0000000000        0.0000000000        0.0000000000
        AR       13.7586084802        0.0000000000        0.0000000000
 
                     MATRIX OF DISTANCE: ANGSTROM
                 -----------------------------------
                          AR(1)          AR(2)     
 
        AR(1)            0.000000      13.758608
        AR(2)           13.758608       0.000000
 
--------------------------------------------------------------------------------
** PROGRAM: SCF (Hartree Fock).     Author: S.A. Gonzalez, E. Posada, F. Moncada
--------------------------------------------------------------------------------
INFO: RUNNING IN RHF MODE.
 
----------------------------------------------------------------------
** PROGRAM INTS                          Author: E. F. Posada, 2013   
----------------------------------------------------------------------
INFO: RUNNING IN ONE_PARTICLE MODE.
 
 Number of Overlap integrals for species E-:   3844
 Number of Overlap integrals for species POSITRON:   4624
 Number of Kinetic integrals for species E-:   3844
 Number of Kinetic integrals for species POSITRON:   4624
 Number of Nuclear integrals for species E-:   3844
 Number of Nuclear integrals for species POSITRON:   4624
 Number of Moment integrals for species E-:  11532
 Number of Moment integrals for species POSITRON:  13872
 Number of 3C Overlap integrals for species E-:   3844
 Number of 3C Overlap integrals for species POSITRON:   4624
 
** TOTAL CPU Time INTS :      0.385 (s)
** TOTAL Elapsed Time INTS :      0.148 (s)
 
Removed     2 orbitals for species POSITRON with overlap eigen threshold of 1.000E-06
       Usign  HCORE density guess for species:         E-
     number of         E-     particles in guess density matrix:    36.000000
       Usign  HCORE density guess for species:   POSITRON
     number of   POSITRON     particles in guess density matrix:     0.000000
 Warning!, density matrix with deviation from number of particles    1.000000
 Number of unique integrals for species: 1 = 101903
 Number of unique integrals for species: 2 = 312496
 Number of unique integrals for species: 1 / 2 = 562475 Screened: 68277
 
 TWO-BODY INTEGRAL SETUP: 
------------------------- 
 Storage:   DISK
 Scheme: LIBINT
 Stack size:  30000
 
 LIBINT library, Fermann, J. T.; Valeev, F. L. 2010                   
 LOWDIN-LIBINT Implementation V. 2.1  Posada E. F. ; Reyes A. 2016   
 ----------------------------------------------------------------------

*** TOTAL CPU time intra-species integrals :      0.478 (s)
*** TOTAL elapsed time intra-species integrals :      0.073 (s)


*** TOTAL CPU time inter-species integrals :      0.665 (s)
*** TOTAL elapsed time inter-species integrals :      0.132 (s)

INFO: RUNNING SCHEME SIMULTANEOUS
 
 Begin Multi-Species SCF calculation:
 
 --------------------------------------------------------------------------------------------------
      Iteration                   Energy            Energy Change           Density Change
 --------------------------------------------------------------------------------------------------
              1        -996.368001499312         996.368001499312           0.304061753644
              2       -1028.118398689331          31.750397190020           0.186057213440
              3       -1053.296585509160          25.178186819829           0.017388669978
              4       -1053.571564629357           0.274979120197           0.005931745407
              5       -1053.594170521533           0.022605892176           0.002405123133
              6       -1053.603650562592           0.009480041059           0.002157090445
              7       -1053.609946239526           0.006295676934           1.145453595433
              8       -1053.614039571110           0.004093331584           0.000487619757
              9       -1053.614039672417           0.000000101306           0.000058839354
             10       -1053.614039681670           0.000000009253           0.000028612009
             11       -1053.614039681997           0.000000000327           0.000003506637
 Total energy converged after  11 global iterations                                                  
 
 ...end Multi-Species SCF calculation
 
 
 Begin SCF calculation by: E-
 -------------------------
 
 -----------------------------------------------------------------------------------
 Iteration                   Energy           Density Change         DIIS Error 
 -----------------------------------------------------------------------------------
    1       -1125.982617637391           0.184396773153                 -- 
    2       -1072.242270189290           0.015937495020                 -- 
    3       -1064.341567755661           0.004632102832                 -- 
    4       -1066.541299606248           0.001106752834                 -- 
    5       -1065.985914742469           0.000269722546                 -- 
    6       -1066.099973803002           0.000057643153                 -- 
    7       -1066.070879754996           0.000015001718                 -- 
    8       -1066.076993136786           0.000003165918                 -- 
    9       -1066.075331835954           0.000000982359                 -- 
   10       -1066.075733266033           0.000000207550                 -- 
 
 ... end SCF calculation
 
 Begin SCF calculation by: POSITRON
 -------------------------
 
 -----------------------------------------------------------------------------------
 Iteration                   Energy           Density Change         DIIS Error 
 -----------------------------------------------------------------------------------
    1           0.415029781757           0.001660440287                 -- 
    2          -0.000438971555           0.001451174958                 -- 
    3          -0.007726624618           0.001299642576                 -- 
    4          -0.005493004140           0.001298370299                 -- 
    5          -0.003579502528           0.001887367899                 -- 
    6           0.000041402144           1.145395952280                 -- 
    7           0.000041302343           0.000472618039                 -- 
    8           0.000041314995           0.000055673436                 -- 
    9           0.000041309201           0.000027629650                 -- 
   10           0.000041310026           0.000003299087                 -- 
 
 ... end SCF calculation
 
  EIGENVALUES AND EIGENVECTORS: 
 ==============================
 
 
  Eigenvalues for: E-
 -----------------
 
    1        -118.610400762961
    2        -118.610400762960
    3         -12.322679435240
    4         -12.322679435240
    5          -9.572523451776
    6          -9.572523451776
    7          -9.572523451773
    8          -9.572523451773
    9          -9.572523451773
   10          -9.572523451773
   11          -1.277376702495
   12          -1.277376702495
   13          -0.591387374326
   14          -0.591387374320
   15          -0.591387374058
   16          -0.591387374058
   17          -0.591387374057
   18          -0.591387374057
   19           0.134700328764
   20           0.134700340408
   21           0.152409658726
   22           0.152409813120
   23           0.152409813120
   24           0.152409824457
   25           0.152409824457
   26           0.152409978714
   27           0.709217649806
   28           0.709217786081
   29           0.709217786081
   30           0.709217795142
   31           0.709217795142
   32           0.709217931180
   33           1.072837465155
   34           1.072837472783
   35           1.214864590860
   36           1.214864590860
   37           1.214864590860
   38           1.214864590860
   39           1.214864590870
   40           1.214864590870
   41           1.214864590870
   42           1.214864590870
   43           1.214864590873
   44           1.214864590873
   45           2.743211115831
   46           2.743211182822
   47           2.743211182822
   48           2.743211186744
   49           2.743211186745
   50           2.743211253643
   51           4.434781463082
   52           4.434781466715
   53          14.030004137860
   54          14.030004208779
   55          14.030004208779
   56          14.030004212582
   57          14.030004212583
   58          14.030004283719
   59          16.732879544294
   60          16.732879546487
   61         254.593005182959
   62         254.593005185348
 
 
  Eigenvalues for: POSITRON
 -----------------
 
    1           0.000066690594
    2           0.000136948137
    3           0.000210401846
    4           0.000210401846
    5           0.000255848341
    6           0.000282094212
    7           0.000282094218
    8           0.000284446968
    9           0.000328929463
   10           0.000328929463
   11           0.000426242479
   12           0.000430472078
   13           0.000430472078
   14           0.000431272630
   15           0.000442864549
   16           0.000442864549
   17           0.000571915248
   18           0.000571915284
   19           0.000585855128
   20           0.000723460083
   21           0.000916403083
   22           0.000916403083
   23           0.000976138883
   24           0.001152146198
   25           0.001156374316
   26           0.001156374317
   27           0.001257554568
   28           0.001257554568
   29           0.001464327555
   30           0.001524010759
   31           0.001524010759
   32           0.001525485769
   33           0.001525485769
   34           0.001535062047
   35           0.001827776838
   36           0.001827776851
   37           0.001902317533
   38           0.001942300736
   39           0.003017014439
   40           0.003017014439
   41           0.003192945164
   42           0.003767762016
   43           0.003868601025
   44           0.003868601028
   45           0.004116596730
   46           0.004694672258
   47           0.007540137463
   48           0.008256368253
   49           0.009187482046
   50           0.009187482046
   51           0.010693962726
   52           0.010956820412
   53           0.010956820412
   54           0.013578943902
   55           0.021545159372
   56           0.021916902897
   57           0.063601863367
   58           0.066359046167
   59           0.216895068739
   60           0.219396358188
   61           0.858610576217
   62           0.861028807254
   63           4.192704761074
   64           4.194947462240
   65          24.143045069609
   66          24.146096397674
   67     1000000.000000000000
   68     1000000.000000000000
 
  end of eigenvalues 
 
  Occupied Eigenvectors for: E-
 --------------------------- 
 
                        -118.6104      -118.6104       -12.3227       -12.3227        -9.5725   
 
    1     AR     S       0.410228       0.014410      -0.070790      -0.100702      -0.000000
    2     AR     S       0.654764       0.022999      -0.193148      -0.274762      -0.000000
    3     AR     S       0.012398       0.000435       0.306910       0.436594       0.000000
    4     AR     S      -0.001894      -0.000067       0.332760       0.473366       0.000000
    5     AR     S       0.001138       0.000040       0.032152       0.045738      -0.000000
    6     AR     S       0.000094       0.000003      -0.003286      -0.004674       0.000000
    7     AR    Px      -0.000000      -0.000000      -0.000000      -0.000000       0.709594
    8     AR    Py      -0.000000       0.000000       0.000000       0.000000      -0.000027
    9     AR    Pz      -0.000000      -0.000000      -0.000000      -0.000000       0.000223
   10     AR    Px      -0.000000      -0.000000      -0.000000      -0.000000       0.136479
   11     AR    Py      -0.000000       0.000000       0.000000       0.000000      -0.000005
   12     AR    Pz      -0.000000      -0.000000      -0.000000       0.000000       0.000043
   13     AR    Px       0.000000       0.000000      -0.000000      -0.000000       0.030640
   14     AR    Py       0.000000      -0.000000      -0.000000       0.000000      -0.000001
   15     AR    Pz       0.000000       0.000000       0.000000      -0.000000       0.000010
   16     AR    Px      -0.000000      -0.000000       0.000000       0.000000      -0.002983
   17     AR    Py      -0.000000       0.000000       0.000000      -0.000000       0.000000
   18     AR    Pz      -0.000000      -0.000000      -0.000000       0.000000      -0.000001
   19     AR    Px       0.000000       0.000000      -0.000000      -0.000000       0.001433
   20     AR    Py      -0.000000      -0.000000      -0.000000       0.000000      -0.000000
   21     AR    Pz       0.000000       0.000000       0.000000      -0.000000       0.000000
   22     AR     S      -0.000023      -0.000001       0.000744       0.001059      -0.000000
   23     AR    Px      -0.000000       0.000000       0.000000       0.000000      -0.000505
   24     AR    Py      -0.000000       0.000000       0.000000      -0.000000       0.000000
   25     AR    Pz      -0.000000      -0.000000      -0.000000       0.000000      -0.000000
   26     AR   Dxx      -0.000356      -0.000013      -0.003495      -0.004972      -0.000000
   27     AR   Dxy       0.000000      -0.000000       0.000000      -0.000000       0.000000
   28     AR   Dxz      -0.000000       0.000000      -0.000000       0.000000      -0.000000
   29     AR   Dyy      -0.000356      -0.000013      -0.003495      -0.004972       0.000000
   30     AR   Dyz       0.000000      -0.000000       0.000000      -0.000000      -0.000000
   31     AR   Dzz      -0.000356      -0.000013      -0.003495      -0.004972       0.000000
   32     AR     S      -0.014410       0.410228       0.100702      -0.070790       0.000000
   33     AR     S      -0.022999       0.654764       0.274762      -0.193148       0.000000
   34     AR     S      -0.000435       0.012398      -0.436594       0.306910      -0.000000
   35     AR     S       0.000067      -0.001894      -0.473366       0.332760      -0.000000
   36     AR     S      -0.000040       0.001138      -0.045738       0.032152       0.000000
   37     AR     S      -0.000003       0.000094       0.004674      -0.003286      -0.000000
   38     AR    Px      -0.000000       0.000000      -0.000000       0.000000       0.665876
   39     AR    Py       0.000000      -0.000000      -0.000000       0.000000       0.000697
   40     AR    Pz       0.000000       0.000000       0.000000       0.000000       0.001011
   41     AR    Px      -0.000000       0.000000      -0.000000       0.000000       0.128070
   42     AR    Py       0.000000       0.000000      -0.000000      -0.000000       0.000134
   43     AR    Pz       0.000000       0.000000      -0.000000      -0.000000       0.000195
   44     AR    Px       0.000000      -0.000000      -0.000000       0.000000       0.028753
   45     AR    Py      -0.000000      -0.000000       0.000000       0.000000       0.000030
   46     AR    Pz      -0.000000      -0.000000       0.000000       0.000000       0.000044
   47     AR    Px      -0.000000       0.000000       0.000000      -0.000000      -0.002799
   48     AR    Py       0.000000       0.000000      -0.000000      -0.000000      -0.000003
   49     AR    Pz       0.000000      -0.000000      -0.000000      -0.000000      -0.000004
   50     AR    Px       0.000000      -0.000000      -0.000000       0.000000       0.001344
   51     AR    Py       0.000000       0.000000      -0.000000      -0.000000       0.000001
   52     AR    Pz      -0.000000       0.000000       0.000000       0.000000       0.000002
   53     AR     S       0.000001      -0.000023      -0.001059       0.000744       0.000000
   54     AR    Px      -0.000000       0.000000       0.000000      -0.000000      -0.000474
   55     AR    Py      -0.000000      -0.000000      -0.000000       0.000000      -0.000000
   56     AR    Pz       0.000000       0.000000      -0.000000      -0.000000      -0.000001
   57     AR   Dxx       0.000013      -0.000356       0.004972      -0.003495       0.000000
   58     AR   Dxy      -0.000000       0.000000       0.000000      -0.000000       0.000000
   59     AR   Dxz      -0.000000      -0.000000      -0.000000       0.000000       0.000000
   60     AR   Dyy       0.000013      -0.000356       0.004972      -0.003495      -0.000000
   61     AR   Dyz      -0.000000      -0.000000       0.000000      -0.000000       0.000000
   62     AR   Dzz       0.000013      -0.000356       0.004972      -0.003495      -0.000000
 
                          -9.5725        -9.5725        -9.5725        -9.5725        -9.5725   
 
    1     AR     S       0.000000       0.000000      -0.000000      -0.000000       0.000000
    2     AR     S       0.000000       0.000000      -0.000000      -0.000000       0.000000
    3     AR     S      -0.000000      -0.000000       0.000000       0.000000      -0.000000
    4     AR     S      -0.000000      -0.000000       0.000000       0.000000      -0.000000
    5     AR     S       0.000000       0.000000      -0.000000      -0.000000       0.000000
    6     AR     S       0.000000      -0.000000      -0.000000      -0.000000       0.000000
    7     AR    Px      -0.665877      -0.000429       0.000237       0.000850      -0.000056
    8     AR    Py      -0.000065      -0.180370       0.014036      -0.185132      -0.938036
    9     AR    Pz      -0.000602      -0.434852      -0.341282      -0.767129       0.229911
   10     AR    Px      -0.128070      -0.000083       0.000046       0.000163      -0.000011
   11     AR    Py      -0.000012      -0.034691       0.002700      -0.035607      -0.180416
   12     AR    Pz      -0.000116      -0.083637      -0.065640      -0.147545       0.044219
   13     AR    Px      -0.028753      -0.000019       0.000010       0.000037      -0.000002
   14     AR    Py      -0.000003      -0.007788       0.000606      -0.007994      -0.040504
   15     AR    Pz      -0.000026      -0.018777      -0.014737      -0.033125       0.009928
   16     AR    Px       0.002799       0.000002      -0.000001      -0.000004       0.000000
   17     AR    Py       0.000000       0.000758      -0.000059       0.000778       0.003943
   18     AR    Pz       0.000003       0.001828       0.001435       0.003225      -0.000966
   19     AR    Px      -0.001344      -0.000001       0.000000       0.000002      -0.000000
   20     AR    Py      -0.000000      -0.000364       0.000028      -0.000374      -0.001894
   21     AR    Pz      -0.000001      -0.000878      -0.000689      -0.001549       0.000464
   22     AR     S      -0.000000       0.000000      -0.000000       0.000000      -0.000000
   23     AR    Px       0.000474       0.000000      -0.000000      -0.000001       0.000000
   24     AR    Py       0.000000       0.000128      -0.000010       0.000132       0.000668
   25     AR    Pz       0.000000       0.000310       0.000243       0.000546      -0.000164
   26     AR   Dxx       0.000000       0.000000      -0.000000      -0.000000       0.000000
   27     AR   Dxy       0.000000       0.000000      -0.000000       0.000000       0.000000
   28     AR   Dxz       0.000000       0.000000       0.000000       0.000000      -0.000000
   29     AR   Dyy      -0.000000      -0.000000       0.000000       0.000000      -0.000000
   30     AR   Dyz      -0.000000       0.000000       0.000000      -0.000000      -0.000000
   31     AR   Dzz      -0.000000      -0.000000       0.000000       0.000000      -0.000000
   32     AR     S       0.000000      -0.000000       0.000000       0.000000       0.000000
   33     AR     S       0.000000      -0.000000       0.000000       0.000000       0.000000
   34     AR     S      -0.000000       0.000000      -0.000000      -0.000000      -0.000000
   35     AR     S      -0.000000       0.000000      -0.000000      -0.000000      -0.000000
   36     AR     S       0.000000      -0.000000       0.000000       0.000000       0.000000
   37     AR     S       0.000000       0.000000      -0.000000      -0.000000       0.000000
   38     AR    Px       0.709594      -0.000973       0.000264       0.000101       0.000103
   39     AR    Py       0.000278       0.445832      -0.852175       0.091471      -0.116530
   40     AR    Pz       0.000009       0.725616       0.322556      -0.561950      -0.023791
   41     AR    Px       0.136479      -0.000187       0.000051       0.000019       0.000020
   42     AR    Py       0.000053       0.085748      -0.163902       0.017593      -0.022413
   43     AR    Pz       0.000002       0.139560       0.062038      -0.108082      -0.004576
   44     AR    Px       0.030640      -0.000042       0.000011       0.000004       0.000004
   45     AR    Py       0.000012       0.019251      -0.036797       0.003950      -0.005032
   46     AR    Pz       0.000000       0.031332       0.013928      -0.024265      -0.001027
   47     AR    Px      -0.002983       0.000004      -0.000001      -0.000000      -0.000000
   48     AR    Py      -0.000001      -0.001874       0.003582      -0.000385       0.000490
   49     AR    Pz      -0.000000      -0.003050      -0.001356       0.002362       0.000100
   50     AR    Px       0.001433      -0.000002       0.000001       0.000000       0.000000
   51     AR    Py       0.000001       0.000900      -0.001721       0.000185      -0.000235
   52     AR    Pz       0.000000       0.001465       0.000651      -0.001135      -0.000048
   53     AR     S      -0.000000      -0.000000       0.000000       0.000000      -0.000000
   54     AR    Px      -0.000505       0.000001      -0.000000      -0.000000      -0.000000
   55     AR    Py      -0.000000      -0.000318       0.000607      -0.000065       0.000083
   56     AR    Pz      -0.000000      -0.000517      -0.000230       0.000400       0.000017
   57     AR   Dxx       0.000000      -0.000000       0.000000       0.000000       0.000000
   58     AR   Dxy       0.000000       0.000000      -0.000000       0.000000      -0.000000
   59     AR   Dxz       0.000000       0.000000       0.000000      -0.000000      -0.000000
   60     AR   Dyy      -0.000000       0.000000      -0.000000      -0.000000      -0.000000
   61     AR   Dyz       0.000000       0.000000       0.000000      -0.000000       0.000000
   62     AR   Dzz      -0.000000       0.000000      -0.000000      -0.000000      -0.000000
 
                          -1.2774        -1.2774        -0.5914        -0.5914        -0.5914   
 
    1     AR     S      -0.024866       0.029433       0.000000       0.000000      -0.000000
    2     AR     S      -0.072721       0.086077       0.000000       0.000000      -0.000000
    3     AR     S       0.153061      -0.181172      -0.000000      -0.000000       0.000000
    4     AR     S       0.269261      -0.318713      -0.000000      -0.000000      -0.000000
    5     AR     S      -0.426362       0.504666       0.000000       0.000000       0.000000
    6     AR     S      -0.355910       0.421276       0.000000       0.000000      -0.000000
    7     AR    Px       0.000000      -0.000000      -0.201451      -0.201244       0.000000
    8     AR    Py       0.000000       0.000000       0.000000       0.000000      -0.167936
    9     AR    Pz       0.000000      -0.000000       0.000000      -0.000000      -0.107639
   10     AR    Px       0.000000      -0.000000      -0.028792      -0.028762       0.000000
   11     AR    Py       0.000000      -0.000000       0.000000       0.000000      -0.024002
   12     AR    Pz       0.000000      -0.000000       0.000000      -0.000000      -0.015384
   13     AR    Px      -0.000000       0.000000       0.227421       0.227186      -0.000000
   14     AR    Py      -0.000000      -0.000000      -0.000000      -0.000000       0.189585
   15     AR    Pz      -0.000000       0.000000      -0.000000       0.000000       0.121515
   16     AR    Px      -0.000000       0.000000       0.393127       0.392722      -0.000000
   17     AR    Py       0.000000      -0.000000      -0.000000      -0.000000       0.327723
   18     AR    Pz       0.000000       0.000000      -0.000000       0.000000       0.210055
   19     AR    Px       0.000000      -0.000000       0.199598       0.199393      -0.000000
   20     AR    Py      -0.000000       0.000000      -0.000000      -0.000000       0.166392
   21     AR    Pz      -0.000000       0.000000      -0.000000       0.000000       0.106649
   22     AR     S      -0.007795       0.009227      -0.000000      -0.000000       0.000000
   23     AR    Px       0.000000      -0.000000       0.005977       0.005971      -0.000000
   24     AR    Py       0.000000      -0.000000      -0.000000      -0.000000       0.004983
   25     AR    Pz       0.000000      -0.000000      -0.000000       0.000000       0.003194
   26     AR   Dxx       0.001149      -0.001360      -0.000000      -0.000000      -0.000000
   27     AR   Dxy      -0.000000      -0.000000      -0.000000      -0.000000      -0.000000
   28     AR   Dxz       0.000000       0.000000       0.000000      -0.000000      -0.000000
   29     AR   Dyy       0.001149      -0.001360       0.000000       0.000000      -0.000000
   30     AR   Dyz       0.000000      -0.000000       0.000000       0.000000      -0.000000
   31     AR   Dzz       0.001149      -0.001360       0.000000       0.000000      -0.000000
   32     AR     S      -0.029433      -0.024866       0.000000      -0.000000       0.000000
   33     AR     S      -0.086077      -0.072721       0.000000      -0.000000       0.000000
   34     AR     S       0.181172       0.153061      -0.000000       0.000000      -0.000000
   35     AR     S       0.318713       0.269261      -0.000000       0.000000      -0.000000
   36     AR     S      -0.504666      -0.426362       0.000000      -0.000000       0.000000
   37     AR     S      -0.421276      -0.355910       0.000000      -0.000000       0.000000
   38     AR    Px      -0.000000      -0.000000       0.201244      -0.201451       0.000000
   39     AR    Py      -0.000000      -0.000000       0.000000      -0.000001      -0.170703
   40     AR    Pz      -0.000000       0.000000      -0.000000       0.000001      -0.110242
   41     AR    Px      -0.000000      -0.000000       0.028762      -0.028792       0.000000
   42     AR    Py      -0.000000      -0.000000       0.000000      -0.000000      -0.024397
   43     AR    Pz      -0.000000       0.000000      -0.000000       0.000000      -0.015756
   44     AR    Px       0.000000       0.000000      -0.227186       0.227421      -0.000000
   45     AR    Py       0.000000       0.000000      -0.000000       0.000001       0.192709
   46     AR    Pz       0.000000      -0.000000       0.000000      -0.000001       0.124454
   47     AR    Px       0.000000       0.000000      -0.392722       0.393127      -0.000000
   48     AR    Py      -0.000000       0.000000      -0.000000       0.000001       0.333123
   49     AR    Pz      -0.000000       0.000000       0.000000      -0.000001       0.215135
   50     AR    Px      -0.000000      -0.000000      -0.199393       0.199598      -0.000000
   51     AR    Py       0.000000       0.000000      -0.000000       0.000001       0.169133
   52     AR    Pz       0.000000      -0.000000       0.000000      -0.000001       0.109228
   53     AR     S      -0.009227      -0.007795      -0.000000       0.000000      -0.000000
   54     AR    Px      -0.000000      -0.000000      -0.005971       0.005977      -0.000000
   55     AR    Py      -0.000000       0.000000      -0.000000       0.000000       0.005065
   56     AR    Pz      -0.000000      -0.000000       0.000000      -0.000000       0.003271
   57     AR   Dxx       0.001360       0.001149      -0.000000       0.000000       0.000000
   58     AR   Dxy      -0.000000       0.000000      -0.000000       0.000000       0.000000
   59     AR   Dxz      -0.000000      -0.000000       0.000000      -0.000000       0.000000
   60     AR   Dyy       0.001360       0.001149       0.000000      -0.000000       0.000000
   61     AR   Dyz      -0.000000      -0.000000      -0.000000       0.000000      -0.000000
   62     AR   Dzz       0.001360       0.001149       0.000000      -0.000000       0.000000
 
                          -0.5914        -0.5914        -0.5914   
 
    1     AR     S      -0.000000      -0.000000       0.000000
    2     AR     S      -0.000000      -0.000000       0.000000
    3     AR     S       0.000000       0.000000      -0.000000
    4     AR     S       0.000000       0.000000      -0.000000
    5     AR     S      -0.000000      -0.000000       0.000000
    6     AR     S      -0.000000      -0.000000       0.000000
    7     AR    Px       0.000000       0.000000      -0.000000
    8     AR    Py      -0.107876       0.200340      -0.033252
    9     AR    Pz       0.167177       0.033170       0.201115
   10     AR    Px       0.000000       0.000000      -0.000000
   11     AR    Py      -0.015418       0.028633      -0.004752
   12     AR    Pz       0.023893       0.004741       0.028744
   13     AR    Px      -0.000001      -0.000000       0.000000
   14     AR    Py       0.121782      -0.226167       0.037538
   15     AR    Pz      -0.188728      -0.037446      -0.227041
   16     AR    Px      -0.000001      -0.000000       0.000001
   17     AR    Py       0.210517      -0.390959       0.064890
   18     AR    Pz      -0.326241      -0.064730      -0.392470
   19     AR    Px      -0.000000      -0.000000       0.000000
   20     AR    Py       0.106884      -0.198498       0.032946
   21     AR    Pz      -0.165639      -0.032864      -0.199265
   22     AR     S       0.000000       0.000000      -0.000000
   23     AR    Px      -0.000000      -0.000000       0.000000
   24     AR    Py       0.003201      -0.005944       0.000987
   25     AR    Pz      -0.004960      -0.000984      -0.005967
   26     AR   Dxx      -0.000000       0.000000       0.000000
   27     AR   Dxy      -0.000000       0.000000      -0.000000
   28     AR   Dxz       0.000000       0.000000       0.000000
   29     AR   Dyy      -0.000000      -0.000000       0.000000
   30     AR   Dyz      -0.000000      -0.000000      -0.000000
   31     AR   Dzz      -0.000000      -0.000000       0.000000
   32     AR     S       0.000000       0.000000      -0.000000
   33     AR     S       0.000000       0.000000      -0.000000
   34     AR     S      -0.000000      -0.000000       0.000000
   35     AR     S      -0.000000      -0.000000       0.000000
   36     AR     S       0.000000       0.000000      -0.000000
   37     AR     S       0.000000       0.000000      -0.000000
   38     AR    Px       0.000001       0.000000      -0.000001
   39     AR    Py      -0.110011      -0.196925       0.032563
   40     AR    Pz       0.171446      -0.032647      -0.196134
   41     AR    Px       0.000000       0.000000      -0.000000
   42     AR    Py      -0.015723      -0.028145       0.004654
   43     AR    Pz       0.024503      -0.004666      -0.028032
   44     AR    Px      -0.000001      -0.000000       0.000001
   45     AR    Py       0.124193       0.222311      -0.036761
   46     AR    Pz      -0.193548       0.036856       0.221418
   47     AR    Px      -0.000001      -0.000001       0.000001
   48     AR    Py       0.214684       0.384293      -0.063546
   49     AR    Pz      -0.334574       0.063710       0.382750
   50     AR    Px      -0.000001      -0.000000       0.000000
   51     AR    Py       0.108999       0.195113      -0.032263
   52     AR    Pz      -0.169870       0.032347       0.194330
   53     AR     S      -0.000000      -0.000000       0.000000
   54     AR    Px      -0.000000      -0.000000       0.000000
   55     AR    Py       0.003264       0.005843      -0.000966
   56     AR    Pz      -0.005087       0.000969       0.005819
   57     AR   Dxx      -0.000000       0.000000      -0.000000
   58     AR   Dxy       0.000000       0.000000      -0.000000
   59     AR   Dxz      -0.000000       0.000000       0.000000
   60     AR   Dyy       0.000000       0.000000      -0.000000
   61     AR   Dyz       0.000000      -0.000000      -0.000000
   62     AR   Dzz       0.000000       0.000000      -0.000000
 
 
  Occupied Eigenvectors for: POSITRON
 --------------------------- 
 
                           0.0001   
 
    1     E+     S       2.394255
    2     E+     S      -0.211484
    3     E+     S      -0.125733
    4     E+     S       0.017771
    5     E+     S      -0.010352
    6     E+     S      -0.000459
    7     E+     S      -0.001503
    8     E+     S       0.001291
    9     E+     S       0.001203
   10     E+     S      -0.000149
   11     E+    Px      -5.470777
   12     E+    Py      -0.000000
   13     E+    Pz      -0.000000
   14     E+    Px      -0.228328
   15     E+    Py       0.000000
   16     E+    Pz       0.000000
   17     E+    Px       0.002109
   18     E+    Py       0.000000
   19     E+    Pz       0.000000
   20     E+    Px      -0.000108
   21     E+    Py      -0.000000
   22     E+    Pz      -0.000000
   23     E+   Dxx      -1.646479
   24     E+   Dxy      -0.000000
   25     E+   Dxz      -0.000000
   26     E+   Dyy      -0.375898
   27     E+   Dyz       0.000000
   28     E+   Dzz      -0.375898
   29     E+   Dxx      -0.301996
   30     E+   Dxy       0.000000
   31     E+   Dxz       0.000000
   32     E+   Dyy      -0.185648
   33     E+   Dyz      -0.000000
   34     E+   Dzz      -0.185648
   35     E+     S       2.394255
   36     E+     S      -0.211484
   37     E+     S      -0.125733
   38     E+     S       0.017771
   39     E+     S      -0.010352
   40     E+     S      -0.000459
   41     E+     S      -0.001503
   42     E+     S       0.001291
   43     E+     S       0.001203
   44     E+     S      -0.000149
   45     E+    Px       5.470777
   46     E+    Py       0.000000
   47     E+    Pz       0.000000
   48     E+    Px       0.228328
   49     E+    Py      -0.000000
   50     E+    Pz      -0.000000
   51     E+    Px      -0.002109
   52     E+    Py      -0.000000
   53     E+    Pz       0.000000
   54     E+    Px       0.000108
   55     E+    Py      -0.000000
   56     E+    Pz      -0.000000
   57     E+   Dxx      -1.646479
   58     E+   Dxy      -0.000000
   59     E+   Dxz      -0.000000
   60     E+   Dyy      -0.375898
   61     E+   Dyz      -0.000000
   62     E+   Dzz      -0.375898
   63     E+   Dxx      -0.301996
   64     E+   Dxy       0.000000
   65     E+   Dxz       0.000000
   66     E+   Dyy      -0.185648
   67     E+   Dyz       0.000000
   68     E+   Dzz      -0.185648
 
 
  end of eigenvectors 
 
  END OF EIGENVALUES AND EIGENVECTORS
 
 
  COMPONENTS OF KINETIC ENERGY: 
 -----------------------------
 
                  E- Kinetic energy =         1053.595735280659
            POSITRON Kinetic energy =            0.000081803602
                                     _________________________
               Total kinetic energy =         1053.595817084261
 
  COMPONENTS OF POTENTIAL ENERGY: 
 -------------------------------
 
          Fixed potential energy    =           12.461538461538
 
  Quantum/Fixed interaction energy: 
 ----------------------------------
 
          E-/Fixed interact. energy =        -2534.938418180006
    POSITRON/Fixed interact. energy =            0.371815456679
                                     _________________________
               Total Q/Fixed energy =        -2534.566602723327
 
  Coulomb energy: 
 ------------------
 
               E-/E- Hartree energy =          475.632790343895
   POSITRON/POSITRON Hartree energy =            0.000000000000
         E-/POSITRON Hartree energy =           -0.371805189177
                                     _________________________
               Total Hartree energy =          475.260985154718
 
  Exchange(HF) energy: 
 ----------------------
 
                 E- Exchange energy =          -60.365752278713
           POSITRON Exchange energy =            0.000000000000
                                     _________________________
              Total Exchange energy =          -60.365752278713
 
  External Potential energy: 
 ----------------------------
 
                  E- Ext Pot energy =            0.000000000000
            POSITRON Ext Pot energy =           -0.000025380568
                                     _________________________
    Total External Potential energy =           -0.000025380568
 
  TOTAL ENERGY COMPONENTS: 
 ==========================
 
          TOTAL KINETIC ENERGY      =         1053.595817084261
          TOTAL POTENTIAL ENERGY    =        -2107.209856766352
                                     _________________________
                       TOTAL ENERGY =        -1053.614039682091
 
                 VIRIAL RATIO (V/T) =            2.000017295625
 
 
  END ENERGY COMPONENTS
 
 
** TOTAL CPU Time SCF :      0.962 (s)
** TOTAL Elapsed Time SCF :      0.383 (s)
 
 We are calculating properties for E- in the HF/KS ground state
 We are calculating properties for POSITRON in the HF/KS ground state
 
  POPULATION ANALYSES: 
 ====================
 
 MULLIKEN Population: for E-        
 ---------------------
 
                                    
 
    1     AR     S       0.777155
    2     AR     S       1.187471
    3     AR     S       0.957554
    4     AR     S       1.016967
    5     AR     S       1.065414
    6     AR     S       0.994040
    7     AR    Px       1.965968
    8     AR    Py       1.965968
    9     AR    Pz       1.965968
   10     AR    Px       0.024934
   11     AR    Py       0.024934
   12     AR    Pz       0.024934
   13     AR    Px       0.499839
   14     AR    Py       0.499839
   15     AR    Pz       0.499839
   16     AR    Px       1.061120
   17     AR    Py       1.061120
   18     AR    Pz       1.061120
   19     AR    Px       0.440275
   20     AR    Py       0.440275
   21     AR    Pz       0.440275
   22     AR     S       0.014997
   23     AR    Px       0.007864
   24     AR    Py       0.007864
   25     AR    Pz       0.007864
   26     AR   Dxx      -0.004532
   27     AR   Dxy       0.000000
   28     AR   Dxz       0.000000
   29     AR   Dyy      -0.004532
   30     AR   Dyz       0.000000
   31     AR   Dzz      -0.004532
   32     AR     S       0.777155
   33     AR     S       1.187471
   34     AR     S       0.957554
   35     AR     S       1.016967
   36     AR     S       1.065414
   37     AR     S       0.994040
   38     AR    Px       1.965968
   39     AR    Py       1.965968
   40     AR    Pz       1.965968
   41     AR    Px       0.024934
   42     AR    Py       0.024934
   43     AR    Pz       0.024934
   44     AR    Px       0.499839
   45     AR    Py       0.499839
   46     AR    Pz       0.499839
   47     AR    Px       1.061120
   48     AR    Py       1.061120
   49     AR    Pz       1.061120
   50     AR    Px       0.440275
   51     AR    Py       0.440275
   52     AR    Pz       0.440275
   53     AR     S       0.014997
   54     AR    Px       0.007864
   55     AR    Py       0.007864
   56     AR    Pz       0.007864
   57     AR   Dxx      -0.004532
   58     AR   Dxy       0.000000
   59     AR   Dxz       0.000000
   60     AR   Dyy      -0.004532
   61     AR   Dyz       0.000000
   62     AR   Dzz      -0.004532
 
                           __________
              Total =       36.000000
 
  Atomic MULLIKEN Population: for E-        
            AR              18.000000
            AR              18.000000
 
 ...end of MULLIKEN Population
 
 
 END POPULATION ANALYSES 
 
 
  POPULATION ANALYSES: 
 ====================
 
 LOWDIN Population: for E-        
 ---------------------
 
                                    
 
    1     AR     S       0.903190
    2     AR     S       1.085074
    3     AR     S       0.953732
    4     AR     S       0.963035
    5     AR     S       0.544209
    6     AR     S       0.563780
    7     AR    Px       1.884791
    8     AR    Py       1.884791
    9     AR    Pz       1.884791
   10     AR    Px       0.100697
   11     AR    Py       0.100697
   12     AR    Pz       0.100697
   13     AR    Px       0.548813
   14     AR    Py       0.548813
   15     AR    Pz       0.548813
   16     AR    Px       0.936024
   17     AR    Py       0.936024
   18     AR    Pz       0.936024
   19     AR    Px       0.452266
   20     AR    Py       0.452266
   21     AR    Pz       0.452266
   22     AR     S       0.148257
   23     AR    Px       0.077408
   24     AR    Py       0.077408
   25     AR    Pz       0.077408
   26     AR   Dxx       0.279574
   27     AR   Dxy       0.000000
   28     AR   Dxz       0.000000
   29     AR   Dyy       0.279574
   30     AR   Dyz       0.000000
   31     AR   Dzz       0.279574
   32     AR     S       0.903190
   33     AR     S       1.085074
   34     AR     S       0.953732
   35     AR     S       0.963035
   36     AR     S       0.544209
   37     AR     S       0.563780
   38     AR    Px       1.884791
   39     AR    Py       1.884791
   40     AR    Pz       1.884791
   41     AR    Px       0.100697
   42     AR    Py       0.100697
   43     AR    Pz       0.100697
   44     AR    Px       0.548813
   45     AR    Py       0.548813
   46     AR    Pz       0.548813
   47     AR    Px       0.936024
   48     AR    Py       0.936024
   49     AR    Pz       0.936024
   50     AR    Px       0.452266
   51     AR    Py       0.452266
   52     AR    Pz       0.452266
   53     AR     S       0.148257
   54     AR    Px       0.077408
   55     AR    Py       0.077408
   56     AR    Pz       0.077408
   57     AR   Dxx       0.279574
   58     AR   Dxy       0.000000
   59     AR   Dxz       0.000000
   60     AR   Dyy       0.279574
   61     AR   Dyz       0.000000
   62     AR   Dzz       0.279574
 
                           __________
              Total =       36.000000
 
  Atomic LOWDIN Population: for E-        
            AR              18.000000
            AR              18.000000
 
 ...end of LOWDIN Population
 
 
 END POPULATION ANALYSES 
 
 
  POPULATION ANALYSES: 
 ====================
 
 MULLIKEN Population: for POSITRON  
 ---------------------
 
                                    
 
    1     E+     S      -2.045772
    2     E+     S       0.108767
    3     E+     S       0.034247
    4     E+     S      -0.002475
    5     E+     S       0.000722
    6     E+     S       0.000016
    7     E+     S       0.000024
    8     E+     S      -0.000008
    9     E+     S      -0.000002
   10     E+     S       0.000000
   11     E+    Px       0.324473
   12     E+    Py       0.000000
   13     E+    Pz      -0.000000
   14     E+    Px       0.007121
   15     E+    Py      -0.000000
   16     E+    Pz      -0.000000
   17     E+    Px      -0.000041
   18     E+    Py      -0.000000
   19     E+    Pz      -0.000000
   20     E+    Px       0.000001
   21     E+    Py       0.000000
   22     E+    Pz       0.000000
   23     E+   Dxx       1.194683
   24     E+   Dxy      -0.000000
   25     E+   Dxz       0.000000
   26     E+   Dyy       0.266458
   27     E+   Dyz      -0.000000
   28     E+   Dzz       0.266458
   29     E+   Dxx       0.156011
   30     E+   Dxy       0.000000
   31     E+   Dxz       0.000000
   32     E+   Dyy       0.094658
   33     E+   Dyz      -0.000000
   34     E+   Dzz       0.094658
   35     E+     S      -2.045772
   36     E+     S       0.108767
   37     E+     S       0.034247
   38     E+     S      -0.002475
   39     E+     S       0.000722
   40     E+     S       0.000016
   41     E+     S       0.000024
   42     E+     S      -0.000008
   43     E+     S      -0.000002
   44     E+     S       0.000000
   45     E+    Px       0.324473
   46     E+    Py       0.000000
   47     E+    Pz      -0.000000
   48     E+    Px       0.007121
   49     E+    Py      -0.000000
   50     E+    Pz      -0.000000
   51     E+    Px      -0.000041
   52     E+    Py      -0.000000
   53     E+    Pz       0.000000
   54     E+    Px       0.000001
   55     E+    Py      -0.000000
   56     E+    Pz      -0.000000
   57     E+   Dxx       1.194683
   58     E+   Dxy      -0.000000
   59     E+   Dxz       0.000000
   60     E+   Dyy       0.266458
   61     E+   Dyz       0.000000
   62     E+   Dzz       0.266458
   63     E+   Dxx       0.156011
   64     E+   Dxy       0.000000
   65     E+   Dxz       0.000000
   66     E+   Dyy       0.094658
   67     E+   Dyz       0.000000
   68     E+   Dzz       0.094658
 
                           __________
              Total =        1.000000
 
  Atomic MULLIKEN Population: for POSITRON  
            AR               0.500000
            AR               0.500000
 
 ...end of MULLIKEN Population
 
 
 END POPULATION ANALYSES 
 
 
  POPULATION ANALYSES: 
 ====================
 
 LOWDIN Population: for POSITRON  
 ---------------------
 
                                    
 
    1     E+     S       0.044590
    2     E+     S       0.029142
    3     E+     S       0.005821
    4     E+     S       0.001214
    5     E+     S       0.000287
    6     E+     S       0.000080
    7     E+     S       0.000011
    8     E+     S       0.000000
    9     E+     S       0.000001
   10     E+     S       0.000000
   11     E+    Px       0.000008
   12     E+    Py       0.000000
   13     E+    Pz      -0.000000
   14     E+    Px       0.000688
   15     E+    Py      -0.000000
   16     E+    Pz      -0.000000
   17     E+    Px       0.000000
   18     E+    Py      -0.000000
   19     E+    Pz       0.000000
   20     E+    Px       0.000009
   21     E+    Py       0.000000
   22     E+    Pz       0.000000
   23     E+   Dxx       0.127318
   24     E+   Dxy       0.000000
   25     E+   Dxz       0.000000
   26     E+   Dyy       0.119478
   27     E+   Dyz       0.000000
   28     E+   Dzz       0.119478
   29     E+   Dxx       0.018229
   30     E+   Dxy       0.000000
   31     E+   Dxz      -0.000000
   32     E+   Dyy       0.016822
   33     E+   Dyz       0.000000
   34     E+   Dzz       0.016822
   35     E+     S       0.044590
   36     E+     S       0.029142
   37     E+     S       0.005821
   38     E+     S       0.001214
   39     E+     S       0.000287
   40     E+     S       0.000080
   41     E+     S       0.000011
   42     E+     S       0.000000
   43     E+     S       0.000001
   44     E+     S       0.000000
   45     E+    Px       0.000008
   46     E+    Py       0.000000
   47     E+    Pz      -0.000000
   48     E+    Px       0.000688
   49     E+    Py      -0.000000
   50     E+    Pz      -0.000000
   51     E+    Px       0.000000
   52     E+    Py       0.000000
   53     E+    Pz       0.000000
   54     E+    Px       0.000009
   55     E+    Py       0.000000
   56     E+    Pz      -0.000000
   57     E+   Dxx       0.127318
   58     E+   Dxy       0.000000
   59     E+   Dxz       0.000000
   60     E+   Dyy       0.119478
   61     E+   Dyz       0.000000
   62     E+   Dzz       0.119478
   63     E+   Dxx       0.018229
   64     E+   Dxy       0.000000
   65     E+   Dxz       0.000000
   66     E+   Dyy       0.016822
   67     E+   Dyz       0.000000
   68     E+   Dzz       0.016822
 
                           __________
              Total =        1.000000
 
  Atomic LOWDIN Population: for POSITRON  
            AR               0.500000
            AR               0.500000
 
 ...end of LOWDIN Population
 
 
 END POPULATION ANALYSES 
 
 
  EXPECTED POSITIONS OF QUANTUM SPECIES:
 ======================
 
 POSITIONS IN ANGSTROMS
 ------
 
                        <x>      <y>      <z>         
                 E- 247.6549   0.0000  -0.0000
           POSITRON   6.8793  -0.0000   0.0000
 
 END EXPECTED POSITIONS
 
 
  ELECTROSTATIC MOMENTS:
 ======================
 
 
 DIPOLE: (A.U.)
 ------
 
                           <Dx>         <Dy>         <Dz>          |D|
                 E--468.00000000  -0.00000000   0.00000000
           POSITRON  12.99999998  -0.00000000   0.00000000
    Point charges:  468.00000000   0.00000000   0.00000000
                     ____________________________
      Total Dipole:  12.99999998  -0.00000000   0.00000000  12.99999998
 
 DIPOLE: (DEBYE)
 ------
 
                           <Dx>         <Dy>         <Dz>          |D|
                 E-*************  -0.00000000   0.00000000
           POSITRON  33.04269976  -0.00000000   0.00000000
    Point charges: 1189.53719330   0.00000000   0.00000000
                     ____________________________
      Total Dipole:  33.04269976  -0.00000000   0.00000000  33.04269976
 
 QUADRUPOLE NON-TRACELESS: (DEBYE ANGS)
 ------
 
                           <xx>         <yy>         <zz>         <xy>         <xz>         <yz>
                 E-**************  -23.36330774  -23.36330774    0.00000000    0.00000000   -0.00000000
           POSITRON-1244.22571986 7601.36445845 7601.36445847   -0.00000000    0.00000000    0.00000000
    Point charges: 16366.37464826    0.00000000    0.00000000    0.00000000    0.00000000    0.00000000
  Total Quadrupole:-1267.58902454 7578.00115072 7578.00115073   -0.00000000    0.00000000    0.00000000
                     ____________________________
 
 END ELECTROSTATIC MOMENTS
 

  TOTAL CPU Time:      0.263 (s)
 TOTAL Wall Time:      0.438 (s)
  Elapsed Time:   0h  0m  0s 438ms
LOWDIN execution terminated normally at : Wed Nov 27 15:45:01 2024
-rw-rw-r-- 1 pohl pohl 704K nov 27 15:45 0E-.ints
-rw-rw-r-- 1 pohl pohl 3.5M nov 27 15:45 0E-.POSITRON.ints
-rw-rw-r-- 1 pohl pohl 2.1M nov 27 15:45 0POSITRON.ints
-rw-rw-r-- 1 pohl pohl 704K nov 27 15:45 1E-.ints
-rw-rw-r-- 1 pohl pohl 3.5M nov 27 15:45 1E-.POSITRON.ints
-rw-rw-r-- 1 pohl pohl 2.1M nov 27 15:45 1POSITRON.ints
-rw-rw-r-- 1 pohl pohl 704K nov 27 15:45 2E-.ints
-rw-rw-r-- 1 pohl pohl 3.5M nov 27 15:45 2E-.POSITRON.ints
-rw-rw-r-- 1 pohl pohl 2.1M nov 27 15:45 2POSITRON.ints
-rw-rw-r-- 1 pohl pohl 704K nov 27 15:45 3E-.ints
-rw-rw-r-- 1 pohl pohl 3.5M nov 27 15:45 3E-.POSITRON.ints
-rw-rw-r-- 1 pohl pohl 2.1M nov 27 15:45 3POSITRON.ints
-rw-rw-r-- 1 pohl pohl   12 nov 27 15:45 E-.POSITRON.nints
-rw-rw-r-- 1 pohl pohl   65 nov 27 15:45 gepol.inp
-rw-rw-r-- 1 pohl pohl   91 nov 27 15:45 gepol.xyzr
-rw-rw-r-- 1 pohl pohl  12K nov 27 15:45 lowdin.bas
-rw-rw-r-- 1 pohl pohl  16K nov 27 15:45 lowdin.dat
-rw-rw-r-- 1 pohl pohl 867K nov 27 15:45 lowdin.opints
-rw-rw-r-- 1 pohl pohl  32K nov 27 15:45 lowdin.sys
-rw-rw-r-- 1 pohl pohl 865K nov 27 15:45 lowdin.wfn
-rw-rw-r-- 1 pohl pohl  498 nov 27 15:45 usual_121
-rw-rw-r-- 1 pohl pohl 1.8K nov 27 15:45 usual_121.aux
-rw-rw-r-- 1 pohl pohl  503 nov 27 15:45 usual_121.lowdin
-rw-rw-r-- 1 pohl pohl  65K nov 27 15:45 usual_121.out
-rw-rw-r-- 1 pohl pohl  68K nov 27 15:45 usual_121.vec
