Begin job by input: usual_253.lowdin, for user:   at  mié 27 nov 2024 15:46:21 -05
under operating system Linux helios 5.19.0-46-generic #47-Ubuntu SMP PREEMPT_DYNAMIC Fri Jun 16 13:30:11 UTC 2023 x86_64 x86_64 x86_64 GNU/Linux
Compilation information
  commit: f31d3924f6ee2ce9d77f07edcc1ba27359319d14
  compilation date:  mar 17 sep 2024 16:16:17 -05

BEGIN INPUT INFO:
------------------------------------

GEOMETRY
	Ar	Dirac	0.0 0.0 0.0
	e-(Ar)	6-311++G.d.p 0.0 0.0 0.0
	E+	GRIBAKIN-10S4P2D 0.0 0.0 0.0
	Ar	Dirac	52.4 0.0 0.0
	e-(Ar)	6-311++G.d.p	52.4 0.0 0.0
	E+	GRIBAKIN-10S4P2D 52.4 0.0 0.0 addParticles=-1 
END GEOMETRY

TASKS
        method = "RHF"
END TASKS

EXTERPOTENTIAL
	E- GRIBAKIN0
	E+ AR253
END EXTERPOTENTIAL

CONTROL
	units="BOHRS"
	readCoefficients=F
	convergenceMethod=1
	overlapEigenThreshold=1E-6
	SCFGhostSpecies="POSITRON"
	HFprintEigenvalues=T
	totalEnergyTolerance = 1E-9
END CONTROL


... END INPUT INFO


 LOWDIN execution started at : Wed Nov 27 15:46:21 2024
 ---------------------------------------------------------------
 
 ***************************************************************
 *                   LOWDIN 2.0  (May/2013)                    *
 *                                                             *
 *  R. FLORES-MORENO, E. F. POSADA, F. S. MONCADA, J.ROMERO,   *
 *  J. CHARRY, M. DIAZ-TINOCO, S. A. GONZALEZ, N. F. AGUIRRE,  *
 *  A. REYES                                                   *
 *                                                             *
 *  https://sites.google.com/site/lowdinproject/               *
 *                                                             *
 ***************************************************************
 
 PARSING INPUT... DONE!
 
 LOWDIN IS RUNNING WITH NEXT PARAMETERS: 
 ----------------------------------------
 
         METHOD TYPE:  RHF
         NUMBER OF CORES:     4
         NONELECTRONIC DENSITY GUESS: HCORE
         ELECTRONIC DENSITY GUESS: HCORE
         CRITERIUM OF CONVERGENCE: ENERGY
         NONELECTRONIC ENERGY TOLERANCE IN SCFs:     0.10000E-07
         ELECTRONIC ENERGY TOLERANCE IN SCFs:     0.10000E-07
         TOTAL ENERGY TOLERANCE IN SCFs:     0.10000E-08
         SCHEME OF ITERATION: GLOBAL ITERATIONS
         SCF MAX. SUBITERATIONS - NONELECTRONS :     1
         SCF MAX. SUBITERATIONS - ELECTRONS :     1
         SCF MAX. ITERATIONS - INTERSPECIES :   200
         INTEGRAL STORAGE: DISK
         STACK SIZE FOR ERIS : 30000
         METHOD OF SCF CONVERGENCE: DAMPING
 
  MOLECULAR SYSTEM: usual_253
 -----------------
 
    DESCRIPTION   : usual_253
    CHARGE        :   2
    PUNTUAL GROUP : NONE
 
 
  INFORMATION OF PARTICLES :
 =========================
         Total number of particles   =      39
         Number of quantum particles =      37
         Number of puntual charges   =       2
         Number of quantum species   =       2
 
                 INFORMATION OF QUANTUM SPECIES 
    ----------------------------------------------------------------------
         ID      Symbol            mass     charge      omega     spin     multiplicity
    ----------------------------------------------------------------------
         1             E-         1.0000     -1.00      0.00      0.50      1.00
         2             E+         1.0000      1.00      0.00      0.50      1.00
 
                   CONSTANTS OF COUPLING 
      ------------------------------------------------------------
              Symbol      kappa        eta     lambda occupation
      ------------------------------------------------------------
                  E-      -1.00       2.00       2.00      18.00
                  E+      -1.00       1.00       1.00       1.00
 
                   BASIS SET FOR SPECIES 
      ------------------------------------------------------------
           Symbol          N. Basis     N. Particles     Basis Set
      ------------------------------------------------------------
                 E-           28               36     6-311++G.D
                 E+           32                1     GRIBAKIN-1
 
                                ATOMIC BASIS
         ------------------------------------------------------------
          PRIMITIVE   SHELL             EXPONENT         COEFFICIENT 
         ------------------------------------------------------------
 
    BEGIN DESCRIPTION OF BASIS FOR:    E-
    ==============================
 
 
            AR BASIS SET:   6-311++G.D.P
             1         S           118022.38000000          0.00074700
             2         S            17683.54100000          0.00579000
             3         S             4027.76570000          0.02991900
             4         S             1145.39770000          0.11920600
             5         S              377.16375000          0.36902800
             6         S              138.15969000          0.57645900
             1         S              138.15969000          0.14392700
             2         S               54.98911700          0.62293800
             3         S               23.17066700          0.28396400
             1         S                7.37786000          1.00000000
             1         S                2.92368800          1.00000000
             1         S                0.65040500          1.00000000
             1         S                0.23282500          1.00000000
             1         P              663.06201000          0.00308200
             2         P              157.09281000          0.02416500
             3         P               50.23110000          0.10822300
             4         P               18.63534500          0.29419200
             5         P                7.44653700          0.68786200
             1         P                7.44653700         -0.12144820
             2         P                3.09569800          0.16323700
             1         P                1.10646300          1.00000000
             1         P                0.41560100          1.00000000
             1         P                0.14544900          1.00000000
             1         S                0.06000000          1.00000000
             1         P                0.06000000          1.00000000
             1         D                0.85000000          1.00000000
 
            AR BASIS SET:   6-311++G.D.P
             1         S           118022.38000000          0.00074700
             2         S            17683.54100000          0.00579000
             3         S             4027.76570000          0.02991900
             4         S             1145.39770000          0.11920600
             5         S              377.16375000          0.36902800
             6         S              138.15969000          0.57645900
             1         S              138.15969000          0.14392700
             2         S               54.98911700          0.62293800
             3         S               23.17066700          0.28396400
             1         S                7.37786000          1.00000000
             1         S                2.92368800          1.00000000
             1         S                0.65040500          1.00000000
             1         S                0.23282500          1.00000000
             1         P              663.06201000          0.00308200
             2         P              157.09281000          0.02416500
             3         P               50.23110000          0.10822300
             4         P               18.63534500          0.29419200
             5         P                7.44653700          0.68786200
             1         P                7.44653700         -0.12144820
             2         P                3.09569800          0.16323700
             1         P                1.10646300          1.00000000
             1         P                0.41560100          1.00000000
             1         P                0.14544900          1.00000000
             1         S                0.06000000          1.00000000
             1         P                0.06000000          1.00000000
             1         D                0.85000000          1.00000000
    ... END DESCRIPTION OF BASIS
 
 
    BEGIN DESCRIPTION OF BASIS FOR:    E+
    ==============================
 
 
            E+ BASIS SET:GRIBAKIN-10S4P2
             1         S                0.00010000          1.00000000
             1         S                0.00030000          1.00000000
             1         S                0.00090000          1.00000000
             1         S                0.00270000          1.00000000
             1         S                0.00810000          1.00000000
             1         S                0.02430000          1.00000000
             1         S                0.07290000          1.00000000
             1         S                0.21870000          1.00000000
             1         S                0.65610000          1.00000000
             1         S                1.96830000          1.00000000
             1         P                0.00010000          1.00000000
             1         P                0.00030000          1.00000000
             1         P                0.00090000          1.00000000
             1         P                0.00270000          1.00000000
             1         D                0.00010000          1.00000000
             1         D                0.00030000          1.00000000
 
            E+ BASIS SET:GRIBAKIN-10S4P2
             1         S                0.00010000          1.00000000
             1         S                0.00030000          1.00000000
             1         S                0.00090000          1.00000000
             1         S                0.00270000          1.00000000
             1         S                0.00810000          1.00000000
             1         S                0.02430000          1.00000000
             1         S                0.07290000          1.00000000
             1         S                0.21870000          1.00000000
             1         S                0.65610000          1.00000000
             1         S                1.96830000          1.00000000
             1         P                0.00010000          1.00000000
             1         P                0.00030000          1.00000000
             1         P                0.00090000          1.00000000
             1         P                0.00270000          1.00000000
             1         D                0.00010000          1.00000000
             1         D                0.00030000          1.00000000
    ... END DESCRIPTION OF BASIS
 
 
  END INFORMATION OF PARTICLES
 
 
  INFORMATION OF THE QUANTUM SYSTEM 
     ---------------------------------------------------------------------
                 ID     Occupied Orbitals     Basis size
     ---------------------------------------------------------------------
                 E-           18               62
                 E+            1               68
 
  END INFORMATION OF QUANTUM SYSTEM
 
 
  INFORMATION OF EXTERNAL POTENTIALS 
 
 =======
 External Potential for E- : GRIBAKIN0
 Type : 
                     Exponent         l       R_x       R_y       R_z              Factor
                 0.0010000000         0   0.00000   0.00000   0.00000        0.0000000000
 
 =======
 External Potential for E+ : AR253
 Type : 
                     Exponent         l       R_x       R_y       R_z              Factor
                 0.0010000000         0   0.00000   0.00000   0.00000        0.0000779688
                 0.0020000000         0   0.00000   0.00000   0.00000       -0.0004786853
                 0.0040000000         0   0.00000   0.00000   0.00000        0.0013189164
                 0.0080000000         0   0.00000   0.00000   0.00000       -0.0033441280
                 0.0160000000         0   0.00000   0.00000   0.00000        0.0050907505
                 0.0320000000         0   0.00000   0.00000   0.00000       -0.0151949101
                 0.0640000000         0   0.00000   0.00000   0.00000        0.0049422575
                 0.1280000000         0   0.00000   0.00000   0.00000       -0.1024675180
                 0.2560000000         0   0.00000   0.00000   0.00000       -0.1709080790
                 0.5120000000         0   0.00000   0.00000   0.00000       -1.1786523000
                 1.0000000000         0   0.00000   0.00000   0.00000       -3.9901484000
                 2.0000000000         0   0.00000   0.00000   0.00000      129.9336270000
                 3.0000000000         0   0.00000   0.00000   0.00000    -1317.9950900000
                 4.0000000000         0   0.00000   0.00000   0.00000     7976.3295300000
                 5.0000000000         0   0.00000   0.00000   0.00000   -30887.5711000000
                 6.0000000000         0   0.00000   0.00000   0.00000    78131.7910000000
                 7.0000000000         0   0.00000   0.00000   0.00000  -128444.4630000000
                 8.0000000000         0   0.00000   0.00000   0.00000   132337.9190000000
                 9.0000000000         0   0.00000   0.00000   0.00000   -77735.4212000000
                10.0000000000         0   0.00000   0.00000   0.00000    19907.5941000000
                20.0000000000         0   0.00000   0.00000   0.00000     -135.7052840000
                30.0000000000         0   0.00000   0.00000   0.00000       72.5910786000
                40.0000000000         0   0.00000   0.00000   0.00000      -41.7155821000
                50.0000000000         0   0.00000   0.00000   0.00000       12.4077673000
               100.0000000000         0   0.00000   0.00000   0.00000       -0.2471957670
                 0.0010000000         0  52.40000   0.00000   0.00000        0.0000779688
                 0.0020000000         0  52.40000   0.00000   0.00000       -0.0004786853
                 0.0040000000         0  52.40000   0.00000   0.00000        0.0013189164
                 0.0080000000         0  52.40000   0.00000   0.00000       -0.0033441280
                 0.0160000000         0  52.40000   0.00000   0.00000        0.0050907505
                 0.0320000000         0  52.40000   0.00000   0.00000       -0.0151949101
                 0.0640000000         0  52.40000   0.00000   0.00000        0.0049422575
                 0.1280000000         0  52.40000   0.00000   0.00000       -0.1024675180
                 0.2560000000         0  52.40000   0.00000   0.00000       -0.1709080790
                 0.5120000000         0  52.40000   0.00000   0.00000       -1.1786523000
                 1.0000000000         0  52.40000   0.00000   0.00000       -3.9901484000
                 2.0000000000         0  52.40000   0.00000   0.00000      129.9336270000
                 3.0000000000         0  52.40000   0.00000   0.00000    -1317.9950900000
                 4.0000000000         0  52.40000   0.00000   0.00000     7976.3295300000
                 5.0000000000         0  52.40000   0.00000   0.00000   -30887.5711000000
                 6.0000000000         0  52.40000   0.00000   0.00000    78131.7910000000
                 7.0000000000         0  52.40000   0.00000   0.00000  -128444.4630000000
                 8.0000000000         0  52.40000   0.00000   0.00000   132337.9190000000
                 9.0000000000         0  52.40000   0.00000   0.00000   -77735.4212000000
                10.0000000000         0  52.40000   0.00000   0.00000    19907.5941000000
                20.0000000000         0  52.40000   0.00000   0.00000     -135.7052840000
                30.0000000000         0  52.40000   0.00000   0.00000       72.5910786000
                40.0000000000         0  52.40000   0.00000   0.00000      -41.7155821000
                50.0000000000         0  52.40000   0.00000   0.00000       12.4077673000
               100.0000000000         0  52.40000   0.00000   0.00000       -0.2471957670
 
  END INFORMATION OF EXTERNAL POTENTIALS
 
                       INITIAL GEOMETRY: AMSTRONG
                 -----------------------------------
                       <x>                 <y>                 <z>
      E-AR        0.0000000000        0.0000000000        0.0000000000
      E-AR       27.7288878602        0.0000000000        0.0000000000
        E+        0.0000000000        0.0000000000        0.0000000000
        E+       27.7288878602        0.0000000000        0.0000000000
        AR        0.0000000000        0.0000000000        0.0000000000
        AR       27.7288878602        0.0000000000        0.0000000000
 
                     MATRIX OF DISTANCE: ANGSTROM
                 -----------------------------------
                          AR(1)          AR(2)     
 
        AR(1)            0.000000      27.728888
        AR(2)           27.728888       0.000000
 
--------------------------------------------------------------------------------
** PROGRAM: SCF (Hartree Fock).     Author: S.A. Gonzalez, E. Posada, F. Moncada
--------------------------------------------------------------------------------
INFO: RUNNING IN RHF MODE.
 
----------------------------------------------------------------------
** PROGRAM INTS                          Author: E. F. Posada, 2013   
----------------------------------------------------------------------
INFO: RUNNING IN ONE_PARTICLE MODE.
 
 Number of Overlap integrals for species E-:   3844
 Number of Overlap integrals for species POSITRON:   4624
 Number of Kinetic integrals for species E-:   3844
 Number of Kinetic integrals for species POSITRON:   4624
 Number of Nuclear integrals for species E-:   3844
 Number of Nuclear integrals for species POSITRON:   4624
 Number of Moment integrals for species E-:  11532
 Number of Moment integrals for species POSITRON:  13872
 Number of 3C Overlap integrals for species E-:   3844
 Number of 3C Overlap integrals for species POSITRON:   4624
 
** TOTAL CPU Time INTS :      0.407 (s)
** TOTAL Elapsed Time INTS :      0.166 (s)
 
Removed     1 orbitals for species POSITRON with overlap eigen threshold of 1.000E-06
       Usign  HCORE density guess for species:         E-
     number of         E-     particles in guess density matrix:    36.000000
       Usign  HCORE density guess for species:   POSITRON
     number of   POSITRON     particles in guess density matrix:     0.000000
 Warning!, density matrix with deviation from number of particles    1.000000
 Number of unique integrals for species: 1 = 94827
 Number of unique integrals for species: 2 = 272369
 Number of unique integrals for species: 1 / 2 = 543250 Screened: 96544
 
 TWO-BODY INTEGRAL SETUP: 
------------------------- 
 Storage:   DISK
 Scheme: LIBINT
 Stack size:  30000
 
 LIBINT library, Fermann, J. T.; Valeev, F. L. 2010                   
 LOWDIN-LIBINT Implementation V. 2.1  Posada E. F. ; Reyes A. 2016   
 ----------------------------------------------------------------------

*** TOTAL CPU time intra-species integrals :      0.456 (s)
*** TOTAL elapsed time intra-species integrals :      0.069 (s)


*** TOTAL CPU time inter-species integrals :      0.639 (s)
*** TOTAL elapsed time inter-species integrals :      0.123 (s)

INFO: RUNNING SCHEME SIMULTANEOUS
 
 Begin Multi-Species SCF calculation:
 
 --------------------------------------------------------------------------------------------------
      Iteration                   Energy            Energy Change           Density Change
 --------------------------------------------------------------------------------------------------
              1        -996.367784039538         996.367784039538           0.304259581690
              2       -1028.102062476074          31.734278436536           0.186086701556
              3       -1053.292344723402          25.190282247328           0.017457094800
              4       -1053.567536029942           0.275191306540           0.006040813194
              5       -1053.590270470535           0.022734440593           0.002552925998
              6       -1053.600587872866           0.010317402331           0.002017012553
              7       -1053.607560737577           0.006972864711           0.054299150446
              8       -1053.613887826633           0.006327089056           0.065119100414
              9       -1053.614041231430           0.000153404798           0.000007520243
             10       -1053.614041240460           0.000000009030           0.000003030120
             11       -1053.614041240814           0.000000000354           0.000000491002
 Total energy converged after  11 global iterations                                                  
 
 ...end Multi-Species SCF calculation
 
 
 Begin SCF calculation by: E-
 -------------------------
 
 -----------------------------------------------------------------------------------
 Iteration                   Energy           Density Change         DIIS Error 
 -----------------------------------------------------------------------------------
    1       -1119.704343223241           0.184396969507                 -- 
    2       -1065.963974357329           0.015937643227                 -- 
    3       -1058.063217664902           0.004632160856                 -- 
    4       -1060.262970746194           0.001106765553                 -- 
    5       -1059.707582087818           0.000269723304                 -- 
    6       -1059.821641331896           0.000057643019                 -- 
    7       -1059.792547422993           0.000015001565                 -- 
    8       -1059.798660727452           0.000003165783                 -- 
    9       -1059.796999512403           0.000000982266                 -- 
   10       -1059.797400824002           0.000000207338                 -- 
 
 ... end SCF calculation
 
 Begin SCF calculation by: POSITRON
 -------------------------
 
 -----------------------------------------------------------------------------------
 Iteration                   Energy           Density Change         DIIS Error 
 -----------------------------------------------------------------------------------
    1           0.439896286184           0.001689732049                 -- 
    2           0.000857005385           0.001519451573                 -- 
    3          -0.007384414902           0.001408652339                 -- 
    4          -0.005154047663           0.001446160445                 -- 
    5          -0.003770256968           0.001747289249                 -- 
    6          -0.000208579642           0.054241507427                 -- 
    7           0.000046156876           0.065104098848                 -- 
    8           0.000046165312           0.000004354460                 -- 
    9           0.000046161522           0.000002047854                 -- 
   10           0.000046162076           0.000000283665                 -- 
 
 ... end SCF calculation
 
  EIGENVALUES AND EIGENVECTORS: 
 ==============================
 
 
  Eigenvalues for: E-
 -----------------
 
    1        -118.610400734204
    2        -118.610400734204
    3         -12.322679415597
    4         -12.322679415597
    5          -9.572523431277
    6          -9.572523431277
    7          -9.572523431276
    8          -9.572523431276
    9          -9.572523431276
   10          -9.572523431276
   11          -1.277376695990
   12          -1.277376695990
   13          -0.591387368513
   14          -0.591387368513
   15          -0.591387368480
   16          -0.591387368480
   17          -0.591387368480
   18          -0.591387368480
   19           0.134700335300
   20           0.134700335300
   21           0.152409819162
   22           0.152409819162
   23           0.152409819169
   24           0.152409819169
   25           0.152409819169
   26           0.152409819169
   27           0.709217792454
   28           0.709217792454
   29           0.709217792468
   30           0.709217792468
   31           0.709217792468
   32           0.709217792468
   33           1.072837472388
   34           1.072837472388
   35           1.214864598097
   36           1.214864598097
   37           1.214864598097
   38           1.214864598097
   39           1.214864598098
   40           1.214864598098
   41           1.214864598098
   42           1.214864598098
   43           1.214864598099
   44           1.214864598099
   45           2.743211191654
   46           2.743211191654
   47           2.743211191659
   48           2.743211191659
   49           2.743211191659
   50           2.743211191660
   51           4.434781473038
   52           4.434781473039
   53          14.030004222891
   54          14.030004222891
   55          14.030004222891
   56          14.030004222892
   57          14.030004222905
   58          14.030004222905
   59          16.732879561178
   60          16.732879561178
   61         254.593005211771
   62         254.593005211773
 
 
  Eigenvalues for: POSITRON
 -----------------
 
    1           0.000065131776
    2           0.000131857761
    3           0.000207656961
    4           0.000207656961
    5           0.000254096172
    6           0.000279518459
    7           0.000279518459
    8           0.000281790017
    9           0.000323565184
   10           0.000323565184
   11           0.000405191872
   12           0.000411477312
   13           0.000424635189
   14           0.000424635189
   15           0.000435294382
   16           0.000435294382
   17           0.000562436973
   18           0.000562436974
   19           0.000581585652
   20           0.000720644135
   21           0.000893439226
   22           0.000893439226
   23           0.000908768694
   24           0.001128150773
   25           0.001128150773
   26           0.001143886198
   27           0.001224489054
   28           0.001224489054
   29           0.001236239711
   30           0.001480458317
   31           0.001480458317
   32           0.001483307190
   33           0.001483307190
   34           0.001540546666
   35           0.001764484911
   36           0.001773126752
   37           0.001773126753
   38           0.001824060134
   39           0.002257846753
   40           0.002945647946
   41           0.002945647946
   42           0.003243110313
   43           0.003465638892
   44           0.003536556525
   45           0.003536556526
   46           0.003617135262
   47           0.004610736769
   48           0.007916753811
   49           0.007962616900
   50           0.009796797461
   51           0.009796797461
   52           0.009940077358
   53           0.009940077358
   54           0.010244388587
   55           0.010664205653
   56           0.021251803790
   57           0.021397356098
   58           0.064606323977
   59           0.064695568343
   60           0.217734093522
   61           0.217785391074
   62           0.859412591553
   63           0.859423628460
   64           4.193453462592
   65           4.193459672926
   66          24.144056887575
   67          24.144071668491
   68     1000000.000000000000
 
  end of eigenvalues 
 
  Occupied Eigenvectors for: E-
 --------------------------- 
 
                        -118.6104      -118.6104       -12.3227       -12.3227        -9.5725   
 
    1     AR     S      -0.002699      -0.410472      -0.123094       0.000140      -0.000000
    2     AR     S      -0.004308      -0.655153      -0.335858       0.000382      -0.000000
    3     AR     S      -0.000082      -0.012405       0.533674      -0.000607       0.000000
    4     AR     S       0.000012       0.001895       0.578623      -0.000658       0.000000
    5     AR     S      -0.000007      -0.001139       0.055908      -0.000064      -0.000000
    6     AR     S      -0.000001      -0.000094      -0.005713       0.000006      -0.000000
    7     AR    Px      -0.000000      -0.000000      -0.000000       0.000000       0.972727
    8     AR    Py       0.000000       0.000000      -0.000000      -0.000000       0.023015
    9     AR    Pz      -0.000000       0.000000       0.000000       0.000000       0.012747
   10     AR    Px      -0.000000      -0.000000      -0.000000       0.000000       0.187088
   11     AR    Py       0.000000       0.000000      -0.000000      -0.000000       0.004427
   12     AR    Pz      -0.000000       0.000000       0.000000       0.000000       0.002452
   13     AR    Px       0.000000       0.000000       0.000000      -0.000000       0.042002
   14     AR    Py      -0.000000      -0.000000       0.000000       0.000000       0.000994
   15     AR    Pz       0.000000      -0.000000      -0.000000      -0.000000       0.000550
   16     AR    Px      -0.000000      -0.000000      -0.000000       0.000000      -0.004089
   17     AR    Py       0.000000       0.000000      -0.000000      -0.000000      -0.000097
   18     AR    Pz      -0.000000       0.000000      -0.000000       0.000000      -0.000054
   19     AR    Px       0.000000       0.000000       0.000000      -0.000000       0.001964
   20     AR    Py      -0.000000      -0.000000      -0.000000      -0.000000       0.000046
   21     AR    Pz       0.000000       0.000000       0.000000      -0.000000       0.000026
   22     AR     S       0.000000       0.000023       0.001294      -0.000001       0.000000
   23     AR    Px      -0.000000      -0.000000      -0.000000       0.000000      -0.000693
   24     AR    Py       0.000000       0.000000       0.000000       0.000000      -0.000016
   25     AR    Pz      -0.000000      -0.000000      -0.000000       0.000000      -0.000009
   26     AR   Dxx       0.000002       0.000356      -0.006078       0.000007      -0.000000
   27     AR   Dxy       0.000000       0.000000      -0.000000       0.000000      -0.000000
   28     AR   Dxz       0.000000       0.000000      -0.000000       0.000000      -0.000000
   29     AR   Dyy       0.000002       0.000356      -0.006078       0.000007       0.000000
   30     AR   Dyz      -0.000000      -0.000000       0.000000      -0.000000       0.000000
   31     AR   Dzz       0.000002       0.000356      -0.006078       0.000007       0.000000
   32     AR     S      -0.410472       0.002699       0.000140       0.123094       0.000000
   33     AR     S      -0.655153       0.004308       0.000382       0.335858       0.000000
   34     AR     S      -0.012405       0.000082      -0.000607      -0.533674      -0.000000
   35     AR     S       0.001895      -0.000012      -0.000658      -0.578623      -0.000000
   36     AR     S      -0.001139       0.000007      -0.000064      -0.055908       0.000000
   37     AR     S      -0.000094       0.000001       0.000006       0.005713       0.000000
   38     AR    Px       0.000000      -0.000000      -0.000000      -0.000000       0.000926
   39     AR    Py      -0.000000      -0.000000      -0.000000       0.000000       0.001709
   40     AR    Pz       0.000000      -0.000000      -0.000000       0.000000       0.004643
   41     AR    Px       0.000000      -0.000000      -0.000000      -0.000000       0.000178
   42     AR    Py      -0.000000      -0.000000      -0.000000       0.000000       0.000329
   43     AR    Pz       0.000000      -0.000000       0.000000      -0.000000       0.000893
   44     AR    Px      -0.000000       0.000000       0.000000       0.000000       0.000040
   45     AR    Py       0.000000       0.000000       0.000000      -0.000000       0.000074
   46     AR    Pz      -0.000000       0.000000      -0.000000      -0.000000       0.000200
   47     AR    Px       0.000000      -0.000000      -0.000000      -0.000000      -0.000004
   48     AR    Py      -0.000000      -0.000000      -0.000000       0.000000      -0.000007
   49     AR    Pz       0.000000      -0.000000       0.000000       0.000000      -0.000020
   50     AR    Px      -0.000000       0.000000       0.000000       0.000000       0.000002
   51     AR    Py       0.000000       0.000000       0.000000       0.000000       0.000003
   52     AR    Pz      -0.000000       0.000000      -0.000000       0.000000       0.000009
   53     AR     S       0.000023      -0.000000      -0.000001      -0.001294      -0.000000
   54     AR    Px       0.000000      -0.000000      -0.000000      -0.000000      -0.000001
   55     AR    Py      -0.000000      -0.000000      -0.000000      -0.000000      -0.000001
   56     AR    Pz       0.000000      -0.000000       0.000000      -0.000000      -0.000003
   57     AR   Dxx       0.000356      -0.000002       0.000007       0.006078       0.000000
   58     AR   Dxy       0.000000       0.000000      -0.000000       0.000000       0.000000
   59     AR   Dxz       0.000000      -0.000000       0.000000       0.000000       0.000000
   60     AR   Dyy       0.000356      -0.000002       0.000007       0.006078      -0.000000
   61     AR   Dyz      -0.000000       0.000000       0.000000       0.000000       0.000000
   62     AR   Dzz       0.000356      -0.000002       0.000007       0.006078      -0.000000
 
                          -9.5725        -9.5725        -9.5725        -9.5725        -9.5725   
 
    1     AR     S      -0.000000       0.000000      -0.000000      -0.000000       0.000000
    2     AR     S      -0.000000       0.000000      -0.000000      -0.000000       0.000000
    3     AR     S       0.000000      -0.000000       0.000000       0.000000      -0.000000
    4     AR     S       0.000000      -0.000000       0.000000       0.000000      -0.000000
    5     AR     S      -0.000000       0.000000      -0.000000      -0.000000       0.000000
    6     AR     S      -0.000000       0.000000      -0.000000      -0.000000       0.000000
    7     AR    Px       0.000917      -0.025466       0.005847       0.002406      -0.005312
    8     AR    Py       0.000089       0.935180       0.266595      -0.023554       0.014070
    9     AR    Pz       0.001820       0.264583      -0.934691      -0.054155       0.012894
   10     AR    Px       0.000176      -0.004898       0.001125       0.000463      -0.001022
   11     AR    Py       0.000017       0.179866       0.051275      -0.004530       0.002706
   12     AR    Pz       0.000350       0.050888      -0.179772      -0.010416       0.002480
   13     AR    Px       0.000040      -0.001100       0.000252       0.000104      -0.000229
   14     AR    Py       0.000004       0.040381       0.011512      -0.001017       0.000608
   15     AR    Pz       0.000079       0.011425      -0.040360      -0.002338       0.000557
   16     AR    Px      -0.000004       0.000107      -0.000025      -0.000010       0.000022
   17     AR    Py      -0.000000      -0.003931      -0.001121       0.000099      -0.000059
   18     AR    Pz      -0.000008      -0.001112       0.003929       0.000228      -0.000054
   19     AR    Px       0.000002      -0.000051       0.000012       0.000005      -0.000011
   20     AR    Py       0.000000       0.001888       0.000538      -0.000048       0.000028
   21     AR    Pz       0.000004       0.000534      -0.001887      -0.000109       0.000026
   22     AR     S       0.000000      -0.000000       0.000000       0.000000      -0.000000
   23     AR    Px      -0.000001       0.000018      -0.000004      -0.000002       0.000004
   24     AR    Py      -0.000000      -0.000666      -0.000190       0.000017      -0.000010
   25     AR    Pz      -0.000001      -0.000188       0.000666       0.000039      -0.000009
   26     AR   Dxx      -0.000000       0.000000      -0.000000      -0.000000       0.000000
   27     AR   Dxy      -0.000000      -0.000000      -0.000000       0.000000      -0.000000
   28     AR   Dxz      -0.000000      -0.000000       0.000000       0.000000      -0.000000
   29     AR   Dyy       0.000000      -0.000000       0.000000       0.000000      -0.000000
   30     AR   Dyz      -0.000000       0.000000       0.000000      -0.000000       0.000000
   31     AR   Dzz       0.000000      -0.000000       0.000000       0.000000      -0.000000
   32     AR     S      -0.000000       0.000000      -0.000000       0.000000      -0.000000
   33     AR     S      -0.000000       0.000000      -0.000000       0.000000      -0.000000
   34     AR     S       0.000000      -0.000000       0.000000      -0.000000       0.000000
   35     AR     S       0.000000      -0.000000       0.000000      -0.000000       0.000000
   36     AR     S      -0.000000       0.000000      -0.000000       0.000000      -0.000000
   37     AR     S      -0.000000       0.000000      -0.000000       0.000000      -0.000000
   38     AR    Px      -0.973087       0.000697      -0.001855       0.002286      -0.002740
   39     AR    Py      -0.002704      -0.039277       0.046361      -0.964358       0.115013
   40     AR    Pz      -0.002459      -0.012613       0.003100       0.115895       0.966068
   41     AR    Px      -0.187157       0.000134      -0.000357       0.000440      -0.000527
   42     AR    Py      -0.000520      -0.007554       0.008917      -0.185478       0.022121
   43     AR    Pz      -0.000473      -0.002426       0.000596       0.022291       0.185807
   44     AR    Px      -0.042018       0.000030      -0.000080       0.000099      -0.000118
   45     AR    Py      -0.000117      -0.001696       0.002002      -0.041641       0.004966
   46     AR    Pz      -0.000106      -0.000545       0.000134       0.005004       0.041715
   47     AR    Px       0.004090      -0.000003       0.000008      -0.000010       0.000012
   48     AR    Py       0.000011       0.000165      -0.000195       0.004054      -0.000483
   49     AR    Pz       0.000010       0.000053      -0.000013      -0.000487      -0.004061
   50     AR    Px      -0.001965       0.000001      -0.000004       0.000005      -0.000006
   51     AR    Py      -0.000005      -0.000079       0.000094      -0.001947       0.000232
   52     AR    Pz      -0.000005      -0.000025       0.000006       0.000234       0.001951
   53     AR     S       0.000000      -0.000000       0.000000      -0.000000       0.000000
   54     AR    Px       0.000693      -0.000000       0.000001      -0.000002       0.000002
   55     AR    Py       0.000002       0.000028      -0.000033       0.000687      -0.000082
   56     AR    Pz       0.000002       0.000009      -0.000002      -0.000083      -0.000688
   57     AR   Dxx      -0.000000       0.000000      -0.000000       0.000000      -0.000000
   58     AR   Dxy      -0.000000      -0.000000       0.000000      -0.000000       0.000000
   59     AR   Dxz      -0.000000      -0.000000       0.000000       0.000000       0.000000
   60     AR   Dyy       0.000000      -0.000000       0.000000      -0.000000       0.000000
   61     AR   Dyz       0.000000      -0.000000       0.000000       0.000000       0.000000
   62     AR   Dzz       0.000000      -0.000000       0.000000      -0.000000       0.000000
 
                          -1.2774        -1.2774        -0.5914        -0.5914        -0.5914   
 
    1     AR     S      -0.038529      -0.000323       0.000000       0.000000      -0.000000
    2     AR     S      -0.112679      -0.000944       0.000000       0.000000      -0.000000
    3     AR     S       0.237165       0.001987      -0.000000      -0.000000       0.000000
    4     AR     S       0.417213       0.003495      -0.000000      -0.000000       0.000000
    5     AR     S      -0.660637      -0.005534       0.000000       0.000000      -0.000000
    6     AR     S      -0.551475      -0.004619       0.000000       0.000000      -0.000000
    7     AR    Px       0.000000       0.000000      -0.284748      -0.000127       0.000007
    8     AR    Py      -0.000000      -0.000000       0.000004       0.000000       0.068265
    9     AR    Pz       0.000000       0.000000       0.000006       0.000000       0.276433
   10     AR    Px       0.000000       0.000000      -0.040697      -0.000018       0.000001
   11     AR    Py      -0.000000      -0.000000       0.000001       0.000000       0.009757
   12     AR    Pz      -0.000000       0.000000       0.000001       0.000000       0.039508
   13     AR    Px      -0.000000      -0.000000       0.321456       0.000143      -0.000007
   14     AR    Py       0.000000       0.000000      -0.000005      -0.000000      -0.077065
   15     AR    Pz       0.000000      -0.000000      -0.000006      -0.000000      -0.312068
   16     AR    Px      -0.000000      -0.000000       0.555679       0.000247      -0.000013
   17     AR    Py      -0.000000      -0.000000      -0.000009      -0.000000      -0.133218
   18     AR    Pz       0.000000       0.000000      -0.000011      -0.000000      -0.539452
   19     AR    Px       0.000000       0.000000       0.282129       0.000125      -0.000006
   20     AR    Py       0.000000       0.000000      -0.000004      -0.000000      -0.067637
   21     AR    Pz      -0.000000      -0.000000      -0.000005      -0.000000      -0.273890
   22     AR     S      -0.012079      -0.000101      -0.000000      -0.000000       0.000000
   23     AR    Px       0.000000       0.000000       0.008448       0.000004      -0.000000
   24     AR    Py      -0.000000      -0.000000      -0.000000      -0.000000      -0.002025
   25     AR    Pz       0.000000       0.000000      -0.000000      -0.000000      -0.008202
   26     AR   Dxx       0.001780       0.000015      -0.000000      -0.000000       0.000000
   27     AR   Dxy       0.000000       0.000000       0.000000      -0.000000       0.000000
   28     AR   Dxz       0.000000       0.000000       0.000000       0.000000       0.000000
   29     AR   Dyy       0.001780       0.000015       0.000000       0.000000      -0.000000
   30     AR   Dyz      -0.000000      -0.000000      -0.000000       0.000000      -0.000000
   31     AR   Dzz       0.001780       0.000015       0.000000       0.000000      -0.000000
   32     AR     S       0.000323      -0.038529       0.000000      -0.000000       0.000000
   33     AR     S       0.000944      -0.112679       0.000000      -0.000000       0.000000
   34     AR     S      -0.001987       0.237165      -0.000000       0.000000      -0.000000
   35     AR     S      -0.003495       0.417213      -0.000000       0.000000      -0.000000
   36     AR     S       0.005534      -0.660637       0.000000      -0.000000       0.000000
   37     AR     S       0.004619      -0.551475       0.000000      -0.000000       0.000000
   38     AR    Px       0.000000      -0.000000       0.000127      -0.284748       0.000000
   39     AR    Py      -0.000000      -0.000000       0.000028       0.000007       0.002199
   40     AR    Pz      -0.000000      -0.000000       0.000023       0.000005      -0.001233
   41     AR    Px       0.000000      -0.000000       0.000018      -0.040697       0.000000
   42     AR    Py       0.000000       0.000000       0.000004       0.000001       0.000314
   43     AR    Pz      -0.000000       0.000000       0.000003       0.000001      -0.000176
   44     AR    Px      -0.000000       0.000000      -0.000143       0.321456      -0.000000
   45     AR    Py       0.000000      -0.000000      -0.000032      -0.000007      -0.002483
   46     AR    Pz       0.000000      -0.000000      -0.000026      -0.000005       0.001392
   47     AR    Px      -0.000000       0.000000      -0.000247       0.555679      -0.000000
   48     AR    Py       0.000000       0.000000      -0.000055      -0.000013      -0.004292
   49     AR    Pz      -0.000000      -0.000000      -0.000044      -0.000009       0.002407
   50     AR    Px       0.000000      -0.000000      -0.000125       0.282129      -0.000000
   51     AR    Py       0.000000      -0.000000      -0.000028      -0.000006      -0.002179
   52     AR    Pz       0.000000       0.000000      -0.000023      -0.000005       0.001222
   53     AR     S       0.000101      -0.012079      -0.000000       0.000000      -0.000000
   54     AR    Px       0.000000      -0.000000      -0.000004       0.008448      -0.000000
   55     AR    Py      -0.000000       0.000000      -0.000001      -0.000000      -0.000065
   56     AR    Pz      -0.000000      -0.000000      -0.000001      -0.000000       0.000037
   57     AR   Dxx      -0.000015       0.001780      -0.000000       0.000000       0.000000
   58     AR   Dxy      -0.000000       0.000000      -0.000000      -0.000000      -0.000000
   59     AR   Dxz      -0.000000      -0.000000      -0.000000      -0.000000       0.000000
   60     AR   Dyy      -0.000015       0.001780       0.000000      -0.000000       0.000000
   61     AR   Dyz       0.000000       0.000000      -0.000000      -0.000000      -0.000000
   62     AR   Dzz      -0.000015       0.001780       0.000000      -0.000000       0.000000
 
                          -0.5914        -0.5914        -0.5914   
 
    1     AR     S      -0.000000      -0.000000      -0.000000
    2     AR     S      -0.000000      -0.000000      -0.000000
    3     AR     S       0.000000       0.000000       0.000000
    4     AR     S       0.000000       0.000000       0.000000
    5     AR     S      -0.000000      -0.000000      -0.000000
    6     AR     S      -0.000000      -0.000000      -0.000000
    7     AR    Px       0.000003       0.000026       0.000025
    8     AR    Py       0.276371       0.003602      -0.005228
    9     AR    Pz      -0.068303       0.000098      -0.001111
   10     AR    Px       0.000000       0.000004       0.000004
   11     AR    Py       0.039499       0.000515      -0.000747
   12     AR    Pz      -0.009762       0.000014      -0.000159
   13     AR    Px      -0.000004      -0.000029      -0.000028
   14     AR    Py      -0.311999      -0.004066       0.005902
   15     AR    Pz       0.077108      -0.000111       0.001254
   16     AR    Px      -0.000006      -0.000051      -0.000049
   17     AR    Py      -0.539332      -0.007029       0.010202
   18     AR    Pz       0.133291      -0.000192       0.002168
   19     AR    Px      -0.000003      -0.000026      -0.000025
   20     AR    Py      -0.273830      -0.003569       0.005180
   21     AR    Pz       0.067674      -0.000097       0.001101
   22     AR     S       0.000000       0.000000       0.000000
   23     AR    Px      -0.000000      -0.000001      -0.000001
   24     AR    Py      -0.008200      -0.000107       0.000155
   25     AR    Pz       0.002027      -0.000003       0.000033
   26     AR   Dxx       0.000000       0.000000       0.000000
   27     AR   Dxy       0.000000       0.000000      -0.000000
   28     AR   Dxz      -0.000000       0.000000      -0.000000
   29     AR   Dyy      -0.000000      -0.000000      -0.000000
   30     AR   Dyz      -0.000000      -0.000000       0.000000
   31     AR   Dzz      -0.000000      -0.000000      -0.000000
   32     AR     S       0.000000       0.000000       0.000000
   33     AR     S       0.000000       0.000000       0.000000
   34     AR     S      -0.000000      -0.000000      -0.000000
   35     AR     S      -0.000000      -0.000000      -0.000000
   36     AR     S       0.000000       0.000000       0.000000
   37     AR     S       0.000000       0.000000       0.000000
   38     AR    Px       0.000000       0.000005       0.000006
   39     AR    Py       0.004355       0.034353       0.282626
   40     AR    Pz      -0.004028       0.282645      -0.034284
   41     AR    Px       0.000000       0.000001       0.000001
   42     AR    Py       0.000622       0.004910       0.040393
   43     AR    Pz      -0.000576       0.040396      -0.004900
   44     AR    Px      -0.000000      -0.000006      -0.000007
   45     AR    Py      -0.004916      -0.038782      -0.319060
   46     AR    Pz       0.004547      -0.319082       0.038704
   47     AR    Px      -0.000000      -0.000011      -0.000012
   48     AR    Py      -0.008499      -0.067039      -0.551538
   49     AR    Pz       0.007860      -0.551576       0.066904
   50     AR    Px      -0.000000      -0.000005      -0.000006
   51     AR    Py      -0.004315      -0.034037      -0.280027
   52     AR    Pz       0.003990      -0.280046       0.033969
   53     AR     S      -0.000000      -0.000000      -0.000000
   54     AR    Px      -0.000000      -0.000000      -0.000000
   55     AR    Py      -0.000129      -0.001019      -0.008385
   56     AR    Pz       0.000119      -0.008386       0.001017
   57     AR   Dxx      -0.000000      -0.000000       0.000000
   58     AR   Dxy      -0.000000      -0.000000      -0.000000
   59     AR   Dxz       0.000000      -0.000000       0.000000
   60     AR   Dyy       0.000000       0.000000       0.000000
   61     AR   Dyz      -0.000000      -0.000000      -0.000000
   62     AR   Dzz       0.000000       0.000000       0.000000
 
 
  Occupied Eigenvectors for: POSITRON
 --------------------------- 
 
                           0.0001   
 
    1     E+     S       1.517038
    2     E+     S      -0.409806
    3     E+     S      -0.129729
    4     E+     S       0.016192
    5     E+     S      -0.009439
    6     E+     S      -0.000285
    7     E+     S      -0.001336
    8     E+     S       0.001128
    9     E+     S       0.001038
   10     E+     S      -0.000129
   11     E+    Px      -0.684227
   12     E+    Py       0.000000
   13     E+    Pz       0.000000
   14     E+    Px       0.040500
   15     E+    Py       0.000000
   16     E+    Pz      -0.000000
   17     E+    Px      -0.009995
   18     E+    Py      -0.000000
   19     E+    Pz      -0.000000
   20     E+    Px       0.001411
   21     E+    Py       0.000000
   22     E+    Pz       0.000000
   23     E+   Dxx      -0.772505
   24     E+   Dxy       0.000000
   25     E+   Dxz       0.000000
   26     E+   Dyy      -0.413452
   27     E+   Dyz      -0.000000
   28     E+   Dzz      -0.413452
   29     E+   Dxx      -0.206307
   30     E+   Dxy       0.000000
   31     E+   Dxz      -0.000000
   32     E+   Dyy      -0.217835
   33     E+   Dyz      -0.000000
   34     E+   Dzz      -0.217835
   35     E+     S       1.517038
   36     E+     S      -0.409806
   37     E+     S      -0.129729
   38     E+     S       0.016192
   39     E+     S      -0.009439
   40     E+     S      -0.000285
   41     E+     S      -0.001336
   42     E+     S       0.001128
   43     E+     S       0.001038
   44     E+     S      -0.000129
   45     E+    Px       0.684227
   46     E+    Py      -0.000000
   47     E+    Pz      -0.000000
   48     E+    Px      -0.040500
   49     E+    Py       0.000000
   50     E+    Pz       0.000000
   51     E+    Px       0.009995
   52     E+    Py      -0.000000
   53     E+    Pz      -0.000000
   54     E+    Px      -0.001411
   55     E+    Py       0.000000
   56     E+    Pz       0.000000
   57     E+   Dxx      -0.772505
   58     E+   Dxy       0.000000
   59     E+   Dxz       0.000000
   60     E+   Dyy      -0.413452
   61     E+   Dyz       0.000000
   62     E+   Dzz      -0.413452
   63     E+   Dxx      -0.206307
   64     E+   Dxy       0.000000
   65     E+   Dxz      -0.000000
   66     E+   Dyy      -0.217835
   67     E+   Dyz       0.000000
   68     E+   Dzz      -0.217835
 
 
  end of eigenvectors 
 
  END OF EIGENVALUES AND EIGENVECTORS
 
 
  COMPONENTS OF KINETIC ENERGY: 
 -----------------------------
 
                  E- Kinetic energy =         1053.595735106729
            POSITRON Kinetic energy =            0.000076409886
                                     _________________________
               Total kinetic energy =         1053.595811516614
 
  COMPONENTS OF POTENTIAL ENERGY: 
 -------------------------------
 
          Fixed potential energy    =            6.183206106870
 
  Quantum/Fixed interaction energy: 
 ----------------------------------
 
          E-/Fixed interact. energy =        -2522.381753143466
    POSITRON/Fixed interact. energy =            0.352245192702
                                     _________________________
               Total Q/Fixed energy =        -2522.029507950764
 
  Coulomb energy: 
 ------------------
 
               E-/E- Hartree energy =          469.354457822827
   POSITRON/POSITRON Hartree energy =            0.000000000000
         E-/POSITRON Hartree energy =           -0.352237501154
                                     _________________________
               Total Hartree energy =          469.002220321673
 
  Exchange(HF) energy: 
 ----------------------
 
                 E- Exchange energy =          -60.365752265586
           POSITRON Exchange energy =            0.000000000000
                                     _________________________
              Total Exchange energy =          -60.365752265586
 
  External Potential energy: 
 ----------------------------
 
                  E- Ext Pot energy =            0.000000000000
            POSITRON Ext Pot energy =           -0.000018969700
                                     _________________________
    Total External Potential energy =           -0.000018969700
 
  TOTAL ENERGY COMPONENTS: 
 ==========================
 
          TOTAL KINETIC ENERGY      =         1053.595811516614
          TOTAL POTENTIAL ENERGY    =        -2107.209852757507
                                     _________________________
                       TOTAL ENERGY =        -1053.614041240892
 
                 VIRIAL RATIO (V/T) =            2.000017302389
 
 
  END ENERGY COMPONENTS
 
 
** TOTAL CPU Time SCF :      1.011 (s)
** TOTAL Elapsed Time SCF :      0.397 (s)
 
 We are calculating properties for E- in the HF/KS ground state
 We are calculating properties for POSITRON in the HF/KS ground state
 
  POPULATION ANALYSES: 
 ====================
 
 MULLIKEN Population: for E-        
 ---------------------
 
                                    
 
    1     AR     S       0.777155
    2     AR     S       1.187471
    3     AR     S       0.957554
    4     AR     S       1.016967
    5     AR     S       1.065414
    6     AR     S       0.994040
    7     AR    Px       1.965968
    8     AR    Py       1.965968
    9     AR    Pz       1.965968
   10     AR    Px       0.024934
   11     AR    Py       0.024934
   12     AR    Pz       0.024934
   13     AR    Px       0.499839
   14     AR    Py       0.499839
   15     AR    Pz       0.499839
   16     AR    Px       1.061120
   17     AR    Py       1.061120
   18     AR    Pz       1.061120
   19     AR    Px       0.440275
   20     AR    Py       0.440275
   21     AR    Pz       0.440275
   22     AR     S       0.014997
   23     AR    Px       0.007864
   24     AR    Py       0.007864
   25     AR    Pz       0.007864
   26     AR   Dxx      -0.004532
   27     AR   Dxy       0.000000
   28     AR   Dxz       0.000000
   29     AR   Dyy      -0.004532
   30     AR   Dyz       0.000000
   31     AR   Dzz      -0.004532
   32     AR     S       0.777155
   33     AR     S       1.187471
   34     AR     S       0.957554
   35     AR     S       1.016967
   36     AR     S       1.065414
   37     AR     S       0.994040
   38     AR    Px       1.965968
   39     AR    Py       1.965968
   40     AR    Pz       1.965968
   41     AR    Px       0.024934
   42     AR    Py       0.024934
   43     AR    Pz       0.024934
   44     AR    Px       0.499839
   45     AR    Py       0.499839
   46     AR    Pz       0.499839
   47     AR    Px       1.061120
   48     AR    Py       1.061120
   49     AR    Pz       1.061120
   50     AR    Px       0.440275
   51     AR    Py       0.440275
   52     AR    Pz       0.440275
   53     AR     S       0.014997
   54     AR    Px       0.007864
   55     AR    Py       0.007864
   56     AR    Pz       0.007864
   57     AR   Dxx      -0.004532
   58     AR   Dxy       0.000000
   59     AR   Dxz       0.000000
   60     AR   Dyy      -0.004532
   61     AR   Dyz       0.000000
   62     AR   Dzz      -0.004532
 
                           __________
              Total =       36.000000
 
  Atomic MULLIKEN Population: for E-        
            AR              18.000000
            AR              18.000000
 
 ...end of MULLIKEN Population
 
 
 END POPULATION ANALYSES 
 
 
  POPULATION ANALYSES: 
 ====================
 
 LOWDIN Population: for E-        
 ---------------------
 
                                    
 
    1     AR     S       0.903190
    2     AR     S       1.085074
    3     AR     S       0.953732
    4     AR     S       0.963035
    5     AR     S       0.544209
    6     AR     S       0.563780
    7     AR    Px       1.884791
    8     AR    Py       1.884791
    9     AR    Pz       1.884791
   10     AR    Px       0.100697
   11     AR    Py       0.100697
   12     AR    Pz       0.100697
   13     AR    Px       0.548813
   14     AR    Py       0.548813
   15     AR    Pz       0.548813
   16     AR    Px       0.936024
   17     AR    Py       0.936024
   18     AR    Pz       0.936024
   19     AR    Px       0.452266
   20     AR    Py       0.452266
   21     AR    Pz       0.452266
   22     AR     S       0.148257
   23     AR    Px       0.077408
   24     AR    Py       0.077408
   25     AR    Pz       0.077408
   26     AR   Dxx       0.279574
   27     AR   Dxy       0.000000
   28     AR   Dxz       0.000000
   29     AR   Dyy       0.279574
   30     AR   Dyz       0.000000
   31     AR   Dzz       0.279574
   32     AR     S       0.903190
   33     AR     S       1.085074
   34     AR     S       0.953732
   35     AR     S       0.963035
   36     AR     S       0.544209
   37     AR     S       0.563780
   38     AR    Px       1.884791
   39     AR    Py       1.884791
   40     AR    Pz       1.884791
   41     AR    Px       0.100697
   42     AR    Py       0.100697
   43     AR    Pz       0.100697
   44     AR    Px       0.548813
   45     AR    Py       0.548813
   46     AR    Pz       0.548813
   47     AR    Px       0.936024
   48     AR    Py       0.936024
   49     AR    Pz       0.936024
   50     AR    Px       0.452266
   51     AR    Py       0.452266
   52     AR    Pz       0.452266
   53     AR     S       0.148257
   54     AR    Px       0.077408
   55     AR    Py       0.077408
   56     AR    Pz       0.077408
   57     AR   Dxx       0.279574
   58     AR   Dxy       0.000000
   59     AR   Dxz       0.000000
   60     AR   Dyy       0.279574
   61     AR   Dyz       0.000000
   62     AR   Dzz       0.279574
 
                           __________
              Total =       36.000000
 
  Atomic LOWDIN Population: for E-        
            AR              18.000000
            AR              18.000000
 
 ...end of LOWDIN Population
 
 
 END POPULATION ANALYSES 
 
 
  POPULATION ANALYSES: 
 ====================
 
 MULLIKEN Population: for POSITRON  
 ---------------------
 
                                    
 
    1     E+     S      -1.255854
    2     E+     S       0.198784
    3     E+     S       0.032079
    4     E+     S      -0.001977
    5     E+     S       0.000571
    6     E+     S       0.000009
    7     E+     S       0.000019
    8     E+     S      -0.000006
    9     E+     S      -0.000002
   10     E+     S       0.000000
   11     E+    Px       0.073397
   12     E+    Py      -0.000000
   13     E+    Pz      -0.000000
   14     E+    Px      -0.001935
   15     E+    Py      -0.000000
   16     E+    Pz      -0.000000
   17     E+    Px       0.000188
   18     E+    Py       0.000000
   19     E+    Pz      -0.000000
   20     E+    Px      -0.000008
   21     E+    Py      -0.000000
   22     E+    Pz       0.000000
   23     E+   Dxx       0.561754
   24     E+   Dxy       0.000000
   25     E+   Dxz       0.000000
   26     E+   Dyy       0.288067
   27     E+   Dyz      -0.000000
   28     E+   Dzz       0.288067
   29     E+   Dxx       0.104066
   30     E+   Dxy       0.000000
   31     E+   Dxz      -0.000000
   32     E+   Dyy       0.106390
   33     E+   Dyz      -0.000000
   34     E+   Dzz       0.106390
   35     E+     S      -1.255854
   36     E+     S       0.198784
   37     E+     S       0.032079
   38     E+     S      -0.001977
   39     E+     S       0.000571
   40     E+     S       0.000009
   41     E+     S       0.000019
   42     E+     S      -0.000006
   43     E+     S      -0.000002
   44     E+     S       0.000000
   45     E+    Px       0.073397
   46     E+    Py      -0.000000
   47     E+    Pz       0.000000
   48     E+    Px      -0.001935
   49     E+    Py       0.000000
   50     E+    Pz      -0.000000
   51     E+    Px       0.000188
   52     E+    Py      -0.000000
   53     E+    Pz       0.000000
   54     E+    Px      -0.000008
   55     E+    Py       0.000000
   56     E+    Pz      -0.000000
   57     E+   Dxx       0.561754
   58     E+   Dxy       0.000000
   59     E+   Dxz       0.000000
   60     E+   Dyy       0.288067
   61     E+   Dyz       0.000000
   62     E+   Dzz       0.288067
   63     E+   Dxx       0.104066
   64     E+   Dxy       0.000000
   65     E+   Dxz       0.000000
   66     E+   Dyy       0.106390
   67     E+   Dyz       0.000000
   68     E+   Dzz       0.106390
 
                           __________
              Total =        1.000000
 
  Atomic MULLIKEN Population: for POSITRON  
            AR               0.500000
            AR               0.500000
 
 ...end of MULLIKEN Population
 
 
 END POPULATION ANALYSES 
 
 
  POPULATION ANALYSES: 
 ====================
 
 LOWDIN Population: for POSITRON  
 ---------------------
 
                                    
 
    1     E+     S       0.042717
    2     E+     S       0.027196
    3     E+     S       0.004439
    4     E+     S       0.000891
    5     E+     S       0.000219
    6     E+     S       0.000059
    7     E+     S       0.000008
    8     E+     S       0.000000
    9     E+     S       0.000000
   10     E+     S       0.000000
   11     E+    Px       0.000143
   12     E+    Py      -0.000000
   13     E+    Pz      -0.000000
   14     E+    Px       0.000645
   15     E+    Py       0.000000
   16     E+    Pz       0.000000
   17     E+    Px       0.000003
   18     E+    Py       0.000000
   19     E+    Pz      -0.000000
   20     E+    Px       0.000009
   21     E+    Py      -0.000000
   22     E+    Pz       0.000000
   23     E+   Dxx       0.127230
   24     E+   Dxy       0.000000
   25     E+   Dxz       0.000000
   26     E+   Dyy       0.123251
   27     E+   Dyz       0.000000
   28     E+   Dzz       0.123251
   29     E+   Dxx       0.019463
   30     E+   Dxy      -0.000000
   31     E+   Dxz       0.000000
   32     E+   Dyy       0.015237
   33     E+   Dyz       0.000000
   34     E+   Dzz       0.015237
   35     E+     S       0.042717
   36     E+     S       0.027196
   37     E+     S       0.004439
   38     E+     S       0.000891
   39     E+     S       0.000219
   40     E+     S       0.000059
   41     E+     S       0.000008
   42     E+     S       0.000000
   43     E+     S       0.000000
   44     E+     S       0.000000
   45     E+    Px       0.000143
   46     E+    Py       0.000000
   47     E+    Pz       0.000000
   48     E+    Px       0.000645
   49     E+    Py       0.000000
   50     E+    Pz       0.000000
   51     E+    Px       0.000003
   52     E+    Py       0.000000
   53     E+    Pz       0.000000
   54     E+    Px       0.000009
   55     E+    Py      -0.000000
   56     E+    Pz       0.000000
   57     E+   Dxx       0.127230
   58     E+   Dxy       0.000000
   59     E+   Dxz       0.000000
   60     E+   Dyy       0.123251
   61     E+   Dyz       0.000000
   62     E+   Dzz       0.123251
   63     E+   Dxx       0.019463
   64     E+   Dxy       0.000000
   65     E+   Dxz       0.000000
   66     E+   Dyy       0.015237
   67     E+   Dyz       0.000000
   68     E+   Dzz       0.015237
 
                           __________
              Total =        1.000000
 
  Atomic LOWDIN Population: for POSITRON  
            AR               0.500000
            AR               0.500000
 
 ...end of LOWDIN Population
 
 
 END POPULATION ANALYSES 
 
 
  EXPECTED POSITIONS OF QUANTUM SPECIES:
 ======================
 
 POSITIONS IN ANGSTROMS
 ------
 
                        <x>      <y>      <z>         
                 E- 499.1199   0.0000   0.0000
           POSITRON  13.8644  -0.0000   0.0000
 
 END EXPECTED POSITIONS
 
 
  ELECTROSTATIC MOMENTS:
 ======================
 
 
 DIPOLE: (A.U.)
 ------
 
                           <Dx>         <Dy>         <Dz>          |D|
                 E--943.20000000  -0.00000000  -0.00000000
           POSITRON  26.20000001  -0.00000000   0.00000000
    Point charges:  943.20000000   0.00000000   0.00000000
                     ____________________________
      Total Dipole:  26.20000001  -0.00000000   0.00000000  26.20000001
 
 DIPOLE: (DEBYE)
 ------
 
                           <Dx>         <Dy>         <Dz>          |D|
                 E-*************  -0.00000000  -0.00000000
           POSITRON  66.59374887  -0.00000000   0.00000000
    Point charges: 2397.37495880   0.00000000   0.00000000
                     ____________________________
      Total Dipole:  66.59374887  -0.00000000   0.00000000  66.59374887
 
 QUADRUPOLE NON-TRACELESS: (DEBYE ANGS)
 ------
 
                           <xx>         <yy>         <zz>         <xy>         <xz>         <yz>
                 E-**************  -23.36330778  -23.36330778   -0.00000000   -0.00000000    0.00000000
           POSITRON22597.45919782 7860.74468634 7860.74468626   -0.00000000   -0.00000000   -0.00000000
    Point charges: 66476.53380798    0.00000000    0.00000000    0.00000000    0.00000000    0.00000000
  Total Quadrupole:22574.09589156 7837.38137855 7837.38137848   -0.00000000   -0.00000000   -0.00000000
                     ____________________________
 
 END ELECTROSTATIC MOMENTS
 

  TOTAL CPU Time:      0.258 (s)
 TOTAL Wall Time:      0.451 (s)
  Elapsed Time:   0h  0m  0s 453ms
LOWDIN execution terminated normally at : Wed Nov 27 15:46:21 2024
-rw-rw-r-- 1 pohl pohl 704K nov 27 15:46 0E-.ints
-rw-rw-r-- 1 pohl pohl 3.5M nov 27 15:46 0E-.POSITRON.ints
-rw-rw-r-- 1 pohl pohl 2.1M nov 27 15:46 0POSITRON.ints
-rw-rw-r-- 1 pohl pohl 704K nov 27 15:46 1E-.ints
-rw-rw-r-- 1 pohl pohl 3.5M nov 27 15:46 1E-.POSITRON.ints
-rw-rw-r-- 1 pohl pohl 2.1M nov 27 15:46 1POSITRON.ints
-rw-rw-r-- 1 pohl pohl 704K nov 27 15:46 2E-.ints
-rw-rw-r-- 1 pohl pohl 3.5M nov 27 15:46 2E-.POSITRON.ints
-rw-rw-r-- 1 pohl pohl 2.1M nov 27 15:46 2POSITRON.ints
-rw-rw-r-- 1 pohl pohl 704K nov 27 15:46 3E-.ints
-rw-rw-r-- 1 pohl pohl 3.5M nov 27 15:46 3E-.POSITRON.ints
-rw-rw-r-- 1 pohl pohl 2.1M nov 27 15:46 3POSITRON.ints
-rw-rw-r-- 1 pohl pohl   12 nov 27 15:46 E-.POSITRON.nints
-rw-rw-r-- 1 pohl pohl   65 nov 27 15:46 gepol.inp
-rw-rw-r-- 1 pohl pohl   91 nov 27 15:46 gepol.xyzr
-rw-rw-r-- 1 pohl pohl  12K nov 27 15:46 lowdin.bas
-rw-rw-r-- 1 pohl pohl  16K nov 27 15:46 lowdin.dat
-rw-rw-r-- 1 pohl pohl 867K nov 27 15:46 lowdin.opints
-rw-rw-r-- 1 pohl pohl  32K nov 27 15:46 lowdin.sys
-rw-rw-r-- 1 pohl pohl 865K nov 27 15:46 lowdin.wfn
-rw-rw-r-- 1 pohl pohl  498 nov 27 15:46 usual_253
-rw-rw-r-- 1 pohl pohl 1.8K nov 27 15:46 usual_253.aux
-rw-rw-r-- 1 pohl pohl  503 nov 27 15:46 usual_253.lowdin
-rw-rw-r-- 1 pohl pohl  65K nov 27 15:46 usual_253.out
-rw-rw-r-- 1 pohl pohl  68K nov 27 15:46 usual_253.vec
