Begin job by input: usual_225.lowdin, for user:   at  mié 27 nov 2024 15:46:04 -05
under operating system Linux helios 5.19.0-46-generic #47-Ubuntu SMP PREEMPT_DYNAMIC Fri Jun 16 13:30:11 UTC 2023 x86_64 x86_64 x86_64 GNU/Linux
Compilation information
  commit: f31d3924f6ee2ce9d77f07edcc1ba27359319d14
  compilation date:  mar 17 sep 2024 16:16:17 -05

BEGIN INPUT INFO:
------------------------------------

GEOMETRY
	Ar	Dirac	0.0 0.0 0.0
	e-(Ar)	6-311++G.d.p 0.0 0.0 0.0
	E+	GRIBAKIN-10S4P2D 0.0 0.0 0.0
	Ar	Dirac	46.8 0.0 0.0
	e-(Ar)	6-311++G.d.p	46.8 0.0 0.0
	E+	GRIBAKIN-10S4P2D 46.8 0.0 0.0 addParticles=-1 
END GEOMETRY

TASKS
        method = "RHF"
END TASKS

EXTERPOTENTIAL
	E- GRIBAKIN0
	E+ AR225
END EXTERPOTENTIAL

CONTROL
	units="BOHRS"
	readCoefficients=F
	convergenceMethod=1
	overlapEigenThreshold=1E-6
	SCFGhostSpecies="POSITRON"
	HFprintEigenvalues=T
	totalEnergyTolerance = 1E-9
END CONTROL


... END INPUT INFO


 LOWDIN execution started at : Wed Nov 27 15:46:04 2024
 ---------------------------------------------------------------
 
 ***************************************************************
 *                   LOWDIN 2.0  (May/2013)                    *
 *                                                             *
 *  R. FLORES-MORENO, E. F. POSADA, F. S. MONCADA, J.ROMERO,   *
 *  J. CHARRY, M. DIAZ-TINOCO, S. A. GONZALEZ, N. F. AGUIRRE,  *
 *  A. REYES                                                   *
 *                                                             *
 *  https://sites.google.com/site/lowdinproject/               *
 *                                                             *
 ***************************************************************
 
 PARSING INPUT... DONE!
 
 LOWDIN IS RUNNING WITH NEXT PARAMETERS: 
 ----------------------------------------
 
         METHOD TYPE:  RHF
         NUMBER OF CORES:     4
         NONELECTRONIC DENSITY GUESS: HCORE
         ELECTRONIC DENSITY GUESS: HCORE
         CRITERIUM OF CONVERGENCE: ENERGY
         NONELECTRONIC ENERGY TOLERANCE IN SCFs:     0.10000E-07
         ELECTRONIC ENERGY TOLERANCE IN SCFs:     0.10000E-07
         TOTAL ENERGY TOLERANCE IN SCFs:     0.10000E-08
         SCHEME OF ITERATION: GLOBAL ITERATIONS
         SCF MAX. SUBITERATIONS - NONELECTRONS :     1
         SCF MAX. SUBITERATIONS - ELECTRONS :     1
         SCF MAX. ITERATIONS - INTERSPECIES :   200
         INTEGRAL STORAGE: DISK
         STACK SIZE FOR ERIS : 30000
         METHOD OF SCF CONVERGENCE: DAMPING
 
  MOLECULAR SYSTEM: usual_225
 -----------------
 
    DESCRIPTION   : usual_225
    CHARGE        :   2
    PUNTUAL GROUP : NONE
 
 
  INFORMATION OF PARTICLES :
 =========================
         Total number of particles   =      39
         Number of quantum particles =      37
         Number of puntual charges   =       2
         Number of quantum species   =       2
 
                 INFORMATION OF QUANTUM SPECIES 
    ----------------------------------------------------------------------
         ID      Symbol            mass     charge      omega     spin     multiplicity
    ----------------------------------------------------------------------
         1             E-         1.0000     -1.00      0.00      0.50      1.00
         2             E+         1.0000      1.00      0.00      0.50      1.00
 
                   CONSTANTS OF COUPLING 
      ------------------------------------------------------------
              Symbol      kappa        eta     lambda occupation
      ------------------------------------------------------------
                  E-      -1.00       2.00       2.00      18.00
                  E+      -1.00       1.00       1.00       1.00
 
                   BASIS SET FOR SPECIES 
      ------------------------------------------------------------
           Symbol          N. Basis     N. Particles     Basis Set
      ------------------------------------------------------------
                 E-           28               36     6-311++G.D
                 E+           32                1     GRIBAKIN-1
 
                                ATOMIC BASIS
         ------------------------------------------------------------
          PRIMITIVE   SHELL             EXPONENT         COEFFICIENT 
         ------------------------------------------------------------
 
    BEGIN DESCRIPTION OF BASIS FOR:    E-
    ==============================
 
 
            AR BASIS SET:   6-311++G.D.P
             1         S           118022.38000000          0.00074700
             2         S            17683.54100000          0.00579000
             3         S             4027.76570000          0.02991900
             4         S             1145.39770000          0.11920600
             5         S              377.16375000          0.36902800
             6         S              138.15969000          0.57645900
             1         S              138.15969000          0.14392700
             2         S               54.98911700          0.62293800
             3         S               23.17066700          0.28396400
             1         S                7.37786000          1.00000000
             1         S                2.92368800          1.00000000
             1         S                0.65040500          1.00000000
             1         S                0.23282500          1.00000000
             1         P              663.06201000          0.00308200
             2         P              157.09281000          0.02416500
             3         P               50.23110000          0.10822300
             4         P               18.63534500          0.29419200
             5         P                7.44653700          0.68786200
             1         P                7.44653700         -0.12144820
             2         P                3.09569800          0.16323700
             1         P                1.10646300          1.00000000
             1         P                0.41560100          1.00000000
             1         P                0.14544900          1.00000000
             1         S                0.06000000          1.00000000
             1         P                0.06000000          1.00000000
             1         D                0.85000000          1.00000000
 
            AR BASIS SET:   6-311++G.D.P
             1         S           118022.38000000          0.00074700
             2         S            17683.54100000          0.00579000
             3         S             4027.76570000          0.02991900
             4         S             1145.39770000          0.11920600
             5         S              377.16375000          0.36902800
             6         S              138.15969000          0.57645900
             1         S              138.15969000          0.14392700
             2         S               54.98911700          0.62293800
             3         S               23.17066700          0.28396400
             1         S                7.37786000          1.00000000
             1         S                2.92368800          1.00000000
             1         S                0.65040500          1.00000000
             1         S                0.23282500          1.00000000
             1         P              663.06201000          0.00308200
             2         P              157.09281000          0.02416500
             3         P               50.23110000          0.10822300
             4         P               18.63534500          0.29419200
             5         P                7.44653700          0.68786200
             1         P                7.44653700         -0.12144820
             2         P                3.09569800          0.16323700
             1         P                1.10646300          1.00000000
             1         P                0.41560100          1.00000000
             1         P                0.14544900          1.00000000
             1         S                0.06000000          1.00000000
             1         P                0.06000000          1.00000000
             1         D                0.85000000          1.00000000
    ... END DESCRIPTION OF BASIS
 
 
    BEGIN DESCRIPTION OF BASIS FOR:    E+
    ==============================
 
 
            E+ BASIS SET:GRIBAKIN-10S4P2
             1         S                0.00010000          1.00000000
             1         S                0.00030000          1.00000000
             1         S                0.00090000          1.00000000
             1         S                0.00270000          1.00000000
             1         S                0.00810000          1.00000000
             1         S                0.02430000          1.00000000
             1         S                0.07290000          1.00000000
             1         S                0.21870000          1.00000000
             1         S                0.65610000          1.00000000
             1         S                1.96830000          1.00000000
             1         P                0.00010000          1.00000000
             1         P                0.00030000          1.00000000
             1         P                0.00090000          1.00000000
             1         P                0.00270000          1.00000000
             1         D                0.00010000          1.00000000
             1         D                0.00030000          1.00000000
 
            E+ BASIS SET:GRIBAKIN-10S4P2
             1         S                0.00010000          1.00000000
             1         S                0.00030000          1.00000000
             1         S                0.00090000          1.00000000
             1         S                0.00270000          1.00000000
             1         S                0.00810000          1.00000000
             1         S                0.02430000          1.00000000
             1         S                0.07290000          1.00000000
             1         S                0.21870000          1.00000000
             1         S                0.65610000          1.00000000
             1         S                1.96830000          1.00000000
             1         P                0.00010000          1.00000000
             1         P                0.00030000          1.00000000
             1         P                0.00090000          1.00000000
             1         P                0.00270000          1.00000000
             1         D                0.00010000          1.00000000
             1         D                0.00030000          1.00000000
    ... END DESCRIPTION OF BASIS
 
 
  END INFORMATION OF PARTICLES
 
 
  INFORMATION OF THE QUANTUM SYSTEM 
     ---------------------------------------------------------------------
                 ID     Occupied Orbitals     Basis size
     ---------------------------------------------------------------------
                 E-           18               62
                 E+            1               68
 
  END INFORMATION OF QUANTUM SYSTEM
 
 
  INFORMATION OF EXTERNAL POTENTIALS 
 
 =======
 External Potential for E- : GRIBAKIN0
 Type : 
                     Exponent         l       R_x       R_y       R_z              Factor
                 0.0010000000         0   0.00000   0.00000   0.00000        0.0000000000
 
 =======
 External Potential for E+ : AR225
 Type : 
                     Exponent         l       R_x       R_y       R_z              Factor
                 0.0010000000         0   0.00000   0.00000   0.00000        0.0000779688
                 0.0020000000         0   0.00000   0.00000   0.00000       -0.0004786853
                 0.0040000000         0   0.00000   0.00000   0.00000        0.0013189164
                 0.0080000000         0   0.00000   0.00000   0.00000       -0.0033441280
                 0.0160000000         0   0.00000   0.00000   0.00000        0.0050907505
                 0.0320000000         0   0.00000   0.00000   0.00000       -0.0151949101
                 0.0640000000         0   0.00000   0.00000   0.00000        0.0049422575
                 0.1280000000         0   0.00000   0.00000   0.00000       -0.1024675180
                 0.2560000000         0   0.00000   0.00000   0.00000       -0.1709080790
                 0.5120000000         0   0.00000   0.00000   0.00000       -1.1786523000
                 1.0000000000         0   0.00000   0.00000   0.00000       -3.9901484000
                 2.0000000000         0   0.00000   0.00000   0.00000      129.9336270000
                 3.0000000000         0   0.00000   0.00000   0.00000    -1317.9950900000
                 4.0000000000         0   0.00000   0.00000   0.00000     7976.3295300000
                 5.0000000000         0   0.00000   0.00000   0.00000   -30887.5711000000
                 6.0000000000         0   0.00000   0.00000   0.00000    78131.7910000000
                 7.0000000000         0   0.00000   0.00000   0.00000  -128444.4630000000
                 8.0000000000         0   0.00000   0.00000   0.00000   132337.9190000000
                 9.0000000000         0   0.00000   0.00000   0.00000   -77735.4212000000
                10.0000000000         0   0.00000   0.00000   0.00000    19907.5941000000
                20.0000000000         0   0.00000   0.00000   0.00000     -135.7052840000
                30.0000000000         0   0.00000   0.00000   0.00000       72.5910786000
                40.0000000000         0   0.00000   0.00000   0.00000      -41.7155821000
                50.0000000000         0   0.00000   0.00000   0.00000       12.4077673000
               100.0000000000         0   0.00000   0.00000   0.00000       -0.2471957670
                 0.0010000000         0  46.80000   0.00000   0.00000        0.0000779688
                 0.0020000000         0  46.80000   0.00000   0.00000       -0.0004786853
                 0.0040000000         0  46.80000   0.00000   0.00000        0.0013189164
                 0.0080000000         0  46.80000   0.00000   0.00000       -0.0033441280
                 0.0160000000         0  46.80000   0.00000   0.00000        0.0050907505
                 0.0320000000         0  46.80000   0.00000   0.00000       -0.0151949101
                 0.0640000000         0  46.80000   0.00000   0.00000        0.0049422575
                 0.1280000000         0  46.80000   0.00000   0.00000       -0.1024675180
                 0.2560000000         0  46.80000   0.00000   0.00000       -0.1709080790
                 0.5120000000         0  46.80000   0.00000   0.00000       -1.1786523000
                 1.0000000000         0  46.80000   0.00000   0.00000       -3.9901484000
                 2.0000000000         0  46.80000   0.00000   0.00000      129.9336270000
                 3.0000000000         0  46.80000   0.00000   0.00000    -1317.9950900000
                 4.0000000000         0  46.80000   0.00000   0.00000     7976.3295300000
                 5.0000000000         0  46.80000   0.00000   0.00000   -30887.5711000000
                 6.0000000000         0  46.80000   0.00000   0.00000    78131.7910000000
                 7.0000000000         0  46.80000   0.00000   0.00000  -128444.4630000000
                 8.0000000000         0  46.80000   0.00000   0.00000   132337.9190000000
                 9.0000000000         0  46.80000   0.00000   0.00000   -77735.4212000000
                10.0000000000         0  46.80000   0.00000   0.00000    19907.5941000000
                20.0000000000         0  46.80000   0.00000   0.00000     -135.7052840000
                30.0000000000         0  46.80000   0.00000   0.00000       72.5910786000
                40.0000000000         0  46.80000   0.00000   0.00000      -41.7155821000
                50.0000000000         0  46.80000   0.00000   0.00000       12.4077673000
               100.0000000000         0  46.80000   0.00000   0.00000       -0.2471957670
 
  END INFORMATION OF EXTERNAL POTENTIALS
 
                       INITIAL GEOMETRY: AMSTRONG
                 -----------------------------------
                       <x>                 <y>                 <z>
      E-AR        0.0000000000        0.0000000000        0.0000000000
      E-AR       24.7654952644        0.0000000000        0.0000000000
        E+        0.0000000000        0.0000000000        0.0000000000
        E+       24.7654952644        0.0000000000        0.0000000000
        AR        0.0000000000        0.0000000000        0.0000000000
        AR       24.7654952644        0.0000000000        0.0000000000
 
                     MATRIX OF DISTANCE: ANGSTROM
                 -----------------------------------
                          AR(1)          AR(2)     
 
        AR(1)            0.000000      24.765495
        AR(2)           24.765495       0.000000
 
--------------------------------------------------------------------------------
** PROGRAM: SCF (Hartree Fock).     Author: S.A. Gonzalez, E. Posada, F. Moncada
--------------------------------------------------------------------------------
INFO: RUNNING IN RHF MODE.
 
----------------------------------------------------------------------
** PROGRAM INTS                          Author: E. F. Posada, 2013   
----------------------------------------------------------------------
INFO: RUNNING IN ONE_PARTICLE MODE.
 
 Number of Overlap integrals for species E-:   3844
 Number of Overlap integrals for species POSITRON:   4624
 Number of Kinetic integrals for species E-:   3844
 Number of Kinetic integrals for species POSITRON:   4624
 Number of Nuclear integrals for species E-:   3844
 Number of Nuclear integrals for species POSITRON:   4624
 Number of Moment integrals for species E-:  11532
 Number of Moment integrals for species POSITRON:  13872
 Number of 3C Overlap integrals for species E-:   3844
 Number of 3C Overlap integrals for species POSITRON:   4624
 
** TOTAL CPU Time INTS :      0.390 (s)
** TOTAL Elapsed Time INTS :      0.149 (s)
 
Removed     1 orbitals for species POSITRON with overlap eigen threshold of 1.000E-06
       Usign  HCORE density guess for species:         E-
     number of         E-     particles in guess density matrix:    36.000000
       Usign  HCORE density guess for species:   POSITRON
     number of   POSITRON     particles in guess density matrix:     0.000000
 Warning!, density matrix with deviation from number of particles    1.000000
 Number of unique integrals for species: 1 = 95874
 Number of unique integrals for species: 2 = 281468
 Number of unique integrals for species: 1 / 2 = 547290 Screened: 91216
 
 TWO-BODY INTEGRAL SETUP: 
------------------------- 
 Storage:   DISK
 Scheme: LIBINT
 Stack size:  30000
 
 LIBINT library, Fermann, J. T.; Valeev, F. L. 2010                   
 LOWDIN-LIBINT Implementation V. 2.1  Posada E. F. ; Reyes A. 2016   
 ----------------------------------------------------------------------

*** TOTAL CPU time intra-species integrals :      0.462 (s)
*** TOTAL elapsed time intra-species integrals :      0.071 (s)


*** TOTAL CPU time inter-species integrals :      0.659 (s)
*** TOTAL elapsed time inter-species integrals :      0.130 (s)

INFO: RUNNING SCHEME SIMULTANEOUS
 
 Begin Multi-Species SCF calculation:
 
 --------------------------------------------------------------------------------------------------
      Iteration                   Energy            Energy Change           Density Change
 --------------------------------------------------------------------------------------------------
              1        -996.367792056352         996.367792056352           0.304253923878
              2       -1028.102727412190          31.734935355839           0.186084864933
              3       -1053.292620487044          25.189893074854           0.017449042902
              4       -1053.567907586480           0.275287099436           0.006026156831
              5       -1053.590738795718           0.022831209238           0.002529219439
              6       -1053.601021616249           0.010282820531           0.001991645717
              7       -1053.607908594266           0.006886978017           0.080557170133
              8       -1053.613966146006           0.006057551740           0.058433892692
              9       -1053.614040813166           0.000074667160           0.000008478014
             10       -1053.614040822225           0.000000009059           0.000003495714
             11       -1053.614040822575           0.000000000350           0.000000553250
 Total energy converged after  11 global iterations                                                  
 
 ...end Multi-Species SCF calculation
 
 
 Begin SCF calculation by: E-
 -------------------------
 
 -----------------------------------------------------------------------------------
 Iteration                   Energy           Density Change         DIIS Error 
 -----------------------------------------------------------------------------------
    1       -1120.444211880888           0.184396962263                 -- 
    2       -1066.703843825004           0.015937637763                 -- 
    3       -1058.803089135404           0.004632158716                 -- 
    4       -1061.002841433274           0.001106765084                 -- 
    5       -1060.447452915206           0.000269723276                 -- 
    6       -1060.561512151879           0.000057643023                 -- 
    7       -1060.532418238978           0.000015001569                 -- 
    8       -1060.538531539579           0.000003165774                 -- 
    9       -1060.536870335069           0.000000982253                 -- 
   10       -1060.537271648808           0.000000207358                 -- 
 
 ... end SCF calculation
 
 Begin SCF calculation by: POSITRON
 -------------------------
 
 -----------------------------------------------------------------------------------
 Iteration                   Energy           Density Change         DIIS Error 
 -----------------------------------------------------------------------------------
    1           0.438161259211           0.001687902670                 -- 
    2           0.000771484090           0.001511405139                 -- 
    3          -0.007365381485           0.001393998115                 -- 
    4          -0.005140227502           0.001422454355                 -- 
    5          -0.003720450154           0.001721922441                 -- 
    6          -0.000115186549           0.080499527110                 -- 
    7           0.000045742974           0.058418891122                 -- 
    8           0.000045751897           0.000005312240                 -- 
    9           0.000045747881           0.000002513460                 -- 
   10           0.000045748467           0.000000345892                 -- 
 
 ... end SCF calculation
 
  EIGENVALUES AND EIGENVECTORS: 
 ==============================
 
 
  Eigenvalues for: E-
 -----------------
 
    1        -118.610400737848
    2        -118.610400737848
    3         -12.322679418081
    4         -12.322679418081
    5          -9.572523433869
    6          -9.572523433869
    7          -9.572523433869
    8          -9.572523433869
    9          -9.572523433869
   10          -9.572523433869
   11          -1.277376696802
   12          -1.277376696802
   13          -0.591387369226
   14          -0.591387369226
   15          -0.591387369179
   16          -0.591387369179
   17          -0.591387369179
   18          -0.591387369179
   19           0.134700335225
   20           0.134700335225
   21           0.152409819124
   22           0.152409819124
   23           0.152409819134
   24           0.152409819134
   25           0.152409819134
   26           0.152409819134
   27           0.709217792225
   28           0.709217792225
   29           0.709217792245
   30           0.709217792245
   31           0.709217792245
   32           0.709217792245
   33           1.072837471968
   34           1.072837471968
   35           1.214864597192
   36           1.214864597192
   37           1.214864597192
   38           1.214864597192
   39           1.214864597194
   40           1.214864597194
   41           1.214864597194
   42           1.214864597194
   43           1.214864597195
   44           1.214864597195
   45           2.743211190791
   46           2.743211190791
   47           2.743211190799
   48           2.743211190799
   49           2.743211190799
   50           2.743211190799
   51           4.434781472019
   52           4.434781472020
   53          14.030004221355
   54          14.030004221355
   55          14.030004221355
   56          14.030004221356
   57          14.030004221375
   58          14.030004221375
   59          16.732879559184
   60          16.732879559192
   61         254.593005208276
   62         254.593005208287
 
 
  Eigenvalues for: POSITRON
 -----------------
 
    1           0.000065550016
    2           0.000132966911
    3           0.000208332893
    4           0.000208332893
    5           0.000254746804
    6           0.000280211443
    7           0.000280211443
    8           0.000282356590
    9           0.000324907280
   10           0.000324907280
   11           0.000406923939
   12           0.000415855783
   13           0.000426176394
   14           0.000426176394
   15           0.000437327114
   16           0.000437327114
   17           0.000564844546
   18           0.000564844547
   19           0.000583581377
   20           0.000720913770
   21           0.000897814796
   22           0.000897814796
   23           0.000921389121
   24           0.001135669012
   25           0.001135669012
   26           0.001148149968
   27           0.001231888983
   28           0.001231888983
   29           0.001240398482
   30           0.001493756267
   31           0.001493756267
   32           0.001494681777
   33           0.001494681777
   34           0.001539528453
   35           0.001785836980
   36           0.001785836980
   37           0.001790153946
   38           0.001840365035
   39           0.002284427651
   40           0.002943148950
   41           0.002943148950
   42           0.003245794491
   43           0.003505272762
   44           0.003603634911
   45           0.003603634911
   46           0.003708615060
   47           0.004747035585
   48           0.007902699406
   49           0.008102033204
   50           0.009525959959
   51           0.009757041497
   52           0.009757041497
   53           0.010003921647
   54           0.010003921647
   55           0.011269190269
   56           0.021069382033
   57           0.021571000192
   58           0.064328462762
   59           0.064995312838
   60           0.217473691552
   61           0.218071522471
   62           0.859142860268
   63           0.859720120871
   64           4.193210217870
   65           4.193727573771
   66          24.143732983417
   67          24.144429117411
   68     1000000.000000000000
 
  end of eigenvalues 
 
  Occupied Eigenvectors for: E-
 --------------------------- 
 
                        -118.6104      -118.6104       -12.3227       -12.3227        -9.5725   
 
    1     AR     S      -0.409040      -0.034369      -0.003843      -0.123034       0.000000
    2     AR     S      -0.652867      -0.054857      -0.010485      -0.335694       0.000000
    3     AR     S      -0.012362      -0.001039       0.016661       0.533414      -0.000000
    4     AR     S       0.001889       0.000159       0.018064       0.578341      -0.000000
    5     AR     S      -0.001135      -0.000095       0.001745       0.055881       0.000000
    6     AR     S      -0.000094      -0.000008      -0.000178      -0.005710       0.000000
    7     AR    Px      -0.000000      -0.000000      -0.000000      -0.000000      -0.972859
    8     AR    Py      -0.000000       0.000000       0.000000      -0.000000      -0.015387
    9     AR    Pz      -0.000000      -0.000000       0.000000       0.000000      -0.014688
   10     AR    Px      -0.000000      -0.000000      -0.000000      -0.000000      -0.187113
   11     AR    Py      -0.000000       0.000000       0.000000      -0.000000      -0.002959
   12     AR    Pz      -0.000000      -0.000000       0.000000       0.000000      -0.002825
   13     AR    Px       0.000000       0.000000       0.000000       0.000000      -0.042008
   14     AR    Py       0.000000      -0.000000      -0.000000       0.000000      -0.000664
   15     AR    Pz       0.000000       0.000000      -0.000000      -0.000000      -0.000634
   16     AR    Px      -0.000000      -0.000000      -0.000000      -0.000000       0.004089
   17     AR    Py       0.000000       0.000000       0.000000       0.000000       0.000065
   18     AR    Pz      -0.000000      -0.000000       0.000000       0.000000       0.000062
   19     AR    Px       0.000000       0.000000       0.000000       0.000000      -0.001964
   20     AR    Py      -0.000000      -0.000000      -0.000000      -0.000000      -0.000031
   21     AR    Pz       0.000000      -0.000000       0.000000      -0.000000      -0.000030
   22     AR     S       0.000023       0.000002       0.000040       0.001294      -0.000000
   23     AR    Px      -0.000000      -0.000000      -0.000000      -0.000000       0.000693
   24     AR    Py      -0.000000       0.000000       0.000000       0.000000       0.000011
   25     AR    Pz      -0.000000       0.000000      -0.000000       0.000000       0.000010
   26     AR   Dxx       0.000355       0.000030      -0.000190      -0.006075       0.000000
   27     AR   Dxy      -0.000000      -0.000000      -0.000000      -0.000000       0.000000
   28     AR   Dxz      -0.000000      -0.000000       0.000000       0.000000       0.000000
   29     AR   Dyy       0.000355       0.000030      -0.000190      -0.006075      -0.000000
   30     AR   Dyz       0.000000       0.000000      -0.000000      -0.000000       0.000000
   31     AR   Dzz       0.000355       0.000030      -0.000190      -0.006075      -0.000000
   32     AR     S       0.034369      -0.409040       0.123034      -0.003843       0.000000
   33     AR     S       0.054857      -0.652867       0.335694      -0.010485       0.000000
   34     AR     S       0.001039      -0.012362      -0.533414       0.016661      -0.000000
   35     AR     S      -0.000159       0.001889      -0.578341       0.018064      -0.000000
   36     AR     S       0.000095      -0.001135      -0.055881       0.001745       0.000000
   37     AR     S       0.000008      -0.000094       0.005710      -0.000178       0.000000
   38     AR    Px      -0.000000       0.000000      -0.000000       0.000000       0.000307
   39     AR    Py      -0.000000      -0.000000      -0.000000      -0.000000       0.000989
   40     AR    Pz      -0.000000       0.000000      -0.000000      -0.000000      -0.002780
   41     AR    Px      -0.000000       0.000000      -0.000000       0.000000       0.000059
   42     AR    Py      -0.000000      -0.000000      -0.000000      -0.000000       0.000190
   43     AR    Pz      -0.000000       0.000000      -0.000000      -0.000000      -0.000535
   44     AR    Px       0.000000      -0.000000       0.000000      -0.000000       0.000013
   45     AR    Py       0.000000       0.000000       0.000000       0.000000       0.000043
   46     AR    Pz       0.000000      -0.000000       0.000000       0.000000      -0.000120
   47     AR    Px      -0.000000       0.000000      -0.000000       0.000000      -0.000001
   48     AR    Py      -0.000000      -0.000000      -0.000000      -0.000000      -0.000004
   49     AR    Pz       0.000000       0.000000      -0.000000      -0.000000       0.000012
   50     AR    Px       0.000000      -0.000000       0.000000      -0.000000       0.000001
   51     AR    Py       0.000000      -0.000000       0.000000       0.000000       0.000002
   52     AR    Pz      -0.000000      -0.000000       0.000000      -0.000000      -0.000006
   53     AR     S      -0.000002       0.000023      -0.001294       0.000040       0.000000
   54     AR    Px      -0.000000       0.000000      -0.000000       0.000000      -0.000000
   55     AR    Py      -0.000000       0.000000      -0.000000      -0.000000      -0.000001
   56     AR    Pz       0.000000       0.000000      -0.000000       0.000000       0.000002
   57     AR   Dxx      -0.000030       0.000355       0.006075      -0.000190       0.000000
   58     AR   Dxy       0.000000       0.000000      -0.000000       0.000000       0.000000
   59     AR   Dxz      -0.000000      -0.000000      -0.000000      -0.000000      -0.000000
   60     AR   Dyy      -0.000030       0.000355       0.006075      -0.000190      -0.000000
   61     AR   Dyz      -0.000000      -0.000000      -0.000000       0.000000      -0.000000
   62     AR   Dzz      -0.000030       0.000355       0.006075      -0.000190      -0.000000
 
                          -9.5725        -9.5725        -9.5725        -9.5725        -9.5725   
 
    1     AR     S       0.000000      -0.000000      -0.000000      -0.000000       0.000000
    2     AR     S       0.000000      -0.000000      -0.000000      -0.000000       0.000000
    3     AR     S      -0.000000       0.000000       0.000000       0.000000      -0.000000
    4     AR     S      -0.000000       0.000000       0.000000       0.000000      -0.000000
    5     AR     S       0.000000      -0.000000      -0.000000      -0.000000       0.000000
    6     AR     S       0.000000      -0.000000      -0.000000      -0.000000       0.000000
    7     AR    Px      -0.000288       0.004120       0.005200       0.003655      -0.020095
    8     AR    Py      -0.000296      -0.652389      -0.554432      -0.125654       0.444841
    9     AR    Pz      -0.000561       0.368508       0.241578       0.080459       0.863752
   10     AR    Px      -0.000055       0.000792       0.001000       0.000703      -0.003865
   11     AR    Py      -0.000057      -0.125476      -0.106636      -0.024167       0.085558
   12     AR    Pz      -0.000108       0.070876       0.046463       0.015475       0.166128
   13     AR    Px      -0.000012       0.000178       0.000225       0.000158      -0.000868
   14     AR    Py      -0.000013      -0.028170      -0.023940      -0.005426       0.019208
   15     AR    Pz      -0.000024       0.015912       0.010431       0.003474       0.037297
   16     AR    Px       0.000001      -0.000017      -0.000022      -0.000015       0.000084
   17     AR    Py       0.000001       0.002742       0.002331       0.000528      -0.001870
   18     AR    Pz       0.000002      -0.001549      -0.001015      -0.000338      -0.003631
   19     AR    Px      -0.000001       0.000008       0.000010       0.000007      -0.000041
   20     AR    Py      -0.000001      -0.001317      -0.001119      -0.000254       0.000898
   21     AR    Pz      -0.000001       0.000744       0.000488       0.000162       0.001744
   22     AR     S      -0.000000       0.000000       0.000000       0.000000      -0.000000
   23     AR    Px       0.000000      -0.000003      -0.000004      -0.000003       0.000014
   24     AR    Py       0.000000       0.000465       0.000395       0.000090      -0.000317
   25     AR    Pz       0.000000      -0.000263      -0.000172      -0.000057      -0.000615
   26     AR   Dxx       0.000000      -0.000000      -0.000000      -0.000000       0.000000
   27     AR   Dxy       0.000000       0.000000       0.000000       0.000000      -0.000000
   28     AR   Dxz       0.000000      -0.000000      -0.000000      -0.000000      -0.000000
   29     AR   Dyy      -0.000000       0.000000       0.000000       0.000000      -0.000000
   30     AR   Dyz       0.000000      -0.000000      -0.000000       0.000000       0.000000
   31     AR   Dzz      -0.000000       0.000000       0.000000       0.000000      -0.000000
   32     AR     S      -0.000000      -0.000000      -0.000000       0.000000      -0.000000
   33     AR     S      -0.000000      -0.000000      -0.000000       0.000000      -0.000000
   34     AR     S       0.000000       0.000000       0.000000      -0.000000       0.000000
   35     AR     S       0.000000       0.000000       0.000000      -0.000000       0.000000
   36     AR     S      -0.000000      -0.000000      -0.000000       0.000000      -0.000000
   37     AR     S      -0.000000      -0.000000      -0.000000       0.000000      -0.000000
   38     AR    Px      -0.973094      -0.000077      -0.000372       0.001923      -0.000670
   39     AR    Py       0.001175       0.480522      -0.709129       0.459027      -0.049417
   40     AR    Pz      -0.001587       0.393177      -0.279767      -0.844944      -0.010839
   41     AR    Px      -0.187158      -0.000015      -0.000072       0.000370      -0.000129
   42     AR    Py       0.000226       0.092421      -0.136389       0.088286      -0.009505
   43     AR    Pz      -0.000305       0.075621      -0.053808      -0.162511      -0.002085
   44     AR    Px      -0.042018      -0.000003      -0.000016       0.000083      -0.000029
   45     AR    Py       0.000051       0.020749      -0.030620       0.019821      -0.002134
   46     AR    Pz      -0.000069       0.016977      -0.012080      -0.036485      -0.000468
   47     AR    Px       0.004090       0.000000       0.000002      -0.000008       0.000003
   48     AR    Py      -0.000005      -0.002020       0.002981      -0.001930       0.000208
   49     AR    Pz       0.000007      -0.001653       0.001176       0.003552       0.000046
   50     AR    Px      -0.001965      -0.000000      -0.000001       0.000004      -0.000001
   51     AR    Py       0.000002       0.000970      -0.001432       0.000927      -0.000100
   52     AR    Pz      -0.000003       0.000794      -0.000565      -0.001706      -0.000022
   53     AR     S       0.000000       0.000000       0.000000      -0.000000       0.000000
   54     AR    Px       0.000693       0.000000       0.000000      -0.000001       0.000000
   55     AR    Py      -0.000001      -0.000342       0.000505      -0.000327       0.000035
   56     AR    Pz       0.000001      -0.000280       0.000199       0.000602       0.000008
   57     AR   Dxx      -0.000000      -0.000000      -0.000000       0.000000      -0.000000
   58     AR   Dxy       0.000000       0.000000      -0.000000       0.000000      -0.000000
   59     AR   Dxz      -0.000000       0.000000      -0.000000      -0.000000      -0.000000
   60     AR   Dyy       0.000000       0.000000       0.000000      -0.000000       0.000000
   61     AR   Dyz      -0.000000      -0.000000       0.000000       0.000000      -0.000000
   62     AR   Dzz       0.000000       0.000000       0.000000      -0.000000       0.000000
 
                          -1.2774        -1.2774        -0.5914        -0.5914        -0.5914   
 
    1     AR     S      -0.000025      -0.038530      -0.000000      -0.000000       0.000000
    2     AR     S      -0.000074      -0.112683      -0.000000      -0.000000       0.000000
    3     AR     S       0.000155       0.237173       0.000000       0.000000      -0.000000
    4     AR     S       0.000273       0.417228       0.000000       0.000000      -0.000000
    5     AR     S      -0.000432      -0.660660      -0.000000      -0.000000       0.000000
    6     AR     S      -0.000361      -0.551494      -0.000000      -0.000000       0.000000
    7     AR    Px       0.000000       0.000000       0.000002       0.284748      -0.000012
    8     AR    Py      -0.000000       0.000000       0.000000       0.000001      -0.001251
    9     AR    Pz      -0.000000       0.000000       0.000000       0.000003       0.005706
   10     AR    Px       0.000000       0.000000       0.000000       0.040697      -0.000002
   11     AR    Py      -0.000000       0.000000       0.000000       0.000000      -0.000179
   12     AR    Pz       0.000000       0.000000       0.000000       0.000000       0.000816
   13     AR    Px      -0.000000      -0.000000      -0.000003      -0.321456       0.000013
   14     AR    Py       0.000000      -0.000000      -0.000000      -0.000001       0.001412
   15     AR    Pz      -0.000000       0.000000      -0.000000      -0.000004      -0.006442
   16     AR    Px      -0.000000      -0.000000      -0.000005      -0.555679       0.000023
   17     AR    Py      -0.000000       0.000000      -0.000000      -0.000002       0.002441
   18     AR    Pz       0.000000      -0.000000      -0.000000      -0.000006      -0.011135
   19     AR    Px       0.000000       0.000000      -0.000002      -0.282129       0.000012
   20     AR    Py       0.000000      -0.000000      -0.000000      -0.000001       0.001240
   21     AR    Pz      -0.000000       0.000000      -0.000000      -0.000003      -0.005654
   22     AR     S      -0.000008      -0.012079       0.000000       0.000000      -0.000000
   23     AR    Px       0.000000       0.000000      -0.000000      -0.008448       0.000000
   24     AR    Py      -0.000000       0.000000      -0.000000      -0.000000       0.000037
   25     AR    Pz       0.000000      -0.000000      -0.000000      -0.000000      -0.000169
   26     AR   Dxx       0.000001       0.001780      -0.000000       0.000000      -0.000000
   27     AR   Dxy      -0.000000       0.000000       0.000000       0.000000      -0.000000
   28     AR   Dxz       0.000000      -0.000000       0.000000       0.000000       0.000000
   29     AR   Dyy       0.000001       0.001780      -0.000000      -0.000000       0.000000
   30     AR   Dyz      -0.000000       0.000000       0.000000      -0.000000       0.000000
   31     AR   Dzz       0.000001       0.001780      -0.000000      -0.000000       0.000000
   32     AR     S      -0.038530       0.000025      -0.000000       0.000000      -0.000000
   33     AR     S      -0.112683       0.000074      -0.000000       0.000000      -0.000000
   34     AR     S       0.237173      -0.000155       0.000000      -0.000000       0.000000
   35     AR     S       0.417228      -0.000273       0.000000      -0.000000       0.000000
   36     AR     S      -0.660660       0.000432      -0.000000       0.000000      -0.000000
   37     AR     S      -0.551494       0.000361      -0.000000       0.000000      -0.000000
   38     AR    Px      -0.000000       0.000000      -0.284748       0.000002      -0.000008
   39     AR    Py       0.000000       0.000000       0.000008      -0.000012      -0.284422
   40     AR    Pz       0.000000       0.000000      -0.000000       0.000002       0.012314
   41     AR    Px      -0.000000       0.000000      -0.040697       0.000000      -0.000001
   42     AR    Py       0.000000       0.000000       0.000001      -0.000002      -0.040650
   43     AR    Pz      -0.000000       0.000000      -0.000000       0.000000       0.001760
   44     AR    Px       0.000000      -0.000000       0.321456      -0.000003       0.000009
   45     AR    Py      -0.000000      -0.000000      -0.000009       0.000013       0.321087
   46     AR    Pz      -0.000000      -0.000000       0.000001      -0.000002      -0.013901
   47     AR    Px       0.000000      -0.000000       0.555679      -0.000005       0.000015
   48     AR    Py      -0.000000       0.000000      -0.000015       0.000023       0.555042
   49     AR    Pz       0.000000       0.000000       0.000001      -0.000004      -0.024030
   50     AR    Px      -0.000000       0.000000       0.282129      -0.000002       0.000008
   51     AR    Py      -0.000000      -0.000000      -0.000008       0.000011       0.281806
   52     AR    Pz      -0.000000      -0.000000       0.000000      -0.000002      -0.012201
   53     AR     S      -0.012079       0.000008       0.000000      -0.000000       0.000000
   54     AR    Px      -0.000000       0.000000       0.008448      -0.000000       0.000000
   55     AR    Py       0.000000       0.000000      -0.000000       0.000000       0.008439
   56     AR    Pz       0.000000       0.000000       0.000000      -0.000000      -0.000365
   57     AR   Dxx       0.001780      -0.000001       0.000000      -0.000000       0.000000
   58     AR   Dxy      -0.000000      -0.000000      -0.000000       0.000000       0.000000
   59     AR   Dxz       0.000000      -0.000000      -0.000000      -0.000000      -0.000000
   60     AR   Dyy       0.001780      -0.000001      -0.000000       0.000000      -0.000000
   61     AR   Dyz      -0.000000       0.000000      -0.000000      -0.000000      -0.000000
   62     AR   Dzz       0.001780      -0.000001      -0.000000       0.000000      -0.000000
 
                          -0.5914        -0.5914        -0.5914   
 
    1     AR     S      -0.000000      -0.000000       0.000000
    2     AR     S      -0.000000      -0.000000       0.000000
    3     AR     S       0.000000       0.000000      -0.000000
    4     AR     S       0.000000       0.000000      -0.000000
    5     AR     S      -0.000000      -0.000000       0.000000
    6     AR     S      -0.000000      -0.000000       0.000000
    7     AR    Px       0.000002       0.000002      -0.000001
    8     AR    Py       0.093978      -0.268579       0.010653
    9     AR    Pz      -0.268478      -0.094311      -0.008606
   10     AR    Px       0.000000       0.000000      -0.000000
   11     AR    Py       0.013432      -0.038386       0.001523
   12     AR    Pz      -0.038371      -0.013479      -0.001230
   13     AR    Px      -0.000003      -0.000002       0.000001
   14     AR    Py      -0.106093       0.303202      -0.012026
   15     AR    Pz       0.303088       0.106468       0.009716
   16     AR    Px      -0.000005      -0.000004       0.000002
   17     AR    Py      -0.183396       0.524125      -0.020789
   18     AR    Pz       0.523928       0.184045       0.016795
   19     AR    Px      -0.000002      -0.000002       0.000001
   20     AR    Py      -0.093114       0.266109      -0.010555
   21     AR    Pz       0.266009       0.093443       0.008527
   22     AR     S       0.000000       0.000000      -0.000000
   23     AR    Px      -0.000000      -0.000000       0.000000
   24     AR    Py      -0.002788       0.007969      -0.000316
   25     AR    Pz       0.007966       0.002798       0.000255
   26     AR   Dxx       0.000000       0.000000      -0.000000
   27     AR   Dxy       0.000000      -0.000000       0.000000
   28     AR   Dxz      -0.000000      -0.000000      -0.000000
   29     AR   Dyy      -0.000000      -0.000000       0.000000
   30     AR   Dyz      -0.000000       0.000000      -0.000000
   31     AR   Dzz      -0.000000      -0.000000       0.000000
   32     AR     S      -0.000000      -0.000000      -0.000000
   33     AR     S      -0.000000      -0.000000      -0.000000
   34     AR     S       0.000000       0.000000       0.000000
   35     AR     S       0.000000       0.000000       0.000000
   36     AR     S      -0.000000      -0.000000      -0.000000
   37     AR     S      -0.000000      -0.000000      -0.000000
   38     AR    Px      -0.000000      -0.000000      -0.000000
   39     AR    Py      -0.006293      -0.000398       0.012083
   40     AR    Pz      -0.011387       0.007229       0.284162
   41     AR    Px      -0.000000      -0.000000      -0.000000
   42     AR    Py      -0.000899      -0.000057       0.001727
   43     AR    Pz      -0.001627       0.001033       0.040613
   44     AR    Px       0.000000       0.000000       0.000000
   45     AR    Py       0.007104       0.000449      -0.013641
   46     AR    Pz       0.012855      -0.008161      -0.320794
   47     AR    Px       0.000000       0.000000       0.000000
   48     AR    Py       0.012280       0.000776      -0.023580
   49     AR    Pz       0.022221      -0.014108      -0.554535
   50     AR    Px       0.000000       0.000000       0.000000
   51     AR    Py       0.006235       0.000394      -0.011972
   52     AR    Pz       0.011282      -0.007163      -0.281549
   53     AR     S       0.000000       0.000000       0.000000
   54     AR    Px       0.000000       0.000000       0.000000
   55     AR    Py       0.000187       0.000012      -0.000358
   56     AR    Pz       0.000338      -0.000214      -0.008431
   57     AR   Dxx      -0.000000       0.000000       0.000000
   58     AR   Dxy       0.000000       0.000000      -0.000000
   59     AR   Dxz       0.000000      -0.000000      -0.000000
   60     AR   Dyy      -0.000000      -0.000000      -0.000000
   61     AR   Dyz      -0.000000       0.000000      -0.000000
   62     AR   Dzz      -0.000000       0.000000       0.000000
 
 
  Occupied Eigenvectors for: POSITRON
 --------------------------- 
 
                           0.0001   
 
    1     E+     S      -1.568209
    2     E+     S       0.388231
    3     E+     S       0.130421
    4     E+     S      -0.016976
    5     E+     S       0.009870
    6     E+     S       0.000234
    7     E+     S       0.001380
    8     E+     S      -0.001157
    9     E+     S      -0.001060
   10     E+     S       0.000131
   11     E+    Px       0.954291
   12     E+    Py      -0.000000
   13     E+    Pz      -0.000000
   14     E+    Px      -0.036125
   15     E+    Py       0.000000
   16     E+    Pz       0.000000
   17     E+    Px       0.009605
   18     E+    Py       0.000000
   19     E+    Pz       0.000000
   20     E+    Px      -0.002406
   21     E+    Py      -0.000000
   22     E+    Pz      -0.000000
   23     E+   Dxx       0.838389
   24     E+   Dxy      -0.000000
   25     E+   Dxz      -0.000000
   26     E+   Dyy       0.405984
   27     E+   Dyz       0.000000
   28     E+   Dzz       0.405984
   29     E+   Dxx       0.209082
   30     E+   Dxy       0.000000
   31     E+   Dxz       0.000000
   32     E+   Dyy       0.212216
   33     E+   Dyz       0.000000
   34     E+   Dzz       0.212216
   35     E+     S      -1.568209
   36     E+     S       0.388231
   37     E+     S       0.130421
   38     E+     S      -0.016976
   39     E+     S       0.009870
   40     E+     S       0.000234
   41     E+     S       0.001380
   42     E+     S      -0.001157
   43     E+     S      -0.001060
   44     E+     S       0.000131
   45     E+    Px      -0.954291
   46     E+    Py       0.000000
   47     E+    Pz       0.000000
   48     E+    Px       0.036126
   49     E+    Py      -0.000000
   50     E+    Pz      -0.000000
   51     E+    Px      -0.009605
   52     E+    Py       0.000000
   53     E+    Pz       0.000000
   54     E+    Px       0.002406
   55     E+    Py       0.000000
   56     E+    Pz       0.000000
   57     E+   Dxx       0.838389
   58     E+   Dxy      -0.000000
   59     E+   Dxz      -0.000000
   60     E+   Dyy       0.405984
   61     E+   Dyz      -0.000000
   62     E+   Dzz       0.405984
   63     E+   Dxx       0.209082
   64     E+   Dxy       0.000000
   65     E+   Dxz       0.000000
   66     E+   Dyy       0.212216
   67     E+   Dyz      -0.000000
   68     E+   Dzz       0.212216
 
 
  end of eigenvectors 
 
  END OF EIGENVALUES AND EIGENVECTORS
 
 
  COMPONENTS OF KINETIC ENERGY: 
 -----------------------------
 
                  E- Kinetic energy =         1053.595735128856
            POSITRON Kinetic energy =            0.000077325897
                                     _________________________
               Total kinetic energy =         1053.595812454754
 
  COMPONENTS OF POTENTIAL ENERGY: 
 -------------------------------
 
          Fixed potential energy    =            6.923076923077
 
  Quantum/Fixed interaction energy: 
 ----------------------------------
 
          E-/Fixed interact. energy =        -2523.861494817708
    POSITRON/Fixed interact. energy =            0.356010589750
                                     _________________________
               Total Q/Fixed energy =        -2523.505484227958
 
  Coulomb energy: 
 ------------------
 
               E-/E- Hartree energy =          470.094328660402
   POSITRON/POSITRON Hartree energy =            0.000000000000
         E-/POSITRON Hartree energy =           -0.356002564126
                                     _________________________
               Total Hartree energy =          469.738326096277
 
  Exchange(HF) energy: 
 ----------------------
 
                 E- Exchange energy =          -60.365752267256
           POSITRON Exchange energy =            0.000000000000
                                     _________________________
              Total Exchange energy =          -60.365752267256
 
  External Potential energy: 
 ----------------------------
 
                  E- Ext Pot energy =            0.000000000000
            POSITRON Ext Pot energy =           -0.000019801549
                                     _________________________
    Total External Potential energy =           -0.000019801549
 
  TOTAL ENERGY COMPONENTS: 
 ==========================
 
          TOTAL KINETIC ENERGY      =         1053.595812454754
          TOTAL POTENTIAL ENERGY    =        -2107.209853277409
                                     _________________________
                       TOTAL ENERGY =        -1053.614040822655
 
                 VIRIAL RATIO (V/T) =            2.000017301101
 
 
  END ENERGY COMPONENTS
 
 
** TOTAL CPU Time SCF :      1.074 (s)
** TOTAL Elapsed Time SCF :      0.405 (s)
 
 We are calculating properties for E- in the HF/KS ground state
 We are calculating properties for POSITRON in the HF/KS ground state
 
  POPULATION ANALYSES: 
 ====================
 
 MULLIKEN Population: for E-        
 ---------------------
 
                                    
 
    1     AR     S       0.777155
    2     AR     S       1.187471
    3     AR     S       0.957554
    4     AR     S       1.016967
    5     AR     S       1.065414
    6     AR     S       0.994040
    7     AR    Px       1.965968
    8     AR    Py       1.965968
    9     AR    Pz       1.965968
   10     AR    Px       0.024934
   11     AR    Py       0.024934
   12     AR    Pz       0.024934
   13     AR    Px       0.499839
   14     AR    Py       0.499839
   15     AR    Pz       0.499839
   16     AR    Px       1.061120
   17     AR    Py       1.061120
   18     AR    Pz       1.061120
   19     AR    Px       0.440275
   20     AR    Py       0.440275
   21     AR    Pz       0.440275
   22     AR     S       0.014997
   23     AR    Px       0.007864
   24     AR    Py       0.007864
   25     AR    Pz       0.007864
   26     AR   Dxx      -0.004532
   27     AR   Dxy       0.000000
   28     AR   Dxz       0.000000
   29     AR   Dyy      -0.004532
   30     AR   Dyz       0.000000
   31     AR   Dzz      -0.004532
   32     AR     S       0.777155
   33     AR     S       1.187471
   34     AR     S       0.957554
   35     AR     S       1.016967
   36     AR     S       1.065414
   37     AR     S       0.994040
   38     AR    Px       1.965968
   39     AR    Py       1.965968
   40     AR    Pz       1.965968
   41     AR    Px       0.024934
   42     AR    Py       0.024934
   43     AR    Pz       0.024934
   44     AR    Px       0.499839
   45     AR    Py       0.499839
   46     AR    Pz       0.499839
   47     AR    Px       1.061120
   48     AR    Py       1.061120
   49     AR    Pz       1.061120
   50     AR    Px       0.440275
   51     AR    Py       0.440275
   52     AR    Pz       0.440275
   53     AR     S       0.014997
   54     AR    Px       0.007864
   55     AR    Py       0.007864
   56     AR    Pz       0.007864
   57     AR   Dxx      -0.004532
   58     AR   Dxy       0.000000
   59     AR   Dxz       0.000000
   60     AR   Dyy      -0.004532
   61     AR   Dyz       0.000000
   62     AR   Dzz      -0.004532
 
                           __________
              Total =       36.000000
 
  Atomic MULLIKEN Population: for E-        
            AR              18.000000
            AR              18.000000
 
 ...end of MULLIKEN Population
 
 
 END POPULATION ANALYSES 
 
 
  POPULATION ANALYSES: 
 ====================
 
 LOWDIN Population: for E-        
 ---------------------
 
                                    
 
    1     AR     S       0.903190
    2     AR     S       1.085074
    3     AR     S       0.953732
    4     AR     S       0.963035
    5     AR     S       0.544209
    6     AR     S       0.563780
    7     AR    Px       1.884791
    8     AR    Py       1.884791
    9     AR    Pz       1.884791
   10     AR    Px       0.100697
   11     AR    Py       0.100697
   12     AR    Pz       0.100697
   13     AR    Px       0.548813
   14     AR    Py       0.548813
   15     AR    Pz       0.548813
   16     AR    Px       0.936024
   17     AR    Py       0.936024
   18     AR    Pz       0.936024
   19     AR    Px       0.452266
   20     AR    Py       0.452266
   21     AR    Pz       0.452266
   22     AR     S       0.148257
   23     AR    Px       0.077408
   24     AR    Py       0.077408
   25     AR    Pz       0.077408
   26     AR   Dxx       0.279574
   27     AR   Dxy       0.000000
   28     AR   Dxz       0.000000
   29     AR   Dyy       0.279574
   30     AR   Dyz       0.000000
   31     AR   Dzz       0.279574
   32     AR     S       0.903190
   33     AR     S       1.085074
   34     AR     S       0.953732
   35     AR     S       0.963035
   36     AR     S       0.544209
   37     AR     S       0.563780
   38     AR    Px       1.884791
   39     AR    Py       1.884791
   40     AR    Pz       1.884791
   41     AR    Px       0.100697
   42     AR    Py       0.100697
   43     AR    Pz       0.100697
   44     AR    Px       0.548813
   45     AR    Py       0.548813
   46     AR    Pz       0.548813
   47     AR    Px       0.936024
   48     AR    Py       0.936024
   49     AR    Pz       0.936024
   50     AR    Px       0.452266
   51     AR    Py       0.452266
   52     AR    Pz       0.452266
   53     AR     S       0.148257
   54     AR    Px       0.077408
   55     AR    Py       0.077408
   56     AR    Pz       0.077408
   57     AR   Dxx       0.279574
   58     AR   Dxy       0.000000
   59     AR   Dxz       0.000000
   60     AR   Dyy       0.279574
   61     AR   Dyz       0.000000
   62     AR   Dzz       0.279574
 
                           __________
              Total =       36.000000
 
  Atomic LOWDIN Population: for E-        
            AR              18.000000
            AR              18.000000
 
 ...end of LOWDIN Population
 
 
 END POPULATION ANALYSES 
 
 
  POPULATION ANALYSES: 
 ====================
 
 MULLIKEN Population: for POSITRON  
 ---------------------
 
                                    
 
    1     E+     S      -1.307762
    2     E+     S       0.190689
    3     E+     S       0.032848
    4     E+     S      -0.002116
    5     E+     S       0.000609
    6     E+     S       0.000007
    7     E+     S       0.000020
    8     E+     S      -0.000007
    9     E+     S      -0.000002
   10     E+     S       0.000000
   11     E+    Px       0.093715
   12     E+    Py       0.000000
   13     E+    Pz      -0.000000
   14     E+    Px      -0.001638
   15     E+    Py      -0.000000
   16     E+    Pz      -0.000000
   17     E+    Px       0.000188
   18     E+    Py      -0.000000
   19     E+    Pz      -0.000000
   20     E+    Px      -0.000016
   21     E+    Py       0.000000
   22     E+    Pz       0.000000
   23     E+   Dxx       0.609559
   24     E+   Dxy      -0.000000
   25     E+   Dxz       0.000000
   26     E+   Dyy       0.284227
   27     E+   Dyz      -0.000000
   28     E+   Dzz       0.284227
   29     E+   Dxx       0.106116
   30     E+   Dxy       0.000000
   31     E+   Dxz      -0.000000
   32     E+   Dyy       0.104668
   33     E+   Dyz      -0.000000
   34     E+   Dzz       0.104668
   35     E+     S      -1.307762
   36     E+     S       0.190689
   37     E+     S       0.032848
   38     E+     S      -0.002116
   39     E+     S       0.000609
   40     E+     S       0.000007
   41     E+     S       0.000020
   42     E+     S      -0.000007
   43     E+     S      -0.000002
   44     E+     S       0.000000
   45     E+    Px       0.093715
   46     E+    Py       0.000000
   47     E+    Pz      -0.000000
   48     E+    Px      -0.001638
   49     E+    Py      -0.000000
   50     E+    Pz      -0.000000
   51     E+    Px       0.000188
   52     E+    Py       0.000000
   53     E+    Pz       0.000000
   54     E+    Px      -0.000016
   55     E+    Py       0.000000
   56     E+    Pz       0.000000
   57     E+   Dxx       0.609559
   58     E+   Dxy      -0.000000
   59     E+   Dxz       0.000000
   60     E+   Dyy       0.284227
   61     E+   Dyz       0.000000
   62     E+   Dzz       0.284227
   63     E+   Dxx       0.106116
   64     E+   Dxy       0.000000
   65     E+   Dxz       0.000000
   66     E+   Dyy       0.104668
   67     E+   Dyz       0.000000
   68     E+   Dzz       0.104668
 
                           __________
              Total =        1.000000
 
  Atomic MULLIKEN Population: for POSITRON  
            AR               0.500000
            AR               0.500000
 
 ...end of MULLIKEN Population
 
 
 END POPULATION ANALYSES 
 
 
  POPULATION ANALYSES: 
 ====================
 
 LOWDIN Population: for POSITRON  
 ---------------------
 
                                    
 
    1     E+     S       0.042929
    2     E+     S       0.027456
    3     E+     S       0.004640
    4     E+     S       0.000944
    5     E+     S       0.000230
    6     E+     S       0.000062
    7     E+     S       0.000009
    8     E+     S       0.000000
    9     E+     S       0.000000
   10     E+     S       0.000000
   11     E+    Px       0.000129
   12     E+    Py      -0.000000
   13     E+    Pz      -0.000000
   14     E+    Px       0.000702
   15     E+    Py       0.000000
   16     E+    Pz       0.000000
   17     E+    Px       0.000001
   18     E+    Py       0.000000
   19     E+    Pz       0.000000
   20     E+    Px       0.000010
   21     E+    Py       0.000000
   22     E+    Pz       0.000000
   23     E+   Dxx       0.127230
   24     E+   Dxy      -0.000000
   25     E+   Dxz       0.000000
   26     E+   Dyy       0.122598
   27     E+   Dyz       0.000000
   28     E+   Dzz       0.122598
   29     E+   Dxx       0.019359
   30     E+   Dxy       0.000000
   31     E+   Dxz       0.000000
   32     E+   Dyy       0.015551
   33     E+   Dyz       0.000000
   34     E+   Dzz       0.015551
   35     E+     S       0.042929
   36     E+     S       0.027456
   37     E+     S       0.004640
   38     E+     S       0.000944
   39     E+     S       0.000230
   40     E+     S       0.000062
   41     E+     S       0.000009
   42     E+     S       0.000000
   43     E+     S       0.000000
   44     E+     S       0.000000
   45     E+    Px       0.000129
   46     E+    Py       0.000000
   47     E+    Pz      -0.000000
   48     E+    Px       0.000702
   49     E+    Py       0.000000
   50     E+    Pz       0.000000
   51     E+    Px       0.000001
   52     E+    Py       0.000000
   53     E+    Pz       0.000000
   54     E+    Px       0.000010
   55     E+    Py       0.000000
   56     E+    Pz      -0.000000
   57     E+   Dxx       0.127230
   58     E+   Dxy       0.000000
   59     E+   Dxz       0.000000
   60     E+   Dyy       0.122598
   61     E+   Dyz       0.000000
   62     E+   Dzz       0.122598
   63     E+   Dxx       0.019359
   64     E+   Dxy       0.000000
   65     E+   Dxz       0.000000
   66     E+   Dyy       0.015551
   67     E+   Dyz       0.000000
   68     E+   Dzz       0.015551
 
                           __________
              Total =        1.000000
 
  Atomic LOWDIN Population: for POSITRON  
            AR               0.500000
            AR               0.500000
 
 ...end of LOWDIN Population
 
 
 END POPULATION ANALYSES 
 
 
  EXPECTED POSITIONS OF QUANTUM SPECIES:
 ======================
 
 POSITIONS IN ANGSTROMS
 ------
 
                        <x>      <y>      <z>         
                 E- 445.7789   0.0000   0.0000
           POSITRON  12.3827   0.0000  -0.0000
 
 END EXPECTED POSITIONS
 
 
  ELECTROSTATIC MOMENTS:
 ======================
 
 
 DIPOLE: (A.U.)
 ------
 
                           <Dx>         <Dy>         <Dz>          |D|
                 E--842.40000000  -0.00000000  -0.00000000
           POSITRON  23.39999995   0.00000000  -0.00000000
    Point charges:  842.40000000   0.00000000   0.00000000
                     ____________________________
      Total Dipole:  23.39999995   0.00000000  -0.00000000  23.39999995
 
 DIPOLE: (DEBYE)
 ------
 
                           <Dx>         <Dy>         <Dz>          |D|
                 E-*************  -0.00000000  -0.00000000
           POSITRON  59.47685953   0.00000000  -0.00000000
    Point charges: 2141.16694794   0.00000000   0.00000000
                     ____________________________
      Total Dipole:  59.47685953   0.00000000  -0.00000000  59.47685953
 
 QUADRUPOLE NON-TRACELESS: (DEBYE ANGS)
 ------
 
                           <xx>         <yy>         <zz>         <xy>         <xz>         <yz>
                 E-**************  -23.36330778  -23.36330778   -0.00000000    0.00000000    0.00000000
           POSITRON22489.19716767 7813.90382997 7813.90382996    0.00000000   -0.00000000   -0.00000000
    Point charges: 53027.05386035    0.00000000    0.00000000    0.00000000    0.00000000    0.00000000
  Total Quadrupole:22465.83386159 7790.54052220 7790.54052218    0.00000000   -0.00000000   -0.00000000
                     ____________________________
 
 END ELECTROSTATIC MOMENTS
 

  TOTAL CPU Time:      0.263 (s)
 TOTAL Wall Time:      0.459 (s)
  Elapsed Time:   0h  0m  0s 459ms
LOWDIN execution terminated normally at : Wed Nov 27 15:46:05 2024
-rw-rw-r-- 1 pohl pohl 704K nov 27 15:46 0E-.ints
-rw-rw-r-- 1 pohl pohl 3.5M nov 27 15:46 0E-.POSITRON.ints
-rw-rw-r-- 1 pohl pohl 2.1M nov 27 15:46 0POSITRON.ints
-rw-rw-r-- 1 pohl pohl 704K nov 27 15:46 1E-.ints
-rw-rw-r-- 1 pohl pohl 3.5M nov 27 15:46 1E-.POSITRON.ints
-rw-rw-r-- 1 pohl pohl 2.1M nov 27 15:46 1POSITRON.ints
-rw-rw-r-- 1 pohl pohl 704K nov 27 15:46 2E-.ints
-rw-rw-r-- 1 pohl pohl 3.5M nov 27 15:46 2E-.POSITRON.ints
-rw-rw-r-- 1 pohl pohl 2.1M nov 27 15:46 2POSITRON.ints
-rw-rw-r-- 1 pohl pohl 704K nov 27 15:46 3E-.ints
-rw-rw-r-- 1 pohl pohl 3.5M nov 27 15:46 3E-.POSITRON.ints
-rw-rw-r-- 1 pohl pohl 2.1M nov 27 15:46 3POSITRON.ints
-rw-rw-r-- 1 pohl pohl   12 nov 27 15:46 E-.POSITRON.nints
-rw-rw-r-- 1 pohl pohl   65 nov 27 15:46 gepol.inp
-rw-rw-r-- 1 pohl pohl   91 nov 27 15:46 gepol.xyzr
-rw-rw-r-- 1 pohl pohl  12K nov 27 15:46 lowdin.bas
-rw-rw-r-- 1 pohl pohl  16K nov 27 15:46 lowdin.dat
-rw-rw-r-- 1 pohl pohl 867K nov 27 15:46 lowdin.opints
-rw-rw-r-- 1 pohl pohl  32K nov 27 15:46 lowdin.sys
-rw-rw-r-- 1 pohl pohl 865K nov 27 15:46 lowdin.wfn
-rw-rw-r-- 1 pohl pohl  498 nov 27 15:46 usual_225
-rw-rw-r-- 1 pohl pohl 1.8K nov 27 15:46 usual_225.aux
-rw-rw-r-- 1 pohl pohl  503 nov 27 15:46 usual_225.lowdin
-rw-rw-r-- 1 pohl pohl  65K nov 27 15:46 usual_225.out
-rw-rw-r-- 1 pohl pohl  68K nov 27 15:46 usual_225.vec
