Begin job by input: usual_188.lowdin, for user:   at  mié 27 nov 2024 15:45:42 -05
under operating system Linux helios 5.19.0-46-generic #47-Ubuntu SMP PREEMPT_DYNAMIC Fri Jun 16 13:30:11 UTC 2023 x86_64 x86_64 x86_64 GNU/Linux
Compilation information
  commit: f31d3924f6ee2ce9d77f07edcc1ba27359319d14
  compilation date:  mar 17 sep 2024 16:16:17 -05

BEGIN INPUT INFO:
------------------------------------

GEOMETRY
	Ar	Dirac	0.0 0.0 0.0
	e-(Ar)	6-311++G.d.p 0.0 0.0 0.0
	E+	GRIBAKIN-10S4P2D 0.0 0.0 0.0
	Ar	Dirac	39.4 0.0 0.0
	e-(Ar)	6-311++G.d.p	39.4 0.0 0.0
	E+	GRIBAKIN-10S4P2D 39.4 0.0 0.0 addParticles=-1 
END GEOMETRY

TASKS
        method = "RHF"
END TASKS

EXTERPOTENTIAL
	E- GRIBAKIN0
	E+ AR188
END EXTERPOTENTIAL

CONTROL
	units="BOHRS"
	readCoefficients=F
	convergenceMethod=1
	overlapEigenThreshold=1E-6
	SCFGhostSpecies="POSITRON"
	HFprintEigenvalues=T
	totalEnergyTolerance = 1E-9
END CONTROL


... END INPUT INFO


 LOWDIN execution started at : Wed Nov 27 15:45:42 2024
 ---------------------------------------------------------------
 
 ***************************************************************
 *                   LOWDIN 2.0  (May/2013)                    *
 *                                                             *
 *  R. FLORES-MORENO, E. F. POSADA, F. S. MONCADA, J.ROMERO,   *
 *  J. CHARRY, M. DIAZ-TINOCO, S. A. GONZALEZ, N. F. AGUIRRE,  *
 *  A. REYES                                                   *
 *                                                             *
 *  https://sites.google.com/site/lowdinproject/               *
 *                                                             *
 ***************************************************************
 
 PARSING INPUT... DONE!
 
 LOWDIN IS RUNNING WITH NEXT PARAMETERS: 
 ----------------------------------------
 
         METHOD TYPE:  RHF
         NUMBER OF CORES:     4
         NONELECTRONIC DENSITY GUESS: HCORE
         ELECTRONIC DENSITY GUESS: HCORE
         CRITERIUM OF CONVERGENCE: ENERGY
         NONELECTRONIC ENERGY TOLERANCE IN SCFs:     0.10000E-07
         ELECTRONIC ENERGY TOLERANCE IN SCFs:     0.10000E-07
         TOTAL ENERGY TOLERANCE IN SCFs:     0.10000E-08
         SCHEME OF ITERATION: GLOBAL ITERATIONS
         SCF MAX. SUBITERATIONS - NONELECTRONS :     1
         SCF MAX. SUBITERATIONS - ELECTRONS :     1
         SCF MAX. ITERATIONS - INTERSPECIES :   200
         INTEGRAL STORAGE: DISK
         STACK SIZE FOR ERIS : 30000
         METHOD OF SCF CONVERGENCE: DAMPING
 
  MOLECULAR SYSTEM: usual_188
 -----------------
 
    DESCRIPTION   : usual_188
    CHARGE        :   2
    PUNTUAL GROUP : NONE
 
 
  INFORMATION OF PARTICLES :
 =========================
         Total number of particles   =      39
         Number of quantum particles =      37
         Number of puntual charges   =       2
         Number of quantum species   =       2
 
                 INFORMATION OF QUANTUM SPECIES 
    ----------------------------------------------------------------------
         ID      Symbol            mass     charge      omega     spin     multiplicity
    ----------------------------------------------------------------------
         1             E-         1.0000     -1.00      0.00      0.50      1.00
         2             E+         1.0000      1.00      0.00      0.50      1.00
 
                   CONSTANTS OF COUPLING 
      ------------------------------------------------------------
              Symbol      kappa        eta     lambda occupation
      ------------------------------------------------------------
                  E-      -1.00       2.00       2.00      18.00
                  E+      -1.00       1.00       1.00       1.00
 
                   BASIS SET FOR SPECIES 
      ------------------------------------------------------------
           Symbol          N. Basis     N. Particles     Basis Set
      ------------------------------------------------------------
                 E-           28               36     6-311++G.D
                 E+           32                1     GRIBAKIN-1
 
                                ATOMIC BASIS
         ------------------------------------------------------------
          PRIMITIVE   SHELL             EXPONENT         COEFFICIENT 
         ------------------------------------------------------------
 
    BEGIN DESCRIPTION OF BASIS FOR:    E-
    ==============================
 
 
            AR BASIS SET:   6-311++G.D.P
             1         S           118022.38000000          0.00074700
             2         S            17683.54100000          0.00579000
             3         S             4027.76570000          0.02991900
             4         S             1145.39770000          0.11920600
             5         S              377.16375000          0.36902800
             6         S              138.15969000          0.57645900
             1         S              138.15969000          0.14392700
             2         S               54.98911700          0.62293800
             3         S               23.17066700          0.28396400
             1         S                7.37786000          1.00000000
             1         S                2.92368800          1.00000000
             1         S                0.65040500          1.00000000
             1         S                0.23282500          1.00000000
             1         P              663.06201000          0.00308200
             2         P              157.09281000          0.02416500
             3         P               50.23110000          0.10822300
             4         P               18.63534500          0.29419200
             5         P                7.44653700          0.68786200
             1         P                7.44653700         -0.12144820
             2         P                3.09569800          0.16323700
             1         P                1.10646300          1.00000000
             1         P                0.41560100          1.00000000
             1         P                0.14544900          1.00000000
             1         S                0.06000000          1.00000000
             1         P                0.06000000          1.00000000
             1         D                0.85000000          1.00000000
 
            AR BASIS SET:   6-311++G.D.P
             1         S           118022.38000000          0.00074700
             2         S            17683.54100000          0.00579000
             3         S             4027.76570000          0.02991900
             4         S             1145.39770000          0.11920600
             5         S              377.16375000          0.36902800
             6         S              138.15969000          0.57645900
             1         S              138.15969000          0.14392700
             2         S               54.98911700          0.62293800
             3         S               23.17066700          0.28396400
             1         S                7.37786000          1.00000000
             1         S                2.92368800          1.00000000
             1         S                0.65040500          1.00000000
             1         S                0.23282500          1.00000000
             1         P              663.06201000          0.00308200
             2         P              157.09281000          0.02416500
             3         P               50.23110000          0.10822300
             4         P               18.63534500          0.29419200
             5         P                7.44653700          0.68786200
             1         P                7.44653700         -0.12144820
             2         P                3.09569800          0.16323700
             1         P                1.10646300          1.00000000
             1         P                0.41560100          1.00000000
             1         P                0.14544900          1.00000000
             1         S                0.06000000          1.00000000
             1         P                0.06000000          1.00000000
             1         D                0.85000000          1.00000000
    ... END DESCRIPTION OF BASIS
 
 
    BEGIN DESCRIPTION OF BASIS FOR:    E+
    ==============================
 
 
            E+ BASIS SET:GRIBAKIN-10S4P2
             1         S                0.00010000          1.00000000
             1         S                0.00030000          1.00000000
             1         S                0.00090000          1.00000000
             1         S                0.00270000          1.00000000
             1         S                0.00810000          1.00000000
             1         S                0.02430000          1.00000000
             1         S                0.07290000          1.00000000
             1         S                0.21870000          1.00000000
             1         S                0.65610000          1.00000000
             1         S                1.96830000          1.00000000
             1         P                0.00010000          1.00000000
             1         P                0.00030000          1.00000000
             1         P                0.00090000          1.00000000
             1         P                0.00270000          1.00000000
             1         D                0.00010000          1.00000000
             1         D                0.00030000          1.00000000
 
            E+ BASIS SET:GRIBAKIN-10S4P2
             1         S                0.00010000          1.00000000
             1         S                0.00030000          1.00000000
             1         S                0.00090000          1.00000000
             1         S                0.00270000          1.00000000
             1         S                0.00810000          1.00000000
             1         S                0.02430000          1.00000000
             1         S                0.07290000          1.00000000
             1         S                0.21870000          1.00000000
             1         S                0.65610000          1.00000000
             1         S                1.96830000          1.00000000
             1         P                0.00010000          1.00000000
             1         P                0.00030000          1.00000000
             1         P                0.00090000          1.00000000
             1         P                0.00270000          1.00000000
             1         D                0.00010000          1.00000000
             1         D                0.00030000          1.00000000
    ... END DESCRIPTION OF BASIS
 
 
  END INFORMATION OF PARTICLES
 
 
  INFORMATION OF THE QUANTUM SYSTEM 
     ---------------------------------------------------------------------
                 ID     Occupied Orbitals     Basis size
     ---------------------------------------------------------------------
                 E-           18               62
                 E+            1               68
 
  END INFORMATION OF QUANTUM SYSTEM
 
 
  INFORMATION OF EXTERNAL POTENTIALS 
 
 =======
 External Potential for E- : GRIBAKIN0
 Type : 
                     Exponent         l       R_x       R_y       R_z              Factor
                 0.0010000000         0   0.00000   0.00000   0.00000        0.0000000000
 
 =======
 External Potential for E+ : AR188
 Type : 
                     Exponent         l       R_x       R_y       R_z              Factor
                 0.0010000000         0   0.00000   0.00000   0.00000        0.0000779688
                 0.0020000000         0   0.00000   0.00000   0.00000       -0.0004786853
                 0.0040000000         0   0.00000   0.00000   0.00000        0.0013189164
                 0.0080000000         0   0.00000   0.00000   0.00000       -0.0033441280
                 0.0160000000         0   0.00000   0.00000   0.00000        0.0050907505
                 0.0320000000         0   0.00000   0.00000   0.00000       -0.0151949101
                 0.0640000000         0   0.00000   0.00000   0.00000        0.0049422575
                 0.1280000000         0   0.00000   0.00000   0.00000       -0.1024675180
                 0.2560000000         0   0.00000   0.00000   0.00000       -0.1709080790
                 0.5120000000         0   0.00000   0.00000   0.00000       -1.1786523000
                 1.0000000000         0   0.00000   0.00000   0.00000       -3.9901484000
                 2.0000000000         0   0.00000   0.00000   0.00000      129.9336270000
                 3.0000000000         0   0.00000   0.00000   0.00000    -1317.9950900000
                 4.0000000000         0   0.00000   0.00000   0.00000     7976.3295300000
                 5.0000000000         0   0.00000   0.00000   0.00000   -30887.5711000000
                 6.0000000000         0   0.00000   0.00000   0.00000    78131.7910000000
                 7.0000000000         0   0.00000   0.00000   0.00000  -128444.4630000000
                 8.0000000000         0   0.00000   0.00000   0.00000   132337.9190000000
                 9.0000000000         0   0.00000   0.00000   0.00000   -77735.4212000000
                10.0000000000         0   0.00000   0.00000   0.00000    19907.5941000000
                20.0000000000         0   0.00000   0.00000   0.00000     -135.7052840000
                30.0000000000         0   0.00000   0.00000   0.00000       72.5910786000
                40.0000000000         0   0.00000   0.00000   0.00000      -41.7155821000
                50.0000000000         0   0.00000   0.00000   0.00000       12.4077673000
               100.0000000000         0   0.00000   0.00000   0.00000       -0.2471957670
                 0.0010000000         0  39.40000   0.00000   0.00000        0.0000779688
                 0.0020000000         0  39.40000   0.00000   0.00000       -0.0004786853
                 0.0040000000         0  39.40000   0.00000   0.00000        0.0013189164
                 0.0080000000         0  39.40000   0.00000   0.00000       -0.0033441280
                 0.0160000000         0  39.40000   0.00000   0.00000        0.0050907505
                 0.0320000000         0  39.40000   0.00000   0.00000       -0.0151949101
                 0.0640000000         0  39.40000   0.00000   0.00000        0.0049422575
                 0.1280000000         0  39.40000   0.00000   0.00000       -0.1024675180
                 0.2560000000         0  39.40000   0.00000   0.00000       -0.1709080790
                 0.5120000000         0  39.40000   0.00000   0.00000       -1.1786523000
                 1.0000000000         0  39.40000   0.00000   0.00000       -3.9901484000
                 2.0000000000         0  39.40000   0.00000   0.00000      129.9336270000
                 3.0000000000         0  39.40000   0.00000   0.00000    -1317.9950900000
                 4.0000000000         0  39.40000   0.00000   0.00000     7976.3295300000
                 5.0000000000         0  39.40000   0.00000   0.00000   -30887.5711000000
                 6.0000000000         0  39.40000   0.00000   0.00000    78131.7910000000
                 7.0000000000         0  39.40000   0.00000   0.00000  -128444.4630000000
                 8.0000000000         0  39.40000   0.00000   0.00000   132337.9190000000
                 9.0000000000         0  39.40000   0.00000   0.00000   -77735.4212000000
                10.0000000000         0  39.40000   0.00000   0.00000    19907.5941000000
                20.0000000000         0  39.40000   0.00000   0.00000     -135.7052840000
                30.0000000000         0  39.40000   0.00000   0.00000       72.5910786000
                40.0000000000         0  39.40000   0.00000   0.00000      -41.7155821000
                50.0000000000         0  39.40000   0.00000   0.00000       12.4077673000
               100.0000000000         0  39.40000   0.00000   0.00000       -0.2471957670
 
  END INFORMATION OF EXTERNAL POTENTIALS
 
                       INITIAL GEOMETRY: AMSTRONG
                 -----------------------------------
                       <x>                 <y>                 <z>
      E-AR        0.0000000000        0.0000000000        0.0000000000
      E-AR       20.8495836201        0.0000000000        0.0000000000
        E+        0.0000000000        0.0000000000        0.0000000000
        E+       20.8495836201        0.0000000000        0.0000000000
        AR        0.0000000000        0.0000000000        0.0000000000
        AR       20.8495836201        0.0000000000        0.0000000000
 
                     MATRIX OF DISTANCE: ANGSTROM
                 -----------------------------------
                          AR(1)          AR(2)     
 
        AR(1)            0.000000      20.849584
        AR(2)           20.849584       0.000000
 
--------------------------------------------------------------------------------
** PROGRAM: SCF (Hartree Fock).     Author: S.A. Gonzalez, E. Posada, F. Moncada
--------------------------------------------------------------------------------
INFO: RUNNING IN RHF MODE.
 
----------------------------------------------------------------------
** PROGRAM INTS                          Author: E. F. Posada, 2013   
----------------------------------------------------------------------
INFO: RUNNING IN ONE_PARTICLE MODE.
 
 Number of Overlap integrals for species E-:   3844
 Number of Overlap integrals for species POSITRON:   4624
 Number of Kinetic integrals for species E-:   3844
 Number of Kinetic integrals for species POSITRON:   4624
 Number of Nuclear integrals for species E-:   3844
 Number of Nuclear integrals for species POSITRON:   4624
 Number of Moment integrals for species E-:  11532
 Number of Moment integrals for species POSITRON:  13872
 Number of 3C Overlap integrals for species E-:   3844
 Number of 3C Overlap integrals for species POSITRON:   4624
 
** TOTAL CPU Time INTS :      0.408 (s)
** TOTAL Elapsed Time INTS :      0.167 (s)
 
Removed     2 orbitals for species POSITRON with overlap eigen threshold of 1.000E-06
       Usign  HCORE density guess for species:         E-
     number of         E-     particles in guess density matrix:    36.000000
       Usign  HCORE density guess for species:   POSITRON
     number of   POSITRON     particles in guess density matrix:     0.000000
 Warning!, density matrix with deviation from number of particles    1.000000
 Number of unique integrals for species: 1 = 97536
 Number of unique integrals for species: 2 = 293994
 Number of unique integrals for species: 1 / 2 = 552374 Screened: 93886
 
 TWO-BODY INTEGRAL SETUP: 
------------------------- 
 Storage:   DISK
 Scheme: LIBINT
 Stack size:  30000
 
 LIBINT library, Fermann, J. T.; Valeev, F. L. 2010                   
 LOWDIN-LIBINT Implementation V. 2.1  Posada E. F. ; Reyes A. 2016   
 ----------------------------------------------------------------------

*** TOTAL CPU time intra-species integrals :      0.467 (s)
*** TOTAL elapsed time intra-species integrals :      0.071 (s)


*** TOTAL CPU time inter-species integrals :      0.660 (s)
*** TOTAL elapsed time inter-species integrals :      0.131 (s)

INFO: RUNNING SCHEME SIMULTANEOUS
 
 Begin Multi-Species SCF calculation:
 
 --------------------------------------------------------------------------------------------------
      Iteration                   Energy            Energy Change           Density Change
 --------------------------------------------------------------------------------------------------
              1        -996.367813894891         996.367813894891           0.304230039743
              2       -1028.104779486622          31.736965591731           0.186078090809
              3       -1053.293319204848          25.188539718226           0.017431028584
              4       -1053.568704539390           0.275385334542           0.005997062638
              5       -1053.591614537015           0.022909997625           0.002487710762
              6       -1053.601757767667           0.010143230652           0.001962488230
              7       -1053.608478950151           0.006721182484           0.165888410551
              8       -1053.614029514223           0.005550564071           0.037962304381
              9       -1053.614040310851           0.000010796629           0.000011538633
             10       -1053.614040319959           0.000000009108           0.000004985326
             11       -1053.614040320303           0.000000000344           0.000000743052
 Total energy converged after  11 global iterations                                                  
 
 ...end Multi-Species SCF calculation
 
 
 Begin SCF calculation by: E-
 -------------------------
 
 -----------------------------------------------------------------------------------
 Iteration                   Energy           Density Change         DIIS Error 
 -----------------------------------------------------------------------------------
    1       -1121.744479342575           0.184396942533                 -- 
    2       -1068.004113483268           0.015937622879                 -- 
    3       -1060.103364248266           0.004632152889                 -- 
    4       -1062.303114412574           0.001106763806                 -- 
    5       -1061.747726276111           0.000269723200                 -- 
    6       -1061.861785494357           0.000057643036                 -- 
    7       -1061.832691567314           0.000015001585                 -- 
    8       -1061.838804872658           0.000003165780                 -- 
    9       -1061.837143666707           0.000000982254                 -- 
   10       -1061.837544992319           0.000000207388                 -- 
 
 ... end SCF calculation
 
 Begin SCF calculation by: POSITRON
 -------------------------
 
 -----------------------------------------------------------------------------------
 Iteration                   Energy           Density Change         DIIS Error 
 -----------------------------------------------------------------------------------
    1           0.433862183882           0.001681148276                 -- 
    2           0.000560452009           0.001493405705                 -- 
    3          -0.007372418298           0.001364909748                 -- 
    4          -0.005159077306           0.001380946955                 -- 
    5          -0.003659687893           0.001692765030                 -- 
    6          -0.000005539151           0.165830767515                 -- 
    7           0.000044858891           0.037947302796                 -- 
    8           0.000044868667           0.000008372853                 -- 
    9           0.000044864252           0.000004003072                 -- 
   10           0.000044864894           0.000000535664                 -- 
 
 ... end SCF calculation
 
  EIGENVALUES AND EIGENVECTORS: 
 ==============================
 
 
  Eigenvalues for: E-
 -----------------
 
    1        -118.610400742531
    2        -118.610400742531
    3         -12.322679421277
    4         -12.322679421277
    5          -9.572523437205
    6          -9.572523437205
    7          -9.572523437204
    8          -9.572523437204
    9          -9.572523437204
   10          -9.572523437204
   11          -1.277376697854
   12          -1.277376697854
   13          -0.591387370159
   14          -0.591387370159
   15          -0.591387370081
   16          -0.591387370081
   17          -0.591387370081
   18          -0.591387370081
   19           0.134700335119
   20           0.134700335119
   21           0.152409819065
   22           0.152409819065
   23           0.152409819082
   24           0.152409819082
   25           0.152409819082
   26           0.152409819082
   27           0.709217791918
   28           0.709217791918
   29           0.709217791952
   30           0.709217791952
   31           0.709217791952
   32           0.709217791952
   33           1.072837471421
   34           1.072837471421
   35           1.214864596022
   36           1.214864596022
   37           1.214864596022
   38           1.214864596022
   39           1.214864596025
   40           1.214864596025
   41           1.214864596025
   42           1.214864596025
   43           1.214864596026
   44           1.214864596026
   45           2.743211189674
   46           2.743211189674
   47           2.743211189687
   48           2.743211189687
   49           2.743211189687
   50           2.743211189687
   51           4.434781470700
   52           4.434781470700
   53          14.030004219374
   54          14.030004219374
   55          14.030004219374
   56          14.030004219374
   57          14.030004219406
   58          14.030004219406
   59          16.732879556616
   60          16.732879556619
   61         254.593005203777
   62         254.593005203779
 
 
  Eigenvalues for: POSITRON
 -----------------
 
    1           0.000066052286
    2           0.000134920350
    3           0.000209169107
    4           0.000209169107
    5           0.000255344708
    6           0.000281004167
    7           0.000281004168
    8           0.000283215979
    9           0.000326537178
   10           0.000326537178
   11           0.000420591540
   12           0.000424747157
   13           0.000427969344
   14           0.000427969344
   15           0.000439615464
   16           0.000439615464
   17           0.000567734031
   18           0.000567734033
   19           0.000585156869
   20           0.000721765529
   21           0.000904327533
   22           0.000904327533
   23           0.000948264491
   24           0.001144408549
   25           0.001144408549
   26           0.001151091508
   27           0.001241711873
   28           0.001241711873
   29           0.001435323084
   30           0.001506183650
   31           0.001506183650
   32           0.001508941738
   33           0.001508941738
   34           0.001537998708
   35           0.001801966724
   36           0.001801966724
   37           0.001861095959
   38           0.001862106457
   39           0.002955612930
   40           0.002955612930
   41           0.003227550877
   42           0.003571670927
   43           0.003698501408
   44           0.003698501409
   45           0.003843218288
   46           0.004485509609
   47           0.007858839311
   48           0.007945414117
   49           0.009229189369
   50           0.009561323708
   51           0.009561323708
   52           0.010223525685
   53           0.010223525685
   54           0.012053314682
   55           0.020925405908
   56           0.021824460469
   57           0.064663487210
   58           0.064715541211
   59           0.217774851850
   60           0.217811025585
   61           0.859381260684
   62           0.859519794194
   63           4.193398862715
   64           4.193572078278
   65          24.143978362119
   66          24.144232093206
   67     1000000.000000000000
   68     1000000.000000000000
 
  end of eigenvalues 
 
  Occupied Eigenvectors for: E-
 --------------------------- 
 
                        -118.6104      -118.6104       -12.3227       -12.3227        -9.5725   
 
    1     AR     S       0.045682      -0.407931       0.000349       0.123093       0.000000
    2     AR     S       0.072913      -0.651098       0.000951       0.335856       0.000000
    3     AR     S       0.001381      -0.012329      -0.001512      -0.533672      -0.000000
    4     AR     S      -0.000211       0.001884      -0.001639      -0.578621      -0.000000
    5     AR     S       0.000127      -0.001132      -0.000158      -0.055908       0.000000
    6     AR     S       0.000011      -0.000094       0.000016       0.005713       0.000000
    7     AR    Px       0.000000      -0.000000       0.000000       0.000000      -0.972977
    8     AR    Py       0.000000      -0.000000       0.000000      -0.000000       0.002240
    9     AR    Pz       0.000000      -0.000000      -0.000000      -0.000000       0.001415
   10     AR    Px       0.000000      -0.000000       0.000000       0.000000      -0.187136
   11     AR    Py      -0.000000       0.000000      -0.000000      -0.000000       0.000431
   12     AR    Pz       0.000000      -0.000000      -0.000000      -0.000000       0.000272
   13     AR    Px      -0.000000       0.000000      -0.000000      -0.000000      -0.042013
   14     AR    Py       0.000000      -0.000000      -0.000000      -0.000000       0.000097
   15     AR    Pz      -0.000000       0.000000       0.000000       0.000000       0.000061
   16     AR    Px       0.000000      -0.000000       0.000000       0.000000       0.004090
   17     AR    Py       0.000000      -0.000000       0.000000      -0.000000      -0.000009
   18     AR    Pz      -0.000000       0.000000       0.000000      -0.000000      -0.000006
   19     AR    Px      -0.000000       0.000000      -0.000000      -0.000000      -0.001965
   20     AR    Py      -0.000000       0.000000      -0.000000      -0.000000       0.000005
   21     AR    Pz       0.000000      -0.000000      -0.000000      -0.000000       0.000003
   22     AR     S      -0.000003       0.000023      -0.000004      -0.001294      -0.000000
   23     AR    Px       0.000000      -0.000000       0.000000       0.000000       0.000693
   24     AR    Py       0.000000      -0.000000       0.000000      -0.000000      -0.000002
   25     AR    Pz      -0.000000       0.000000       0.000000       0.000000      -0.000001
   26     AR   Dxx      -0.000040       0.000354       0.000017       0.006078       0.000000
   27     AR   Dxy       0.000000      -0.000000       0.000000      -0.000000      -0.000000
   28     AR   Dxz       0.000000      -0.000000       0.000000      -0.000000      -0.000000
   29     AR   Dyy      -0.000040       0.000354       0.000017       0.006078      -0.000000
   30     AR   Dyz       0.000000      -0.000000       0.000000      -0.000000      -0.000000
   31     AR   Dzz      -0.000040       0.000354       0.000017       0.006078      -0.000000
   32     AR     S      -0.407931      -0.045682      -0.123093       0.000349       0.000000
   33     AR     S      -0.651098      -0.072913      -0.335856       0.000951       0.000000
   34     AR     S      -0.012329      -0.001381       0.533672      -0.001512      -0.000000
   35     AR     S       0.001884       0.000211       0.578621      -0.001639      -0.000000
   36     AR     S      -0.001132      -0.000127       0.055908      -0.000158       0.000000
   37     AR     S      -0.000094      -0.000011      -0.005713       0.000016       0.000000
   38     AR    Px       0.000000       0.000000       0.000000      -0.000000       0.013063
   39     AR    Py       0.000000       0.000000      -0.000000      -0.000000      -0.003785
   40     AR    Pz       0.000000       0.000000       0.000000      -0.000000       0.006281
   41     AR    Px       0.000000       0.000000       0.000000      -0.000000       0.002513
   42     AR    Py       0.000000       0.000000      -0.000000      -0.000000      -0.000728
   43     AR    Pz      -0.000000       0.000000       0.000000      -0.000000       0.001208
   44     AR    Px      -0.000000      -0.000000      -0.000000       0.000000       0.000564
   45     AR    Py      -0.000000      -0.000000      -0.000000       0.000000      -0.000163
   46     AR    Pz      -0.000000      -0.000000      -0.000000       0.000000       0.000271
   47     AR    Px       0.000000       0.000000       0.000000      -0.000000      -0.000055
   48     AR    Py       0.000000       0.000000       0.000000      -0.000000       0.000016
   49     AR    Pz       0.000000      -0.000000       0.000000       0.000000      -0.000026
   50     AR    Px      -0.000000      -0.000000      -0.000000       0.000000       0.000026
   51     AR    Py       0.000000      -0.000000      -0.000000       0.000000      -0.000008
   52     AR    Pz      -0.000000       0.000000      -0.000000      -0.000000       0.000013
   53     AR     S       0.000023       0.000003       0.001294      -0.000004      -0.000000
   54     AR    Px       0.000000       0.000000       0.000000      -0.000000      -0.000009
   55     AR    Py      -0.000000       0.000000       0.000000      -0.000000       0.000003
   56     AR    Pz       0.000000      -0.000000       0.000000       0.000000      -0.000004
   57     AR   Dxx       0.000354       0.000040      -0.006078       0.000017       0.000000
   58     AR   Dxy       0.000000       0.000000       0.000000       0.000000      -0.000000
   59     AR   Dxz      -0.000000      -0.000000       0.000000      -0.000000       0.000000
   60     AR   Dyy       0.000354       0.000040      -0.006078       0.000017      -0.000000
   61     AR   Dyz       0.000000      -0.000000      -0.000000      -0.000000       0.000000
   62     AR   Dzz       0.000354       0.000040      -0.006078       0.000017      -0.000000
 
                          -9.5725        -9.5725        -9.5725        -9.5725        -9.5725   
 
    1     AR     S      -0.000000      -0.000000      -0.000000       0.000000      -0.000000
    2     AR     S      -0.000000      -0.000000      -0.000000       0.000000      -0.000000
    3     AR     S       0.000000       0.000000       0.000000      -0.000000       0.000000
    4     AR     S       0.000000       0.000000       0.000000      -0.000000       0.000000
    5     AR     S      -0.000000      -0.000000      -0.000000       0.000000      -0.000000
    6     AR     S      -0.000000      -0.000000      -0.000000       0.000000      -0.000000
    7     AR    Px       0.013049       0.001169       0.002216      -0.001996       0.007135
    8     AR    Py       0.000091      -0.154280       0.948648      -0.152088      -0.006629
    9     AR    Pz       0.000075       0.031612      -0.149086      -0.960460      -0.034694
   10     AR    Px       0.002510       0.000225       0.000426      -0.000384       0.001372
   11     AR    Py       0.000018      -0.029673       0.182457      -0.029252      -0.001275
   12     AR    Pz       0.000014       0.006080      -0.028674      -0.184729      -0.006673
   13     AR    Px       0.000563       0.000050       0.000096      -0.000086       0.000308
   14     AR    Py       0.000004      -0.006662       0.040963      -0.006567      -0.000286
   15     AR    Pz       0.000003       0.001365      -0.006438      -0.041473      -0.001498
   16     AR    Px      -0.000055      -0.000005      -0.000009       0.000008      -0.000030
   17     AR    Py      -0.000000       0.000649      -0.003988       0.000639       0.000028
   18     AR    Pz      -0.000000      -0.000133       0.000627       0.004037       0.000146
   19     AR    Px       0.000026       0.000002       0.000004      -0.000004       0.000014
   20     AR    Py       0.000000      -0.000312       0.001915      -0.000307      -0.000013
   21     AR    Pz       0.000000       0.000064      -0.000301      -0.001939      -0.000070
   22     AR     S       0.000000       0.000000       0.000000      -0.000000       0.000000
   23     AR    Px      -0.000009      -0.000001      -0.000002       0.000001      -0.000005
   24     AR    Py      -0.000000       0.000110      -0.000676       0.000108       0.000005
   25     AR    Pz      -0.000000      -0.000023       0.000106       0.000684       0.000025
   26     AR   Dxx      -0.000000      -0.000000      -0.000000       0.000000      -0.000000
   27     AR   Dxy      -0.000000       0.000000      -0.000000       0.000000       0.000000
   28     AR   Dxz      -0.000000      -0.000000       0.000000       0.000000       0.000000
   29     AR   Dyy       0.000000       0.000000       0.000000      -0.000000       0.000000
   30     AR   Dyz      -0.000000      -0.000000       0.000000       0.000000      -0.000000
   31     AR   Dzz       0.000000       0.000000       0.000000      -0.000000       0.000000
   32     AR     S       0.000000       0.000000      -0.000000       0.000000       0.000000
   33     AR     S       0.000000       0.000000      -0.000000       0.000000       0.000000
   34     AR     S      -0.000000      -0.000000       0.000000      -0.000000      -0.000000
   35     AR     S      -0.000000      -0.000000       0.000000      -0.000000      -0.000000
   36     AR     S       0.000000       0.000000      -0.000000       0.000000       0.000000
   37     AR     S       0.000000       0.000000      -0.000000       0.000000       0.000000
   38     AR    Px       0.973006       0.000249      -0.000063       0.000045       0.001886
   39     AR    Py       0.001158       0.704237       0.114612       0.029261      -0.661029
   40     AR    Pz      -0.001626       0.652812       0.107771      -0.020995       0.713200
   41     AR    Px       0.187142       0.000048      -0.000012       0.000009       0.000363
   42     AR    Py       0.000223       0.135448       0.022044       0.005628      -0.127138
   43     AR    Pz      -0.000313       0.125558       0.020728      -0.004038       0.137172
   44     AR    Px       0.042014       0.000011      -0.000003       0.000002       0.000081
   45     AR    Py       0.000050       0.030409       0.004949       0.001263      -0.028543
   46     AR    Pz      -0.000070       0.028188       0.004654      -0.000907       0.030796
   47     AR    Px      -0.004090      -0.000001       0.000000      -0.000000      -0.000008
   48     AR    Py      -0.000005      -0.002960      -0.000482      -0.000123       0.002779
   49     AR    Pz       0.000007      -0.002744      -0.000453       0.000088      -0.002998
   50     AR    Px       0.001965       0.000001      -0.000000       0.000000       0.000004
   51     AR    Py       0.000002       0.001422       0.000231       0.000059      -0.001335
   52     AR    Pz      -0.000003       0.001318       0.000218      -0.000042       0.001440
   53     AR     S      -0.000000      -0.000000       0.000000      -0.000000      -0.000000
   54     AR    Px      -0.000693      -0.000000       0.000000      -0.000000      -0.000001
   55     AR    Py      -0.000001      -0.000502      -0.000082      -0.000021       0.000471
   56     AR    Pz       0.000001      -0.000465      -0.000077       0.000015      -0.000508
   57     AR   Dxx       0.000000       0.000000      -0.000000       0.000000       0.000000
   58     AR   Dxy       0.000000       0.000000       0.000000       0.000000      -0.000000
   59     AR   Dxz      -0.000000       0.000000       0.000000      -0.000000       0.000000
   60     AR   Dyy      -0.000000      -0.000000       0.000000      -0.000000      -0.000000
   61     AR   Dyz       0.000000      -0.000000      -0.000000       0.000000       0.000000
   62     AR   Dzz      -0.000000      -0.000000       0.000000      -0.000000      -0.000000
 
                          -1.2774        -1.2774        -0.5914        -0.5914        -0.5914   
 
    1     AR     S      -0.038316      -0.004057       0.000000       0.000000       0.000000
    2     AR     S      -0.112057      -0.011864       0.000000       0.000000       0.000000
    3     AR     S       0.235855       0.024970      -0.000000      -0.000000      -0.000000
    4     AR     S       0.414909       0.043927      -0.000000      -0.000000      -0.000000
    5     AR     S      -0.656989      -0.069556       0.000000       0.000000       0.000000
    6     AR     S      -0.548429      -0.058063       0.000000       0.000000       0.000000
    7     AR    Px       0.000000       0.000000      -0.000064      -0.284748      -0.000002
    8     AR    Py       0.000000       0.000000      -0.000000       0.000001       0.004920
    9     AR    Pz       0.000000       0.000000      -0.000000       0.000002       0.004982
   10     AR    Px       0.000000       0.000000      -0.000009      -0.040697      -0.000000
   11     AR    Py       0.000000       0.000000      -0.000000       0.000000       0.000703
   12     AR    Pz       0.000000       0.000000      -0.000000       0.000000       0.000712
   13     AR    Px      -0.000000      -0.000000       0.000072       0.321456       0.000002
   14     AR    Py      -0.000000      -0.000000       0.000000      -0.000002      -0.005555
   15     AR    Pz      -0.000000      -0.000000       0.000000      -0.000003      -0.005625
   16     AR    Px      -0.000000      -0.000000       0.000125       0.555679       0.000003
   17     AR    Py      -0.000000      -0.000000       0.000000      -0.000003      -0.009602
   18     AR    Pz      -0.000000       0.000000       0.000000      -0.000004      -0.009723
   19     AR    Px       0.000000       0.000000       0.000063       0.282129       0.000002
   20     AR    Py      -0.000000      -0.000000       0.000000      -0.000001      -0.004875
   21     AR    Pz      -0.000000      -0.000000       0.000000      -0.000002      -0.004936
   22     AR     S      -0.012012      -0.001272      -0.000000      -0.000000      -0.000000
   23     AR    Px       0.000000       0.000000       0.000002       0.008448       0.000000
   24     AR    Py      -0.000000      -0.000000       0.000000      -0.000000      -0.000146
   25     AR    Pz      -0.000000      -0.000000       0.000000      -0.000000      -0.000148
   26     AR   Dxx       0.001770       0.000187      -0.000000      -0.000000      -0.000000
   27     AR   Dxy      -0.000000      -0.000000      -0.000000       0.000000       0.000000
   28     AR   Dxz      -0.000000      -0.000000      -0.000000       0.000000       0.000000
   29     AR   Dyy       0.001770       0.000187       0.000000       0.000000       0.000000
   30     AR   Dyz      -0.000000      -0.000000      -0.000000      -0.000000      -0.000000
   31     AR   Dzz       0.001770       0.000187       0.000000       0.000000       0.000000
   32     AR     S      -0.004057       0.038316       0.000000      -0.000000       0.000000
   33     AR     S      -0.011864       0.112057       0.000000      -0.000000       0.000000
   34     AR     S       0.024970      -0.235855      -0.000000       0.000000      -0.000000
   35     AR     S       0.043927      -0.414909      -0.000000       0.000000      -0.000000
   36     AR     S      -0.069556       0.656989       0.000000      -0.000000       0.000000
   37     AR     S      -0.058063       0.548429       0.000000      -0.000000       0.000000
   38     AR    Px      -0.000000       0.000000       0.284748      -0.000064       0.000004
   39     AR    Py       0.000000      -0.000000       0.000002       0.000001      -0.236319
   40     AR    Pz      -0.000000      -0.000000      -0.000003      -0.000002       0.158700
   41     AR    Px      -0.000000       0.000000       0.040697      -0.000009       0.000001
   42     AR    Py       0.000000      -0.000000       0.000000       0.000000      -0.033775
   43     AR    Pz       0.000000       0.000000      -0.000000      -0.000000       0.022682
   44     AR    Px       0.000000      -0.000000      -0.321456       0.000072      -0.000004
   45     AR    Py      -0.000000       0.000000      -0.000003      -0.000001       0.266784
   46     AR    Pz      -0.000000      -0.000000       0.000004       0.000002      -0.179159
   47     AR    Px       0.000000      -0.000000      -0.555679       0.000125      -0.000007
   48     AR    Py      -0.000000       0.000000      -0.000004      -0.000002       0.461171
   49     AR    Pz       0.000000       0.000000       0.000006       0.000003      -0.309699
   50     AR    Px      -0.000000       0.000000      -0.282129       0.000063      -0.000004
   51     AR    Py      -0.000000       0.000000      -0.000002      -0.000001       0.234146
   52     AR    Pz      -0.000000      -0.000000       0.000003       0.000002      -0.157241
   53     AR     S      -0.001272       0.012012      -0.000000       0.000000      -0.000000
   54     AR    Px      -0.000000       0.000000      -0.008448       0.000002      -0.000000
   55     AR    Py       0.000000       0.000000      -0.000000      -0.000000       0.007012
   56     AR    Pz       0.000000       0.000000       0.000000       0.000000      -0.004709
   57     AR   Dxx       0.000187      -0.001770      -0.000000       0.000000      -0.000000
   58     AR   Dxy       0.000000      -0.000000      -0.000000      -0.000000       0.000000
   59     AR   Dxz       0.000000      -0.000000       0.000000       0.000000      -0.000000
   60     AR   Dyy       0.000187      -0.001770       0.000000      -0.000000       0.000000
   61     AR   Dyz       0.000000      -0.000000       0.000000      -0.000000       0.000000
   62     AR   Dzz       0.000187      -0.001770       0.000000      -0.000000       0.000000
 
                          -0.5914        -0.5914        -0.5914   
 
    1     AR     S       0.000000       0.000000      -0.000000
    2     AR     S       0.000000       0.000000      -0.000000
    3     AR     S      -0.000000      -0.000000       0.000000
    4     AR     S      -0.000000      -0.000000       0.000000
    5     AR     S       0.000000       0.000000      -0.000000
    6     AR     S       0.000000       0.000000      -0.000000
    7     AR    Px      -0.000002      -0.000002       0.000001
    8     AR    Py      -0.281303       0.040663      -0.016502
    9     AR    Pz      -0.041689      -0.280934       0.019876
   10     AR    Px      -0.000000      -0.000000       0.000000
   11     AR    Py      -0.040204       0.005812      -0.002359
   12     AR    Pz      -0.005958      -0.040152       0.002841
   13     AR    Px       0.000002       0.000002      -0.000001
   14     AR    Py       0.317567      -0.045905       0.018630
   15     AR    Pz       0.047063       0.317150      -0.022438
   16     AR    Px       0.000004       0.000004      -0.000001
   17     AR    Py       0.548956      -0.079353       0.032204
   18     AR    Pz       0.081354       0.548235      -0.038787
   19     AR    Px       0.000002       0.000002      -0.000001
   20     AR    Py       0.278716      -0.040289       0.016351
   21     AR    Pz       0.041305       0.278350      -0.019693
   22     AR     S      -0.000000      -0.000000       0.000000
   23     AR    Px       0.000000       0.000000      -0.000000
   24     AR    Py       0.008346      -0.001206       0.000490
   25     AR    Pz       0.001237       0.008335      -0.000590
   26     AR   Dxx      -0.000000      -0.000000      -0.000000
   27     AR   Dxy      -0.000000       0.000000      -0.000000
   28     AR   Dxz      -0.000000      -0.000000       0.000000
   29     AR   Dyy       0.000000       0.000000      -0.000000
   30     AR   Dyz      -0.000000       0.000000      -0.000000
   31     AR   Dzz       0.000000       0.000000      -0.000000
   32     AR     S       0.000000      -0.000000      -0.000000
   33     AR     S       0.000000      -0.000000      -0.000000
   34     AR     S      -0.000000       0.000000       0.000000
   35     AR     S      -0.000000       0.000000       0.000000
   36     AR     S       0.000000      -0.000000      -0.000000
   37     AR     S       0.000000      -0.000000      -0.000000
   38     AR    Px       0.000000      -0.000000      -0.000001
   39     AR    Py       0.002855      -0.015796      -0.158041
   40     AR    Pz       0.014281      -0.015962      -0.235451
   41     AR    Px       0.000000      -0.000000      -0.000000
   42     AR    Py       0.000408      -0.002258      -0.022588
   43     AR    Pz       0.002041      -0.002281      -0.033651
   44     AR    Px      -0.000000       0.000000       0.000002
   45     AR    Py      -0.003223       0.017832       0.178415
   46     AR    Pz      -0.016122       0.018020       0.265803
   47     AR    Px      -0.000000       0.000000       0.000003
   48     AR    Py      -0.005571       0.030825       0.308414
   49     AR    Pz      -0.027869       0.031150       0.459477
   50     AR    Px      -0.000000       0.000000       0.000001
   51     AR    Py      -0.002828       0.015651       0.156588
   52     AR    Pz      -0.014150       0.015816       0.233285
   53     AR     S      -0.000000       0.000000       0.000000
   54     AR    Px      -0.000000       0.000000       0.000000
   55     AR    Py      -0.000085       0.000469       0.004689
   56     AR    Pz      -0.000424       0.000474       0.006986
   57     AR   Dxx      -0.000000       0.000000       0.000000
   58     AR   Dxy      -0.000000       0.000000       0.000000
   59     AR   Dxz      -0.000000       0.000000       0.000000
   60     AR   Dyy       0.000000      -0.000000      -0.000000
   61     AR   Dyz      -0.000000       0.000000       0.000000
   62     AR   Dzz       0.000000      -0.000000      -0.000000
 
 
  Occupied Eigenvectors for: POSITRON
 --------------------------- 
 
                           0.0001   
 
    1     E+     S       1.694700
    2     E+     S      -0.350098
    3     E+     S      -0.131497
    4     E+     S       0.018305
    5     E+     S      -0.010037
    6     E+     S      -0.000335
    7     E+     S      -0.001397
    8     E+     S       0.001187
    9     E+     S       0.001098
   10     E+     S      -0.000136
   11     E+    Px      -1.583310
   12     E+    Py      -0.000000
   13     E+    Pz       0.000000
   14     E+    Px       0.013939
   15     E+    Py      -0.000000
   16     E+    Pz       0.000000
   17     E+    Px      -0.007601
   18     E+    Py      -0.000000
   19     E+    Pz       0.000000
   20     E+    Px       0.002802
   21     E+    Py       0.000000
   22     E+    Pz      -0.000000
   23     E+   Dxx      -0.978478
   24     E+   Dxy      -0.000000
   25     E+   Dxz       0.000000
   26     E+   Dyy      -0.395723
   27     E+   Dyz       0.000000
   28     E+   Dzz      -0.395723
   29     E+   Dxx      -0.220109
   30     E+   Dxy      -0.000000
   31     E+   Dxz       0.000000
   32     E+   Dyy      -0.204135
   33     E+   Dyz      -0.000000
   34     E+   Dzz      -0.204135
   35     E+     S       1.694700
   36     E+     S      -0.350098
   37     E+     S      -0.131497
   38     E+     S       0.018305
   39     E+     S      -0.010037
   40     E+     S      -0.000335
   41     E+     S      -0.001397
   42     E+     S       0.001187
   43     E+     S       0.001098
   44     E+     S      -0.000136
   45     E+    Px       1.583310
   46     E+    Py       0.000000
   47     E+    Pz      -0.000000
   48     E+    Px      -0.013939
   49     E+    Py       0.000000
   50     E+    Pz      -0.000000
   51     E+    Px       0.007601
   52     E+    Py       0.000000
   53     E+    Pz       0.000000
   54     E+    Px      -0.002802
   55     E+    Py      -0.000000
   56     E+    Pz      -0.000000
   57     E+   Dxx      -0.978478
   58     E+   Dxy      -0.000000
   59     E+   Dxz       0.000000
   60     E+   Dyy      -0.395723
   61     E+   Dyz      -0.000000
   62     E+   Dzz      -0.395723
   63     E+   Dxx      -0.220109
   64     E+   Dxy      -0.000000
   65     E+   Dxz       0.000000
   66     E+   Dyy      -0.204135
   67     E+   Dyz       0.000000
   68     E+   Dzz      -0.204135
 
 
  end of eigenvectors 
 
  END OF EIGENVALUES AND EIGENVECTORS
 
 
  COMPONENTS OF KINETIC ENERGY: 
 -----------------------------
 
                  E- Kinetic energy =         1053.595735157249
            POSITRON Kinetic energy =            0.000078658497
                                     _________________________
               Total kinetic energy =         1053.595813815745
 
  COMPONENTS OF POTENTIAL ENERGY: 
 -------------------------------
 
          Fixed potential energy    =            8.223350253807
 
  Quantum/Fixed interaction energy: 
 ----------------------------------
 
          E-/Fixed interact. energy =        -2526.462041532712
    POSITRON/Fixed interact. energy =            0.361191851495
                                     _________________________
               Total Q/Fixed energy =        -2526.100849681217
 
  Coulomb energy: 
 ------------------
 
               E-/E- Hartree energy =          471.394602018432
   POSITRON/POSITRON Hartree energy =            0.000000000000
         E-/POSITRON Hartree energy =           -0.361183270360
                                     _________________________
               Total Hartree energy =          471.033418748072
 
  Exchange(HF) energy: 
 ----------------------
 
                 E- Exchange energy =          -60.365752269399
           POSITRON Exchange energy =            0.000000000000
                                     _________________________
              Total Exchange energy =          -60.365752269399
 
  External Potential energy: 
 ----------------------------
 
                  E- Ext Pot energy =            0.000000000000
            POSITRON Ext Pot energy =           -0.000021187392
                                     _________________________
    Total External Potential energy =           -0.000021187392
 
  TOTAL ENERGY COMPONENTS: 
 ==========================
 
          TOTAL KINETIC ENERGY      =         1053.595813815745
          TOTAL POTENTIAL ENERGY    =        -2107.209854136129
                                     _________________________
                       TOTAL ENERGY =        -1053.614040320386
 
                 VIRIAL RATIO (V/T) =            2.000017299333
 
 
  END ENERGY COMPONENTS
 
 
** TOTAL CPU Time SCF :      1.006 (s)
** TOTAL Elapsed Time SCF :      0.405 (s)
 
 We are calculating properties for E- in the HF/KS ground state
 We are calculating properties for POSITRON in the HF/KS ground state
 
  POPULATION ANALYSES: 
 ====================
 
 MULLIKEN Population: for E-        
 ---------------------
 
                                    
 
    1     AR     S       0.777155
    2     AR     S       1.187471
    3     AR     S       0.957554
    4     AR     S       1.016967
    5     AR     S       1.065414
    6     AR     S       0.994040
    7     AR    Px       1.965968
    8     AR    Py       1.965968
    9     AR    Pz       1.965968
   10     AR    Px       0.024934
   11     AR    Py       0.024934
   12     AR    Pz       0.024934
   13     AR    Px       0.499839
   14     AR    Py       0.499839
   15     AR    Pz       0.499839
   16     AR    Px       1.061120
   17     AR    Py       1.061120
   18     AR    Pz       1.061120
   19     AR    Px       0.440275
   20     AR    Py       0.440275
   21     AR    Pz       0.440275
   22     AR     S       0.014997
   23     AR    Px       0.007864
   24     AR    Py       0.007864
   25     AR    Pz       0.007864
   26     AR   Dxx      -0.004532
   27     AR   Dxy       0.000000
   28     AR   Dxz       0.000000
   29     AR   Dyy      -0.004532
   30     AR   Dyz       0.000000
   31     AR   Dzz      -0.004532
   32     AR     S       0.777155
   33     AR     S       1.187471
   34     AR     S       0.957554
   35     AR     S       1.016967
   36     AR     S       1.065414
   37     AR     S       0.994040
   38     AR    Px       1.965968
   39     AR    Py       1.965968
   40     AR    Pz       1.965968
   41     AR    Px       0.024934
   42     AR    Py       0.024934
   43     AR    Pz       0.024934
   44     AR    Px       0.499839
   45     AR    Py       0.499839
   46     AR    Pz       0.499839
   47     AR    Px       1.061120
   48     AR    Py       1.061120
   49     AR    Pz       1.061120
   50     AR    Px       0.440275
   51     AR    Py       0.440275
   52     AR    Pz       0.440275
   53     AR     S       0.014997
   54     AR    Px       0.007864
   55     AR    Py       0.007864
   56     AR    Pz       0.007864
   57     AR   Dxx      -0.004532
   58     AR   Dxy       0.000000
   59     AR   Dxz       0.000000
   60     AR   Dyy      -0.004532
   61     AR   Dyz       0.000000
   62     AR   Dzz      -0.004532
 
                           __________
              Total =       36.000000
 
  Atomic MULLIKEN Population: for E-        
            AR              18.000000
            AR              18.000000
 
 ...end of MULLIKEN Population
 
 
 END POPULATION ANALYSES 
 
 
  POPULATION ANALYSES: 
 ====================
 
 LOWDIN Population: for E-        
 ---------------------
 
                                    
 
    1     AR     S       0.903190
    2     AR     S       1.085074
    3     AR     S       0.953732
    4     AR     S       0.963035
    5     AR     S       0.544209
    6     AR     S       0.563780
    7     AR    Px       1.884791
    8     AR    Py       1.884791
    9     AR    Pz       1.884791
   10     AR    Px       0.100697
   11     AR    Py       0.100697
   12     AR    Pz       0.100697
   13     AR    Px       0.548813
   14     AR    Py       0.548813
   15     AR    Pz       0.548813
   16     AR    Px       0.936024
   17     AR    Py       0.936024
   18     AR    Pz       0.936024
   19     AR    Px       0.452266
   20     AR    Py       0.452266
   21     AR    Pz       0.452266
   22     AR     S       0.148257
   23     AR    Px       0.077408
   24     AR    Py       0.077408
   25     AR    Pz       0.077408
   26     AR   Dxx       0.279574
   27     AR   Dxy       0.000000
   28     AR   Dxz       0.000000
   29     AR   Dyy       0.279574
   30     AR   Dyz      -0.000000
   31     AR   Dzz       0.279574
   32     AR     S       0.903190
   33     AR     S       1.085074
   34     AR     S       0.953732
   35     AR     S       0.963035
   36     AR     S       0.544209
   37     AR     S       0.563780
   38     AR    Px       1.884791
   39     AR    Py       1.884791
   40     AR    Pz       1.884791
   41     AR    Px       0.100697
   42     AR    Py       0.100697
   43     AR    Pz       0.100697
   44     AR    Px       0.548813
   45     AR    Py       0.548813
   46     AR    Pz       0.548813
   47     AR    Px       0.936024
   48     AR    Py       0.936024
   49     AR    Pz       0.936024
   50     AR    Px       0.452266
   51     AR    Py       0.452266
   52     AR    Pz       0.452266
   53     AR     S       0.148257
   54     AR    Px       0.077408
   55     AR    Py       0.077408
   56     AR    Pz       0.077408
   57     AR   Dxx       0.279574
   58     AR   Dxy       0.000000
   59     AR   Dxz       0.000000
   60     AR   Dyy       0.279574
   61     AR   Dyz       0.000000
   62     AR   Dzz       0.279574
 
                           __________
              Total =       36.000000
 
  Atomic LOWDIN Population: for E-        
            AR              18.000000
            AR              18.000000
 
 ...end of LOWDIN Population
 
 
 END POPULATION ANALYSES 
 
 
  POPULATION ANALYSES: 
 ====================
 
 MULLIKEN Population: for POSITRON  
 ---------------------
 
                                    
 
    1     E+     S      -1.426244
    2     E+     S       0.174794
    3     E+     S       0.033988
    4     E+     S      -0.002356
    5     E+     S       0.000641
    6     E+     S       0.000011
    7     E+     S       0.000021
    8     E+     S      -0.000007
    9     E+     S      -0.000002
   10     E+     S       0.000000
   11     E+    Px       0.135013
   12     E+    Py      -0.000000
   13     E+    Pz      -0.000000
   14     E+    Px      -0.000575
   15     E+    Py      -0.000000
   16     E+    Pz      -0.000000
   17     E+    Px       0.000154
   18     E+    Py      -0.000000
   19     E+    Pz      -0.000000
   20     E+    Px      -0.000022
   21     E+    Py       0.000000
   22     E+    Pz       0.000000
   23     E+   Dxx       0.711091
   24     E+   Dxy       0.000000
   25     E+   Dxz       0.000000
   26     E+   Dyy       0.278558
   27     E+   Dyz      -0.000000
   28     E+   Dzz       0.278558
   29     E+   Dxx       0.112500
   30     E+   Dxy       0.000000
   31     E+   Dxz       0.000000
   32     E+   Dyy       0.101939
   33     E+   Dyz       0.000000
   34     E+   Dzz       0.101939
   35     E+     S      -1.426244
   36     E+     S       0.174794
   37     E+     S       0.033988
   38     E+     S      -0.002356
   39     E+     S       0.000641
   40     E+     S       0.000011
   41     E+     S       0.000021
   42     E+     S      -0.000007
   43     E+     S      -0.000002
   44     E+     S       0.000000
   45     E+    Px       0.135013
   46     E+    Py      -0.000000
   47     E+    Pz      -0.000000
   48     E+    Px      -0.000575
   49     E+    Py      -0.000000
   50     E+    Pz      -0.000000
   51     E+    Px       0.000154
   52     E+    Py      -0.000000
   53     E+    Pz       0.000000
   54     E+    Px      -0.000022
   55     E+    Py       0.000000
   56     E+    Pz       0.000000
   57     E+   Dxx       0.711091
   58     E+   Dxy       0.000000
   59     E+   Dxz       0.000000
   60     E+   Dyy       0.278558
   61     E+   Dyz       0.000000
   62     E+   Dzz       0.278558
   63     E+   Dxx       0.112500
   64     E+   Dxy       0.000000
   65     E+   Dxz       0.000000
   66     E+   Dyy       0.101939
   67     E+   Dyz      -0.000000
   68     E+   Dzz       0.101939
 
                           __________
              Total =        1.000000
 
  Atomic MULLIKEN Population: for POSITRON  
            AR               0.500000
            AR               0.500000
 
 ...end of MULLIKEN Population
 
 
 END POPULATION ANALYSES 
 
 
  POPULATION ANALYSES: 
 ====================
 
 LOWDIN Population: for POSITRON  
 ---------------------
 
                                    
 
    1     E+     S       0.043305
    2     E+     S       0.027883
    3     E+     S       0.005003
    4     E+     S       0.001014
    5     E+     S       0.000250
    6     E+     S       0.000066
    7     E+     S       0.000009
    8     E+     S       0.000000
    9     E+     S       0.000001
   10     E+     S       0.000000
   11     E+    Px       0.000094
   12     E+    Py       0.000000
   13     E+    Pz       0.000000
   14     E+    Px       0.000738
   15     E+    Py       0.000000
   16     E+    Pz      -0.000000
   17     E+    Px       0.000000
   18     E+    Py       0.000000
   19     E+    Pz       0.000000
   20     E+    Px       0.000010
   21     E+    Py       0.000000
   22     E+    Pz      -0.000000
   23     E+   Dxx       0.127312
   24     E+   Dxy       0.000000
   25     E+   Dxz       0.000000
   26     E+   Dyy       0.121622
   27     E+   Dyz       0.000000
   28     E+   Dzz       0.121622
   29     E+   Dxx       0.019063
   30     E+   Dxy       0.000000
   31     E+   Dxz       0.000000
   32     E+   Dyy       0.016004
   33     E+   Dyz       0.000000
   34     E+   Dzz       0.016004
   35     E+     S       0.043305
   36     E+     S       0.027883
   37     E+     S       0.005003
   38     E+     S       0.001014
   39     E+     S       0.000250
   40     E+     S       0.000066
   41     E+     S       0.000009
   42     E+     S       0.000000
   43     E+     S       0.000001
   44     E+     S       0.000000
   45     E+    Px       0.000094
   46     E+    Py      -0.000000
   47     E+    Pz       0.000000
   48     E+    Px       0.000738
   49     E+    Py       0.000000
   50     E+    Pz      -0.000000
   51     E+    Px       0.000000
   52     E+    Py       0.000000
   53     E+    Pz       0.000000
   54     E+    Px       0.000010
   55     E+    Py       0.000000
   56     E+    Pz       0.000000
   57     E+   Dxx       0.127312
   58     E+   Dxy       0.000000
   59     E+   Dxz       0.000000
   60     E+   Dyy       0.121622
   61     E+   Dyz       0.000000
   62     E+   Dzz       0.121622
   63     E+   Dxx       0.019063
   64     E+   Dxy       0.000000
   65     E+   Dxz       0.000000
   66     E+   Dyy       0.016004
   67     E+   Dyz       0.000000
   68     E+   Dzz       0.016004
 
                           __________
              Total =        1.000000
 
  Atomic LOWDIN Population: for POSITRON  
            AR               0.500000
            AR               0.500000
 
 ...end of LOWDIN Population
 
 
 END POPULATION ANALYSES 
 
 
  EXPECTED POSITIONS OF QUANTUM SPECIES:
 ======================
 
 POSITIONS IN ANGSTROMS
 ------
 
                        <x>      <y>      <z>         
                 E- 375.2925  -0.0000  -0.0000
           POSITRON  10.4248   0.0000  -0.0000
 
 END EXPECTED POSITIONS
 
 
  ELECTROSTATIC MOMENTS:
 ======================
 
 
 DIPOLE: (A.U.)
 ------
 
                           <Dx>         <Dy>         <Dz>          |D|
                 E--709.20000000   0.00000000   0.00000000
           POSITRON  19.70000001   0.00000000  -0.00000000
    Point charges:  709.20000000   0.00000000   0.00000000
                     ____________________________
      Total Dipole:  19.70000001   0.00000000  -0.00000000  19.70000001
 
 DIPOLE: (DEBYE)
 ------
 
                           <Dx>         <Dy>         <Dz>          |D|
                 E-*************   0.00000000   0.00000000
           POSITRON  50.07239898   0.00000000  -0.00000000
    Point charges: 1802.60636215   0.00000000   0.00000000
                     ____________________________
      Total Dipole:  50.07239898   0.00000000  -0.00000000  50.07239898
 
 QUADRUPOLE NON-TRACELESS: (DEBYE ANGS)
 ------
 
                           <xx>         <yy>         <zz>         <xy>         <xz>         <yz>
                 E-**************  -23.36330777  -23.36330777   -0.00000000    0.00000000    0.00000000
           POSITRON21772.01498265 7745.52387327 7745.52387326    0.00000000   -0.00000000    0.00000000
    Point charges: 37583.58779433    0.00000000    0.00000000    0.00000000    0.00000000    0.00000000
  Total Quadrupole:21748.65167690 7722.16056550 7722.16056549    0.00000000   -0.00000000    0.00000000
                     ____________________________
 
 END ELECTROSTATIC MOMENTS
 

  TOTAL CPU Time:      0.258 (s)
 TOTAL Wall Time:      0.459 (s)
  Elapsed Time:   0h  0m  0s 461ms
LOWDIN execution terminated normally at : Wed Nov 27 15:45:42 2024
-rw-rw-r-- 1 pohl pohl 704K nov 27 15:45 0E-.ints
-rw-rw-r-- 1 pohl pohl 3.5M nov 27 15:45 0E-.POSITRON.ints
-rw-rw-r-- 1 pohl pohl 2.1M nov 27 15:45 0POSITRON.ints
-rw-rw-r-- 1 pohl pohl 704K nov 27 15:45 1E-.ints
-rw-rw-r-- 1 pohl pohl 3.5M nov 27 15:45 1E-.POSITRON.ints
-rw-rw-r-- 1 pohl pohl 2.1M nov 27 15:45 1POSITRON.ints
-rw-rw-r-- 1 pohl pohl 704K nov 27 15:45 2E-.ints
-rw-rw-r-- 1 pohl pohl 3.5M nov 27 15:45 2E-.POSITRON.ints
-rw-rw-r-- 1 pohl pohl 2.1M nov 27 15:45 2POSITRON.ints
-rw-rw-r-- 1 pohl pohl 704K nov 27 15:45 3E-.ints
-rw-rw-r-- 1 pohl pohl 3.5M nov 27 15:45 3E-.POSITRON.ints
-rw-rw-r-- 1 pohl pohl 2.1M nov 27 15:45 3POSITRON.ints
-rw-rw-r-- 1 pohl pohl   12 nov 27 15:45 E-.POSITRON.nints
-rw-rw-r-- 1 pohl pohl   65 nov 27 15:45 gepol.inp
-rw-rw-r-- 1 pohl pohl   91 nov 27 15:45 gepol.xyzr
-rw-rw-r-- 1 pohl pohl  12K nov 27 15:45 lowdin.bas
-rw-rw-r-- 1 pohl pohl  16K nov 27 15:45 lowdin.dat
-rw-rw-r-- 1 pohl pohl 867K nov 27 15:45 lowdin.opints
-rw-rw-r-- 1 pohl pohl  32K nov 27 15:45 lowdin.sys
-rw-rw-r-- 1 pohl pohl 865K nov 27 15:45 lowdin.wfn
-rw-rw-r-- 1 pohl pohl  498 nov 27 15:45 usual_188
-rw-rw-r-- 1 pohl pohl 1.8K nov 27 15:45 usual_188.aux
-rw-rw-r-- 1 pohl pohl  503 nov 27 15:45 usual_188.lowdin
-rw-rw-r-- 1 pohl pohl  65K nov 27 15:45 usual_188.out
-rw-rw-r-- 1 pohl pohl  68K nov 27 15:45 usual_188.vec
