Begin job by input: usual_134.lowdin, for user:   at  mié 27 nov 2024 15:45:09 -05
under operating system Linux helios 5.19.0-46-generic #47-Ubuntu SMP PREEMPT_DYNAMIC Fri Jun 16 13:30:11 UTC 2023 x86_64 x86_64 x86_64 GNU/Linux
Compilation information
  commit: f31d3924f6ee2ce9d77f07edcc1ba27359319d14
  compilation date:  mar 17 sep 2024 16:16:17 -05

BEGIN INPUT INFO:
------------------------------------

GEOMETRY
	Ar	Dirac	0.0 0.0 0.0
	e-(Ar)	6-311++G.d.p 0.0 0.0 0.0
	E+	GRIBAKIN-10S4P2D 0.0 0.0 0.0
	Ar	Dirac	28.6 0.0 0.0
	e-(Ar)	6-311++G.d.p	28.6 0.0 0.0
	E+	GRIBAKIN-10S4P2D 28.6 0.0 0.0 addParticles=-1 
END GEOMETRY

TASKS
        method = "RHF"
END TASKS

EXTERPOTENTIAL
	E- GRIBAKIN0
	E+ AR134
END EXTERPOTENTIAL

CONTROL
	units="BOHRS"
	readCoefficients=F
	convergenceMethod=1
	overlapEigenThreshold=1E-6
	SCFGhostSpecies="POSITRON"
	HFprintEigenvalues=T
	totalEnergyTolerance = 1E-9
END CONTROL


... END INPUT INFO


 LOWDIN execution started at : Wed Nov 27 15:45:09 2024
 ---------------------------------------------------------------
 
 ***************************************************************
 *                   LOWDIN 2.0  (May/2013)                    *
 *                                                             *
 *  R. FLORES-MORENO, E. F. POSADA, F. S. MONCADA, J.ROMERO,   *
 *  J. CHARRY, M. DIAZ-TINOCO, S. A. GONZALEZ, N. F. AGUIRRE,  *
 *  A. REYES                                                   *
 *                                                             *
 *  https://sites.google.com/site/lowdinproject/               *
 *                                                             *
 ***************************************************************
 
 PARSING INPUT... DONE!
 
 LOWDIN IS RUNNING WITH NEXT PARAMETERS: 
 ----------------------------------------
 
         METHOD TYPE:  RHF
         NUMBER OF CORES:     4
         NONELECTRONIC DENSITY GUESS: HCORE
         ELECTRONIC DENSITY GUESS: HCORE
         CRITERIUM OF CONVERGENCE: ENERGY
         NONELECTRONIC ENERGY TOLERANCE IN SCFs:     0.10000E-07
         ELECTRONIC ENERGY TOLERANCE IN SCFs:     0.10000E-07
         TOTAL ENERGY TOLERANCE IN SCFs:     0.10000E-08
         SCHEME OF ITERATION: GLOBAL ITERATIONS
         SCF MAX. SUBITERATIONS - NONELECTRONS :     1
         SCF MAX. SUBITERATIONS - ELECTRONS :     1
         SCF MAX. ITERATIONS - INTERSPECIES :   200
         INTEGRAL STORAGE: DISK
         STACK SIZE FOR ERIS : 30000
         METHOD OF SCF CONVERGENCE: DAMPING
 
  MOLECULAR SYSTEM: usual_134
 -----------------
 
    DESCRIPTION   : usual_134
    CHARGE        :   2
    PUNTUAL GROUP : NONE
 
 
  INFORMATION OF PARTICLES :
 =========================
         Total number of particles   =      39
         Number of quantum particles =      37
         Number of puntual charges   =       2
         Number of quantum species   =       2
 
                 INFORMATION OF QUANTUM SPECIES 
    ----------------------------------------------------------------------
         ID      Symbol            mass     charge      omega     spin     multiplicity
    ----------------------------------------------------------------------
         1             E-         1.0000     -1.00      0.00      0.50      1.00
         2             E+         1.0000      1.00      0.00      0.50      1.00
 
                   CONSTANTS OF COUPLING 
      ------------------------------------------------------------
              Symbol      kappa        eta     lambda occupation
      ------------------------------------------------------------
                  E-      -1.00       2.00       2.00      18.00
                  E+      -1.00       1.00       1.00       1.00
 
                   BASIS SET FOR SPECIES 
      ------------------------------------------------------------
           Symbol          N. Basis     N. Particles     Basis Set
      ------------------------------------------------------------
                 E-           28               36     6-311++G.D
                 E+           32                1     GRIBAKIN-1
 
                                ATOMIC BASIS
         ------------------------------------------------------------
          PRIMITIVE   SHELL             EXPONENT         COEFFICIENT 
         ------------------------------------------------------------
 
    BEGIN DESCRIPTION OF BASIS FOR:    E-
    ==============================
 
 
            AR BASIS SET:   6-311++G.D.P
             1         S           118022.38000000          0.00074700
             2         S            17683.54100000          0.00579000
             3         S             4027.76570000          0.02991900
             4         S             1145.39770000          0.11920600
             5         S              377.16375000          0.36902800
             6         S              138.15969000          0.57645900
             1         S              138.15969000          0.14392700
             2         S               54.98911700          0.62293800
             3         S               23.17066700          0.28396400
             1         S                7.37786000          1.00000000
             1         S                2.92368800          1.00000000
             1         S                0.65040500          1.00000000
             1         S                0.23282500          1.00000000
             1         P              663.06201000          0.00308200
             2         P              157.09281000          0.02416500
             3         P               50.23110000          0.10822300
             4         P               18.63534500          0.29419200
             5         P                7.44653700          0.68786200
             1         P                7.44653700         -0.12144820
             2         P                3.09569800          0.16323700
             1         P                1.10646300          1.00000000
             1         P                0.41560100          1.00000000
             1         P                0.14544900          1.00000000
             1         S                0.06000000          1.00000000
             1         P                0.06000000          1.00000000
             1         D                0.85000000          1.00000000
 
            AR BASIS SET:   6-311++G.D.P
             1         S           118022.38000000          0.00074700
             2         S            17683.54100000          0.00579000
             3         S             4027.76570000          0.02991900
             4         S             1145.39770000          0.11920600
             5         S              377.16375000          0.36902800
             6         S              138.15969000          0.57645900
             1         S              138.15969000          0.14392700
             2         S               54.98911700          0.62293800
             3         S               23.17066700          0.28396400
             1         S                7.37786000          1.00000000
             1         S                2.92368800          1.00000000
             1         S                0.65040500          1.00000000
             1         S                0.23282500          1.00000000
             1         P              663.06201000          0.00308200
             2         P              157.09281000          0.02416500
             3         P               50.23110000          0.10822300
             4         P               18.63534500          0.29419200
             5         P                7.44653700          0.68786200
             1         P                7.44653700         -0.12144820
             2         P                3.09569800          0.16323700
             1         P                1.10646300          1.00000000
             1         P                0.41560100          1.00000000
             1         P                0.14544900          1.00000000
             1         S                0.06000000          1.00000000
             1         P                0.06000000          1.00000000
             1         D                0.85000000          1.00000000
    ... END DESCRIPTION OF BASIS
 
 
    BEGIN DESCRIPTION OF BASIS FOR:    E+
    ==============================
 
 
            E+ BASIS SET:GRIBAKIN-10S4P2
             1         S                0.00010000          1.00000000
             1         S                0.00030000          1.00000000
             1         S                0.00090000          1.00000000
             1         S                0.00270000          1.00000000
             1         S                0.00810000          1.00000000
             1         S                0.02430000          1.00000000
             1         S                0.07290000          1.00000000
             1         S                0.21870000          1.00000000
             1         S                0.65610000          1.00000000
             1         S                1.96830000          1.00000000
             1         P                0.00010000          1.00000000
             1         P                0.00030000          1.00000000
             1         P                0.00090000          1.00000000
             1         P                0.00270000          1.00000000
             1         D                0.00010000          1.00000000
             1         D                0.00030000          1.00000000
 
            E+ BASIS SET:GRIBAKIN-10S4P2
             1         S                0.00010000          1.00000000
             1         S                0.00030000          1.00000000
             1         S                0.00090000          1.00000000
             1         S                0.00270000          1.00000000
             1         S                0.00810000          1.00000000
             1         S                0.02430000          1.00000000
             1         S                0.07290000          1.00000000
             1         S                0.21870000          1.00000000
             1         S                0.65610000          1.00000000
             1         S                1.96830000          1.00000000
             1         P                0.00010000          1.00000000
             1         P                0.00030000          1.00000000
             1         P                0.00090000          1.00000000
             1         P                0.00270000          1.00000000
             1         D                0.00010000          1.00000000
             1         D                0.00030000          1.00000000
    ... END DESCRIPTION OF BASIS
 
 
  END INFORMATION OF PARTICLES
 
 
  INFORMATION OF THE QUANTUM SYSTEM 
     ---------------------------------------------------------------------
                 ID     Occupied Orbitals     Basis size
     ---------------------------------------------------------------------
                 E-           18               62
                 E+            1               68
 
  END INFORMATION OF QUANTUM SYSTEM
 
 
  INFORMATION OF EXTERNAL POTENTIALS 
 
 =======
 External Potential for E- : GRIBAKIN0
 Type : 
                     Exponent         l       R_x       R_y       R_z              Factor
                 0.0010000000         0   0.00000   0.00000   0.00000        0.0000000000
 
 =======
 External Potential for E+ : AR134
 Type : 
                     Exponent         l       R_x       R_y       R_z              Factor
                 0.0010000000         0   0.00000   0.00000   0.00000        0.0000779688
                 0.0020000000         0   0.00000   0.00000   0.00000       -0.0004786853
                 0.0040000000         0   0.00000   0.00000   0.00000        0.0013189164
                 0.0080000000         0   0.00000   0.00000   0.00000       -0.0033441280
                 0.0160000000         0   0.00000   0.00000   0.00000        0.0050907505
                 0.0320000000         0   0.00000   0.00000   0.00000       -0.0151949101
                 0.0640000000         0   0.00000   0.00000   0.00000        0.0049422575
                 0.1280000000         0   0.00000   0.00000   0.00000       -0.1024675180
                 0.2560000000         0   0.00000   0.00000   0.00000       -0.1709080790
                 0.5120000000         0   0.00000   0.00000   0.00000       -1.1786523000
                 1.0000000000         0   0.00000   0.00000   0.00000       -3.9901484000
                 2.0000000000         0   0.00000   0.00000   0.00000      129.9336270000
                 3.0000000000         0   0.00000   0.00000   0.00000    -1317.9950900000
                 4.0000000000         0   0.00000   0.00000   0.00000     7976.3295300000
                 5.0000000000         0   0.00000   0.00000   0.00000   -30887.5711000000
                 6.0000000000         0   0.00000   0.00000   0.00000    78131.7910000000
                 7.0000000000         0   0.00000   0.00000   0.00000  -128444.4630000000
                 8.0000000000         0   0.00000   0.00000   0.00000   132337.9190000000
                 9.0000000000         0   0.00000   0.00000   0.00000   -77735.4212000000
                10.0000000000         0   0.00000   0.00000   0.00000    19907.5941000000
                20.0000000000         0   0.00000   0.00000   0.00000     -135.7052840000
                30.0000000000         0   0.00000   0.00000   0.00000       72.5910786000
                40.0000000000         0   0.00000   0.00000   0.00000      -41.7155821000
                50.0000000000         0   0.00000   0.00000   0.00000       12.4077673000
               100.0000000000         0   0.00000   0.00000   0.00000       -0.2471957670
                 0.0010000000         0  28.60000   0.00000   0.00000        0.0000779688
                 0.0020000000         0  28.60000   0.00000   0.00000       -0.0004786853
                 0.0040000000         0  28.60000   0.00000   0.00000        0.0013189164
                 0.0080000000         0  28.60000   0.00000   0.00000       -0.0033441280
                 0.0160000000         0  28.60000   0.00000   0.00000        0.0050907505
                 0.0320000000         0  28.60000   0.00000   0.00000       -0.0151949101
                 0.0640000000         0  28.60000   0.00000   0.00000        0.0049422575
                 0.1280000000         0  28.60000   0.00000   0.00000       -0.1024675180
                 0.2560000000         0  28.60000   0.00000   0.00000       -0.1709080790
                 0.5120000000         0  28.60000   0.00000   0.00000       -1.1786523000
                 1.0000000000         0  28.60000   0.00000   0.00000       -3.9901484000
                 2.0000000000         0  28.60000   0.00000   0.00000      129.9336270000
                 3.0000000000         0  28.60000   0.00000   0.00000    -1317.9950900000
                 4.0000000000         0  28.60000   0.00000   0.00000     7976.3295300000
                 5.0000000000         0  28.60000   0.00000   0.00000   -30887.5711000000
                 6.0000000000         0  28.60000   0.00000   0.00000    78131.7910000000
                 7.0000000000         0  28.60000   0.00000   0.00000  -128444.4630000000
                 8.0000000000         0  28.60000   0.00000   0.00000   132337.9190000000
                 9.0000000000         0  28.60000   0.00000   0.00000   -77735.4212000000
                10.0000000000         0  28.60000   0.00000   0.00000    19907.5941000000
                20.0000000000         0  28.60000   0.00000   0.00000     -135.7052840000
                30.0000000000         0  28.60000   0.00000   0.00000       72.5910786000
                40.0000000000         0  28.60000   0.00000   0.00000      -41.7155821000
                50.0000000000         0  28.60000   0.00000   0.00000       12.4077673000
               100.0000000000         0  28.60000   0.00000   0.00000       -0.2471957670
 
  END INFORMATION OF EXTERNAL POTENTIALS
 
                       INITIAL GEOMETRY: AMSTRONG
                 -----------------------------------
                       <x>                 <y>                 <z>
      E-AR        0.0000000000        0.0000000000        0.0000000000
      E-AR       15.1344693283        0.0000000000        0.0000000000
        E+        0.0000000000        0.0000000000        0.0000000000
        E+       15.1344693283        0.0000000000        0.0000000000
        AR        0.0000000000        0.0000000000        0.0000000000
        AR       15.1344693283        0.0000000000        0.0000000000
 
                     MATRIX OF DISTANCE: ANGSTROM
                 -----------------------------------
                          AR(1)          AR(2)     
 
        AR(1)            0.000000      15.134469
        AR(2)           15.134469       0.000000
 
--------------------------------------------------------------------------------
** PROGRAM: SCF (Hartree Fock).     Author: S.A. Gonzalez, E. Posada, F. Moncada
--------------------------------------------------------------------------------
INFO: RUNNING IN RHF MODE.
 
----------------------------------------------------------------------
** PROGRAM INTS                          Author: E. F. Posada, 2013   
----------------------------------------------------------------------
INFO: RUNNING IN ONE_PARTICLE MODE.
 
 Number of Overlap integrals for species E-:   3844
 Number of Overlap integrals for species POSITRON:   4624
 Number of Kinetic integrals for species E-:   3844
 Number of Kinetic integrals for species POSITRON:   4624
 Number of Nuclear integrals for species E-:   3844
 Number of Nuclear integrals for species POSITRON:   4624
 Number of Moment integrals for species E-:  11532
 Number of Moment integrals for species POSITRON:  13872
 Number of 3C Overlap integrals for species E-:   3844
 Number of 3C Overlap integrals for species POSITRON:   4624
 
** TOTAL CPU Time INTS :      0.389 (s)
** TOTAL Elapsed Time INTS :      0.151 (s)
 
Removed     2 orbitals for species POSITRON with overlap eigen threshold of 1.000E-06
       Usign  HCORE density guess for species:         E-
     number of         E-     particles in guess density matrix:    36.000000
       Usign  HCORE density guess for species:   POSITRON
     number of   POSITRON     particles in guess density matrix:     0.000000
 Warning!, density matrix with deviation from number of particles    1.000000
 Number of unique integrals for species: 1 = 100447
 Number of unique integrals for species: 2 = 308749
 Number of unique integrals for species: 1 / 2 = 559330 Screened: 73870
 
 TWO-BODY INTEGRAL SETUP: 
------------------------- 
 Storage:   DISK
 Scheme: LIBINT
 Stack size:  30000
 
 LIBINT library, Fermann, J. T.; Valeev, F. L. 2010                   
 LOWDIN-LIBINT Implementation V. 2.1  Posada E. F. ; Reyes A. 2016   
 ----------------------------------------------------------------------

*** TOTAL CPU time intra-species integrals :      0.482 (s)
*** TOTAL elapsed time intra-species integrals :      0.073 (s)


*** TOTAL CPU time inter-species integrals :      0.664 (s)
*** TOTAL elapsed time inter-species integrals :      0.132 (s)

INFO: RUNNING SCHEME SIMULTANEOUS
 
 Begin Multi-Species SCF calculation:
 
 --------------------------------------------------------------------------------------------------
      Iteration                   Energy            Energy Change           Density Change
 --------------------------------------------------------------------------------------------------
              1        -996.367928102840         996.367928102840           0.304109597435
              2       -1028.114112567026          31.746184464186           0.186055522216
              3       -1053.295667146114          25.181554579087           0.017389195210
              4       -1053.570834578444           0.275167432330           0.005937278749
              5       -1053.593568858738           0.022734280294           0.002409568547
              6       -1053.603223649873           0.009654791135           0.002013015732
              7       -1053.609604761749           0.006381111876           0.708863639848
              8       -1053.614039639146           0.004434877397           0.000293858094
              9       -1053.614039740522           0.000000101376           0.000036442943
             10       -1053.614039749735           0.000000009213           0.000017428677
             11       -1053.614039750068           0.000000000333           0.000002343357
 Total energy converged after  11 global iterations                                                  
 
 ...end Multi-Species SCF calculation
 
 
 Begin SCF calculation by: E-
 -------------------------
 
 -----------------------------------------------------------------------------------
 Iteration                   Energy           Density Change         DIIS Error 
 -----------------------------------------------------------------------------------
    1       -1124.849769935220           0.184396839397                 -- 
    2       -1071.109415372092           0.015937545041                 -- 
    3       -1063.208694638925           0.004632122416                 -- 
    4       -1065.408433651568           0.001106757126                 -- 
    5       -1064.853047508675           0.000269722801                 -- 
    6       -1064.967106630355           0.000057643106                 -- 
    7       -1064.938012630234           0.000015001666                 -- 
    8       -1064.944125974610           0.000003165847                 -- 
    9       -1064.942464727309           0.000000982299                 -- 
   10       -1064.942866089412           0.000000207444                 -- 
 
 ... end SCF calculation
 
 Begin SCF calculation by: POSITRON
 -------------------------
 
 -----------------------------------------------------------------------------------
 Iteration                   Energy           Density Change         DIIS Error 
 -----------------------------------------------------------------------------------
    1           0.420089260340           0.001658682819                 -- 
    2          -0.000141236841           0.001451650168                 -- 
    3          -0.007585641105           0.001305156333                 -- 
    4          -0.005370555358           0.001302811421                 -- 
    5          -0.003591883043           0.001743292930                 -- 
    6           0.000042426468           0.708805996742                 -- 
    7           0.000042333236           0.000278856428                 -- 
    8           0.000042345093           0.000033277096                 -- 
    9           0.000042339686           0.000016446378                 -- 
   10           0.000042340460           0.000002135913                 -- 
 
 ... end SCF calculation
 
  EIGENVALUES AND EIGENVECTORS: 
 ==============================
 
 
  Eigenvalues for: E-
 -----------------
 
    1        -118.610400749100
    2        -118.610400749100
    3         -12.322679425780
    4         -12.322679425780
    5          -9.572523441903
    6          -9.572523441903
    7          -9.572523441901
    8          -9.572523441900
    9          -9.572523441900
   10          -9.572523441900
   11          -1.277376699379
   12          -1.277376699379
   13          -0.591387371574
   14          -0.591387371574
   15          -0.591387371374
   16          -0.591387371374
   17          -0.591387371374
   18          -0.591387371374
   19           0.134700334709
   20           0.134700335102
   21           0.152409809664
   22           0.152409818757
   23           0.152409818757
   24           0.152409819143
   25           0.152409819143
   26           0.152409828138
   27           0.709217785103
   28           0.709217791358
   29           0.709217791358
   30           0.709217791621
   31           0.709217791621
   32           0.709217797699
   33           1.072837470493
   34           1.072837470696
   35           1.214864594328
   36           1.214864594328
   37           1.214864594328
   38           1.214864594328
   39           1.214864594336
   40           1.214864594336
   41           1.214864594336
   42           1.214864594336
   43           1.214864594338
   44           1.214864594339
   45           2.743211185989
   46           2.743211188038
   47           2.743211188038
   48           2.743211188124
   49           2.743211188124
   50           2.743211190104
   51           4.434781468768
   52           4.434781468840
   53          14.030004215143
   54          14.030004216515
   55          14.030004216515
   56          14.030004216576
   57          14.030004216577
   58          14.030004218113
   59          16.732879552970
   60          16.732879553005
   61         254.593005197447
   62         254.593005197482
 
 
  Eigenvalues for: POSITRON
 -----------------
 
    1           0.000066622522
    2           0.000136598910
    3           0.000210194458
    4           0.000210194458
    5           0.000255813795
    6           0.000281917140
    7           0.000281917142
    8           0.000284358367
    9           0.000328530089
   10           0.000328530089
   11           0.000425459249
   12           0.000430000128
   13           0.000430063621
   14           0.000430063621
   15           0.000442310674
   16           0.000442310674
   17           0.000571224492
   18           0.000571224508
   19           0.000585894719
   20           0.000723458670
   21           0.000914109147
   22           0.000914109147
   23           0.000971165677
   24           0.001152165683
   25           0.001154455885
   26           0.001154455885
   27           0.001254803230
   28           0.001254803230
   29           0.001459704775
   30           0.001521063487
   31           0.001521063487
   32           0.001522924648
   33           0.001522924648
   34           0.001536534268
   35           0.001823278187
   36           0.001823278190
   37           0.001895441860
   38           0.001926909854
   39           0.003001207675
   40           0.003001207675
   41           0.003202454274
   42           0.003725159226
   43           0.003837778892
   44           0.003837778894
   45           0.004066690755
   46           0.004659901254
   47           0.007609841103
   48           0.008127863742
   49           0.009214392714
   50           0.009214392714
   51           0.010351780148
   52           0.010794326514
   53           0.010794326514
   54           0.013361709028
   55           0.021444328919
   56           0.021900400617
   57           0.064369173247
   58           0.065469032567
   59           0.217229813840
   60           0.218866996013
   61           0.858997712314
   62           0.860440705889
   63           4.193127918901
   64           4.194338371049
   65          24.143650748061
   66          24.145240451793
   67     1000000.000000000000
   68     1000000.000000000000
 
  end of eigenvalues 
 
  Occupied Eigenvectors for: E-
 --------------------------- 
 
                        -118.6104      -118.6104       -12.3227       -12.3227        -9.5725   
 
    1     AR     S      -0.394676      -0.112809       0.001324      -0.123087       0.000000
    2     AR     S      -0.629941      -0.180054       0.003612      -0.335838       0.000000
    3     AR     S      -0.011928      -0.003409      -0.005740       0.533643      -0.000000
    4     AR     S       0.001822       0.000521      -0.006224       0.578589      -0.000000
    5     AR     S      -0.001095      -0.000313      -0.000601       0.055905       0.000000
    6     AR     S      -0.000091      -0.000026       0.000061      -0.005713       0.000000
    7     AR    Px       0.000000       0.000000       0.000000      -0.000000      -0.173453
    8     AR    Py       0.000000       0.000000       0.000000       0.000000       0.000548
    9     AR    Pz      -0.000000      -0.000000       0.000000       0.000000       0.000377
   10     AR    Px       0.000000       0.000000       0.000000      -0.000000      -0.033361
   11     AR    Py       0.000000       0.000000      -0.000000       0.000000       0.000105
   12     AR    Pz      -0.000000      -0.000000       0.000000       0.000000       0.000073
   13     AR    Px      -0.000000      -0.000000       0.000000      -0.000000      -0.007490
   14     AR    Py       0.000000      -0.000000       0.000000      -0.000000       0.000024
   15     AR    Pz      -0.000000      -0.000000       0.000000       0.000000       0.000016
   16     AR    Px       0.000000       0.000000      -0.000000       0.000000       0.000729
   17     AR    Py      -0.000000       0.000000      -0.000000       0.000000      -0.000002
   18     AR    Pz      -0.000000      -0.000000       0.000000      -0.000000      -0.000002
   19     AR    Px      -0.000000      -0.000000       0.000000      -0.000000      -0.000350
   20     AR    Py       0.000000      -0.000000       0.000000      -0.000000       0.000001
   21     AR    Pz      -0.000000      -0.000000       0.000000       0.000000       0.000001
   22     AR     S       0.000022       0.000006      -0.000014       0.001294      -0.000000
   23     AR    Px       0.000000       0.000000      -0.000000       0.000000       0.000124
   24     AR    Py      -0.000000      -0.000000      -0.000000      -0.000000      -0.000000
   25     AR    Pz      -0.000000      -0.000000       0.000000       0.000000      -0.000000
   26     AR   Dxx       0.000343       0.000098       0.000065      -0.006077       0.000000
   27     AR   Dxy       0.000000       0.000000      -0.000000      -0.000000      -0.000000
   28     AR   Dxz       0.000000      -0.000000       0.000000       0.000000      -0.000000
   29     AR   Dyy       0.000343       0.000098       0.000065      -0.006077      -0.000000
   30     AR   Dyz       0.000000      -0.000000       0.000000      -0.000000      -0.000000
   31     AR   Dzz       0.000343       0.000098       0.000065      -0.006077      -0.000000
   32     AR     S      -0.112809       0.394676      -0.123087      -0.001324      -0.000000
   33     AR     S      -0.180054       0.629941      -0.335838      -0.003612      -0.000000
   34     AR     S      -0.003409       0.011928       0.533643       0.005740       0.000000
   35     AR     S       0.000521      -0.001822       0.578589       0.006224       0.000000
   36     AR     S      -0.000313       0.001095       0.055905       0.000601      -0.000000
   37     AR     S      -0.000026       0.000091      -0.005713      -0.000061      -0.000000
   38     AR    Px      -0.000000       0.000000       0.000000       0.000000      -0.957512
   39     AR    Py      -0.000000      -0.000000      -0.000000      -0.000000       0.000148
   40     AR    Pz      -0.000000      -0.000000      -0.000000       0.000000      -0.000550
   41     AR    Px      -0.000000       0.000000       0.000000       0.000000      -0.184162
   42     AR    Py      -0.000000      -0.000000      -0.000000      -0.000000       0.000029
   43     AR    Pz      -0.000000      -0.000000      -0.000000      -0.000000      -0.000106
   44     AR    Px       0.000000      -0.000000       0.000000       0.000000      -0.041345
   45     AR    Py       0.000000       0.000000       0.000000       0.000000       0.000006
   46     AR    Pz       0.000000       0.000000      -0.000000       0.000000      -0.000024
   47     AR    Px      -0.000000       0.000000      -0.000000      -0.000000       0.004025
   48     AR    Py      -0.000000      -0.000000      -0.000000      -0.000000      -0.000001
   49     AR    Pz      -0.000000      -0.000000      -0.000000      -0.000000       0.000002
   50     AR    Px       0.000000      -0.000000       0.000000       0.000000      -0.001933
   51     AR    Py       0.000000       0.000000       0.000000       0.000000       0.000000
   52     AR    Pz      -0.000000      -0.000000      -0.000000       0.000000      -0.000001
   53     AR     S       0.000006      -0.000022       0.001294       0.000014       0.000000
   54     AR    Px      -0.000000       0.000000      -0.000000      -0.000000       0.000682
   55     AR    Py      -0.000000      -0.000000      -0.000000       0.000000      -0.000000
   56     AR    Pz       0.000000       0.000000      -0.000000       0.000000       0.000000
   57     AR   Dxx       0.000098      -0.000343      -0.006077      -0.000065      -0.000000
   58     AR   Dxy      -0.000000       0.000000      -0.000000      -0.000000       0.000000
   59     AR   Dxz      -0.000000       0.000000      -0.000000      -0.000000      -0.000000
   60     AR   Dyy       0.000098      -0.000343      -0.006077      -0.000065       0.000000
   61     AR   Dyz      -0.000000      -0.000000      -0.000000      -0.000000      -0.000000
   62     AR   Dzz       0.000098      -0.000343      -0.006077      -0.000065       0.000000
 
                          -9.5725        -9.5725        -9.5725        -9.5725        -9.5725   
 
    1     AR     S      -0.000000      -0.000000       0.000000       0.000000      -0.000000
    2     AR     S      -0.000000      -0.000000       0.000000       0.000000      -0.000000
    3     AR     S       0.000000       0.000000      -0.000000      -0.000000       0.000000
    4     AR     S       0.000000       0.000000      -0.000000      -0.000000       0.000000
    5     AR     S      -0.000000      -0.000000       0.000000       0.000000      -0.000000
    6     AR     S      -0.000000      -0.000000       0.000000       0.000000      -0.000000
    7     AR    Px       0.957512       0.000165      -0.000562      -0.000070       0.000668
    8     AR    Py       0.000230       0.588999      -0.377589       0.263760      -0.622778
    9     AR    Pz       0.000824      -0.615995       0.276648       0.162132      -0.681648
   10     AR    Px       0.184162       0.000032      -0.000108      -0.000013       0.000129
   11     AR    Py       0.000044       0.113284      -0.072623       0.050730      -0.119781
   12     AR    Pz       0.000159      -0.118476       0.053209       0.031183      -0.131104
   13     AR    Px       0.041345       0.000007      -0.000024      -0.000003       0.000029
   14     AR    Py       0.000010       0.025433      -0.016304       0.011389      -0.026892
   15     AR    Pz       0.000036      -0.026599       0.011946       0.007001      -0.029434
   16     AR    Px      -0.004025      -0.000001       0.000002       0.000000      -0.000003
   17     AR    Py      -0.000001      -0.002476       0.001587      -0.001109       0.002618
   18     AR    Pz      -0.000003       0.002589      -0.001163      -0.000682       0.002865
   19     AR    Px       0.001933       0.000000      -0.000001      -0.000000       0.000001
   20     AR    Py       0.000000       0.001189      -0.000762       0.000533      -0.001257
   21     AR    Pz       0.000002      -0.001244       0.000559       0.000327      -0.001376
   22     AR     S       0.000000       0.000000      -0.000000      -0.000000       0.000000
   23     AR    Px      -0.000682      -0.000000       0.000000       0.000000      -0.000000
   24     AR    Py      -0.000000      -0.000420       0.000269      -0.000188       0.000444
   25     AR    Pz      -0.000001       0.000439      -0.000197      -0.000115       0.000486
   26     AR   Dxx      -0.000000      -0.000000       0.000000      -0.000000      -0.000000
   27     AR   Dxy      -0.000000      -0.000000       0.000000      -0.000000       0.000000
   28     AR   Dxz      -0.000000       0.000000      -0.000000      -0.000000       0.000000
   29     AR   Dyy       0.000000       0.000000      -0.000000      -0.000000       0.000000
   30     AR   Dyz      -0.000000      -0.000000      -0.000000      -0.000000      -0.000000
   31     AR   Dzz       0.000000       0.000000      -0.000000      -0.000000       0.000000
   32     AR     S      -0.000000      -0.000000      -0.000000      -0.000000      -0.000000
   33     AR     S      -0.000000      -0.000000      -0.000000      -0.000000      -0.000000
   34     AR     S       0.000000       0.000000       0.000000       0.000000       0.000000
   35     AR     S       0.000000       0.000000       0.000000       0.000000       0.000000
   36     AR     S      -0.000000       0.000000      -0.000000      -0.000000      -0.000000
   37     AR     S      -0.000000       0.000000      -0.000000      -0.000000      -0.000000
   38     AR    Px      -0.173453      -0.000002      -0.000221      -0.000284      -0.000895
   39     AR    Py       0.000464       0.411034       0.650912      -0.545942      -0.237125
   40     AR    Pz       0.000103       0.227149       0.551472       0.743645       0.195422
   41     AR    Px      -0.033361      -0.000000      -0.000043      -0.000055      -0.000172
   42     AR    Py       0.000089       0.079056       0.125192      -0.105003      -0.045607
   43     AR    Pz       0.000020       0.043688       0.106067       0.143028       0.037586
   44     AR    Px      -0.007490      -0.000000      -0.000010      -0.000012      -0.000039
   45     AR    Py       0.000020       0.017748       0.028106      -0.023574      -0.010239
   46     AR    Pz       0.000004       0.009808       0.023813       0.032111       0.008438
   47     AR    Px       0.000729       0.000000       0.000001       0.000001       0.000004
   48     AR    Py      -0.000002      -0.001728      -0.002736       0.002295       0.000997
   49     AR    Pz      -0.000000      -0.000955      -0.002318      -0.003126      -0.000821
   50     AR    Px      -0.000350      -0.000000      -0.000000      -0.000001      -0.000002
   51     AR    Py       0.000001       0.000830       0.001314      -0.001102      -0.000479
   52     AR    Pz       0.000000       0.000459       0.001113       0.001501       0.000395
   53     AR     S       0.000000      -0.000000       0.000000       0.000000       0.000000
   54     AR    Px       0.000124       0.000000       0.000000       0.000000       0.000001
   55     AR    Py      -0.000000      -0.000293      -0.000464       0.000389       0.000169
   56     AR    Pz      -0.000000      -0.000162      -0.000393      -0.000530      -0.000139
   57     AR   Dxx      -0.000000      -0.000000      -0.000000      -0.000000      -0.000000
   58     AR   Dxy       0.000000       0.000000       0.000000      -0.000000      -0.000000
   59     AR   Dxz       0.000000       0.000000       0.000000       0.000000       0.000000
   60     AR   Dyy       0.000000      -0.000000       0.000000       0.000000       0.000000
   61     AR   Dyz      -0.000000       0.000000       0.000000      -0.000000      -0.000000
   62     AR   Dzz       0.000000      -0.000000       0.000000       0.000000       0.000000
 
                          -1.2774        -1.2774        -0.5914        -0.5914        -0.5914   
 
    1     AR     S       0.038331      -0.003917      -0.000000      -0.000000       0.000000
    2     AR     S       0.112100      -0.011454      -0.000000      -0.000000       0.000000
    3     AR     S      -0.235945       0.024108       0.000000       0.000000      -0.000000
    4     AR     S      -0.415067       0.042411       0.000000       0.000000       0.000000
    5     AR     S       0.657238      -0.067155      -0.000000      -0.000000      -0.000000
    6     AR     S       0.548638      -0.056059      -0.000000      -0.000000       0.000000
    7     AR    Px      -0.000000       0.000000       0.204661       0.197978      -0.000000
    8     AR    Py       0.000000       0.000000      -0.000000      -0.000000       0.031912
    9     AR    Pz      -0.000000       0.000000       0.000000      -0.000000      -0.242290
   10     AR    Px      -0.000000       0.000000       0.029251       0.028295      -0.000000
   11     AR    Py      -0.000000       0.000000      -0.000000      -0.000000       0.004561
   12     AR    Pz       0.000000       0.000000       0.000000      -0.000000      -0.034628
   13     AR    Px       0.000000      -0.000000      -0.231045      -0.223500       0.000000
   14     AR    Py      -0.000000      -0.000000       0.000000       0.000000      -0.036026
   15     AR    Pz       0.000000      -0.000000      -0.000000       0.000000       0.273524
   16     AR    Px       0.000000      -0.000000      -0.399392      -0.386349       0.000000
   17     AR    Py      -0.000000      -0.000000       0.000000       0.000000      -0.062276
   18     AR    Pz       0.000000      -0.000000      -0.000000       0.000000       0.472823
   19     AR    Px      -0.000000       0.000000      -0.202779      -0.196157       0.000000
   20     AR    Py      -0.000000      -0.000000       0.000000       0.000000      -0.031619
   21     AR    Pz       0.000000      -0.000000      -0.000000       0.000000       0.240061
   22     AR     S       0.012016      -0.001228       0.000000       0.000000      -0.000000
   23     AR    Px      -0.000000       0.000000      -0.006072      -0.005874       0.000000
   24     AR    Py      -0.000000       0.000000       0.000000       0.000000      -0.000947
   25     AR    Pz      -0.000000      -0.000000      -0.000000       0.000000       0.007189
   26     AR   Dxx      -0.001771       0.000181       0.000000       0.000000       0.000000
   27     AR   Dxy      -0.000000       0.000000      -0.000000      -0.000000       0.000000
   28     AR   Dxz      -0.000000      -0.000000       0.000000      -0.000000      -0.000000
   29     AR   Dyy      -0.001771       0.000181      -0.000000      -0.000000       0.000000
   30     AR   Dyz      -0.000000      -0.000000      -0.000000       0.000000      -0.000000
   31     AR   Dzz      -0.001771       0.000181      -0.000000      -0.000000      -0.000000
   32     AR     S       0.003917       0.038331      -0.000000       0.000000      -0.000000
   33     AR     S       0.011454       0.112100      -0.000000       0.000000      -0.000000
   34     AR     S      -0.024108      -0.235945       0.000000      -0.000000       0.000000
   35     AR     S      -0.042411      -0.415067       0.000000      -0.000000       0.000000
   36     AR     S       0.067155       0.657238      -0.000000       0.000000      -0.000000
   37     AR     S       0.056059       0.548638      -0.000000       0.000000      -0.000000
   38     AR    Px       0.000000       0.000000      -0.197978       0.204661      -0.000000
   39     AR    Py      -0.000000      -0.000000      -0.000002       0.000000       0.010811
   40     AR    Pz      -0.000000      -0.000000      -0.000000      -0.000000      -0.145746
   41     AR    Px       0.000000       0.000000      -0.028295       0.029251      -0.000000
   42     AR    Py       0.000000       0.000000      -0.000000       0.000000       0.001545
   43     AR    Pz       0.000000      -0.000000      -0.000000      -0.000000      -0.020830
   44     AR    Px      -0.000000      -0.000000       0.223500      -0.231045       0.000000
   45     AR    Py      -0.000000       0.000000       0.000002      -0.000000      -0.012205
   46     AR    Pz      -0.000000       0.000000       0.000000       0.000000       0.164535
   47     AR    Px      -0.000000      -0.000000       0.386349      -0.399392       0.000000
   48     AR    Py       0.000000       0.000000       0.000003      -0.000001      -0.021098
   49     AR    Pz       0.000000      -0.000000       0.000001       0.000000       0.284420
   50     AR    Px       0.000000       0.000000       0.196157      -0.202779       0.000000
   51     AR    Py      -0.000000       0.000000       0.000002      -0.000000      -0.010712
   52     AR    Pz       0.000000      -0.000000       0.000000       0.000000       0.144406
   53     AR     S       0.001228       0.012016       0.000000      -0.000000       0.000000
   54     AR    Px       0.000000       0.000000       0.005874      -0.006072       0.000000
   55     AR    Py      -0.000000      -0.000000       0.000000      -0.000000      -0.000321
   56     AR    Pz      -0.000000       0.000000       0.000000       0.000000       0.004324
   57     AR   Dxx      -0.000181      -0.001771       0.000000      -0.000000      -0.000000
   58     AR   Dxy       0.000000      -0.000000       0.000000      -0.000000      -0.000000
   59     AR   Dxz       0.000000       0.000000       0.000000       0.000000       0.000000
   60     AR   Dyy      -0.000181      -0.001771      -0.000000       0.000000       0.000000
   61     AR   Dyz       0.000000      -0.000000      -0.000000      -0.000000       0.000000
   62     AR   Dzz      -0.000181      -0.001771      -0.000000       0.000000      -0.000000
 
                          -0.5914        -0.5914        -0.5914   
 
    1     AR     S       0.000000       0.000000      -0.000000
    2     AR     S       0.000000       0.000000      -0.000000
    3     AR     S      -0.000000      -0.000000       0.000000
    4     AR     S      -0.000000      -0.000000       0.000000
    5     AR     S       0.000000       0.000000      -0.000000
    6     AR     S       0.000000       0.000000      -0.000000
    7     AR    Px      -0.000001      -0.000000       0.000001
    8     AR    Py      -0.196889       0.032186      -0.200654
    9     AR    Pz      -0.013682       0.148958      -0.001215
   10     AR    Px      -0.000000      -0.000000       0.000000
   11     AR    Py      -0.028140       0.004600      -0.028678
   12     AR    Pz      -0.001955       0.021289      -0.000174
   13     AR    Px       0.000001       0.000000      -0.000001
   14     AR    Py       0.222270      -0.036335       0.226521
   15     AR    Pz       0.015445      -0.168161       0.001372
   16     AR    Px       0.000002       0.000001      -0.000001
   17     AR    Py       0.384224      -0.062809       0.391571
   18     AR    Pz       0.026700      -0.290689       0.002372
   19     AR    Px       0.000001       0.000000      -0.000001
   20     AR    Py       0.195078      -0.031890       0.198809
   21     AR    Pz       0.013556      -0.147588       0.001204
   22     AR     S      -0.000000      -0.000000       0.000000
   23     AR    Px       0.000000       0.000000      -0.000000
   24     AR    Py       0.005842      -0.000955       0.005953
   25     AR    Pz       0.000406      -0.004420       0.000036
   26     AR   Dxx      -0.000000       0.000000       0.000000
   27     AR   Dxy      -0.000000       0.000000      -0.000000
   28     AR   Dxz      -0.000000       0.000000      -0.000000
   29     AR   Dyy       0.000000       0.000000      -0.000000
   30     AR   Dyz      -0.000000       0.000000       0.000000
   31     AR   Dzz       0.000000       0.000000      -0.000000
   32     AR     S       0.000000       0.000000      -0.000000
   33     AR     S       0.000000       0.000000      -0.000000
   34     AR     S      -0.000000      -0.000000       0.000000
   35     AR     S      -0.000000      -0.000000       0.000000
   36     AR     S       0.000000       0.000000      -0.000000
   37     AR     S       0.000000       0.000000      -0.000000
   38     AR    Px       0.000001       0.000000      -0.000001
   39     AR    Py      -0.202185       0.000648       0.200214
   40     AR    Pz      -0.035363      -0.240534      -0.027063
   41     AR    Px       0.000000       0.000000      -0.000000
   42     AR    Py      -0.028897       0.000093       0.028615
   43     AR    Pz      -0.005054      -0.034378      -0.003868
   44     AR    Px      -0.000001      -0.000000       0.000001
   45     AR    Py       0.228249      -0.000732      -0.226024
   46     AR    Pz       0.039922       0.271542       0.030551
   47     AR    Px      -0.000002      -0.000000       0.000002
   48     AR    Py       0.394558      -0.001265      -0.390713
   49     AR    Pz       0.069010       0.469396       0.052812
   50     AR    Px      -0.000001      -0.000000       0.000001
   51     AR    Py       0.200325      -0.000642      -0.198373
   52     AR    Pz       0.035038       0.238322       0.026814
   53     AR     S      -0.000000      -0.000000       0.000000
   54     AR    Px      -0.000000      -0.000000       0.000000
   55     AR    Py       0.005999      -0.000019      -0.005940
   56     AR    Pz       0.001049       0.007137       0.000803
   57     AR   Dxx      -0.000000      -0.000000       0.000000
   58     AR   Dxy       0.000000      -0.000000      -0.000000
   59     AR   Dxz       0.000000       0.000000       0.000000
   60     AR   Dyy       0.000000       0.000000      -0.000000
   61     AR   Dyz       0.000000      -0.000000      -0.000000
   62     AR   Dzz       0.000000      -0.000000      -0.000000
 
 
  Occupied Eigenvectors for: POSITRON
 --------------------------- 
 
                           0.0001   
 
    1     E+     S      -2.162811
    2     E+     S       0.250566
    3     E+     S       0.126941
    4     E+     S      -0.017794
    5     E+     S       0.010048
    6     E+     S       0.000471
    7     E+     S       0.001468
    8     E+     S      -0.001263
    9     E+     S      -0.001177
   10     E+     S       0.000146
   11     E+    Px       4.101355
   12     E+    Py       0.000000
   13     E+    Pz       0.000000
   14     E+    Px       0.137751
   15     E+    Py      -0.000000
   16     E+    Pz      -0.000000
   17     E+    Px      -0.000026
   18     E+    Py      -0.000000
   19     E+    Pz       0.000000
   20     E+    Px      -0.000536
   21     E+    Py       0.000000
   22     E+    Pz      -0.000000
   23     E+   Dxx       1.434618
   24     E+   Dxy       0.000000
   25     E+   Dxz       0.000000
   26     E+   Dyy       0.379555
   27     E+   Dyz      -0.000000
   28     E+   Dzz       0.379555
   29     E+   Dxx       0.274880
   30     E+   Dxy      -0.000000
   31     E+   Dxz      -0.000000
   32     E+   Dyy       0.189085
   33     E+   Dyz       0.000000
   34     E+   Dzz       0.189085
   35     E+     S      -2.162811
   36     E+     S       0.250566
   37     E+     S       0.126941
   38     E+     S      -0.017794
   39     E+     S       0.010048
   40     E+     S       0.000471
   41     E+     S       0.001468
   42     E+     S      -0.001263
   43     E+     S      -0.001177
   44     E+     S       0.000146
   45     E+    Px      -4.101355
   46     E+    Py      -0.000000
   47     E+    Pz      -0.000000
   48     E+    Px      -0.137751
   49     E+    Py       0.000000
   50     E+    Pz       0.000000
   51     E+    Px       0.000026
   52     E+    Py      -0.000000
   53     E+    Pz      -0.000000
   54     E+    Px       0.000536
   55     E+    Py       0.000000
   56     E+    Pz       0.000000
   57     E+   Dxx       1.434618
   58     E+   Dxy       0.000000
   59     E+   Dxz       0.000000
   60     E+   Dyy       0.379555
   61     E+   Dyz       0.000000
   62     E+   Dzz       0.379555
   63     E+   Dxx       0.274880
   64     E+   Dxy      -0.000000
   65     E+   Dxz      -0.000000
   66     E+   Dyy       0.189085
   67     E+   Dyz      -0.000000
   68     E+   Dzz       0.189085
 
 
  end of eigenvectors 
 
  END OF EIGENVALUES AND EIGENVECTORS
 
 
  COMPONENTS OF KINETIC ENERGY: 
 -----------------------------
 
                  E- Kinetic energy =         1053.595735196667
            POSITRON Kinetic energy =            0.000081080119
                                     _________________________
               Total kinetic energy =         1053.595816276786
 
  COMPONENTS OF POTENTIAL ENERGY: 
 -------------------------------
 
          Fixed potential energy    =           11.328671328671
 
  Quantum/Fixed interaction energy: 
 ----------------------------------
 
          E-/Fixed interact. energy =        -2532.672683755951
    POSITRON/Fixed interact. energy =            0.369577249371
                                     _________________________
               Total Q/Fixed energy =        -2532.303106506580
 
  Coulomb energy: 
 ------------------
 
               E-/E- Hartree energy =          474.499923130360
   POSITRON/POSITRON Hartree energy =            0.000000000000
         E-/POSITRON Hartree energy =           -0.369567424961
                                     _________________________
               Total Hartree energy =          474.130355705399
 
  Exchange(HF) energy: 
 ----------------------
 
                 E- Exchange energy =          -60.365752272375
           POSITRON Exchange energy =            0.000000000000
                                     _________________________
              Total Exchange energy =          -60.365752272375
 
  External Potential energy: 
 ----------------------------
 
                  E- Ext Pot energy =            0.000000000000
            POSITRON Ext Pot energy =           -0.000024282062
                                     _________________________
    Total External Potential energy =           -0.000024282062
 
  TOTAL ENERGY COMPONENTS: 
 ==========================
 
          TOTAL KINETIC ENERGY      =         1053.595816276786
          TOTAL POTENTIAL ENERGY    =        -2107.209856026946
                                     _________________________
                       TOTAL ENERGY =        -1053.614039750159
 
                 VIRIAL RATIO (V/T) =            2.000017296456
 
 
  END ENERGY COMPONENTS
 
 
** TOTAL CPU Time SCF :      1.101 (s)
** TOTAL Elapsed Time SCF :      0.416 (s)
 
 We are calculating properties for E- in the HF/KS ground state
 We are calculating properties for POSITRON in the HF/KS ground state
 
  POPULATION ANALYSES: 
 ====================
 
 MULLIKEN Population: for E-        
 ---------------------
 
                                    
 
    1     AR     S       0.777155
    2     AR     S       1.187471
    3     AR     S       0.957554
    4     AR     S       1.016967
    5     AR     S       1.065414
    6     AR     S       0.994040
    7     AR    Px       1.965968
    8     AR    Py       1.965968
    9     AR    Pz       1.965968
   10     AR    Px       0.024934
   11     AR    Py       0.024934
   12     AR    Pz       0.024934
   13     AR    Px       0.499839
   14     AR    Py       0.499839
   15     AR    Pz       0.499839
   16     AR    Px       1.061120
   17     AR    Py       1.061120
   18     AR    Pz       1.061120
   19     AR    Px       0.440275
   20     AR    Py       0.440275
   21     AR    Pz       0.440275
   22     AR     S       0.014997
   23     AR    Px       0.007864
   24     AR    Py       0.007864
   25     AR    Pz       0.007864
   26     AR   Dxx      -0.004532
   27     AR   Dxy       0.000000
   28     AR   Dxz       0.000000
   29     AR   Dyy      -0.004532
   30     AR   Dyz       0.000000
   31     AR   Dzz      -0.004532
   32     AR     S       0.777155
   33     AR     S       1.187471
   34     AR     S       0.957554
   35     AR     S       1.016967
   36     AR     S       1.065414
   37     AR     S       0.994040
   38     AR    Px       1.965968
   39     AR    Py       1.965968
   40     AR    Pz       1.965968
   41     AR    Px       0.024934
   42     AR    Py       0.024934
   43     AR    Pz       0.024934
   44     AR    Px       0.499839
   45     AR    Py       0.499839
   46     AR    Pz       0.499839
   47     AR    Px       1.061120
   48     AR    Py       1.061120
   49     AR    Pz       1.061120
   50     AR    Px       0.440275
   51     AR    Py       0.440275
   52     AR    Pz       0.440275
   53     AR     S       0.014997
   54     AR    Px       0.007864
   55     AR    Py       0.007864
   56     AR    Pz       0.007864
   57     AR   Dxx      -0.004532
   58     AR   Dxy       0.000000
   59     AR   Dxz       0.000000
   60     AR   Dyy      -0.004532
   61     AR   Dyz       0.000000
   62     AR   Dzz      -0.004532
 
                           __________
              Total =       36.000000
 
  Atomic MULLIKEN Population: for E-        
            AR              18.000000
            AR              18.000000
 
 ...end of MULLIKEN Population
 
 
 END POPULATION ANALYSES 
 
 
  POPULATION ANALYSES: 
 ====================
 
 LOWDIN Population: for E-        
 ---------------------
 
                                    
 
    1     AR     S       0.903190
    2     AR     S       1.085074
    3     AR     S       0.953732
    4     AR     S       0.963035
    5     AR     S       0.544209
    6     AR     S       0.563780
    7     AR    Px       1.884791
    8     AR    Py       1.884791
    9     AR    Pz       1.884791
   10     AR    Px       0.100697
   11     AR    Py       0.100697
   12     AR    Pz       0.100697
   13     AR    Px       0.548813
   14     AR    Py       0.548813
   15     AR    Pz       0.548813
   16     AR    Px       0.936024
   17     AR    Py       0.936024
   18     AR    Pz       0.936024
   19     AR    Px       0.452266
   20     AR    Py       0.452266
   21     AR    Pz       0.452266
   22     AR     S       0.148257
   23     AR    Px       0.077408
   24     AR    Py       0.077408
   25     AR    Pz       0.077408
   26     AR   Dxx       0.279574
   27     AR   Dxy       0.000000
   28     AR   Dxz       0.000000
   29     AR   Dyy       0.279574
   30     AR   Dyz       0.000000
   31     AR   Dzz       0.279574
   32     AR     S       0.903190
   33     AR     S       1.085074
   34     AR     S       0.953732
   35     AR     S       0.963035
   36     AR     S       0.544209
   37     AR     S       0.563780
   38     AR    Px       1.884791
   39     AR    Py       1.884791
   40     AR    Pz       1.884791
   41     AR    Px       0.100697
   42     AR    Py       0.100697
   43     AR    Pz       0.100697
   44     AR    Px       0.548813
   45     AR    Py       0.548813
   46     AR    Pz       0.548813
   47     AR    Px       0.936024
   48     AR    Py       0.936024
   49     AR    Pz       0.936024
   50     AR    Px       0.452266
   51     AR    Py       0.452266
   52     AR    Pz       0.452266
   53     AR     S       0.148257
   54     AR    Px       0.077408
   55     AR    Py       0.077408
   56     AR    Pz       0.077408
   57     AR   Dxx       0.279574
   58     AR   Dxy       0.000000
   59     AR   Dxz       0.000000
   60     AR   Dyy       0.279574
   61     AR   Dyz       0.000000
   62     AR   Dzz       0.279574
 
                           __________
              Total =       36.000000
 
  Atomic LOWDIN Population: for E-        
            AR              18.000000
            AR              18.000000
 
 ...end of LOWDIN Population
 
 
 END POPULATION ANALYSES 
 
 
  POPULATION ANALYSES: 
 ====================
 
 MULLIKEN Population: for POSITRON  
 ---------------------
 
                                    
 
    1     E+     S      -1.842915
    2     E+     S       0.128125
    3     E+     S       0.034204
    4     E+     S      -0.002434
    5     E+     S       0.000686
    6     E+     S       0.000016
    7     E+     S       0.000023
    8     E+     S      -0.000008
    9     E+     S      -0.000002
   10     E+     S       0.000000
   11     E+    Px       0.264957
   12     E+    Py       0.000000
   13     E+    Pz      -0.000000
   14     E+    Px       0.004604
   15     E+    Py      -0.000000
   16     E+    Pz       0.000000
   17     E+    Px      -0.000001
   18     E+    Py      -0.000000
   19     E+    Pz      -0.000000
   20     E+    Px      -0.000006
   21     E+    Py       0.000000
   22     E+    Pz       0.000000
   23     E+   Dxx       1.041375
   24     E+   Dxy      -0.000000
   25     E+   Dxz       0.000000
   26     E+   Dyy       0.268777
   27     E+   Dyz      -0.000000
   28     E+   Dzz       0.268777
   29     E+   Dxx       0.141733
   30     E+   Dxy       0.000000
   31     E+   Dxz      -0.000000
   32     E+   Dyy       0.096044
   33     E+   Dyz       0.000000
   34     E+   Dzz       0.096044
   35     E+     S      -1.842915
   36     E+     S       0.128125
   37     E+     S       0.034204
   38     E+     S      -0.002434
   39     E+     S       0.000686
   40     E+     S       0.000016
   41     E+     S       0.000023
   42     E+     S      -0.000008
   43     E+     S      -0.000002
   44     E+     S       0.000000
   45     E+    Px       0.264957
   46     E+    Py       0.000000
   47     E+    Pz      -0.000000
   48     E+    Px       0.004604
   49     E+    Py      -0.000000
   50     E+    Pz       0.000000
   51     E+    Px      -0.000001
   52     E+    Py       0.000000
   53     E+    Pz      -0.000000
   54     E+    Px      -0.000006
   55     E+    Py      -0.000000
   56     E+    Pz       0.000000
   57     E+   Dxx       1.041375
   58     E+   Dxy      -0.000000
   59     E+   Dxz       0.000000
   60     E+   Dyy       0.268777
   61     E+   Dyz       0.000000
   62     E+   Dzz       0.268777
   63     E+   Dxx       0.141733
   64     E+   Dxy       0.000000
   65     E+   Dxz      -0.000000
   66     E+   Dyy       0.096044
   67     E+   Dyz      -0.000000
   68     E+   Dzz       0.096044
 
                           __________
              Total =        1.000000
 
  Atomic MULLIKEN Population: for POSITRON  
            AR               0.500000
            AR               0.500000
 
 ...end of MULLIKEN Population
 
 
 END POPULATION ANALYSES 
 
 
  POPULATION ANALYSES: 
 ====================
 
 LOWDIN Population: for POSITRON  
 ---------------------
 
                                    
 
    1     E+     S       0.044301
    2     E+     S       0.028810
    3     E+     S       0.005649
    4     E+     S       0.001165
    5     E+     S       0.000278
    6     E+     S       0.000076
    7     E+     S       0.000011
    8     E+     S       0.000000
    9     E+     S       0.000001
   10     E+     S       0.000000
   11     E+    Px       0.000022
   12     E+    Py       0.000000
   13     E+    Pz       0.000000
   14     E+    Px       0.000715
   15     E+    Py       0.000000
   16     E+    Pz      -0.000000
   17     E+    Px       0.000000
   18     E+    Py       0.000000
   19     E+    Pz       0.000000
   20     E+    Px       0.000009
   21     E+    Py       0.000000
   22     E+    Pz      -0.000000
   23     E+   Dxx       0.127363
   24     E+   Dxy       0.000000
   25     E+   Dxz       0.000000
   26     E+   Dyy       0.119925
   27     E+   Dyz       0.000000
   28     E+   Dzz       0.119925
   29     E+   Dxx       0.018415
   30     E+   Dxy       0.000000
   31     E+   Dxz      -0.000000
   32     E+   Dyy       0.016668
   33     E+   Dyz      -0.000000
   34     E+   Dzz       0.016668
   35     E+     S       0.044301
   36     E+     S       0.028810
   37     E+     S       0.005649
   38     E+     S       0.001165
   39     E+     S       0.000278
   40     E+     S       0.000076
   41     E+     S       0.000011
   42     E+     S       0.000000
   43     E+     S       0.000001
   44     E+     S       0.000000
   45     E+    Px       0.000022
   46     E+    Py       0.000000
   47     E+    Pz       0.000000
   48     E+    Px       0.000715
   49     E+    Py       0.000000
   50     E+    Pz      -0.000000
   51     E+    Px       0.000000
   52     E+    Py       0.000000
   53     E+    Pz       0.000000
   54     E+    Px       0.000009
   55     E+    Py       0.000000
   56     E+    Pz       0.000000
   57     E+   Dxx       0.127363
   58     E+   Dxy       0.000000
   59     E+   Dxz       0.000000
   60     E+   Dyy       0.119925
   61     E+   Dyz       0.000000
   62     E+   Dzz       0.119925
   63     E+   Dxx       0.018415
   64     E+   Dxy       0.000000
   65     E+   Dxz       0.000000
   66     E+   Dyy       0.016668
   67     E+   Dyz       0.000000
   68     E+   Dzz       0.016668
 
                           __________
              Total =        1.000000
 
  Atomic LOWDIN Population: for POSITRON  
            AR               0.500000
            AR               0.500000
 
 ...end of LOWDIN Population
 
 
 END POPULATION ANALYSES 
 
 
  EXPECTED POSITIONS OF QUANTUM SPECIES:
 ======================
 
 POSITIONS IN ANGSTROMS
 ------
 
                        <x>      <y>      <z>         
                 E- 272.4204  -0.0000   0.0000
           POSITRON   7.5672  -0.0000   0.0000
 
 END EXPECTED POSITIONS
 
 
  ELECTROSTATIC MOMENTS:
 ======================
 
 
 DIPOLE: (A.U.)
 ------
 
                           <Dx>         <Dy>         <Dz>          |D|
                 E--514.80000000   0.00000000  -0.00000000
           POSITRON  14.30000000  -0.00000000   0.00000000
    Point charges:  514.80000000   0.00000000   0.00000000
                     ____________________________
      Total Dipole:  14.30000000  -0.00000000   0.00000000  14.30000000
 
 DIPOLE: (DEBYE)
 ------
 
                           <Dx>         <Dy>         <Dz>          |D|
                 E-*************   0.00000000  -0.00000000
           POSITRON  36.34696980  -0.00000000   0.00000000
    Point charges: 1308.49091263   0.00000000   0.00000000
                     ____________________________
      Total Dipole:  36.34696980  -0.00000000   0.00000000  36.34696980
 
 QUADRUPOLE NON-TRACELESS: (DEBYE ANGS)
 ------
 
                           <xx>         <yy>         <zz>         <xy>         <xz>         <yz>
                 E-**************  -23.36330776  -23.36330776    0.00000000   -0.00000000    0.00000000
           POSITRON 9814.15701312 7630.39144880 7630.39144884   -0.00000000    0.00000000    0.00000000
    Point charges: 19803.31332439    0.00000000    0.00000000    0.00000000    0.00000000    0.00000000
  Total Quadrupole: 9790.79370814 7607.02814104 7607.02814108   -0.00000000    0.00000000    0.00000000
                     ____________________________
 
 END ELECTROSTATIC MOMENTS
 

  TOTAL CPU Time:      0.262 (s)
 TOTAL Wall Time:      0.470 (s)
  Elapsed Time:   0h  0m  0s 471ms
LOWDIN execution terminated normally at : Wed Nov 27 15:45:09 2024
-rw-rw-r-- 1 pohl pohl 704K nov 27 15:45 0E-.ints
-rw-rw-r-- 1 pohl pohl 3.5M nov 27 15:45 0E-.POSITRON.ints
-rw-rw-r-- 1 pohl pohl 2.1M nov 27 15:45 0POSITRON.ints
-rw-rw-r-- 1 pohl pohl 704K nov 27 15:45 1E-.ints
-rw-rw-r-- 1 pohl pohl 3.5M nov 27 15:45 1E-.POSITRON.ints
-rw-rw-r-- 1 pohl pohl 2.1M nov 27 15:45 1POSITRON.ints
-rw-rw-r-- 1 pohl pohl 704K nov 27 15:45 2E-.ints
-rw-rw-r-- 1 pohl pohl 3.5M nov 27 15:45 2E-.POSITRON.ints
-rw-rw-r-- 1 pohl pohl 2.1M nov 27 15:45 2POSITRON.ints
-rw-rw-r-- 1 pohl pohl 704K nov 27 15:45 3E-.ints
-rw-rw-r-- 1 pohl pohl 3.5M nov 27 15:45 3E-.POSITRON.ints
-rw-rw-r-- 1 pohl pohl 2.1M nov 27 15:45 3POSITRON.ints
-rw-rw-r-- 1 pohl pohl   12 nov 27 15:45 E-.POSITRON.nints
-rw-rw-r-- 1 pohl pohl   65 nov 27 15:45 gepol.inp
-rw-rw-r-- 1 pohl pohl   91 nov 27 15:45 gepol.xyzr
-rw-rw-r-- 1 pohl pohl  12K nov 27 15:45 lowdin.bas
-rw-rw-r-- 1 pohl pohl  16K nov 27 15:45 lowdin.dat
-rw-rw-r-- 1 pohl pohl 867K nov 27 15:45 lowdin.opints
-rw-rw-r-- 1 pohl pohl  32K nov 27 15:45 lowdin.sys
-rw-rw-r-- 1 pohl pohl 865K nov 27 15:45 lowdin.wfn
-rw-rw-r-- 1 pohl pohl  498 nov 27 15:45 usual_134
-rw-rw-r-- 1 pohl pohl 1.8K nov 27 15:45 usual_134.aux
-rw-rw-r-- 1 pohl pohl  503 nov 27 15:45 usual_134.lowdin
-rw-rw-r-- 1 pohl pohl  65K nov 27 15:45 usual_134.out
-rw-rw-r-- 1 pohl pohl  68K nov 27 15:45 usual_134.vec
