Begin job by input: usual_227.lowdin, for user:   at  mié 27 nov 2024 15:46:05 -05
under operating system Linux helios 5.19.0-46-generic #47-Ubuntu SMP PREEMPT_DYNAMIC Fri Jun 16 13:30:11 UTC 2023 x86_64 x86_64 x86_64 GNU/Linux
Compilation information
  commit: f31d3924f6ee2ce9d77f07edcc1ba27359319d14
  compilation date:  mar 17 sep 2024 16:16:17 -05

BEGIN INPUT INFO:
------------------------------------

GEOMETRY
	Ar	Dirac	0.0 0.0 0.0
	e-(Ar)	6-311++G.d.p 0.0 0.0 0.0
	E+	GRIBAKIN-10S4P2D 0.0 0.0 0.0
	Ar	Dirac	47.2 0.0 0.0
	e-(Ar)	6-311++G.d.p	47.2 0.0 0.0
	E+	GRIBAKIN-10S4P2D 47.2 0.0 0.0 addParticles=-1 
END GEOMETRY

TASKS
        method = "RHF"
END TASKS

EXTERPOTENTIAL
	E- GRIBAKIN0
	E+ AR227
END EXTERPOTENTIAL

CONTROL
	units="BOHRS"
	readCoefficients=F
	convergenceMethod=1
	overlapEigenThreshold=1E-6
	SCFGhostSpecies="POSITRON"
	HFprintEigenvalues=T
	totalEnergyTolerance = 1E-9
END CONTROL


... END INPUT INFO


 LOWDIN execution started at : Wed Nov 27 15:46:05 2024
 ---------------------------------------------------------------
 
 ***************************************************************
 *                   LOWDIN 2.0  (May/2013)                    *
 *                                                             *
 *  R. FLORES-MORENO, E. F. POSADA, F. S. MONCADA, J.ROMERO,   *
 *  J. CHARRY, M. DIAZ-TINOCO, S. A. GONZALEZ, N. F. AGUIRRE,  *
 *  A. REYES                                                   *
 *                                                             *
 *  https://sites.google.com/site/lowdinproject/               *
 *                                                             *
 ***************************************************************
 
 PARSING INPUT... DONE!
 
 LOWDIN IS RUNNING WITH NEXT PARAMETERS: 
 ----------------------------------------
 
         METHOD TYPE:  RHF
         NUMBER OF CORES:     4
         NONELECTRONIC DENSITY GUESS: HCORE
         ELECTRONIC DENSITY GUESS: HCORE
         CRITERIUM OF CONVERGENCE: ENERGY
         NONELECTRONIC ENERGY TOLERANCE IN SCFs:     0.10000E-07
         ELECTRONIC ENERGY TOLERANCE IN SCFs:     0.10000E-07
         TOTAL ENERGY TOLERANCE IN SCFs:     0.10000E-08
         SCHEME OF ITERATION: GLOBAL ITERATIONS
         SCF MAX. SUBITERATIONS - NONELECTRONS :     1
         SCF MAX. SUBITERATIONS - ELECTRONS :     1
         SCF MAX. ITERATIONS - INTERSPECIES :   200
         INTEGRAL STORAGE: DISK
         STACK SIZE FOR ERIS : 30000
         METHOD OF SCF CONVERGENCE: DAMPING
 
  MOLECULAR SYSTEM: usual_227
 -----------------
 
    DESCRIPTION   : usual_227
    CHARGE        :   2
    PUNTUAL GROUP : NONE
 
 
  INFORMATION OF PARTICLES :
 =========================
         Total number of particles   =      39
         Number of quantum particles =      37
         Number of puntual charges   =       2
         Number of quantum species   =       2
 
                 INFORMATION OF QUANTUM SPECIES 
    ----------------------------------------------------------------------
         ID      Symbol            mass     charge      omega     spin     multiplicity
    ----------------------------------------------------------------------
         1             E-         1.0000     -1.00      0.00      0.50      1.00
         2             E+         1.0000      1.00      0.00      0.50      1.00
 
                   CONSTANTS OF COUPLING 
      ------------------------------------------------------------
              Symbol      kappa        eta     lambda occupation
      ------------------------------------------------------------
                  E-      -1.00       2.00       2.00      18.00
                  E+      -1.00       1.00       1.00       1.00
 
                   BASIS SET FOR SPECIES 
      ------------------------------------------------------------
           Symbol          N. Basis     N. Particles     Basis Set
      ------------------------------------------------------------
                 E-           28               36     6-311++G.D
                 E+           32                1     GRIBAKIN-1
 
                                ATOMIC BASIS
         ------------------------------------------------------------
          PRIMITIVE   SHELL             EXPONENT         COEFFICIENT 
         ------------------------------------------------------------
 
    BEGIN DESCRIPTION OF BASIS FOR:    E-
    ==============================
 
 
            AR BASIS SET:   6-311++G.D.P
             1         S           118022.38000000          0.00074700
             2         S            17683.54100000          0.00579000
             3         S             4027.76570000          0.02991900
             4         S             1145.39770000          0.11920600
             5         S              377.16375000          0.36902800
             6         S              138.15969000          0.57645900
             1         S              138.15969000          0.14392700
             2         S               54.98911700          0.62293800
             3         S               23.17066700          0.28396400
             1         S                7.37786000          1.00000000
             1         S                2.92368800          1.00000000
             1         S                0.65040500          1.00000000
             1         S                0.23282500          1.00000000
             1         P              663.06201000          0.00308200
             2         P              157.09281000          0.02416500
             3         P               50.23110000          0.10822300
             4         P               18.63534500          0.29419200
             5         P                7.44653700          0.68786200
             1         P                7.44653700         -0.12144820
             2         P                3.09569800          0.16323700
             1         P                1.10646300          1.00000000
             1         P                0.41560100          1.00000000
             1         P                0.14544900          1.00000000
             1         S                0.06000000          1.00000000
             1         P                0.06000000          1.00000000
             1         D                0.85000000          1.00000000
 
            AR BASIS SET:   6-311++G.D.P
             1         S           118022.38000000          0.00074700
             2         S            17683.54100000          0.00579000
             3         S             4027.76570000          0.02991900
             4         S             1145.39770000          0.11920600
             5         S              377.16375000          0.36902800
             6         S              138.15969000          0.57645900
             1         S              138.15969000          0.14392700
             2         S               54.98911700          0.62293800
             3         S               23.17066700          0.28396400
             1         S                7.37786000          1.00000000
             1         S                2.92368800          1.00000000
             1         S                0.65040500          1.00000000
             1         S                0.23282500          1.00000000
             1         P              663.06201000          0.00308200
             2         P              157.09281000          0.02416500
             3         P               50.23110000          0.10822300
             4         P               18.63534500          0.29419200
             5         P                7.44653700          0.68786200
             1         P                7.44653700         -0.12144820
             2         P                3.09569800          0.16323700
             1         P                1.10646300          1.00000000
             1         P                0.41560100          1.00000000
             1         P                0.14544900          1.00000000
             1         S                0.06000000          1.00000000
             1         P                0.06000000          1.00000000
             1         D                0.85000000          1.00000000
    ... END DESCRIPTION OF BASIS
 
 
    BEGIN DESCRIPTION OF BASIS FOR:    E+
    ==============================
 
 
            E+ BASIS SET:GRIBAKIN-10S4P2
             1         S                0.00010000          1.00000000
             1         S                0.00030000          1.00000000
             1         S                0.00090000          1.00000000
             1         S                0.00270000          1.00000000
             1         S                0.00810000          1.00000000
             1         S                0.02430000          1.00000000
             1         S                0.07290000          1.00000000
             1         S                0.21870000          1.00000000
             1         S                0.65610000          1.00000000
             1         S                1.96830000          1.00000000
             1         P                0.00010000          1.00000000
             1         P                0.00030000          1.00000000
             1         P                0.00090000          1.00000000
             1         P                0.00270000          1.00000000
             1         D                0.00010000          1.00000000
             1         D                0.00030000          1.00000000
 
            E+ BASIS SET:GRIBAKIN-10S4P2
             1         S                0.00010000          1.00000000
             1         S                0.00030000          1.00000000
             1         S                0.00090000          1.00000000
             1         S                0.00270000          1.00000000
             1         S                0.00810000          1.00000000
             1         S                0.02430000          1.00000000
             1         S                0.07290000          1.00000000
             1         S                0.21870000          1.00000000
             1         S                0.65610000          1.00000000
             1         S                1.96830000          1.00000000
             1         P                0.00010000          1.00000000
             1         P                0.00030000          1.00000000
             1         P                0.00090000          1.00000000
             1         P                0.00270000          1.00000000
             1         D                0.00010000          1.00000000
             1         D                0.00030000          1.00000000
    ... END DESCRIPTION OF BASIS
 
 
  END INFORMATION OF PARTICLES
 
 
  INFORMATION OF THE QUANTUM SYSTEM 
     ---------------------------------------------------------------------
                 ID     Occupied Orbitals     Basis size
     ---------------------------------------------------------------------
                 E-           18               62
                 E+            1               68
 
  END INFORMATION OF QUANTUM SYSTEM
 
 
  INFORMATION OF EXTERNAL POTENTIALS 
 
 =======
 External Potential for E- : GRIBAKIN0
 Type : 
                     Exponent         l       R_x       R_y       R_z              Factor
                 0.0010000000         0   0.00000   0.00000   0.00000        0.0000000000
 
 =======
 External Potential for E+ : AR227
 Type : 
                     Exponent         l       R_x       R_y       R_z              Factor
                 0.0010000000         0   0.00000   0.00000   0.00000        0.0000779688
                 0.0020000000         0   0.00000   0.00000   0.00000       -0.0004786853
                 0.0040000000         0   0.00000   0.00000   0.00000        0.0013189164
                 0.0080000000         0   0.00000   0.00000   0.00000       -0.0033441280
                 0.0160000000         0   0.00000   0.00000   0.00000        0.0050907505
                 0.0320000000         0   0.00000   0.00000   0.00000       -0.0151949101
                 0.0640000000         0   0.00000   0.00000   0.00000        0.0049422575
                 0.1280000000         0   0.00000   0.00000   0.00000       -0.1024675180
                 0.2560000000         0   0.00000   0.00000   0.00000       -0.1709080790
                 0.5120000000         0   0.00000   0.00000   0.00000       -1.1786523000
                 1.0000000000         0   0.00000   0.00000   0.00000       -3.9901484000
                 2.0000000000         0   0.00000   0.00000   0.00000      129.9336270000
                 3.0000000000         0   0.00000   0.00000   0.00000    -1317.9950900000
                 4.0000000000         0   0.00000   0.00000   0.00000     7976.3295300000
                 5.0000000000         0   0.00000   0.00000   0.00000   -30887.5711000000
                 6.0000000000         0   0.00000   0.00000   0.00000    78131.7910000000
                 7.0000000000         0   0.00000   0.00000   0.00000  -128444.4630000000
                 8.0000000000         0   0.00000   0.00000   0.00000   132337.9190000000
                 9.0000000000         0   0.00000   0.00000   0.00000   -77735.4212000000
                10.0000000000         0   0.00000   0.00000   0.00000    19907.5941000000
                20.0000000000         0   0.00000   0.00000   0.00000     -135.7052840000
                30.0000000000         0   0.00000   0.00000   0.00000       72.5910786000
                40.0000000000         0   0.00000   0.00000   0.00000      -41.7155821000
                50.0000000000         0   0.00000   0.00000   0.00000       12.4077673000
               100.0000000000         0   0.00000   0.00000   0.00000       -0.2471957670
                 0.0010000000         0  47.20000   0.00000   0.00000        0.0000779688
                 0.0020000000         0  47.20000   0.00000   0.00000       -0.0004786853
                 0.0040000000         0  47.20000   0.00000   0.00000        0.0013189164
                 0.0080000000         0  47.20000   0.00000   0.00000       -0.0033441280
                 0.0160000000         0  47.20000   0.00000   0.00000        0.0050907505
                 0.0320000000         0  47.20000   0.00000   0.00000       -0.0151949101
                 0.0640000000         0  47.20000   0.00000   0.00000        0.0049422575
                 0.1280000000         0  47.20000   0.00000   0.00000       -0.1024675180
                 0.2560000000         0  47.20000   0.00000   0.00000       -0.1709080790
                 0.5120000000         0  47.20000   0.00000   0.00000       -1.1786523000
                 1.0000000000         0  47.20000   0.00000   0.00000       -3.9901484000
                 2.0000000000         0  47.20000   0.00000   0.00000      129.9336270000
                 3.0000000000         0  47.20000   0.00000   0.00000    -1317.9950900000
                 4.0000000000         0  47.20000   0.00000   0.00000     7976.3295300000
                 5.0000000000         0  47.20000   0.00000   0.00000   -30887.5711000000
                 6.0000000000         0  47.20000   0.00000   0.00000    78131.7910000000
                 7.0000000000         0  47.20000   0.00000   0.00000  -128444.4630000000
                 8.0000000000         0  47.20000   0.00000   0.00000   132337.9190000000
                 9.0000000000         0  47.20000   0.00000   0.00000   -77735.4212000000
                10.0000000000         0  47.20000   0.00000   0.00000    19907.5941000000
                20.0000000000         0  47.20000   0.00000   0.00000     -135.7052840000
                30.0000000000         0  47.20000   0.00000   0.00000       72.5910786000
                40.0000000000         0  47.20000   0.00000   0.00000      -41.7155821000
                50.0000000000         0  47.20000   0.00000   0.00000       12.4077673000
               100.0000000000         0  47.20000   0.00000   0.00000       -0.2471957670
 
  END INFORMATION OF EXTERNAL POTENTIALS
 
                       INITIAL GEOMETRY: AMSTRONG
                 -----------------------------------
                       <x>                 <y>                 <z>
      E-AR        0.0000000000        0.0000000000        0.0000000000
      E-AR       24.9771661641        0.0000000000        0.0000000000
        E+        0.0000000000        0.0000000000        0.0000000000
        E+       24.9771661641        0.0000000000        0.0000000000
        AR        0.0000000000        0.0000000000        0.0000000000
        AR       24.9771661641        0.0000000000        0.0000000000
 
                     MATRIX OF DISTANCE: ANGSTROM
                 -----------------------------------
                          AR(1)          AR(2)     
 
        AR(1)            0.000000      24.977166
        AR(2)           24.977166       0.000000
 
--------------------------------------------------------------------------------
** PROGRAM: SCF (Hartree Fock).     Author: S.A. Gonzalez, E. Posada, F. Moncada
--------------------------------------------------------------------------------
INFO: RUNNING IN RHF MODE.
 
----------------------------------------------------------------------
** PROGRAM INTS                          Author: E. F. Posada, 2013   
----------------------------------------------------------------------
INFO: RUNNING IN ONE_PARTICLE MODE.
 
 Number of Overlap integrals for species E-:   3844
 Number of Overlap integrals for species POSITRON:   4624
 Number of Kinetic integrals for species E-:   3844
 Number of Kinetic integrals for species POSITRON:   4624
 Number of Nuclear integrals for species E-:   3844
 Number of Nuclear integrals for species POSITRON:   4624
 Number of Moment integrals for species E-:  11532
 Number of Moment integrals for species POSITRON:  13872
 Number of 3C Overlap integrals for species E-:   3844
 Number of 3C Overlap integrals for species POSITRON:   4624
 
** TOTAL CPU Time INTS :      0.386 (s)
** TOTAL Elapsed Time INTS :      0.147 (s)
 
Removed     1 orbitals for species POSITRON with overlap eigen threshold of 1.000E-06
       Usign  HCORE density guess for species:         E-
     number of         E-     particles in guess density matrix:    36.000000
       Usign  HCORE density guess for species:   POSITRON
     number of   POSITRON     particles in guess density matrix:     0.000000
 Warning!, density matrix with deviation from number of particles    1.000000
 Number of unique integrals for species: 1 = 95836
 Number of unique integrals for species: 2 = 280802
 Number of unique integrals for species: 1 / 2 = 547078 Screened: 81644
 
 TWO-BODY INTEGRAL SETUP: 
------------------------- 
 Storage:   DISK
 Scheme: LIBINT
 Stack size:  30000
 
 LIBINT library, Fermann, J. T.; Valeev, F. L. 2010                   
 LOWDIN-LIBINT Implementation V. 2.1  Posada E. F. ; Reyes A. 2016   
 ----------------------------------------------------------------------

*** TOTAL CPU time intra-species integrals :      0.486 (s)
*** TOTAL elapsed time intra-species integrals :      0.073 (s)


*** TOTAL CPU time inter-species integrals :      0.644 (s)
*** TOTAL elapsed time inter-species integrals :      0.112 (s)

INFO: RUNNING SCHEME SIMULTANEOUS
 
 Begin Multi-Species SCF calculation:
 
 --------------------------------------------------------------------------------------------------
      Iteration                   Energy            Energy Change           Density Change
 --------------------------------------------------------------------------------------------------
              1        -996.367791318585         996.367791318585           0.304254586414
              2       -1028.102662255658          31.734870937073           0.186085065444
              3       -1053.292595192823          25.189932937165           0.017449777504
              4       -1053.567875492776           0.275280299953           0.006027417773
              5       -1053.590700369718           0.022824876941           0.002531111365
              6       -1053.600987359780           0.010286990063           0.001993419412
              7       -1053.607881555572           0.006894195792           0.078012587487
              8       -1053.613961233975           0.006079678403           0.059043597021
              9       -1053.614040841942           0.000079607967           0.000008386886
             10       -1053.614040850998           0.000000009056           0.000003451326
             11       -1053.614040851349           0.000000000351           0.000000547729
 Total energy converged after  11 global iterations                                                  
 
 ...end Multi-Species SCF calculation
 
 
 Begin SCF calculation by: E-
 -------------------------
 
 -----------------------------------------------------------------------------------
 Iteration                   Energy           Density Change         DIIS Error 
 -----------------------------------------------------------------------------------
    1       -1120.385541936020           0.184396962930                 -- 
    2       -1066.645173805681           0.015937638266                 -- 
    3       -1058.744418931778           0.004632158913                 -- 
    4       -1060.944171301785           0.001106765127                 -- 
    5       -1060.388782770703           0.000269723279                 -- 
    6       -1060.502842008480           0.000057643023                 -- 
    7       -1060.473748095133           0.000015001570                 -- 
    8       -1060.479861402372           0.000003165788                 -- 
    9       -1060.478200183738           0.000000982270                 -- 
   10       -1060.478601529847           0.000000207416                 -- 
 
 ... end SCF calculation
 
 Begin SCF calculation by: POSITRON
 -------------------------
 
 -----------------------------------------------------------------------------------
 Iteration                   Energy           Density Change         DIIS Error 
 -----------------------------------------------------------------------------------
    1           0.438319248160           0.001688102514                 -- 
    2           0.000779245579           0.001512139238                 -- 
    3          -0.007366321540           0.001395258860                 -- 
    4          -0.005140652639           0.001424346238                 -- 
    5          -0.003723949277           0.001723696133                 -- 
    6          -0.000121771012           0.077954944464                 -- 
    7           0.000045778677           0.059028595451                 -- 
    8           0.000045787561           0.000005221097                 -- 
    9           0.000045783563           0.000002469056                 -- 
   10           0.000045784147           0.000000340314                 -- 
 
 ... end SCF calculation
 
  EIGENVALUES AND EIGENVECTORS: 
 ==============================
 
 
  Eigenvalues for: E-
 -----------------
 
    1        -118.610400746215
    2        -118.610400746214
    3         -12.322679423780
    4         -12.322679423780
    5          -9.572523439819
    6          -9.572523439819
    7          -9.572523439818
    8          -9.572523439818
    9          -9.572523439818
   10          -9.572523439818
   11          -1.277376698656
   12          -1.277376698656
   13          -0.591387370829
   14          -0.591387370829
   15          -0.591387370784
   16          -0.591387370784
   17          -0.591387370784
   18          -0.591387370784
   19           0.134700335067
   20           0.134700335067
   21           0.152409819058
   22           0.152409819058
   23           0.152409819068
   24           0.152409819068
   25           0.152409819068
   26           0.152409819068
   27           0.709217791723
   28           0.709217791723
   29           0.709217791742
   30           0.709217791742
   31           0.709217791742
   32           0.709217791742
   33           1.072837471018
   34           1.072837471018
   35           1.214864595126
   36           1.214864595126
   37           1.214864595126
   38           1.214864595126
   39           1.214864595128
   40           1.214864595128
   41           1.214864595128
   42           1.214864595128
   43           1.214864595128
   44           1.214864595128
   45           2.743211188825
   46           2.743211188825
   47           2.743211188833
   48           2.743211188833
   49           2.743211188833
   50           2.743211188833
   51           4.434781469686
   52           4.434781469686
   53          14.030004217841
   54          14.030004217841
   55          14.030004217841
   56          14.030004217842
   57          14.030004217860
   58          14.030004217860
   59          16.732879554611
   60          16.732879554613
   61         254.593005200239
   62         254.593005200242
 
 
  Eigenvalues for: POSITRON
 -----------------
 
    1           0.000065521242
    2           0.000132890507
    3           0.000208285426
    4           0.000208285426
    5           0.000254706991
    6           0.000280164638
    7           0.000280164638
    8           0.000282313221
    9           0.000324814166
   10           0.000324814166
   11           0.000406806787
   12           0.000415551329
   13           0.000426071478
   14           0.000426071478
   15           0.000437191190
   16           0.000437191190
   17           0.000564678538
   18           0.000564678539
   19           0.000583465997
   20           0.000720882980
   21           0.000897480890
   22           0.000897480890
   23           0.000920497467
   24           0.001135156810
   25           0.001135156810
   26           0.001147913647
   27           0.001231354473
   28           0.001231354473
   29           0.001240104836
   30           0.001493038076
   31           0.001493038076
   32           0.001493770329
   33           0.001493770329
   34           0.001539617486
   35           0.001784942802
   36           0.001784942802
   37           0.001788257138
   38           0.001839216625
   39           0.002282579877
   40           0.002942966450
   41           0.002942966450
   42           0.003246354169
   43           0.003502046809
   44           0.003598690785
   45           0.003598690785
   46           0.003701779516
   47           0.004737350488
   48           0.007901889045
   49           0.008094788821
   50           0.009577474735
   51           0.009762867819
   52           0.009762867819
   53           0.009996676281
   54           0.009996676281
   55           0.011221431262
   56           0.021095384304
   57           0.021543728886
   58           0.064342804388
   59           0.064977942224
   60           0.217488070385
   61           0.218054631172
   62           0.859159736782
   63           0.859700982678
   64           4.193226644734
   65           4.193709194699
   66          24.143755579702
   67          24.144403856982
   68     1000000.000000000000
 
  end of eigenvalues 
 
  Occupied Eigenvectors for: E-
 --------------------------- 
 
                        -118.6104      -118.6104       -12.3227       -12.3227        -9.5725   
 
    1     AR     S      -0.410472      -0.002685       0.123093       0.000496       0.000000
    2     AR     S      -0.655154      -0.004286       0.335855       0.001353       0.000000
    3     AR     S      -0.012405      -0.000081      -0.533670      -0.002150      -0.000000
    4     AR     S       0.001895       0.000012      -0.578618      -0.002331      -0.000000
    5     AR     S      -0.001139      -0.000007      -0.055908      -0.000225       0.000000
    6     AR     S      -0.000094      -0.000001       0.005713       0.000023       0.000000
    7     AR    Px      -0.000000      -0.000000       0.000000       0.000000      -0.001108
    8     AR    Py       0.000000       0.000000      -0.000000      -0.000000      -0.000356
    9     AR    Pz       0.000000      -0.000000      -0.000000      -0.000000      -0.000425
   10     AR    Px      -0.000000      -0.000000       0.000000       0.000000      -0.000213
   11     AR    Py       0.000000       0.000000      -0.000000      -0.000000      -0.000068
   12     AR    Pz       0.000000      -0.000000      -0.000000       0.000000      -0.000082
   13     AR    Px       0.000000       0.000000      -0.000000      -0.000000      -0.000048
   14     AR    Py      -0.000000      -0.000000      -0.000000       0.000000      -0.000015
   15     AR    Pz      -0.000000       0.000000       0.000000      -0.000000      -0.000018
   16     AR    Px      -0.000000      -0.000000       0.000000       0.000000       0.000005
   17     AR    Py       0.000000       0.000000      -0.000000      -0.000000       0.000001
   18     AR    Pz       0.000000      -0.000000      -0.000000       0.000000       0.000002
   19     AR    Px       0.000000       0.000000      -0.000000      -0.000000      -0.000002
   20     AR    Py      -0.000000      -0.000000       0.000000       0.000000      -0.000001
   21     AR    Pz      -0.000000       0.000000       0.000000      -0.000000      -0.000001
   22     AR     S       0.000023       0.000000      -0.001294      -0.000005      -0.000000
   23     AR    Px      -0.000000      -0.000000       0.000000       0.000000       0.000001
   24     AR    Py       0.000000       0.000000      -0.000000      -0.000000       0.000000
   25     AR    Pz       0.000000      -0.000000       0.000000       0.000000       0.000000
   26     AR   Dxx       0.000356       0.000002       0.006078       0.000024       0.000000
   27     AR   Dxy       0.000000       0.000000       0.000000       0.000000       0.000000
   28     AR   Dxz       0.000000       0.000000      -0.000000      -0.000000       0.000000
   29     AR   Dyy       0.000356       0.000002       0.006078       0.000024      -0.000000
   30     AR   Dyz       0.000000      -0.000000      -0.000000       0.000000      -0.000000
   31     AR   Dzz       0.000356       0.000002       0.006078       0.000024      -0.000000
   32     AR     S      -0.002685       0.410472      -0.000496       0.123093       0.000000
   33     AR     S      -0.004286       0.655154      -0.001353       0.335855       0.000000
   34     AR     S      -0.000081       0.012405       0.002150      -0.533670      -0.000000
   35     AR     S       0.000012      -0.001895       0.002331      -0.578618      -0.000000
   36     AR     S      -0.000007       0.001139       0.000225      -0.055908       0.000000
   37     AR     S      -0.000001       0.000094      -0.000023       0.005713       0.000000
   38     AR    Px       0.000000      -0.000000       0.000000      -0.000000       0.973094
   39     AR    Py       0.000000      -0.000000      -0.000000      -0.000000       0.001040
   40     AR    Pz      -0.000000       0.000000      -0.000000       0.000000      -0.001487
   41     AR    Px       0.000000      -0.000000       0.000000      -0.000000       0.187158
   42     AR    Py       0.000000      -0.000000      -0.000000      -0.000000       0.000200
   43     AR    Pz      -0.000000       0.000000      -0.000000       0.000000      -0.000286
   44     AR    Px      -0.000000       0.000000      -0.000000       0.000000       0.042018
   45     AR    Py      -0.000000       0.000000       0.000000       0.000000       0.000045
   46     AR    Pz       0.000000      -0.000000       0.000000      -0.000000      -0.000064
   47     AR    Px       0.000000      -0.000000       0.000000      -0.000000      -0.004090
   48     AR    Py       0.000000      -0.000000      -0.000000      -0.000000      -0.000004
   49     AR    Pz      -0.000000       0.000000       0.000000       0.000000       0.000006
   50     AR    Px      -0.000000       0.000000      -0.000000       0.000000       0.001965
   51     AR    Py      -0.000000       0.000000       0.000000       0.000000       0.000002
   52     AR    Pz       0.000000      -0.000000      -0.000000      -0.000000      -0.000003
   53     AR     S       0.000000      -0.000023       0.000005      -0.001294      -0.000000
   54     AR    Px       0.000000      -0.000000       0.000000      -0.000000      -0.000693
   55     AR    Py       0.000000      -0.000000      -0.000000      -0.000000      -0.000001
   56     AR    Pz      -0.000000       0.000000       0.000000      -0.000000       0.000001
   57     AR   Dxx       0.000002      -0.000356      -0.000024       0.006078       0.000000
   58     AR   Dxy      -0.000000      -0.000000       0.000000      -0.000000       0.000000
   59     AR   Dxz       0.000000      -0.000000      -0.000000      -0.000000      -0.000000
   60     AR   Dyy       0.000002      -0.000356      -0.000024       0.006078      -0.000000
   61     AR   Dyz      -0.000000       0.000000       0.000000      -0.000000      -0.000000
   62     AR   Dzz       0.000002      -0.000356      -0.000024       0.006078      -0.000000
 
                          -9.5725        -9.5725        -9.5725        -9.5725        -9.5725   
 
    1     AR     S      -0.000000       0.000000       0.000000      -0.000000      -0.000000
    2     AR     S      -0.000000       0.000000       0.000000      -0.000000      -0.000000
    3     AR     S       0.000000      -0.000000      -0.000000       0.000000       0.000000
    4     AR     S       0.000000      -0.000000      -0.000000       0.000000       0.000000
    5     AR     S      -0.000000       0.000000       0.000000      -0.000000      -0.000000
    6     AR     S      -0.000000       0.000000       0.000000      -0.000000      -0.000000
    7     AR    Px       0.972982      -0.005371      -0.008712       0.000847       0.010726
    8     AR    Py      -0.004490      -0.030426      -0.898460       0.132368      -0.348165
    9     AR    Pz      -0.012676       0.015825      -0.370594      -0.214385       0.873615
   10     AR    Px       0.187137      -0.001033      -0.001676       0.000163       0.002063
   11     AR    Py      -0.000864      -0.005852      -0.172804       0.025459      -0.066964
   12     AR    Pz      -0.002438       0.003044      -0.071278      -0.041233       0.168025
   13     AR    Px       0.042013      -0.000232      -0.000376       0.000037       0.000463
   14     AR    Py      -0.000194      -0.001314      -0.038796       0.005716      -0.015034
   15     AR    Pz      -0.000547       0.000683      -0.016002      -0.009257       0.037723
   16     AR    Px      -0.004090       0.000023       0.000037      -0.000004      -0.000045
   17     AR    Py       0.000019       0.000128       0.003777      -0.000556       0.001464
   18     AR    Pz       0.000053      -0.000067       0.001558       0.000901      -0.003672
   19     AR    Px       0.001965      -0.000011      -0.000018       0.000002       0.000022
   20     AR    Py      -0.000009      -0.000061      -0.001814       0.000267      -0.000703
   21     AR    Pz      -0.000026       0.000032      -0.000748      -0.000433       0.001764
   22     AR     S       0.000000      -0.000000      -0.000000       0.000000       0.000000
   23     AR    Px      -0.000693       0.000004       0.000006      -0.000001      -0.000008
   24     AR    Py       0.000003       0.000022       0.000640      -0.000094       0.000248
   25     AR    Pz       0.000009      -0.000011       0.000264       0.000153      -0.000622
   26     AR   Dxx      -0.000000       0.000000       0.000000      -0.000000      -0.000000
   27     AR   Dxy       0.000000       0.000000       0.000000      -0.000000       0.000000
   28     AR   Dxz       0.000000      -0.000000       0.000000       0.000000      -0.000000
   29     AR   Dyy       0.000000      -0.000000      -0.000000       0.000000       0.000000
   30     AR   Dyz       0.000000       0.000000      -0.000000       0.000000       0.000000
   31     AR   Dzz       0.000000      -0.000000      -0.000000       0.000000       0.000000
   32     AR     S       0.000000       0.000000      -0.000000       0.000000       0.000000
   33     AR     S       0.000000       0.000000      -0.000000       0.000000       0.000000
   34     AR     S      -0.000000      -0.000000       0.000000      -0.000000      -0.000000
   35     AR     S      -0.000000      -0.000000       0.000000      -0.000000      -0.000000
   36     AR     S       0.000000       0.000000      -0.000000       0.000000       0.000000
   37     AR     S       0.000000       0.000000      -0.000000       0.000000       0.000000
   38     AR    Px       0.001109       0.001736      -0.000519       0.000443       0.000347
   39     AR    Py       0.001206      -0.321253      -0.032512      -0.889637      -0.226271
   40     AR    Pz       0.006183       0.917880      -0.034822      -0.303280      -0.105734
   41     AR    Px       0.000213       0.000334      -0.000100       0.000085       0.000067
   42     AR    Py       0.000232      -0.061788      -0.006253      -0.171107      -0.043520
   43     AR    Pz       0.001189       0.176539      -0.006697      -0.058331      -0.020336
   44     AR    Px       0.000048       0.000075      -0.000022       0.000019       0.000015
   45     AR    Py       0.000052      -0.013872      -0.001404      -0.038415      -0.009770
   46     AR    Pz       0.000267       0.039634      -0.001504      -0.013096      -0.004566
   47     AR    Px      -0.000005      -0.000007       0.000002      -0.000002      -0.000001
   48     AR    Py      -0.000005       0.001350       0.000137       0.003740       0.000951
   49     AR    Pz      -0.000026      -0.003858       0.000146       0.001275       0.000444
   50     AR    Px       0.000002       0.000004      -0.000001       0.000001       0.000001
   51     AR    Py       0.000002      -0.000649      -0.000066      -0.001796      -0.000457
   52     AR    Pz       0.000012       0.001853      -0.000070      -0.000612      -0.000213
   53     AR     S      -0.000000      -0.000000       0.000000      -0.000000      -0.000000
   54     AR    Px      -0.000001      -0.000001       0.000000      -0.000000      -0.000000
   55     AR    Py      -0.000001       0.000229       0.000023       0.000634       0.000161
   56     AR    Pz      -0.000004      -0.000654       0.000025       0.000216       0.000075
   57     AR   Dxx       0.000000       0.000000      -0.000000       0.000000       0.000000
   58     AR   Dxy       0.000000      -0.000000      -0.000000      -0.000000      -0.000000
   59     AR   Dxz       0.000000       0.000000      -0.000000      -0.000000      -0.000000
   60     AR   Dyy      -0.000000      -0.000000       0.000000      -0.000000      -0.000000
   61     AR   Dyz       0.000000      -0.000000      -0.000000       0.000000      -0.000000
   62     AR   Dzz      -0.000000      -0.000000       0.000000      -0.000000      -0.000000
 
                          -1.2774        -1.2774        -0.5914        -0.5914        -0.5914   
 
    1     AR     S       0.038530       0.000045      -0.000000      -0.000000       0.000000
    2     AR     S       0.112683       0.000132      -0.000000      -0.000000       0.000000
    3     AR     S      -0.237173      -0.000278       0.000000       0.000000      -0.000000
    4     AR     S      -0.417228      -0.000489       0.000000       0.000000      -0.000000
    5     AR     S       0.660660       0.000774      -0.000000      -0.000000       0.000000
    6     AR     S       0.551494       0.000646      -0.000000      -0.000000       0.000000
    7     AR    Px      -0.000000      -0.000000       0.000361       0.284748      -0.000002
    8     AR    Py      -0.000000       0.000000       0.000000       0.000000       0.003414
    9     AR    Pz      -0.000000       0.000000       0.000000       0.000001      -0.000859
   10     AR    Px      -0.000000      -0.000000       0.000052       0.040697      -0.000000
   11     AR    Py       0.000000       0.000000       0.000000       0.000000       0.000488
   12     AR    Pz      -0.000000      -0.000000       0.000000       0.000000      -0.000123
   13     AR    Px       0.000000       0.000000      -0.000408      -0.321456       0.000002
   14     AR    Py      -0.000000      -0.000000      -0.000000      -0.000000      -0.003854
   15     AR    Pz       0.000000       0.000000      -0.000000      -0.000001       0.000970
   16     AR    Px       0.000000       0.000000      -0.000705      -0.555679       0.000004
   17     AR    Py       0.000000       0.000000      -0.000000      -0.000000      -0.006663
   18     AR    Pz      -0.000000      -0.000000      -0.000000      -0.000002       0.001676
   19     AR    Px      -0.000000      -0.000000      -0.000358      -0.282129       0.000002
   20     AR    Py      -0.000000      -0.000000      -0.000000      -0.000000      -0.003383
   21     AR    Pz       0.000000       0.000000      -0.000000      -0.000001       0.000851
   22     AR     S       0.012079       0.000014       0.000000       0.000000      -0.000000
   23     AR    Px      -0.000000      -0.000000      -0.000011      -0.008448       0.000000
   24     AR    Py       0.000000       0.000000      -0.000000      -0.000000      -0.000101
   25     AR    Pz      -0.000000      -0.000000      -0.000000      -0.000000       0.000025
   26     AR   Dxx      -0.001780      -0.000002       0.000000       0.000000      -0.000000
   27     AR   Dxy       0.000000       0.000000      -0.000000       0.000000       0.000000
   28     AR   Dxz       0.000000       0.000000       0.000000       0.000000      -0.000000
   29     AR   Dyy      -0.001780      -0.000002      -0.000000      -0.000000       0.000000
   30     AR   Dyz      -0.000000       0.000000       0.000000       0.000000      -0.000000
   31     AR   Dzz      -0.001780      -0.000002      -0.000000      -0.000000       0.000000
   32     AR     S       0.000045      -0.038530       0.000000      -0.000000      -0.000000
   33     AR     S       0.000132      -0.112683       0.000000      -0.000000      -0.000000
   34     AR     S      -0.000278       0.237173      -0.000000       0.000000       0.000000
   35     AR     S      -0.000489       0.417228      -0.000000       0.000000       0.000000
   36     AR     S       0.000774      -0.660660       0.000000      -0.000000      -0.000000
   37     AR     S       0.000646      -0.551494       0.000000      -0.000000      -0.000000
   38     AR    Px       0.000000      -0.000000       0.284748      -0.000361      -0.000003
   39     AR    Py       0.000000      -0.000000       0.000002       0.000002      -0.016017
   40     AR    Pz       0.000000       0.000000      -0.000003      -0.000002      -0.284276
   41     AR    Px       0.000000      -0.000000       0.040697      -0.000052      -0.000000
   42     AR    Py       0.000000      -0.000000       0.000000       0.000000      -0.002289
   43     AR    Pz      -0.000000      -0.000000      -0.000000      -0.000000      -0.040629
   44     AR    Px      -0.000000       0.000000      -0.321456       0.000408       0.000003
   45     AR    Py      -0.000000       0.000000      -0.000002      -0.000002       0.018081
   46     AR    Pz       0.000000       0.000000       0.000003       0.000002       0.320922
   47     AR    Px      -0.000000       0.000000      -0.555679       0.000705       0.000005
   48     AR    Py       0.000000      -0.000000      -0.000004      -0.000004       0.031256
   49     AR    Pz      -0.000000       0.000000       0.000005       0.000004       0.554757
   50     AR    Px       0.000000      -0.000000      -0.282129       0.000358       0.000002
   51     AR    Py      -0.000000      -0.000000      -0.000002      -0.000002       0.015869
   52     AR    Pz       0.000000      -0.000000       0.000003       0.000002       0.281661
   53     AR     S       0.000014      -0.012079      -0.000000       0.000000       0.000000
   54     AR    Px       0.000000      -0.000000      -0.008448       0.000011       0.000000
   55     AR    Py       0.000000       0.000000      -0.000000      -0.000000       0.000475
   56     AR    Pz      -0.000000       0.000000       0.000000       0.000000       0.008434
   57     AR   Dxx      -0.000002       0.001780      -0.000000       0.000000       0.000000
   58     AR   Dxy       0.000000      -0.000000      -0.000000      -0.000000       0.000000
   59     AR   Dxz       0.000000       0.000000       0.000000       0.000000       0.000000
   60     AR   Dyy      -0.000002       0.001780       0.000000      -0.000000      -0.000000
   61     AR   Dyz       0.000000       0.000000      -0.000000      -0.000000      -0.000000
   62     AR   Dzz      -0.000002       0.001780       0.000000      -0.000000      -0.000000
 
                          -0.5914        -0.5914        -0.5914   
 
    1     AR     S      -0.000000      -0.000000      -0.000000
    2     AR     S      -0.000000      -0.000000      -0.000000
    3     AR     S       0.000000       0.000000       0.000000
    4     AR     S       0.000000       0.000000       0.000000
    5     AR     S      -0.000000      -0.000000      -0.000000
    6     AR     S      -0.000000      -0.000000      -0.000000
    7     AR    Px       0.000001       0.000002       0.000000
    8     AR    Py      -0.029140       0.007481      -0.283134
    9     AR    Pz      -0.281362      -0.033596       0.028060
   10     AR    Px       0.000000       0.000000       0.000000
   11     AR    Py      -0.004165       0.001069      -0.040466
   12     AR    Pz      -0.040213      -0.004802       0.004010
   13     AR    Px      -0.000001      -0.000002      -0.000000
   14     AR    Py       0.032897      -0.008445       0.319633
   15     AR    Pz       0.317634       0.037927      -0.031677
   16     AR    Px      -0.000001      -0.000004      -0.000000
   17     AR    Py       0.056867      -0.014599       0.552529
   18     AR    Pz       0.549072       0.065561      -0.054758
   19     AR    Px      -0.000001      -0.000002      -0.000000
   20     AR    Py       0.028872      -0.007412       0.280530
   21     AR    Pz       0.278775       0.033287      -0.027802
   22     AR     S       0.000000       0.000000       0.000000
   23     AR    Px      -0.000000      -0.000000      -0.000000
   24     AR    Py       0.000865      -0.000222       0.008401
   25     AR    Pz       0.008348       0.000997      -0.000833
   26     AR   Dxx      -0.000000       0.000000       0.000000
   27     AR   Dxy      -0.000000       0.000000      -0.000000
   28     AR   Dxz      -0.000000      -0.000000       0.000000
   29     AR   Dyy       0.000000      -0.000000      -0.000000
   30     AR   Dyz       0.000000      -0.000000      -0.000000
   31     AR   Dzz      -0.000000      -0.000000      -0.000000
   32     AR     S      -0.000000       0.000000       0.000000
   33     AR     S      -0.000000       0.000000       0.000000
   34     AR     S       0.000000      -0.000000      -0.000000
   35     AR     S       0.000000      -0.000000      -0.000000
   36     AR     S      -0.000000       0.000000       0.000000
   37     AR     S      -0.000000       0.000000       0.000000
   38     AR    Px      -0.000000       0.000002       0.000000
   39     AR    Py       0.032647      -0.282202      -0.011010
   40     AR    Pz      -0.001339       0.016091      -0.002865
   41     AR    Px      -0.000000       0.000000       0.000000
   42     AR    Py       0.004666      -0.040333      -0.001574
   43     AR    Pz      -0.000191       0.002300      -0.000409
   44     AR    Px       0.000000      -0.000002      -0.000000
   45     AR    Py      -0.036855       0.318581       0.012429
   46     AR    Pz       0.001512      -0.018166       0.003234
   47     AR    Px       0.000000      -0.000004      -0.000000
   48     AR    Py      -0.063710       0.550710       0.021485
   49     AR    Pz       0.002614      -0.031402       0.005591
   50     AR    Px       0.000000      -0.000002      -0.000000
   51     AR    Py      -0.032347       0.279607       0.010908
   52     AR    Pz       0.001327      -0.015943       0.002839
   53     AR     S       0.000000      -0.000000      -0.000000
   54     AR    Px       0.000000      -0.000000      -0.000000
   55     AR    Py      -0.000969       0.008373       0.000327
   56     AR    Pz       0.000040      -0.000477       0.000085
   57     AR   Dxx      -0.000000       0.000000      -0.000000
   58     AR   Dxy      -0.000000       0.000000       0.000000
   59     AR   Dxz       0.000000      -0.000000       0.000000
   60     AR   Dyy      -0.000000       0.000000       0.000000
   61     AR   Dyz       0.000000       0.000000      -0.000000
   62     AR   Dzz      -0.000000       0.000000       0.000000
 
 
  Occupied Eigenvectors for: POSITRON
 --------------------------- 
 
                           0.0001   
 
    1     E+     S      -1.563495
    2     E+     S       0.389940
    3     E+     S       0.130323
    4     E+     S      -0.016885
    5     E+     S       0.009838
    6     E+     S       0.000237
    7     E+     S       0.001377
    8     E+     S      -0.001155
    9     E+     S      -0.001058
   10     E+     S       0.000131
   11     E+    Px       0.930632
   12     E+    Py       0.000000
   13     E+    Pz       0.000000
   14     E+    Px      -0.036647
   15     E+    Py      -0.000000
   16     E+    Pz       0.000000
   17     E+    Px       0.009644
   18     E+    Py      -0.000000
   19     E+    Pz      -0.000000
   20     E+    Px      -0.002338
   21     E+    Py       0.000000
   22     E+    Pz      -0.000000
   23     E+   Dxx       0.832750
   24     E+   Dxy       0.000000
   25     E+   Dxz       0.000000
   26     E+   Dyy       0.406520
   27     E+   Dyz      -0.000000
   28     E+   Dzz       0.406520
   29     E+   Dxx       0.208767
   30     E+   Dxy      -0.000000
   31     E+   Dxz       0.000000
   32     E+   Dyy       0.212615
   33     E+   Dyz      -0.000000
   34     E+   Dzz       0.212615
   35     E+     S      -1.563495
   36     E+     S       0.389941
   37     E+     S       0.130323
   38     E+     S      -0.016885
   39     E+     S       0.009838
   40     E+     S       0.000237
   41     E+     S       0.001377
   42     E+     S      -0.001155
   43     E+     S      -0.001058
   44     E+     S       0.000131
   45     E+    Px      -0.930632
   46     E+    Py      -0.000000
   47     E+    Pz      -0.000000
   48     E+    Px       0.036647
   49     E+    Py       0.000000
   50     E+    Pz      -0.000000
   51     E+    Px      -0.009644
   52     E+    Py      -0.000000
   53     E+    Pz      -0.000000
   54     E+    Px       0.002338
   55     E+    Py       0.000000
   56     E+    Pz      -0.000000
   57     E+   Dxx       0.832750
   58     E+   Dxy      -0.000000
   59     E+   Dxz       0.000000
   60     E+   Dyy       0.406520
   61     E+   Dyz       0.000000
   62     E+   Dzz       0.406520
   63     E+   Dxx       0.208767
   64     E+   Dxy      -0.000000
   65     E+   Dxz       0.000000
   66     E+   Dyy       0.212615
   67     E+   Dyz       0.000000
   68     E+   Dzz       0.212615
 
 
  end of eigenvectors 
 
  END OF EIGENVALUES AND EIGENVECTORS
 
 
  COMPONENTS OF KINETIC ENERGY: 
 -----------------------------
 
                  E- Kinetic energy =         1053.595735179776
            POSITRON Kinetic energy =            0.000077258523
                                     _________________________
               Total kinetic energy =         1053.595812438299
 
  COMPONENTS OF POTENTIAL ENERGY: 
 -------------------------------
 
          Fixed potential energy    =            6.864406779661
 
  Quantum/Fixed interaction energy: 
 ----------------------------------
 
          E-/Fixed interact. energy =        -2523.744154627305
    POSITRON/Fixed interact. energy =            0.355738639472
                                     _________________________
               Total Q/Fixed energy =        -2523.388415987833
 
  Coulomb energy: 
 ------------------
 
               E-/E- Hartree energy =          470.035658566342
   POSITRON/POSITRON Hartree energy =            0.000000000000
         E-/POSITRON Hartree energy =           -0.355730639703
                                     _________________________
               Total Hartree energy =          469.679927926639
 
  Exchange(HF) energy: 
 ----------------------
 
                 E- Exchange energy =          -60.365752271099
           POSITRON Exchange energy =            0.000000000000
                                     _________________________
              Total Exchange energy =          -60.365752271099
 
  External Potential energy: 
 ----------------------------
 
                  E- Ext Pot energy =            0.000000000000
            POSITRON Ext Pot energy =           -0.000019737095
                                     _________________________
    Total External Potential energy =           -0.000019737095
 
  TOTAL ENERGY COMPONENTS: 
 ==========================
 
          TOTAL KINETIC ENERGY      =         1053.595812438299
          TOTAL POTENTIAL ENERGY    =        -2107.209853289727
                                     _________________________
                       TOTAL ENERGY =        -1053.614040851428
 
                 VIRIAL RATIO (V/T) =            2.000017301144
 
 
  END ENERGY COMPONENTS
 
 
** TOTAL CPU Time SCF :      0.989 (s)
** TOTAL Elapsed Time SCF :      0.363 (s)
 
 We are calculating properties for E- in the HF/KS ground state
 We are calculating properties for POSITRON in the HF/KS ground state
 
  POPULATION ANALYSES: 
 ====================
 
 MULLIKEN Population: for E-        
 ---------------------
 
                                    
 
    1     AR     S       0.777155
    2     AR     S       1.187471
    3     AR     S       0.957554
    4     AR     S       1.016967
    5     AR     S       1.065414
    6     AR     S       0.994040
    7     AR    Px       1.965968
    8     AR    Py       1.965968
    9     AR    Pz       1.965968
   10     AR    Px       0.024934
   11     AR    Py       0.024934
   12     AR    Pz       0.024934
   13     AR    Px       0.499839
   14     AR    Py       0.499839
   15     AR    Pz       0.499839
   16     AR    Px       1.061120
   17     AR    Py       1.061120
   18     AR    Pz       1.061120
   19     AR    Px       0.440275
   20     AR    Py       0.440275
   21     AR    Pz       0.440275
   22     AR     S       0.014997
   23     AR    Px       0.007864
   24     AR    Py       0.007864
   25     AR    Pz       0.007864
   26     AR   Dxx      -0.004532
   27     AR   Dxy       0.000000
   28     AR   Dxz       0.000000
   29     AR   Dyy      -0.004532
   30     AR   Dyz       0.000000
   31     AR   Dzz      -0.004532
   32     AR     S       0.777155
   33     AR     S       1.187471
   34     AR     S       0.957554
   35     AR     S       1.016967
   36     AR     S       1.065414
   37     AR     S       0.994040
   38     AR    Px       1.965968
   39     AR    Py       1.965968
   40     AR    Pz       1.965968
   41     AR    Px       0.024934
   42     AR    Py       0.024934
   43     AR    Pz       0.024934
   44     AR    Px       0.499839
   45     AR    Py       0.499839
   46     AR    Pz       0.499839
   47     AR    Px       1.061120
   48     AR    Py       1.061120
   49     AR    Pz       1.061120
   50     AR    Px       0.440275
   51     AR    Py       0.440275
   52     AR    Pz       0.440275
   53     AR     S       0.014997
   54     AR    Px       0.007864
   55     AR    Py       0.007864
   56     AR    Pz       0.007864
   57     AR   Dxx      -0.004532
   58     AR   Dxy       0.000000
   59     AR   Dxz       0.000000
   60     AR   Dyy      -0.004532
   61     AR   Dyz       0.000000
   62     AR   Dzz      -0.004532
 
                           __________
              Total =       36.000000
 
  Atomic MULLIKEN Population: for E-        
            AR              18.000000
            AR              18.000000
 
 ...end of MULLIKEN Population
 
 
 END POPULATION ANALYSES 
 
 
  POPULATION ANALYSES: 
 ====================
 
 LOWDIN Population: for E-        
 ---------------------
 
                                    
 
    1     AR     S       0.903190
    2     AR     S       1.085074
    3     AR     S       0.953732
    4     AR     S       0.963035
    5     AR     S       0.544209
    6     AR     S       0.563780
    7     AR    Px       1.884791
    8     AR    Py       1.884791
    9     AR    Pz       1.884791
   10     AR    Px       0.100697
   11     AR    Py       0.100697
   12     AR    Pz       0.100697
   13     AR    Px       0.548813
   14     AR    Py       0.548813
   15     AR    Pz       0.548813
   16     AR    Px       0.936024
   17     AR    Py       0.936024
   18     AR    Pz       0.936024
   19     AR    Px       0.452266
   20     AR    Py       0.452266
   21     AR    Pz       0.452266
   22     AR     S       0.148257
   23     AR    Px       0.077408
   24     AR    Py       0.077408
   25     AR    Pz       0.077408
   26     AR   Dxx       0.279574
   27     AR   Dxy       0.000000
   28     AR   Dxz       0.000000
   29     AR   Dyy       0.279574
   30     AR   Dyz       0.000000
   31     AR   Dzz       0.279574
   32     AR     S       0.903190
   33     AR     S       1.085074
   34     AR     S       0.953732
   35     AR     S       0.963035
   36     AR     S       0.544209
   37     AR     S       0.563780
   38     AR    Px       1.884791
   39     AR    Py       1.884791
   40     AR    Pz       1.884791
   41     AR    Px       0.100697
   42     AR    Py       0.100697
   43     AR    Pz       0.100697
   44     AR    Px       0.548813
   45     AR    Py       0.548813
   46     AR    Pz       0.548813
   47     AR    Px       0.936024
   48     AR    Py       0.936024
   49     AR    Pz       0.936024
   50     AR    Px       0.452266
   51     AR    Py       0.452266
   52     AR    Pz       0.452266
   53     AR     S       0.148257
   54     AR    Px       0.077408
   55     AR    Py       0.077408
   56     AR    Pz       0.077408
   57     AR   Dxx       0.279574
   58     AR   Dxy       0.000000
   59     AR   Dxz       0.000000
   60     AR   Dyy       0.279574
   61     AR   Dyz       0.000000
   62     AR   Dzz       0.279574
 
                           __________
              Total =       36.000000
 
  Atomic LOWDIN Population: for E-        
            AR              18.000000
            AR              18.000000
 
 ...end of LOWDIN Population
 
 
 END POPULATION ANALYSES 
 
 
  POPULATION ANALYSES: 
 ====================
 
 MULLIKEN Population: for POSITRON  
 ---------------------
 
                                    
 
    1     E+     S      -1.303166
    2     E+     S       0.191359
    3     E+     S       0.032779
    4     E+     S      -0.002102
    5     E+     S       0.000607
    6     E+     S       0.000007
    7     E+     S       0.000020
    8     E+     S      -0.000007
    9     E+     S      -0.000002
   10     E+     S       0.000000
   11     E+    Px       0.092014
   12     E+    Py       0.000000
   13     E+    Pz      -0.000000
   14     E+    Px      -0.001669
   15     E+    Py      -0.000000
   16     E+    Pz      -0.000000
   17     E+    Px       0.000188
   18     E+    Py      -0.000000
   19     E+    Pz       0.000000
   20     E+    Px      -0.000015
   21     E+    Py       0.000000
   22     E+    Pz       0.000000
   23     E+   Dxx       0.605469
   24     E+   Dxy      -0.000000
   25     E+   Dxz       0.000000
   26     E+   Dyy       0.284510
   27     E+   Dyz      -0.000000
   28     E+   Dzz       0.284510
   29     E+   Dxx       0.105912
   30     E+   Dxy       0.000000
   31     E+   Dxz       0.000000
   32     E+   Dyy       0.104792
   33     E+   Dyz      -0.000000
   34     E+   Dzz       0.104792
   35     E+     S      -1.303166
   36     E+     S       0.191359
   37     E+     S       0.032779
   38     E+     S      -0.002102
   39     E+     S       0.000607
   40     E+     S       0.000007
   41     E+     S       0.000020
   42     E+     S      -0.000007
   43     E+     S      -0.000002
   44     E+     S       0.000000
   45     E+    Px       0.092014
   46     E+    Py       0.000000
   47     E+    Pz      -0.000000
   48     E+    Px      -0.001669
   49     E+    Py      -0.000000
   50     E+    Pz      -0.000000
   51     E+    Px       0.000188
   52     E+    Py       0.000000
   53     E+    Pz      -0.000000
   54     E+    Px      -0.000015
   55     E+    Py      -0.000000
   56     E+    Pz      -0.000000
   57     E+   Dxx       0.605469
   58     E+   Dxy       0.000000
   59     E+   Dxz       0.000000
   60     E+   Dyy       0.284510
   61     E+   Dyz       0.000000
   62     E+   Dzz       0.284510
   63     E+   Dxx       0.105912
   64     E+   Dxy       0.000000
   65     E+   Dxz       0.000000
   66     E+   Dyy       0.104792
   67     E+   Dyz       0.000000
   68     E+   Dzz       0.104792
 
                           __________
              Total =        1.000000
 
  Atomic MULLIKEN Population: for POSITRON  
            AR               0.500000
            AR               0.500000
 
 ...end of MULLIKEN Population
 
 
 END POPULATION ANALYSES 
 
 
  POPULATION ANALYSES: 
 ====================
 
 LOWDIN Population: for POSITRON  
 ---------------------
 
                                    
 
    1     E+     S       0.042913
    2     E+     S       0.027436
    3     E+     S       0.004623
    4     E+     S       0.000941
    5     E+     S       0.000229
    6     E+     S       0.000062
    7     E+     S       0.000009
    8     E+     S       0.000000
    9     E+     S       0.000000
   10     E+     S       0.000000
   11     E+    Px       0.000131
   12     E+    Py      -0.000000
   13     E+    Pz      -0.000000
   14     E+    Px       0.000698
   15     E+    Py       0.000000
   16     E+    Pz       0.000000
   17     E+    Px       0.000002
   18     E+    Py       0.000000
   19     E+    Pz       0.000000
   20     E+    Px       0.000010
   21     E+    Py       0.000000
   22     E+    Pz       0.000000
   23     E+   Dxx       0.127227
   24     E+   Dxy      -0.000000
   25     E+   Dxz       0.000000
   26     E+   Dyy       0.122647
   27     E+   Dyz       0.000000
   28     E+   Dzz       0.122647
   29     E+   Dxx       0.019371
   30     E+   Dxy       0.000000
   31     E+   Dxz      -0.000000
   32     E+   Dyy       0.015528
   33     E+   Dyz       0.000000
   34     E+   Dzz       0.015528
   35     E+     S       0.042913
   36     E+     S       0.027436
   37     E+     S       0.004623
   38     E+     S       0.000941
   39     E+     S       0.000229
   40     E+     S       0.000062
   41     E+     S       0.000009
   42     E+     S       0.000000
   43     E+     S       0.000000
   44     E+     S       0.000000
   45     E+    Px       0.000131
   46     E+    Py      -0.000000
   47     E+    Pz      -0.000000
   48     E+    Px       0.000698
   49     E+    Py       0.000000
   50     E+    Pz       0.000000
   51     E+    Px       0.000002
   52     E+    Py       0.000000
   53     E+    Pz      -0.000000
   54     E+    Px       0.000010
   55     E+    Py       0.000000
   56     E+    Pz      -0.000000
   57     E+   Dxx       0.127227
   58     E+   Dxy       0.000000
   59     E+   Dxz       0.000000
   60     E+   Dyy       0.122647
   61     E+   Dyz       0.000000
   62     E+   Dzz       0.122647
   63     E+   Dxx       0.019371
   64     E+   Dxy       0.000000
   65     E+   Dxz       0.000000
   66     E+   Dyy       0.015528
   67     E+   Dyz       0.000000
   68     E+   Dzz       0.015528
 
                           __________
              Total =        1.000000
 
  Atomic LOWDIN Population: for POSITRON  
            AR               0.500000
            AR               0.500000
 
 ...end of LOWDIN Population
 
 
 END POPULATION ANALYSES 
 
 
  EXPECTED POSITIONS OF QUANTUM SPECIES:
 ======================
 
 POSITIONS IN ANGSTROMS
 ------
 
                        <x>      <y>      <z>         
                 E- 449.5889  -0.0000  -0.0000
           POSITRON  12.4886  -0.0000   0.0000
 
 END EXPECTED POSITIONS
 
 
  ELECTROSTATIC MOMENTS:
 ======================
 
 
 DIPOLE: (A.U.)
 ------
 
                           <Dx>         <Dy>         <Dz>          |D|
                 E--849.60000000   0.00000000   0.00000000
           POSITRON  23.60000004  -0.00000000   0.00000000
    Point charges:  849.60000000   0.00000000   0.00000000
                     ____________________________
      Total Dipole:  23.60000004  -0.00000000   0.00000000  23.60000004
 
 DIPOLE: (DEBYE)
 ------
 
                           <Dx>         <Dy>         <Dz>          |D|
                 E-*************   0.00000000   0.00000000
           POSITRON  59.98520900  -0.00000000   0.00000000
    Point charges: 2159.46752014   0.00000000   0.00000000
                     ____________________________
      Total Dipole:  59.98520900  -0.00000000   0.00000000  59.98520900
 
 QUADRUPOLE NON-TRACELESS: (DEBYE ANGS)
 ------
 
                           <xx>         <yy>         <zz>         <xy>         <xz>         <yz>
                 E-**************  -23.36330776  -23.36330776    0.00000000   -0.00000000   -0.00000000
           POSITRON22499.30810848 7817.36867737 7817.36867734   -0.00000000    0.00000000    0.00000000
    Point charges: 53937.37292362    0.00000000    0.00000000    0.00000000    0.00000000    0.00000000
  Total Quadrupole:22475.94480241 7794.00536960 7794.00536958   -0.00000000    0.00000000    0.00000000
                     ____________________________
 
 END ELECTROSTATIC MOMENTS
 

  TOTAL CPU Time:      0.263 (s)
 TOTAL Wall Time:      0.417 (s)
  Elapsed Time:   0h  0m  0s 418ms
LOWDIN execution terminated normally at : Wed Nov 27 15:46:06 2024
-rw-rw-r-- 1 pohl pohl 704K nov 27 15:46 0E-.ints
-rw-rw-r-- 1 pohl pohl 3.5M nov 27 15:46 0E-.POSITRON.ints
-rw-rw-r-- 1 pohl pohl 2.1M nov 27 15:46 0POSITRON.ints
-rw-rw-r-- 1 pohl pohl 704K nov 27 15:46 1E-.ints
-rw-rw-r-- 1 pohl pohl 3.5M nov 27 15:46 1E-.POSITRON.ints
-rw-rw-r-- 1 pohl pohl 2.1M nov 27 15:46 1POSITRON.ints
-rw-rw-r-- 1 pohl pohl 704K nov 27 15:46 2E-.ints
-rw-rw-r-- 1 pohl pohl 3.5M nov 27 15:46 2E-.POSITRON.ints
-rw-rw-r-- 1 pohl pohl 2.1M nov 27 15:46 2POSITRON.ints
-rw-rw-r-- 1 pohl pohl 704K nov 27 15:46 3E-.ints
-rw-rw-r-- 1 pohl pohl 3.5M nov 27 15:46 3E-.POSITRON.ints
-rw-rw-r-- 1 pohl pohl 2.1M nov 27 15:46 3POSITRON.ints
-rw-rw-r-- 1 pohl pohl   12 nov 27 15:46 E-.POSITRON.nints
-rw-rw-r-- 1 pohl pohl   65 nov 27 15:46 gepol.inp
-rw-rw-r-- 1 pohl pohl   91 nov 27 15:46 gepol.xyzr
-rw-rw-r-- 1 pohl pohl  12K nov 27 15:46 lowdin.bas
-rw-rw-r-- 1 pohl pohl  16K nov 27 15:46 lowdin.dat
-rw-rw-r-- 1 pohl pohl 867K nov 27 15:46 lowdin.opints
-rw-rw-r-- 1 pohl pohl  32K nov 27 15:46 lowdin.sys
-rw-rw-r-- 1 pohl pohl 865K nov 27 15:46 lowdin.wfn
-rw-rw-r-- 1 pohl pohl  498 nov 27 15:46 usual_227
-rw-rw-r-- 1 pohl pohl 1.8K nov 27 15:46 usual_227.aux
-rw-rw-r-- 1 pohl pohl  503 nov 27 15:46 usual_227.lowdin
-rw-rw-r-- 1 pohl pohl  65K nov 27 15:46 usual_227.out
-rw-rw-r-- 1 pohl pohl  68K nov 27 15:46 usual_227.vec
