Begin job by input: usual_90.lowdin, for user:   at  mié 27 nov 2024 15:44:42 -05
under operating system Linux helios 5.19.0-46-generic #47-Ubuntu SMP PREEMPT_DYNAMIC Fri Jun 16 13:30:11 UTC 2023 x86_64 x86_64 x86_64 GNU/Linux
Compilation information
  commit: f31d3924f6ee2ce9d77f07edcc1ba27359319d14
  compilation date:  mar 17 sep 2024 16:16:17 -05

BEGIN INPUT INFO:
------------------------------------

GEOMETRY
	Ar	Dirac	0.0 0.0 0.0
	e-(Ar)	6-311++G.d.p 0.0 0.0 0.0
	E+	GRIBAKIN-10S4P2D 0.0 0.0 0.0
	Ar	Dirac	19.8 0.0 0.0
	e-(Ar)	6-311++G.d.p	19.8 0.0 0.0
	E+	GRIBAKIN-10S4P2D 19.8 0.0 0.0 addParticles=-1 
END GEOMETRY

TASKS
        method = "RHF"
END TASKS

EXTERPOTENTIAL
	E- GRIBAKIN0
	E+ AR90
END EXTERPOTENTIAL

CONTROL
	units="BOHRS"
	readCoefficients=F
	convergenceMethod=1
	overlapEigenThreshold=1E-6
	SCFGhostSpecies="POSITRON"
	HFprintEigenvalues=T
	totalEnergyTolerance = 1E-9
END CONTROL


... END INPUT INFO


 LOWDIN execution started at : Wed Nov 27 15:44:42 2024
 ---------------------------------------------------------------
 
 ***************************************************************
 *                   LOWDIN 2.0  (May/2013)                    *
 *                                                             *
 *  R. FLORES-MORENO, E. F. POSADA, F. S. MONCADA, J.ROMERO,   *
 *  J. CHARRY, M. DIAZ-TINOCO, S. A. GONZALEZ, N. F. AGUIRRE,  *
 *  A. REYES                                                   *
 *                                                             *
 *  https://sites.google.com/site/lowdinproject/               *
 *                                                             *
 ***************************************************************
 
 PARSING INPUT... DONE!
 
 LOWDIN IS RUNNING WITH NEXT PARAMETERS: 
 ----------------------------------------
 
         METHOD TYPE:  RHF
         NUMBER OF CORES:     4
         NONELECTRONIC DENSITY GUESS: HCORE
         ELECTRONIC DENSITY GUESS: HCORE
         CRITERIUM OF CONVERGENCE: ENERGY
         NONELECTRONIC ENERGY TOLERANCE IN SCFs:     0.10000E-07
         ELECTRONIC ENERGY TOLERANCE IN SCFs:     0.10000E-07
         TOTAL ENERGY TOLERANCE IN SCFs:     0.10000E-08
         SCHEME OF ITERATION: GLOBAL ITERATIONS
         SCF MAX. SUBITERATIONS - NONELECTRONS :     1
         SCF MAX. SUBITERATIONS - ELECTRONS :     1
         SCF MAX. ITERATIONS - INTERSPECIES :   200
         INTEGRAL STORAGE: DISK
         STACK SIZE FOR ERIS : 30000
         METHOD OF SCF CONVERGENCE: DAMPING
 
  MOLECULAR SYSTEM: usual_90
 -----------------
 
    DESCRIPTION   : usual_90
    CHARGE        :   2
    PUNTUAL GROUP : NONE
 
 
  INFORMATION OF PARTICLES :
 =========================
         Total number of particles   =      39
         Number of quantum particles =      37
         Number of puntual charges   =       2
         Number of quantum species   =       2
 
                 INFORMATION OF QUANTUM SPECIES 
    ----------------------------------------------------------------------
         ID      Symbol            mass     charge      omega     spin     multiplicity
    ----------------------------------------------------------------------
         1             E-         1.0000     -1.00      0.00      0.50      1.00
         2             E+         1.0000      1.00      0.00      0.50      1.00
 
                   CONSTANTS OF COUPLING 
      ------------------------------------------------------------
              Symbol      kappa        eta     lambda occupation
      ------------------------------------------------------------
                  E-      -1.00       2.00       2.00      18.00
                  E+      -1.00       1.00       1.00       1.00
 
                   BASIS SET FOR SPECIES 
      ------------------------------------------------------------
           Symbol          N. Basis     N. Particles     Basis Set
      ------------------------------------------------------------
                 E-           28               36     6-311++G.D
                 E+           32                1     GRIBAKIN-1
 
                                ATOMIC BASIS
         ------------------------------------------------------------
          PRIMITIVE   SHELL             EXPONENT         COEFFICIENT 
         ------------------------------------------------------------
 
    BEGIN DESCRIPTION OF BASIS FOR:    E-
    ==============================
 
 
            AR BASIS SET:   6-311++G.D.P
             1         S           118022.38000000          0.00074700
             2         S            17683.54100000          0.00579000
             3         S             4027.76570000          0.02991900
             4         S             1145.39770000          0.11920600
             5         S              377.16375000          0.36902800
             6         S              138.15969000          0.57645900
             1         S              138.15969000          0.14392700
             2         S               54.98911700          0.62293800
             3         S               23.17066700          0.28396400
             1         S                7.37786000          1.00000000
             1         S                2.92368800          1.00000000
             1         S                0.65040500          1.00000000
             1         S                0.23282500          1.00000000
             1         P              663.06201000          0.00308200
             2         P              157.09281000          0.02416500
             3         P               50.23110000          0.10822300
             4         P               18.63534500          0.29419200
             5         P                7.44653700          0.68786200
             1         P                7.44653700         -0.12144820
             2         P                3.09569800          0.16323700
             1         P                1.10646300          1.00000000
             1         P                0.41560100          1.00000000
             1         P                0.14544900          1.00000000
             1         S                0.06000000          1.00000000
             1         P                0.06000000          1.00000000
             1         D                0.85000000          1.00000000
 
            AR BASIS SET:   6-311++G.D.P
             1         S           118022.38000000          0.00074700
             2         S            17683.54100000          0.00579000
             3         S             4027.76570000          0.02991900
             4         S             1145.39770000          0.11920600
             5         S              377.16375000          0.36902800
             6         S              138.15969000          0.57645900
             1         S              138.15969000          0.14392700
             2         S               54.98911700          0.62293800
             3         S               23.17066700          0.28396400
             1         S                7.37786000          1.00000000
             1         S                2.92368800          1.00000000
             1         S                0.65040500          1.00000000
             1         S                0.23282500          1.00000000
             1         P              663.06201000          0.00308200
             2         P              157.09281000          0.02416500
             3         P               50.23110000          0.10822300
             4         P               18.63534500          0.29419200
             5         P                7.44653700          0.68786200
             1         P                7.44653700         -0.12144820
             2         P                3.09569800          0.16323700
             1         P                1.10646300          1.00000000
             1         P                0.41560100          1.00000000
             1         P                0.14544900          1.00000000
             1         S                0.06000000          1.00000000
             1         P                0.06000000          1.00000000
             1         D                0.85000000          1.00000000
    ... END DESCRIPTION OF BASIS
 
 
    BEGIN DESCRIPTION OF BASIS FOR:    E+
    ==============================
 
 
            E+ BASIS SET:GRIBAKIN-10S4P2
             1         S                0.00010000          1.00000000
             1         S                0.00030000          1.00000000
             1         S                0.00090000          1.00000000
             1         S                0.00270000          1.00000000
             1         S                0.00810000          1.00000000
             1         S                0.02430000          1.00000000
             1         S                0.07290000          1.00000000
             1         S                0.21870000          1.00000000
             1         S                0.65610000          1.00000000
             1         S                1.96830000          1.00000000
             1         P                0.00010000          1.00000000
             1         P                0.00030000          1.00000000
             1         P                0.00090000          1.00000000
             1         P                0.00270000          1.00000000
             1         D                0.00010000          1.00000000
             1         D                0.00030000          1.00000000
 
            E+ BASIS SET:GRIBAKIN-10S4P2
             1         S                0.00010000          1.00000000
             1         S                0.00030000          1.00000000
             1         S                0.00090000          1.00000000
             1         S                0.00270000          1.00000000
             1         S                0.00810000          1.00000000
             1         S                0.02430000          1.00000000
             1         S                0.07290000          1.00000000
             1         S                0.21870000          1.00000000
             1         S                0.65610000          1.00000000
             1         S                1.96830000          1.00000000
             1         P                0.00010000          1.00000000
             1         P                0.00030000          1.00000000
             1         P                0.00090000          1.00000000
             1         P                0.00270000          1.00000000
             1         D                0.00010000          1.00000000
             1         D                0.00030000          1.00000000
    ... END DESCRIPTION OF BASIS
 
 
  END INFORMATION OF PARTICLES
 
 
  INFORMATION OF THE QUANTUM SYSTEM 
     ---------------------------------------------------------------------
                 ID     Occupied Orbitals     Basis size
     ---------------------------------------------------------------------
                 E-           18               62
                 E+            1               68
 
  END INFORMATION OF QUANTUM SYSTEM
 
 
  INFORMATION OF EXTERNAL POTENTIALS 
 
 =======
 External Potential for E- : GRIBAKIN0
 Type : 
                     Exponent         l       R_x       R_y       R_z              Factor
                 0.0010000000         0   0.00000   0.00000   0.00000        0.0000000000
 
 =======
 External Potential for E+ : AR90
 Type : 
                     Exponent         l       R_x       R_y       R_z              Factor
                 0.0010000000         0   0.00000   0.00000   0.00000        0.0000779688
                 0.0020000000         0   0.00000   0.00000   0.00000       -0.0004786853
                 0.0040000000         0   0.00000   0.00000   0.00000        0.0013189164
                 0.0080000000         0   0.00000   0.00000   0.00000       -0.0033441280
                 0.0160000000         0   0.00000   0.00000   0.00000        0.0050907505
                 0.0320000000         0   0.00000   0.00000   0.00000       -0.0151949101
                 0.0640000000         0   0.00000   0.00000   0.00000        0.0049422575
                 0.1280000000         0   0.00000   0.00000   0.00000       -0.1024675180
                 0.2560000000         0   0.00000   0.00000   0.00000       -0.1709080790
                 0.5120000000         0   0.00000   0.00000   0.00000       -1.1786523000
                 1.0000000000         0   0.00000   0.00000   0.00000       -3.9901484000
                 2.0000000000         0   0.00000   0.00000   0.00000      129.9336270000
                 3.0000000000         0   0.00000   0.00000   0.00000    -1317.9950900000
                 4.0000000000         0   0.00000   0.00000   0.00000     7976.3295300000
                 5.0000000000         0   0.00000   0.00000   0.00000   -30887.5711000000
                 6.0000000000         0   0.00000   0.00000   0.00000    78131.7910000000
                 7.0000000000         0   0.00000   0.00000   0.00000  -128444.4630000000
                 8.0000000000         0   0.00000   0.00000   0.00000   132337.9190000000
                 9.0000000000         0   0.00000   0.00000   0.00000   -77735.4212000000
                10.0000000000         0   0.00000   0.00000   0.00000    19907.5941000000
                20.0000000000         0   0.00000   0.00000   0.00000     -135.7052840000
                30.0000000000         0   0.00000   0.00000   0.00000       72.5910786000
                40.0000000000         0   0.00000   0.00000   0.00000      -41.7155821000
                50.0000000000         0   0.00000   0.00000   0.00000       12.4077673000
               100.0000000000         0   0.00000   0.00000   0.00000       -0.2471957670
                 0.0010000000         0  19.80000   0.00000   0.00000        0.0000779688
                 0.0020000000         0  19.80000   0.00000   0.00000       -0.0004786853
                 0.0040000000         0  19.80000   0.00000   0.00000        0.0013189164
                 0.0080000000         0  19.80000   0.00000   0.00000       -0.0033441280
                 0.0160000000         0  19.80000   0.00000   0.00000        0.0050907505
                 0.0320000000         0  19.80000   0.00000   0.00000       -0.0151949101
                 0.0640000000         0  19.80000   0.00000   0.00000        0.0049422575
                 0.1280000000         0  19.80000   0.00000   0.00000       -0.1024675180
                 0.2560000000         0  19.80000   0.00000   0.00000       -0.1709080790
                 0.5120000000         0  19.80000   0.00000   0.00000       -1.1786523000
                 1.0000000000         0  19.80000   0.00000   0.00000       -3.9901484000
                 2.0000000000         0  19.80000   0.00000   0.00000      129.9336270000
                 3.0000000000         0  19.80000   0.00000   0.00000    -1317.9950900000
                 4.0000000000         0  19.80000   0.00000   0.00000     7976.3295300000
                 5.0000000000         0  19.80000   0.00000   0.00000   -30887.5711000000
                 6.0000000000         0  19.80000   0.00000   0.00000    78131.7910000000
                 7.0000000000         0  19.80000   0.00000   0.00000  -128444.4630000000
                 8.0000000000         0  19.80000   0.00000   0.00000   132337.9190000000
                 9.0000000000         0  19.80000   0.00000   0.00000   -77735.4212000000
                10.0000000000         0  19.80000   0.00000   0.00000    19907.5941000000
                20.0000000000         0  19.80000   0.00000   0.00000     -135.7052840000
                30.0000000000         0  19.80000   0.00000   0.00000       72.5910786000
                40.0000000000         0  19.80000   0.00000   0.00000      -41.7155821000
                50.0000000000         0  19.80000   0.00000   0.00000       12.4077673000
               100.0000000000         0  19.80000   0.00000   0.00000       -0.2471957670
 
  END INFORMATION OF EXTERNAL POTENTIALS
 
                       INITIAL GEOMETRY: AMSTRONG
                 -----------------------------------
                       <x>                 <y>                 <z>
      E-AR        0.0000000000        0.0000000000        0.0000000000
      E-AR       10.4777095350        0.0000000000        0.0000000000
        E+        0.0000000000        0.0000000000        0.0000000000
        E+       10.4777095350        0.0000000000        0.0000000000
        AR        0.0000000000        0.0000000000        0.0000000000
        AR       10.4777095350        0.0000000000        0.0000000000
 
                     MATRIX OF DISTANCE: ANGSTROM
                 -----------------------------------
                          AR(1)          AR(2)     
 
        AR(1)            0.000000      10.477710
        AR(2)           10.477710       0.000000
 
--------------------------------------------------------------------------------
** PROGRAM: SCF (Hartree Fock).     Author: S.A. Gonzalez, E. Posada, F. Moncada
--------------------------------------------------------------------------------
INFO: RUNNING IN RHF MODE.
 
----------------------------------------------------------------------
** PROGRAM INTS                          Author: E. F. Posada, 2013   
----------------------------------------------------------------------
INFO: RUNNING IN ONE_PARTICLE MODE.
 
 Number of Overlap integrals for species E-:   3844
 Number of Overlap integrals for species POSITRON:   4624
 Number of Kinetic integrals for species E-:   3844
 Number of Kinetic integrals for species POSITRON:   4624
 Number of Nuclear integrals for species E-:   3844
 Number of Nuclear integrals for species POSITRON:   4624
 Number of Moment integrals for species E-:  11532
 Number of Moment integrals for species POSITRON:  13872
 Number of 3C Overlap integrals for species E-:   3844
 Number of 3C Overlap integrals for species POSITRON:   4624
 
** TOTAL CPU Time INTS :      0.393 (s)
** TOTAL Elapsed Time INTS :      0.152 (s)
 
Removed     4 orbitals for species POSITRON with overlap eigen threshold of 1.000E-06
       Usign  HCORE density guess for species:         E-
     number of         E-     particles in guess density matrix:    36.000000
       Usign  HCORE density guess for species:   POSITRON
     number of   POSITRON     particles in guess density matrix:     0.000000
 Warning!, density matrix with deviation from number of particles    1.000000
 Number of unique integrals for species: 1 = 112694
 Number of unique integrals for species: 2 = 319940
 Number of unique integrals for species: 1 / 2 = 582334 Screened: 54472
 
 TWO-BODY INTEGRAL SETUP: 
------------------------- 
 Storage:   DISK
 Scheme: LIBINT
 Stack size:  30000
 
 LIBINT library, Fermann, J. T.; Valeev, F. L. 2010                   
 LOWDIN-LIBINT Implementation V. 2.1  Posada E. F. ; Reyes A. 2016   
 ----------------------------------------------------------------------

*** TOTAL CPU time intra-species integrals :      0.512 (s)
*** TOTAL elapsed time intra-species integrals :      0.078 (s)


*** TOTAL CPU time inter-species integrals :      0.693 (s)
*** TOTAL elapsed time inter-species integrals :      0.141 (s)

INFO: RUNNING SCHEME SIMULTANEOUS
 
 Begin Multi-Species SCF calculation:
 
 --------------------------------------------------------------------------------------------------
      Iteration                   Energy            Energy Change           Density Change
 --------------------------------------------------------------------------------------------------
              1        -996.368458626467         996.368458626467           0.305181798366
              2       -1028.130567154162          31.762108527695           0.186919392071
              3       -1053.299205222162          25.168638068001           0.018340492989
              4       -1053.573546656364           0.274341434201           0.006775687877
              5       -1053.595720137113           0.022173480749           0.003074599046
              6       -1053.604755166185           0.009035029072           0.006605945486
              7       -1053.610944876318           0.006189710133           5.193292086700
              8       -1053.614039610256           0.003094733938           0.002535762861
              9       -1053.614039711312           0.000000101055           0.000291506202
             10       -1053.614039720711           0.000000009399           0.000154372991
             11       -1053.614039721022           0.000000000311           0.000018278894
 Total energy converged after  11 global iterations                                                  
 
 ...end Multi-Species SCF calculation
 
 
 Begin SCF calculation by: E-
 -------------------------
 
 -----------------------------------------------------------------------------------
 Iteration                   Energy           Density Change         DIIS Error 
 -----------------------------------------------------------------------------------
    1       -1129.884595135913           0.184396373362                 -- 
    2       -1076.144290875315           0.015937181383                 -- 
    3       -1068.243703093736           0.004631980326                 -- 
    4       -1070.443390138873           0.001106725983                 -- 
    5       -1069.888013275994           0.000269720944                 -- 
    6       -1070.002071952357           0.000057643438                 -- 
    7       -1069.972977607298           0.000015002046                 -- 
    8       -1069.979091133065           0.000003166153                 -- 
    9       -1069.977429699777           0.000000982497                 -- 
   10       -1069.977831129776           0.000000207473                 -- 
 
 ... end SCF calculation
 
 Begin SCF calculation by: POSITRON
 -------------------------
 
 -----------------------------------------------------------------------------------
 Iteration                   Energy           Density Change         DIIS Error 
 -----------------------------------------------------------------------------------
    1           0.402777774051           0.002523018710                 -- 
    2          -0.001585226170           0.002403311606                 -- 
    3          -0.008473658781           0.002143707551                 -- 
    4          -0.006085417636           0.001967873064                 -- 
    5          -0.003534611090           0.006336224542                 -- 
    6           0.000037396934           5.193234443262                 -- 
    7           0.000037271148           0.002520760815                 -- 
    8           0.000037286886           0.000288340048                 -- 
    9           0.000037279556           0.000153390494                 -- 
   10           0.000037280572           0.000018071421                 -- 
 
 ... end SCF calculation
 
  EIGENVALUES AND EIGENVECTORS: 
 ==============================
 
 
  Eigenvalues for: E-
 -----------------
 
    1        -118.610400743951
    2        -118.610400743950
    3         -12.322679422548
    4         -12.322679422250
    5          -9.572523439080
    6          -9.572523438384
    7          -9.572523438384
    8          -9.572523438319
    9          -9.572523438319
   10          -9.572523437632
   11          -1.277376698972
   12          -1.277376698151
   13          -0.591387377788
   14          -0.591387370844
   15          -0.591387370844
   16          -0.591387370346
   17          -0.591387370346
   18          -0.591387364577
   19           0.134687234783
   20           0.134713055580
   21           0.152162788786
   22           0.152397706017
   23           0.152397706017
   24           0.152421931320
   25           0.152421931320
   26           0.152657296781
   27           0.708952695403
   28           0.709205189423
   29           0.709205189423
   30           0.709230394714
   31           0.709230394714
   32           0.709483438779
   33           1.072825313247
   34           1.072849669378
   35           1.214864595278
   36           1.214864595278
   37           1.214864595278
   38           1.214864595278
   39           1.214864595295
   40           1.214864595295
   41           1.214864595296
   42           1.214864595304
   43           1.214864595304
   44           1.214864595317
   45           2.743050974589
   46           2.743203809561
   47           2.743203809561
   48           2.743218569027
   49           2.743218569027
   50           2.743371698112
   51           4.434773832785
   52           4.434789121679
   53          14.029812827518
   54          14.029995552065
   55          14.029995552066
   56          14.030012885338
   57          14.030012885338
   58          14.030195899158
   59          16.732874368602
   60          16.732884751516
   61         254.592999280650
   62         254.593011132884
 
 
  Eigenvalues for: POSITRON
 -----------------
 
    1           0.000066651572
    2           0.000137652611
    3           0.000210826708
    4           0.000210826708
    5           0.000255786963
    6           0.000284038999
    7           0.000320205177
    8           0.000320205177
    9           0.000329741843
   10           0.000329741843
   11           0.000427712612
   12           0.000431292577
   13           0.000431292577
   14           0.000433977218
   15           0.000444035126
   16           0.000444035126
   17           0.000585505875
   18           0.000721930515
   19           0.000921492580
   20           0.000921492580
   21           0.000986307828
   22           0.001119882623
   23           0.001119882626
   24           0.001151838216
   25           0.001263272018
   26           0.001263272018
   27           0.001473769105
   28           0.001528648527
   29           0.001529975438
   30           0.001529975438
   31           0.001530722636
   32           0.001530722636
   33           0.001746001969
   34           0.001746001994
   35           0.001914281382
   36           0.001975427467
   37           0.003059931275
   38           0.003059931275
   39           0.003163159796
   40           0.003818940434
   41           0.003818940435
   42           0.003863367950
   43           0.004208423963
   44           0.004781029920
   45           0.007360072419
   46           0.008643902017
   47           0.009240988453
   48           0.009240988453
   49           0.011270287207
   50           0.011270287207
   51           0.011462956784
   52           0.013958302431
   53           0.021082641691
   54           0.022433873729
   55           0.065025397713
   56           0.065141121291
   57           0.217070946098
   58           0.219405592392
   59           0.859126112152
   60           0.860758507405
   61           4.193198543425
   62           4.194699301692
   63          24.143720264441
   64          24.145775945080
   65     1000000.000000000000
   66     1000000.000000000000
   67     1000000.000000000000
   68     1000000.000000000000
 
  end of eigenvalues 
 
  Occupied Eigenvectors for: E-
 --------------------------- 
 
                        -118.6104      -118.6104       -12.3227       -12.3227        -9.5725   
 
    1     AR     S       0.137431       0.386791       0.087052       0.087030       0.000000
    2     AR     S       0.219353       0.617356       0.237517       0.237457       0.000000
    3     AR     S       0.004153       0.011690      -0.377412      -0.377317      -0.000000
    4     AR     S      -0.000635      -0.001786      -0.409200      -0.409097       0.000000
    5     AR     S       0.000381       0.001073      -0.039538      -0.039528      -0.000000
    6     AR     S       0.000032       0.000089       0.004040       0.004039      -0.000000
    7     AR    Px      -0.000000       0.000000      -0.000000       0.000000      -0.688104
    8     AR    Py      -0.000000      -0.000000      -0.000000       0.000000      -0.000001
    9     AR    Pz       0.000000       0.000000       0.000000       0.000000       0.000002
   10     AR    Px      -0.000000       0.000000      -0.000000       0.000000      -0.132345
   11     AR    Py      -0.000000      -0.000000      -0.000000      -0.000000      -0.000000
   12     AR    Pz       0.000000       0.000000       0.000000       0.000000       0.000000
   13     AR    Px       0.000000      -0.000000       0.000000      -0.000000      -0.029712
   14     AR    Py      -0.000000      -0.000000       0.000000       0.000000      -0.000000
   15     AR    Pz      -0.000000       0.000000      -0.000000      -0.000000       0.000000
   16     AR    Px      -0.000000       0.000000      -0.000000       0.000000       0.002893
   17     AR    Py       0.000000      -0.000000      -0.000000      -0.000000       0.000000
   18     AR    Pz       0.000000       0.000000       0.000000       0.000000      -0.000000
   19     AR    Px       0.000000      -0.000000       0.000000      -0.000000      -0.001390
   20     AR    Py      -0.000000       0.000000      -0.000000       0.000000      -0.000000
   21     AR    Pz      -0.000000       0.000000      -0.000000      -0.000000       0.000000
   22     AR     S      -0.000008      -0.000021      -0.000915      -0.000915       0.000000
   23     AR    Px      -0.000000       0.000000      -0.000000       0.000000       0.000490
   24     AR    Py       0.000000       0.000000       0.000000      -0.000000       0.000000
   25     AR    Pz       0.000000       0.000000       0.000000       0.000000      -0.000000
   26     AR   Dxx      -0.000119      -0.000336       0.004298       0.004297       0.000000
   27     AR   Dxy       0.000000      -0.000000      -0.000000      -0.000000       0.000000
   28     AR   Dxz       0.000000      -0.000000      -0.000000       0.000000      -0.000000
   29     AR   Dyy      -0.000119      -0.000336       0.004298       0.004297       0.000000
   30     AR   Dyz       0.000000      -0.000000      -0.000000      -0.000000       0.000000
   31     AR   Dzz      -0.000119      -0.000336       0.004298       0.004297       0.000000
   32     AR     S      -0.386791       0.137431      -0.087030       0.087052      -0.000000
   33     AR     S      -0.617356       0.219353      -0.237457       0.237517      -0.000000
   34     AR     S      -0.011690       0.004153       0.377317      -0.377412       0.000000
   35     AR     S       0.001786      -0.000635       0.409097      -0.409200      -0.000000
   36     AR     S      -0.001073       0.000381       0.039528      -0.039538       0.000000
   37     AR     S      -0.000089       0.000032      -0.004039       0.004040       0.000000
   38     AR    Px      -0.000000      -0.000000      -0.000000      -0.000000      -0.688062
   39     AR    Py       0.000000       0.000000      -0.000000      -0.000000       0.000002
   40     AR    Pz       0.000000      -0.000000       0.000000       0.000000      -0.000002
   41     AR    Px      -0.000000      -0.000000      -0.000000      -0.000000      -0.132337
   42     AR    Py       0.000000       0.000000       0.000000       0.000000       0.000000
   43     AR    Pz       0.000000      -0.000000      -0.000000      -0.000000      -0.000000
   44     AR    Px       0.000000       0.000000       0.000000       0.000000      -0.029711
   45     AR    Py      -0.000000      -0.000000      -0.000000      -0.000000       0.000000
   46     AR    Pz       0.000000       0.000000       0.000000       0.000000      -0.000000
   47     AR    Px      -0.000000      -0.000000      -0.000000      -0.000000       0.002893
   48     AR    Py       0.000000       0.000000       0.000000       0.000000      -0.000000
   49     AR    Pz       0.000000       0.000000      -0.000000      -0.000000       0.000000
   50     AR    Px       0.000000       0.000000       0.000000       0.000000      -0.001390
   51     AR    Py      -0.000000      -0.000000      -0.000000       0.000000       0.000000
   52     AR    Pz      -0.000000      -0.000000       0.000000       0.000000      -0.000000
   53     AR     S       0.000021      -0.000008       0.000915      -0.000915      -0.000000
   54     AR    Px      -0.000000      -0.000000      -0.000000      -0.000000       0.000490
   55     AR    Py       0.000000       0.000000      -0.000000      -0.000000      -0.000000
   56     AR    Pz       0.000000       0.000000      -0.000000      -0.000000       0.000000
   57     AR   Dxx       0.000336      -0.000119      -0.004297       0.004298      -0.000000
   58     AR   Dxy       0.000000      -0.000000       0.000000      -0.000000       0.000000
   59     AR   Dxz      -0.000000       0.000000       0.000000      -0.000000      -0.000000
   60     AR   Dyy       0.000336      -0.000119      -0.004297       0.004298      -0.000000
   61     AR   Dyz       0.000000      -0.000000       0.000000      -0.000000       0.000000
   62     AR   Dzz       0.000336      -0.000119      -0.004297       0.004298      -0.000000
 
                          -9.5725        -9.5725        -9.5725        -9.5725        -9.5725   
 
    1     AR     S      -0.000000      -0.000000      -0.000000       0.000000       0.000000
    2     AR     S      -0.000000      -0.000000       0.000000      -0.000000      -0.000000
    3     AR     S       0.000000       0.000000      -0.000000       0.000000       0.000000
    4     AR     S      -0.000000      -0.000000       0.000000      -0.000000      -0.000000
    5     AR     S       0.000000       0.000000      -0.000000       0.000000       0.000000
    6     AR     S       0.000000       0.000000      -0.000000       0.000000       0.000000
    7     AR    Px       0.000002       0.000002       0.000000      -0.000002      -0.688062
    8     AR    Py      -0.688358      -0.003232      -0.655850      -0.207194       0.000000
    9     AR    Pz      -0.003206       0.688306      -0.207234       0.655893      -0.000001
   10     AR    Px       0.000000       0.000000       0.000000      -0.000000      -0.132337
   11     AR    Py      -0.132394      -0.000622      -0.126142      -0.039850       0.000000
   12     AR    Pz      -0.000617       0.132384      -0.039858       0.126150      -0.000000
   13     AR    Px       0.000000       0.000000       0.000000      -0.000000      -0.029710
   14     AR    Py      -0.029723      -0.000140      -0.028320      -0.008947       0.000000
   15     AR    Pz      -0.000138       0.029721      -0.008948       0.028321      -0.000000
   16     AR    Px      -0.000000      -0.000000      -0.000000       0.000000       0.002892
   17     AR    Py       0.002894       0.000014       0.002757       0.000871      -0.000000
   18     AR    Pz       0.000013      -0.002893       0.000871      -0.002757       0.000000
   19     AR    Px       0.000000       0.000000       0.000000      -0.000000      -0.001389
   20     AR    Py      -0.001390      -0.000007      -0.001324      -0.000418       0.000000
   21     AR    Pz      -0.000006       0.001390      -0.000418       0.001324      -0.000000
   22     AR     S      -0.000000      -0.000000       0.000000      -0.000000      -0.000000
   23     AR    Px      -0.000000      -0.000000      -0.000000       0.000000       0.000490
   24     AR    Py       0.000490       0.000002       0.000467       0.000148      -0.000000
   25     AR    Pz       0.000002      -0.000490       0.000148      -0.000467       0.000000
   26     AR   Dxx      -0.000000      -0.000000       0.000000      -0.000000      -0.000000
   27     AR   Dxy       0.000000       0.000000       0.000000       0.000000      -0.000000
   28     AR   Dxz       0.000000      -0.000000       0.000000      -0.000000       0.000000
   29     AR   Dyy      -0.000000      -0.000000       0.000000      -0.000000      -0.000000
   30     AR   Dyz       0.000000       0.000000       0.000000      -0.000000      -0.000000
   31     AR   Dzz      -0.000000      -0.000000       0.000000      -0.000000      -0.000000
   32     AR     S       0.000000       0.000000      -0.000000       0.000000       0.000000
   33     AR     S       0.000000       0.000000      -0.000000      -0.000000      -0.000000
   34     AR     S      -0.000000      -0.000000      -0.000000       0.000000       0.000000
   35     AR     S       0.000000       0.000000       0.000000      -0.000000      -0.000000
   36     AR     S      -0.000000      -0.000000      -0.000000       0.000000       0.000000
   37     AR     S      -0.000000      -0.000000      -0.000000       0.000000       0.000000
   38     AR    Px       0.000002       0.000001      -0.000001       0.000002       0.688104
   39     AR    Py       0.687793       0.003082      -0.656419      -0.207272      -0.000000
   40     AR    Pz       0.003108      -0.687845      -0.207232       0.656376      -0.000003
   41     AR    Px       0.000000       0.000000      -0.000000       0.000000       0.132345
   42     AR    Py       0.132286       0.000593      -0.126251      -0.039865      -0.000000
   43     AR    Pz       0.000598      -0.132296      -0.039858       0.126243      -0.000000
   44     AR    Px       0.000000       0.000000      -0.000000       0.000000       0.029712
   45     AR    Py       0.029699       0.000133      -0.028344      -0.008950      -0.000000
   46     AR    Pz       0.000134      -0.029701      -0.008948       0.028342      -0.000000
   47     AR    Px      -0.000000      -0.000000       0.000000      -0.000000      -0.002892
   48     AR    Py      -0.002891      -0.000013       0.002759       0.000871       0.000000
   49     AR    Pz      -0.000013       0.002891       0.000871      -0.002759       0.000000
   50     AR    Px       0.000000       0.000000      -0.000000       0.000000       0.001389
   51     AR    Py       0.001389       0.000006      -0.001325      -0.000418      -0.000000
   52     AR    Pz       0.000006      -0.001389      -0.000418       0.001325      -0.000000
   53     AR     S       0.000000       0.000000       0.000000      -0.000000      -0.000000
   54     AR    Px      -0.000000      -0.000000       0.000000      -0.000000      -0.000490
   55     AR    Py      -0.000490      -0.000002       0.000468       0.000148       0.000000
   56     AR    Pz      -0.000002       0.000490       0.000148      -0.000468       0.000000
   57     AR   Dxx       0.000000       0.000000       0.000000      -0.000000      -0.000000
   58     AR   Dxy       0.000000       0.000000      -0.000000      -0.000000       0.000000
   59     AR   Dxz       0.000000      -0.000000      -0.000000       0.000000      -0.000000
   60     AR   Dyy       0.000000       0.000000       0.000000      -0.000000      -0.000000
   61     AR   Dyz       0.000000       0.000000      -0.000000       0.000000      -0.000000
   62     AR   Dzz       0.000000       0.000000       0.000000      -0.000000      -0.000000
 
                          -1.2774        -1.2774        -0.5914        -0.5914        -0.5914   
 
    1     AR     S       0.027246       0.027244       0.000000      -0.000000      -0.000000
    2     AR     S       0.079682       0.079676       0.000000      -0.000000       0.000000
    3     AR     S      -0.167713      -0.167701       0.000000       0.000000      -0.000000
    4     AR     S      -0.295036      -0.295014      -0.000000      -0.000000      -0.000000
    5     AR     S       0.467175       0.467140      -0.000000       0.000000       0.000000
    6     AR     S       0.389980       0.389951       0.000000       0.000000      -0.000000
    7     AR    Px       0.000000      -0.000000       0.201348       0.000000      -0.000000
    8     AR    Py       0.000000      -0.000000       0.000000      -0.201309      -0.004176
    9     AR    Pz       0.000000      -0.000000       0.000000      -0.004176       0.201310
   10     AR    Px       0.000000      -0.000000       0.028777       0.000000      -0.000000
   11     AR    Py       0.000000      -0.000000       0.000000      -0.028771      -0.000597
   12     AR    Pz       0.000000       0.000000       0.000000      -0.000597       0.028772
   13     AR    Px      -0.000000       0.000000      -0.227304      -0.000000       0.000000
   14     AR    Py      -0.000000       0.000000      -0.000000       0.227261       0.004714
   15     AR    Pz      -0.000000       0.000000      -0.000000       0.004714      -0.227261
   16     AR    Px       0.000000      -0.000000      -0.392925      -0.000000       0.000000
   17     AR    Py       0.000000      -0.000000      -0.000000       0.392850       0.008149
   18     AR    Pz       0.000000       0.000000      -0.000000       0.008149      -0.392852
   19     AR    Px      -0.000000       0.000000      -0.199495      -0.000000       0.000000
   20     AR    Py       0.000000       0.000000      -0.000000       0.199458       0.004137
   21     AR    Pz       0.000000       0.000000      -0.000000       0.004137      -0.199459
   22     AR     S       0.008542       0.008541      -0.000000       0.000000       0.000000
   23     AR    Px       0.000000      -0.000000      -0.005975      -0.000000       0.000000
   24     AR    Py      -0.000000      -0.000000      -0.000000       0.005973       0.000124
   25     AR    Pz      -0.000000      -0.000000      -0.000000       0.000124      -0.005973
   26     AR   Dxx      -0.001259      -0.001258      -0.000000      -0.000000      -0.000000
   27     AR   Dxy       0.000000       0.000000       0.000000      -0.000000      -0.000000
   28     AR   Dxz       0.000000      -0.000000       0.000000      -0.000000       0.000000
   29     AR   Dyy      -0.001259      -0.001258      -0.000000      -0.000000      -0.000000
   30     AR   Dyz       0.000000       0.000000       0.000000      -0.000000       0.000000
   31     AR   Dzz      -0.001259      -0.001258      -0.000000      -0.000000      -0.000000
   32     AR     S      -0.027244       0.027246       0.000000       0.000000      -0.000000
   33     AR     S      -0.079676       0.079682       0.000000       0.000000      -0.000000
   34     AR     S       0.167701      -0.167713       0.000000       0.000000      -0.000000
   35     AR     S       0.295014      -0.295036      -0.000000      -0.000000       0.000000
   36     AR     S      -0.467140       0.467175      -0.000000       0.000000      -0.000000
   37     AR     S      -0.389951       0.389980       0.000000       0.000000      -0.000000
   38     AR    Px       0.000000       0.000000      -0.201347      -0.000000       0.000000
   39     AR    Py       0.000000       0.000000       0.000000      -0.201299      -0.004176
   40     AR    Pz      -0.000000      -0.000000       0.000000      -0.004175       0.201298
   41     AR    Px       0.000000       0.000000      -0.028777      -0.000000       0.000000
   42     AR    Py      -0.000000       0.000000       0.000000      -0.028770      -0.000597
   43     AR    Pz      -0.000000      -0.000000       0.000000      -0.000597       0.028770
   44     AR    Px      -0.000000      -0.000000       0.227303       0.000000      -0.000000
   45     AR    Py      -0.000000      -0.000000      -0.000000       0.227249       0.004714
   46     AR    Pz       0.000000       0.000000      -0.000000       0.004714      -0.227248
   47     AR    Px       0.000000       0.000000       0.392925       0.000000      -0.000000
   48     AR    Py      -0.000000       0.000000      -0.000000       0.392830       0.008149
   49     AR    Pz       0.000000      -0.000000      -0.000000       0.008148      -0.392829
   50     AR    Px      -0.000000      -0.000000       0.199495       0.000000      -0.000000
   51     AR    Py       0.000000      -0.000000      -0.000000       0.199448       0.004137
   52     AR    Pz       0.000000       0.000000      -0.000000       0.004137      -0.199447
   53     AR     S      -0.008541       0.008541      -0.000000      -0.000000       0.000000
   54     AR    Px       0.000000       0.000000       0.005975       0.000000      -0.000000
   55     AR    Py      -0.000000       0.000000      -0.000000       0.005973       0.000124
   56     AR    Pz      -0.000000       0.000000      -0.000000       0.000124      -0.005973
   57     AR   Dxx       0.001258      -0.001259      -0.000000      -0.000000       0.000000
   58     AR   Dxy       0.000000      -0.000000      -0.000000       0.000000       0.000000
   59     AR   Dxz       0.000000      -0.000000      -0.000000       0.000000      -0.000000
   60     AR   Dyy       0.001258      -0.001259      -0.000000      -0.000000       0.000000
   61     AR   Dyz       0.000000      -0.000000      -0.000000      -0.000000       0.000000
   62     AR   Dzz       0.001258      -0.001259      -0.000000      -0.000000       0.000000
 
                          -0.5914        -0.5914        -0.5914   
 
    1     AR     S      -0.000000      -0.000000      -0.000000
    2     AR     S      -0.000000      -0.000000      -0.000000
    3     AR     S       0.000000       0.000000      -0.000000
    4     AR     S       0.000000      -0.000000       0.000000
    5     AR     S      -0.000000       0.000000      -0.000000
    6     AR     S      -0.000000      -0.000000      -0.000000
    7     AR    Px       0.000000      -0.000000       0.201347
    8     AR    Py       0.199572       0.026642       0.000000
    9     AR    Pz       0.026642      -0.199571      -0.000000
   10     AR    Px       0.000000      -0.000000       0.028777
   11     AR    Py       0.028523       0.003808       0.000000
   12     AR    Pz       0.003808      -0.028523      -0.000000
   13     AR    Px      -0.000000       0.000000      -0.227304
   14     AR    Py      -0.225299      -0.030077      -0.000000
   15     AR    Pz      -0.030077       0.225298       0.000000
   16     AR    Px      -0.000000       0.000000      -0.392924
   17     AR    Py      -0.389459      -0.051992      -0.000000
   18     AR    Pz      -0.051991       0.389458       0.000000
   19     AR    Px      -0.000000       0.000000      -0.199496
   20     AR    Py      -0.197736      -0.026397      -0.000000
   21     AR    Pz      -0.026397       0.197736       0.000000
   22     AR     S       0.000000       0.000000       0.000000
   23     AR    Px      -0.000000       0.000000      -0.005973
   24     AR    Py      -0.005921      -0.000790      -0.000000
   25     AR    Pz      -0.000790       0.005921       0.000000
   26     AR   Dxx       0.000000      -0.000000       0.000000
   27     AR   Dxy       0.000000       0.000000       0.000000
   28     AR   Dxz       0.000000      -0.000000       0.000000
   29     AR   Dyy      -0.000000      -0.000000       0.000000
   30     AR   Dyz       0.000000      -0.000000      -0.000000
   31     AR   Dzz       0.000000       0.000000       0.000000
   32     AR     S       0.000000      -0.000000       0.000000
   33     AR     S       0.000000       0.000000       0.000000
   34     AR     S       0.000000      -0.000000       0.000000
   35     AR     S      -0.000000       0.000000      -0.000000
   36     AR     S       0.000000       0.000000       0.000000
   37     AR     S       0.000000      -0.000000       0.000000
   38     AR    Px       0.000000      -0.000000       0.201348
   39     AR    Py      -0.199582      -0.026644       0.000000
   40     AR    Pz      -0.026644       0.199583       0.000000
   41     AR    Px       0.000000      -0.000000       0.028777
   42     AR    Py      -0.028525      -0.003808       0.000000
   43     AR    Pz      -0.003808       0.028525       0.000000
   44     AR    Px      -0.000000       0.000000      -0.227304
   45     AR    Py       0.225311       0.030078      -0.000000
   46     AR    Pz       0.030079      -0.225311      -0.000000
   47     AR    Px      -0.000000       0.000000      -0.392925
   48     AR    Py       0.389479       0.051994      -0.000000
   49     AR    Pz       0.051995      -0.389481      -0.000000
   50     AR    Px      -0.000000       0.000000      -0.199497
   51     AR    Py       0.197747       0.026399      -0.000000
   52     AR    Pz       0.026399      -0.197747      -0.000000
   53     AR     S      -0.000000       0.000000      -0.000000
   54     AR    Px      -0.000000       0.000000      -0.005973
   55     AR    Py       0.005921       0.000791      -0.000000
   56     AR    Pz       0.000791      -0.005922      -0.000000
   57     AR   Dxx      -0.000000       0.000000      -0.000000
   58     AR   Dxy       0.000000       0.000000       0.000000
   59     AR   Dxz       0.000000      -0.000000       0.000000
   60     AR   Dyy      -0.000000       0.000000      -0.000000
   61     AR   Dyz      -0.000000      -0.000000       0.000000
   62     AR   Dzz      -0.000000       0.000000      -0.000000
 
 
  Occupied Eigenvectors for: POSITRON
 --------------------------- 
 
                           0.0001   
 
    1     E+     S      -3.414198
    2     E+     S       0.065441
    3     E+     S       0.121796
    4     E+     S      -0.016996
    5     E+     S       0.010910
    6     E+     S       0.000703
    7     E+     S       0.001555
    8     E+     S      -0.001373
    9     E+     S      -0.001298
   10     E+     S       0.000161
   11     E+    Px      12.541888
   12     E+    Py      -0.000000
   13     E+    Pz      -0.000000
   14     E+    Px       0.700452
   15     E+    Py       0.000000
   16     E+    Pz       0.000000
   17     E+    Px      -0.006839
   18     E+    Py      -0.000000
   19     E+    Pz      -0.000000
   20     E+    Px       0.001436
   21     E+    Py       0.000000
   22     E+    Pz       0.000000
   23     E+   Dxx       2.556079
   24     E+   Dxy      -0.000000
   25     E+   Dxz      -0.000000
   26     E+   Dyy       0.367374
   27     E+   Dyz       0.000000
   28     E+   Dzz       0.367374
   29     E+   Dxx       0.414156
   30     E+   Dxy       0.000000
   31     E+   Dxz       0.000000
   32     E+   Dyy       0.177535
   33     E+   Dyz      -0.000000
   34     E+   Dzz       0.177535
   35     E+     S      -3.414198
   36     E+     S       0.065441
   37     E+     S       0.121796
   38     E+     S      -0.016996
   39     E+     S       0.010910
   40     E+     S       0.000703
   41     E+     S       0.001555
   42     E+     S      -0.001373
   43     E+     S      -0.001298
   44     E+     S       0.000161
   45     E+    Px     -12.541888
   46     E+    Py       0.000000
   47     E+    Pz       0.000000
   48     E+    Px      -0.700452
   49     E+    Py      -0.000000
   50     E+    Pz      -0.000000
   51     E+    Px       0.006839
   52     E+    Py       0.000000
   53     E+    Pz       0.000000
   54     E+    Px      -0.001436
   55     E+    Py      -0.000000
   56     E+    Pz      -0.000000
   57     E+   Dxx       2.556079
   58     E+   Dxy      -0.000000
   59     E+   Dxz      -0.000000
   60     E+   Dyy       0.367374
   61     E+   Dyz      -0.000000
   62     E+   Dzz       0.367374
   63     E+   Dxx       0.414156
   64     E+   Dxy       0.000000
   65     E+   Dxz       0.000000
   66     E+   Dyy       0.177535
   67     E+   Dyz       0.000000
   68     E+   Dzz       0.177535
 
 
  end of eigenvectors 
 
  END OF EIGENVALUES AND EIGENVECTORS
 
 
  COMPONENTS OF KINETIC ENERGY: 
 -----------------------------
 
                  E- Kinetic energy =         1053.595735161862
            POSITRON Kinetic energy =            0.000084135610
                                     _________________________
               Total kinetic energy =         1053.595819297471
 
  COMPONENTS OF POTENTIAL ENERGY: 
 -------------------------------
 
          Fixed potential energy    =           16.363636363636
 
  Quantum/Fixed interaction energy: 
 ----------------------------------
 
          E-/Fixed interact. energy =        -2542.742613755013
    POSITRON/Fixed interact. energy =            0.378088270448
                                     _________________________
               Total Q/Fixed energy =        -2542.364525484566
 
  Coulomb energy: 
 ------------------
 
               E-/E- Hartree energy =          479.534888126656
   POSITRON/POSITRON Hartree energy =            0.000000000000
         E-/POSITRON Hartree energy =           -0.378076383552
                                     _________________________
               Total Hartree energy =          479.156811743104
 
  Exchange(HF) energy: 
 ----------------------
 
                 E- Exchange energy =          -60.365752269772
           POSITRON Exchange energy =            0.000000000000
                                     _________________________
              Total Exchange energy =          -60.365752269772
 
  External Potential energy: 
 ----------------------------
 
                  E- Ext Pot energy =            0.000000000000
            POSITRON Ext Pot energy =           -0.000029371000
                                     _________________________
    Total External Potential energy =           -0.000029371000
 
  TOTAL ENERGY COMPONENTS: 
 ==========================
 
          TOTAL KINETIC ENERGY      =         1053.595819297471
          TOTAL POTENTIAL ENERGY    =        -2107.209859018598
                                     _________________________
                       TOTAL ENERGY =        -1053.614039721127
 
                 VIRIAL RATIO (V/T) =            2.000017293561
 
 
  END ENERGY COMPONENTS
 
 
** TOTAL CPU Time SCF :      1.112 (s)
** TOTAL Elapsed Time SCF :      0.426 (s)
 
 We are calculating properties for E- in the HF/KS ground state
 We are calculating properties for POSITRON in the HF/KS ground state
 
  POPULATION ANALYSES: 
 ====================
 
 MULLIKEN Population: for E-        
 ---------------------
 
                                    
 
    1     AR     S       0.777155
    2     AR     S       1.187471
    3     AR     S       0.957554
    4     AR     S       1.016967
    5     AR     S       1.065414
    6     AR     S       0.994040
    7     AR    Px       1.965968
    8     AR    Py       1.965968
    9     AR    Pz       1.965968
   10     AR    Px       0.024934
   11     AR    Py       0.024934
   12     AR    Pz       0.024934
   13     AR    Px       0.499839
   14     AR    Py       0.499839
   15     AR    Pz       0.499839
   16     AR    Px       1.061120
   17     AR    Py       1.061120
   18     AR    Pz       1.061120
   19     AR    Px       0.440275
   20     AR    Py       0.440275
   21     AR    Pz       0.440275
   22     AR     S       0.014997
   23     AR    Px       0.007864
   24     AR    Py       0.007864
   25     AR    Pz       0.007864
   26     AR   Dxx      -0.004532
   27     AR   Dxy       0.000000
   28     AR   Dxz       0.000000
   29     AR   Dyy      -0.004532
   30     AR   Dyz       0.000000
   31     AR   Dzz      -0.004532
   32     AR     S       0.777155
   33     AR     S       1.187471
   34     AR     S       0.957554
   35     AR     S       1.016967
   36     AR     S       1.065414
   37     AR     S       0.994040
   38     AR    Px       1.965968
   39     AR    Py       1.965968
   40     AR    Pz       1.965968
   41     AR    Px       0.024934
   42     AR    Py       0.024934
   43     AR    Pz       0.024934
   44     AR    Px       0.499839
   45     AR    Py       0.499839
   46     AR    Pz       0.499839
   47     AR    Px       1.061120
   48     AR    Py       1.061120
   49     AR    Pz       1.061120
   50     AR    Px       0.440275
   51     AR    Py       0.440275
   52     AR    Pz       0.440275
   53     AR     S       0.014997
   54     AR    Px       0.007864
   55     AR    Py       0.007864
   56     AR    Pz       0.007864
   57     AR   Dxx      -0.004532
   58     AR   Dxy       0.000000
   59     AR   Dxz       0.000000
   60     AR   Dyy      -0.004532
   61     AR   Dyz       0.000000
   62     AR   Dzz      -0.004532
 
                           __________
              Total =       36.000000
 
  Atomic MULLIKEN Population: for E-        
            AR              18.000000
            AR              18.000000
 
 ...end of MULLIKEN Population
 
 
 END POPULATION ANALYSES 
 
 
  POPULATION ANALYSES: 
 ====================
 
 LOWDIN Population: for E-        
 ---------------------
 
                                    
 
    1     AR     S       0.903190
    2     AR     S       1.085074
    3     AR     S       0.953732
    4     AR     S       0.963035
    5     AR     S       0.544209
    6     AR     S       0.563780
    7     AR    Px       1.884791
    8     AR    Py       1.884791
    9     AR    Pz       1.884791
   10     AR    Px       0.100697
   11     AR    Py       0.100697
   12     AR    Pz       0.100697
   13     AR    Px       0.548813
   14     AR    Py       0.548813
   15     AR    Pz       0.548813
   16     AR    Px       0.936024
   17     AR    Py       0.936024
   18     AR    Pz       0.936024
   19     AR    Px       0.452266
   20     AR    Py       0.452266
   21     AR    Pz       0.452266
   22     AR     S       0.148257
   23     AR    Px       0.077408
   24     AR    Py       0.077408
   25     AR    Pz       0.077408
   26     AR   Dxx       0.279574
   27     AR   Dxy       0.000000
   28     AR   Dxz       0.000000
   29     AR   Dyy       0.279574
   30     AR   Dyz       0.000000
   31     AR   Dzz       0.279574
   32     AR     S       0.903190
   33     AR     S       1.085074
   34     AR     S       0.953732
   35     AR     S       0.963035
   36     AR     S       0.544209
   37     AR     S       0.563780
   38     AR    Px       1.884791
   39     AR    Py       1.884791
   40     AR    Pz       1.884791
   41     AR    Px       0.100697
   42     AR    Py       0.100697
   43     AR    Pz       0.100697
   44     AR    Px       0.548813
   45     AR    Py       0.548813
   46     AR    Pz       0.548813
   47     AR    Px       0.936024
   48     AR    Py       0.936024
   49     AR    Pz       0.936024
   50     AR    Px       0.452266
   51     AR    Py       0.452266
   52     AR    Pz       0.452266
   53     AR     S       0.148257
   54     AR    Px       0.077408
   55     AR    Py       0.077408
   56     AR    Pz       0.077408
   57     AR   Dxx       0.279574
   58     AR   Dxy       0.000000
   59     AR   Dxz       0.000000
   60     AR   Dyy       0.279574
   61     AR   Dyz       0.000000
   62     AR   Dzz       0.279574
 
                           __________
              Total =       36.000000
 
  Atomic LOWDIN Population: for E-        
            AR              18.000000
            AR              18.000000
 
 ...end of LOWDIN Population
 
 
 END POPULATION ANALYSES 
 
 
  POPULATION ANALYSES: 
 ====================
 
 MULLIKEN Population: for POSITRON  
 ---------------------
 
                                    
 
    1     E+     S      -2.936408
    2     E+     S       0.034163
    3     E+     S       0.034147
    4     E+     S      -0.002491
    5     E+     S       0.000815
    6     E+     S       0.000026
    7     E+     S       0.000027
    8     E+     S      -0.000009
    9     E+     S      -0.000003
   10     E+     S       0.000000
   11     E+    Px       0.580472
   12     E+    Py      -0.000000
   13     E+    Pz      -0.000000
   14     E+    Px       0.017789
   15     E+    Py      -0.000000
   16     E+    Pz       0.000000
   17     E+    Px      -0.000119
   18     E+    Py       0.000000
   19     E+    Pz      -0.000000
   20     E+    Px       0.000018
   21     E+    Py      -0.000000
   22     E+    Pz       0.000000
   23     E+   Dxx       1.852277
   24     E+   Dxy       0.000000
   25     E+   Dxz       0.000000
   26     E+   Dyy       0.260819
   27     E+   Dyz      -0.000000
   28     E+   Dzz       0.260819
   29     E+   Dxx       0.214987
   30     E+   Dxy      -0.000000
   31     E+   Dxz      -0.000000
   32     E+   Dyy       0.091336
   33     E+   Dyz       0.000000
   34     E+   Dzz       0.091336
   35     E+     S      -2.936408
   36     E+     S       0.034163
   37     E+     S       0.034147
   38     E+     S      -0.002491
   39     E+     S       0.000815
   40     E+     S       0.000026
   41     E+     S       0.000027
   42     E+     S      -0.000009
   43     E+     S      -0.000003
   44     E+     S       0.000000
   45     E+    Px       0.580472
   46     E+    Py      -0.000000
   47     E+    Pz      -0.000000
   48     E+    Px       0.017789
   49     E+    Py      -0.000000
   50     E+    Pz       0.000000
   51     E+    Px      -0.000119
   52     E+    Py      -0.000000
   53     E+    Pz      -0.000000
   54     E+    Px       0.000018
   55     E+    Py      -0.000000
   56     E+    Pz      -0.000000
   57     E+   Dxx       1.852277
   58     E+   Dxy       0.000000
   59     E+   Dxz       0.000000
   60     E+   Dyy       0.260819
   61     E+   Dyz       0.000000
   62     E+   Dzz       0.260819
   63     E+   Dxx       0.214987
   64     E+   Dxy       0.000000
   65     E+   Dxz      -0.000000
   66     E+   Dyy       0.091336
   67     E+   Dyz      -0.000000
   68     E+   Dzz       0.091336
 
                           __________
              Total =        1.000000
 
  Atomic MULLIKEN Population: for POSITRON  
            AR               0.500000
            AR               0.500000
 
 ...end of MULLIKEN Population
 
 
 END POPULATION ANALYSES 
 
 
  POPULATION ANALYSES: 
 ====================
 
 LOWDIN Population: for POSITRON  
 ---------------------
 
                                    
 
    1     E+     S       0.045436
    2     E+     S       0.030228
    3     E+     S       0.006293
    4     E+     S       0.001365
    5     E+     S       0.000323
    6     E+     S       0.000092
    7     E+     S       0.000013
    8     E+     S       0.000000
    9     E+     S       0.000001
   10     E+     S       0.000000
   11     E+    Px       0.000004
   12     E+    Py       0.000000
   13     E+    Pz       0.000000
   14     E+    Px       0.000576
   15     E+    Py       0.000000
   16     E+    Pz      -0.000000
   17     E+    Px       0.000001
   18     E+    Py       0.000000
   19     E+    Pz       0.000000
   20     E+    Px       0.000010
   21     E+    Py       0.000000
   22     E+    Pz       0.000000
   23     E+   Dxx       0.126918
   24     E+   Dxy       0.000000
   25     E+   Dxz       0.000000
   26     E+   Dyy       0.118281
   27     E+   Dyz       0.000000
   28     E+   Dzz       0.118281
   29     E+   Dxx       0.017790
   30     E+   Dxy       0.000000
   31     E+   Dxz       0.000000
   32     E+   Dyy       0.017194
   33     E+   Dyz       0.000000
   34     E+   Dzz       0.017194
   35     E+     S       0.045436
   36     E+     S       0.030228
   37     E+     S       0.006293
   38     E+     S       0.001365
   39     E+     S       0.000323
   40     E+     S       0.000092
   41     E+     S       0.000013
   42     E+     S       0.000000
   43     E+     S       0.000001
   44     E+     S       0.000000
   45     E+    Px       0.000004
   46     E+    Py       0.000000
   47     E+    Pz       0.000000
   48     E+    Px       0.000576
   49     E+    Py       0.000000
   50     E+    Pz      -0.000000
   51     E+    Px       0.000001
   52     E+    Py       0.000000
   53     E+    Pz       0.000000
   54     E+    Px       0.000010
   55     E+    Py       0.000000
   56     E+    Pz       0.000000
   57     E+   Dxx       0.126918
   58     E+   Dxy       0.000000
   59     E+   Dxz       0.000000
   60     E+   Dyy       0.118281
   61     E+   Dyz       0.000000
   62     E+   Dzz       0.118281
   63     E+   Dxx       0.017790
   64     E+   Dxy       0.000000
   65     E+   Dxz       0.000000
   66     E+   Dyy       0.017194
   67     E+   Dyz       0.000000
   68     E+   Dzz       0.017194
 
                           __________
              Total =        1.000000
 
  Atomic LOWDIN Population: for POSITRON  
            AR               0.500000
            AR               0.500000
 
 ...end of LOWDIN Population
 
 
 END POPULATION ANALYSES 
 
 
  EXPECTED POSITIONS OF QUANTUM SPECIES:
 ======================
 
 POSITIONS IN ANGSTROMS
 ------
 
                        <x>      <y>      <z>         
                 E- 188.5988   0.0000  -0.0000
           POSITRON   5.2389   0.0000   0.0000
 
 END EXPECTED POSITIONS
 
 
  ELECTROSTATIC MOMENTS:
 ======================
 
 
 DIPOLE: (A.U.)
 ------
 
                           <Dx>         <Dy>         <Dz>          |D|
                 E--356.40000000  -0.00000000   0.00000000
           POSITRON   9.90000000   0.00000000   0.00000000
    Point charges:  356.40000000   0.00000000   0.00000000
                     ____________________________
      Total Dipole:   9.90000000   0.00000000   0.00000000   9.90000000
 
 DIPOLE: (DEBYE)
 ------
 
                           <Dx>         <Dy>         <Dz>          |D|
                 E--905.87832413  -0.00000000   0.00000000
           POSITRON  25.16328679   0.00000000   0.00000000
    Point charges:  905.87832413   0.00000000   0.00000000
                     ____________________________
      Total Dipole:  25.16328679   0.00000000   0.00000000  25.16328679
 
 QUADRUPOLE NON-TRACELESS: (DEBYE ANGS)
 ------
 
                           <xx>         <yy>         <zz>         <xy>         <xz>         <yz>
                 E--9514.89217523  -23.36330777  -23.36330777    0.00000000    0.00000000    0.00000000
           POSITRON************** 7525.17038469 7525.17038456   -0.00000002   -0.00000001   -0.00000000
    Point charges:  9491.52887145    0.00000000    0.00000000    0.00000000    0.00000000    0.00000000
  Total Quadrupole:************** 7501.80707692 7501.80707679   -0.00000002   -0.00000001   -0.00000000
                     ____________________________
 
 END ELECTROSTATIC MOMENTS
 

  TOTAL CPU Time:      0.262 (s)
 TOTAL Wall Time:      0.479 (s)
  Elapsed Time:   0h  0m  0s 479ms
LOWDIN execution terminated normally at : Wed Nov 27 15:44:42 2024
-rw-rw-r-- 1 pohl pohl 704K nov 27 15:44 0E-.ints
-rw-rw-r-- 1 pohl pohl 3.5M nov 27 15:44 0E-.POSITRON.ints
-rw-rw-r-- 1 pohl pohl 2.1M nov 27 15:44 0POSITRON.ints
-rw-rw-r-- 1 pohl pohl 704K nov 27 15:44 1E-.ints
-rw-rw-r-- 1 pohl pohl 3.5M nov 27 15:44 1E-.POSITRON.ints
-rw-rw-r-- 1 pohl pohl 2.1M nov 27 15:44 1POSITRON.ints
-rw-rw-r-- 1 pohl pohl 704K nov 27 15:44 2E-.ints
-rw-rw-r-- 1 pohl pohl 3.5M nov 27 15:44 2E-.POSITRON.ints
-rw-rw-r-- 1 pohl pohl 2.1M nov 27 15:44 2POSITRON.ints
-rw-rw-r-- 1 pohl pohl 704K nov 27 15:44 3E-.ints
-rw-rw-r-- 1 pohl pohl 3.5M nov 27 15:44 3E-.POSITRON.ints
-rw-rw-r-- 1 pohl pohl 2.1M nov 27 15:44 3POSITRON.ints
-rw-rw-r-- 1 pohl pohl   12 nov 27 15:44 E-.POSITRON.nints
-rw-rw-r-- 1 pohl pohl   64 nov 27 15:44 gepol.inp
-rw-rw-r-- 1 pohl pohl   91 nov 27 15:44 gepol.xyzr
-rw-rw-r-- 1 pohl pohl  12K nov 27 15:44 lowdin.bas
-rw-rw-r-- 1 pohl pohl  16K nov 27 15:44 lowdin.dat
-rw-rw-r-- 1 pohl pohl 867K nov 27 15:44 lowdin.opints
-rw-rw-r-- 1 pohl pohl  32K nov 27 15:44 lowdin.sys
-rw-rw-r-- 1 pohl pohl 865K nov 27 15:44 lowdin.wfn
-rw-rw-r-- 1 pohl pohl  497 nov 27 15:44 usual_90
-rw-rw-r-- 1 pohl pohl 1.8K nov 27 15:44 usual_90.aux
-rw-rw-r-- 1 pohl pohl  502 nov 27 15:44 usual_90.lowdin
-rw-rw-r-- 1 pohl pohl  65K nov 27 15:44 usual_90.out
-rw-rw-r-- 1 pohl pohl  68K nov 27 15:44 usual_90.vec
