Begin job by input: usual_148.lowdin, for user:   at  mié 27 nov 2024 15:45:17 -05
under operating system Linux helios 5.19.0-46-generic #47-Ubuntu SMP PREEMPT_DYNAMIC Fri Jun 16 13:30:11 UTC 2023 x86_64 x86_64 x86_64 GNU/Linux
Compilation information
  commit: f31d3924f6ee2ce9d77f07edcc1ba27359319d14
  compilation date:  mar 17 sep 2024 16:16:17 -05

BEGIN INPUT INFO:
------------------------------------

GEOMETRY
	Ar	Dirac	0.0 0.0 0.0
	e-(Ar)	6-311++G.d.p 0.0 0.0 0.0
	E+	GRIBAKIN-10S4P2D 0.0 0.0 0.0
	Ar	Dirac	31.4 0.0 0.0
	e-(Ar)	6-311++G.d.p	31.4 0.0 0.0
	E+	GRIBAKIN-10S4P2D 31.4 0.0 0.0 addParticles=-1 
END GEOMETRY

TASKS
        method = "RHF"
END TASKS

EXTERPOTENTIAL
	E- GRIBAKIN0
	E+ AR148
END EXTERPOTENTIAL

CONTROL
	units="BOHRS"
	readCoefficients=F
	convergenceMethod=1
	overlapEigenThreshold=1E-6
	SCFGhostSpecies="POSITRON"
	HFprintEigenvalues=T
	totalEnergyTolerance = 1E-9
END CONTROL


... END INPUT INFO


 LOWDIN execution started at : Wed Nov 27 15:45:17 2024
 ---------------------------------------------------------------
 
 ***************************************************************
 *                   LOWDIN 2.0  (May/2013)                    *
 *                                                             *
 *  R. FLORES-MORENO, E. F. POSADA, F. S. MONCADA, J.ROMERO,   *
 *  J. CHARRY, M. DIAZ-TINOCO, S. A. GONZALEZ, N. F. AGUIRRE,  *
 *  A. REYES                                                   *
 *                                                             *
 *  https://sites.google.com/site/lowdinproject/               *
 *                                                             *
 ***************************************************************
 
 PARSING INPUT... DONE!
 
 LOWDIN IS RUNNING WITH NEXT PARAMETERS: 
 ----------------------------------------
 
         METHOD TYPE:  RHF
         NUMBER OF CORES:     4
         NONELECTRONIC DENSITY GUESS: HCORE
         ELECTRONIC DENSITY GUESS: HCORE
         CRITERIUM OF CONVERGENCE: ENERGY
         NONELECTRONIC ENERGY TOLERANCE IN SCFs:     0.10000E-07
         ELECTRONIC ENERGY TOLERANCE IN SCFs:     0.10000E-07
         TOTAL ENERGY TOLERANCE IN SCFs:     0.10000E-08
         SCHEME OF ITERATION: GLOBAL ITERATIONS
         SCF MAX. SUBITERATIONS - NONELECTRONS :     1
         SCF MAX. SUBITERATIONS - ELECTRONS :     1
         SCF MAX. ITERATIONS - INTERSPECIES :   200
         INTEGRAL STORAGE: DISK
         STACK SIZE FOR ERIS : 30000
         METHOD OF SCF CONVERGENCE: DAMPING
 
  MOLECULAR SYSTEM: usual_148
 -----------------
 
    DESCRIPTION   : usual_148
    CHARGE        :   2
    PUNTUAL GROUP : NONE
 
 
  INFORMATION OF PARTICLES :
 =========================
         Total number of particles   =      39
         Number of quantum particles =      37
         Number of puntual charges   =       2
         Number of quantum species   =       2
 
                 INFORMATION OF QUANTUM SPECIES 
    ----------------------------------------------------------------------
         ID      Symbol            mass     charge      omega     spin     multiplicity
    ----------------------------------------------------------------------
         1             E-         1.0000     -1.00      0.00      0.50      1.00
         2             E+         1.0000      1.00      0.00      0.50      1.00
 
                   CONSTANTS OF COUPLING 
      ------------------------------------------------------------
              Symbol      kappa        eta     lambda occupation
      ------------------------------------------------------------
                  E-      -1.00       2.00       2.00      18.00
                  E+      -1.00       1.00       1.00       1.00
 
                   BASIS SET FOR SPECIES 
      ------------------------------------------------------------
           Symbol          N. Basis     N. Particles     Basis Set
      ------------------------------------------------------------
                 E-           28               36     6-311++G.D
                 E+           32                1     GRIBAKIN-1
 
                                ATOMIC BASIS
         ------------------------------------------------------------
          PRIMITIVE   SHELL             EXPONENT         COEFFICIENT 
         ------------------------------------------------------------
 
    BEGIN DESCRIPTION OF BASIS FOR:    E-
    ==============================
 
 
            AR BASIS SET:   6-311++G.D.P
             1         S           118022.38000000          0.00074700
             2         S            17683.54100000          0.00579000
             3         S             4027.76570000          0.02991900
             4         S             1145.39770000          0.11920600
             5         S              377.16375000          0.36902800
             6         S              138.15969000          0.57645900
             1         S              138.15969000          0.14392700
             2         S               54.98911700          0.62293800
             3         S               23.17066700          0.28396400
             1         S                7.37786000          1.00000000
             1         S                2.92368800          1.00000000
             1         S                0.65040500          1.00000000
             1         S                0.23282500          1.00000000
             1         P              663.06201000          0.00308200
             2         P              157.09281000          0.02416500
             3         P               50.23110000          0.10822300
             4         P               18.63534500          0.29419200
             5         P                7.44653700          0.68786200
             1         P                7.44653700         -0.12144820
             2         P                3.09569800          0.16323700
             1         P                1.10646300          1.00000000
             1         P                0.41560100          1.00000000
             1         P                0.14544900          1.00000000
             1         S                0.06000000          1.00000000
             1         P                0.06000000          1.00000000
             1         D                0.85000000          1.00000000
 
            AR BASIS SET:   6-311++G.D.P
             1         S           118022.38000000          0.00074700
             2         S            17683.54100000          0.00579000
             3         S             4027.76570000          0.02991900
             4         S             1145.39770000          0.11920600
             5         S              377.16375000          0.36902800
             6         S              138.15969000          0.57645900
             1         S              138.15969000          0.14392700
             2         S               54.98911700          0.62293800
             3         S               23.17066700          0.28396400
             1         S                7.37786000          1.00000000
             1         S                2.92368800          1.00000000
             1         S                0.65040500          1.00000000
             1         S                0.23282500          1.00000000
             1         P              663.06201000          0.00308200
             2         P              157.09281000          0.02416500
             3         P               50.23110000          0.10822300
             4         P               18.63534500          0.29419200
             5         P                7.44653700          0.68786200
             1         P                7.44653700         -0.12144820
             2         P                3.09569800          0.16323700
             1         P                1.10646300          1.00000000
             1         P                0.41560100          1.00000000
             1         P                0.14544900          1.00000000
             1         S                0.06000000          1.00000000
             1         P                0.06000000          1.00000000
             1         D                0.85000000          1.00000000
    ... END DESCRIPTION OF BASIS
 
 
    BEGIN DESCRIPTION OF BASIS FOR:    E+
    ==============================
 
 
            E+ BASIS SET:GRIBAKIN-10S4P2
             1         S                0.00010000          1.00000000
             1         S                0.00030000          1.00000000
             1         S                0.00090000          1.00000000
             1         S                0.00270000          1.00000000
             1         S                0.00810000          1.00000000
             1         S                0.02430000          1.00000000
             1         S                0.07290000          1.00000000
             1         S                0.21870000          1.00000000
             1         S                0.65610000          1.00000000
             1         S                1.96830000          1.00000000
             1         P                0.00010000          1.00000000
             1         P                0.00030000          1.00000000
             1         P                0.00090000          1.00000000
             1         P                0.00270000          1.00000000
             1         D                0.00010000          1.00000000
             1         D                0.00030000          1.00000000
 
            E+ BASIS SET:GRIBAKIN-10S4P2
             1         S                0.00010000          1.00000000
             1         S                0.00030000          1.00000000
             1         S                0.00090000          1.00000000
             1         S                0.00270000          1.00000000
             1         S                0.00810000          1.00000000
             1         S                0.02430000          1.00000000
             1         S                0.07290000          1.00000000
             1         S                0.21870000          1.00000000
             1         S                0.65610000          1.00000000
             1         S                1.96830000          1.00000000
             1         P                0.00010000          1.00000000
             1         P                0.00030000          1.00000000
             1         P                0.00090000          1.00000000
             1         P                0.00270000          1.00000000
             1         D                0.00010000          1.00000000
             1         D                0.00030000          1.00000000
    ... END DESCRIPTION OF BASIS
 
 
  END INFORMATION OF PARTICLES
 
 
  INFORMATION OF THE QUANTUM SYSTEM 
     ---------------------------------------------------------------------
                 ID     Occupied Orbitals     Basis size
     ---------------------------------------------------------------------
                 E-           18               62
                 E+            1               68
 
  END INFORMATION OF QUANTUM SYSTEM
 
 
  INFORMATION OF EXTERNAL POTENTIALS 
 
 =======
 External Potential for E- : GRIBAKIN0
 Type : 
                     Exponent         l       R_x       R_y       R_z              Factor
                 0.0010000000         0   0.00000   0.00000   0.00000        0.0000000000
 
 =======
 External Potential for E+ : AR148
 Type : 
                     Exponent         l       R_x       R_y       R_z              Factor
                 0.0010000000         0   0.00000   0.00000   0.00000        0.0000779688
                 0.0020000000         0   0.00000   0.00000   0.00000       -0.0004786853
                 0.0040000000         0   0.00000   0.00000   0.00000        0.0013189164
                 0.0080000000         0   0.00000   0.00000   0.00000       -0.0033441280
                 0.0160000000         0   0.00000   0.00000   0.00000        0.0050907505
                 0.0320000000         0   0.00000   0.00000   0.00000       -0.0151949101
                 0.0640000000         0   0.00000   0.00000   0.00000        0.0049422575
                 0.1280000000         0   0.00000   0.00000   0.00000       -0.1024675180
                 0.2560000000         0   0.00000   0.00000   0.00000       -0.1709080790
                 0.5120000000         0   0.00000   0.00000   0.00000       -1.1786523000
                 1.0000000000         0   0.00000   0.00000   0.00000       -3.9901484000
                 2.0000000000         0   0.00000   0.00000   0.00000      129.9336270000
                 3.0000000000         0   0.00000   0.00000   0.00000    -1317.9950900000
                 4.0000000000         0   0.00000   0.00000   0.00000     7976.3295300000
                 5.0000000000         0   0.00000   0.00000   0.00000   -30887.5711000000
                 6.0000000000         0   0.00000   0.00000   0.00000    78131.7910000000
                 7.0000000000         0   0.00000   0.00000   0.00000  -128444.4630000000
                 8.0000000000         0   0.00000   0.00000   0.00000   132337.9190000000
                 9.0000000000         0   0.00000   0.00000   0.00000   -77735.4212000000
                10.0000000000         0   0.00000   0.00000   0.00000    19907.5941000000
                20.0000000000         0   0.00000   0.00000   0.00000     -135.7052840000
                30.0000000000         0   0.00000   0.00000   0.00000       72.5910786000
                40.0000000000         0   0.00000   0.00000   0.00000      -41.7155821000
                50.0000000000         0   0.00000   0.00000   0.00000       12.4077673000
               100.0000000000         0   0.00000   0.00000   0.00000       -0.2471957670
                 0.0010000000         0  31.40000   0.00000   0.00000        0.0000779688
                 0.0020000000         0  31.40000   0.00000   0.00000       -0.0004786853
                 0.0040000000         0  31.40000   0.00000   0.00000        0.0013189164
                 0.0080000000         0  31.40000   0.00000   0.00000       -0.0033441280
                 0.0160000000         0  31.40000   0.00000   0.00000        0.0050907505
                 0.0320000000         0  31.40000   0.00000   0.00000       -0.0151949101
                 0.0640000000         0  31.40000   0.00000   0.00000        0.0049422575
                 0.1280000000         0  31.40000   0.00000   0.00000       -0.1024675180
                 0.2560000000         0  31.40000   0.00000   0.00000       -0.1709080790
                 0.5120000000         0  31.40000   0.00000   0.00000       -1.1786523000
                 1.0000000000         0  31.40000   0.00000   0.00000       -3.9901484000
                 2.0000000000         0  31.40000   0.00000   0.00000      129.9336270000
                 3.0000000000         0  31.40000   0.00000   0.00000    -1317.9950900000
                 4.0000000000         0  31.40000   0.00000   0.00000     7976.3295300000
                 5.0000000000         0  31.40000   0.00000   0.00000   -30887.5711000000
                 6.0000000000         0  31.40000   0.00000   0.00000    78131.7910000000
                 7.0000000000         0  31.40000   0.00000   0.00000  -128444.4630000000
                 8.0000000000         0  31.40000   0.00000   0.00000   132337.9190000000
                 9.0000000000         0  31.40000   0.00000   0.00000   -77735.4212000000
                10.0000000000         0  31.40000   0.00000   0.00000    19907.5941000000
                20.0000000000         0  31.40000   0.00000   0.00000     -135.7052840000
                30.0000000000         0  31.40000   0.00000   0.00000       72.5910786000
                40.0000000000         0  31.40000   0.00000   0.00000      -41.7155821000
                50.0000000000         0  31.40000   0.00000   0.00000       12.4077673000
               100.0000000000         0  31.40000   0.00000   0.00000       -0.2471957670
 
  END INFORMATION OF EXTERNAL POTENTIALS
 
                       INITIAL GEOMETRY: AMSTRONG
                 -----------------------------------
                       <x>                 <y>                 <z>
      E-AR        0.0000000000        0.0000000000        0.0000000000
      E-AR       16.6161656261        0.0000000000        0.0000000000
        E+        0.0000000000        0.0000000000        0.0000000000
        E+       16.6161656261        0.0000000000        0.0000000000
        AR        0.0000000000        0.0000000000        0.0000000000
        AR       16.6161656261        0.0000000000        0.0000000000
 
                     MATRIX OF DISTANCE: ANGSTROM
                 -----------------------------------
                          AR(1)          AR(2)     
 
        AR(1)            0.000000      16.616166
        AR(2)           16.616166       0.000000
 
--------------------------------------------------------------------------------
** PROGRAM: SCF (Hartree Fock).     Author: S.A. Gonzalez, E. Posada, F. Moncada
--------------------------------------------------------------------------------
INFO: RUNNING IN RHF MODE.
 
----------------------------------------------------------------------
** PROGRAM INTS                          Author: E. F. Posada, 2013   
----------------------------------------------------------------------
INFO: RUNNING IN ONE_PARTICLE MODE.
 
 Number of Overlap integrals for species E-:   3844
 Number of Overlap integrals for species POSITRON:   4624
 Number of Kinetic integrals for species E-:   3844
 Number of Kinetic integrals for species POSITRON:   4624
 Number of Nuclear integrals for species E-:   3844
 Number of Nuclear integrals for species POSITRON:   4624
 Number of Moment integrals for species E-:  11532
 Number of Moment integrals for species POSITRON:  13872
 Number of 3C Overlap integrals for species E-:   3844
 Number of 3C Overlap integrals for species POSITRON:   4624
 
** TOTAL CPU Time INTS :      0.409 (s)
** TOTAL Elapsed Time INTS :      0.169 (s)
 
Removed     2 orbitals for species POSITRON with overlap eigen threshold of 1.000E-06
       Usign  HCORE density guess for species:         E-
     number of         E-     particles in guess density matrix:    36.000000
       Usign  HCORE density guess for species:   POSITRON
     number of   POSITRON     particles in guess density matrix:     0.000000
 Warning!, density matrix with deviation from number of particles    1.000000
 Number of unique integrals for species: 1 = 99631
 Number of unique integrals for species: 2 = 305508
 Number of unique integrals for species: 1 / 2 = 557238 Screened: 74012
 
 TWO-BODY INTEGRAL SETUP: 
------------------------- 
 Storage:   DISK
 Scheme: LIBINT
 Stack size:  30000
 
 LIBINT library, Fermann, J. T.; Valeev, F. L. 2010                   
 LOWDIN-LIBINT Implementation V. 2.1  Posada E. F. ; Reyes A. 2016   
 ----------------------------------------------------------------------

*** TOTAL CPU time intra-species integrals :      0.467 (s)
*** TOTAL elapsed time intra-species integrals :      0.071 (s)


*** TOTAL CPU time inter-species integrals :      0.661 (s)
*** TOTAL elapsed time inter-species integrals :      0.132 (s)

INFO: RUNNING SCHEME SIMULTANEOUS
 
 Begin Multi-Species SCF calculation:
 
 --------------------------------------------------------------------------------------------------
      Iteration                   Energy            Energy Change           Density Change
 --------------------------------------------------------------------------------------------------
              1        -996.367878808311         996.367878808311           0.304157091314
              2       -1028.110521377245          31.742642568934           0.186062153749
              3       -1053.294847010425          25.184325633180           0.017400392933
              4       -1053.570146513792           0.275299503367           0.005953497290
              5       -1053.592976811794           0.022830298002           0.002429156978
              6       -1053.602795935000           0.009819123205           0.001964995009
              7       -1053.609272425866           0.006476490866           0.461214929927
              8       -1053.614039751273           0.004767325407           0.000188324470
              9       -1053.614039852712           0.000000101440           0.000023980877
             10       -1053.614039861892           0.000000009180           0.000011136303
             11       -1053.614039862228           0.000000000335           0.000001525069
 Total energy converged after  11 global iterations                                                  
 
 ...end Multi-Species SCF calculation
 
 
 Begin SCF calculation by: E-
 -------------------------
 
 -----------------------------------------------------------------------------------
 Iteration                   Energy           Density Change         DIIS Error 
 -----------------------------------------------------------------------------------
    1       -1123.839583061336           0.184396883904                 -- 
    2       -1070.099223658457           0.015937578637                 -- 
    3       -1062.198490627704           0.004632135569                 -- 
    4       -1064.398234452475           0.001106760009                 -- 
    5       -1063.842847449600           0.000269722973                 -- 
    6       -1063.956906613359           0.000057643077                 -- 
    7       -1063.927812643641           0.000015001632                 -- 
    8       -1063.933925971505           0.000003165817                 -- 
    9       -1063.932264742967           0.000000982278                 -- 
   10       -1063.932666042203           0.000000207311                 -- 
 
 ... end SCF calculation
 
 Begin SCF calculation by: POSITRON
 -------------------------
 
 -----------------------------------------------------------------------------------
 Iteration                   Energy           Density Change         DIIS Error 
 -----------------------------------------------------------------------------------
    1           0.424782908704           0.001665269845                 -- 
    2           0.000107913647           0.001462814296                 -- 
    3          -0.007488471120           0.001321361721                 -- 
    4          -0.005280905871           0.001322396969                 -- 
    5          -0.003606812451           0.001695272036                 -- 
    6           0.000043291286           0.461157286850                 -- 
    7           0.000043203688           0.000173322838                 -- 
    8           0.000043214859           0.000020815060                 -- 
    9           0.000043209782           0.000010154025                 -- 
   10           0.000043210513           0.000001317758                 -- 
 
 ... end SCF calculation
 
  EIGENVALUES AND EIGENVECTORS: 
 ==============================
 
 
  Eigenvalues for: E-
 -----------------
 
    1        -118.610400729202
    2        -118.610400729202
    3         -12.322679412213
    4         -12.322679412213
    5          -9.572523427742
    6          -9.572523427742
    7          -9.572523427740
    8          -9.572523427740
    9          -9.572523427740
   10          -9.572523427740
   11          -1.277376694940
   12          -1.277376694940
   13          -0.591387367693
   14          -0.591387367693
   15          -0.591387367541
   16          -0.591387367541
   17          -0.591387367541
   18          -0.591387367541
   19           0.134700335320
   20           0.134700335322
   21           0.152409819034
   22           0.152409819142
   23           0.152409819142
   24           0.152409819144
   25           0.152409819144
   26           0.152409819181
   27           0.709217792599
   28           0.709217792700
   29           0.709217792715
   30           0.709217792715
   31           0.709217792717
   32           0.709217792717
   33           1.072837472889
   34           1.072837472890
   35           1.214864599273
   36           1.214864599273
   37           1.214864599273
   38           1.214864599273
   39           1.214864599279
   40           1.214864599279
   41           1.214864599279
   42           1.214864599279
   43           1.214864599281
   44           1.214864599281
   45           2.743211192742
   46           2.743211192775
   47           2.743211192784
   48           2.743211192784
   49           2.743211192785
   50           2.743211192785
   51           4.434781474380
   52           4.434781474380
   53          14.030004224932
   54          14.030004224933
   55          14.030004224933
   56          14.030004224934
   57          14.030004224984
   58          14.030004225007
   59          16.732879563876
   60          16.732879563877
   61         254.593005216573
   62         254.593005216578
 
 
  Eigenvalues for: POSITRON
 -----------------
 
    1           0.000066510363
    2           0.000136194783
    3           0.000209953393
    4           0.000209953393
    5           0.000255741252
    6           0.000281707932
    7           0.000281707936
    8           0.000284147169
    9           0.000328063332
   10           0.000328063332
   11           0.000424469199
   12           0.000428597954
   13           0.000429581749
   14           0.000429581749
   15           0.000441674936
   16           0.000441674936
   17           0.000570412702
   18           0.000570412734
   19           0.000585856814
   20           0.000723177231
   21           0.000911592656
   22           0.000911592656
   23           0.000965491660
   24           0.001152099977
   25           0.001152172099
   26           0.001152172102
   27           0.001251639569
   28           0.001251639569
   29           0.001454228181
   30           0.001517605366
   31           0.001517605366
   32           0.001519877612
   33           0.001519877612
   34           0.001537405702
   35           0.001818115685
   36           0.001818115690
   37           0.001887218815
   38           0.001909863213
   39           0.002986269496
   40           0.002986269496
   41           0.003210433305
   42           0.003680428086
   43           0.003802903113
   44           0.003802903115
   45           0.004009096210
   46           0.004621484224
   47           0.007677911653
   48           0.008019213852
   49           0.009277316087
   50           0.009277316087
   51           0.009996256150
   52           0.010626219167
   53           0.010626219168
   54           0.013076189005
   55           0.021505353330
   56           0.021680009227
   57           0.064656497490
   58           0.065068932924
   59           0.217925894263
   60           0.218017566776
   61           0.859618099225
   62           0.859656051961
   63           4.193596372025
   64           4.193718235899
   65          24.144241094426
   66          24.144444017575
   67     1000000.000000000000
   68     1000000.000000000000
 
  end of eigenvalues 
 
  Occupied Eigenvectors for: E-
 --------------------------- 
 
                        -118.6104      -118.6104       -12.3227       -12.3227        -9.5725   
 
    1     AR     S       0.096324       0.399019      -0.002970       0.123058      -0.000000
    2     AR     S       0.153742       0.636874      -0.008102       0.335760      -0.000000
    3     AR     S       0.002911       0.012059       0.012874      -0.533519       0.000000
    4     AR     S      -0.000445      -0.001842       0.013959      -0.578455       0.000000
    5     AR     S       0.000267       0.001107       0.001349      -0.055892      -0.000000
    6     AR     S       0.000022       0.000092      -0.000138       0.005711      -0.000000
    7     AR    Px      -0.000000      -0.000000      -0.000000       0.000000       0.024338
    8     AR    Py      -0.000000      -0.000000       0.000000       0.000000       0.000190
    9     AR    Pz      -0.000000       0.000000       0.000000       0.000000       0.000004
   10     AR    Px       0.000000       0.000000      -0.000000       0.000000       0.004681
   11     AR    Py      -0.000000      -0.000000       0.000000       0.000000       0.000037
   12     AR    Pz      -0.000000       0.000000       0.000000       0.000000       0.000001
   13     AR    Px      -0.000000      -0.000000      -0.000000       0.000000       0.001051
   14     AR    Py       0.000000       0.000000      -0.000000       0.000000       0.000008
   15     AR    Pz       0.000000      -0.000000      -0.000000       0.000000       0.000000
   16     AR    Px       0.000000       0.000000       0.000000      -0.000000      -0.000102
   17     AR    Py       0.000000       0.000000       0.000000      -0.000000      -0.000001
   18     AR    Pz      -0.000000       0.000000      -0.000000      -0.000000      -0.000000
   19     AR    Px      -0.000000      -0.000000       0.000000      -0.000000       0.000049
   20     AR    Py       0.000000      -0.000000      -0.000000       0.000000       0.000000
   21     AR    Pz       0.000000       0.000000      -0.000000      -0.000000       0.000000
   22     AR     S      -0.000005      -0.000022       0.000031      -0.001294       0.000000
   23     AR    Px       0.000000       0.000000      -0.000000       0.000000      -0.000017
   24     AR    Py      -0.000000       0.000000       0.000000      -0.000000      -0.000000
   25     AR    Pz      -0.000000      -0.000000       0.000000       0.000000      -0.000000
   26     AR   Dxx      -0.000084      -0.000347      -0.000147       0.006076      -0.000000
   27     AR   Dxy      -0.000000       0.000000       0.000000       0.000000      -0.000000
   28     AR   Dxz       0.000000      -0.000000      -0.000000       0.000000      -0.000000
   29     AR   Dyy      -0.000084      -0.000347      -0.000147       0.006076       0.000000
   30     AR   Dyz       0.000000      -0.000000      -0.000000      -0.000000      -0.000000
   31     AR   Dzz      -0.000084      -0.000347      -0.000147       0.006076       0.000000
   32     AR     S       0.399019      -0.096324       0.123058       0.002970      -0.000000
   33     AR     S       0.636874      -0.153742       0.335760       0.008102      -0.000000
   34     AR     S       0.012059      -0.002911      -0.533519      -0.012874       0.000000
   35     AR     S      -0.001842       0.000445      -0.578455      -0.013959       0.000000
   36     AR     S       0.001107      -0.000267      -0.055892      -0.001349      -0.000000
   37     AR     S       0.000092      -0.000022       0.005711       0.000138      -0.000000
   38     AR    Px       0.000000      -0.000000      -0.000000      -0.000000      -0.972791
   39     AR    Py       0.000000       0.000000      -0.000000       0.000000      -0.000290
   40     AR    Pz      -0.000000      -0.000000       0.000000       0.000000      -0.000386
   41     AR    Px      -0.000000       0.000000      -0.000000      -0.000000      -0.187100
   42     AR    Py       0.000000       0.000000      -0.000000      -0.000000      -0.000056
   43     AR    Pz       0.000000      -0.000000      -0.000000       0.000000      -0.000074
   44     AR    Px       0.000000      -0.000000      -0.000000      -0.000000      -0.042005
   45     AR    Py      -0.000000      -0.000000       0.000000      -0.000000      -0.000013
   46     AR    Pz      -0.000000       0.000000       0.000000      -0.000000      -0.000017
   47     AR    Px      -0.000000       0.000000       0.000000       0.000000       0.004089
   48     AR    Py      -0.000000      -0.000000       0.000000       0.000000       0.000001
   49     AR    Pz       0.000000      -0.000000      -0.000000       0.000000       0.000002
   50     AR    Px       0.000000      -0.000000       0.000000       0.000000      -0.001964
   51     AR    Py       0.000000       0.000000      -0.000000      -0.000000      -0.000001
   52     AR    Pz      -0.000000      -0.000000       0.000000       0.000000      -0.000001
   53     AR     S      -0.000022       0.000005      -0.001294      -0.000031       0.000000
   54     AR    Px      -0.000000       0.000000      -0.000000      -0.000000       0.000693
   55     AR    Py      -0.000000      -0.000000       0.000000       0.000000       0.000000
   56     AR    Pz       0.000000       0.000000      -0.000000      -0.000000       0.000000
   57     AR   Dxx      -0.000347       0.000084       0.006076       0.000147      -0.000000
   58     AR   Dxy      -0.000000       0.000000       0.000000      -0.000000      -0.000000
   59     AR   Dxz       0.000000      -0.000000       0.000000      -0.000000      -0.000000
   60     AR   Dyy      -0.000347       0.000084       0.006076       0.000147       0.000000
   61     AR   Dyz      -0.000000       0.000000       0.000000      -0.000000      -0.000000
   62     AR   Dzz      -0.000347       0.000084       0.006076       0.000147       0.000000
 
                          -9.5725        -9.5725        -9.5725        -9.5725        -9.5725   
 
    1     AR     S      -0.000000      -0.000000      -0.000000      -0.000000      -0.000000
    2     AR     S      -0.000000      -0.000000      -0.000000      -0.000000      -0.000000
    3     AR     S       0.000000       0.000000       0.000000       0.000000       0.000000
    4     AR     S       0.000000       0.000000       0.000000       0.000000       0.000000
    5     AR     S      -0.000000      -0.000000      -0.000000      -0.000000      -0.000000
    6     AR     S      -0.000000      -0.000000      -0.000000      -0.000000       0.000000
    7     AR    Px       0.972789       0.000400       0.000716       0.001772       0.000717
    8     AR    Py       0.000930      -0.306169      -0.050638      -0.677046       0.626275
    9     AR    Pz      -0.000116       0.921942      -0.071298      -0.205643       0.222634
   10     AR    Px       0.187100       0.000077       0.000138       0.000341       0.000138
   11     AR    Py       0.000179      -0.058886      -0.009739      -0.130219       0.120454
   12     AR    Pz      -0.000022       0.177320      -0.013713      -0.039552       0.042820
   13     AR    Px       0.042005       0.000017       0.000031       0.000077       0.000031
   14     AR    Py       0.000040      -0.013220      -0.002187      -0.029235       0.027043
   15     AR    Pz      -0.000005       0.039810      -0.003079      -0.008880       0.009613
   16     AR    Px      -0.004089      -0.000002      -0.000003      -0.000007      -0.000003
   17     AR    Py      -0.000004       0.001287       0.000213       0.002846      -0.002633
   18     AR    Pz       0.000000      -0.003875       0.000300       0.000864      -0.000936
   19     AR    Px       0.001964       0.000001       0.000001       0.000004       0.000001
   20     AR    Py       0.000002      -0.000618      -0.000102      -0.001367       0.001265
   21     AR    Pz      -0.000000       0.001861      -0.000144      -0.000415       0.000450
   22     AR     S       0.000000       0.000000       0.000000       0.000000      -0.000000
   23     AR    Px      -0.000693      -0.000000      -0.000001      -0.000001      -0.000001
   24     AR    Py      -0.000001       0.000218       0.000036       0.000482      -0.000446
   25     AR    Pz       0.000000      -0.000657       0.000051       0.000146      -0.000159
   26     AR   Dxx      -0.000000      -0.000000      -0.000000      -0.000000      -0.000000
   27     AR   Dxy      -0.000000       0.000000       0.000000       0.000000      -0.000000
   28     AR   Dxz       0.000000      -0.000000       0.000000       0.000000      -0.000000
   29     AR   Dyy       0.000000       0.000000       0.000000       0.000000       0.000000
   30     AR   Dyz      -0.000000      -0.000000       0.000000      -0.000000       0.000000
   31     AR   Dzz       0.000000       0.000000       0.000000       0.000000       0.000000
   32     AR     S       0.000000      -0.000000      -0.000000      -0.000000      -0.000000
   33     AR     S       0.000000      -0.000000      -0.000000      -0.000000      -0.000000
   34     AR     S      -0.000000       0.000000       0.000000       0.000000       0.000000
   35     AR     S      -0.000000       0.000000       0.000000       0.000000       0.000000
   36     AR     S       0.000000      -0.000000      -0.000000      -0.000000      -0.000000
   37     AR     S       0.000000      -0.000000      -0.000000      -0.000000      -0.000000
   38     AR    Px       0.024339      -0.000045      -0.000171      -0.000387      -0.000195
   39     AR    Py      -0.001097       0.044155       0.935811       0.124458       0.231802
   40     AR    Pz      -0.001481      -0.035343      -0.252041       0.656310       0.671861
   41     AR    Px       0.004681      -0.000009      -0.000033      -0.000074      -0.000037
   42     AR    Py      -0.000211       0.008493       0.179988       0.023937       0.044583
   43     AR    Pz      -0.000285      -0.006798      -0.048476       0.126230       0.129221
   44     AR    Px       0.001051      -0.000002      -0.000007      -0.000017      -0.000008
   45     AR    Py      -0.000047       0.001907       0.040408       0.005374       0.010009
   46     AR    Pz      -0.000064      -0.001526      -0.010883       0.028340       0.029011
   47     AR    Px      -0.000102       0.000000       0.000001       0.000002       0.000001
   48     AR    Py       0.000005      -0.000186      -0.003934      -0.000523      -0.000974
   49     AR    Pz       0.000006       0.000149       0.001059      -0.002759      -0.002824
   50     AR    Px       0.000049      -0.000000      -0.000000      -0.000001      -0.000000
   51     AR    Py      -0.000002       0.000089       0.001889       0.000251       0.000468
   52     AR    Pz      -0.000003      -0.000071      -0.000509       0.001325       0.001357
   53     AR     S      -0.000000       0.000000       0.000000       0.000000       0.000000
   54     AR    Px      -0.000017       0.000000       0.000000       0.000000       0.000000
   55     AR    Py       0.000001      -0.000031      -0.000667      -0.000089      -0.000165
   56     AR    Pz       0.000001       0.000025       0.000180      -0.000468      -0.000479
   57     AR   Dxx       0.000000      -0.000000      -0.000000      -0.000000      -0.000000
   58     AR   Dxy      -0.000000       0.000000       0.000000       0.000000       0.000000
   59     AR   Dxz      -0.000000      -0.000000      -0.000000       0.000000       0.000000
   60     AR   Dyy      -0.000000       0.000000       0.000000       0.000000       0.000000
   61     AR   Dyz      -0.000000      -0.000000       0.000000      -0.000000      -0.000000
   62     AR   Dzz      -0.000000       0.000000       0.000000       0.000000       0.000000
 
                          -1.2774        -1.2774        -0.5914        -0.5914        -0.5914   
 
    1     AR     S       0.038530       0.000068       0.000000       0.000000      -0.000000
    2     AR     S       0.112683       0.000198       0.000000       0.000000      -0.000000
    3     AR     S      -0.237173      -0.000418      -0.000000      -0.000000       0.000000
    4     AR     S      -0.417227      -0.000735      -0.000000      -0.000000       0.000000
    5     AR     S       0.660659       0.001163       0.000000       0.000000      -0.000000
    6     AR     S       0.551493       0.000971       0.000000       0.000000      -0.000000
    7     AR    Px      -0.000000      -0.000000      -0.282712      -0.033989       0.000000
    8     AR    Py      -0.000000      -0.000000       0.000000      -0.000000       0.023607
    9     AR    Pz      -0.000000      -0.000000      -0.000000      -0.000000      -0.283483
   10     AR    Px      -0.000000      -0.000000      -0.040406      -0.004858       0.000000
   11     AR    Py       0.000000      -0.000000       0.000000      -0.000000       0.003374
   12     AR    Pz      -0.000000      -0.000000      -0.000000      -0.000000      -0.040516
   13     AR    Px       0.000000       0.000000       0.319158       0.038371      -0.000000
   14     AR    Py       0.000000       0.000000      -0.000000       0.000000      -0.026650
   15     AR    Pz       0.000000       0.000000       0.000000       0.000000       0.320028
   16     AR    Px       0.000000       0.000000       0.551706       0.066330      -0.000000
   17     AR    Py      -0.000000      -0.000000      -0.000000       0.000000      -0.046068
   18     AR    Pz       0.000000      -0.000000       0.000000       0.000000       0.553211
   19     AR    Px      -0.000000      -0.000000       0.280112       0.033677      -0.000000
   20     AR    Py       0.000000      -0.000000      -0.000000       0.000000      -0.023389
   21     AR    Pz      -0.000000       0.000000       0.000000       0.000000       0.280876
   22     AR     S       0.012079       0.000021      -0.000000      -0.000000       0.000000
   23     AR    Px      -0.000000      -0.000000       0.008388       0.001008      -0.000000
   24     AR    Py      -0.000000       0.000000      -0.000000       0.000000      -0.000700
   25     AR    Pz       0.000000      -0.000000       0.000000       0.000000       0.008411
   26     AR   Dxx      -0.001780      -0.000003      -0.000000      -0.000000      -0.000000
   27     AR   Dxy      -0.000000      -0.000000       0.000000      -0.000000       0.000000
   28     AR   Dxz       0.000000       0.000000      -0.000000      -0.000000      -0.000000
   29     AR   Dyy      -0.001780      -0.000003       0.000000       0.000000      -0.000000
   30     AR   Dyz      -0.000000       0.000000      -0.000000      -0.000000       0.000000
   31     AR   Dzz      -0.001780      -0.000003       0.000000       0.000000      -0.000000
   32     AR     S      -0.000068       0.038530       0.000000      -0.000000      -0.000000
   33     AR     S      -0.000198       0.112683       0.000000      -0.000000      -0.000000
   34     AR     S       0.000418      -0.237173      -0.000000       0.000000       0.000000
   35     AR     S       0.000735      -0.417227      -0.000000       0.000000       0.000000
   36     AR     S      -0.001163       0.660659       0.000000      -0.000000      -0.000000
   37     AR     S      -0.000971       0.551493       0.000000      -0.000000      -0.000000
   38     AR    Px      -0.000000       0.000000       0.033989      -0.282712      -0.000000
   39     AR    Py       0.000000       0.000000       0.000000      -0.000000       0.001990
   40     AR    Pz       0.000000       0.000000      -0.000001       0.000000      -0.012547
   41     AR    Px      -0.000000       0.000000       0.004858      -0.040406      -0.000000
   42     AR    Py      -0.000000      -0.000000       0.000000      -0.000000       0.000284
   43     AR    Pz      -0.000000       0.000000      -0.000000       0.000000      -0.001793
   44     AR    Px       0.000000      -0.000000      -0.038371       0.319158       0.000000
   45     AR    Py      -0.000000       0.000000      -0.000001       0.000000      -0.002246
   46     AR    Pz       0.000000      -0.000000       0.000001      -0.000000       0.014165
   47     AR    Px       0.000000      -0.000000      -0.066330       0.551706       0.000000
   48     AR    Py       0.000000      -0.000000      -0.000001       0.000001      -0.003883
   49     AR    Pz      -0.000000       0.000000       0.000001      -0.000000       0.024486
   50     AR    Px      -0.000000       0.000000      -0.033677       0.280112       0.000000
   51     AR    Py      -0.000000      -0.000000      -0.000000       0.000000      -0.001971
   52     AR    Pz       0.000000      -0.000000       0.000001      -0.000000       0.012432
   53     AR     S      -0.000021       0.012079      -0.000000       0.000000       0.000000
   54     AR    Px      -0.000000       0.000000      -0.001008       0.008388       0.000000
   55     AR    Py       0.000000       0.000000      -0.000000       0.000000      -0.000059
   56     AR    Pz      -0.000000       0.000000       0.000000      -0.000000       0.000372
   57     AR   Dxx       0.000003      -0.001780      -0.000000       0.000000      -0.000000
   58     AR   Dxy       0.000000       0.000000      -0.000000       0.000000      -0.000000
   59     AR   Dxz       0.000000       0.000000       0.000000      -0.000000       0.000000
   60     AR   Dyy       0.000003      -0.001780       0.000000      -0.000000      -0.000000
   61     AR   Dyz      -0.000000       0.000000       0.000000       0.000000       0.000000
   62     AR   Dzz       0.000003      -0.001780       0.000000      -0.000000      -0.000000
 
                          -0.5914        -0.5914        -0.5914   
 
    1     AR     S      -0.000000      -0.000000       0.000000
    2     AR     S      -0.000000      -0.000000       0.000000
    3     AR     S       0.000000       0.000000      -0.000000
    4     AR     S       0.000000       0.000000      -0.000000
    5     AR     S      -0.000000      -0.000000       0.000000
    6     AR     S      -0.000000      -0.000000       0.000000
    7     AR    Px       0.000000       0.000000      -0.000000
    8     AR    Py       0.267793      -0.089672       0.027750
    9     AR    Pz       0.025018      -0.002770      -0.009224
   10     AR    Px       0.000000       0.000000      -0.000000
   11     AR    Py       0.038273      -0.012816       0.003966
   12     AR    Pz       0.003576      -0.000396      -0.001318
   13     AR    Px      -0.000000      -0.000001       0.000001
   14     AR    Py      -0.302315       0.101232      -0.031327
   15     AR    Pz      -0.028243       0.003127       0.010413
   16     AR    Px      -0.000001      -0.000001       0.000001
   17     AR    Py      -0.522592       0.174993      -0.054153
   18     AR    Pz      -0.048822       0.005405       0.018001
   19     AR    Px      -0.000000      -0.000000       0.000000
   20     AR    Py      -0.265330       0.088848      -0.027495
   21     AR    Pz      -0.024788       0.002744       0.009139
   22     AR     S       0.000000       0.000000      -0.000000
   23     AR    Px      -0.000000      -0.000000       0.000000
   24     AR    Py      -0.007945       0.002661      -0.000823
   25     AR    Pz      -0.000742       0.000082       0.000274
   26     AR   Dxx      -0.000000      -0.000000      -0.000000
   27     AR   Dxy       0.000000      -0.000000       0.000000
   28     AR   Dxz       0.000000      -0.000000      -0.000000
   29     AR   Dyy      -0.000000      -0.000000       0.000000
   30     AR   Dyz       0.000000       0.000000       0.000000
   31     AR   Dzz      -0.000000      -0.000000       0.000000
   32     AR     S      -0.000000      -0.000000       0.000000
   33     AR     S      -0.000000      -0.000000       0.000000
   34     AR     S       0.000000       0.000000      -0.000000
   35     AR     S       0.000000       0.000000      -0.000000
   36     AR     S      -0.000000      -0.000000       0.000000
   37     AR     S      -0.000000      -0.000000       0.000000
   38     AR    Px      -0.000000      -0.000000       0.000000
   39     AR    Py       0.079782       0.262433       0.076430
   40     AR    Pz      -0.048758      -0.064513       0.272736
   41     AR    Px      -0.000000      -0.000000       0.000000
   42     AR    Py       0.011403       0.037507       0.010924
   43     AR    Pz      -0.006969      -0.009220       0.038980
   44     AR    Px       0.000000       0.000000      -0.000000
   45     AR    Py      -0.090067      -0.296264      -0.086283
   46     AR    Pz       0.055044       0.072829      -0.307895
   47     AR    Px       0.000000       0.000001      -0.000000
   48     AR    Py      -0.155692      -0.512131      -0.149151
   49     AR    Pz       0.095151       0.125895      -0.532237
   50     AR    Px       0.000000       0.000000      -0.000000
   51     AR    Py      -0.079048      -0.260019      -0.075727
   52     AR    Pz       0.048310       0.063919      -0.270228
   53     AR     S       0.000000       0.000000      -0.000000
   54     AR    Px       0.000000       0.000000      -0.000000
   55     AR    Py      -0.002367      -0.007786      -0.002268
   56     AR    Pz       0.001447       0.001914      -0.008092
   57     AR   Dxx       0.000000       0.000000       0.000000
   58     AR   Dxy      -0.000000      -0.000000      -0.000000
   59     AR   Dxz       0.000000       0.000000      -0.000000
   60     AR   Dyy      -0.000000      -0.000000       0.000000
   61     AR   Dyz       0.000000       0.000000      -0.000000
   62     AR   Dzz      -0.000000      -0.000000       0.000000
 
 
  Occupied Eigenvectors for: POSITRON
 --------------------------- 
 
                           0.0001   
 
    1     E+     S      -1.983182
    2     E+     S       0.284305
    3     E+     S       0.128307
    4     E+     S      -0.017895
    5     E+     S       0.009842
    6     E+     S       0.000493
    7     E+     S       0.001429
    8     E+     S      -0.001235
    9     E+     S      -0.001153
   10     E+     S       0.000143
   11     E+    Px       3.098607
   12     E+    Py      -0.000000
   13     E+    Pz       0.000000
   14     E+    Px       0.072974
   15     E+    Py       0.000000
   16     E+    Pz      -0.000000
   17     E+    Px       0.002214
   18     E+    Py       0.000000
   19     E+    Pz      -0.000000
   20     E+    Px      -0.001247
   21     E+    Py      -0.000000
   22     E+    Pz       0.000000
   23     E+   Dxx       1.266154
   24     E+   Dxy      -0.000000
   25     E+   Dxz       0.000000
   26     E+   Dyy       0.383652
   27     E+   Dyz       0.000000
   28     E+   Dzz       0.383652
   29     E+   Dxx       0.253378
   30     E+   Dxy       0.000000
   31     E+   Dxz      -0.000000
   32     E+   Dyy       0.192969
   33     E+   Dyz      -0.000000
   34     E+   Dzz       0.192969
   35     E+     S      -1.983182
   36     E+     S       0.284305
   37     E+     S       0.128307
   38     E+     S      -0.017895
   39     E+     S       0.009842
   40     E+     S       0.000493
   41     E+     S       0.001429
   42     E+     S      -0.001235
   43     E+     S      -0.001153
   44     E+     S       0.000143
   45     E+    Px      -3.098607
   46     E+    Py       0.000000
   47     E+    Pz      -0.000000
   48     E+    Px      -0.072974
   49     E+    Py      -0.000000
   50     E+    Pz       0.000000
   51     E+    Px      -0.002214
   52     E+    Py       0.000000
   53     E+    Pz      -0.000000
   54     E+    Px       0.001247
   55     E+    Py      -0.000000
   56     E+    Pz      -0.000000
   57     E+   Dxx       1.266154
   58     E+   Dxy      -0.000000
   59     E+   Dxz       0.000000
   60     E+   Dyy       0.383652
   61     E+   Dyz      -0.000000
   62     E+   Dzz       0.383652
   63     E+   Dxx       0.253378
   64     E+   Dxy       0.000000
   65     E+   Dxz      -0.000000
   66     E+   Dyy       0.192969
   67     E+   Dyz       0.000000
   68     E+   Dzz       0.192969
 
 
  end of eigenvectors 
 
  END OF EIGENVALUES AND EIGENVECTORS
 
 
  COMPONENTS OF KINETIC ENERGY: 
 -----------------------------
 
                  E- Kinetic energy =         1053.595735075828
            POSITRON Kinetic energy =            0.000080381074
                                     _________________________
               Total kinetic energy =         1053.595815456902
 
  COMPONENTS OF POTENTIAL ENERGY: 
 -------------------------------
 
          Fixed potential energy    =           10.318471337580
 
  Quantum/Fixed interaction energy: 
 ----------------------------------
 
          E-/Fixed interact. energy =        -2530.652283545419
    POSITRON/Fixed interact. energy =            0.367290052327
                                     _________________________
               Total Q/Fixed energy =        -2530.284993493092
 
  Coulomb energy: 
 ------------------
 
               E-/E- Hartree energy =          473.489723022641
   POSITRON/POSITRON Hartree energy =            0.000000000000
         E-/POSITRON Hartree energy =           -0.367280623241
                                     _________________________
               Total Hartree energy =          473.122442399400
 
  Exchange(HF) energy: 
 ----------------------
 
                 E- Exchange energy =          -60.365752263255
           POSITRON Exchange energy =            0.000000000000
                                     _________________________
              Total Exchange energy =          -60.365752263255
 
  External Potential energy: 
 ----------------------------
 
                  E- Ext Pot energy =            0.000000000000
            POSITRON Ext Pot energy =           -0.000023299850
                                     _________________________
    Total External Potential energy =           -0.000023299850
 
  TOTAL ENERGY COMPONENTS: 
 ==========================
 
          TOTAL KINETIC ENERGY      =         1053.595815456902
          TOTAL POTENTIAL ENERGY    =        -2107.209855319218
                                     _________________________
                       TOTAL ENERGY =        -1053.614039862317
 
                 VIRIAL RATIO (V/T) =            2.000017297340
 
 
  END ENERGY COMPONENTS
 
 
** TOTAL CPU Time SCF :      1.131 (s)
** TOTAL Elapsed Time SCF :      0.435 (s)
 
 We are calculating properties for E- in the HF/KS ground state
 We are calculating properties for POSITRON in the HF/KS ground state
 
  POPULATION ANALYSES: 
 ====================
 
 MULLIKEN Population: for E-        
 ---------------------
 
                                    
 
    1     AR     S       0.777155
    2     AR     S       1.187471
    3     AR     S       0.957554
    4     AR     S       1.016967
    5     AR     S       1.065414
    6     AR     S       0.994040
    7     AR    Px       1.965968
    8     AR    Py       1.965968
    9     AR    Pz       1.965968
   10     AR    Px       0.024934
   11     AR    Py       0.024934
   12     AR    Pz       0.024934
   13     AR    Px       0.499839
   14     AR    Py       0.499839
   15     AR    Pz       0.499839
   16     AR    Px       1.061120
   17     AR    Py       1.061120
   18     AR    Pz       1.061120
   19     AR    Px       0.440275
   20     AR    Py       0.440275
   21     AR    Pz       0.440275
   22     AR     S       0.014997
   23     AR    Px       0.007864
   24     AR    Py       0.007864
   25     AR    Pz       0.007864
   26     AR   Dxx      -0.004532
   27     AR   Dxy       0.000000
   28     AR   Dxz       0.000000
   29     AR   Dyy      -0.004532
   30     AR   Dyz       0.000000
   31     AR   Dzz      -0.004532
   32     AR     S       0.777155
   33     AR     S       1.187471
   34     AR     S       0.957554
   35     AR     S       1.016967
   36     AR     S       1.065414
   37     AR     S       0.994040
   38     AR    Px       1.965968
   39     AR    Py       1.965968
   40     AR    Pz       1.965968
   41     AR    Px       0.024934
   42     AR    Py       0.024934
   43     AR    Pz       0.024934
   44     AR    Px       0.499839
   45     AR    Py       0.499839
   46     AR    Pz       0.499839
   47     AR    Px       1.061120
   48     AR    Py       1.061120
   49     AR    Pz       1.061120
   50     AR    Px       0.440275
   51     AR    Py       0.440275
   52     AR    Pz       0.440275
   53     AR     S       0.014997
   54     AR    Px       0.007864
   55     AR    Py       0.007864
   56     AR    Pz       0.007864
   57     AR   Dxx      -0.004532
   58     AR   Dxy       0.000000
   59     AR   Dxz       0.000000
   60     AR   Dyy      -0.004532
   61     AR   Dyz       0.000000
   62     AR   Dzz      -0.004532
 
                           __________
              Total =       36.000000
 
  Atomic MULLIKEN Population: for E-        
            AR              18.000000
            AR              18.000000
 
 ...end of MULLIKEN Population
 
 
 END POPULATION ANALYSES 
 
 
  POPULATION ANALYSES: 
 ====================
 
 LOWDIN Population: for E-        
 ---------------------
 
                                    
 
    1     AR     S       0.903190
    2     AR     S       1.085074
    3     AR     S       0.953732
    4     AR     S       0.963035
    5     AR     S       0.544209
    6     AR     S       0.563780
    7     AR    Px       1.884791
    8     AR    Py       1.884791
    9     AR    Pz       1.884791
   10     AR    Px       0.100697
   11     AR    Py       0.100697
   12     AR    Pz       0.100697
   13     AR    Px       0.548813
   14     AR    Py       0.548813
   15     AR    Pz       0.548813
   16     AR    Px       0.936024
   17     AR    Py       0.936024
   18     AR    Pz       0.936024
   19     AR    Px       0.452266
   20     AR    Py       0.452266
   21     AR    Pz       0.452266
   22     AR     S       0.148257
   23     AR    Px       0.077408
   24     AR    Py       0.077408
   25     AR    Pz       0.077408
   26     AR   Dxx       0.279574
   27     AR   Dxy       0.000000
   28     AR   Dxz       0.000000
   29     AR   Dyy       0.279574
   30     AR   Dyz       0.000000
   31     AR   Dzz       0.279574
   32     AR     S       0.903190
   33     AR     S       1.085074
   34     AR     S       0.953732
   35     AR     S       0.963035
   36     AR     S       0.544209
   37     AR     S       0.563780
   38     AR    Px       1.884791
   39     AR    Py       1.884791
   40     AR    Pz       1.884791
   41     AR    Px       0.100697
   42     AR    Py       0.100697
   43     AR    Pz       0.100697
   44     AR    Px       0.548813
   45     AR    Py       0.548813
   46     AR    Pz       0.548813
   47     AR    Px       0.936024
   48     AR    Py       0.936024
   49     AR    Pz       0.936024
   50     AR    Px       0.452266
   51     AR    Py       0.452266
   52     AR    Pz       0.452266
   53     AR     S       0.148257
   54     AR    Px       0.077408
   55     AR    Py       0.077408
   56     AR    Pz       0.077408
   57     AR   Dxx       0.279574
   58     AR   Dxy       0.000000
   59     AR   Dxz       0.000000
   60     AR   Dyy       0.279574
   61     AR   Dyz       0.000000
   62     AR   Dzz       0.279574
 
                           __________
              Total =       36.000000
 
  Atomic LOWDIN Population: for E-        
            AR              18.000000
            AR              18.000000
 
 ...end of LOWDIN Population
 
 
 END POPULATION ANALYSES 
 
 
  POPULATION ANALYSES: 
 ====================
 
 MULLIKEN Population: for POSITRON  
 ---------------------
 
                                    
 
    1     E+     S      -1.684675
    2     E+     S       0.144482
    3     E+     S       0.034187
    4     E+     S      -0.002405
    5     E+     S       0.000658
    6     E+     S       0.000016
    7     E+     S       0.000022
    8     E+     S      -0.000008
    9     E+     S      -0.000002
   10     E+     S       0.000000
   11     E+    Px       0.217425
   12     E+    Py      -0.000000
   13     E+    Pz      -0.000000
   14     E+    Px       0.002604
   15     E+    Py      -0.000000
   16     E+    Pz      -0.000000
   17     E+    Px       0.000045
   18     E+    Py      -0.000000
   19     E+    Pz      -0.000000
   20     E+    Px      -0.000013
   21     E+    Py       0.000000
   22     E+    Pz       0.000000
   23     E+   Dxx       0.919430
   24     E+   Dxy       0.000000
   25     E+   Dxz      -0.000000
   26     E+   Dyy       0.271328
   27     E+   Dyz      -0.000000
   28     E+   Dzz       0.271328
   29     E+   Dxx       0.130370
   30     E+   Dxy       0.000000
   31     E+   Dxz       0.000000
   32     E+   Dyy       0.097604
   33     E+   Dyz       0.000000
   34     E+   Dzz       0.097604
   35     E+     S      -1.684675
   36     E+     S       0.144482
   37     E+     S       0.034187
   38     E+     S      -0.002405
   39     E+     S       0.000658
   40     E+     S       0.000016
   41     E+     S       0.000022
   42     E+     S      -0.000008
   43     E+     S      -0.000002
   44     E+     S       0.000000
   45     E+    Px       0.217425
   46     E+    Py       0.000000
   47     E+    Pz       0.000000
   48     E+    Px       0.002604
   49     E+    Py      -0.000000
   50     E+    Pz      -0.000000
   51     E+    Px       0.000045
   52     E+    Py       0.000000
   53     E+    Pz       0.000000
   54     E+    Px      -0.000013
   55     E+    Py      -0.000000
   56     E+    Pz       0.000000
   57     E+   Dxx       0.919430
   58     E+   Dxy       0.000000
   59     E+   Dxz      -0.000000
   60     E+   Dyy       0.271328
   61     E+   Dyz       0.000000
   62     E+   Dzz       0.271328
   63     E+   Dxx       0.130370
   64     E+   Dxy       0.000000
   65     E+   Dxz       0.000000
   66     E+   Dyy       0.097604
   67     E+   Dyz      -0.000000
   68     E+   Dzz       0.097604
 
                           __________
              Total =        1.000000
 
  Atomic MULLIKEN Population: for POSITRON  
            AR               0.500000
            AR               0.500000
 
 ...end of MULLIKEN Population
 
 
 END POPULATION ANALYSES 
 
 
  POPULATION ANALYSES: 
 ====================
 
 LOWDIN Population: for POSITRON  
 ---------------------
 
                                    
 
    1     E+     S       0.044007
    2     E+     S       0.028512
    3     E+     S       0.005472
    4     E+     S       0.001117
    5     E+     S       0.000271
    6     E+     S       0.000073
    7     E+     S       0.000010
    8     E+     S       0.000000
    9     E+     S       0.000001
   10     E+     S       0.000000
   11     E+    Px       0.000040
   12     E+    Py       0.000000
   13     E+    Pz       0.000000
   14     E+    Px       0.000732
   15     E+    Py      -0.000000
   16     E+    Pz      -0.000000
   17     E+    Px       0.000000
   18     E+    Py       0.000000
   19     E+    Pz       0.000000
   20     E+    Px       0.000009
   21     E+    Py       0.000000
   22     E+    Pz       0.000000
   23     E+   Dxx       0.127373
   24     E+   Dxy       0.000000
   25     E+   Dxz       0.000000
   26     E+   Dyy       0.120389
   27     E+   Dyz       0.000000
   28     E+   Dzz       0.120389
   29     E+   Dxx       0.018605
   30     E+   Dxy       0.000000
   31     E+   Dxz       0.000000
   32     E+   Dyy       0.016500
   33     E+   Dyz       0.000000
   34     E+   Dzz       0.016500
   35     E+     S       0.044007
   36     E+     S       0.028512
   37     E+     S       0.005472
   38     E+     S       0.001117
   39     E+     S       0.000271
   40     E+     S       0.000073
   41     E+     S       0.000010
   42     E+     S       0.000000
   43     E+     S       0.000001
   44     E+     S       0.000000
   45     E+    Px       0.000040
   46     E+    Py       0.000000
   47     E+    Pz       0.000000
   48     E+    Px       0.000732
   49     E+    Py      -0.000000
   50     E+    Pz      -0.000000
   51     E+    Px       0.000000
   52     E+    Py       0.000000
   53     E+    Pz       0.000000
   54     E+    Px       0.000009
   55     E+    Py       0.000000
   56     E+    Pz       0.000000
   57     E+   Dxx       0.127373
   58     E+   Dxy       0.000000
   59     E+   Dxz       0.000000
   60     E+   Dyy       0.120389
   61     E+   Dyz       0.000000
   62     E+   Dzz       0.120389
   63     E+   Dxx       0.018605
   64     E+   Dxy       0.000000
   65     E+   Dxz       0.000000
   66     E+   Dyy       0.016500
   67     E+   Dyz       0.000000
   68     E+   Dzz       0.016500
 
                           __________
              Total =        1.000000
 
  Atomic LOWDIN Population: for POSITRON  
            AR               0.500000
            AR               0.500000
 
 ...end of LOWDIN Population
 
 
 END POPULATION ANALYSES 
 
 
  EXPECTED POSITIONS OF QUANTUM SPECIES:
 ======================
 
 POSITIONS IN ANGSTROMS
 ------
 
                        <x>      <y>      <z>         
                 E- 299.0909   0.0000   0.0000
           POSITRON   8.3081   0.0000  -0.0000
 
 END EXPECTED POSITIONS
 
 
  ELECTROSTATIC MOMENTS:
 ======================
 
 
 DIPOLE: (A.U.)
 ------
 
                           <Dx>         <Dy>         <Dz>          |D|
                 E--565.20000000  -0.00000000  -0.00000000
           POSITRON  15.69999999   0.00000000  -0.00000000
    Point charges:  565.20000000   0.00000000   0.00000000
                     ____________________________
      Total Dipole:  15.69999999   0.00000000  -0.00000000  15.69999999
 
 DIPOLE: (DEBYE)
 ------
 
                           <Dx>         <Dy>         <Dz>          |D|
                 E-*************  -0.00000000  -0.00000000
           POSITRON  39.90541436   0.00000000  -0.00000000
    Point charges: 1436.59491806   0.00000000   0.00000000
                     ____________________________
      Total Dipole:  39.90541436   0.00000000  -0.00000000  39.90541436
 
 QUADRUPOLE NON-TRACELESS: (DEBYE ANGS)
 ------
 
                           <xx>         <yy>         <zz>         <xy>         <xz>         <yz>
                 E-**************  -23.36330779  -23.36330779   -0.00000000   -0.00000000    0.00000000
           POSITRON16090.83373611 7661.13084405 7661.13084402   -0.00000000    0.00000000   -0.00000000
    Point charges: 23870.69637307    0.00000000    0.00000000    0.00000000    0.00000000    0.00000000
  Total Quadrupole:16067.47043086 7637.76753626 7637.76753623   -0.00000000    0.00000000   -0.00000000
                     ____________________________
 
 END ELECTROSTATIC MOMENTS
 

  TOTAL CPU Time:      0.258 (s)
 TOTAL Wall Time:      0.489 (s)
  Elapsed Time:   0h  0m  0s 490ms
LOWDIN execution terminated normally at : Wed Nov 27 15:45:18 2024
-rw-rw-r-- 1 pohl pohl 704K nov 27 15:45 0E-.ints
-rw-rw-r-- 1 pohl pohl 3.5M nov 27 15:45 0E-.POSITRON.ints
-rw-rw-r-- 1 pohl pohl 2.1M nov 27 15:45 0POSITRON.ints
-rw-rw-r-- 1 pohl pohl 704K nov 27 15:45 1E-.ints
-rw-rw-r-- 1 pohl pohl 3.5M nov 27 15:45 1E-.POSITRON.ints
-rw-rw-r-- 1 pohl pohl 2.1M nov 27 15:45 1POSITRON.ints
-rw-rw-r-- 1 pohl pohl 704K nov 27 15:45 2E-.ints
-rw-rw-r-- 1 pohl pohl 3.5M nov 27 15:45 2E-.POSITRON.ints
-rw-rw-r-- 1 pohl pohl 2.1M nov 27 15:45 2POSITRON.ints
-rw-rw-r-- 1 pohl pohl 704K nov 27 15:45 3E-.ints
-rw-rw-r-- 1 pohl pohl 3.5M nov 27 15:45 3E-.POSITRON.ints
-rw-rw-r-- 1 pohl pohl 2.1M nov 27 15:45 3POSITRON.ints
-rw-rw-r-- 1 pohl pohl   12 nov 27 15:45 E-.POSITRON.nints
-rw-rw-r-- 1 pohl pohl   65 nov 27 15:45 gepol.inp
-rw-rw-r-- 1 pohl pohl   91 nov 27 15:45 gepol.xyzr
-rw-rw-r-- 1 pohl pohl  12K nov 27 15:45 lowdin.bas
-rw-rw-r-- 1 pohl pohl  16K nov 27 15:45 lowdin.dat
-rw-rw-r-- 1 pohl pohl 867K nov 27 15:45 lowdin.opints
-rw-rw-r-- 1 pohl pohl  32K nov 27 15:45 lowdin.sys
-rw-rw-r-- 1 pohl pohl 865K nov 27 15:45 lowdin.wfn
-rw-rw-r-- 1 pohl pohl  498 nov 27 15:45 usual_148
-rw-rw-r-- 1 pohl pohl 1.8K nov 27 15:45 usual_148.aux
-rw-rw-r-- 1 pohl pohl  503 nov 27 15:45 usual_148.lowdin
-rw-rw-r-- 1 pohl pohl  65K nov 27 15:45 usual_148.out
-rw-rw-r-- 1 pohl pohl  68K nov 27 15:45 usual_148.vec
