Begin job by input: usual_91.lowdin, for user:   at  mar 26 nov 2024 15:31:10 -05
under operating system Linux helios 5.19.0-46-generic #47-Ubuntu SMP PREEMPT_DYNAMIC Fri Jun 16 13:30:11 UTC 2023 x86_64 x86_64 x86_64 GNU/Linux
Compilation information
  commit: f31d3924f6ee2ce9d77f07edcc1ba27359319d14
  compilation date:  mar 17 sep 2024 16:16:17 -05

BEGIN INPUT INFO:
------------------------------------

GEOMETRY
	Be	Dirac	0.0 0.0 0.0
	e-(Be)	6-311++G.d.p 0.0 0.0 0.0
	E+	GRIBAKIN-10S4P2D 0.0 0.0 0.0
	Be	Dirac	20.0 0.0 0.0
	e-(Be)	6-311++G.d.p	20.0 0.0 0.0
	E+	GRIBAKIN-10S4P2D 20.0 0.0 0.0 addParticles=-1 
END GEOMETRY

TASKS
        method = "RHF"
END TASKS

EXTERPOTENTIAL
	E- GRIBAKIN0
	E+ JOR91
END EXTERPOTENTIAL

CONTROL
	units="BOHRS"
	readCoefficients=F
	convergenceMethod=1
	overlapEigenThreshold=1E-6
	SCFGhostSpecies="POSITRON"
	HFprintEigenvalues=T
	totalEnergyTolerance = 1E-9
END CONTROL


... END INPUT INFO


 LOWDIN execution started at : Tue Nov 26 15:31:10 2024
 ---------------------------------------------------------------
 
 ***************************************************************
 *                   LOWDIN 2.0  (May/2013)                    *
 *                                                             *
 *  R. FLORES-MORENO, E. F. POSADA, F. S. MONCADA, J.ROMERO,   *
 *  J. CHARRY, M. DIAZ-TINOCO, S. A. GONZALEZ, N. F. AGUIRRE,  *
 *  A. REYES                                                   *
 *                                                             *
 *  https://sites.google.com/site/lowdinproject/               *
 *                                                             *
 ***************************************************************
 
 PARSING INPUT... DONE!
 
 LOWDIN IS RUNNING WITH NEXT PARAMETERS: 
 ----------------------------------------
 
         METHOD TYPE:  RHF
         NUMBER OF CORES:     4
         NONELECTRONIC DENSITY GUESS: HCORE
         ELECTRONIC DENSITY GUESS: HCORE
         CRITERIUM OF CONVERGENCE: ENERGY
         NONELECTRONIC ENERGY TOLERANCE IN SCFs:     0.10000E-07
         ELECTRONIC ENERGY TOLERANCE IN SCFs:     0.10000E-07
         TOTAL ENERGY TOLERANCE IN SCFs:     0.10000E-08
         SCHEME OF ITERATION: GLOBAL ITERATIONS
         SCF MAX. SUBITERATIONS - NONELECTRONS :     1
         SCF MAX. SUBITERATIONS - ELECTRONS :     1
         SCF MAX. ITERATIONS - INTERSPECIES :   200
         INTEGRAL STORAGE: DISK
         STACK SIZE FOR ERIS : 30000
         METHOD OF SCF CONVERGENCE: DAMPING
 
  MOLECULAR SYSTEM: usual_91
 -----------------
 
    DESCRIPTION   : usual_91
    CHARGE        :   2
    PUNTUAL GROUP : NONE
 
 
  INFORMATION OF PARTICLES :
 =========================
         Total number of particles   =      11
         Number of quantum particles =       9
         Number of puntual charges   =       2
         Number of quantum species   =       2
 
                 INFORMATION OF QUANTUM SPECIES 
    ----------------------------------------------------------------------
         ID      Symbol            mass     charge      omega     spin     multiplicity
    ----------------------------------------------------------------------
         1             E-         1.0000     -1.00      0.00      0.50      1.00
         2             E+         1.0000      1.00      0.00      0.50      1.00
 
                   CONSTANTS OF COUPLING 
      ------------------------------------------------------------
              Symbol      kappa        eta     lambda occupation
      ------------------------------------------------------------
                  E-      -1.00       2.00       2.00       4.00
                  E+      -1.00       1.00       1.00       1.00
 
                   BASIS SET FOR SPECIES 
      ------------------------------------------------------------
           Symbol          N. Basis     N. Particles     Basis Set
      ------------------------------------------------------------
                 E-           20                8     6-311++G.D
                 E+           32                1     GRIBAKIN-1
 
                                ATOMIC BASIS
         ------------------------------------------------------------
          PRIMITIVE   SHELL             EXPONENT         COEFFICIENT 
         ------------------------------------------------------------
 
    BEGIN DESCRIPTION OF BASIS FOR:    E-
    ==============================
 
 
            BE BASIS SET:   6-311++G.D.P
             1         S             1682.80000000          0.00228574
             2         S              251.71500000          0.01759380
             3         S               57.41160000          0.08633150
             4         S               16.51710000          0.28183500
             5         S                4.85364000          0.64059400
             6         S                0.62686300          0.14446700
             1         S                8.30938000          0.10862100
             2         S                1.74075000          0.92730100
             3         S                0.48581600         -0.00297169
             1         P                8.30938000          0.03613440
             2         P                1.74075000          0.21695800
             3         P                0.48581600          0.84183900
             1         S                0.16361300          1.00000000
             1         P                0.16361300          1.00000000
             1         S                0.05672850          1.00000000
             1         P                0.05672850          1.00000000
             1         S                0.02070000          1.00000000
             1         P                0.02070000          1.00000000
             1         D                0.25500000          1.00000000
 
            BE BASIS SET:   6-311++G.D.P
             1         S             1682.80000000          0.00228574
             2         S              251.71500000          0.01759380
             3         S               57.41160000          0.08633150
             4         S               16.51710000          0.28183500
             5         S                4.85364000          0.64059400
             6         S                0.62686300          0.14446700
             1         S                8.30938000          0.10862100
             2         S                1.74075000          0.92730100
             3         S                0.48581600         -0.00297169
             1         P                8.30938000          0.03613440
             2         P                1.74075000          0.21695800
             3         P                0.48581600          0.84183900
             1         S                0.16361300          1.00000000
             1         P                0.16361300          1.00000000
             1         S                0.05672850          1.00000000
             1         P                0.05672850          1.00000000
             1         S                0.02070000          1.00000000
             1         P                0.02070000          1.00000000
             1         D                0.25500000          1.00000000
    ... END DESCRIPTION OF BASIS
 
 
    BEGIN DESCRIPTION OF BASIS FOR:    E+
    ==============================
 
 
            E+ BASIS SET:GRIBAKIN-10S4P2
             1         S                0.00010000          1.00000000
             1         S                0.00030000          1.00000000
             1         S                0.00090000          1.00000000
             1         S                0.00270000          1.00000000
             1         S                0.00810000          1.00000000
             1         S                0.02430000          1.00000000
             1         S                0.07290000          1.00000000
             1         S                0.21870000          1.00000000
             1         S                0.65610000          1.00000000
             1         S                1.96830000          1.00000000
             1         P                0.00010000          1.00000000
             1         P                0.00030000          1.00000000
             1         P                0.00090000          1.00000000
             1         P                0.00270000          1.00000000
             1         D                0.00010000          1.00000000
             1         D                0.00030000          1.00000000
 
            E+ BASIS SET:GRIBAKIN-10S4P2
             1         S                0.00010000          1.00000000
             1         S                0.00030000          1.00000000
             1         S                0.00090000          1.00000000
             1         S                0.00270000          1.00000000
             1         S                0.00810000          1.00000000
             1         S                0.02430000          1.00000000
             1         S                0.07290000          1.00000000
             1         S                0.21870000          1.00000000
             1         S                0.65610000          1.00000000
             1         S                1.96830000          1.00000000
             1         P                0.00010000          1.00000000
             1         P                0.00030000          1.00000000
             1         P                0.00090000          1.00000000
             1         P                0.00270000          1.00000000
             1         D                0.00010000          1.00000000
             1         D                0.00030000          1.00000000
    ... END DESCRIPTION OF BASIS
 
 
  END INFORMATION OF PARTICLES
 
 
  INFORMATION OF THE QUANTUM SYSTEM 
     ---------------------------------------------------------------------
                 ID     Occupied Orbitals     Basis size
     ---------------------------------------------------------------------
                 E-            4               46
                 E+            1               68
 
  END INFORMATION OF QUANTUM SYSTEM
 
 
  INFORMATION OF EXTERNAL POTENTIALS 
 
 =======
 External Potential for E- : GRIBAKIN0
 Type : 
                     Exponent         l       R_x       R_y       R_z              Factor
                 0.0010000000         0   0.00000   0.00000   0.00000        0.0000000000
 
 =======
 External Potential for E+ : JOR91
 Type : 
                     Exponent         l       R_x       R_y       R_z              Factor
                 0.0010000000         0   0.00000   0.00000   0.00000       -0.0004852612
                 0.0020000000         0   0.00000   0.00000   0.00000        0.0024441783
                 0.0040000000         0   0.00000   0.00000   0.00000       -0.0075448874
                 0.0080000000         0   0.00000   0.00000   0.00000        0.0157738437
                 0.0160000000         0   0.00000   0.00000   0.00000       -0.0371036225
                 0.0320000000         0   0.00000   0.00000   0.00000        0.0538567205
                 0.0640000000         0   0.00000   0.00000   0.00000       -0.1977562620
                 0.1280000000         0   0.00000   0.00000   0.00000        0.1521150960
                 0.2560000000         0   0.00000   0.00000   0.00000       -2.2309931100
                 0.5120000000         0   0.00000   0.00000   0.00000        7.1544406100
                 1.0000000000         0   0.00000   0.00000   0.00000      -16.4610761000
                 2.0000000000         0   0.00000   0.00000   0.00000      120.0674500000
                 3.0000000000         0   0.00000   0.00000   0.00000    -1010.4441400000
                 4.0000000000         0   0.00000   0.00000   0.00000     5912.5175500000
                 5.0000000000         0   0.00000   0.00000   0.00000   -22883.6471000000
                 6.0000000000         0   0.00000   0.00000   0.00000    58320.2479000000
                 7.0000000000         0   0.00000   0.00000   0.00000   -96733.7399000000
                 8.0000000000         0   0.00000   0.00000   0.00000   100515.5930000000
                 9.0000000000         0   0.00000   0.00000   0.00000   -59492.9273000000
                10.0000000000         0   0.00000   0.00000   0.00000    15337.5181000000
                20.0000000000         0   0.00000   0.00000   0.00000     -108.3194530000
                30.0000000000         0   0.00000   0.00000   0.00000       58.7242217000
                40.0000000000         0   0.00000   0.00000   0.00000      -33.9818623000
                50.0000000000         0   0.00000   0.00000   0.00000       10.1503518000
               100.0000000000         0   0.00000   0.00000   0.00000       -0.2039701810
                 0.0010000000         0  20.00000   0.00000   0.00000       -0.0004852612
                 0.0020000000         0  20.00000   0.00000   0.00000        0.0024441783
                 0.0040000000         0  20.00000   0.00000   0.00000       -0.0075448874
                 0.0080000000         0  20.00000   0.00000   0.00000        0.0157738437
                 0.0160000000         0  20.00000   0.00000   0.00000       -0.0371036225
                 0.0320000000         0  20.00000   0.00000   0.00000        0.0538567205
                 0.0640000000         0  20.00000   0.00000   0.00000       -0.1977562620
                 0.1280000000         0  20.00000   0.00000   0.00000        0.1521150960
                 0.2560000000         0  20.00000   0.00000   0.00000       -2.2309931100
                 0.5120000000         0  20.00000   0.00000   0.00000        7.1544406100
                 1.0000000000         0  20.00000   0.00000   0.00000      -16.4610761000
                 2.0000000000         0  20.00000   0.00000   0.00000      120.0674500000
                 3.0000000000         0  20.00000   0.00000   0.00000    -1010.4441400000
                 4.0000000000         0  20.00000   0.00000   0.00000     5912.5175500000
                 5.0000000000         0  20.00000   0.00000   0.00000   -22883.6471000000
                 6.0000000000         0  20.00000   0.00000   0.00000    58320.2479000000
                 7.0000000000         0  20.00000   0.00000   0.00000   -96733.7399000000
                 8.0000000000         0  20.00000   0.00000   0.00000   100515.5930000000
                 9.0000000000         0  20.00000   0.00000   0.00000   -59492.9273000000
                10.0000000000         0  20.00000   0.00000   0.00000    15337.5181000000
                20.0000000000         0  20.00000   0.00000   0.00000     -108.3194530000
                30.0000000000         0  20.00000   0.00000   0.00000       58.7242217000
                40.0000000000         0  20.00000   0.00000   0.00000      -33.9818623000
                50.0000000000         0  20.00000   0.00000   0.00000       10.1503518000
               100.0000000000         0  20.00000   0.00000   0.00000       -0.2039701810
 
  END INFORMATION OF EXTERNAL POTENTIALS
 
                       INITIAL GEOMETRY: AMSTRONG
                 -----------------------------------
                       <x>                 <y>                 <z>
      E-BE        0.0000000000        0.0000000000        0.0000000000
      E-BE       10.5835449848        0.0000000000        0.0000000000
        E+        0.0000000000        0.0000000000        0.0000000000
        E+       10.5835449848        0.0000000000        0.0000000000
        BE        0.0000000000        0.0000000000        0.0000000000
        BE       10.5835449848        0.0000000000        0.0000000000
 
                     MATRIX OF DISTANCE: ANGSTROM
                 -----------------------------------
                          BE(1)          BE(2)     
 
        BE(1)            0.000000      10.583545
        BE(2)           10.583545       0.000000
 
--------------------------------------------------------------------------------
** PROGRAM: SCF (Hartree Fock).     Author: S.A. Gonzalez, E. Posada, F. Moncada
--------------------------------------------------------------------------------
INFO: RUNNING IN RHF MODE.
 
----------------------------------------------------------------------
** PROGRAM INTS                          Author: E. F. Posada, 2013   
----------------------------------------------------------------------
INFO: RUNNING IN ONE_PARTICLE MODE.
 
 Number of Overlap integrals for species E-:   2116
 Number of Overlap integrals for species POSITRON:   4624
 Number of Kinetic integrals for species E-:   2116
 Number of Kinetic integrals for species POSITRON:   4624
 Number of Nuclear integrals for species E-:   2116
 Number of Nuclear integrals for species POSITRON:   4624
 Number of Moment integrals for species E-:   6348
 Number of Moment integrals for species POSITRON:  13872
 Number of 3C Overlap integrals for species E-:   2116
 Number of 3C Overlap integrals for species POSITRON:   4624
 
** TOTAL CPU Time INTS :      0.390 (s)
** TOTAL Elapsed Time INTS :      0.152 (s)
 
Removed     4 orbitals for species POSITRON with overlap eigen threshold of 1.000E-06
       Usign  HCORE density guess for species:         E-
     number of         E-     particles in guess density matrix:     8.000000
       Usign  HCORE density guess for species:   POSITRON
     number of   POSITRON     particles in guess density matrix:     0.000000
 Warning!, density matrix with deviation from number of particles    1.000000
 Number of unique integrals for species: 1 = 73147
 Number of unique integrals for species: 2 = 319797
 Number of unique integrals for species: 1 / 2 = 449118 Screened: 6392
 
 TWO-BODY INTEGRAL SETUP: 
------------------------- 
 Storage:   DISK
 Scheme: LIBINT
 Stack size:  30000
 
 LIBINT library, Fermann, J. T.; Valeev, F. L. 2010                   
 LOWDIN-LIBINT Implementation V. 2.1  Posada E. F. ; Reyes A. 2016   
 ----------------------------------------------------------------------

*** TOTAL CPU time intra-species integrals :      0.415 (s)
*** TOTAL elapsed time intra-species integrals :      0.064 (s)


*** TOTAL CPU time inter-species integrals :      0.582 (s)
*** TOTAL elapsed time inter-species integrals :      0.096 (s)

INFO: RUNNING SCHEME SIMULTANEOUS
 
 Begin Multi-Species SCF calculation:
 
 --------------------------------------------------------------------------------------------------
      Iteration                   Energy            Energy Change           Density Change
 --------------------------------------------------------------------------------------------------
              1         -27.476463618992          27.476463618992           0.741435777053
              2         -29.113948616519           1.637484997527           0.096831790233
              3         -29.142235528696           0.028286912177           0.277404842516
              4         -29.148028915421           0.005793386725           0.073101534866
              5         -29.148399104424           0.000370189003           0.001011451235
              6         -29.148417951139           0.000018846715           0.000195802835
              7         -29.148423124462           0.000005173323           0.000062890055
              8         -29.148424892812           0.000001768350           0.000029762854
              9         -29.148425543752           0.000000650940           0.000015197792
             10         -29.148425787866           0.000000244114           0.000007487948
             11         -29.148425879667           0.000000091801           0.000003512567
             12         -29.148425914171           0.000000034504           0.000001580690
             13         -29.148425927132           0.000000012961           0.000000688588
             14         -29.148425932000           0.000000004868           0.000000292449
             15         -29.148425933829           0.000000001829           0.000000121344
             16         -29.148425934517           0.000000000688           0.000000049841
 Total energy converged after  16 global iterations                                                  
 
 ...end Multi-Species SCF calculation
 
 
 Begin SCF calculation by: E-
 -------------------------
 
 -----------------------------------------------------------------------------------
 Iteration                   Energy           Density Change         DIIS Error 
 -----------------------------------------------------------------------------------
    1         -29.855514218386           0.016925451451                 -- 
    2         -29.930256466683           0.003269051035                 -- 
    3         -29.941742997661           0.000842260414                 -- 
    4         -29.943619278517           0.000241970692                 -- 
    5         -29.943888794560           0.000073198101                 -- 
    6         -29.943909079357           0.000022968197                 -- 
    7         -29.943901534254           0.000007437061                 -- 
    8         -29.943895935970           0.000002473996                 -- 
    9         -29.943893376642           0.000000841448                 -- 
   10         -29.943892361395           0.000000291270                 -- 
   11         -29.943891983526           0.000000102219                 -- 
   12         -29.943891847544           0.000000036260                 -- 
   13         -29.943891799539           0.000000012972                 -- 
   14         -29.943891782780           0.000000004673                 -- 
   15         -29.943891776966           0.000000001692                 -- 
 
 ... end SCF calculation
 
 Begin SCF calculation by: POSITRON
 -------------------------
 
 -----------------------------------------------------------------------------------
 Iteration                   Energy           Density Change         DIIS Error 
 -----------------------------------------------------------------------------------
    1          -0.058675210010           0.079906338782                 -- 
    2          -0.040077747284           0.274135791480                 -- 
    3          -0.033602085353           0.072259274452                 -- 
    4          -0.033647773633           0.000769480543                 -- 
    5          -0.033680258154           0.000122604734                 -- 
    6          -0.033695298525           0.000039921858                 -- 
    7          -0.033701381655           0.000022325793                 -- 
    8          -0.033703694777           0.000012723796                 -- 
    9          -0.033704546610           0.000006646500                 -- 
   10          -0.033704854915           0.000003221297                 -- 
   11          -0.033704965484           0.000001478471                 -- 
   12          -0.033705004970           0.000000652327                 -- 
   13          -0.033705019054           0.000000279476                 -- 
   14          -0.033705024081           0.000000116672                 -- 
   15          -0.033705025879           0.000000048148                 -- 
 
 ... end SCF calculation
 
  EIGENVALUES AND EIGENVECTORS: 
 ==============================
 
 
  Eigenvalues for: E-
 -----------------
 
    1          -4.732348358547
    2          -4.732348344306
    3          -0.309261957231
    4          -0.309254151932
    5           0.025151606669
    6           0.028705244422
    7           0.028705244422
    8           0.030429263379
    9           0.030429263379
   10           0.033479934561
   11           0.048147726225
   12           0.055614147164
   13           0.093567633285
   14           0.096329724593
   15           0.096329724593
   16           0.099875580709
   17           0.099875580709
   18           0.109499675786
   19           0.317577788000
   20           0.325162454261
   21           0.343127644480
   22           0.344309859249
   23           0.344309859249
   24           0.347447702081
   25           0.347447702081
   26           0.356856787827
   27           0.692851148141
   28           0.692851148141
   29           0.692851148506
   30           0.692851148507
   31           0.692851273283
   32           0.692851273283
   33           0.692851279894
   34           0.692851279894
   35           0.692855258249
   36           0.692858926364
   37           1.195685557848
   38           1.197593343671
   39           1.197593343671
   40           1.200098752863
   41           1.200098752863
   42           1.206183140364
   43           1.412938478434
   44           1.418315271285
   45          10.065268762003
   46          10.068893597126
 
 
  Eigenvalues for: POSITRON
 -----------------
 
    1          -0.004534160622
    2          -0.001378090833
    3           0.000082565149
    4           0.000138745572
    5           0.000209229176
    6           0.000209229176
    7           0.000258091906
    8           0.000319794168
    9           0.000319794168
   10           0.000329398489
   11           0.000329398489
   12           0.000355038925
   13           0.000427884447
   14           0.000431225361
   15           0.000431225361
   16           0.000443097962
   17           0.000443097962
   18           0.000444114844
   19           0.000592547740
   20           0.000901943692
   21           0.000901943692
   22           0.000937127125
   23           0.001042091734
   24           0.001110629261
   25           0.001110629261
   26           0.001157110605
   27           0.001248449301
   28           0.001248449302
   29           0.001467364802
   30           0.001518255549
   31           0.001518255549
   32           0.001521417539
   33           0.001521417540
   34           0.001737437048
   35           0.001737437051
   36           0.001883144336
   37           0.002157166802
   38           0.002198932425
   39           0.003010268373
   40           0.003010268373
   41           0.003790785717
   42           0.003790785717
   43           0.004136399750
   44           0.004407391883
   45           0.005199267517
   46           0.005314432763
   47           0.008608483680
   48           0.008608483680
   49           0.010627547390
   50           0.010739576868
   51           0.010739576868
   52           0.012217367013
   53           0.015370116929
   54           0.016384027346
   55           0.050414220851
   56           0.052707890826
   57           0.192205550728
   58           0.194851829169
   59           0.855137228838
   60           0.856658672138
   61           2.940876869701
   62           2.942067474591
   63          10.802045988573
   64          10.803238493154
   65     1000000.000000000000
   66     1000000.000000000000
   67     1000000.000000000000
   68     1000000.000000000000
 
  end of eigenvalues 
 
  Occupied Eigenvectors for: E-
 --------------------------- 
 
                          -4.7323        -4.7323        -0.3093        -0.3093   
 
    1     BE     S       0.421634       0.421633      -0.077487      -0.077490
    2     BE     S       0.315682       0.315683      -0.131300      -0.131311
    3     BE    Px       0.000003      -0.000002      -0.000009       0.000012
    4     BE    Py      -0.000000      -0.000000      -0.000000      -0.000000
    5     BE    Pz      -0.000000      -0.000000       0.000000       0.000000
    6     BE     S      -0.003461      -0.003455       0.412955       0.412933
    7     BE    Px      -0.000011       0.000006       0.000053      -0.000070
    8     BE    Py       0.000000       0.000000       0.000000       0.000000
    9     BE    Pz       0.000000       0.000000       0.000000      -0.000000
   10     BE     S       0.001032       0.000994       0.353558       0.353786
   11     BE    Px       0.000024      -0.000013      -0.000131       0.000183
   12     BE    Py      -0.000000      -0.000000      -0.000000      -0.000000
   13     BE    Pz      -0.000000      -0.000000      -0.000000      -0.000000
   14     BE     S      -0.000322      -0.000292       0.015854       0.015699
   15     BE    Px      -0.000026       0.000014       0.000132      -0.000200
   16     BE    Py       0.000000       0.000000       0.000000       0.000000
   17     BE    Pz       0.000000       0.000000       0.000000      -0.000000
   18     BE   Dxx       0.000471       0.000476      -0.001245      -0.001265
   19     BE   Dxy       0.000000       0.000000       0.000000       0.000000
   20     BE   Dxz      -0.000000      -0.000000      -0.000000       0.000000
   21     BE   Dyy       0.000471       0.000476      -0.001245      -0.001265
   22     BE   Dyz       0.000000       0.000000       0.000000       0.000000
   23     BE   Dzz       0.000471       0.000476      -0.001245      -0.001265
   24     BE     S      -0.421634       0.421634      -0.077487       0.077490
   25     BE     S      -0.315682       0.315684      -0.131300       0.131311
   26     BE    Px       0.000003       0.000002       0.000009       0.000012
   27     BE    Py      -0.000000      -0.000000      -0.000000      -0.000000
   28     BE    Pz      -0.000000      -0.000000      -0.000000      -0.000000
   29     BE     S       0.003461      -0.003455       0.412955      -0.412933
   30     BE    Px      -0.000011      -0.000006      -0.000053      -0.000070
   31     BE    Py       0.000000       0.000000      -0.000000       0.000000
   32     BE    Pz       0.000000       0.000000      -0.000000      -0.000000
   33     BE     S      -0.001032       0.000994       0.353558      -0.353786
   34     BE    Px       0.000024       0.000013       0.000131       0.000183
   35     BE    Py       0.000000       0.000000      -0.000000      -0.000000
   36     BE    Pz      -0.000000      -0.000000       0.000000       0.000000
   37     BE     S       0.000322      -0.000292       0.015854      -0.015699
   38     BE    Px      -0.000026      -0.000014      -0.000132      -0.000200
   39     BE    Py      -0.000000      -0.000000      -0.000000       0.000000
   40     BE    Pz       0.000000       0.000000      -0.000000      -0.000000
   41     BE   Dxx      -0.000471       0.000476      -0.001245       0.001265
   42     BE   Dxy       0.000000      -0.000000      -0.000000       0.000000
   43     BE   Dxz      -0.000000      -0.000000       0.000000       0.000000
   44     BE   Dyy      -0.000471       0.000476      -0.001245       0.001265
   45     BE   Dyz       0.000000      -0.000000      -0.000000      -0.000000
   46     BE   Dzz      -0.000471       0.000476      -0.001245       0.001265
 
 
  Occupied Eigenvectors for: POSITRON
 --------------------------- 
 
                          -0.0045   
 
    1     E+     S       0.085950
    2     E+     S      -0.089116
    3     E+     S       0.081716
    4     E+     S       0.163247
    5     E+     S       0.264830
    6     E+     S       0.172125
    7     E+     S       0.121464
    8     E+     S      -0.095690
    9     E+     S      -0.005849
   10     E+     S      -0.000009
   11     E+    Px      -0.552445
   12     E+    Py       0.000000
   13     E+    Pz      -0.000000
   14     E+    Px       0.191163
   15     E+    Py      -0.000000
   16     E+    Pz       0.000000
   17     E+    Px      -0.016928
   18     E+    Py       0.000000
   19     E+    Pz      -0.000000
   20     E+    Px       0.014741
   21     E+    Py      -0.000000
   22     E+    Pz       0.000000
   23     E+   Dxx      -0.093209
   24     E+   Dxy       0.000000
   25     E+   Dxz      -0.000000
   26     E+   Dyy       0.003649
   27     E+   Dyz       0.000000
   28     E+   Dzz       0.003649
   29     E+   Dxx       0.068455
   30     E+   Dxy      -0.000000
   31     E+   Dxz       0.000000
   32     E+   Dyy       0.012680
   33     E+   Dyz      -0.000000
   34     E+   Dzz       0.012680
   35     E+     S       0.085950
   36     E+     S      -0.089116
   37     E+     S       0.081716
   38     E+     S       0.163247
   39     E+     S       0.264830
   40     E+     S       0.172125
   41     E+     S       0.121464
   42     E+     S      -0.095690
   43     E+     S      -0.005849
   44     E+     S      -0.000009
   45     E+    Px       0.552445
   46     E+    Py      -0.000000
   47     E+    Pz       0.000000
   48     E+    Px      -0.191163
   49     E+    Py       0.000000
   50     E+    Pz      -0.000000
   51     E+    Px       0.016928
   52     E+    Py      -0.000000
   53     E+    Pz       0.000000
   54     E+    Px      -0.014741
   55     E+    Py       0.000000
   56     E+    Pz      -0.000000
   57     E+   Dxx      -0.093209
   58     E+   Dxy       0.000000
   59     E+   Dxz      -0.000000
   60     E+   Dyy       0.003649
   61     E+   Dyz      -0.000000
   62     E+   Dzz       0.003649
   63     E+   Dxx       0.068455
   64     E+   Dxy      -0.000000
   65     E+   Dxz       0.000000
   66     E+   Dyy       0.012680
   67     E+   Dyz       0.000000
   68     E+   Dzz       0.012680
 
 
  end of eigenvectors 
 
  END OF EIGENVALUES AND EIGENVECTORS
 
 
  COMPONENTS OF KINETIC ENERGY: 
 -----------------------------
 
                  E- Kinetic energy =           29.142630002029
            POSITRON Kinetic energy =            0.014686502126
                                     _________________________
               Total kinetic energy =           29.157316504155
 
  COMPONENTS OF POTENTIAL ENERGY: 
 -------------------------------
 
          Fixed potential energy    =            0.800000000000
 
  Quantum/Fixed interaction energy: 
 ----------------------------------
 
          E-/Fixed interact. energy =          -68.863987931931
    POSITRON/Fixed interact. energy =            0.801437684924
                                     _________________________
               Total Q/Fixed energy =          -68.062550247007
 
  Coulomb energy: 
 ------------------
 
               E-/E- Hartree energy =           15.110576178524
   POSITRON/POSITRON Hartree energy =            0.000000000000
         E-/POSITRON Hartree energy =           -0.791487482673
                                     _________________________
               Total Hartree energy =           14.319088695851
 
  Exchange(HF) energy: 
 ----------------------
 
                 E- Exchange energy =           -5.333110022517
           POSITRON Exchange energy =            0.000000000000
                                     _________________________
              Total Exchange energy =           -5.333110022517
 
  External Potential energy: 
 ----------------------------
 
                  E- Ext Pot energy =            0.000000000000
            POSITRON Ext Pot energy =           -0.029170865257
                                     _________________________
    Total External Potential energy =           -0.029170865257
 
  TOTAL ENERGY COMPONENTS: 
 ==========================
 
          TOTAL KINETIC ENERGY      =           29.157316504155
          TOTAL POTENTIAL ENERGY    =          -58.305742438930
                                     _________________________
                       TOTAL ENERGY =          -29.148425934776
 
                 VIRIAL RATIO (V/T) =            1.999695082729
 
 
  END ENERGY COMPONENTS
 
 
** TOTAL CPU Time SCF :      1.156 (s)
** TOTAL Elapsed Time SCF :      0.384 (s)
 
 We are calculating properties for E- in the HF/KS ground state
 We are calculating properties for POSITRON in the HF/KS ground state
 
  POPULATION ANALYSES: 
 ====================
 
 MULLIKEN Population: for E-        
 ---------------------
 
                                    
 
    1     BE     S       1.166391
    2     BE     S       0.823587
    3     BE    Px      -0.000000
    4     BE    Py      -0.000000
    5     BE    Pz      -0.000000
    6     BE     S       1.043681
    7     BE    Px       0.000000
    8     BE    Py       0.000000
    9     BE    Pz       0.000000
   10     BE     S       0.942192
   11     BE    Px      -0.000000
   12     BE    Py       0.000000
   13     BE    Pz      -0.000000
   14     BE     S       0.031377
   15     BE    Px       0.000003
   16     BE    Py       0.000000
   17     BE    Pz       0.000000
   18     BE   Dxx      -0.002410
   19     BE   Dxy       0.000000
   20     BE   Dxz       0.000000
   21     BE   Dyy      -0.002410
   22     BE   Dyz       0.000000
   23     BE   Dzz      -0.002410
   24     BE     S       1.166391
   25     BE     S       0.823587
   26     BE    Px      -0.000000
   27     BE    Py       0.000000
   28     BE    Pz       0.000000
   29     BE     S       1.043681
   30     BE    Px       0.000000
   31     BE    Py       0.000000
   32     BE    Pz       0.000000
   33     BE     S       0.942192
   34     BE    Px      -0.000000
   35     BE    Py       0.000000
   36     BE    Pz      -0.000000
   37     BE     S       0.031377
   38     BE    Px       0.000003
   39     BE    Py       0.000000
   40     BE    Pz       0.000000
   41     BE   Dxx      -0.002410
   42     BE   Dxy       0.000000
   43     BE   Dxz       0.000000
   44     BE   Dyy      -0.002410
   45     BE   Dyz       0.000000
   46     BE   Dzz      -0.002410
 
                           __________
              Total =        8.000000
 
  Atomic MULLIKEN Population: for E-        
            BE               4.000000
            BE               4.000000
 
 ...end of MULLIKEN Population
 
 
 END POPULATION ANALYSES 
 
 
  POPULATION ANALYSES: 
 ====================
 
 LOWDIN Population: for E-        
 ---------------------
 
                                    
 
    1     BE     S       1.101746
    2     BE     S       0.875943
    3     BE    Px       0.000000
    4     BE    Py      -0.000000
    5     BE    Pz       0.000000
    6     BE     S       0.590927
    7     BE    Px       0.000000
    8     BE    Py      -0.000000
    9     BE    Pz       0.000000
   10     BE     S       0.552774
   11     BE    Px       0.000002
   12     BE    Py      -0.000000
   13     BE    Pz      -0.000000
   14     BE     S       0.204408
   15     BE    Px       0.000002
   16     BE    Py       0.000000
   17     BE    Pz       0.000000
   18     BE   Dxx       0.224736
   19     BE   Dxy       0.000000
   20     BE   Dxz       0.000000
   21     BE   Dyy       0.224732
   22     BE   Dyz       0.000000
   23     BE   Dzz       0.224732
   24     BE     S       1.101746
   25     BE     S       0.875943
   26     BE    Px       0.000000
   27     BE    Py      -0.000000
   28     BE    Pz      -0.000000
   29     BE     S       0.590927
   30     BE    Px       0.000000
   31     BE    Py       0.000000
   32     BE    Pz       0.000000
   33     BE     S       0.552774
   34     BE    Px       0.000002
   35     BE    Py       0.000000
   36     BE    Pz       0.000000
   37     BE     S       0.204408
   38     BE    Px       0.000002
   39     BE    Py       0.000000
   40     BE    Pz       0.000000
   41     BE   Dxx       0.224736
   42     BE   Dxy       0.000000
   43     BE   Dxz      -0.000000
   44     BE   Dyy       0.224732
   45     BE   Dyz       0.000000
   46     BE   Dzz       0.224732
 
                           __________
              Total =        8.000000
 
  Atomic LOWDIN Population: for E-        
            BE               4.000000
            BE               4.000000
 
 ...end of LOWDIN Population
 
 
 END POPULATION ANALYSES 
 
 
  POPULATION ANALYSES: 
 ====================
 
 MULLIKEN Population: for POSITRON  
 ---------------------
 
                                    
 
    1     E+     S       0.016690
    2     E+     S      -0.034185
    3     E+     S       0.051711
    4     E+     S       0.129265
    5     E+     S       0.198519
    6     E+     S       0.101534
    7     E+     S       0.045276
    8     E+     S      -0.016095
    9     E+     S      -0.000311
   10     E+     S      -0.000000
   11     E+    Px      -0.020200
   12     E+    Py      -0.000000
   13     E+    Pz      -0.000000
   14     E+    Px       0.021663
   15     E+    Py       0.000000
   16     E+    Pz       0.000000
   17     E+    Px      -0.004378
   18     E+    Py      -0.000000
   19     E+    Pz      -0.000000
   20     E+    Px       0.005115
   21     E+    Py      -0.000000
   22     E+    Pz      -0.000000
   23     E+   Dxx      -0.001594
   24     E+   Dxy       0.000000
   25     E+   Dxz       0.000000
   26     E+   Dyy       0.000033
   27     E+   Dyz      -0.000000
   28     E+   Dzz       0.000033
   29     E+   Dxx       0.005794
   30     E+   Dxy       0.000000
   31     E+   Dxz      -0.000000
   32     E+   Dyy       0.000565
   33     E+   Dyz      -0.000000
   34     E+   Dzz       0.000565
   35     E+     S       0.016690
   36     E+     S      -0.034185
   37     E+     S       0.051711
   38     E+     S       0.129265
   39     E+     S       0.198519
   40     E+     S       0.101534
   41     E+     S       0.045276
   42     E+     S      -0.016095
   43     E+     S      -0.000311
   44     E+     S      -0.000000
   45     E+    Px      -0.020200
   46     E+    Py      -0.000000
   47     E+    Pz      -0.000000
   48     E+    Px       0.021663
   49     E+    Py      -0.000000
   50     E+    Pz      -0.000000
   51     E+    Px      -0.004378
   52     E+    Py      -0.000000
   53     E+    Pz      -0.000000
   54     E+    Px       0.005115
   55     E+    Py      -0.000000
   56     E+    Pz       0.000000
   57     E+   Dxx      -0.001594
   58     E+   Dxy       0.000000
   59     E+   Dxz       0.000000
   60     E+   Dyy       0.000033
   61     E+   Dyz      -0.000000
   62     E+   Dzz       0.000033
   63     E+   Dxx       0.005794
   64     E+   Dxy       0.000000
   65     E+   Dxz      -0.000000
   66     E+   Dyy       0.000565
   67     E+   Dyz       0.000000
   68     E+   Dzz       0.000565
 
                           __________
              Total =        1.000000
 
  Atomic MULLIKEN Population: for POSITRON  
            BE               0.500000
            BE               0.500000
 
 ...end of MULLIKEN Population
 
 
 END POPULATION ANALYSES 
 
 
  POPULATION ANALYSES: 
 ====================
 
 LOWDIN Population: for POSITRON  
 ---------------------
 
                                    
 
    1     E+     S       0.001813
    2     E+     S       0.009655
    3     E+     S       0.049174
    4     E+     S       0.127136
    5     E+     S       0.155412
    6     E+     S       0.101306
    7     E+     S       0.030624
    8     E+     S       0.000499
    9     E+     S       0.000164
   10     E+     S       0.000020
   11     E+    Px       0.000064
   12     E+    Py       0.000000
   13     E+    Pz      -0.000000
   14     E+    Px       0.001089
   15     E+    Py       0.000000
   16     E+    Pz       0.000000
   17     E+    Px       0.006923
   18     E+    Py       0.000000
   19     E+    Pz       0.000000
   20     E+    Px       0.015800
   21     E+    Py       0.000000
   22     E+    Pz       0.000000
   23     E+   Dxx       0.000001
   24     E+   Dxy       0.000000
   25     E+   Dxz      -0.000000
   26     E+   Dyy       0.000004
   27     E+   Dyz       0.000000
   28     E+   Dzz       0.000004
   29     E+   Dxx       0.000199
   30     E+   Dxy       0.000000
   31     E+   Dxz      -0.000000
   32     E+   Dyy       0.000058
   33     E+   Dyz      -0.000000
   34     E+   Dzz       0.000058
   35     E+     S       0.001813
   36     E+     S       0.009655
   37     E+     S       0.049174
   38     E+     S       0.127136
   39     E+     S       0.155412
   40     E+     S       0.101306
   41     E+     S       0.030624
   42     E+     S       0.000499
   43     E+     S       0.000164
   44     E+     S       0.000020
   45     E+    Px       0.000064
   46     E+    Py       0.000000
   47     E+    Pz      -0.000000
   48     E+    Px       0.001089
   49     E+    Py       0.000000
   50     E+    Pz       0.000000
   51     E+    Px       0.006923
   52     E+    Py       0.000000
   53     E+    Pz       0.000000
   54     E+    Px       0.015800
   55     E+    Py       0.000000
   56     E+    Pz       0.000000
   57     E+   Dxx       0.000001
   58     E+   Dxy       0.000000
   59     E+   Dxz       0.000000
   60     E+   Dyy       0.000004
   61     E+   Dyz       0.000000
   62     E+   Dzz       0.000004
   63     E+   Dxx       0.000199
   64     E+   Dxy       0.000000
   65     E+   Dxz       0.000000
   66     E+   Dyy       0.000058
   67     E+   Dyz       0.000000
   68     E+   Dzz       0.000058
 
                           __________
              Total =        1.000000
 
  Atomic LOWDIN Population: for POSITRON  
            BE               0.500000
            BE               0.500000
 
 ...end of LOWDIN Population
 
 
 END POPULATION ANALYSES 
 
 
  EXPECTED POSITIONS OF QUANTUM SPECIES:
 ======================
 
 POSITIONS IN ANGSTROMS
 ------
 
                        <x>      <y>      <z>         
                 E-  42.3342  -0.0000  -0.0000
           POSITRON   5.2918  -0.0000  -0.0000
 
 END EXPECTED POSITIONS
 
 
  ELECTROSTATIC MOMENTS:
 ======================
 
 
 DIPOLE: (A.U.)
 ------
 
                           <Dx>         <Dy>         <Dz>          |D|
                 E- -80.00000000   0.00000000   0.00000000
           POSITRON  10.00000000  -0.00000000  -0.00000000
    Point charges:   80.00000000   0.00000000   0.00000000
                     ____________________________
      Total Dipole:  10.00000000  -0.00000000  -0.00000000  10.00000000
 
 DIPOLE: (DEBYE)
 ------
 
                           <Dx>         <Dy>         <Dz>          |D|
                 E--203.33969116   0.00000000   0.00000000
           POSITRON  25.41746140  -0.00000000  -0.00000000
    Point charges:  203.33969116   0.00000000   0.00000000
                     ____________________________
      Total Dipole:  25.41746140  -0.00000000  -0.00000000  25.41746140
 
 QUADRUPOLE NON-TRACELESS: (DEBYE ANGS)
 ------
 
                           <xx>         <yy>         <zz>         <xy>         <xz>         <yz>
                 E--2167.60802189  -15.54341985  -15.54341985   -0.00000000    0.00000000    0.00000000
           POSITRON  336.91416802   56.40287687   56.40287687    0.00000000   -0.00000000    0.00000000
    Point charges:  2152.05452311    0.00000000    0.00000000    0.00000000    0.00000000    0.00000000
  Total Quadrupole:  321.36066924   40.85945702   40.85945702    0.00000000   -0.00000000    0.00000000
                     ____________________________
 
 END ELECTROSTATIC MOMENTS
 

  TOTAL CPU Time:      0.259 (s)
 TOTAL Wall Time:      0.434 (s)
  Elapsed Time:   0h  0m  0s 434ms
LOWDIN execution terminated normally at : Tue Nov 26 15:31:10 2024
-rw-rw-r-- 1 pohl pohl 704K nov 26 15:31 0E-.ints
-rw-rw-r-- 1 pohl pohl 2.8M nov 26 15:31 0E-.POSITRON.ints
-rw-rw-r-- 1 pohl pohl 2.1M nov 26 15:31 0POSITRON.ints
-rw-rw-r-- 1 pohl pohl 704K nov 26 15:31 1E-.ints
-rw-rw-r-- 1 pohl pohl 2.8M nov 26 15:31 1E-.POSITRON.ints
-rw-rw-r-- 1 pohl pohl 2.1M nov 26 15:31 1POSITRON.ints
-rw-rw-r-- 1 pohl pohl 704K nov 26 15:31 2E-.ints
-rw-rw-r-- 1 pohl pohl 2.8M nov 26 15:31 2E-.POSITRON.ints
-rw-rw-r-- 1 pohl pohl 2.1M nov 26 15:31 2POSITRON.ints
-rw-rw-r-- 1 pohl pohl 704K nov 26 15:31 3E-.ints
-rw-rw-r-- 1 pohl pohl 2.8M nov 26 15:31 3E-.POSITRON.ints
-rw-rw-r-- 1 pohl pohl 2.1M nov 26 15:31 3POSITRON.ints
-rw-rw-r-- 1 pohl pohl   12 nov 26 15:31 E-.POSITRON.nints
-rw-rw-r-- 1 pohl pohl   64 nov 26 15:31 gepol.inp
-rw-rw-r-- 1 pohl pohl   91 nov 26 15:31 gepol.xyzr
-rw-rw-r-- 1 pohl pohl 9.5K nov 26 15:31 lowdin.bas
-rw-rw-r-- 1 pohl pohl  16K nov 26 15:31 lowdin.dat
-rw-rw-r-- 1 pohl pohl 691K nov 26 15:31 lowdin.opints
-rw-rw-r-- 1 pohl pohl  26K nov 26 15:31 lowdin.sys
-rw-rw-r-- 1 pohl pohl 689K nov 26 15:31 lowdin.wfn
-rw-rw-r-- 1 pohl pohl  498 nov 26 15:31 usual_91
-rw-rw-r-- 1 pohl pohl 1.8K nov 26 15:31 usual_91.aux
-rw-rw-r-- 1 pohl pohl  503 nov 26 15:31 usual_91.lowdin
-rw-rw-r-- 1 pohl pohl  46K nov 26 15:31 usual_91.out
-rw-rw-r-- 1 pohl pohl  54K nov 26 15:31 usual_91.vec
