Begin job by input: usual_194.lowdin, for user:   at  mar 26 nov 2024 15:32:07 -05
under operating system Linux helios 5.19.0-46-generic #47-Ubuntu SMP PREEMPT_DYNAMIC Fri Jun 16 13:30:11 UTC 2023 x86_64 x86_64 x86_64 GNU/Linux
Compilation information
  commit: f31d3924f6ee2ce9d77f07edcc1ba27359319d14
  compilation date:  mar 17 sep 2024 16:16:17 -05

BEGIN INPUT INFO:
------------------------------------

GEOMETRY
	Be	Dirac	0.0 0.0 0.0
	e-(Be)	6-311++G.d.p 0.0 0.0 0.0
	E+	GRIBAKIN-10S4P2D 0.0 0.0 0.0
	Be	Dirac	40.6 0.0 0.0
	e-(Be)	6-311++G.d.p	40.6 0.0 0.0
	E+	GRIBAKIN-10S4P2D 40.6 0.0 0.0 addParticles=-1 
END GEOMETRY

TASKS
        method = "RHF"
END TASKS

EXTERPOTENTIAL
	E- GRIBAKIN0
	E+ JOR194
END EXTERPOTENTIAL

CONTROL
	units="BOHRS"
	readCoefficients=F
	convergenceMethod=1
	overlapEigenThreshold=1E-6
	SCFGhostSpecies="POSITRON"
	HFprintEigenvalues=T
	totalEnergyTolerance = 1E-9
END CONTROL


... END INPUT INFO


 LOWDIN execution started at : Tue Nov 26 15:32:07 2024
 ---------------------------------------------------------------
 
 ***************************************************************
 *                   LOWDIN 2.0  (May/2013)                    *
 *                                                             *
 *  R. FLORES-MORENO, E. F. POSADA, F. S. MONCADA, J.ROMERO,   *
 *  J. CHARRY, M. DIAZ-TINOCO, S. A. GONZALEZ, N. F. AGUIRRE,  *
 *  A. REYES                                                   *
 *                                                             *
 *  https://sites.google.com/site/lowdinproject/               *
 *                                                             *
 ***************************************************************
 
 PARSING INPUT... DONE!
 
 LOWDIN IS RUNNING WITH NEXT PARAMETERS: 
 ----------------------------------------
 
         METHOD TYPE:  RHF
         NUMBER OF CORES:     4
         NONELECTRONIC DENSITY GUESS: HCORE
         ELECTRONIC DENSITY GUESS: HCORE
         CRITERIUM OF CONVERGENCE: ENERGY
         NONELECTRONIC ENERGY TOLERANCE IN SCFs:     0.10000E-07
         ELECTRONIC ENERGY TOLERANCE IN SCFs:     0.10000E-07
         TOTAL ENERGY TOLERANCE IN SCFs:     0.10000E-08
         SCHEME OF ITERATION: GLOBAL ITERATIONS
         SCF MAX. SUBITERATIONS - NONELECTRONS :     1
         SCF MAX. SUBITERATIONS - ELECTRONS :     1
         SCF MAX. ITERATIONS - INTERSPECIES :   200
         INTEGRAL STORAGE: DISK
         STACK SIZE FOR ERIS : 30000
         METHOD OF SCF CONVERGENCE: DAMPING
 
  MOLECULAR SYSTEM: usual_194
 -----------------
 
    DESCRIPTION   : usual_194
    CHARGE        :   2
    PUNTUAL GROUP : NONE
 
 
  INFORMATION OF PARTICLES :
 =========================
         Total number of particles   =      11
         Number of quantum particles =       9
         Number of puntual charges   =       2
         Number of quantum species   =       2
 
                 INFORMATION OF QUANTUM SPECIES 
    ----------------------------------------------------------------------
         ID      Symbol            mass     charge      omega     spin     multiplicity
    ----------------------------------------------------------------------
         1             E-         1.0000     -1.00      0.00      0.50      1.00
         2             E+         1.0000      1.00      0.00      0.50      1.00
 
                   CONSTANTS OF COUPLING 
      ------------------------------------------------------------
              Symbol      kappa        eta     lambda occupation
      ------------------------------------------------------------
                  E-      -1.00       2.00       2.00       4.00
                  E+      -1.00       1.00       1.00       1.00
 
                   BASIS SET FOR SPECIES 
      ------------------------------------------------------------
           Symbol          N. Basis     N. Particles     Basis Set
      ------------------------------------------------------------
                 E-           20                8     6-311++G.D
                 E+           32                1     GRIBAKIN-1
 
                                ATOMIC BASIS
         ------------------------------------------------------------
          PRIMITIVE   SHELL             EXPONENT         COEFFICIENT 
         ------------------------------------------------------------
 
    BEGIN DESCRIPTION OF BASIS FOR:    E-
    ==============================
 
 
            BE BASIS SET:   6-311++G.D.P
             1         S             1682.80000000          0.00228574
             2         S              251.71500000          0.01759380
             3         S               57.41160000          0.08633150
             4         S               16.51710000          0.28183500
             5         S                4.85364000          0.64059400
             6         S                0.62686300          0.14446700
             1         S                8.30938000          0.10862100
             2         S                1.74075000          0.92730100
             3         S                0.48581600         -0.00297169
             1         P                8.30938000          0.03613440
             2         P                1.74075000          0.21695800
             3         P                0.48581600          0.84183900
             1         S                0.16361300          1.00000000
             1         P                0.16361300          1.00000000
             1         S                0.05672850          1.00000000
             1         P                0.05672850          1.00000000
             1         S                0.02070000          1.00000000
             1         P                0.02070000          1.00000000
             1         D                0.25500000          1.00000000
 
            BE BASIS SET:   6-311++G.D.P
             1         S             1682.80000000          0.00228574
             2         S              251.71500000          0.01759380
             3         S               57.41160000          0.08633150
             4         S               16.51710000          0.28183500
             5         S                4.85364000          0.64059400
             6         S                0.62686300          0.14446700
             1         S                8.30938000          0.10862100
             2         S                1.74075000          0.92730100
             3         S                0.48581600         -0.00297169
             1         P                8.30938000          0.03613440
             2         P                1.74075000          0.21695800
             3         P                0.48581600          0.84183900
             1         S                0.16361300          1.00000000
             1         P                0.16361300          1.00000000
             1         S                0.05672850          1.00000000
             1         P                0.05672850          1.00000000
             1         S                0.02070000          1.00000000
             1         P                0.02070000          1.00000000
             1         D                0.25500000          1.00000000
    ... END DESCRIPTION OF BASIS
 
 
    BEGIN DESCRIPTION OF BASIS FOR:    E+
    ==============================
 
 
            E+ BASIS SET:GRIBAKIN-10S4P2
             1         S                0.00010000          1.00000000
             1         S                0.00030000          1.00000000
             1         S                0.00090000          1.00000000
             1         S                0.00270000          1.00000000
             1         S                0.00810000          1.00000000
             1         S                0.02430000          1.00000000
             1         S                0.07290000          1.00000000
             1         S                0.21870000          1.00000000
             1         S                0.65610000          1.00000000
             1         S                1.96830000          1.00000000
             1         P                0.00010000          1.00000000
             1         P                0.00030000          1.00000000
             1         P                0.00090000          1.00000000
             1         P                0.00270000          1.00000000
             1         D                0.00010000          1.00000000
             1         D                0.00030000          1.00000000
 
            E+ BASIS SET:GRIBAKIN-10S4P2
             1         S                0.00010000          1.00000000
             1         S                0.00030000          1.00000000
             1         S                0.00090000          1.00000000
             1         S                0.00270000          1.00000000
             1         S                0.00810000          1.00000000
             1         S                0.02430000          1.00000000
             1         S                0.07290000          1.00000000
             1         S                0.21870000          1.00000000
             1         S                0.65610000          1.00000000
             1         S                1.96830000          1.00000000
             1         P                0.00010000          1.00000000
             1         P                0.00030000          1.00000000
             1         P                0.00090000          1.00000000
             1         P                0.00270000          1.00000000
             1         D                0.00010000          1.00000000
             1         D                0.00030000          1.00000000
    ... END DESCRIPTION OF BASIS
 
 
  END INFORMATION OF PARTICLES
 
 
  INFORMATION OF THE QUANTUM SYSTEM 
     ---------------------------------------------------------------------
                 ID     Occupied Orbitals     Basis size
     ---------------------------------------------------------------------
                 E-            4               46
                 E+            1               68
 
  END INFORMATION OF QUANTUM SYSTEM
 
 
  INFORMATION OF EXTERNAL POTENTIALS 
 
 =======
 External Potential for E- : GRIBAKIN0
 Type : 
                     Exponent         l       R_x       R_y       R_z              Factor
                 0.0010000000         0   0.00000   0.00000   0.00000        0.0000000000
 
 =======
 External Potential for E+ : JOR194
 Type : 
                     Exponent         l       R_x       R_y       R_z              Factor
                 0.0010000000         0   0.00000   0.00000   0.00000       -0.0004852612
                 0.0020000000         0   0.00000   0.00000   0.00000        0.0024441783
                 0.0040000000         0   0.00000   0.00000   0.00000       -0.0075448874
                 0.0080000000         0   0.00000   0.00000   0.00000        0.0157738437
                 0.0160000000         0   0.00000   0.00000   0.00000       -0.0371036225
                 0.0320000000         0   0.00000   0.00000   0.00000        0.0538567205
                 0.0640000000         0   0.00000   0.00000   0.00000       -0.1977562620
                 0.1280000000         0   0.00000   0.00000   0.00000        0.1521150960
                 0.2560000000         0   0.00000   0.00000   0.00000       -2.2309931100
                 0.5120000000         0   0.00000   0.00000   0.00000        7.1544406100
                 1.0000000000         0   0.00000   0.00000   0.00000      -16.4610761000
                 2.0000000000         0   0.00000   0.00000   0.00000      120.0674500000
                 3.0000000000         0   0.00000   0.00000   0.00000    -1010.4441400000
                 4.0000000000         0   0.00000   0.00000   0.00000     5912.5175500000
                 5.0000000000         0   0.00000   0.00000   0.00000   -22883.6471000000
                 6.0000000000         0   0.00000   0.00000   0.00000    58320.2479000000
                 7.0000000000         0   0.00000   0.00000   0.00000   -96733.7399000000
                 8.0000000000         0   0.00000   0.00000   0.00000   100515.5930000000
                 9.0000000000         0   0.00000   0.00000   0.00000   -59492.9273000000
                10.0000000000         0   0.00000   0.00000   0.00000    15337.5181000000
                20.0000000000         0   0.00000   0.00000   0.00000     -108.3194530000
                30.0000000000         0   0.00000   0.00000   0.00000       58.7242217000
                40.0000000000         0   0.00000   0.00000   0.00000      -33.9818623000
                50.0000000000         0   0.00000   0.00000   0.00000       10.1503518000
               100.0000000000         0   0.00000   0.00000   0.00000       -0.2039701810
                 0.0010000000         0  40.60000   0.00000   0.00000       -0.0004852612
                 0.0020000000         0  40.60000   0.00000   0.00000        0.0024441783
                 0.0040000000         0  40.60000   0.00000   0.00000       -0.0075448874
                 0.0080000000         0  40.60000   0.00000   0.00000        0.0157738437
                 0.0160000000         0  40.60000   0.00000   0.00000       -0.0371036225
                 0.0320000000         0  40.60000   0.00000   0.00000        0.0538567205
                 0.0640000000         0  40.60000   0.00000   0.00000       -0.1977562620
                 0.1280000000         0  40.60000   0.00000   0.00000        0.1521150960
                 0.2560000000         0  40.60000   0.00000   0.00000       -2.2309931100
                 0.5120000000         0  40.60000   0.00000   0.00000        7.1544406100
                 1.0000000000         0  40.60000   0.00000   0.00000      -16.4610761000
                 2.0000000000         0  40.60000   0.00000   0.00000      120.0674500000
                 3.0000000000         0  40.60000   0.00000   0.00000    -1010.4441400000
                 4.0000000000         0  40.60000   0.00000   0.00000     5912.5175500000
                 5.0000000000         0  40.60000   0.00000   0.00000   -22883.6471000000
                 6.0000000000         0  40.60000   0.00000   0.00000    58320.2479000000
                 7.0000000000         0  40.60000   0.00000   0.00000   -96733.7399000000
                 8.0000000000         0  40.60000   0.00000   0.00000   100515.5930000000
                 9.0000000000         0  40.60000   0.00000   0.00000   -59492.9273000000
                10.0000000000         0  40.60000   0.00000   0.00000    15337.5181000000
                20.0000000000         0  40.60000   0.00000   0.00000     -108.3194530000
                30.0000000000         0  40.60000   0.00000   0.00000       58.7242217000
                40.0000000000         0  40.60000   0.00000   0.00000      -33.9818623000
                50.0000000000         0  40.60000   0.00000   0.00000       10.1503518000
               100.0000000000         0  40.60000   0.00000   0.00000       -0.2039701810
 
  END INFORMATION OF EXTERNAL POTENTIALS
 
                       INITIAL GEOMETRY: AMSTRONG
                 -----------------------------------
                       <x>                 <y>                 <z>
      E-BE        0.0000000000        0.0000000000        0.0000000000
      E-BE       21.4845963191        0.0000000000        0.0000000000
        E+        0.0000000000        0.0000000000        0.0000000000
        E+       21.4845963191        0.0000000000        0.0000000000
        BE        0.0000000000        0.0000000000        0.0000000000
        BE       21.4845963191        0.0000000000        0.0000000000
 
                     MATRIX OF DISTANCE: ANGSTROM
                 -----------------------------------
                          BE(1)          BE(2)     
 
        BE(1)            0.000000      21.484596
        BE(2)           21.484596       0.000000
 
--------------------------------------------------------------------------------
** PROGRAM: SCF (Hartree Fock).     Author: S.A. Gonzalez, E. Posada, F. Moncada
--------------------------------------------------------------------------------
INFO: RUNNING IN RHF MODE.
 
----------------------------------------------------------------------
** PROGRAM INTS                          Author: E. F. Posada, 2013   
----------------------------------------------------------------------
INFO: RUNNING IN ONE_PARTICLE MODE.
 
 Number of Overlap integrals for species E-:   2116
 Number of Overlap integrals for species POSITRON:   4624
 Number of Kinetic integrals for species E-:   2116
 Number of Kinetic integrals for species POSITRON:   4624
 Number of Nuclear integrals for species E-:   2116
 Number of Nuclear integrals for species POSITRON:   4624
 Number of Moment integrals for species E-:   6348
 Number of Moment integrals for species POSITRON:  13872
 Number of 3C Overlap integrals for species E-:   2116
 Number of 3C Overlap integrals for species POSITRON:   4624
 
** TOTAL CPU Time INTS :      0.397 (s)
** TOTAL Elapsed Time INTS :      0.153 (s)
 
Removed     1 orbitals for species POSITRON with overlap eigen threshold of 1.000E-06
       Usign  HCORE density guess for species:         E-
     number of         E-     particles in guess density matrix:     8.000000
       Usign  HCORE density guess for species:   POSITRON
     number of   POSITRON     particles in guess density matrix:     0.000000
 Warning!, density matrix with deviation from number of particles    1.000000
 Number of unique integrals for species: 1 = 34550
 Number of unique integrals for species: 2 = 291578
 Number of unique integrals for species: 1 / 2 = 322157 Screened: 29209
 
 TWO-BODY INTEGRAL SETUP: 
------------------------- 
 Storage:   DISK
 Scheme: LIBINT
 Stack size:  30000
 
 LIBINT library, Fermann, J. T.; Valeev, F. L. 2010                   
 LOWDIN-LIBINT Implementation V. 2.1  Posada E. F. ; Reyes A. 2016   
 ----------------------------------------------------------------------

*** TOTAL CPU time intra-species integrals :      0.346 (s)
*** TOTAL elapsed time intra-species integrals :      0.053 (s)


*** TOTAL CPU time inter-species integrals :      0.546 (s)
*** TOTAL elapsed time inter-species integrals :      0.086 (s)

INFO: RUNNING SCHEME SIMULTANEOUS
 
 Begin Multi-Species SCF calculation:
 
 --------------------------------------------------------------------------------------------------
      Iteration                   Energy            Energy Change           Density Change
 --------------------------------------------------------------------------------------------------
              1         -27.548489879136          27.548489879136           0.323752169264
              2         -29.115292988768           1.566803109632           0.022806382695
              3         -29.140845948335           0.025552959567           0.007286221679
              4         -29.146481281914           0.005635333579           0.003069506116
              5         -29.147129520071           0.000648238156           0.000230722343
              6         -29.147127269744          -0.000002250327           0.000057481991
              7         -29.147127017919          -0.000000251825           0.000014815463
              8         -29.147127133208           0.000000115289           0.000004077382
              9         -29.147127224129           0.000000090921           0.000001257355
             10         -29.147127267577           0.000000043448           0.000000414289
             11         -29.147127285379           0.000000017802           0.000000144459
             12         -29.147127292177           0.000000006798           0.000000052641
             13         -29.147127294677           0.000000002500           0.000000019773
             14         -29.147127295578           0.000000000901           0.000000007564
 Total energy converged after  14 global iterations                                                  
 
 ...end Multi-Species SCF calculation
 
 
 Begin SCF calculation by: E-
 -------------------------
 
 -----------------------------------------------------------------------------------
 Iteration                   Energy           Density Change         DIIS Error 
 -----------------------------------------------------------------------------------
    1         -29.416904962626           0.019941106445                 -- 
    2         -29.516908801775           0.003545214167                 -- 
    3         -29.533906771878           0.000809735807                 -- 
    4         -29.537180304722           0.000202406722                 -- 
    5         -29.537825906895           0.000052790264                 -- 
    6         -29.537952436262           0.000014203718                 -- 
    7         -29.537976192024           0.000003948108                 -- 
    8         -29.537980142157           0.000001138700                 -- 
    9         -29.537980578371           0.000000341702                 -- 
   10         -29.537980524005           0.000000106608                 -- 
   11         -29.537980459819           0.000000034447                 -- 
   12         -29.537980427678           0.000000011462                 -- 
   13         -29.537980414435           0.000000003905                 -- 
 
 ... end SCF calculation
 
 Begin SCF calculation by: POSITRON
 -------------------------
 
 -----------------------------------------------------------------------------------
 Iteration                   Energy           Density Change         DIIS Error 
 -----------------------------------------------------------------------------------
    1          -0.063268851763           0.002865276250                 -- 
    2          -0.042946562279           0.003741007512                 -- 
    3          -0.031151695248           0.002259770309                 -- 
    4          -0.030966193105           0.000028315622                 -- 
    5          -0.030934250207           0.000004691727                 -- 
    6          -0.030930240837           0.000000611745                 -- 
    7          -0.030930408211           0.000000129274                 -- 
    8          -0.030930809009           0.000000118655                 -- 
    9          -0.030931022388           0.000000072588                 -- 
   10          -0.030931112027           0.000000037851                 -- 
   11          -0.030931146198           0.000000018194                 -- 
   12          -0.030931158577           0.000000008310                 -- 
   13          -0.030931162928           0.000000003659                 -- 
 
 ... end SCF calculation
 
  EIGENVALUES AND EIGENVECTORS: 
 ==============================
 
 
  Eigenvalues for: E-
 -----------------
 
    1          -4.732348739416
    2          -4.732348739416
    3          -0.309258221950
    4          -0.309258221946
    5           0.029565461751
    6           0.029565773587
    7           0.029565773587
    8           0.029565794385
    9           0.029565794385
   10           0.029566106205
   11           0.051096185259
   12           0.051096284575
   13           0.098027976461
   14           0.098028612985
   15           0.098028612985
   16           0.098028654974
   17           0.098028654974
   18           0.098029291498
   19           0.321204887595
   20           0.321204974940
   21           0.345804233614
   22           0.345804672380
   23           0.345804672380
   24           0.345804700705
   25           0.345804700705
   26           0.345805139474
   27           0.692850857046
   28           0.692850857046
   29           0.692850857046
   30           0.692850857046
   31           0.692850857046
   32           0.692850857046
   33           0.692850857047
   34           0.692850857047
   35           0.692850857047
   36           0.692850857047
   37           1.198792448910
   38           1.198792699421
   39           1.198792699421
   40           1.198792715270
   41           1.198792715270
   42           1.198792965782
   43           1.414741284084
   44           1.414741317511
   45          10.066564131924
   46          10.066564149869
 
 
  Eigenvalues for: POSITRON
 -----------------
 
    1          -0.003235558898
    2          -0.002936685396
    3           0.000084638853
    4           0.000135808504
    5           0.000207525517
    6           0.000207525517
    7           0.000258238562
    8           0.000280588975
    9           0.000280588975
   10           0.000325980643
   11           0.000325980643
   12           0.000364044599
   13           0.000409127098
   14           0.000427628852
   15           0.000427628852
   16           0.000436758324
   17           0.000438433785
   18           0.000438433785
   19           0.000566705615
   20           0.000566705615
   21           0.000592584005
   22           0.000886152405
   23           0.000886152405
   24           0.000960920537
   25           0.001023512577
   26           0.001133911391
   27           0.001133911391
   28           0.001151773699
   29           0.001227135960
   30           0.001227135960
   31           0.001245252237
   32           0.001494383302
   33           0.001494383302
   34           0.001496130824
   35           0.001496130824
   36           0.001789288907
   37           0.001789288907
   38           0.001842071516
   39           0.002101081049
   40           0.002173113515
   41           0.002402436224
   42           0.002914847773
   43           0.002914847773
   44           0.003645202256
   45           0.003645202256
   46           0.003706778520
   47           0.004565664790
   48           0.005085253888
   49           0.005563865155
   50           0.008599331140
   51           0.009098479198
   52           0.009098479198
   53           0.009637006202
   54           0.009637006202
   55           0.011335626832
   56           0.014452868170
   57           0.015496523332
   58           0.051066461024
   59           0.051626731901
   60           0.193042233687
   61           0.193436638581
   62           0.855408971094
   63           0.855833424185
   64           2.941085364169
   65           2.941454405376
   66          10.802245585645
   67          10.802627254906
   68     1000000.000000000000
 
  end of eigenvalues 
 
  Occupied Eigenvectors for: E-
 --------------------------- 
 
                          -4.7323        -4.7323        -0.3093        -0.3093   
 
    1     BE     S      -0.461199      -0.377949       0.077431      -0.077547
    2     BE     S      -0.345306      -0.282976       0.131207      -0.131404
    3     BE    Px       0.000000       0.000000      -0.000000       0.000000
    4     BE    Py      -0.000000      -0.000000       0.000000      -0.000000
    5     BE    Pz       0.000000       0.000000       0.000000      -0.000000
    6     BE     S       0.003782       0.003099      -0.412640       0.413259
    7     BE    Px      -0.000000      -0.000000      -0.000000       0.000000
    8     BE    Py       0.000000       0.000000      -0.000000       0.000000
    9     BE    Pz      -0.000000      -0.000000       0.000000      -0.000000
   10     BE     S      -0.001102      -0.000903      -0.353382       0.353912
   11     BE    Px       0.000000       0.000000       0.000000      -0.000000
   12     BE    Py      -0.000000      -0.000000       0.000000      -0.000000
   13     BE    Pz       0.000000       0.000000       0.000000      -0.000000
   14     BE     S       0.000332       0.000272      -0.015788       0.015811
   15     BE    Px       0.000000      -0.000000       0.000000      -0.000000
   16     BE    Py       0.000000       0.000000      -0.000000       0.000000
   17     BE    Pz      -0.000000      -0.000000      -0.000000       0.000000
   18     BE   Dxx      -0.000519      -0.000425       0.001252      -0.001254
   19     BE   Dxy       0.000000       0.000000      -0.000000       0.000000
   20     BE   Dxz      -0.000000      -0.000000       0.000000      -0.000000
   21     BE   Dyy      -0.000519      -0.000425       0.001252      -0.001254
   22     BE   Dyz      -0.000000      -0.000000       0.000000      -0.000000
   23     BE   Dzz      -0.000519      -0.000425       0.001252      -0.001254
   24     BE     S       0.377949      -0.461199       0.077547       0.077431
   25     BE     S       0.282976      -0.345306       0.131404       0.131207
   26     BE    Px       0.000000      -0.000000       0.000000       0.000000
   27     BE    Py      -0.000000      -0.000000       0.000000      -0.000000
   28     BE    Pz       0.000000       0.000000      -0.000000       0.000000
   29     BE     S      -0.003099       0.003782      -0.413259      -0.412640
   30     BE    Px      -0.000000       0.000000       0.000000       0.000000
   31     BE    Py       0.000000       0.000000      -0.000000       0.000000
   32     BE    Pz      -0.000000      -0.000000       0.000000      -0.000000
   33     BE     S       0.000903      -0.001102      -0.353912      -0.353382
   34     BE    Px       0.000000      -0.000000      -0.000000      -0.000000
   35     BE    Py      -0.000000      -0.000000       0.000000      -0.000000
   36     BE    Pz       0.000000       0.000000      -0.000000       0.000000
   37     BE     S      -0.000272       0.000332      -0.015811      -0.015788
   38     BE    Px       0.000000       0.000000      -0.000000      -0.000000
   39     BE    Py      -0.000000       0.000000      -0.000000       0.000000
   40     BE    Pz      -0.000000      -0.000000       0.000000      -0.000000
   41     BE   Dxx       0.000425      -0.000519       0.001254       0.001252
   42     BE   Dxy       0.000000       0.000000      -0.000000      -0.000000
   43     BE   Dxz      -0.000000       0.000000      -0.000000      -0.000000
   44     BE   Dyy       0.000425      -0.000519       0.001254       0.001252
   45     BE   Dyz       0.000000      -0.000000       0.000000       0.000000
   46     BE   Dzz       0.000425      -0.000519       0.001254       0.001252
 
 
  Occupied Eigenvectors for: POSITRON
 --------------------------- 
 
                          -0.0032   
 
    1     E+     S      -0.014499
    2     E+     S      -0.018033
    3     E+     S       0.117594
    4     E+     S       0.204348
    5     E+     S       0.267978
    6     E+     S       0.172591
    7     E+     S       0.118665
    8     E+     S      -0.093872
    9     E+     S      -0.005817
   10     E+     S       0.000001
   11     E+    Px      -0.023652
   12     E+    Py      -0.000000
   13     E+    Pz      -0.000000
   14     E+    Px       0.004351
   15     E+    Py       0.000000
   16     E+    Pz       0.000000
   17     E+    Px      -0.001242
   18     E+    Py       0.000000
   19     E+    Pz      -0.000000
   20     E+    Px       0.001117
   21     E+    Py      -0.000000
   22     E+    Pz       0.000000
   23     E+   Dxx      -0.005203
   24     E+   Dxy      -0.000000
   25     E+   Dxz      -0.000000
   26     E+   Dyy       0.003544
   27     E+   Dyz      -0.000000
   28     E+   Dzz       0.003544
   29     E+   Dxx       0.013328
   30     E+   Dxy       0.000000
   31     E+   Dxz       0.000000
   32     E+   Dyy       0.011254
   33     E+   Dyz       0.000000
   34     E+   Dzz       0.011254
   35     E+     S      -0.014499
   36     E+     S      -0.018033
   37     E+     S       0.117594
   38     E+     S       0.204348
   39     E+     S       0.267978
   40     E+     S       0.172591
   41     E+     S       0.118665
   42     E+     S      -0.093872
   43     E+     S      -0.005817
   44     E+     S       0.000001
   45     E+    Px       0.023652
   46     E+    Py       0.000000
   47     E+    Pz       0.000000
   48     E+    Px      -0.004351
   49     E+    Py      -0.000000
   50     E+    Pz      -0.000000
   51     E+    Px       0.001242
   52     E+    Py       0.000000
   53     E+    Pz       0.000000
   54     E+    Px      -0.001117
   55     E+    Py      -0.000000
   56     E+    Pz      -0.000000
   57     E+   Dxx      -0.005203
   58     E+   Dxy      -0.000000
   59     E+   Dxz      -0.000000
   60     E+   Dyy       0.003544
   61     E+   Dyz       0.000000
   62     E+   Dzz       0.003544
   63     E+   Dxx       0.013328
   64     E+   Dxy       0.000000
   65     E+   Dxz       0.000000
   66     E+   Dyy       0.011254
   67     E+   Dyz      -0.000000
   68     E+   Dzz       0.011254
 
 
  end of eigenvectors 
 
  END OF EIGENVALUES AND EIGENVECTORS
 
 
  COMPONENTS OF KINETIC ENERGY: 
 -----------------------------
 
                  E- Kinetic energy =           29.142628633231
            POSITRON Kinetic energy =            0.014882186471
                                     _________________________
               Total kinetic energy =           29.157510819703
 
  COMPONENTS OF POTENTIAL ENERGY: 
 -------------------------------
 
          Fixed potential energy    =            0.394088669951
 
  Quantum/Fixed interaction energy: 
 ----------------------------------
 
          E-/Fixed interact. energy =          -68.052161616647
    POSITRON/Fixed interact. energy =            0.675591178821
                                     _________________________
               Total Q/Fixed energy =          -67.376570437826
 
  Coulomb energy: 
 ------------------
 
               E-/E- Hartree energy =           14.704662029857
   POSITRON/POSITRON Hartree energy =            0.000000000000
         E-/POSITRON Hartree energy =           -0.666013320481
                                     _________________________
               Total Hartree energy =           14.038648709376
 
  Exchange(HF) energy: 
 ----------------------
 
                 E- Exchange energy =           -5.333109453071
           POSITRON Exchange energy =            0.000000000000
                                     _________________________
              Total Exchange energy =           -5.333109453071
 
  External Potential energy: 
 ----------------------------
 
                  E- Ext Pot energy =            0.000000000000
            POSITRON Ext Pot energy =           -0.027695604030
                                     _________________________
    Total External Potential energy =           -0.027695604030
 
  TOTAL ENERGY COMPONENTS: 
 ==========================
 
          TOTAL KINETIC ENERGY      =           29.157510819703
          TOTAL POTENTIAL ENERGY    =          -58.304638115601
                                     _________________________
                       TOTAL ENERGY =          -29.147127295898
 
                 VIRIAL RATIO (V/T) =            1.999643881679
 
 
  END ENERGY COMPONENTS
 
 
** TOTAL CPU Time SCF :      0.813 (s)
** TOTAL Elapsed Time SCF :      0.316 (s)
 
 We are calculating properties for E- in the HF/KS ground state
 We are calculating properties for POSITRON in the HF/KS ground state
 
  POPULATION ANALYSES: 
 ====================
 
 MULLIKEN Population: for E-        
 ---------------------
 
                                    
 
    1     BE     S       1.166391
    2     BE     S       0.823588
    3     BE    Px       0.000000
    4     BE    Py      -0.000000
    5     BE    Pz       0.000000
    6     BE     S       1.043694
    7     BE    Px       0.000000
    8     BE    Py       0.000000
    9     BE    Pz       0.000000
   10     BE     S       0.942124
   11     BE    Px       0.000000
   12     BE    Py       0.000000
   13     BE    Pz       0.000000
   14     BE     S       0.031424
   15     BE    Px       0.000000
   16     BE    Py       0.000000
   17     BE    Pz      -0.000000
   18     BE   Dxx      -0.002407
   19     BE   Dxy       0.000000
   20     BE   Dxz       0.000000
   21     BE   Dyy      -0.002407
   22     BE   Dyz       0.000000
   23     BE   Dzz      -0.002407
   24     BE     S       1.166391
   25     BE     S       0.823588
   26     BE    Px       0.000000
   27     BE    Py       0.000000
   28     BE    Pz      -0.000000
   29     BE     S       1.043694
   30     BE    Px       0.000000
   31     BE    Py      -0.000000
   32     BE    Pz       0.000000
   33     BE     S       0.942124
   34     BE    Px       0.000000
   35     BE    Py       0.000000
   36     BE    Pz       0.000000
   37     BE     S       0.031424
   38     BE    Px       0.000000
   39     BE    Py      -0.000000
   40     BE    Pz       0.000000
   41     BE   Dxx      -0.002407
   42     BE   Dxy       0.000000
   43     BE   Dxz       0.000000
   44     BE   Dyy      -0.002407
   45     BE   Dyz       0.000000
   46     BE   Dzz      -0.002407
 
                           __________
              Total =        8.000000
 
  Atomic MULLIKEN Population: for E-        
            BE               4.000000
            BE               4.000000
 
 ...end of MULLIKEN Population
 
 
 END POPULATION ANALYSES 
 
 
  POPULATION ANALYSES: 
 ====================
 
 LOWDIN Population: for E-        
 ---------------------
 
                                    
 
    1     BE     S       1.101745
    2     BE     S       0.875944
    3     BE    Px       0.000000
    4     BE    Py      -0.000000
    5     BE    Pz       0.000000
    6     BE     S       0.590908
    7     BE    Px       0.000000
    8     BE    Py       0.000000
    9     BE    Pz       0.000000
   10     BE     S       0.553024
   11     BE    Px       0.000000
   12     BE    Py       0.000000
   13     BE    Pz      -0.000000
   14     BE     S       0.204207
   15     BE    Px       0.000000
   16     BE    Py       0.000000
   17     BE    Pz      -0.000000
   18     BE   Dxx       0.224724
   19     BE   Dxy       0.000000
   20     BE   Dxz       0.000000
   21     BE   Dyy       0.224724
   22     BE   Dyz       0.000000
   23     BE   Dzz       0.224724
   24     BE     S       1.101745
   25     BE     S       0.875944
   26     BE    Px       0.000000
   27     BE    Py       0.000000
   28     BE    Pz       0.000000
   29     BE     S       0.590908
   30     BE    Px       0.000000
   31     BE    Py       0.000000
   32     BE    Pz       0.000000
   33     BE     S       0.553024
   34     BE    Px       0.000000
   35     BE    Py       0.000000
   36     BE    Pz       0.000000
   37     BE     S       0.204207
   38     BE    Px       0.000000
   39     BE    Py       0.000000
   40     BE    Pz       0.000000
   41     BE   Dxx       0.224724
   42     BE   Dxy      -0.000000
   43     BE   Dxz       0.000000
   44     BE   Dyy       0.224724
   45     BE   Dyz       0.000000
   46     BE   Dzz       0.224724
 
                           __________
              Total =        8.000000
 
  Atomic LOWDIN Population: for E-        
            BE               4.000000
            BE               4.000000
 
 ...end of LOWDIN Population
 
 
 END POPULATION ANALYSES 
 
 
  POPULATION ANALYSES: 
 ====================
 
 MULLIKEN Population: for POSITRON  
 ---------------------
 
                                    
 
    1     E+     S      -0.003511
    2     E+     S      -0.007683
    3     E+     S       0.068700
    4     E+     S       0.134709
    5     E+     S       0.180148
    6     E+     S       0.097542
    7     E+     S       0.043193
    8     E+     S      -0.015490
    9     E+     S      -0.000304
   10     E+     S       0.000000
   11     E+    Px      -0.002029
   12     E+    Py       0.000000
   13     E+    Pz       0.000000
   14     E+    Px       0.000894
   15     E+    Py      -0.000000
   16     E+    Pz       0.000000
   17     E+    Px      -0.000319
   18     E+    Py      -0.000000
   19     E+    Pz      -0.000000
   20     E+    Px       0.000120
   21     E+    Py       0.000000
   22     E+    Pz      -0.000000
   23     E+   Dxx      -0.000277
   24     E+   Dxy      -0.000000
   25     E+   Dxz       0.000000
   26     E+   Dyy       0.000054
   27     E+   Dyz      -0.000000
   28     E+   Dzz       0.000054
   29     E+   Dxx       0.002790
   30     E+   Dxy       0.000000
   31     E+   Dxz      -0.000000
   32     E+   Dyy       0.000704
   33     E+   Dyz      -0.000000
   34     E+   Dzz       0.000704
   35     E+     S      -0.003511
   36     E+     S      -0.007683
   37     E+     S       0.068700
   38     E+     S       0.134709
   39     E+     S       0.180148
   40     E+     S       0.097542
   41     E+     S       0.043193
   42     E+     S      -0.015490
   43     E+     S      -0.000304
   44     E+     S       0.000000
   45     E+    Px      -0.002029
   46     E+    Py       0.000000
   47     E+    Pz      -0.000000
   48     E+    Px       0.000894
   49     E+    Py      -0.000000
   50     E+    Pz       0.000000
   51     E+    Px      -0.000319
   52     E+    Py      -0.000000
   53     E+    Pz      -0.000000
   54     E+    Px       0.000120
   55     E+    Py       0.000000
   56     E+    Pz       0.000000
   57     E+   Dxx      -0.000277
   58     E+   Dxy      -0.000000
   59     E+   Dxz       0.000000
   60     E+   Dyy       0.000054
   61     E+   Dyz       0.000000
   62     E+   Dzz       0.000054
   63     E+   Dxx       0.002790
   64     E+   Dxy       0.000000
   65     E+   Dxz      -0.000000
   66     E+   Dyy       0.000704
   67     E+   Dyz       0.000000
   68     E+   Dzz       0.000704
 
                           __________
              Total =        1.000000
 
  Atomic MULLIKEN Population: for POSITRON  
            BE               0.500000
            BE               0.500000
 
 ...end of MULLIKEN Population
 
 
 END POPULATION ANALYSES 
 
 
  POPULATION ANALYSES: 
 ====================
 
 LOWDIN Population: for POSITRON  
 ---------------------
 
                                    
 
    1     E+     S       0.003412
    2     E+     S       0.015796
    3     E+     S       0.056435
    4     E+     S       0.120503
    5     E+     S       0.154343
    6     E+     S       0.102915
    7     E+     S       0.030600
    8     E+     S       0.000516
    9     E+     S       0.000152
   10     E+     S       0.000019
   11     E+    Px       0.000550
   12     E+    Py      -0.000000
   13     E+    Pz       0.000000
   14     E+    Px       0.004214
   15     E+    Py      -0.000000
   16     E+    Pz       0.000000
   17     E+    Px       0.006897
   18     E+    Py      -0.000000
   19     E+    Pz       0.000000
   20     E+    Px       0.000486
   21     E+    Py      -0.000000
   22     E+    Pz      -0.000000
   23     E+   Dxx       0.000031
   24     E+   Dxy      -0.000000
   25     E+   Dxz       0.000000
   26     E+   Dyy       0.000013
   27     E+   Dyz       0.000000
   28     E+   Dzz       0.000013
   29     E+   Dxx       0.002925
   30     E+   Dxy      -0.000000
   31     E+   Dxz       0.000000
   32     E+   Dyy       0.000090
   33     E+   Dyz       0.000000
   34     E+   Dzz       0.000090
   35     E+     S       0.003412
   36     E+     S       0.015796
   37     E+     S       0.056435
   38     E+     S       0.120503
   39     E+     S       0.154343
   40     E+     S       0.102915
   41     E+     S       0.030600
   42     E+     S       0.000516
   43     E+     S       0.000152
   44     E+     S       0.000019
   45     E+    Px       0.000550
   46     E+    Py      -0.000000
   47     E+    Pz       0.000000
   48     E+    Px       0.004214
   49     E+    Py      -0.000000
   50     E+    Pz       0.000000
   51     E+    Px       0.006897
   52     E+    Py      -0.000000
   53     E+    Pz       0.000000
   54     E+    Px       0.000486
   55     E+    Py      -0.000000
   56     E+    Pz      -0.000000
   57     E+   Dxx       0.000031
   58     E+   Dxy       0.000000
   59     E+   Dxz       0.000000
   60     E+   Dyy       0.000013
   61     E+   Dyz       0.000000
   62     E+   Dzz       0.000013
   63     E+   Dxx       0.002925
   64     E+   Dxy       0.000000
   65     E+   Dxz       0.000000
   66     E+   Dyy       0.000090
   67     E+   Dyz       0.000000
   68     E+   Dzz       0.000090
 
                           __________
              Total =        1.000000
 
  Atomic LOWDIN Population: for POSITRON  
            BE               0.500000
            BE               0.500000
 
 ...end of LOWDIN Population
 
 
 END POPULATION ANALYSES 
 
 
  EXPECTED POSITIONS OF QUANTUM SPECIES:
 ======================
 
 POSITIONS IN ANGSTROMS
 ------
 
                        <x>      <y>      <z>         
                 E-  85.9384  -0.0000  -0.0000
           POSITRON  10.7423  -0.0000  -0.0000
 
 END EXPECTED POSITIONS
 
 
  ELECTROSTATIC MOMENTS:
 ======================
 
 
 DIPOLE: (A.U.)
 ------
 
                           <Dx>         <Dy>         <Dz>          |D|
                 E--162.40000000   0.00000000   0.00000000
           POSITRON  20.30000000  -0.00000000  -0.00000000
    Point charges:  162.40000000   0.00000000   0.00000000
                     ____________________________
      Total Dipole:  20.30000000  -0.00000000  -0.00000000  20.30000000
 
 DIPOLE: (DEBYE)
 ------
 
                           <Dx>         <Dy>         <Dz>          |D|
                 E--412.77957306   0.00000000   0.00000000
           POSITRON  51.59744663  -0.00000000  -0.00000000
    Point charges:  412.77957306   0.00000000   0.00000000
                     ____________________________
      Total Dipole:  51.59744663  -0.00000000  -0.00000000  51.59744663
 
 QUADRUPOLE NON-TRACELESS: (DEBYE ANGS)
 ------
 
                           <xx>         <yy>         <zz>         <xy>         <xz>         <yz>
                 E--8883.94508721  -15.54360931  -15.54360931    0.00000000    0.00000000    0.00000000
           POSITRON 1423.39794897   68.58316926   68.58316926    0.00000000   -0.00000000   -0.00000000
    Point charges:  8868.40148429    0.00000000    0.00000000    0.00000000    0.00000000    0.00000000
  Total Quadrupole: 1407.85434604   53.03955995   53.03955995    0.00000000   -0.00000000   -0.00000000
                     ____________________________
 
 END ELECTROSTATIC MOMENTS
 

  TOTAL CPU Time:      0.259 (s)
 TOTAL Wall Time:      0.366 (s)
  Elapsed Time:   0h  0m  0s 365ms
LOWDIN execution terminated normally at : Tue Nov 26 15:32:08 2024
-rw-rw-r-- 1 pohl pohl 704K nov 26 15:32 0E-.ints
-rw-rw-r-- 1 pohl pohl 2.1M nov 26 15:32 0E-.POSITRON.ints
-rw-rw-r-- 1 pohl pohl 2.1M nov 26 15:32 0POSITRON.ints
-rw-rw-r-- 1 pohl pohl 704K nov 26 15:32 1E-.ints
-rw-rw-r-- 1 pohl pohl 2.1M nov 26 15:32 1E-.POSITRON.ints
-rw-rw-r-- 1 pohl pohl 2.1M nov 26 15:32 1POSITRON.ints
-rw-rw-r-- 1 pohl pohl 704K nov 26 15:32 2E-.ints
-rw-rw-r-- 1 pohl pohl 2.1M nov 26 15:32 2E-.POSITRON.ints
-rw-rw-r-- 1 pohl pohl 2.1M nov 26 15:32 2POSITRON.ints
-rw-rw-r-- 1 pohl pohl 704K nov 26 15:32 3E-.ints
-rw-rw-r-- 1 pohl pohl 2.1M nov 26 15:32 3E-.POSITRON.ints
-rw-rw-r-- 1 pohl pohl 2.1M nov 26 15:32 3POSITRON.ints
-rw-rw-r-- 1 pohl pohl   12 nov 26 15:32 E-.POSITRON.nints
-rw-rw-r-- 1 pohl pohl   65 nov 26 15:32 gepol.inp
-rw-rw-r-- 1 pohl pohl   91 nov 26 15:32 gepol.xyzr
-rw-rw-r-- 1 pohl pohl 9.5K nov 26 15:32 lowdin.bas
-rw-rw-r-- 1 pohl pohl  16K nov 26 15:32 lowdin.dat
-rw-rw-r-- 1 pohl pohl 691K nov 26 15:32 lowdin.opints
-rw-rw-r-- 1 pohl pohl  26K nov 26 15:32 lowdin.sys
-rw-rw-r-- 1 pohl pohl 689K nov 26 15:32 lowdin.wfn
-rw-rw-r-- 1 pohl pohl  499 nov 26 15:32 usual_194
-rw-rw-r-- 1 pohl pohl 1.8K nov 26 15:32 usual_194.aux
-rw-rw-r-- 1 pohl pohl  504 nov 26 15:32 usual_194.lowdin
-rw-rw-r-- 1 pohl pohl  46K nov 26 15:32 usual_194.out
-rw-rw-r-- 1 pohl pohl  54K nov 26 15:32 usual_194.vec
