Begin job by input: usual_142.lowdin, for user:   at  mar 26 nov 2024 15:31:39 -05
under operating system Linux helios 5.19.0-46-generic #47-Ubuntu SMP PREEMPT_DYNAMIC Fri Jun 16 13:30:11 UTC 2023 x86_64 x86_64 x86_64 GNU/Linux
Compilation information
  commit: f31d3924f6ee2ce9d77f07edcc1ba27359319d14
  compilation date:  mar 17 sep 2024 16:16:17 -05

BEGIN INPUT INFO:
------------------------------------

GEOMETRY
	Be	Dirac	0.0 0.0 0.0
	e-(Be)	6-311++G.d.p 0.0 0.0 0.0
	E+	GRIBAKIN-10S4P2D 0.0 0.0 0.0
	Be	Dirac	30.2 0.0 0.0
	e-(Be)	6-311++G.d.p	30.2 0.0 0.0
	E+	GRIBAKIN-10S4P2D 30.2 0.0 0.0 addParticles=-1 
END GEOMETRY

TASKS
        method = "RHF"
END TASKS

EXTERPOTENTIAL
	E- GRIBAKIN0
	E+ JOR142
END EXTERPOTENTIAL

CONTROL
	units="BOHRS"
	readCoefficients=F
	convergenceMethod=1
	overlapEigenThreshold=1E-6
	SCFGhostSpecies="POSITRON"
	HFprintEigenvalues=T
	totalEnergyTolerance = 1E-9
END CONTROL


... END INPUT INFO


 LOWDIN execution started at : Tue Nov 26 15:31:39 2024
 ---------------------------------------------------------------
 
 ***************************************************************
 *                   LOWDIN 2.0  (May/2013)                    *
 *                                                             *
 *  R. FLORES-MORENO, E. F. POSADA, F. S. MONCADA, J.ROMERO,   *
 *  J. CHARRY, M. DIAZ-TINOCO, S. A. GONZALEZ, N. F. AGUIRRE,  *
 *  A. REYES                                                   *
 *                                                             *
 *  https://sites.google.com/site/lowdinproject/               *
 *                                                             *
 ***************************************************************
 
 PARSING INPUT... DONE!
 
 LOWDIN IS RUNNING WITH NEXT PARAMETERS: 
 ----------------------------------------
 
         METHOD TYPE:  RHF
         NUMBER OF CORES:     4
         NONELECTRONIC DENSITY GUESS: HCORE
         ELECTRONIC DENSITY GUESS: HCORE
         CRITERIUM OF CONVERGENCE: ENERGY
         NONELECTRONIC ENERGY TOLERANCE IN SCFs:     0.10000E-07
         ELECTRONIC ENERGY TOLERANCE IN SCFs:     0.10000E-07
         TOTAL ENERGY TOLERANCE IN SCFs:     0.10000E-08
         SCHEME OF ITERATION: GLOBAL ITERATIONS
         SCF MAX. SUBITERATIONS - NONELECTRONS :     1
         SCF MAX. SUBITERATIONS - ELECTRONS :     1
         SCF MAX. ITERATIONS - INTERSPECIES :   200
         INTEGRAL STORAGE: DISK
         STACK SIZE FOR ERIS : 30000
         METHOD OF SCF CONVERGENCE: DAMPING
 
  MOLECULAR SYSTEM: usual_142
 -----------------
 
    DESCRIPTION   : usual_142
    CHARGE        :   2
    PUNTUAL GROUP : NONE
 
 
  INFORMATION OF PARTICLES :
 =========================
         Total number of particles   =      11
         Number of quantum particles =       9
         Number of puntual charges   =       2
         Number of quantum species   =       2
 
                 INFORMATION OF QUANTUM SPECIES 
    ----------------------------------------------------------------------
         ID      Symbol            mass     charge      omega     spin     multiplicity
    ----------------------------------------------------------------------
         1             E-         1.0000     -1.00      0.00      0.50      1.00
         2             E+         1.0000      1.00      0.00      0.50      1.00
 
                   CONSTANTS OF COUPLING 
      ------------------------------------------------------------
              Symbol      kappa        eta     lambda occupation
      ------------------------------------------------------------
                  E-      -1.00       2.00       2.00       4.00
                  E+      -1.00       1.00       1.00       1.00
 
                   BASIS SET FOR SPECIES 
      ------------------------------------------------------------
           Symbol          N. Basis     N. Particles     Basis Set
      ------------------------------------------------------------
                 E-           20                8     6-311++G.D
                 E+           32                1     GRIBAKIN-1
 
                                ATOMIC BASIS
         ------------------------------------------------------------
          PRIMITIVE   SHELL             EXPONENT         COEFFICIENT 
         ------------------------------------------------------------
 
    BEGIN DESCRIPTION OF BASIS FOR:    E-
    ==============================
 
 
            BE BASIS SET:   6-311++G.D.P
             1         S             1682.80000000          0.00228574
             2         S              251.71500000          0.01759380
             3         S               57.41160000          0.08633150
             4         S               16.51710000          0.28183500
             5         S                4.85364000          0.64059400
             6         S                0.62686300          0.14446700
             1         S                8.30938000          0.10862100
             2         S                1.74075000          0.92730100
             3         S                0.48581600         -0.00297169
             1         P                8.30938000          0.03613440
             2         P                1.74075000          0.21695800
             3         P                0.48581600          0.84183900
             1         S                0.16361300          1.00000000
             1         P                0.16361300          1.00000000
             1         S                0.05672850          1.00000000
             1         P                0.05672850          1.00000000
             1         S                0.02070000          1.00000000
             1         P                0.02070000          1.00000000
             1         D                0.25500000          1.00000000
 
            BE BASIS SET:   6-311++G.D.P
             1         S             1682.80000000          0.00228574
             2         S              251.71500000          0.01759380
             3         S               57.41160000          0.08633150
             4         S               16.51710000          0.28183500
             5         S                4.85364000          0.64059400
             6         S                0.62686300          0.14446700
             1         S                8.30938000          0.10862100
             2         S                1.74075000          0.92730100
             3         S                0.48581600         -0.00297169
             1         P                8.30938000          0.03613440
             2         P                1.74075000          0.21695800
             3         P                0.48581600          0.84183900
             1         S                0.16361300          1.00000000
             1         P                0.16361300          1.00000000
             1         S                0.05672850          1.00000000
             1         P                0.05672850          1.00000000
             1         S                0.02070000          1.00000000
             1         P                0.02070000          1.00000000
             1         D                0.25500000          1.00000000
    ... END DESCRIPTION OF BASIS
 
 
    BEGIN DESCRIPTION OF BASIS FOR:    E+
    ==============================
 
 
            E+ BASIS SET:GRIBAKIN-10S4P2
             1         S                0.00010000          1.00000000
             1         S                0.00030000          1.00000000
             1         S                0.00090000          1.00000000
             1         S                0.00270000          1.00000000
             1         S                0.00810000          1.00000000
             1         S                0.02430000          1.00000000
             1         S                0.07290000          1.00000000
             1         S                0.21870000          1.00000000
             1         S                0.65610000          1.00000000
             1         S                1.96830000          1.00000000
             1         P                0.00010000          1.00000000
             1         P                0.00030000          1.00000000
             1         P                0.00090000          1.00000000
             1         P                0.00270000          1.00000000
             1         D                0.00010000          1.00000000
             1         D                0.00030000          1.00000000
 
            E+ BASIS SET:GRIBAKIN-10S4P2
             1         S                0.00010000          1.00000000
             1         S                0.00030000          1.00000000
             1         S                0.00090000          1.00000000
             1         S                0.00270000          1.00000000
             1         S                0.00810000          1.00000000
             1         S                0.02430000          1.00000000
             1         S                0.07290000          1.00000000
             1         S                0.21870000          1.00000000
             1         S                0.65610000          1.00000000
             1         S                1.96830000          1.00000000
             1         P                0.00010000          1.00000000
             1         P                0.00030000          1.00000000
             1         P                0.00090000          1.00000000
             1         P                0.00270000          1.00000000
             1         D                0.00010000          1.00000000
             1         D                0.00030000          1.00000000
    ... END DESCRIPTION OF BASIS
 
 
  END INFORMATION OF PARTICLES
 
 
  INFORMATION OF THE QUANTUM SYSTEM 
     ---------------------------------------------------------------------
                 ID     Occupied Orbitals     Basis size
     ---------------------------------------------------------------------
                 E-            4               46
                 E+            1               68
 
  END INFORMATION OF QUANTUM SYSTEM
 
 
  INFORMATION OF EXTERNAL POTENTIALS 
 
 =======
 External Potential for E- : GRIBAKIN0
 Type : 
                     Exponent         l       R_x       R_y       R_z              Factor
                 0.0010000000         0   0.00000   0.00000   0.00000        0.0000000000
 
 =======
 External Potential for E+ : JOR142
 Type : 
                     Exponent         l       R_x       R_y       R_z              Factor
                 0.0010000000         0   0.00000   0.00000   0.00000       -0.0004852612
                 0.0020000000         0   0.00000   0.00000   0.00000        0.0024441783
                 0.0040000000         0   0.00000   0.00000   0.00000       -0.0075448874
                 0.0080000000         0   0.00000   0.00000   0.00000        0.0157738437
                 0.0160000000         0   0.00000   0.00000   0.00000       -0.0371036225
                 0.0320000000         0   0.00000   0.00000   0.00000        0.0538567205
                 0.0640000000         0   0.00000   0.00000   0.00000       -0.1977562620
                 0.1280000000         0   0.00000   0.00000   0.00000        0.1521150960
                 0.2560000000         0   0.00000   0.00000   0.00000       -2.2309931100
                 0.5120000000         0   0.00000   0.00000   0.00000        7.1544406100
                 1.0000000000         0   0.00000   0.00000   0.00000      -16.4610761000
                 2.0000000000         0   0.00000   0.00000   0.00000      120.0674500000
                 3.0000000000         0   0.00000   0.00000   0.00000    -1010.4441400000
                 4.0000000000         0   0.00000   0.00000   0.00000     5912.5175500000
                 5.0000000000         0   0.00000   0.00000   0.00000   -22883.6471000000
                 6.0000000000         0   0.00000   0.00000   0.00000    58320.2479000000
                 7.0000000000         0   0.00000   0.00000   0.00000   -96733.7399000000
                 8.0000000000         0   0.00000   0.00000   0.00000   100515.5930000000
                 9.0000000000         0   0.00000   0.00000   0.00000   -59492.9273000000
                10.0000000000         0   0.00000   0.00000   0.00000    15337.5181000000
                20.0000000000         0   0.00000   0.00000   0.00000     -108.3194530000
                30.0000000000         0   0.00000   0.00000   0.00000       58.7242217000
                40.0000000000         0   0.00000   0.00000   0.00000      -33.9818623000
                50.0000000000         0   0.00000   0.00000   0.00000       10.1503518000
               100.0000000000         0   0.00000   0.00000   0.00000       -0.2039701810
                 0.0010000000         0  30.20000   0.00000   0.00000       -0.0004852612
                 0.0020000000         0  30.20000   0.00000   0.00000        0.0024441783
                 0.0040000000         0  30.20000   0.00000   0.00000       -0.0075448874
                 0.0080000000         0  30.20000   0.00000   0.00000        0.0157738437
                 0.0160000000         0  30.20000   0.00000   0.00000       -0.0371036225
                 0.0320000000         0  30.20000   0.00000   0.00000        0.0538567205
                 0.0640000000         0  30.20000   0.00000   0.00000       -0.1977562620
                 0.1280000000         0  30.20000   0.00000   0.00000        0.1521150960
                 0.2560000000         0  30.20000   0.00000   0.00000       -2.2309931100
                 0.5120000000         0  30.20000   0.00000   0.00000        7.1544406100
                 1.0000000000         0  30.20000   0.00000   0.00000      -16.4610761000
                 2.0000000000         0  30.20000   0.00000   0.00000      120.0674500000
                 3.0000000000         0  30.20000   0.00000   0.00000    -1010.4441400000
                 4.0000000000         0  30.20000   0.00000   0.00000     5912.5175500000
                 5.0000000000         0  30.20000   0.00000   0.00000   -22883.6471000000
                 6.0000000000         0  30.20000   0.00000   0.00000    58320.2479000000
                 7.0000000000         0  30.20000   0.00000   0.00000   -96733.7399000000
                 8.0000000000         0  30.20000   0.00000   0.00000   100515.5930000000
                 9.0000000000         0  30.20000   0.00000   0.00000   -59492.9273000000
                10.0000000000         0  30.20000   0.00000   0.00000    15337.5181000000
                20.0000000000         0  30.20000   0.00000   0.00000     -108.3194530000
                30.0000000000         0  30.20000   0.00000   0.00000       58.7242217000
                40.0000000000         0  30.20000   0.00000   0.00000      -33.9818623000
                50.0000000000         0  30.20000   0.00000   0.00000       10.1503518000
               100.0000000000         0  30.20000   0.00000   0.00000       -0.2039701810
 
  END INFORMATION OF EXTERNAL POTENTIALS
 
                       INITIAL GEOMETRY: AMSTRONG
                 -----------------------------------
                       <x>                 <y>                 <z>
      E-BE        0.0000000000        0.0000000000        0.0000000000
      E-BE       15.9811529270        0.0000000000        0.0000000000
        E+        0.0000000000        0.0000000000        0.0000000000
        E+       15.9811529270        0.0000000000        0.0000000000
        BE        0.0000000000        0.0000000000        0.0000000000
        BE       15.9811529270        0.0000000000        0.0000000000
 
                     MATRIX OF DISTANCE: ANGSTROM
                 -----------------------------------
                          BE(1)          BE(2)     
 
        BE(1)            0.000000      15.981153
        BE(2)           15.981153       0.000000
 
--------------------------------------------------------------------------------
** PROGRAM: SCF (Hartree Fock).     Author: S.A. Gonzalez, E. Posada, F. Moncada
--------------------------------------------------------------------------------
INFO: RUNNING IN RHF MODE.
 
----------------------------------------------------------------------
** PROGRAM INTS                          Author: E. F. Posada, 2013   
----------------------------------------------------------------------
INFO: RUNNING IN ONE_PARTICLE MODE.
 
 Number of Overlap integrals for species E-:   2116
 Number of Overlap integrals for species POSITRON:   4624
 Number of Kinetic integrals for species E-:   2116
 Number of Kinetic integrals for species POSITRON:   4624
 Number of Nuclear integrals for species E-:   2116
 Number of Nuclear integrals for species POSITRON:   4624
 Number of Moment integrals for species E-:   6348
 Number of Moment integrals for species POSITRON:  13872
 Number of 3C Overlap integrals for species E-:   2116
 Number of 3C Overlap integrals for species POSITRON:   4624
 
** TOTAL CPU Time INTS :      0.398 (s)
** TOTAL Elapsed Time INTS :      0.156 (s)
 
Removed     2 orbitals for species POSITRON with overlap eigen threshold of 1.000E-06
       Usign  HCORE density guess for species:         E-
     number of         E-     particles in guess density matrix:     8.000000
       Usign  HCORE density guess for species:   POSITRON
     number of   POSITRON     particles in guess density matrix:     0.000000
 Warning!, density matrix with deviation from number of particles    1.000000
 Number of unique integrals for species: 1 = 48613
 Number of unique integrals for species: 2 = 306688
 Number of unique integrals for species: 1 / 2 = 359734 Screened: 18626
 
 TWO-BODY INTEGRAL SETUP: 
------------------------- 
 Storage:   DISK
 Scheme: LIBINT
 Stack size:  30000
 
 LIBINT library, Fermann, J. T.; Valeev, F. L. 2010                   
 LOWDIN-LIBINT Implementation V. 2.1  Posada E. F. ; Reyes A. 2016   
 ----------------------------------------------------------------------

*** TOTAL CPU time intra-species integrals :      0.360 (s)
*** TOTAL elapsed time intra-species integrals :      0.056 (s)


*** TOTAL CPU time inter-species integrals :      0.541 (s)
*** TOTAL elapsed time inter-species integrals :      0.088 (s)

INFO: RUNNING SCHEME SIMULTANEOUS
 
 Begin Multi-Species SCF calculation:
 
 --------------------------------------------------------------------------------------------------
      Iteration                   Energy            Energy Change           Density Change
 --------------------------------------------------------------------------------------------------
              1         -27.537042777242          27.537042777242           0.329104939816
              2         -29.115086511533           1.578043734290           0.023673249833
              3         -29.141063596864           0.025977085331           0.010717480165
              4         -29.146825640760           0.005762043895           0.004823203172
              5         -29.147399434930           0.000573794170           0.000243282074
              6         -29.147400259525           0.000000824596           0.000059432600
              7         -29.147400784651           0.000000525126           0.000016267585
              8         -29.147401132009           0.000000347357           0.000005154138
              9         -29.147401300714           0.000000168705           0.000001846984
             10         -29.147401372008           0.000000071294           0.000000716509
             11         -29.147401400138           0.000000028130           0.000000289559
             12         -29.147401410840           0.000000010703           0.000000118823
             13         -29.147401414833           0.000000003992           0.000000048846
             14         -29.147401416306           0.000000001474           0.000000019981
             15         -29.147401416848           0.000000000541           0.000000008123
 Total energy converged after  15 global iterations                                                  
 
 ...end Multi-Species SCF calculation
 
 
 Begin SCF calculation by: E-
 -------------------------
 
 -----------------------------------------------------------------------------------
 Iteration                   Energy           Density Change         DIIS Error 
 -----------------------------------------------------------------------------------
    1         -29.557506278330           0.019452092947                 -- 
    2         -29.653755275295           0.003493739784                 -- 
    3         -29.669913975476           0.000811881545                 -- 
    4         -29.672973564858           0.000207946518                 -- 
    5         -29.673561628878           0.000055986129                 -- 
    6         -29.673671957176           0.000015685911                 -- 
    7         -29.673690958626           0.000004580340                 -- 
    8         -29.673693463802           0.000001396655                 -- 
    9         -29.673693448118           0.000000443917                 -- 
   10         -29.673693249153           0.000000146266                 -- 
   11         -29.673693137846           0.000000049603                 -- 
   12         -29.673693090123           0.000000017195                 -- 
   13         -29.673693071668           0.000000006059                 -- 
   14         -29.673693064892           0.000000002162                 -- 
 
 ... end SCF calculation
 
 Begin SCF calculation by: POSITRON
 -------------------------
 
 -----------------------------------------------------------------------------------
 Iteration                   Energy           Density Change         DIIS Error 
 -----------------------------------------------------------------------------------
    1          -0.062261465947           0.004221156886                 -- 
    2          -0.041629901244           0.007223740381                 -- 
    3          -0.031007090343           0.004011321627                 -- 
    4          -0.030864874252           0.000035335557                 -- 
    5          -0.030844490745           0.000003446471                 -- 
    6          -0.030843713995           0.000000581673                 -- 
    7          -0.030844825063           0.000000573797                 -- 
    8          -0.030845512248           0.000000450329                 -- 
    9          -0.030845815547           0.000000272593                 -- 
   10          -0.030845934252           0.000000143293                 -- 
   11          -0.030845978050           0.000000069221                 -- 
   12          -0.030845993682           0.000000031650                 -- 
   13          -0.030845999150           0.000000013921                 -- 
   14          -0.030846001040           0.000000005961                 -- 
 
 ... end SCF calculation
 
  EIGENVALUES AND EIGENVECTORS: 
 ==============================
 
 
  Eigenvalues for: E-
 -----------------
 
    1          -4.732348737067
    2          -4.732348736927
    3          -0.309258223046
    4          -0.309258219356
    5           0.029390993109
    6           0.029554666766
    7           0.029554666766
    8           0.029576897434
    9           0.029576897434
   10           0.029738571854
   11           0.051039685655
   12           0.051153038994
   13           0.097632173883
   14           0.098003616160
   15           0.098003616160
   16           0.098053667313
   17           0.098053667313
   18           0.098430136614
   19           0.321141721612
   20           0.321267167759
   21           0.345466959408
   22           0.345784101515
   23           0.345784101515
   24           0.345825287575
   25           0.345825287575
   26           0.346148657537
   27           0.692850858459
   28           0.692850858461
   29           0.692850858461
   30           0.692850858463
   31           0.692850858463
   32           0.692850858463
   33           0.692850858463
   34           0.692850858463
   35           0.692850858463
   36           0.692850858464
   37           1.198560623301
   38           1.198779050536
   39           1.198779050536
   40           1.198806375191
   41           1.198806375191
   42           1.199027262814
   43           1.414712400277
   44           1.414770584044
   45          10.066547119858
   46          10.066581325916
 
 
  Eigenvalues for: POSITRON
 -----------------
 
    1          -0.003509680164
    2          -0.002587878141
    3           0.000084293635
    4           0.000137514026
    5           0.000208502403
    6           0.000208502403
    7           0.000258222681
    8           0.000281536960
    9           0.000281536961
   10           0.000327953704
   11           0.000327953704
   12           0.000362641248
   13           0.000425465056
   14           0.000429738659
   15           0.000429738659
   16           0.000440348916
   17           0.000441079721
   18           0.000441079721
   19           0.000570221099
   20           0.000570221103
   21           0.000593059467
   22           0.000894460916
   23           0.000894460916
   24           0.000958043583
   25           0.001035772029
   26           0.001144484127
   27           0.001144484128
   28           0.001156091272
   29           0.001239067000
   30           0.001239067000
   31           0.001449957341
   32           0.001508904992
   33           0.001508904992
   34           0.001510850585
   35           0.001510850585
   36           0.001810225592
   37           0.001810225592
   38           0.001872583114
   39           0.002195666790
   40           0.002198299421
   41           0.002949815698
   42           0.002949815698
   43           0.003783792164
   44           0.003783792164
   45           0.003982202217
   46           0.004400651601
   47           0.005260603328
   48           0.005276577907
   49           0.008748163008
   50           0.008748163008
   51           0.009319188755
   52           0.010141674576
   53           0.010141674576
   54           0.011974423970
   55           0.014761288540
   56           0.016012659570
   57           0.051388150002
   58           0.051659890154
   59           0.193041232128
   60           0.193837439288
   61           0.855576056929
   62           0.856052246050
   63           2.941279751159
   64           2.941593206497
   65          10.802465532204
   66          10.802746505117
   67     1000000.000000000000
   68     1000000.000000000000
 
  end of eigenvalues 
 
  Occupied Eigenvectors for: E-
 --------------------------- 
 
                          -4.7323        -4.7323        -0.3093        -0.3093   
 
    1     BE     S      -0.421614       0.421653      -0.077489       0.077489
    2     BE     S      -0.315668       0.315698      -0.131305       0.131305
    3     BE    Px      -0.000000      -0.000000       0.000000       0.000000
    4     BE    Py       0.000000      -0.000000      -0.000000      -0.000000
    5     BE    Pz       0.000000      -0.000000       0.000000       0.000000
    6     BE     S       0.003457      -0.003457       0.412949      -0.412949
    7     BE    Px       0.000000       0.000000      -0.000000      -0.000000
    8     BE    Py      -0.000000      -0.000000      -0.000000      -0.000000
    9     BE    Pz      -0.000000       0.000000       0.000000      -0.000000
   10     BE     S      -0.001008       0.001008       0.353648      -0.353646
   11     BE    Px      -0.000000      -0.000000       0.000001       0.000001
   12     BE    Py       0.000000      -0.000000      -0.000000      -0.000000
   13     BE    Pz      -0.000000      -0.000000      -0.000000       0.000000
   14     BE     S       0.000303      -0.000303       0.015799      -0.015800
   15     BE    Px       0.000000       0.000000      -0.000001      -0.000001
   16     BE    Py      -0.000000      -0.000000      -0.000000       0.000000
   17     BE    Pz      -0.000000       0.000000       0.000000       0.000000
   18     BE   Dxx      -0.000474       0.000474      -0.001253       0.001253
   19     BE   Dxy       0.000000       0.000000      -0.000000      -0.000000
   20     BE   Dxz       0.000000       0.000000      -0.000000       0.000000
   21     BE   Dyy      -0.000474       0.000474      -0.001253       0.001253
   22     BE   Dyz      -0.000000      -0.000000       0.000000       0.000000
   23     BE   Dzz      -0.000474       0.000474      -0.001253       0.001253
   24     BE     S       0.421653       0.421614      -0.077489      -0.077489
   25     BE     S       0.315698       0.315668      -0.131305      -0.131305
   26     BE    Px      -0.000000       0.000000      -0.000000       0.000000
   27     BE    Py      -0.000000       0.000000      -0.000000       0.000000
   28     BE    Pz       0.000000      -0.000000      -0.000000       0.000000
   29     BE     S      -0.003457      -0.003457       0.412949       0.412950
   30     BE    Px       0.000000      -0.000000       0.000000      -0.000000
   31     BE    Py       0.000000      -0.000000       0.000000      -0.000000
   32     BE    Pz      -0.000000       0.000000       0.000000      -0.000000
   33     BE     S       0.001008       0.001008       0.353648       0.353647
   34     BE    Px      -0.000000       0.000000      -0.000001       0.000001
   35     BE    Py      -0.000000       0.000000      -0.000000       0.000000
   36     BE    Pz       0.000000      -0.000000      -0.000000       0.000000
   37     BE     S      -0.000303      -0.000303       0.015799       0.015800
   38     BE    Px       0.000000      -0.000000       0.000001      -0.000001
   39     BE    Py       0.000000      -0.000000       0.000000      -0.000000
   40     BE    Pz      -0.000000       0.000000       0.000000      -0.000000
   41     BE   Dxx       0.000474       0.000474      -0.001253      -0.001253
   42     BE   Dxy       0.000000       0.000000       0.000000       0.000000
   43     BE   Dxz      -0.000000      -0.000000      -0.000000      -0.000000
   44     BE   Dyy       0.000474       0.000474      -0.001253      -0.001253
   45     BE   Dyz      -0.000000       0.000000      -0.000000      -0.000000
   46     BE   Dzz       0.000474       0.000474      -0.001253      -0.001253
 
 
  Occupied Eigenvectors for: POSITRON
 --------------------------- 
 
                          -0.0035   
 
    1     E+     S      -0.006202
    2     E+     S       0.028868
    3     E+     S      -0.104226
    4     E+     S      -0.194616
    5     E+     S      -0.263313
    6     E+     S      -0.170367
    7     E+     S      -0.117769
    8     E+     S       0.093111
    9     E+     S       0.005759
   10     E+     S      -0.000000
   11     E+    Px       0.091708
   12     E+    Py      -0.000000
   13     E+    Pz      -0.000000
   14     E+    Px      -0.025195
   15     E+    Py      -0.000000
   16     E+    Pz       0.000000
   17     E+    Px       0.005337
   18     E+    Py      -0.000000
   19     E+    Pz      -0.000000
   20     E+    Px      -0.005437
   21     E+    Py       0.000000
   22     E+    Pz       0.000000
   23     E+   Dxx       0.021443
   24     E+   Dxy      -0.000000
   25     E+   Dxz      -0.000000
   26     E+   Dyy      -0.003175
   27     E+   Dyz      -0.000000
   28     E+   Dzz      -0.003175
   29     E+   Dxx      -0.020857
   30     E+   Dxy      -0.000000
   31     E+   Dxz       0.000000
   32     E+   Dyy      -0.010497
   33     E+   Dyz      -0.000000
   34     E+   Dzz      -0.010497
   35     E+     S      -0.006202
   36     E+     S       0.028868
   37     E+     S      -0.104226
   38     E+     S      -0.194616
   39     E+     S      -0.263313
   40     E+     S      -0.170367
   41     E+     S      -0.117769
   42     E+     S       0.093111
   43     E+     S       0.005759
   44     E+     S      -0.000000
   45     E+    Px      -0.091708
   46     E+    Py       0.000000
   47     E+    Pz       0.000000
   48     E+    Px       0.025195
   49     E+    Py       0.000000
   50     E+    Pz      -0.000000
   51     E+    Px      -0.005337
   52     E+    Py       0.000000
   53     E+    Pz       0.000000
   54     E+    Px       0.005437
   55     E+    Py      -0.000000
   56     E+    Pz      -0.000000
   57     E+   Dxx       0.021443
   58     E+   Dxy      -0.000000
   59     E+   Dxz      -0.000000
   60     E+   Dyy      -0.003175
   61     E+   Dyz       0.000000
   62     E+   Dzz      -0.003175
   63     E+   Dxx      -0.020857
   64     E+   Dxy      -0.000000
   65     E+   Dxz       0.000000
   66     E+   Dyy      -0.010497
   67     E+   Dyz       0.000000
   68     E+   Dzz      -0.010497
 
 
  end of eigenvectors 
 
  END OF EIGENVALUES AND EIGENVECTORS
 
 
  COMPONENTS OF KINETIC ENERGY: 
 -----------------------------
 
                  E- Kinetic energy =           29.142628636521
            POSITRON Kinetic energy =            0.014398276474
                                     _________________________
               Total kinetic energy =           29.157026912996
 
  COMPONENTS OF POTENTIAL ENERGY: 
 -------------------------------
 
          Fixed potential energy    =            0.529801324503
 
  Quantum/Fixed interaction energy: 
 ----------------------------------
 
          E-/Fixed interact. energy =          -68.323586933513
    POSITRON/Fixed interact. energy =            0.708806354612
                                     _________________________
               Total Q/Fixed energy =          -67.614780578901
 
  Coulomb energy: 
 ------------------
 
               E-/E- Hartree energy =           14.840374690034
   POSITRON/POSITRON Hartree energy =            0.000000000000
         E-/POSITRON Hartree energy =           -0.699377990574
                                     _________________________
               Total Hartree energy =           14.140996699460
 
  Exchange(HF) energy: 
 ----------------------
 
                 E- Exchange energy =           -5.333109454229
           POSITRON Exchange energy =            0.000000000000
                                     _________________________
              Total Exchange energy =           -5.333109454229
 
  External Potential energy: 
 ----------------------------
 
                  E- Ext Pot energy =            0.000000000000
            POSITRON Ext Pot energy =           -0.027336320875
                                     _________________________
    Total External Potential energy =           -0.027336320875
 
  TOTAL ENERGY COMPONENTS: 
 ==========================
 
          TOTAL KINETIC ENERGY      =           29.157026912996
          TOTAL POTENTIAL ENERGY    =          -58.304428330042
                                     _________________________
                       TOTAL ENERGY =          -29.147401417046
 
                 VIRIAL RATIO (V/T) =            1.999669873887
 
 
  END ENERGY COMPONENTS
 
 
** TOTAL CPU Time SCF :      0.867 (s)
** TOTAL Elapsed Time SCF :      0.329 (s)
 
 We are calculating properties for E- in the HF/KS ground state
 We are calculating properties for POSITRON in the HF/KS ground state
 
  POPULATION ANALYSES: 
 ====================
 
 MULLIKEN Population: for E-        
 ---------------------
 
                                    
 
    1     BE     S       1.166391
    2     BE     S       0.823588
    3     BE    Px      -0.000000
    4     BE    Py       0.000000
    5     BE    Pz       0.000000
    6     BE     S       1.043694
    7     BE    Px      -0.000000
    8     BE    Py       0.000000
    9     BE    Pz       0.000000
   10     BE     S       0.942124
   11     BE    Px      -0.000000
   12     BE    Py       0.000000
   13     BE    Pz       0.000000
   14     BE     S       0.031424
   15     BE    Px      -0.000000
   16     BE    Py      -0.000000
   17     BE    Pz       0.000000
   18     BE   Dxx      -0.002407
   19     BE   Dxy       0.000000
   20     BE   Dxz       0.000000
   21     BE   Dyy      -0.002407
   22     BE   Dyz       0.000000
   23     BE   Dzz      -0.002407
   24     BE     S       1.166391
   25     BE     S       0.823588
   26     BE    Px      -0.000000
   27     BE    Py       0.000000
   28     BE    Pz      -0.000000
   29     BE     S       1.043694
   30     BE    Px      -0.000000
   31     BE    Py       0.000000
   32     BE    Pz       0.000000
   33     BE     S       0.942124
   34     BE    Px      -0.000000
   35     BE    Py      -0.000000
   36     BE    Pz       0.000000
   37     BE     S       0.031424
   38     BE    Px      -0.000000
   39     BE    Py       0.000000
   40     BE    Pz       0.000000
   41     BE   Dxx      -0.002407
   42     BE   Dxy       0.000000
   43     BE   Dxz       0.000000
   44     BE   Dyy      -0.002407
   45     BE   Dyz       0.000000
   46     BE   Dzz      -0.002407
 
                           __________
              Total =        8.000000
 
  Atomic MULLIKEN Population: for E-        
            BE               4.000000
            BE               4.000000
 
 ...end of MULLIKEN Population
 
 
 END POPULATION ANALYSES 
 
 
  POPULATION ANALYSES: 
 ====================
 
 LOWDIN Population: for E-        
 ---------------------
 
                                    
 
    1     BE     S       1.101745
    2     BE     S       0.875944
    3     BE    Px       0.000000
    4     BE    Py       0.000000
    5     BE    Pz      -0.000000
    6     BE     S       0.590908
    7     BE    Px       0.000000
    8     BE    Py      -0.000000
    9     BE    Pz       0.000000
   10     BE     S       0.553024
   11     BE    Px       0.000000
   12     BE    Py       0.000000
   13     BE    Pz       0.000000
   14     BE     S       0.204207
   15     BE    Px       0.000000
   16     BE    Py       0.000000
   17     BE    Pz       0.000000
   18     BE   Dxx       0.224724
   19     BE   Dxy      -0.000000
   20     BE   Dxz      -0.000000
   21     BE   Dyy       0.224724
   22     BE   Dyz       0.000000
   23     BE   Dzz       0.224724
   24     BE     S       1.101745
   25     BE     S       0.875944
   26     BE    Px       0.000000
   27     BE    Py       0.000000
   28     BE    Pz       0.000000
   29     BE     S       0.590908
   30     BE    Px       0.000000
   31     BE    Py       0.000000
   32     BE    Pz       0.000000
   33     BE     S       0.553024
   34     BE    Px       0.000000
   35     BE    Py       0.000000
   36     BE    Pz       0.000000
   37     BE     S       0.204207
   38     BE    Px       0.000000
   39     BE    Py       0.000000
   40     BE    Pz       0.000000
   41     BE   Dxx       0.224724
   42     BE   Dxy       0.000000
   43     BE   Dxz       0.000000
   44     BE   Dyy       0.224724
   45     BE   Dyz       0.000000
   46     BE   Dzz       0.224724
 
                           __________
              Total =        8.000000
 
  Atomic LOWDIN Population: for E-        
            BE               4.000000
            BE               4.000000
 
 ...end of LOWDIN Population
 
 
 END POPULATION ANALYSES 
 
 
  POPULATION ANALYSES: 
 ====================
 
 MULLIKEN Population: for POSITRON  
 ---------------------
 
                                    
 
    1     E+     S       0.001435
    2     E+     S      -0.012416
    3     E+     S       0.066286
    4     E+     S       0.139175
    5     E+     S       0.180375
    6     E+     S       0.096104
    7     E+     S       0.042583
    8     E+     S      -0.015245
    9     E+     S      -0.000299
   10     E+     S       0.000000
   11     E+    Px      -0.005823
   12     E+    Py       0.000000
   13     E+    Pz      -0.000000
   14     E+    Px       0.004391
   15     E+    Py      -0.000000
   16     E+    Pz      -0.000000
   17     E+    Px      -0.001615
   18     E+    Py      -0.000000
   19     E+    Pz       0.000000
   20     E+    Px       0.001269
   21     E+    Py       0.000000
   22     E+    Pz      -0.000000
   23     E+   Dxx      -0.000738
   24     E+   Dxy       0.000000
   25     E+   Dxz      -0.000000
   26     E+   Dyy       0.000043
   27     E+   Dyz      -0.000000
   28     E+   Dzz       0.000043
   29     E+   Dxx       0.003181
   30     E+   Dxy       0.000000
   31     E+   Dxz       0.000000
   32     E+   Dyy       0.000625
   33     E+   Dyz      -0.000000
   34     E+   Dzz       0.000625
   35     E+     S       0.001435
   36     E+     S      -0.012416
   37     E+     S       0.066286
   38     E+     S       0.139175
   39     E+     S       0.180375
   40     E+     S       0.096104
   41     E+     S       0.042583
   42     E+     S      -0.015245
   43     E+     S      -0.000299
   44     E+     S       0.000000
   45     E+    Px      -0.005823
   46     E+    Py      -0.000000
   47     E+    Pz       0.000000
   48     E+    Px       0.004391
   49     E+    Py       0.000000
   50     E+    Pz      -0.000000
   51     E+    Px      -0.001615
   52     E+    Py      -0.000000
   53     E+    Pz       0.000000
   54     E+    Px       0.001269
   55     E+    Py       0.000000
   56     E+    Pz      -0.000000
   57     E+   Dxx      -0.000738
   58     E+   Dxy       0.000000
   59     E+   Dxz      -0.000000
   60     E+   Dyy       0.000043
   61     E+   Dyz       0.000000
   62     E+   Dzz       0.000043
   63     E+   Dxx       0.003181
   64     E+   Dxy       0.000000
   65     E+   Dxz       0.000000
   66     E+   Dyy       0.000625
   67     E+   Dyz       0.000000
   68     E+   Dzz       0.000625
 
                           __________
              Total =        1.000000
 
  Atomic MULLIKEN Population: for POSITRON  
            BE               0.500000
            BE               0.500000
 
 ...end of MULLIKEN Population
 
 
 END POPULATION ANALYSES 
 
 
  POPULATION ANALYSES: 
 ====================
 
 LOWDIN Population: for POSITRON  
 ---------------------
 
                                    
 
    1     E+     S       0.002966
    2     E+     S       0.014829
    3     E+     S       0.059657
    4     E+     S       0.124481
    5     E+     S       0.148652
    6     E+     S       0.099499
    7     E+     S       0.029808
    8     E+     S       0.000497
    9     E+     S       0.000152
   10     E+     S       0.000019
   11     E+    Px       0.000269
   12     E+    Py       0.000000
   13     E+    Pz       0.000000
   14     E+    Px       0.002883
   15     E+    Py       0.000000
   16     E+    Pz       0.000000
   17     E+    Px       0.009986
   18     E+    Py       0.000000
   19     E+    Pz       0.000000
   20     E+    Px       0.004883
   21     E+    Py      -0.000000
   22     E+    Pz       0.000000
   23     E+   Dxx       0.000002
   24     E+   Dxy       0.000000
   25     E+   Dxz       0.000000
   26     E+   Dyy       0.000008
   27     E+   Dyz       0.000000
   28     E+   Dzz       0.000008
   29     E+   Dxx       0.001254
   30     E+   Dxy       0.000000
   31     E+   Dxz       0.000000
   32     E+   Dyy       0.000073
   33     E+   Dyz       0.000000
   34     E+   Dzz       0.000073
   35     E+     S       0.002966
   36     E+     S       0.014829
   37     E+     S       0.059657
   38     E+     S       0.124481
   39     E+     S       0.148652
   40     E+     S       0.099499
   41     E+     S       0.029808
   42     E+     S       0.000497
   43     E+     S       0.000152
   44     E+     S       0.000019
   45     E+    Px       0.000269
   46     E+    Py       0.000000
   47     E+    Pz       0.000000
   48     E+    Px       0.002883
   49     E+    Py       0.000000
   50     E+    Pz       0.000000
   51     E+    Px       0.009986
   52     E+    Py       0.000000
   53     E+    Pz       0.000000
   54     E+    Px       0.004883
   55     E+    Py      -0.000000
   56     E+    Pz       0.000000
   57     E+   Dxx       0.000002
   58     E+   Dxy       0.000000
   59     E+   Dxz       0.000000
   60     E+   Dyy       0.000008
   61     E+   Dyz       0.000000
   62     E+   Dzz       0.000008
   63     E+   Dxx       0.001254
   64     E+   Dxy       0.000000
   65     E+   Dxz       0.000000
   66     E+   Dyy       0.000073
   67     E+   Dyz       0.000000
   68     E+   Dzz       0.000073
 
                           __________
              Total =        1.000000
 
  Atomic LOWDIN Population: for POSITRON  
            BE               0.500000
            BE               0.500000
 
 ...end of LOWDIN Population
 
 
 END POPULATION ANALYSES 
 
 
  EXPECTED POSITIONS OF QUANTUM SPECIES:
 ======================
 
 POSITIONS IN ANGSTROMS
 ------
 
                        <x>      <y>      <z>         
                 E-  63.9246   0.0000  -0.0000
           POSITRON   7.9906  -0.0000   0.0000
 
 END EXPECTED POSITIONS
 
 
  ELECTROSTATIC MOMENTS:
 ======================
 
 
 DIPOLE: (A.U.)
 ------
 
                           <Dx>         <Dy>         <Dz>          |D|
                 E--120.80000000  -0.00000000   0.00000000
           POSITRON  15.10000000  -0.00000000   0.00000000
    Point charges:  120.80000000   0.00000000   0.00000000
                     ____________________________
      Total Dipole:  15.10000000  -0.00000000   0.00000000  15.10000000
 
 DIPOLE: (DEBYE)
 ------
 
                           <Dx>         <Dy>         <Dz>          |D|
                 E--307.04293365  -0.00000000   0.00000000
           POSITRON  38.38036671  -0.00000000   0.00000000
    Point charges:  307.04293365   0.00000000   0.00000000
                     ____________________________
      Total Dipole:  38.38036671  -0.00000000   0.00000000  38.38036671
 
 QUADRUPOLE NON-TRACELESS: (DEBYE ANGS)
 ------
 
                           <xx>         <yy>         <zz>         <xy>         <xz>         <yz>
                 E--4922.44312372  -15.54360923  -15.54360923   -0.00000000    0.00000000    0.00000000
           POSITRON  941.76196483   66.97390935   66.97390935    0.00000000   -0.00000000   -0.00000000
    Point charges:  4906.89951814    0.00000000    0.00000000    0.00000000    0.00000000    0.00000000
  Total Quadrupole:  926.21835925   51.43030012   51.43030012    0.00000000   -0.00000000   -0.00000000
                     ____________________________
 
 END ELECTROSTATIC MOMENTS
 

  TOTAL CPU Time:      0.259 (s)
 TOTAL Wall Time:      0.379 (s)
  Elapsed Time:   0h  0m  0s 380ms
LOWDIN execution terminated normally at : Tue Nov 26 15:31:39 2024
-rw-rw-r-- 1 pohl pohl 704K nov 26 15:31 0E-.ints
-rw-rw-r-- 1 pohl pohl 2.1M nov 26 15:31 0E-.POSITRON.ints
-rw-rw-r-- 1 pohl pohl 2.1M nov 26 15:31 0POSITRON.ints
-rw-rw-r-- 1 pohl pohl 704K nov 26 15:31 1E-.ints
-rw-rw-r-- 1 pohl pohl 2.1M nov 26 15:31 1E-.POSITRON.ints
-rw-rw-r-- 1 pohl pohl 2.1M nov 26 15:31 1POSITRON.ints
-rw-rw-r-- 1 pohl pohl 704K nov 26 15:31 2E-.ints
-rw-rw-r-- 1 pohl pohl 2.1M nov 26 15:31 2E-.POSITRON.ints
-rw-rw-r-- 1 pohl pohl 2.1M nov 26 15:31 2POSITRON.ints
-rw-rw-r-- 1 pohl pohl 704K nov 26 15:31 3E-.ints
-rw-rw-r-- 1 pohl pohl 2.8M nov 26 15:31 3E-.POSITRON.ints
-rw-rw-r-- 1 pohl pohl 2.1M nov 26 15:31 3POSITRON.ints
-rw-rw-r-- 1 pohl pohl   12 nov 26 15:31 E-.POSITRON.nints
-rw-rw-r-- 1 pohl pohl   65 nov 26 15:31 gepol.inp
-rw-rw-r-- 1 pohl pohl   91 nov 26 15:31 gepol.xyzr
-rw-rw-r-- 1 pohl pohl 9.5K nov 26 15:31 lowdin.bas
-rw-rw-r-- 1 pohl pohl  16K nov 26 15:31 lowdin.dat
-rw-rw-r-- 1 pohl pohl 691K nov 26 15:31 lowdin.opints
-rw-rw-r-- 1 pohl pohl  26K nov 26 15:31 lowdin.sys
-rw-rw-r-- 1 pohl pohl 689K nov 26 15:31 lowdin.wfn
-rw-rw-r-- 1 pohl pohl  499 nov 26 15:31 usual_142
-rw-rw-r-- 1 pohl pohl 1.8K nov 26 15:31 usual_142.aux
-rw-rw-r-- 1 pohl pohl  504 nov 26 15:31 usual_142.lowdin
-rw-rw-r-- 1 pohl pohl  46K nov 26 15:31 usual_142.out
-rw-rw-r-- 1 pohl pohl  54K nov 26 15:31 usual_142.vec
