Begin job by input: usual_168.lowdin, for user:   at  mar 26 nov 2024 15:31:53 -05
under operating system Linux helios 5.19.0-46-generic #47-Ubuntu SMP PREEMPT_DYNAMIC Fri Jun 16 13:30:11 UTC 2023 x86_64 x86_64 x86_64 GNU/Linux
Compilation information
  commit: f31d3924f6ee2ce9d77f07edcc1ba27359319d14
  compilation date:  mar 17 sep 2024 16:16:17 -05

BEGIN INPUT INFO:
------------------------------------

GEOMETRY
	Be	Dirac	0.0 0.0 0.0
	e-(Be)	6-311++G.d.p 0.0 0.0 0.0
	E+	GRIBAKIN-10S4P2D 0.0 0.0 0.0
	Be	Dirac	35.4 0.0 0.0
	e-(Be)	6-311++G.d.p	35.4 0.0 0.0
	E+	GRIBAKIN-10S4P2D 35.4 0.0 0.0 addParticles=-1 
END GEOMETRY

TASKS
        method = "RHF"
END TASKS

EXTERPOTENTIAL
	E- GRIBAKIN0
	E+ JOR168
END EXTERPOTENTIAL

CONTROL
	units="BOHRS"
	readCoefficients=F
	convergenceMethod=1
	overlapEigenThreshold=1E-6
	SCFGhostSpecies="POSITRON"
	HFprintEigenvalues=T
	totalEnergyTolerance = 1E-9
END CONTROL


... END INPUT INFO


 LOWDIN execution started at : Tue Nov 26 15:31:53 2024
 ---------------------------------------------------------------
 
 ***************************************************************
 *                   LOWDIN 2.0  (May/2013)                    *
 *                                                             *
 *  R. FLORES-MORENO, E. F. POSADA, F. S. MONCADA, J.ROMERO,   *
 *  J. CHARRY, M. DIAZ-TINOCO, S. A. GONZALEZ, N. F. AGUIRRE,  *
 *  A. REYES                                                   *
 *                                                             *
 *  https://sites.google.com/site/lowdinproject/               *
 *                                                             *
 ***************************************************************
 
 PARSING INPUT... DONE!
 
 LOWDIN IS RUNNING WITH NEXT PARAMETERS: 
 ----------------------------------------
 
         METHOD TYPE:  RHF
         NUMBER OF CORES:     4
         NONELECTRONIC DENSITY GUESS: HCORE
         ELECTRONIC DENSITY GUESS: HCORE
         CRITERIUM OF CONVERGENCE: ENERGY
         NONELECTRONIC ENERGY TOLERANCE IN SCFs:     0.10000E-07
         ELECTRONIC ENERGY TOLERANCE IN SCFs:     0.10000E-07
         TOTAL ENERGY TOLERANCE IN SCFs:     0.10000E-08
         SCHEME OF ITERATION: GLOBAL ITERATIONS
         SCF MAX. SUBITERATIONS - NONELECTRONS :     1
         SCF MAX. SUBITERATIONS - ELECTRONS :     1
         SCF MAX. ITERATIONS - INTERSPECIES :   200
         INTEGRAL STORAGE: DISK
         STACK SIZE FOR ERIS : 30000
         METHOD OF SCF CONVERGENCE: DAMPING
 
  MOLECULAR SYSTEM: usual_168
 -----------------
 
    DESCRIPTION   : usual_168
    CHARGE        :   2
    PUNTUAL GROUP : NONE
 
 
  INFORMATION OF PARTICLES :
 =========================
         Total number of particles   =      11
         Number of quantum particles =       9
         Number of puntual charges   =       2
         Number of quantum species   =       2
 
                 INFORMATION OF QUANTUM SPECIES 
    ----------------------------------------------------------------------
         ID      Symbol            mass     charge      omega     spin     multiplicity
    ----------------------------------------------------------------------
         1             E-         1.0000     -1.00      0.00      0.50      1.00
         2             E+         1.0000      1.00      0.00      0.50      1.00
 
                   CONSTANTS OF COUPLING 
      ------------------------------------------------------------
              Symbol      kappa        eta     lambda occupation
      ------------------------------------------------------------
                  E-      -1.00       2.00       2.00       4.00
                  E+      -1.00       1.00       1.00       1.00
 
                   BASIS SET FOR SPECIES 
      ------------------------------------------------------------
           Symbol          N. Basis     N. Particles     Basis Set
      ------------------------------------------------------------
                 E-           20                8     6-311++G.D
                 E+           32                1     GRIBAKIN-1
 
                                ATOMIC BASIS
         ------------------------------------------------------------
          PRIMITIVE   SHELL             EXPONENT         COEFFICIENT 
         ------------------------------------------------------------
 
    BEGIN DESCRIPTION OF BASIS FOR:    E-
    ==============================
 
 
            BE BASIS SET:   6-311++G.D.P
             1         S             1682.80000000          0.00228574
             2         S              251.71500000          0.01759380
             3         S               57.41160000          0.08633150
             4         S               16.51710000          0.28183500
             5         S                4.85364000          0.64059400
             6         S                0.62686300          0.14446700
             1         S                8.30938000          0.10862100
             2         S                1.74075000          0.92730100
             3         S                0.48581600         -0.00297169
             1         P                8.30938000          0.03613440
             2         P                1.74075000          0.21695800
             3         P                0.48581600          0.84183900
             1         S                0.16361300          1.00000000
             1         P                0.16361300          1.00000000
             1         S                0.05672850          1.00000000
             1         P                0.05672850          1.00000000
             1         S                0.02070000          1.00000000
             1         P                0.02070000          1.00000000
             1         D                0.25500000          1.00000000
 
            BE BASIS SET:   6-311++G.D.P
             1         S             1682.80000000          0.00228574
             2         S              251.71500000          0.01759380
             3         S               57.41160000          0.08633150
             4         S               16.51710000          0.28183500
             5         S                4.85364000          0.64059400
             6         S                0.62686300          0.14446700
             1         S                8.30938000          0.10862100
             2         S                1.74075000          0.92730100
             3         S                0.48581600         -0.00297169
             1         P                8.30938000          0.03613440
             2         P                1.74075000          0.21695800
             3         P                0.48581600          0.84183900
             1         S                0.16361300          1.00000000
             1         P                0.16361300          1.00000000
             1         S                0.05672850          1.00000000
             1         P                0.05672850          1.00000000
             1         S                0.02070000          1.00000000
             1         P                0.02070000          1.00000000
             1         D                0.25500000          1.00000000
    ... END DESCRIPTION OF BASIS
 
 
    BEGIN DESCRIPTION OF BASIS FOR:    E+
    ==============================
 
 
            E+ BASIS SET:GRIBAKIN-10S4P2
             1         S                0.00010000          1.00000000
             1         S                0.00030000          1.00000000
             1         S                0.00090000          1.00000000
             1         S                0.00270000          1.00000000
             1         S                0.00810000          1.00000000
             1         S                0.02430000          1.00000000
             1         S                0.07290000          1.00000000
             1         S                0.21870000          1.00000000
             1         S                0.65610000          1.00000000
             1         S                1.96830000          1.00000000
             1         P                0.00010000          1.00000000
             1         P                0.00030000          1.00000000
             1         P                0.00090000          1.00000000
             1         P                0.00270000          1.00000000
             1         D                0.00010000          1.00000000
             1         D                0.00030000          1.00000000
 
            E+ BASIS SET:GRIBAKIN-10S4P2
             1         S                0.00010000          1.00000000
             1         S                0.00030000          1.00000000
             1         S                0.00090000          1.00000000
             1         S                0.00270000          1.00000000
             1         S                0.00810000          1.00000000
             1         S                0.02430000          1.00000000
             1         S                0.07290000          1.00000000
             1         S                0.21870000          1.00000000
             1         S                0.65610000          1.00000000
             1         S                1.96830000          1.00000000
             1         P                0.00010000          1.00000000
             1         P                0.00030000          1.00000000
             1         P                0.00090000          1.00000000
             1         P                0.00270000          1.00000000
             1         D                0.00010000          1.00000000
             1         D                0.00030000          1.00000000
    ... END DESCRIPTION OF BASIS
 
 
  END INFORMATION OF PARTICLES
 
 
  INFORMATION OF THE QUANTUM SYSTEM 
     ---------------------------------------------------------------------
                 ID     Occupied Orbitals     Basis size
     ---------------------------------------------------------------------
                 E-            4               46
                 E+            1               68
 
  END INFORMATION OF QUANTUM SYSTEM
 
 
  INFORMATION OF EXTERNAL POTENTIALS 
 
 =======
 External Potential for E- : GRIBAKIN0
 Type : 
                     Exponent         l       R_x       R_y       R_z              Factor
                 0.0010000000         0   0.00000   0.00000   0.00000        0.0000000000
 
 =======
 External Potential for E+ : JOR168
 Type : 
                     Exponent         l       R_x       R_y       R_z              Factor
                 0.0010000000         0   0.00000   0.00000   0.00000       -0.0004852612
                 0.0020000000         0   0.00000   0.00000   0.00000        0.0024441783
                 0.0040000000         0   0.00000   0.00000   0.00000       -0.0075448874
                 0.0080000000         0   0.00000   0.00000   0.00000        0.0157738437
                 0.0160000000         0   0.00000   0.00000   0.00000       -0.0371036225
                 0.0320000000         0   0.00000   0.00000   0.00000        0.0538567205
                 0.0640000000         0   0.00000   0.00000   0.00000       -0.1977562620
                 0.1280000000         0   0.00000   0.00000   0.00000        0.1521150960
                 0.2560000000         0   0.00000   0.00000   0.00000       -2.2309931100
                 0.5120000000         0   0.00000   0.00000   0.00000        7.1544406100
                 1.0000000000         0   0.00000   0.00000   0.00000      -16.4610761000
                 2.0000000000         0   0.00000   0.00000   0.00000      120.0674500000
                 3.0000000000         0   0.00000   0.00000   0.00000    -1010.4441400000
                 4.0000000000         0   0.00000   0.00000   0.00000     5912.5175500000
                 5.0000000000         0   0.00000   0.00000   0.00000   -22883.6471000000
                 6.0000000000         0   0.00000   0.00000   0.00000    58320.2479000000
                 7.0000000000         0   0.00000   0.00000   0.00000   -96733.7399000000
                 8.0000000000         0   0.00000   0.00000   0.00000   100515.5930000000
                 9.0000000000         0   0.00000   0.00000   0.00000   -59492.9273000000
                10.0000000000         0   0.00000   0.00000   0.00000    15337.5181000000
                20.0000000000         0   0.00000   0.00000   0.00000     -108.3194530000
                30.0000000000         0   0.00000   0.00000   0.00000       58.7242217000
                40.0000000000         0   0.00000   0.00000   0.00000      -33.9818623000
                50.0000000000         0   0.00000   0.00000   0.00000       10.1503518000
               100.0000000000         0   0.00000   0.00000   0.00000       -0.2039701810
                 0.0010000000         0  35.40000   0.00000   0.00000       -0.0004852612
                 0.0020000000         0  35.40000   0.00000   0.00000        0.0024441783
                 0.0040000000         0  35.40000   0.00000   0.00000       -0.0075448874
                 0.0080000000         0  35.40000   0.00000   0.00000        0.0157738437
                 0.0160000000         0  35.40000   0.00000   0.00000       -0.0371036225
                 0.0320000000         0  35.40000   0.00000   0.00000        0.0538567205
                 0.0640000000         0  35.40000   0.00000   0.00000       -0.1977562620
                 0.1280000000         0  35.40000   0.00000   0.00000        0.1521150960
                 0.2560000000         0  35.40000   0.00000   0.00000       -2.2309931100
                 0.5120000000         0  35.40000   0.00000   0.00000        7.1544406100
                 1.0000000000         0  35.40000   0.00000   0.00000      -16.4610761000
                 2.0000000000         0  35.40000   0.00000   0.00000      120.0674500000
                 3.0000000000         0  35.40000   0.00000   0.00000    -1010.4441400000
                 4.0000000000         0  35.40000   0.00000   0.00000     5912.5175500000
                 5.0000000000         0  35.40000   0.00000   0.00000   -22883.6471000000
                 6.0000000000         0  35.40000   0.00000   0.00000    58320.2479000000
                 7.0000000000         0  35.40000   0.00000   0.00000   -96733.7399000000
                 8.0000000000         0  35.40000   0.00000   0.00000   100515.5930000000
                 9.0000000000         0  35.40000   0.00000   0.00000   -59492.9273000000
                10.0000000000         0  35.40000   0.00000   0.00000    15337.5181000000
                20.0000000000         0  35.40000   0.00000   0.00000     -108.3194530000
                30.0000000000         0  35.40000   0.00000   0.00000       58.7242217000
                40.0000000000         0  35.40000   0.00000   0.00000      -33.9818623000
                50.0000000000         0  35.40000   0.00000   0.00000       10.1503518000
               100.0000000000         0  35.40000   0.00000   0.00000       -0.2039701810
 
  END INFORMATION OF EXTERNAL POTENTIALS
 
                       INITIAL GEOMETRY: AMSTRONG
                 -----------------------------------
                       <x>                 <y>                 <z>
      E-BE        0.0000000000        0.0000000000        0.0000000000
      E-BE       18.7328746231        0.0000000000        0.0000000000
        E+        0.0000000000        0.0000000000        0.0000000000
        E+       18.7328746231        0.0000000000        0.0000000000
        BE        0.0000000000        0.0000000000        0.0000000000
        BE       18.7328746231        0.0000000000        0.0000000000
 
                     MATRIX OF DISTANCE: ANGSTROM
                 -----------------------------------
                          BE(1)          BE(2)     
 
        BE(1)            0.000000      18.732875
        BE(2)           18.732875       0.000000
 
--------------------------------------------------------------------------------
** PROGRAM: SCF (Hartree Fock).     Author: S.A. Gonzalez, E. Posada, F. Moncada
--------------------------------------------------------------------------------
INFO: RUNNING IN RHF MODE.
 
----------------------------------------------------------------------
** PROGRAM INTS                          Author: E. F. Posada, 2013   
----------------------------------------------------------------------
INFO: RUNNING IN ONE_PARTICLE MODE.
 
 Number of Overlap integrals for species E-:   2116
 Number of Overlap integrals for species POSITRON:   4624
 Number of Kinetic integrals for species E-:   2116
 Number of Kinetic integrals for species POSITRON:   4624
 Number of Nuclear integrals for species E-:   2116
 Number of Nuclear integrals for species POSITRON:   4624
 Number of Moment integrals for species E-:   6348
 Number of Moment integrals for species POSITRON:  13872
 Number of 3C Overlap integrals for species E-:   2116
 Number of 3C Overlap integrals for species POSITRON:   4624
 
** TOTAL CPU Time INTS :      0.399 (s)
** TOTAL Elapsed Time INTS :      0.155 (s)
 
Removed     2 orbitals for species POSITRON with overlap eigen threshold of 1.000E-06
       Usign  HCORE density guess for species:         E-
     number of         E-     particles in guess density matrix:     8.000000
       Usign  HCORE density guess for species:   POSITRON
     number of   POSITRON     particles in guess density matrix:     0.000000
 Warning!, density matrix with deviation from number of particles    1.000000
 Number of unique integrals for species: 1 = 37554
 Number of unique integrals for species: 2 = 300355
 Number of unique integrals for species: 1 / 2 = 331362 Screened: 20445
 
 TWO-BODY INTEGRAL SETUP: 
------------------------- 
 Storage:   DISK
 Scheme: LIBINT
 Stack size:  30000
 
 LIBINT library, Fermann, J. T.; Valeev, F. L. 2010                   
 LOWDIN-LIBINT Implementation V. 2.1  Posada E. F. ; Reyes A. 2016   
 ----------------------------------------------------------------------

*** TOTAL CPU time intra-species integrals :      0.383 (s)
*** TOTAL elapsed time intra-species integrals :      0.059 (s)


*** TOTAL CPU time inter-species integrals :      0.561 (s)
*** TOTAL elapsed time inter-species integrals :      0.090 (s)

INFO: RUNNING SCHEME SIMULTANEOUS
 
 Begin Multi-Species SCF calculation:
 
 --------------------------------------------------------------------------------------------------
      Iteration                   Energy            Energy Change           Density Change
 --------------------------------------------------------------------------------------------------
              1         -27.544754097333          27.544754097333           0.324547689005
              2         -29.115201651150           1.570447553817           0.022927860430
              3         -29.140890780618           0.025689129468           0.007857547489
              4         -29.146588024826           0.005697244208           0.003345268141
              5         -29.147218834457           0.000630809631           0.000231703937
              6         -29.147217602856          -0.000001231601           0.000057861534
              7         -29.147217605159           0.000000002303           0.000015194152
              8         -29.147217795136           0.000000189978           0.000004381626
              9         -29.147217910773           0.000000115637           0.000001419939
             10         -29.147217963003           0.000000052230           0.000000497174
             11         -29.147217984051           0.000000021048           0.000000184333
             12         -29.147217992075           0.000000008024           0.000000070867
             13         -29.147217995045           0.000000002970           0.000000027784
             14         -29.147217996127           0.000000001081           0.000000010990
             15         -29.147217996517           0.000000000390           0.000000004356
 Total energy converged after  15 global iterations                                                  
 
 ...end Multi-Species SCF calculation
 
 
 Begin SCF calculation by: E-
 -------------------------
 
 -----------------------------------------------------------------------------------
 Iteration                   Energy           Density Change         DIIS Error 
 -----------------------------------------------------------------------------------
    1         -29.476377322310           0.019781240378                 -- 
    2         -29.575165661019           0.003528159175                 -- 
    3         -29.591891177322           0.000810318139                 -- 
    4         -29.595095212226           0.000204181760                 -- 
    5         -29.595722125680           0.000053831961                 -- 
    6         -29.595843395097           0.000014693926                 -- 
    7         -29.595865608092           0.000004160683                 -- 
    8         -29.595869089573           0.000001227062                 -- 
    9         -29.595869379283           0.000000377404                 -- 
   10         -29.595869278055           0.000000120722                 -- 
   11         -29.595869198602           0.000000039932                 -- 
   12         -29.595869161413           0.000000013567                 -- 
   13         -29.595869146482           0.000000004706                 -- 
   14         -29.595869140897           0.000000001658                 -- 
 
 ... end SCF calculation
 
 Begin SCF calculation by: POSITRON
 -------------------------
 
 -----------------------------------------------------------------------------------
 Iteration                   Energy           Density Change         DIIS Error 
 -----------------------------------------------------------------------------------
    1          -0.062927078652           0.003146620052                 -- 
    2          -0.042436512624           0.004329388314                 -- 
    3          -0.030948268496           0.002534950002                 -- 
    4          -0.030777598817           0.000027522177                 -- 
    5          -0.030749590587           0.000004029574                 -- 
    6          -0.030746668695           0.000000500225                 -- 
    7          -0.030747148589           0.000000220943                 -- 
    8          -0.030747642443           0.000000192877                 -- 
    9          -0.030747884411           0.000000119770                 -- 
   10          -0.030747983073           0.000000063611                 -- 
   11          -0.030748020156           0.000000030935                 -- 
   12          -0.030748033493           0.000000014216                 -- 
   13          -0.030748038165           0.000000006284                 -- 
   14          -0.030748039773           0.000000002698                 -- 
 
 ... end SCF calculation
 
  EIGENVALUES AND EIGENVECTORS: 
 ==============================
 
 
  Eigenvalues for: E-
 -----------------
 
    1          -4.732348736634
    2          -4.732348736630
    3          -0.309258221103
    4          -0.309258221009
    5           0.029555253505
    6           0.029565322158
    7           0.029565322158
    8           0.029566247159
    9           0.029566247159
   10           0.029576308689
   11           0.051093951513
   12           0.051098519029
   13           0.098005883752
   14           0.098027651210
   15           0.098027651210
   16           0.098029618023
   17           0.098029618023
   18           0.098051398729
   19           0.321202689440
   20           0.321207172819
   21           0.345787330892
   22           0.345803958927
   23           0.345803958927
   24           0.345805416389
   25           0.345805416389
   26           0.345822058039
   27           0.692850858684
   28           0.692850858684
   29           0.692850858684
   30           0.692850858684
   31           0.692850858684
   32           0.692850858684
   33           0.692850858684
   34           0.692850858684
   35           0.692850858684
   36           0.692850858684
   37           1.198781906122
   38           1.198792266705
   39           1.198792266705
   40           1.198793151934
   41           1.198793151934
   42           1.198803517441
   43           1.414740362772
   44           1.414742243100
   45          10.066563616524
   46          10.066564670799
 
 
  Eigenvalues for: POSITRON
 -----------------
 
    1          -0.003326259837
    2          -0.002807071730
    3           0.000084596288
    4           0.000136989973
    5           0.000208041696
    6           0.000208041696
    7           0.000258247607
    8           0.000281097302
    9           0.000281097303
   10           0.000327024158
   11           0.000327024158
   12           0.000363924711
   13           0.000423851755
   14           0.000428757074
   15           0.000428757074
   16           0.000439778416
   17           0.000439837852
   18           0.000439837852
   19           0.000568570686
   20           0.000568570686
   21           0.000592999575
   22           0.000890304958
   23           0.000890304958
   24           0.000961295169
   25           0.001037196205
   26           0.001139594474
   27           0.001139594474
   28           0.001154387218
   29           0.001233311186
   30           0.001233311186
   31           0.001438454736
   32           0.001502466944
   33           0.001502466944
   34           0.001503960885
   35           0.001503960885
   36           0.001800143023
   37           0.001800143023
   38           0.001859591438
   39           0.002189393173
   40           0.002210358722
   41           0.002928754518
   42           0.002928754518
   43           0.003714525292
   44           0.003714525292
   45           0.003852642329
   46           0.004376281044
   47           0.005179141551
   48           0.005293366604
   49           0.008762113413
   50           0.008919762993
   51           0.008919762993
   52           0.009858625027
   53           0.009858625027
   54           0.011675991293
   55           0.014466432990
   56           0.015752095176
   57           0.050970486922
   58           0.051814922559
   59           0.192950505707
   60           0.193652328506
   61           0.855422472472
   62           0.855946191692
   63           2.941122522939
   64           2.941532310679
   65          10.802292223606
   66          10.802697502451
   67     1000000.000000000000
   68     1000000.000000000000
 
  end of eigenvalues 
 
  Occupied Eigenvectors for: E-
 --------------------------- 
 
                          -4.7323        -4.7323        -0.3093        -0.3093   
 
    1     BE     S       0.421907      -0.421360       0.077488      -0.077490
    2     BE     S       0.315888      -0.315478       0.131304      -0.131307
    3     BE    Px       0.000000       0.000000      -0.000000       0.000000
    4     BE    Py      -0.000000       0.000000       0.000000      -0.000000
    5     BE    Pz       0.000000       0.000000       0.000000       0.000000
    6     BE     S      -0.003459       0.003455      -0.412945       0.412953
    7     BE    Px      -0.000000      -0.000000       0.000000       0.000000
    8     BE    Py       0.000000      -0.000000      -0.000000       0.000000
    9     BE    Pz      -0.000000      -0.000000      -0.000000      -0.000000
   10     BE     S       0.001008      -0.001007      -0.353644       0.353651
   11     BE    Px       0.000000       0.000000      -0.000000      -0.000000
   12     BE    Py      -0.000000       0.000000       0.000000      -0.000000
   13     BE    Pz       0.000000       0.000000       0.000000       0.000000
   14     BE     S      -0.000303       0.000303      -0.015799       0.015800
   15     BE    Px      -0.000000      -0.000000       0.000000       0.000000
   16     BE    Py       0.000000      -0.000000      -0.000000       0.000000
   17     BE    Pz      -0.000000      -0.000000      -0.000000      -0.000000
   18     BE   Dxx       0.000475      -0.000474       0.001253      -0.001253
   19     BE   Dxy      -0.000000       0.000000       0.000000       0.000000
   20     BE   Dxz       0.000000      -0.000000      -0.000000       0.000000
   21     BE   Dyy       0.000475      -0.000474       0.001253      -0.001253
   22     BE   Dyz       0.000000       0.000000       0.000000       0.000000
   23     BE   Dzz       0.000475      -0.000474       0.001253      -0.001253
   24     BE     S      -0.421360      -0.421907       0.077490       0.077488
   25     BE     S      -0.315478      -0.315888       0.131307       0.131304
   26     BE    Px       0.000000      -0.000000       0.000000       0.000000
   27     BE    Py      -0.000000       0.000000       0.000000      -0.000000
   28     BE    Pz      -0.000000       0.000000       0.000000      -0.000000
   29     BE     S       0.003455       0.003459      -0.412953      -0.412945
   30     BE    Px      -0.000000       0.000000      -0.000000       0.000000
   31     BE    Py       0.000000      -0.000000       0.000000       0.000000
   32     BE    Pz       0.000000      -0.000000      -0.000000       0.000000
   33     BE     S      -0.001007      -0.001008      -0.353651      -0.353644
   34     BE    Px       0.000000      -0.000000       0.000000      -0.000000
   35     BE    Py      -0.000000       0.000000      -0.000000      -0.000000
   36     BE    Pz      -0.000000       0.000000       0.000000      -0.000000
   37     BE     S       0.000303       0.000303      -0.015800      -0.015799
   38     BE    Px      -0.000000       0.000000      -0.000000       0.000000
   39     BE    Py       0.000000      -0.000000       0.000000      -0.000000
   40     BE    Pz       0.000000      -0.000000      -0.000000       0.000000
   41     BE   Dxx      -0.000474      -0.000475       0.001253       0.001253
   42     BE   Dxy       0.000000       0.000000       0.000000       0.000000
   43     BE   Dxz      -0.000000      -0.000000       0.000000       0.000000
   44     BE   Dyy      -0.000474      -0.000475       0.001253       0.001253
   45     BE   Dyz       0.000000      -0.000000      -0.000000      -0.000000
   46     BE   Dzz      -0.000474      -0.000475       0.001253       0.001253
 
 
  Occupied Eigenvectors for: POSITRON
 --------------------------- 
 
                          -0.0033   
 
    1     E+     S      -0.006534
    2     E+     S      -0.020672
    3     E+     S       0.111597
    4     E+     S       0.201223
    5     E+     S       0.265199
    6     E+     S       0.171368
    7     E+     S       0.118061
    8     E+     S      -0.093369
    9     E+     S      -0.005780
   10     E+     S       0.000001
   11     E+    Px      -0.044185
   12     E+    Py      -0.000000
   13     E+    Pz       0.000000
   14     E+    Px       0.010074
   15     E+    Py       0.000000
   16     E+    Pz       0.000000
   17     E+    Px      -0.002829
   18     E+    Py       0.000000
   19     E+    Pz       0.000000
   20     E+    Px       0.002827
   21     E+    Py      -0.000000
   22     E+    Pz      -0.000000
   23     E+   Dxx      -0.010771
   24     E+   Dxy      -0.000000
   25     E+   Dxz       0.000000
   26     E+   Dyy       0.003266
   27     E+   Dyz      -0.000000
   28     E+   Dzz       0.003266
   29     E+   Dxx       0.015067
   30     E+   Dxy       0.000000
   31     E+   Dxz       0.000000
   32     E+   Dyy       0.010546
   33     E+   Dyz      -0.000000
   34     E+   Dzz       0.010546
   35     E+     S      -0.006534
   36     E+     S      -0.020672
   37     E+     S       0.111597
   38     E+     S       0.201223
   39     E+     S       0.265199
   40     E+     S       0.171368
   41     E+     S       0.118061
   42     E+     S      -0.093369
   43     E+     S      -0.005780
   44     E+     S       0.000001
   45     E+    Px       0.044185
   46     E+    Py       0.000000
   47     E+    Pz      -0.000000
   48     E+    Px      -0.010074
   49     E+    Py      -0.000000
   50     E+    Pz      -0.000000
   51     E+    Px       0.002829
   52     E+    Py       0.000000
   53     E+    Pz       0.000000
   54     E+    Px      -0.002827
   55     E+    Py      -0.000000
   56     E+    Pz       0.000000
   57     E+   Dxx      -0.010771
   58     E+   Dxy      -0.000000
   59     E+   Dxz       0.000000
   60     E+   Dyy       0.003266
   61     E+   Dyz       0.000000
   62     E+   Dzz       0.003266
   63     E+   Dxx       0.015067
   64     E+   Dxy       0.000000
   65     E+   Dxz       0.000000
   66     E+   Dyy       0.010546
   67     E+   Dyz       0.000000
   68     E+   Dzz       0.010546
 
 
  end of eigenvectors 
 
  END OF EIGENVALUES AND EIGENVECTORS
 
 
  COMPONENTS OF KINETIC ENERGY: 
 -----------------------------
 
                  E- Kinetic energy =           29.142628636924
            POSITRON Kinetic energy =            0.014619086993
                                     _________________________
               Total kinetic energy =           29.157247723917
 
  COMPONENTS OF POTENTIAL ENERGY: 
 -------------------------------
 
          Fixed potential energy    =            0.451977401130
 
  Quantum/Fixed interaction energy: 
 ----------------------------------
 
          E-/Fixed interact. energy =          -68.167939087967
    POSITRON/Fixed interact. energy =            0.688231572914
                                     _________________________
               Total Q/Fixed energy =          -67.479707515053
 
  Coulomb energy: 
 ------------------
 
               E-/E- Hartree energy =           14.762550767635
   POSITRON/POSITRON Hartree energy =            0.000000000000
         E-/POSITRON Hartree energy =           -0.678755139949
                                     _________________________
               Total Hartree energy =           14.083795627686
 
  Exchange(HF) energy: 
 ----------------------
 
                 E- Exchange energy =           -5.333109454401
           POSITRON Exchange energy =            0.000000000000
                                     _________________________
              Total Exchange energy =           -5.333109454401
 
  External Potential energy: 
 ----------------------------
 
                  E- Ext Pot energy =            0.000000000000
            POSITRON Ext Pot energy =           -0.027421779936
                                     _________________________
    Total External Potential energy =           -0.027421779936
 
  TOTAL ENERGY COMPONENTS: 
 ==========================
 
          TOTAL KINETIC ENERGY      =           29.157247723917
          TOTAL POTENTIAL ENERGY    =          -58.304465720575
                                     _________________________
                       TOTAL ENERGY =          -29.147217996657
 
                 VIRIAL RATIO (V/T) =            1.999656012551
 
 
  END ENERGY COMPONENTS
 
 
** TOTAL CPU Time SCF :      0.854 (s)
** TOTAL Elapsed Time SCF :      0.330 (s)
 
 We are calculating properties for E- in the HF/KS ground state
 We are calculating properties for POSITRON in the HF/KS ground state
 
  POPULATION ANALYSES: 
 ====================
 
 MULLIKEN Population: for E-        
 ---------------------
 
                                    
 
    1     BE     S       1.166391
    2     BE     S       0.823588
    3     BE    Px       0.000000
    4     BE    Py       0.000000
    5     BE    Pz      -0.000000
    6     BE     S       1.043694
    7     BE    Px      -0.000000
    8     BE    Py      -0.000000
    9     BE    Pz       0.000000
   10     BE     S       0.942124
   11     BE    Px       0.000000
   12     BE    Py       0.000000
   13     BE    Pz       0.000000
   14     BE     S       0.031424
   15     BE    Px      -0.000000
   16     BE    Py       0.000000
   17     BE    Pz       0.000000
   18     BE   Dxx      -0.002407
   19     BE   Dxy       0.000000
   20     BE   Dxz       0.000000
   21     BE   Dyy      -0.002407
   22     BE   Dyz       0.000000
   23     BE   Dzz      -0.002407
   24     BE     S       1.166391
   25     BE     S       0.823588
   26     BE    Px       0.000000
   27     BE    Py       0.000000
   28     BE    Pz       0.000000
   29     BE     S       1.043694
   30     BE    Px      -0.000000
   31     BE    Py       0.000000
   32     BE    Pz       0.000000
   33     BE     S       0.942124
   34     BE    Px       0.000000
   35     BE    Py      -0.000000
   36     BE    Pz       0.000000
   37     BE     S       0.031424
   38     BE    Px      -0.000000
   39     BE    Py       0.000000
   40     BE    Pz       0.000000
   41     BE   Dxx      -0.002407
   42     BE   Dxy       0.000000
   43     BE   Dxz       0.000000
   44     BE   Dyy      -0.002407
   45     BE   Dyz       0.000000
   46     BE   Dzz      -0.002407
 
                           __________
              Total =        8.000000
 
  Atomic MULLIKEN Population: for E-        
            BE               4.000000
            BE               4.000000
 
 ...end of MULLIKEN Population
 
 
 END POPULATION ANALYSES 
 
 
  POPULATION ANALYSES: 
 ====================
 
 LOWDIN Population: for E-        
 ---------------------
 
                                    
 
    1     BE     S       1.101745
    2     BE     S       0.875944
    3     BE    Px       0.000000
    4     BE    Py       0.000000
    5     BE    Pz       0.000000
    6     BE     S       0.590908
    7     BE    Px       0.000000
    8     BE    Py       0.000000
    9     BE    Pz       0.000000
   10     BE     S       0.553024
   11     BE    Px       0.000000
   12     BE    Py       0.000000
   13     BE    Pz       0.000000
   14     BE     S       0.204207
   15     BE    Px       0.000000
   16     BE    Py       0.000000
   17     BE    Pz       0.000000
   18     BE   Dxx       0.224724
   19     BE   Dxy      -0.000000
   20     BE   Dxz      -0.000000
   21     BE   Dyy       0.224724
   22     BE   Dyz       0.000000
   23     BE   Dzz       0.224724
   24     BE     S       1.101745
   25     BE     S       0.875944
   26     BE    Px       0.000000
   27     BE    Py       0.000000
   28     BE    Pz       0.000000
   29     BE     S       0.590908
   30     BE    Px       0.000000
   31     BE    Py       0.000000
   32     BE    Pz       0.000000
   33     BE     S       0.553024
   34     BE    Px       0.000000
   35     BE    Py       0.000000
   36     BE    Pz       0.000000
   37     BE     S       0.204207
   38     BE    Px       0.000000
   39     BE    Py       0.000000
   40     BE    Pz       0.000000
   41     BE   Dxx       0.224724
   42     BE   Dxy       0.000000
   43     BE   Dxz       0.000000
   44     BE   Dyy       0.224724
   45     BE   Dyz       0.000000
   46     BE   Dzz       0.224724
 
                           __________
              Total =        8.000000
 
  Atomic LOWDIN Population: for E-        
            BE               4.000000
            BE               4.000000
 
 ...end of LOWDIN Population
 
 
 END POPULATION ANALYSES 
 
 
  POPULATION ANALYSES: 
 ====================
 
 MULLIKEN Population: for POSITRON  
 ---------------------
 
                                    
 
    1     E+     S      -0.001563
    2     E+     S      -0.008940
    3     E+     S       0.068389
    4     E+     S       0.137308
    5     E+     S       0.179145
    6     E+     S       0.096558
    7     E+     S       0.042766
    8     E+     S      -0.015326
    9     E+     S      -0.000301
   10     E+     S       0.000000
   11     E+    Px      -0.003335
   12     E+    Py       0.000000
   13     E+    Pz      -0.000000
   14     E+    Px       0.001955
   15     E+    Py      -0.000000
   16     E+    Pz      -0.000000
   17     E+    Px      -0.000815
   18     E+    Py      -0.000000
   19     E+    Pz      -0.000000
   20     E+    Px       0.000462
   21     E+    Py       0.000000
   22     E+    Pz       0.000000
   23     E+   Dxx      -0.000472
   24     E+   Dxy      -0.000000
   25     E+   Dxz       0.000000
   26     E+   Dyy       0.000048
   27     E+   Dyz      -0.000000
   28     E+   Dzz       0.000048
   29     E+   Dxx       0.002762
   30     E+   Dxy       0.000000
   31     E+   Dxz       0.000000
   32     E+   Dyy       0.000656
   33     E+   Dyz      -0.000000
   34     E+   Dzz       0.000656
   35     E+     S      -0.001563
   36     E+     S      -0.008940
   37     E+     S       0.068389
   38     E+     S       0.137308
   39     E+     S       0.179145
   40     E+     S       0.096558
   41     E+     S       0.042766
   42     E+     S      -0.015326
   43     E+     S      -0.000301
   44     E+     S       0.000000
   45     E+    Px      -0.003335
   46     E+    Py      -0.000000
   47     E+    Pz       0.000000
   48     E+    Px       0.001955
   49     E+    Py      -0.000000
   50     E+    Pz       0.000000
   51     E+    Px      -0.000815
   52     E+    Py       0.000000
   53     E+    Pz      -0.000000
   54     E+    Px       0.000462
   55     E+    Py       0.000000
   56     E+    Pz       0.000000
   57     E+   Dxx      -0.000472
   58     E+   Dxy      -0.000000
   59     E+   Dxz       0.000000
   60     E+   Dyy       0.000048
   61     E+   Dyz       0.000000
   62     E+   Dzz       0.000048
   63     E+   Dxx       0.002762
   64     E+   Dxy       0.000000
   65     E+   Dxz       0.000000
   66     E+   Dyy       0.000656
   67     E+   Dyz       0.000000
   68     E+   Dzz       0.000656
 
                           __________
              Total =        1.000000
 
  Atomic MULLIKEN Population: for POSITRON  
            BE               0.500000
            BE               0.500000
 
 ...end of MULLIKEN Population
 
 
 END POPULATION ANALYSES 
 
 
  POPULATION ANALYSES: 
 ====================
 
 LOWDIN Population: for POSITRON  
 ---------------------
 
                                    
 
    1     E+     S       0.003272
    2     E+     S       0.015759
    3     E+     S       0.058944
    4     E+     S       0.121834
    5     E+     S       0.151128
    6     E+     S       0.101101
    7     E+     S       0.030155
    8     E+     S       0.000506
    9     E+     S       0.000151
   10     E+     S       0.000019
   11     E+    Px       0.000408
   12     E+    Py       0.000000
   13     E+    Pz      -0.000000
   14     E+    Px       0.003685
   15     E+    Py      -0.000000
   16     E+    Pz       0.000000
   17     E+    Px       0.008965
   18     E+    Py       0.000000
   19     E+    Pz      -0.000000
   20     E+    Px       0.001804
   21     E+    Py       0.000000
   22     E+    Pz       0.000000
   23     E+   Dxx       0.000011
   24     E+   Dxy       0.000000
   25     E+   Dxz      -0.000000
   26     E+   Dyy       0.000011
   27     E+   Dyz       0.000000
   28     E+   Dzz       0.000011
   29     E+   Dxx       0.002073
   30     E+   Dxy       0.000000
   31     E+   Dxz       0.000000
   32     E+   Dyy       0.000082
   33     E+   Dyz       0.000000
   34     E+   Dzz       0.000082
   35     E+     S       0.003272
   36     E+     S       0.015759
   37     E+     S       0.058944
   38     E+     S       0.121834
   39     E+     S       0.151128
   40     E+     S       0.101101
   41     E+     S       0.030155
   42     E+     S       0.000506
   43     E+     S       0.000151
   44     E+     S       0.000019
   45     E+    Px       0.000408
   46     E+    Py      -0.000000
   47     E+    Pz       0.000000
   48     E+    Px       0.003685
   49     E+    Py       0.000000
   50     E+    Pz       0.000000
   51     E+    Px       0.008965
   52     E+    Py       0.000000
   53     E+    Pz      -0.000000
   54     E+    Px       0.001804
   55     E+    Py       0.000000
   56     E+    Pz       0.000000
   57     E+   Dxx       0.000011
   58     E+   Dxy       0.000000
   59     E+   Dxz       0.000000
   60     E+   Dyy       0.000011
   61     E+   Dyz       0.000000
   62     E+   Dzz       0.000011
   63     E+   Dxx       0.002073
   64     E+   Dxy       0.000000
   65     E+   Dxz       0.000000
   66     E+   Dyy       0.000082
   67     E+   Dyz       0.000000
   68     E+   Dzz       0.000082
 
                           __________
              Total =        1.000000
 
  Atomic LOWDIN Population: for POSITRON  
            BE               0.500000
            BE               0.500000
 
 ...end of LOWDIN Population
 
 
 END POPULATION ANALYSES 
 
 
  EXPECTED POSITIONS OF QUANTUM SPECIES:
 ======================
 
 POSITIONS IN ANGSTROMS
 ------
 
                        <x>      <y>      <z>         
                 E-  74.9315  -0.0000  -0.0000
           POSITRON   9.3664  -0.0000  -0.0000
 
 END EXPECTED POSITIONS
 
 
  ELECTROSTATIC MOMENTS:
 ======================
 
 
 DIPOLE: (A.U.)
 ------
 
                           <Dx>         <Dy>         <Dz>          |D|
                 E--141.60000000   0.00000000   0.00000000
           POSITRON  17.70000000  -0.00000000  -0.00000000
    Point charges:  141.60000000   0.00000000   0.00000000
                     ____________________________
      Total Dipole:  17.70000000  -0.00000000  -0.00000000  17.70000000
 
 DIPOLE: (DEBYE)
 ------
 
                           <Dx>         <Dy>         <Dz>          |D|
                 E--359.91125336   0.00000000   0.00000000
           POSITRON  44.98890667  -0.00000000  -0.00000000
    Point charges:  359.91125336   0.00000000   0.00000000
                     ____________________________
      Total Dipole:  44.98890667  -0.00000000  -0.00000000  44.98890667
 
 QUADRUPOLE NON-TRACELESS: (DEBYE ANGS)
 ------
 
                           <xx>         <yy>         <zz>         <xy>         <xz>         <yz>
                 E--6757.71522175  -15.54360921  -15.54360921   -0.00000000    0.00000000   -0.00000000
           POSITRON 1176.37986323   68.50708666   68.50708666    0.00000000    0.00000000    0.00000000
    Point charges:  6742.17161545    0.00000000    0.00000000    0.00000000    0.00000000    0.00000000
  Total Quadrupole: 1160.83625693   52.96347745   52.96347745    0.00000000    0.00000000    0.00000000
                     ____________________________
 
 END ELECTROSTATIC MOMENTS
 

  TOTAL CPU Time:      0.259 (s)
 TOTAL Wall Time:      0.380 (s)
  Elapsed Time:   0h  0m  0s 380ms
LOWDIN execution terminated normally at : Tue Nov 26 15:31:54 2024
-rw-rw-r-- 1 pohl pohl 704K nov 26 15:31 0E-.ints
-rw-rw-r-- 1 pohl pohl 2.1M nov 26 15:31 0E-.POSITRON.ints
-rw-rw-r-- 1 pohl pohl 2.1M nov 26 15:31 0POSITRON.ints
-rw-rw-r-- 1 pohl pohl 704K nov 26 15:31 1E-.ints
-rw-rw-r-- 1 pohl pohl 2.1M nov 26 15:31 1E-.POSITRON.ints
-rw-rw-r-- 1 pohl pohl 2.1M nov 26 15:31 1POSITRON.ints
-rw-rw-r-- 1 pohl pohl 704K nov 26 15:31 2E-.ints
-rw-rw-r-- 1 pohl pohl 2.1M nov 26 15:31 2E-.POSITRON.ints
-rw-rw-r-- 1 pohl pohl 2.1M nov 26 15:31 2POSITRON.ints
-rw-rw-r-- 1 pohl pohl 704K nov 26 15:31 3E-.ints
-rw-rw-r-- 1 pohl pohl 2.1M nov 26 15:31 3E-.POSITRON.ints
-rw-rw-r-- 1 pohl pohl 2.1M nov 26 15:31 3POSITRON.ints
-rw-rw-r-- 1 pohl pohl   12 nov 26 15:31 E-.POSITRON.nints
-rw-rw-r-- 1 pohl pohl   65 nov 26 15:31 gepol.inp
-rw-rw-r-- 1 pohl pohl   91 nov 26 15:31 gepol.xyzr
-rw-rw-r-- 1 pohl pohl 9.5K nov 26 15:31 lowdin.bas
-rw-rw-r-- 1 pohl pohl  16K nov 26 15:31 lowdin.dat
-rw-rw-r-- 1 pohl pohl 691K nov 26 15:31 lowdin.opints
-rw-rw-r-- 1 pohl pohl  26K nov 26 15:31 lowdin.sys
-rw-rw-r-- 1 pohl pohl 689K nov 26 15:31 lowdin.wfn
-rw-rw-r-- 1 pohl pohl  499 nov 26 15:31 usual_168
-rw-rw-r-- 1 pohl pohl 1.8K nov 26 15:31 usual_168.aux
-rw-rw-r-- 1 pohl pohl  504 nov 26 15:31 usual_168.lowdin
-rw-rw-r-- 1 pohl pohl  46K nov 26 15:31 usual_168.out
-rw-rw-r-- 1 pohl pohl  54K nov 26 15:31 usual_168.vec
