Begin job by input: usual_15.lowdin, for user:   at  mié 27 nov 2024 15:22:15 -05
under operating system Linux helios 5.19.0-46-generic #47-Ubuntu SMP PREEMPT_DYNAMIC Fri Jun 16 13:30:11 UTC 2023 x86_64 x86_64 x86_64 GNU/Linux
Compilation information
  commit: f31d3924f6ee2ce9d77f07edcc1ba27359319d14
  compilation date:  mar 17 sep 2024 16:16:17 -05

BEGIN INPUT INFO:
------------------------------------

GEOMETRY
	Be	Dirac	0.0 0.0 0.0
	e-(Be)	6-311++G.d.p 0.0 0.0 0.0
	E+	GRIBAKIN-10S4P2D 0.0 0.0 0.0
	Be	Dirac	4.8 0.0 0.0
	e-(Be)	6-311++G.d.p	4.8 0.0 0.0
	E+	GRIBAKIN-10S4P2D 4.8 0.0 0.0 addParticles=-1 
END GEOMETRY

TASKS
        method = "RHF"
END TASKS

EXTERPOTENTIAL
	E- GRIBAKIN0
	E+ AR15
END EXTERPOTENTIAL

CONTROL
	units="BOHRS"
	readCoefficients=F
	convergenceMethod=1
	overlapEigenThreshold=1E-6
	SCFGhostSpecies="POSITRON"
	HFprintEigenvalues=T
	totalEnergyTolerance = 1E-9
END CONTROL


... END INPUT INFO


 LOWDIN execution started at : Wed Nov 27 15:22:15 2024
 ---------------------------------------------------------------
 
 ***************************************************************
 *                   LOWDIN 2.0  (May/2013)                    *
 *                                                             *
 *  R. FLORES-MORENO, E. F. POSADA, F. S. MONCADA, J.ROMERO,   *
 *  J. CHARRY, M. DIAZ-TINOCO, S. A. GONZALEZ, N. F. AGUIRRE,  *
 *  A. REYES                                                   *
 *                                                             *
 *  https://sites.google.com/site/lowdinproject/               *
 *                                                             *
 ***************************************************************
 
 PARSING INPUT... DONE!
 
 LOWDIN IS RUNNING WITH NEXT PARAMETERS: 
 ----------------------------------------
 
         METHOD TYPE:  RHF
         NUMBER OF CORES:     4
         NONELECTRONIC DENSITY GUESS: HCORE
         ELECTRONIC DENSITY GUESS: HCORE
         CRITERIUM OF CONVERGENCE: ENERGY
         NONELECTRONIC ENERGY TOLERANCE IN SCFs:     0.10000E-07
         ELECTRONIC ENERGY TOLERANCE IN SCFs:     0.10000E-07
         TOTAL ENERGY TOLERANCE IN SCFs:     0.10000E-08
         SCHEME OF ITERATION: GLOBAL ITERATIONS
         SCF MAX. SUBITERATIONS - NONELECTRONS :     1
         SCF MAX. SUBITERATIONS - ELECTRONS :     1
         SCF MAX. ITERATIONS - INTERSPECIES :   200
         INTEGRAL STORAGE: DISK
         STACK SIZE FOR ERIS : 30000
         METHOD OF SCF CONVERGENCE: DAMPING
 
  MOLECULAR SYSTEM: usual_15
 -----------------
 
    DESCRIPTION   : usual_15
    CHARGE        :   2
    PUNTUAL GROUP : NONE
 
 
  INFORMATION OF PARTICLES :
 =========================
         Total number of particles   =      11
         Number of quantum particles =       9
         Number of puntual charges   =       2
         Number of quantum species   =       2
 
                 INFORMATION OF QUANTUM SPECIES 
    ----------------------------------------------------------------------
         ID      Symbol            mass     charge      omega     spin     multiplicity
    ----------------------------------------------------------------------
         1             E-         1.0000     -1.00      0.00      0.50      1.00
         2             E+         1.0000      1.00      0.00      0.50      1.00
 
                   CONSTANTS OF COUPLING 
      ------------------------------------------------------------
              Symbol      kappa        eta     lambda occupation
      ------------------------------------------------------------
                  E-      -1.00       2.00       2.00       4.00
                  E+      -1.00       1.00       1.00       1.00
 
                   BASIS SET FOR SPECIES 
      ------------------------------------------------------------
           Symbol          N. Basis     N. Particles     Basis Set
      ------------------------------------------------------------
                 E-           20                8     6-311++G.D
                 E+           32                1     GRIBAKIN-1
 
                                ATOMIC BASIS
         ------------------------------------------------------------
          PRIMITIVE   SHELL             EXPONENT         COEFFICIENT 
         ------------------------------------------------------------
 
    BEGIN DESCRIPTION OF BASIS FOR:    E-
    ==============================
 
 
            BE BASIS SET:   6-311++G.D.P
             1         S             1682.80000000          0.00228574
             2         S              251.71500000          0.01759380
             3         S               57.41160000          0.08633150
             4         S               16.51710000          0.28183500
             5         S                4.85364000          0.64059400
             6         S                0.62686300          0.14446700
             1         S                8.30938000          0.10862100
             2         S                1.74075000          0.92730100
             3         S                0.48581600         -0.00297169
             1         P                8.30938000          0.03613440
             2         P                1.74075000          0.21695800
             3         P                0.48581600          0.84183900
             1         S                0.16361300          1.00000000
             1         P                0.16361300          1.00000000
             1         S                0.05672850          1.00000000
             1         P                0.05672850          1.00000000
             1         S                0.02070000          1.00000000
             1         P                0.02070000          1.00000000
             1         D                0.25500000          1.00000000
 
            BE BASIS SET:   6-311++G.D.P
             1         S             1682.80000000          0.00228574
             2         S              251.71500000          0.01759380
             3         S               57.41160000          0.08633150
             4         S               16.51710000          0.28183500
             5         S                4.85364000          0.64059400
             6         S                0.62686300          0.14446700
             1         S                8.30938000          0.10862100
             2         S                1.74075000          0.92730100
             3         S                0.48581600         -0.00297169
             1         P                8.30938000          0.03613440
             2         P                1.74075000          0.21695800
             3         P                0.48581600          0.84183900
             1         S                0.16361300          1.00000000
             1         P                0.16361300          1.00000000
             1         S                0.05672850          1.00000000
             1         P                0.05672850          1.00000000
             1         S                0.02070000          1.00000000
             1         P                0.02070000          1.00000000
             1         D                0.25500000          1.00000000
    ... END DESCRIPTION OF BASIS
 
 
    BEGIN DESCRIPTION OF BASIS FOR:    E+
    ==============================
 
 
            E+ BASIS SET:GRIBAKIN-10S4P2
             1         S                0.00010000          1.00000000
             1         S                0.00030000          1.00000000
             1         S                0.00090000          1.00000000
             1         S                0.00270000          1.00000000
             1         S                0.00810000          1.00000000
             1         S                0.02430000          1.00000000
             1         S                0.07290000          1.00000000
             1         S                0.21870000          1.00000000
             1         S                0.65610000          1.00000000
             1         S                1.96830000          1.00000000
             1         P                0.00010000          1.00000000
             1         P                0.00030000          1.00000000
             1         P                0.00090000          1.00000000
             1         P                0.00270000          1.00000000
             1         D                0.00010000          1.00000000
             1         D                0.00030000          1.00000000
 
            E+ BASIS SET:GRIBAKIN-10S4P2
             1         S                0.00010000          1.00000000
             1         S                0.00030000          1.00000000
             1         S                0.00090000          1.00000000
             1         S                0.00270000          1.00000000
             1         S                0.00810000          1.00000000
             1         S                0.02430000          1.00000000
             1         S                0.07290000          1.00000000
             1         S                0.21870000          1.00000000
             1         S                0.65610000          1.00000000
             1         S                1.96830000          1.00000000
             1         P                0.00010000          1.00000000
             1         P                0.00030000          1.00000000
             1         P                0.00090000          1.00000000
             1         P                0.00270000          1.00000000
             1         D                0.00010000          1.00000000
             1         D                0.00030000          1.00000000
    ... END DESCRIPTION OF BASIS
 
 
  END INFORMATION OF PARTICLES
 
 
  INFORMATION OF THE QUANTUM SYSTEM 
     ---------------------------------------------------------------------
                 ID     Occupied Orbitals     Basis size
     ---------------------------------------------------------------------
                 E-            4               46
                 E+            1               68
 
  END INFORMATION OF QUANTUM SYSTEM
 
 
  INFORMATION OF EXTERNAL POTENTIALS 
 
 =======
 External Potential for E- : GRIBAKIN0
 Type : 
                     Exponent         l       R_x       R_y       R_z              Factor
                 0.0010000000         0   0.00000   0.00000   0.00000        0.0000000000
 
 =======
 External Potential for E+ : AR15
 Type : 
                     Exponent         l       R_x       R_y       R_z              Factor
                 0.0010000000         0   0.00000   0.00000   0.00000        0.0000779688
                 0.0020000000         0   0.00000   0.00000   0.00000       -0.0004786853
                 0.0040000000         0   0.00000   0.00000   0.00000        0.0013189164
                 0.0080000000         0   0.00000   0.00000   0.00000       -0.0033441280
                 0.0160000000         0   0.00000   0.00000   0.00000        0.0050907505
                 0.0320000000         0   0.00000   0.00000   0.00000       -0.0151949101
                 0.0640000000         0   0.00000   0.00000   0.00000        0.0049422575
                 0.1280000000         0   0.00000   0.00000   0.00000       -0.1024675180
                 0.2560000000         0   0.00000   0.00000   0.00000       -0.1709080790
                 0.5120000000         0   0.00000   0.00000   0.00000       -1.1786523000
                 1.0000000000         0   0.00000   0.00000   0.00000       -3.9901484000
                 2.0000000000         0   0.00000   0.00000   0.00000      129.9336270000
                 3.0000000000         0   0.00000   0.00000   0.00000    -1317.9950900000
                 4.0000000000         0   0.00000   0.00000   0.00000     7976.3295300000
                 5.0000000000         0   0.00000   0.00000   0.00000   -30887.5711000000
                 6.0000000000         0   0.00000   0.00000   0.00000    78131.7910000000
                 7.0000000000         0   0.00000   0.00000   0.00000  -128444.4630000000
                 8.0000000000         0   0.00000   0.00000   0.00000   132337.9190000000
                 9.0000000000         0   0.00000   0.00000   0.00000   -77735.4212000000
                10.0000000000         0   0.00000   0.00000   0.00000    19907.5941000000
                20.0000000000         0   0.00000   0.00000   0.00000     -135.7052840000
                30.0000000000         0   0.00000   0.00000   0.00000       72.5910786000
                40.0000000000         0   0.00000   0.00000   0.00000      -41.7155821000
                50.0000000000         0   0.00000   0.00000   0.00000       12.4077673000
               100.0000000000         0   0.00000   0.00000   0.00000       -0.2471957670
                 0.0010000000         0   4.80000   0.00000   0.00000        0.0000779688
                 0.0020000000         0   4.80000   0.00000   0.00000       -0.0004786853
                 0.0040000000         0   4.80000   0.00000   0.00000        0.0013189164
                 0.0080000000         0   4.80000   0.00000   0.00000       -0.0033441280
                 0.0160000000         0   4.80000   0.00000   0.00000        0.0050907505
                 0.0320000000         0   4.80000   0.00000   0.00000       -0.0151949101
                 0.0640000000         0   4.80000   0.00000   0.00000        0.0049422575
                 0.1280000000         0   4.80000   0.00000   0.00000       -0.1024675180
                 0.2560000000         0   4.80000   0.00000   0.00000       -0.1709080790
                 0.5120000000         0   4.80000   0.00000   0.00000       -1.1786523000
                 1.0000000000         0   4.80000   0.00000   0.00000       -3.9901484000
                 2.0000000000         0   4.80000   0.00000   0.00000      129.9336270000
                 3.0000000000         0   4.80000   0.00000   0.00000    -1317.9950900000
                 4.0000000000         0   4.80000   0.00000   0.00000     7976.3295300000
                 5.0000000000         0   4.80000   0.00000   0.00000   -30887.5711000000
                 6.0000000000         0   4.80000   0.00000   0.00000    78131.7910000000
                 7.0000000000         0   4.80000   0.00000   0.00000  -128444.4630000000
                 8.0000000000         0   4.80000   0.00000   0.00000   132337.9190000000
                 9.0000000000         0   4.80000   0.00000   0.00000   -77735.4212000000
                10.0000000000         0   4.80000   0.00000   0.00000    19907.5941000000
                20.0000000000         0   4.80000   0.00000   0.00000     -135.7052840000
                30.0000000000         0   4.80000   0.00000   0.00000       72.5910786000
                40.0000000000         0   4.80000   0.00000   0.00000      -41.7155821000
                50.0000000000         0   4.80000   0.00000   0.00000       12.4077673000
               100.0000000000         0   4.80000   0.00000   0.00000       -0.2471957670
 
  END INFORMATION OF EXTERNAL POTENTIALS
 
                       INITIAL GEOMETRY: AMSTRONG
                 -----------------------------------
                       <x>                 <y>                 <z>
      E-BE        0.0000000000        0.0000000000        0.0000000000
      E-BE        2.5400507964        0.0000000000        0.0000000000
        E+        0.0000000000        0.0000000000        0.0000000000
        E+        2.5400507964        0.0000000000        0.0000000000
        BE        0.0000000000        0.0000000000        0.0000000000
        BE        2.5400507964        0.0000000000        0.0000000000
 
                     MATRIX OF DISTANCE: ANGSTROM
                 -----------------------------------
                          BE(1)          BE(2)     
 
        BE(1)            0.000000       2.540051
        BE(2)            2.540051       0.000000
 
--------------------------------------------------------------------------------
** PROGRAM: SCF (Hartree Fock).     Author: S.A. Gonzalez, E. Posada, F. Moncada
--------------------------------------------------------------------------------
INFO: RUNNING IN RHF MODE.
 
----------------------------------------------------------------------
** PROGRAM INTS                          Author: E. F. Posada, 2013   
----------------------------------------------------------------------
INFO: RUNNING IN ONE_PARTICLE MODE.
 
 Number of Overlap integrals for species E-:   2116
 Number of Overlap integrals for species POSITRON:   4624
 Number of Kinetic integrals for species E-:   2116
 Number of Kinetic integrals for species POSITRON:   4624
 Number of Nuclear integrals for species E-:   2116
 Number of Nuclear integrals for species POSITRON:   4624
 Number of Moment integrals for species E-:   6348
 Number of Moment integrals for species POSITRON:  13872
 Number of 3C Overlap integrals for species E-:   2116
 Number of 3C Overlap integrals for species POSITRON:   4624
 
** TOTAL CPU Time INTS :      0.375 (s)
** TOTAL Elapsed Time INTS :      0.202 (s)
 
Removed     9 orbitals for species POSITRON with overlap eigen threshold of 1.000E-06
       Usign  HCORE density guess for species:         E-
     number of         E-     particles in guess density matrix:     8.000000
       Usign  HCORE density guess for species:   POSITRON
     number of   POSITRON     particles in guess density matrix:     0.000000
 Warning!, density matrix with deviation from number of particles    1.000000
 Number of unique integrals for species: 1 = 154237
 Number of unique integrals for species: 2 = 338579
 Number of unique integrals for species: 1 / 2 = 677835 Screened: 0
 
 TWO-BODY INTEGRAL SETUP: 
------------------------- 
 Storage:   DISK
 Scheme: LIBINT
 Stack size:  30000
 
 LIBINT library, Fermann, J. T.; Valeev, F. L. 2010                   
 LOWDIN-LIBINT Implementation V. 2.1  Posada E. F. ; Reyes A. 2016   
 ----------------------------------------------------------------------

*** TOTAL CPU time intra-species integrals :      0.393 (s)
*** TOTAL elapsed time intra-species integrals :      0.116 (s)


*** TOTAL CPU time inter-species integrals :      0.552 (s)
*** TOTAL elapsed time inter-species integrals :      0.163 (s)

INFO: RUNNING SCHEME SIMULTANEOUS
 
 Begin Multi-Species SCF calculation:
 
 --------------------------------------------------------------------------------------------------
      Iteration                   Energy            Energy Change           Density Change
 --------------------------------------------------------------------------------------------------
              1         -26.843603286151          26.843603286151           1.170865116992
              2         -27.683624943477           0.840021657326           1.122697205355
              3         -28.992628777534           1.309003834057           0.035348558109
              4         -29.050906639912           0.058277862377           0.012049831358
              5         -29.078698030817           0.027791390906           0.007022701536
              6         -29.107555920139           0.028857889322           0.044608899676
              7         -29.133657517785           0.026101597646           0.000423175556
              8         -29.133671198620           0.000013680835           0.000183182752
              9         -29.133674091616           0.000002892996           0.000083814821
             10         -29.133674738884           0.000000647268           0.000039307379
             11         -29.133674888878           0.000000149994           0.000018651782
             12         -29.133674924540           0.000000035661           0.000008910774
             13         -29.133674933248           0.000000008709           0.000004276971
             14         -29.133674935458           0.000000002210           0.000002060017
             15         -29.133674936055           0.000000000596           0.000000994854
 Total energy converged after  15 global iterations                                                  
 
 ...end Multi-Species SCF calculation
 
 
 Begin SCF calculation by: E-
 -------------------------
 
 -----------------------------------------------------------------------------------
 Iteration                   Energy           Density Change         DIIS Error 
 -----------------------------------------------------------------------------------
    1         -34.102876147915           1.117613430630                 -- 
    2         -32.517920314245           0.030010146821                 -- 
    3         -32.478999953827           0.007802162041                 -- 
    4         -32.472301575817           0.002394435126                 -- 
    5         -32.469330342256           0.000799480862                 -- 
    6         -32.468050539004           0.000309340429                 -- 
    7         -32.467503294667           0.000136342842                 -- 
    8         -32.467267479405           0.000064109983                 -- 
    9         -32.467164249358           0.000030833522                 -- 
   10         -32.467118209369           0.000014928022                 -- 
   11         -32.467097298655           0.000007241198                 -- 
   12         -32.467087648053           0.000003515077                 -- 
   13         -32.467083135094           0.000001707143                 -- 
   14         -32.467081002679           0.000000829453                 -- 
 
 ... end SCF calculation
 
 Begin SCF calculation by: POSITRON
 -------------------------
 
 -----------------------------------------------------------------------------------
 Iteration                   Energy           Density Change         DIIS Error 
 -----------------------------------------------------------------------------------
    1           0.348705533060           0.005083774725                 -- 
    2          -0.046165759020           0.005338411288                 -- 
    3          -0.052578748536           0.004247669317                 -- 
    4          -0.038528030459           0.004628266410                 -- 
    5           0.000050145770           0.043809418814                 -- 
    6           0.000049402073           0.000113835127                 -- 
    7           0.000049089376           0.000046839910                 -- 
    8           0.000048956156           0.000019704838                 -- 
    9           0.000048898415           0.000008473857                 -- 
   10           0.000048872913           0.000003723760                 -- 
   11           0.000048861441           0.000001669576                 -- 
   12           0.000048856196           0.000000761894                 -- 
   13           0.000048853763           0.000000352874                 -- 
   14           0.000048852622           0.000000165401                 -- 
 
 ... end SCF calculation
 
  EIGENVALUES AND EIGENVECTORS: 
 ==============================
 
 
  Eigenvalues for: E-
 -----------------
 
    1          -4.731680219965
    2          -4.731661715067
    3          -0.388609158794
    4          -0.247002440301
    5           0.009387423371
    6           0.012397911623
    7           0.012397911623
    8           0.048505404791
    9           0.054746340111
   10           0.054746340111
   11           0.062900404238
   12           0.077324215234
   13           0.079549322990
   14           0.079549322990
   15           0.105287242289
   16           0.125783026521
   17           0.125783026521
   18           0.198246688846
   19           0.304290195658
   20           0.327137726122
   21           0.335507243377
   22           0.335507243377
   23           0.358771355775
   24           0.358771355775
   25           0.376014008809
   26           0.410946207820
   27           0.604966919937
   28           0.604966919937
   29           0.651857775543
   30           0.651857775543
   31           0.726387409276
   32           0.726387409276
   33           0.777594538038
   34           0.885187717413
   35           0.885187717413
   36           1.016494128475
   37           1.184170180933
   38           1.184170180933
   39           1.235105112805
   40           1.235105112805
   41           1.257583315332
   42           1.342765981769
   43           1.429634753483
   44           1.657672417230
   45          10.102423462386
   46          10.147223685638
 
 
  Eigenvalues for: POSITRON
 -----------------
 
    1           0.000070777678
    2           0.000138156374
    3           0.000211973177
    4           0.000211973177
    5           0.000297482227
    6           0.000326364562
    7           0.000326551468
    8           0.000326551468
    9           0.000331394147
   10           0.000331394147
   11           0.000431893252
   12           0.000432365805
   13           0.000432365806
   14           0.000435847789
   15           0.000446069759
   16           0.000446069759
   17           0.000752070867
   18           0.000931936919
   19           0.000931936919
   20           0.000997140737
   21           0.001203583339
   22           0.001203812484
   23           0.001203812485
   24           0.001275852026
   25           0.001275852026
   26           0.001534267139
   27           0.001537869671
   28           0.001537869671
   29           0.001540725983
   30           0.001540725983
   31           0.001599065227
   32           0.002015809723
   33           0.003169050155
   34           0.003169050155
   35           0.003303343926
   36           0.003789433537
   37           0.003789433538
   38           0.003869071952
   39           0.004146808011
   40           0.007666784767
   41           0.009337819283
   42           0.009830422128
   43           0.009830422128
   44           0.011829368259
   45           0.011829368259
   46           0.011996066568
   47           0.013013066694
   48           0.021329446657
   49           0.026525330644
   50           0.063347493015
   51           0.075011186327
   52           0.197332620198
   53           0.234106868335
   54           0.751922021971
   55           0.767056453106
   56           2.788022354796
   57           2.852901591137
   58          10.709410002567
   59          10.759664500678
   60     1000000.000000000000
   61     1000000.000000000000
   62     1000000.000000000000
   63     1000000.000000000000
   64     1000000.000000000000
   65     1000000.000000000000
   66     1000000.000000000000
   67     1000000.000000000000
   68     1000000.000000000000
 
  end of eigenvalues 
 
  Occupied Eigenvectors for: E-
 --------------------------- 
 
                          -4.7317        -4.7317        -0.3886        -0.2470   
 
    1     BE     S       0.421580      -0.421628      -0.076683      -0.076409
    2     BE     S       0.315548      -0.315603      -0.127792      -0.130313
    3     BE    Px       0.000238      -0.000262       0.036302      -0.037634
    4     BE    Py      -0.000000       0.000000      -0.000000       0.000000
    5     BE    Pz       0.000000       0.000000       0.000000      -0.000000
    6     BE     S      -0.002913       0.003245       0.399401       0.405950
    7     BE    Px       0.000011       0.000440       0.069499      -0.055745
    8     BE    Py      -0.000000       0.000000      -0.000000       0.000000
    9     BE    Pz      -0.000000      -0.000000       0.000000      -0.000000
   10     BE     S       0.000961      -0.001884       0.244273       0.497651
   11     BE    Px       0.000037      -0.000532       0.005736      -0.010200
   12     BE    Py       0.000000      -0.000000      -0.000000      -0.000000
   13     BE    Pz       0.000000       0.000000       0.000000       0.000000
   14     BE     S      -0.000246       0.002694      -0.002658       0.057948
   15     BE    Px      -0.000077       0.000868      -0.003350      -0.004056
   16     BE    Py      -0.000000      -0.000000       0.000000       0.000000
   17     BE    Pz      -0.000000      -0.000000       0.000000      -0.000000
   18     BE   Dxx       0.000504      -0.000165       0.016689      -0.007850
   19     BE   Dxy       0.000000      -0.000000       0.000000       0.000000
   20     BE   Dxz       0.000000       0.000000       0.000000       0.000000
   21     BE   Dyy       0.000323      -0.000307      -0.006809       0.003376
   22     BE   Dyz       0.000000       0.000000       0.000000      -0.000000
   23     BE   Dzz       0.000323      -0.000307      -0.006809       0.003376
   24     BE     S       0.421580       0.421628      -0.076683       0.076409
   25     BE     S       0.315548       0.315603      -0.127792       0.130313
   26     BE    Px      -0.000238      -0.000262      -0.036302      -0.037634
   27     BE    Py      -0.000000      -0.000000       0.000000       0.000000
   28     BE    Pz      -0.000000       0.000000      -0.000000      -0.000000
   29     BE     S      -0.002913      -0.003245       0.399401      -0.405950
   30     BE    Px      -0.000011       0.000440      -0.069499      -0.055745
   31     BE    Py       0.000000      -0.000000       0.000000       0.000000
   32     BE    Pz       0.000000      -0.000000      -0.000000      -0.000000
   33     BE     S       0.000961       0.001884       0.244273      -0.497651
   34     BE    Px      -0.000037      -0.000532      -0.005736      -0.010200
   35     BE    Py      -0.000000       0.000000       0.000000      -0.000000
   36     BE    Pz      -0.000000       0.000000      -0.000000       0.000000
   37     BE     S      -0.000246      -0.002694      -0.002658      -0.057948
   38     BE    Px       0.000077       0.000868       0.003350      -0.004056
   39     BE    Py       0.000000       0.000000      -0.000000       0.000000
   40     BE    Pz       0.000000      -0.000000      -0.000000      -0.000000
   41     BE   Dxx       0.000504       0.000165       0.016689       0.007850
   42     BE   Dxy       0.000000      -0.000000       0.000000      -0.000000
   43     BE   Dxz      -0.000000       0.000000      -0.000000      -0.000000
   44     BE   Dyy       0.000323       0.000307      -0.006809      -0.003376
   45     BE   Dyz       0.000000       0.000000       0.000000      -0.000000
   46     BE   Dzz       0.000323       0.000307      -0.006809      -0.003376
 
 
  Occupied Eigenvectors for: POSITRON
 --------------------------- 
 
                           0.0001   
 
    1     E+     S      -0.911202
    2     E+     S       0.336047
    3     E+     S       0.108805
    4     E+     S      -0.013765
    5     E+     S       0.007743
    6     E+     S      -0.000990
    7     E+     S       0.000798
    8     E+     S      -0.000510
    9     E+     S      -0.000765
   10     E+     S      -0.000006
   11     E+    Px      -0.059266
   12     E+    Py      -0.000000
   13     E+    Pz       0.000000
   14     E+    Px       0.014757
   15     E+    Py      -0.000000
   16     E+    Pz       0.000000
   17     E+    Px      -0.036706
   18     E+    Py       0.000000
   19     E+    Pz       0.000000
   20     E+    Px      -0.002470
   21     E+    Py      -0.000000
   22     E+    Pz      -0.000000
   23     E+   Dxx       0.376244
   24     E+   Dxy       0.000000
   25     E+   Dxz       0.000000
   26     E+   Dyy       0.373504
   27     E+   Dyz       0.000000
   28     E+   Dzz       0.373504
   29     E+   Dxx       0.177251
   30     E+   Dxy      -0.000000
   31     E+   Dxz      -0.000000
   32     E+   Dyy       0.178206
   33     E+   Dyz       0.000000
   34     E+   Dzz       0.178206
   35     E+     S      -0.911202
   36     E+     S       0.336047
   37     E+     S       0.108805
   38     E+     S      -0.013765
   39     E+     S       0.007743
   40     E+     S      -0.000990
   41     E+     S       0.000798
   42     E+     S      -0.000510
   43     E+     S      -0.000765
   44     E+     S      -0.000006
   45     E+    Px       0.059266
   46     E+    Py       0.000000
   47     E+    Pz      -0.000000
   48     E+    Px      -0.014757
   49     E+    Py       0.000000
   50     E+    Pz      -0.000000
   51     E+    Px       0.036706
   52     E+    Py      -0.000000
   53     E+    Pz      -0.000000
   54     E+    Px       0.002470
   55     E+    Py       0.000000
   56     E+    Pz       0.000000
   57     E+   Dxx       0.376244
   58     E+   Dxy      -0.000000
   59     E+   Dxz      -0.000000
   60     E+   Dyy       0.373504
   61     E+   Dyz      -0.000000
   62     E+   Dzz       0.373504
   63     E+   Dxx       0.177251
   64     E+   Dxy       0.000000
   65     E+   Dxz       0.000000
   66     E+   Dyy       0.178206
   67     E+   Dyz      -0.000000
   68     E+   Dzz       0.178206
 
 
  end of eigenvectors 
 
  END OF EIGENVALUES AND EIGENVECTORS
 
 
  COMPONENTS OF KINETIC ENERGY: 
 -----------------------------
 
                  E- Kinetic energy =           29.179334367216
            POSITRON Kinetic energy =            0.000078222154
                                     _________________________
               Total kinetic energy =           29.179412589370
 
  COMPONENTS OF POTENTIAL ENERGY: 
 -------------------------------
 
          Fixed potential energy    =            3.333333333333
 
  Quantum/Fixed interaction energy: 
 ----------------------------------
 
          E-/Fixed interact. energy =          -73.915589304319
    POSITRON/Fixed interact. energy =            0.081214202059
                                     _________________________
               Total Q/Fixed energy =          -73.834375102260
 
  Coulomb energy: 
 ------------------
 
               E-/E- Hartree energy =           17.617224318497
   POSITRON/POSITRON Hartree energy =            0.000000000000
         E-/POSITRON Hartree energy =           -0.081199721550
                                     _________________________
               Total Hartree energy =           17.536024596947
 
  Exchange(HF) energy: 
 ----------------------
 
                 E- Exchange energy =           -5.348048428566
           POSITRON Exchange energy =            0.000000000000
                                     _________________________
              Total Exchange energy =           -5.348048428566
 
  External Potential energy: 
 ----------------------------
 
                  E- Ext Pot energy =            0.000000000000
            POSITRON Ext Pot energy =           -0.000021925056
                                     _________________________
    Total External Potential energy =           -0.000021925056
 
  TOTAL ENERGY COMPONENTS: 
 ==========================
 
          TOTAL KINETIC ENERGY      =           29.179412589370
          TOTAL POTENTIAL ENERGY    =          -58.313087525601
                                     _________________________
                       TOTAL ENERGY =          -29.133674936231
 
                 VIRIAL RATIO (V/T) =            1.998432536879
 
 
  END ENERGY COMPONENTS
 
 
** TOTAL CPU Time SCF :      1.307 (s)
** TOTAL Elapsed Time SCF :      0.538 (s)
 
 We are calculating properties for E- in the HF/KS ground state
 We are calculating properties for POSITRON in the HF/KS ground state
 
  POPULATION ANALYSES: 
 ====================
 
 MULLIKEN Population: for E-        
 ---------------------
 
                                    
 
    1     BE     S       1.166086
    2     BE     S       0.824123
    3     BE    Px       0.021474
    4     BE    Py       0.000000
    5     BE    Pz       0.000000
    6     BE     S       1.005223
    7     BE    Px       0.081420
    8     BE    Py       0.000000
    9     BE    Pz       0.000000
   10     BE     S       0.853616
   11     BE    Px       0.015974
   12     BE    Py       0.000000
   13     BE    Pz       0.000000
   14     BE     S       0.021080
   15     BE    Px       0.002135
   16     BE    Py       0.000000
   17     BE    Pz       0.000000
   18     BE   Dxx       0.016137
   19     BE   Dxy       0.000000
   20     BE   Dxz       0.000000
   21     BE   Dyy      -0.003634
   22     BE   Dyz       0.000000
   23     BE   Dzz      -0.003634
   24     BE     S       1.166086
   25     BE     S       0.824123
   26     BE    Px       0.021474
   27     BE    Py       0.000000
   28     BE    Pz       0.000000
   29     BE     S       1.005223
   30     BE    Px       0.081420
   31     BE    Py       0.000000
   32     BE    Pz       0.000000
   33     BE     S       0.853616
   34     BE    Px       0.015974
   35     BE    Py      -0.000000
   36     BE    Pz      -0.000000
   37     BE     S       0.021080
   38     BE    Px       0.002135
   39     BE    Py       0.000000
   40     BE    Pz       0.000000
   41     BE   Dxx       0.016137
   42     BE   Dxy       0.000000
   43     BE   Dxz       0.000000
   44     BE   Dyy      -0.003634
   45     BE   Dyz       0.000000
   46     BE   Dzz      -0.003634
 
                           __________
              Total =        8.000000
 
  Atomic MULLIKEN Population: for E-        
            BE               4.000000
            BE               4.000000
 
 ...end of MULLIKEN Population
 
 
 END POPULATION ANALYSES 
 
 
  POPULATION ANALYSES: 
 ====================
 
 LOWDIN Population: for E-        
 ---------------------
 
                                    
 
    1     BE     S       1.101062
    2     BE     S       0.875493
    3     BE    Px       0.018820
    4     BE    Py      -0.000000
    5     BE    Pz       0.000000
    6     BE     S       0.538077
    7     BE    Px       0.079851
    8     BE    Py      -0.000000
    9     BE    Pz       0.000000
   10     BE     S       0.395544
   11     BE    Px       0.179050
   12     BE    Py      -0.000000
   13     BE    Pz       0.000000
   14     BE     S       0.112631
   15     BE    Px       0.093270
   16     BE    Py       0.000000
   17     BE    Pz       0.000000
   18     BE   Dxx       0.208434
   19     BE   Dxy      -0.000000
   20     BE   Dxz       0.000000
   21     BE   Dyy       0.198884
   22     BE   Dyz       0.000000
   23     BE   Dzz       0.198884
   24     BE     S       1.101062
   25     BE     S       0.875493
   26     BE    Px       0.018820
   27     BE    Py      -0.000000
   28     BE    Pz       0.000000
   29     BE     S       0.538077
   30     BE    Px       0.079851
   31     BE    Py      -0.000000
   32     BE    Pz       0.000000
   33     BE     S       0.395544
   34     BE    Px       0.179050
   35     BE    Py       0.000000
   36     BE    Pz      -0.000000
   37     BE     S       0.112631
   38     BE    Px       0.093270
   39     BE    Py       0.000000
   40     BE    Pz       0.000000
   41     BE   Dxx       0.208434
   42     BE   Dxy       0.000000
   43     BE   Dxz       0.000000
   44     BE   Dyy       0.198884
   45     BE   Dyz       0.000000
   46     BE   Dzz       0.198884
 
                           __________
              Total =        8.000000
 
  Atomic LOWDIN Population: for E-        
            BE               4.000000
            BE               4.000000
 
 ...end of LOWDIN Population
 
 
 END POPULATION ANALYSES 
 
 
  POPULATION ANALYSES: 
 ====================
 
 MULLIKEN Population: for POSITRON  
 ---------------------
 
                                    
 
    1     E+     S      -0.778653
    2     E+     S       0.169217
    3     E+     S       0.028198
    4     E+     S      -0.001797
    5     E+     S       0.000505
    6     E+     S      -0.000032
    7     E+     S       0.000012
    8     E+     S      -0.000003
    9     E+     S      -0.000002
   10     E+     S      -0.000000
   11     E+    Px      -0.000643
   12     E+    Py       0.000000
   13     E+    Pz       0.000000
   14     E+    Px       0.000071
   15     E+    Py       0.000000
   16     E+    Pz       0.000000
   17     E+    Px      -0.000098
   18     E+    Py      -0.000000
   19     E+    Pz      -0.000000
   20     E+    Px      -0.000005
   21     E+    Py       0.000000
   22     E+    Pz       0.000000
   23     E+   Dxx       0.273091
   24     E+   Dxy      -0.000000
   25     E+   Dxz       0.000000
   26     E+   Dyy       0.268682
   27     E+   Dyz      -0.000000
   28     E+   Dzz       0.268682
   29     E+   Dxx       0.091241
   30     E+   Dxy       0.000000
   31     E+   Dxz      -0.000000
   32     E+   Dyy       0.090766
   33     E+   Dyz      -0.000000
   34     E+   Dzz       0.090766
   35     E+     S      -0.778653
   36     E+     S       0.169217
   37     E+     S       0.028198
   38     E+     S      -0.001797
   39     E+     S       0.000505
   40     E+     S      -0.000032
   41     E+     S       0.000012
   42     E+     S      -0.000003
   43     E+     S      -0.000002
   44     E+     S      -0.000000
   45     E+    Px      -0.000643
   46     E+    Py      -0.000000
   47     E+    Pz      -0.000000
   48     E+    Px       0.000071
   49     E+    Py      -0.000000
   50     E+    Pz      -0.000000
   51     E+    Px      -0.000098
   52     E+    Py       0.000000
   53     E+    Pz      -0.000000
   54     E+    Px      -0.000005
   55     E+    Py      -0.000000
   56     E+    Pz       0.000000
   57     E+   Dxx       0.273091
   58     E+   Dxy       0.000000
   59     E+   Dxz      -0.000000
   60     E+   Dyy       0.268682
   61     E+   Dyz       0.000000
   62     E+   Dzz       0.268682
   63     E+   Dxx       0.091241
   64     E+   Dxy      -0.000000
   65     E+   Dxz       0.000000
   66     E+   Dyy       0.090766
   67     E+   Dyz       0.000000
   68     E+   Dzz       0.090766
 
                           __________
              Total =        1.000000
 
  Atomic MULLIKEN Population: for POSITRON  
            BE               0.500000
            BE               0.500000
 
 ...end of MULLIKEN Population
 
 
 END POPULATION ANALYSES 
 
 
  POPULATION ANALYSES: 
 ====================
 
 LOWDIN Population: for POSITRON  
 ---------------------
 
                                    
 
    1     E+     S       0.046077
    2     E+     S       0.028952
    3     E+     S       0.004577
    4     E+     S       0.000845
    5     E+     S       0.000176
    6     E+     S       0.000039
    7     E+     S       0.000004
    8     E+     S       0.000000
    9     E+     S       0.000000
   10     E+     S       0.000000
   11     E+    Px       0.000020
   12     E+    Py       0.000000
   13     E+    Pz       0.000000
   14     E+    Px       0.000023
   15     E+    Py       0.000000
   16     E+    Pz       0.000000
   17     E+    Px       0.000017
   18     E+    Py      -0.000000
   19     E+    Pz      -0.000000
   20     E+    Px       0.000003
   21     E+    Py       0.000000
   22     E+    Pz      -0.000000
   23     E+   Dxx       0.125801
   24     E+   Dxy       0.000000
   25     E+   Dxz       0.000000
   26     E+   Dyy       0.122523
   27     E+   Dyz       0.000000
   28     E+   Dzz       0.122523
   29     E+   Dxx       0.016670
   30     E+   Dxy       0.000000
   31     E+   Dxz       0.000000
   32     E+   Dyy       0.015875
   33     E+   Dyz       0.000000
   34     E+   Dzz       0.015875
   35     E+     S       0.046077
   36     E+     S       0.028952
   37     E+     S       0.004577
   38     E+     S       0.000845
   39     E+     S       0.000176
   40     E+     S       0.000039
   41     E+     S       0.000004
   42     E+     S       0.000000
   43     E+     S       0.000000
   44     E+     S       0.000000
   45     E+    Px       0.000020
   46     E+    Py       0.000000
   47     E+    Pz      -0.000000
   48     E+    Px       0.000023
   49     E+    Py       0.000000
   50     E+    Pz       0.000000
   51     E+    Px       0.000017
   52     E+    Py       0.000000
   53     E+    Pz       0.000000
   54     E+    Px       0.000003
   55     E+    Py       0.000000
   56     E+    Pz      -0.000000
   57     E+   Dxx       0.125801
   58     E+   Dxy       0.000000
   59     E+   Dxz       0.000000
   60     E+   Dyy       0.122523
   61     E+   Dyz       0.000000
   62     E+   Dzz       0.122523
   63     E+   Dxx       0.016670
   64     E+   Dxy       0.000000
   65     E+   Dxz       0.000000
   66     E+   Dyy       0.015875
   67     E+   Dyz       0.000000
   68     E+   Dzz       0.015875
 
                           __________
              Total =        1.000000
 
  Atomic LOWDIN Population: for POSITRON  
            BE               0.500000
            BE               0.500000
 
 ...end of LOWDIN Population
 
 
 END POPULATION ANALYSES 
 
 
  EXPECTED POSITIONS OF QUANTUM SPECIES:
 ======================
 
 POSITIONS IN ANGSTROMS
 ------
 
                        <x>      <y>      <z>         
                 E-  10.1602  -0.0000   0.0000
           POSITRON   1.2700  -0.0000   0.0000
 
 END EXPECTED POSITIONS
 
 
  ELECTROSTATIC MOMENTS:
 ======================
 
 
 DIPOLE: (A.U.)
 ------
 
                           <Dx>         <Dy>         <Dz>          |D|
                 E- -19.20000000   0.00000000  -0.00000000
           POSITRON   2.40000000  -0.00000000   0.00000000
    Point charges:   19.20000000   0.00000000   0.00000000
                     ____________________________
      Total Dipole:   2.40000000  -0.00000000   0.00000000   2.40000000
 
 DIPOLE: (DEBYE)
 ------
 
                           <Dx>         <Dy>         <Dz>          |D|
                 E- -48.80152588   0.00000000  -0.00000000
           POSITRON   6.10019073  -0.00000000   0.00000000
    Point charges:   48.80152588   0.00000000   0.00000000
                     ____________________________
      Total Dipole:   6.10019073  -0.00000000   0.00000000   6.10019073
 
 QUADRUPOLE NON-TRACELESS: (DEBYE ANGS)
 ------
 
                           <xx>         <yy>         <zz>         <xy>         <xz>         <yz>
                 E- -109.72578275  -14.71638850  -14.71638850   -0.00000000   -0.00000000   -0.00000000
           POSITRON 7842.86552216 7761.32545032 7761.32545032   -0.00000000   -0.00000000   -0.00000000
    Point charges:   123.95834053    0.00000000    0.00000000    0.00000000    0.00000000    0.00000000
  Total Quadrupole: 7857.09807994 7746.60906182 7746.60906182   -0.00000000   -0.00000000   -0.00000000
                     ____________________________
 
 END ELECTROSTATIC MOMENTS
 

  TOTAL CPU Time:      0.279 (s)
 TOTAL Wall Time:      0.636 (s)
  Elapsed Time:   0h  0m  0s 636ms
LOWDIN execution terminated normally at : Wed Nov 27 15:22:16 2024
-rw-rw-r-- 1 pohl pohl 1.4M nov 27 15:22 0E-.ints
-rw-rw-r-- 1 pohl pohl 4.2M nov 27 15:22 0E-.POSITRON.ints
-rw-rw-r-- 1 pohl pohl 2.1M nov 27 15:22 0POSITRON.ints
-rw-rw-r-- 1 pohl pohl 1.4M nov 27 15:22 1E-.ints
-rw-rw-r-- 1 pohl pohl 4.2M nov 27 15:22 1E-.POSITRON.ints
-rw-rw-r-- 1 pohl pohl 2.1M nov 27 15:22 1POSITRON.ints
-rw-rw-r-- 1 pohl pohl 1.4M nov 27 15:22 2E-.ints
-rw-rw-r-- 1 pohl pohl 4.2M nov 27 15:22 2E-.POSITRON.ints
-rw-rw-r-- 1 pohl pohl 2.1M nov 27 15:22 2POSITRON.ints
-rw-rw-r-- 1 pohl pohl 1.4M nov 27 15:22 3E-.ints
-rw-rw-r-- 1 pohl pohl 4.2M nov 27 15:22 3E-.POSITRON.ints
-rw-rw-r-- 1 pohl pohl 2.1M nov 27 15:22 3POSITRON.ints
-rw-rw-r-- 1 pohl pohl   12 nov 27 15:22 E-.POSITRON.nints
-rw-rw-r-- 1 pohl pohl   64 nov 27 15:22 gepol.inp
-rw-rw-r-- 1 pohl pohl   91 nov 27 15:22 gepol.xyzr
-rw-rw-r-- 1 pohl pohl 9.5K nov 27 15:22 lowdin.bas
-rw-rw-r-- 1 pohl pohl  16K nov 27 15:22 lowdin.dat
-rw-rw-r-- 1 pohl pohl 691K nov 27 15:22 lowdin.opints
-rw-rw-r-- 1 pohl pohl  26K nov 27 15:22 lowdin.sys
-rw-rw-r-- 1 pohl pohl 689K nov 27 15:22 lowdin.wfn
-rw-rw-r-- 1 pohl pohl  494 nov 27 15:22 usual_15
-rw-rw-r-- 1 pohl pohl  54K nov 27 15:22 usual_150.vec
-rw-rw-r-- 1 pohl pohl  54K nov 27 15:22 usual_151.vec
-rw-rw-r-- 1 pohl pohl  54K nov 27 15:22 usual_152.vec
-rw-rw-r-- 1 pohl pohl  54K nov 27 15:22 usual_153.vec
-rw-rw-r-- 1 pohl pohl  54K nov 27 15:22 usual_154.vec
-rw-rw-r-- 1 pohl pohl  54K nov 27 15:22 usual_155.vec
-rw-rw-r-- 1 pohl pohl  54K nov 27 15:22 usual_156.vec
-rw-rw-r-- 1 pohl pohl  54K nov 27 15:22 usual_157.vec
-rw-rw-r-- 1 pohl pohl  54K nov 27 15:22 usual_158.vec
-rw-rw-r-- 1 pohl pohl  54K nov 27 15:22 usual_159.vec
-rw-rw-r-- 1 pohl pohl 1.8K nov 27 15:22 usual_15.aux
-rw-rw-r-- 1 pohl pohl  499 nov 27 15:22 usual_15.lowdin
-rw-rw-r-- 1 pohl pohl  46K nov 27 15:22 usual_15.out
-rw-rw-r-- 1 pohl pohl  54K nov 27 15:22 usual_15.vec
