Begin job by input: usual_253.lowdin, for user:   at  mar 26 nov 2024 15:32:39 -05
under operating system Linux helios 5.19.0-46-generic #47-Ubuntu SMP PREEMPT_DYNAMIC Fri Jun 16 13:30:11 UTC 2023 x86_64 x86_64 x86_64 GNU/Linux
Compilation information
  commit: f31d3924f6ee2ce9d77f07edcc1ba27359319d14
  compilation date:  mar 17 sep 2024 16:16:17 -05

BEGIN INPUT INFO:
------------------------------------

GEOMETRY
	Be	Dirac	0.0 0.0 0.0
	e-(Be)	6-311++G.d.p 0.0 0.0 0.0
	E+	GRIBAKIN-10S4P2D 0.0 0.0 0.0
	Be	Dirac	52.4 0.0 0.0
	e-(Be)	6-311++G.d.p	52.4 0.0 0.0
	E+	GRIBAKIN-10S4P2D 52.4 0.0 0.0 addParticles=-1 
END GEOMETRY

TASKS
        method = "RHF"
END TASKS

EXTERPOTENTIAL
	E- GRIBAKIN0
	E+ JOR253
END EXTERPOTENTIAL

CONTROL
	units="BOHRS"
	readCoefficients=F
	convergenceMethod=1
	overlapEigenThreshold=1E-6
	SCFGhostSpecies="POSITRON"
	HFprintEigenvalues=T
	totalEnergyTolerance = 1E-9
END CONTROL


... END INPUT INFO


 LOWDIN execution started at : Tue Nov 26 15:32:39 2024
 ---------------------------------------------------------------
 
 ***************************************************************
 *                   LOWDIN 2.0  (May/2013)                    *
 *                                                             *
 *  R. FLORES-MORENO, E. F. POSADA, F. S. MONCADA, J.ROMERO,   *
 *  J. CHARRY, M. DIAZ-TINOCO, S. A. GONZALEZ, N. F. AGUIRRE,  *
 *  A. REYES                                                   *
 *                                                             *
 *  https://sites.google.com/site/lowdinproject/               *
 *                                                             *
 ***************************************************************
 
 PARSING INPUT... DONE!
 
 LOWDIN IS RUNNING WITH NEXT PARAMETERS: 
 ----------------------------------------
 
         METHOD TYPE:  RHF
         NUMBER OF CORES:     4
         NONELECTRONIC DENSITY GUESS: HCORE
         ELECTRONIC DENSITY GUESS: HCORE
         CRITERIUM OF CONVERGENCE: ENERGY
         NONELECTRONIC ENERGY TOLERANCE IN SCFs:     0.10000E-07
         ELECTRONIC ENERGY TOLERANCE IN SCFs:     0.10000E-07
         TOTAL ENERGY TOLERANCE IN SCFs:     0.10000E-08
         SCHEME OF ITERATION: GLOBAL ITERATIONS
         SCF MAX. SUBITERATIONS - NONELECTRONS :     1
         SCF MAX. SUBITERATIONS - ELECTRONS :     1
         SCF MAX. ITERATIONS - INTERSPECIES :   200
         INTEGRAL STORAGE: DISK
         STACK SIZE FOR ERIS : 30000
         METHOD OF SCF CONVERGENCE: DAMPING
 
  MOLECULAR SYSTEM: usual_253
 -----------------
 
    DESCRIPTION   : usual_253
    CHARGE        :   2
    PUNTUAL GROUP : NONE
 
 
  INFORMATION OF PARTICLES :
 =========================
         Total number of particles   =      11
         Number of quantum particles =       9
         Number of puntual charges   =       2
         Number of quantum species   =       2
 
                 INFORMATION OF QUANTUM SPECIES 
    ----------------------------------------------------------------------
         ID      Symbol            mass     charge      omega     spin     multiplicity
    ----------------------------------------------------------------------
         1             E-         1.0000     -1.00      0.00      0.50      1.00
         2             E+         1.0000      1.00      0.00      0.50      1.00
 
                   CONSTANTS OF COUPLING 
      ------------------------------------------------------------
              Symbol      kappa        eta     lambda occupation
      ------------------------------------------------------------
                  E-      -1.00       2.00       2.00       4.00
                  E+      -1.00       1.00       1.00       1.00
 
                   BASIS SET FOR SPECIES 
      ------------------------------------------------------------
           Symbol          N. Basis     N. Particles     Basis Set
      ------------------------------------------------------------
                 E-           20                8     6-311++G.D
                 E+           32                1     GRIBAKIN-1
 
                                ATOMIC BASIS
         ------------------------------------------------------------
          PRIMITIVE   SHELL             EXPONENT         COEFFICIENT 
         ------------------------------------------------------------
 
    BEGIN DESCRIPTION OF BASIS FOR:    E-
    ==============================
 
 
            BE BASIS SET:   6-311++G.D.P
             1         S             1682.80000000          0.00228574
             2         S              251.71500000          0.01759380
             3         S               57.41160000          0.08633150
             4         S               16.51710000          0.28183500
             5         S                4.85364000          0.64059400
             6         S                0.62686300          0.14446700
             1         S                8.30938000          0.10862100
             2         S                1.74075000          0.92730100
             3         S                0.48581600         -0.00297169
             1         P                8.30938000          0.03613440
             2         P                1.74075000          0.21695800
             3         P                0.48581600          0.84183900
             1         S                0.16361300          1.00000000
             1         P                0.16361300          1.00000000
             1         S                0.05672850          1.00000000
             1         P                0.05672850          1.00000000
             1         S                0.02070000          1.00000000
             1         P                0.02070000          1.00000000
             1         D                0.25500000          1.00000000
 
            BE BASIS SET:   6-311++G.D.P
             1         S             1682.80000000          0.00228574
             2         S              251.71500000          0.01759380
             3         S               57.41160000          0.08633150
             4         S               16.51710000          0.28183500
             5         S                4.85364000          0.64059400
             6         S                0.62686300          0.14446700
             1         S                8.30938000          0.10862100
             2         S                1.74075000          0.92730100
             3         S                0.48581600         -0.00297169
             1         P                8.30938000          0.03613440
             2         P                1.74075000          0.21695800
             3         P                0.48581600          0.84183900
             1         S                0.16361300          1.00000000
             1         P                0.16361300          1.00000000
             1         S                0.05672850          1.00000000
             1         P                0.05672850          1.00000000
             1         S                0.02070000          1.00000000
             1         P                0.02070000          1.00000000
             1         D                0.25500000          1.00000000
    ... END DESCRIPTION OF BASIS
 
 
    BEGIN DESCRIPTION OF BASIS FOR:    E+
    ==============================
 
 
            E+ BASIS SET:GRIBAKIN-10S4P2
             1         S                0.00010000          1.00000000
             1         S                0.00030000          1.00000000
             1         S                0.00090000          1.00000000
             1         S                0.00270000          1.00000000
             1         S                0.00810000          1.00000000
             1         S                0.02430000          1.00000000
             1         S                0.07290000          1.00000000
             1         S                0.21870000          1.00000000
             1         S                0.65610000          1.00000000
             1         S                1.96830000          1.00000000
             1         P                0.00010000          1.00000000
             1         P                0.00030000          1.00000000
             1         P                0.00090000          1.00000000
             1         P                0.00270000          1.00000000
             1         D                0.00010000          1.00000000
             1         D                0.00030000          1.00000000
 
            E+ BASIS SET:GRIBAKIN-10S4P2
             1         S                0.00010000          1.00000000
             1         S                0.00030000          1.00000000
             1         S                0.00090000          1.00000000
             1         S                0.00270000          1.00000000
             1         S                0.00810000          1.00000000
             1         S                0.02430000          1.00000000
             1         S                0.07290000          1.00000000
             1         S                0.21870000          1.00000000
             1         S                0.65610000          1.00000000
             1         S                1.96830000          1.00000000
             1         P                0.00010000          1.00000000
             1         P                0.00030000          1.00000000
             1         P                0.00090000          1.00000000
             1         P                0.00270000          1.00000000
             1         D                0.00010000          1.00000000
             1         D                0.00030000          1.00000000
    ... END DESCRIPTION OF BASIS
 
 
  END INFORMATION OF PARTICLES
 
 
  INFORMATION OF THE QUANTUM SYSTEM 
     ---------------------------------------------------------------------
                 ID     Occupied Orbitals     Basis size
     ---------------------------------------------------------------------
                 E-            4               46
                 E+            1               68
 
  END INFORMATION OF QUANTUM SYSTEM
 
 
  INFORMATION OF EXTERNAL POTENTIALS 
 
 =======
 External Potential for E- : GRIBAKIN0
 Type : 
                     Exponent         l       R_x       R_y       R_z              Factor
                 0.0010000000         0   0.00000   0.00000   0.00000        0.0000000000
 
 =======
 External Potential for E+ : JOR253
 Type : 
                     Exponent         l       R_x       R_y       R_z              Factor
                 0.0010000000         0   0.00000   0.00000   0.00000       -0.0004852612
                 0.0020000000         0   0.00000   0.00000   0.00000        0.0024441783
                 0.0040000000         0   0.00000   0.00000   0.00000       -0.0075448874
                 0.0080000000         0   0.00000   0.00000   0.00000        0.0157738437
                 0.0160000000         0   0.00000   0.00000   0.00000       -0.0371036225
                 0.0320000000         0   0.00000   0.00000   0.00000        0.0538567205
                 0.0640000000         0   0.00000   0.00000   0.00000       -0.1977562620
                 0.1280000000         0   0.00000   0.00000   0.00000        0.1521150960
                 0.2560000000         0   0.00000   0.00000   0.00000       -2.2309931100
                 0.5120000000         0   0.00000   0.00000   0.00000        7.1544406100
                 1.0000000000         0   0.00000   0.00000   0.00000      -16.4610761000
                 2.0000000000         0   0.00000   0.00000   0.00000      120.0674500000
                 3.0000000000         0   0.00000   0.00000   0.00000    -1010.4441400000
                 4.0000000000         0   0.00000   0.00000   0.00000     5912.5175500000
                 5.0000000000         0   0.00000   0.00000   0.00000   -22883.6471000000
                 6.0000000000         0   0.00000   0.00000   0.00000    58320.2479000000
                 7.0000000000         0   0.00000   0.00000   0.00000   -96733.7399000000
                 8.0000000000         0   0.00000   0.00000   0.00000   100515.5930000000
                 9.0000000000         0   0.00000   0.00000   0.00000   -59492.9273000000
                10.0000000000         0   0.00000   0.00000   0.00000    15337.5181000000
                20.0000000000         0   0.00000   0.00000   0.00000     -108.3194530000
                30.0000000000         0   0.00000   0.00000   0.00000       58.7242217000
                40.0000000000         0   0.00000   0.00000   0.00000      -33.9818623000
                50.0000000000         0   0.00000   0.00000   0.00000       10.1503518000
               100.0000000000         0   0.00000   0.00000   0.00000       -0.2039701810
                 0.0010000000         0  52.40000   0.00000   0.00000       -0.0004852612
                 0.0020000000         0  52.40000   0.00000   0.00000        0.0024441783
                 0.0040000000         0  52.40000   0.00000   0.00000       -0.0075448874
                 0.0080000000         0  52.40000   0.00000   0.00000        0.0157738437
                 0.0160000000         0  52.40000   0.00000   0.00000       -0.0371036225
                 0.0320000000         0  52.40000   0.00000   0.00000        0.0538567205
                 0.0640000000         0  52.40000   0.00000   0.00000       -0.1977562620
                 0.1280000000         0  52.40000   0.00000   0.00000        0.1521150960
                 0.2560000000         0  52.40000   0.00000   0.00000       -2.2309931100
                 0.5120000000         0  52.40000   0.00000   0.00000        7.1544406100
                 1.0000000000         0  52.40000   0.00000   0.00000      -16.4610761000
                 2.0000000000         0  52.40000   0.00000   0.00000      120.0674500000
                 3.0000000000         0  52.40000   0.00000   0.00000    -1010.4441400000
                 4.0000000000         0  52.40000   0.00000   0.00000     5912.5175500000
                 5.0000000000         0  52.40000   0.00000   0.00000   -22883.6471000000
                 6.0000000000         0  52.40000   0.00000   0.00000    58320.2479000000
                 7.0000000000         0  52.40000   0.00000   0.00000   -96733.7399000000
                 8.0000000000         0  52.40000   0.00000   0.00000   100515.5930000000
                 9.0000000000         0  52.40000   0.00000   0.00000   -59492.9273000000
                10.0000000000         0  52.40000   0.00000   0.00000    15337.5181000000
                20.0000000000         0  52.40000   0.00000   0.00000     -108.3194530000
                30.0000000000         0  52.40000   0.00000   0.00000       58.7242217000
                40.0000000000         0  52.40000   0.00000   0.00000      -33.9818623000
                50.0000000000         0  52.40000   0.00000   0.00000       10.1503518000
               100.0000000000         0  52.40000   0.00000   0.00000       -0.2039701810
 
  END INFORMATION OF EXTERNAL POTENTIALS
 
                       INITIAL GEOMETRY: AMSTRONG
                 -----------------------------------
                       <x>                 <y>                 <z>
      E-BE        0.0000000000        0.0000000000        0.0000000000
      E-BE       27.7288878602        0.0000000000        0.0000000000
        E+        0.0000000000        0.0000000000        0.0000000000
        E+       27.7288878602        0.0000000000        0.0000000000
        BE        0.0000000000        0.0000000000        0.0000000000
        BE       27.7288878602        0.0000000000        0.0000000000
 
                     MATRIX OF DISTANCE: ANGSTROM
                 -----------------------------------
                          BE(1)          BE(2)     
 
        BE(1)            0.000000      27.728888
        BE(2)           27.728888       0.000000
 
--------------------------------------------------------------------------------
** PROGRAM: SCF (Hartree Fock).     Author: S.A. Gonzalez, E. Posada, F. Moncada
--------------------------------------------------------------------------------
INFO: RUNNING IN RHF MODE.
 
----------------------------------------------------------------------
** PROGRAM INTS                          Author: E. F. Posada, 2013   
----------------------------------------------------------------------
INFO: RUNNING IN ONE_PARTICLE MODE.
 
 Number of Overlap integrals for species E-:   2116
 Number of Overlap integrals for species POSITRON:   4624
 Number of Kinetic integrals for species E-:   2116
 Number of Kinetic integrals for species POSITRON:   4624
 Number of Nuclear integrals for species E-:   2116
 Number of Nuclear integrals for species POSITRON:   4624
 Number of Moment integrals for species E-:   6348
 Number of Moment integrals for species POSITRON:  13872
 Number of 3C Overlap integrals for species E-:   2116
 Number of 3C Overlap integrals for species POSITRON:   4624
 
** TOTAL CPU Time INTS :      0.397 (s)
** TOTAL Elapsed Time INTS :      0.152 (s)
 
Removed     1 orbitals for species POSITRON with overlap eigen threshold of 1.000E-06
       Usign  HCORE density guess for species:         E-
     number of         E-     particles in guess density matrix:     8.000000
       Usign  HCORE density guess for species:   POSITRON
     number of   POSITRON     particles in guess density matrix:     0.000000
 Warning!, density matrix with deviation from number of particles    1.000000
 Number of unique integrals for species: 1 = 33166
 Number of unique integrals for species: 2 = 272369
 Number of unique integrals for species: 1 / 2 = 314522 Screened: 31048
 
 TWO-BODY INTEGRAL SETUP: 
------------------------- 
 Storage:   DISK
 Scheme: LIBINT
 Stack size:  30000
 
 LIBINT library, Fermann, J. T.; Valeev, F. L. 2010                   
 LOWDIN-LIBINT Implementation V. 2.1  Posada E. F. ; Reyes A. 2016   
 ----------------------------------------------------------------------

*** TOTAL CPU time intra-species integrals :      0.370 (s)
*** TOTAL elapsed time intra-species integrals :      0.056 (s)


*** TOTAL CPU time inter-species integrals :      0.546 (s)
*** TOTAL elapsed time inter-species integrals :      0.087 (s)

INFO: RUNNING SCHEME SIMULTANEOUS
 
 Begin Multi-Species SCF calculation:
 
 --------------------------------------------------------------------------------------------------
      Iteration                   Energy            Energy Change           Density Change
 --------------------------------------------------------------------------------------------------
              1         -27.551799135235          27.551799135235           0.323582758796
              2         -29.115390020758           1.563590885523           0.022814441212
              3         -29.140833918904           0.025443898146           0.007055338322
              4         -29.146390158306           0.005556239402           0.002991195641
              5         -29.147039798185           0.000649639879           0.000231692520
              6         -29.147036599120          -0.000003199065           0.000057279550
              7         -29.147036116316          -0.000000482804           0.000014510926
              8         -29.147036165943           0.000000049627           0.000003850482
              9         -29.147036235781           0.000000069837           0.000001135124
             10         -29.147036271896           0.000000036116           0.000000351474
             11         -29.147036287021           0.000000015125           0.000000113371
             12         -29.147036292814           0.000000005792           0.000000038008
             13         -29.147036294931           0.000000002117           0.000000013184
             14         -29.147036295684           0.000000000753           0.000000004702
 Total energy converged after  14 global iterations                                                  
 
 ...end Multi-Species SCF calculation
 
 
 Begin SCF calculation by: E-
 -------------------------
 
 -----------------------------------------------------------------------------------
 Iteration                   Energy           Density Change         DIIS Error 
 -----------------------------------------------------------------------------------
    1         -29.326766506752           0.020082921724                 -- 
    2         -29.427839080474           0.003560522270                 -- 
    3         -29.445077228766           0.000809314530                 -- 
    4         -29.448412063340           0.000200861362                 -- 
    5         -29.449074148459           0.000051868373                 -- 
    6         -29.449205315125           0.000013763382                 -- 
    7         -29.449230430376           0.000003753586                 -- 
    8         -29.449234793296           0.000001055927                 -- 
    9         -29.449235358498           0.000000307319                 -- 
   10         -29.449235345380           0.000000092600                 -- 
   11         -29.449235294629           0.000000028833                 -- 
   12         -29.449235266929           0.000000009244                 -- 
   13         -29.449235255172           0.000000003038                 -- 
 
 ... end SCF calculation
 
 Begin SCF calculation by: POSITRON
 -------------------------
 
 -----------------------------------------------------------------------------------
 Iteration                   Energy           Density Change         DIIS Error 
 -----------------------------------------------------------------------------------
    1          -0.063501183066           0.002731519488                 -- 
    2          -0.043435117136           0.003494816052                 -- 
    3          -0.031590576950           0.002181881111                 -- 
    4          -0.031392813535           0.000030831158                 -- 
    5          -0.031357485027           0.000005411177                 -- 
    6          -0.031352510909           0.000000747544                 -- 
    7          -0.031352395173           0.000000096896                 -- 
    8          -0.031352710823           0.000000079197                 -- 
    9          -0.031352898087           0.000000044155                 -- 
   10          -0.031352979596           0.000000020771                 -- 
   11          -0.031353011209           0.000000009175                 -- 
   12          -0.031353022777           0.000000003939                 -- 
   13          -0.031353026870           0.000000001663                 -- 
 
 ... end SCF calculation
 
  EIGENVALUES AND EIGENVECTORS: 
 ==============================
 
 
  Eigenvalues for: E-
 -----------------
 
    1          -4.732348738996
    2          -4.732348738996
    3          -0.309258221787
    4          -0.309258221787
    5           0.029565784094
    6           0.029565784113
    7           0.029565784113
    8           0.029565784113
    9           0.029565784113
   10           0.029565784129
   11           0.051096234980
   12           0.051096234983
   13           0.098028634079
   14           0.098028634110
   15           0.098028634110
   16           0.098028634112
   17           0.098028634112
   18           0.098028634142
   19           0.321204931407
   20           0.321204931409
   21           0.345804686710
   22           0.345804686727
   23           0.345804686727
   24           0.345804686728
   25           0.345804686728
   26           0.345804686744
   27           0.692850857296
   28           0.692850857297
   29           0.692850857297
   30           0.692850857297
   31           0.692850857297
   32           0.692850857297
   33           0.692850857297
   34           0.692850857297
   35           0.692850857297
   36           0.692850857297
   37           1.198792707641
   38           1.198792707648
   39           1.198792707648
   40           1.198792707648
   41           1.198792707648
   42           1.198792707655
   43           1.414741301080
   44           1.414741301081
   45          10.066564141297
   46          10.066564141297
 
 
  Eigenvalues for: POSITRON
 -----------------
 
    1          -0.003144559004
    2          -0.003053135722
    3           0.000084209217
    4           0.000134426037
    5           0.000206201734
    6           0.000206201734
    7           0.000258047945
    8           0.000279176088
    9           0.000279176088
   10           0.000323273233
   11           0.000323273233
   12           0.000361916892
   13           0.000405852756
   14           0.000424547542
   15           0.000424547542
   16           0.000434493264
   17           0.000434493264
   18           0.000435020714
   19           0.000561807631
   20           0.000561807631
   21           0.000589745000
   22           0.000877643144
   23           0.000877643144
   24           0.000951519463
   25           0.001028176670
   26           0.001118359370
   27           0.001118359370
   28           0.001140248816
   29           0.001212727015
   30           0.001212727015
   31           0.001235852107
   32           0.001467598247
   33           0.001467598247
   34           0.001475255626
   35           0.001475255626
   36           0.001762962400
   37           0.001762962400
   38           0.001786566072
   39           0.002114690255
   40           0.002123172596
   41           0.002369542571
   42           0.002912997736
   43           0.002912997736
   44           0.003392290705
   45           0.003499997820
   46           0.003499997820
   47           0.004483355575
   48           0.004949032539
   49           0.005414686961
   50           0.009274484001
   51           0.009274484001
   52           0.009413399370
   53           0.009413399370
   54           0.009667273830
   55           0.010070690473
   56           0.014705308249
   57           0.015066458141
   58           0.051201198375
   59           0.051292056832
   60           0.193114693159
   61           0.193177716282
   62           0.855537390878
   63           0.855546819577
   64           2.941203085302
   65           2.941206276812
   66          10.802367316168
   67          10.802374956761
   68     1000000.000000000000
 
  end of eigenvalues 
 
  Occupied Eigenvectors for: E-
 --------------------------- 
 
                          -4.7323        -4.7323        -0.3093        -0.3093   
 
    1     BE     S      -0.142790       0.578931      -0.108664       0.014188
    2     BE     S      -0.106909       0.433454      -0.184131       0.024042
    3     BE    Px       0.000000      -0.000000       0.000000      -0.000000
    4     BE    Py      -0.000000       0.000000       0.000000      -0.000000
    5     BE    Pz      -0.000000       0.000000       0.000000      -0.000000
    6     BE     S       0.001171      -0.004747       0.579083      -0.075612
    7     BE    Px      -0.000000       0.000000       0.000000      -0.000000
    8     BE    Py      -0.000000       0.000000       0.000000      -0.000000
    9     BE    Pz       0.000000      -0.000000      -0.000000       0.000000
   10     BE     S      -0.000341       0.001384       0.495923      -0.064753
   11     BE    Px       0.000000      -0.000000      -0.000000       0.000000
   12     BE    Py       0.000000      -0.000000      -0.000000       0.000000
   13     BE    Pz       0.000000      -0.000000       0.000000      -0.000000
   14     BE     S       0.000103      -0.000416       0.022156      -0.002893
   15     BE    Px      -0.000000       0.000000      -0.000000       0.000000
   16     BE    Py      -0.000000       0.000000       0.000000      -0.000000
   17     BE    Pz       0.000000      -0.000000      -0.000000       0.000000
   18     BE   Dxx      -0.000161       0.000651      -0.001758       0.000229
   19     BE   Dxy       0.000000       0.000000       0.000000       0.000000
   20     BE   Dxz      -0.000000      -0.000000      -0.000000      -0.000000
   21     BE   Dyy      -0.000161       0.000651      -0.001758       0.000229
   22     BE   Dyz       0.000000       0.000000      -0.000000      -0.000000
   23     BE   Dzz      -0.000161       0.000651      -0.001758       0.000229
   24     BE     S       0.578931       0.142790      -0.014188      -0.108664
   25     BE     S       0.433454       0.106909      -0.024042      -0.184131
   26     BE    Px       0.000000       0.000000      -0.000000      -0.000000
   27     BE    Py       0.000000      -0.000000       0.000000      -0.000000
   28     BE    Pz      -0.000000       0.000000      -0.000000      -0.000000
   29     BE     S      -0.004747      -0.001171       0.075612       0.579083
   30     BE    Px      -0.000000      -0.000000      -0.000000      -0.000000
   31     BE    Py      -0.000000       0.000000       0.000000      -0.000000
   32     BE    Pz       0.000000      -0.000000       0.000000      -0.000000
   33     BE     S       0.001384       0.000341       0.064753       0.495923
   34     BE    Px       0.000000       0.000000       0.000000       0.000000
   35     BE    Py       0.000000      -0.000000      -0.000000       0.000000
   36     BE    Pz      -0.000000       0.000000      -0.000000      -0.000000
   37     BE     S      -0.000416      -0.000103       0.002893       0.022156
   38     BE    Px      -0.000000      -0.000000       0.000000       0.000000
   39     BE    Py      -0.000000       0.000000       0.000000      -0.000000
   40     BE    Pz       0.000000      -0.000000       0.000000      -0.000000
   41     BE   Dxx       0.000651       0.000161      -0.000229      -0.001758
   42     BE   Dxy      -0.000000      -0.000000      -0.000000      -0.000000
   43     BE   Dxz       0.000000       0.000000      -0.000000      -0.000000
   44     BE   Dyy       0.000651       0.000161      -0.000229      -0.001758
   45     BE   Dyz       0.000000      -0.000000       0.000000      -0.000000
   46     BE   Dzz       0.000651       0.000161      -0.000229      -0.001758
 
 
  Occupied Eigenvectors for: POSITRON
 --------------------------- 
 
                          -0.0031   
 
    1     E+     S      -0.020403
    2     E+     S      -0.016834
    3     E+     S       0.123194
    4     E+     S       0.209117
    5     E+     S       0.272251
    6     E+     S       0.174131
    7     E+     S       0.119901
    8     E+     S      -0.094810
    9     E+     S      -0.005868
   10     E+     S       0.000000
   11     E+    Px      -0.009038
   12     E+    Py      -0.000000
   13     E+    Pz      -0.000000
   14     E+    Px       0.002129
   15     E+    Py       0.000000
   16     E+    Pz       0.000000
   17     E+    Px      -0.000432
   18     E+    Py       0.000000
   19     E+    Pz      -0.000000
   20     E+    Px       0.000308
   21     E+    Py      -0.000000
   22     E+    Pz       0.000000
   23     E+   Dxx      -0.000888
   24     E+   Dxy      -0.000000
   25     E+   Dxz      -0.000000
   26     E+   Dyy       0.003702
   27     E+   Dyz      -0.000000
   28     E+   Dzz       0.003702
   29     E+   Dxx       0.013111
   30     E+   Dxy       0.000000
   31     E+   Dxz       0.000000
   32     E+   Dyy       0.011605
   33     E+   Dyz       0.000000
   34     E+   Dzz       0.011605
   35     E+     S      -0.020403
   36     E+     S      -0.016834
   37     E+     S       0.123194
   38     E+     S       0.209117
   39     E+     S       0.272251
   40     E+     S       0.174131
   41     E+     S       0.119901
   42     E+     S      -0.094810
   43     E+     S      -0.005868
   44     E+     S       0.000000
   45     E+    Px       0.009038
   46     E+    Py       0.000000
   47     E+    Pz       0.000000
   48     E+    Px      -0.002129
   49     E+    Py      -0.000000
   50     E+    Pz      -0.000000
   51     E+    Px       0.000432
   52     E+    Py       0.000000
   53     E+    Pz       0.000000
   54     E+    Px      -0.000308
   55     E+    Py      -0.000000
   56     E+    Pz      -0.000000
   57     E+   Dxx      -0.000888
   58     E+   Dxy      -0.000000
   59     E+   Dxz      -0.000000
   60     E+   Dyy       0.003702
   61     E+   Dyz       0.000000
   62     E+   Dzz       0.003702
   63     E+   Dxx       0.013111
   64     E+   Dxy       0.000000
   65     E+   Dxz       0.000000
   66     E+   Dyy       0.011605
   67     E+   Dyz      -0.000000
   68     E+   Dzz       0.011605
 
 
  end of eigenvectors 
 
  END OF EIGENVALUES AND EIGENVECTORS
 
 
  COMPONENTS OF KINETIC ENERGY: 
 -----------------------------
 
                  E- Kinetic energy =           29.142628633697
            POSITRON Kinetic energy =            0.015302116861
                                     _________________________
               Total kinetic energy =           29.157930750558
 
  COMPONENTS OF POTENTIAL ENERGY: 
 -------------------------------
 
          Fixed potential energy    =            0.305343511450
 
  Quantum/Fixed interaction energy: 
 ----------------------------------
 
          E-/Fixed interact. energy =          -67.874671300909
    POSITRON/Fixed interact. energy =            0.658485355456
                                     _________________________
               Total Q/Fixed energy =          -67.216185945453
 
  Coulomb energy: 
 ------------------
 
               E-/E- Hartree energy =           14.615916872307
   POSITRON/POSITRON Hartree energy =            0.000000000000
         E-/POSITRON Hartree energy =           -0.648723563719
                                     _________________________
               Total Hartree energy =           13.967193308589
 
  Exchange(HF) energy: 
 ----------------------
 
                 E- Exchange energy =           -5.333109453225
           POSITRON Exchange energy =            0.000000000000
                                     _________________________
              Total Exchange energy =           -5.333109453225
 
  External Potential energy: 
 ----------------------------
 
                  E- Ext Pot energy =            0.000000000000
            POSITRON Ext Pot energy =           -0.028208467866
                                     _________________________
    Total External Potential energy =           -0.028208467866
 
  TOTAL ENERGY COMPONENTS: 
 ==========================
 
          TOTAL KINETIC ENERGY      =           29.157930750558
          TOTAL POTENTIAL ENERGY    =          -58.304967046505
                                     _________________________
                       TOTAL ENERGY =          -29.147036295947
 
                 VIRIAL RATIO (V/T) =            1.999626363932
 
 
  END ENERGY COMPONENTS
 
 
** TOTAL CPU Time SCF :      0.948 (s)
** TOTAL Elapsed Time SCF :      0.341 (s)
 
 We are calculating properties for E- in the HF/KS ground state
 We are calculating properties for POSITRON in the HF/KS ground state
 
  POPULATION ANALYSES: 
 ====================
 
 MULLIKEN Population: for E-        
 ---------------------
 
                                    
 
    1     BE     S       1.166391
    2     BE     S       0.823588
    3     BE    Px       0.000000
    4     BE    Py       0.000000
    5     BE    Pz      -0.000000
    6     BE     S       1.043694
    7     BE    Px       0.000000
    8     BE    Py      -0.000000
    9     BE    Pz      -0.000000
   10     BE     S       0.942124
   11     BE    Px       0.000000
   12     BE    Py       0.000000
   13     BE    Pz       0.000000
   14     BE     S       0.031424
   15     BE    Px       0.000000
   16     BE    Py       0.000000
   17     BE    Pz      -0.000000
   18     BE   Dxx      -0.002407
   19     BE   Dxy       0.000000
   20     BE   Dxz       0.000000
   21     BE   Dyy      -0.002407
   22     BE   Dyz       0.000000
   23     BE   Dzz      -0.002407
   24     BE     S       1.166391
   25     BE     S       0.823588
   26     BE    Px       0.000000
   27     BE    Py       0.000000
   28     BE    Pz       0.000000
   29     BE     S       1.043694
   30     BE    Px       0.000000
   31     BE    Py       0.000000
   32     BE    Pz       0.000000
   33     BE     S       0.942124
   34     BE    Px       0.000000
   35     BE    Py      -0.000000
   36     BE    Pz       0.000000
   37     BE     S       0.031424
   38     BE    Px       0.000000
   39     BE    Py       0.000000
   40     BE    Pz       0.000000
   41     BE   Dxx      -0.002407
   42     BE   Dxy       0.000000
   43     BE   Dxz       0.000000
   44     BE   Dyy      -0.002407
   45     BE   Dyz       0.000000
   46     BE   Dzz      -0.002407
 
                           __________
              Total =        8.000000
 
  Atomic MULLIKEN Population: for E-        
            BE               4.000000
            BE               4.000000
 
 ...end of MULLIKEN Population
 
 
 END POPULATION ANALYSES 
 
 
  POPULATION ANALYSES: 
 ====================
 
 LOWDIN Population: for E-        
 ---------------------
 
                                    
 
    1     BE     S       1.101745
    2     BE     S       0.875944
    3     BE    Px       0.000000
    4     BE    Py       0.000000
    5     BE    Pz      -0.000000
    6     BE     S       0.590908
    7     BE    Px       0.000000
    8     BE    Py      -0.000000
    9     BE    Pz       0.000000
   10     BE     S       0.553024
   11     BE    Px       0.000000
   12     BE    Py       0.000000
   13     BE    Pz       0.000000
   14     BE     S       0.204207
   15     BE    Px       0.000000
   16     BE    Py       0.000000
   17     BE    Pz       0.000000
   18     BE   Dxx       0.224724
   19     BE   Dxy      -0.000000
   20     BE   Dxz      -0.000000
   21     BE   Dyy       0.224724
   22     BE   Dyz       0.000000
   23     BE   Dzz       0.224724
   24     BE     S       1.101745
   25     BE     S       0.875944
   26     BE    Px       0.000000
   27     BE    Py       0.000000
   28     BE    Pz       0.000000
   29     BE     S       0.590908
   30     BE    Px       0.000000
   31     BE    Py       0.000000
   32     BE    Pz       0.000000
   33     BE     S       0.553024
   34     BE    Px       0.000000
   35     BE    Py       0.000000
   36     BE    Pz       0.000000
   37     BE     S       0.204207
   38     BE    Px       0.000000
   39     BE    Py       0.000000
   40     BE    Pz       0.000000
   41     BE   Dxx       0.224724
   42     BE   Dxy       0.000000
   43     BE   Dxz       0.000000
   44     BE   Dyy       0.224724
   45     BE   Dyz       0.000000
   46     BE   Dzz       0.224724
 
                           __________
              Total =        8.000000
 
  Atomic LOWDIN Population: for E-        
            BE               4.000000
            BE               4.000000
 
 ...end of LOWDIN Population
 
 
 END POPULATION ANALYSES 
 
 
  POPULATION ANALYSES: 
 ====================
 
 MULLIKEN Population: for POSITRON  
 ---------------------
 
                                    
 
    1     E+     S      -0.004881
    2     E+     S      -0.006680
    3     E+     S       0.064745
    4     E+     S       0.132629
    5     E+     S       0.182982
    6     E+     S       0.099146
    7     E+     S       0.044042
    8     E+     S      -0.015794
    9     E+     S      -0.000310
   10     E+     S       0.000000
   11     E+    Px      -0.000932
   12     E+    Py      -0.000000
   13     E+    Pz      -0.000000
   14     E+    Px       0.000436
   15     E+    Py       0.000000
   16     E+    Pz       0.000000
   17     E+    Px      -0.000070
   18     E+    Py       0.000000
   19     E+    Pz       0.000000
   20     E+    Px       0.000011
   21     E+    Py      -0.000000
   22     E+    Pz       0.000000
   23     E+   Dxx      -0.000066
   24     E+   Dxy       0.000000
   25     E+   Dxz       0.000000
   26     E+   Dyy       0.000057
   27     E+   Dyz      -0.000000
   28     E+   Dzz       0.000057
   29     E+   Dxx       0.003243
   30     E+   Dxy      -0.000000
   31     E+   Dxz      -0.000000
   32     E+   Dyy       0.000693
   33     E+   Dyz       0.000000
   34     E+   Dzz       0.000693
   35     E+     S      -0.004881
   36     E+     S      -0.006680
   37     E+     S       0.064745
   38     E+     S       0.132629
   39     E+     S       0.182982
   40     E+     S       0.099146
   41     E+     S       0.044042
   42     E+     S      -0.015794
   43     E+     S      -0.000310
   44     E+     S       0.000000
   45     E+    Px      -0.000932
   46     E+    Py      -0.000000
   47     E+    Pz       0.000000
   48     E+    Px       0.000436
   49     E+    Py      -0.000000
   50     E+    Pz      -0.000000
   51     E+    Px      -0.000070
   52     E+    Py      -0.000000
   53     E+    Pz       0.000000
   54     E+    Px       0.000011
   55     E+    Py       0.000000
   56     E+    Pz       0.000000
   57     E+   Dxx      -0.000066
   58     E+   Dxy       0.000000
   59     E+   Dxz       0.000000
   60     E+   Dyy       0.000057
   61     E+   Dyz       0.000000
   62     E+   Dzz       0.000057
   63     E+   Dxx       0.003243
   64     E+   Dxy      -0.000000
   65     E+   Dxz       0.000000
   66     E+   Dyy       0.000693
   67     E+   Dyz      -0.000000
   68     E+   Dzz       0.000693
 
                           __________
              Total =        1.000000
 
  Atomic MULLIKEN Population: for POSITRON  
            BE               0.500000
            BE               0.500000
 
 ...end of MULLIKEN Population
 
 
 END POPULATION ANALYSES 
 
 
  POPULATION ANALYSES: 
 ====================
 
 LOWDIN Population: for POSITRON  
 ---------------------
 
                                    
 
    1     E+     S       0.003418
    2     E+     S       0.014378
    3     E+     S       0.050338
    4     E+     S       0.122017
    5     E+     S       0.160041
    6     E+     S       0.105707
    7     E+     S       0.031314
    8     E+     S       0.000531
    9     E+     S       0.000155
   10     E+     S       0.000019
   11     E+    Px       0.000835
   12     E+    Py      -0.000000
   13     E+    Pz       0.000000
   14     E+    Px       0.004269
   15     E+    Py      -0.000000
   16     E+    Pz       0.000000
   17     E+    Px       0.002216
   18     E+    Py      -0.000000
   19     E+    Pz      -0.000000
   20     E+    Px       0.000001
   21     E+    Py      -0.000000
   22     E+    Pz       0.000000
   23     E+   Dxx       0.000130
   24     E+   Dxy      -0.000000
   25     E+   Dxz       0.000000
   26     E+   Dyy       0.000018
   27     E+   Dyz      -0.000000
   28     E+   Dzz       0.000018
   29     E+   Dxx       0.004398
   30     E+   Dxy      -0.000000
   31     E+   Dxz      -0.000000
   32     E+   Dyy       0.000099
   33     E+   Dyz      -0.000000
   34     E+   Dzz       0.000099
   35     E+     S       0.003418
   36     E+     S       0.014378
   37     E+     S       0.050338
   38     E+     S       0.122017
   39     E+     S       0.160041
   40     E+     S       0.105707
   41     E+     S       0.031314
   42     E+     S       0.000531
   43     E+     S       0.000155
   44     E+     S       0.000019
   45     E+    Px       0.000835
   46     E+    Py       0.000000
   47     E+    Pz       0.000000
   48     E+    Px       0.004269
   49     E+    Py      -0.000000
   50     E+    Pz      -0.000000
   51     E+    Px       0.002216
   52     E+    Py       0.000000
   53     E+    Pz       0.000000
   54     E+    Px       0.000001
   55     E+    Py      -0.000000
   56     E+    Pz       0.000000
   57     E+   Dxx       0.000130
   58     E+   Dxy       0.000000
   59     E+   Dxz       0.000000
   60     E+   Dyy       0.000018
   61     E+   Dyz       0.000000
   62     E+   Dzz       0.000018
   63     E+   Dxx       0.004398
   64     E+   Dxy      -0.000000
   65     E+   Dxz       0.000000
   66     E+   Dyy       0.000099
   67     E+   Dyz      -0.000000
   68     E+   Dzz       0.000099
 
                           __________
              Total =        1.000000
 
  Atomic LOWDIN Population: for POSITRON  
            BE               0.500000
            BE               0.500000
 
 ...end of LOWDIN Population
 
 
 END POPULATION ANALYSES 
 
 
  EXPECTED POSITIONS OF QUANTUM SPECIES:
 ======================
 
 POSITIONS IN ANGSTROMS
 ------
 
                        <x>      <y>      <z>         
                 E- 110.9155  -0.0000  -0.0000
           POSITRON  13.8644  -0.0000  -0.0000
 
 END EXPECTED POSITIONS
 
 
  ELECTROSTATIC MOMENTS:
 ======================
 
 
 DIPOLE: (A.U.)
 ------
 
                           <Dx>         <Dy>         <Dz>          |D|
                 E--209.60000000   0.00000000   0.00000000
           POSITRON  26.20000000  -0.00000000  -0.00000000
    Point charges:  209.60000000   0.00000000   0.00000000
                     ____________________________
      Total Dipole:  26.20000000   0.00000000  -0.00000000  26.20000000
 
 DIPOLE: (DEBYE)
 ------
 
                           <Dx>         <Dy>         <Dz>          |D|
                 E--532.74999084   0.00000000   0.00000000
           POSITRON  66.59374886  -0.00000000  -0.00000000
    Point charges:  532.74999084   0.00000000   0.00000000
                     ____________________________
      Total Dipole:  66.59374886   0.00000000  -0.00000000  66.59374886
 
 QUADRUPOLE NON-TRACELESS: (DEBYE ANGS)
 ------
 
                           <xx>         <yy>         <zz>         <xy>         <xz>         <yz>
                 E-**************  -15.54360930  -15.54360930    0.00000000    0.00000000    0.00000000
           POSITRON 2091.31106929   67.28568599   67.28568599   -0.00000000    0.00000000    0.00000000
    Point charges: 14772.56306844    0.00000000    0.00000000    0.00000000    0.00000000    0.00000000
  Total Quadrupole: 2075.76746494   51.74207669   51.74207669   -0.00000000    0.00000000    0.00000000
                     ____________________________
 
 END ELECTROSTATIC MOMENTS
 

  TOTAL CPU Time:      0.258 (s)
 TOTAL Wall Time:      0.391 (s)
  Elapsed Time:   0h  0m  0s 390ms
LOWDIN execution terminated normally at : Tue Nov 26 15:32:39 2024
-rw-rw-r-- 1 pohl pohl 704K nov 26 15:32 0E-.ints
-rw-rw-r-- 1 pohl pohl 2.1M nov 26 15:32 0E-.POSITRON.ints
-rw-rw-r-- 1 pohl pohl 2.1M nov 26 15:32 0POSITRON.ints
-rw-rw-r-- 1 pohl pohl 704K nov 26 15:32 1E-.ints
-rw-rw-r-- 1 pohl pohl 2.1M nov 26 15:32 1E-.POSITRON.ints
-rw-rw-r-- 1 pohl pohl 2.1M nov 26 15:32 1POSITRON.ints
-rw-rw-r-- 1 pohl pohl 704K nov 26 15:32 2E-.ints
-rw-rw-r-- 1 pohl pohl 2.1M nov 26 15:32 2E-.POSITRON.ints
-rw-rw-r-- 1 pohl pohl 2.1M nov 26 15:32 2POSITRON.ints
-rw-rw-r-- 1 pohl pohl 704K nov 26 15:32 3E-.ints
-rw-rw-r-- 1 pohl pohl 2.1M nov 26 15:32 3E-.POSITRON.ints
-rw-rw-r-- 1 pohl pohl 2.1M nov 26 15:32 3POSITRON.ints
-rw-rw-r-- 1 pohl pohl   12 nov 26 15:32 E-.POSITRON.nints
-rw-rw-r-- 1 pohl pohl   65 nov 26 15:32 gepol.inp
-rw-rw-r-- 1 pohl pohl   91 nov 26 15:32 gepol.xyzr
-rw-rw-r-- 1 pohl pohl 9.5K nov 26 15:32 lowdin.bas
-rw-rw-r-- 1 pohl pohl  16K nov 26 15:32 lowdin.dat
-rw-rw-r-- 1 pohl pohl 691K nov 26 15:32 lowdin.opints
-rw-rw-r-- 1 pohl pohl  26K nov 26 15:32 lowdin.sys
-rw-rw-r-- 1 pohl pohl 689K nov 26 15:32 lowdin.wfn
-rw-rw-r-- 1 pohl pohl  499 nov 26 15:32 usual_253
-rw-rw-r-- 1 pohl pohl 1.8K nov 26 15:32 usual_253.aux
-rw-rw-r-- 1 pohl pohl  504 nov 26 15:32 usual_253.lowdin
-rw-rw-r-- 1 pohl pohl  46K nov 26 15:32 usual_253.out
-rw-rw-r-- 1 pohl pohl  54K nov 26 15:32 usual_253.vec
