Begin job by input: usual_74.lowdin, for user:   at  mar 26 nov 2024 15:31:00 -05
under operating system Linux helios 5.19.0-46-generic #47-Ubuntu SMP PREEMPT_DYNAMIC Fri Jun 16 13:30:11 UTC 2023 x86_64 x86_64 x86_64 GNU/Linux
Compilation information
  commit: f31d3924f6ee2ce9d77f07edcc1ba27359319d14
  compilation date:  mar 17 sep 2024 16:16:17 -05

BEGIN INPUT INFO:
------------------------------------

GEOMETRY
	Be	Dirac	0.0 0.0 0.0
	e-(Be)	6-311++G.d.p 0.0 0.0 0.0
	E+	GRIBAKIN-10S4P2D 0.0 0.0 0.0
	Be	Dirac	16.6 0.0 0.0
	e-(Be)	6-311++G.d.p	16.6 0.0 0.0
	E+	GRIBAKIN-10S4P2D 16.6 0.0 0.0 addParticles=-1 
END GEOMETRY

TASKS
        method = "RHF"
END TASKS

EXTERPOTENTIAL
	E- GRIBAKIN0
	E+ JOR74
END EXTERPOTENTIAL

CONTROL
	units="BOHRS"
	readCoefficients=F
	convergenceMethod=1
	overlapEigenThreshold=1E-6
	SCFGhostSpecies="POSITRON"
	HFprintEigenvalues=T
	totalEnergyTolerance = 1E-9
END CONTROL


... END INPUT INFO


 LOWDIN execution started at : Tue Nov 26 15:31:00 2024
 ---------------------------------------------------------------
 
 ***************************************************************
 *                   LOWDIN 2.0  (May/2013)                    *
 *                                                             *
 *  R. FLORES-MORENO, E. F. POSADA, F. S. MONCADA, J.ROMERO,   *
 *  J. CHARRY, M. DIAZ-TINOCO, S. A. GONZALEZ, N. F. AGUIRRE,  *
 *  A. REYES                                                   *
 *                                                             *
 *  https://sites.google.com/site/lowdinproject/               *
 *                                                             *
 ***************************************************************
 
 PARSING INPUT... DONE!
 
 LOWDIN IS RUNNING WITH NEXT PARAMETERS: 
 ----------------------------------------
 
         METHOD TYPE:  RHF
         NUMBER OF CORES:     4
         NONELECTRONIC DENSITY GUESS: HCORE
         ELECTRONIC DENSITY GUESS: HCORE
         CRITERIUM OF CONVERGENCE: ENERGY
         NONELECTRONIC ENERGY TOLERANCE IN SCFs:     0.10000E-07
         ELECTRONIC ENERGY TOLERANCE IN SCFs:     0.10000E-07
         TOTAL ENERGY TOLERANCE IN SCFs:     0.10000E-08
         SCHEME OF ITERATION: GLOBAL ITERATIONS
         SCF MAX. SUBITERATIONS - NONELECTRONS :     1
         SCF MAX. SUBITERATIONS - ELECTRONS :     1
         SCF MAX. ITERATIONS - INTERSPECIES :   200
         INTEGRAL STORAGE: DISK
         STACK SIZE FOR ERIS : 30000
         METHOD OF SCF CONVERGENCE: DAMPING
 
  MOLECULAR SYSTEM: usual_74
 -----------------
 
    DESCRIPTION   : usual_74
    CHARGE        :   2
    PUNTUAL GROUP : NONE
 
 
  INFORMATION OF PARTICLES :
 =========================
         Total number of particles   =      11
         Number of quantum particles =       9
         Number of puntual charges   =       2
         Number of quantum species   =       2
 
                 INFORMATION OF QUANTUM SPECIES 
    ----------------------------------------------------------------------
         ID      Symbol            mass     charge      omega     spin     multiplicity
    ----------------------------------------------------------------------
         1             E-         1.0000     -1.00      0.00      0.50      1.00
         2             E+         1.0000      1.00      0.00      0.50      1.00
 
                   CONSTANTS OF COUPLING 
      ------------------------------------------------------------
              Symbol      kappa        eta     lambda occupation
      ------------------------------------------------------------
                  E-      -1.00       2.00       2.00       4.00
                  E+      -1.00       1.00       1.00       1.00
 
                   BASIS SET FOR SPECIES 
      ------------------------------------------------------------
           Symbol          N. Basis     N. Particles     Basis Set
      ------------------------------------------------------------
                 E-           20                8     6-311++G.D
                 E+           32                1     GRIBAKIN-1
 
                                ATOMIC BASIS
         ------------------------------------------------------------
          PRIMITIVE   SHELL             EXPONENT         COEFFICIENT 
         ------------------------------------------------------------
 
    BEGIN DESCRIPTION OF BASIS FOR:    E-
    ==============================
 
 
            BE BASIS SET:   6-311++G.D.P
             1         S             1682.80000000          0.00228574
             2         S              251.71500000          0.01759380
             3         S               57.41160000          0.08633150
             4         S               16.51710000          0.28183500
             5         S                4.85364000          0.64059400
             6         S                0.62686300          0.14446700
             1         S                8.30938000          0.10862100
             2         S                1.74075000          0.92730100
             3         S                0.48581600         -0.00297169
             1         P                8.30938000          0.03613440
             2         P                1.74075000          0.21695800
             3         P                0.48581600          0.84183900
             1         S                0.16361300          1.00000000
             1         P                0.16361300          1.00000000
             1         S                0.05672850          1.00000000
             1         P                0.05672850          1.00000000
             1         S                0.02070000          1.00000000
             1         P                0.02070000          1.00000000
             1         D                0.25500000          1.00000000
 
            BE BASIS SET:   6-311++G.D.P
             1         S             1682.80000000          0.00228574
             2         S              251.71500000          0.01759380
             3         S               57.41160000          0.08633150
             4         S               16.51710000          0.28183500
             5         S                4.85364000          0.64059400
             6         S                0.62686300          0.14446700
             1         S                8.30938000          0.10862100
             2         S                1.74075000          0.92730100
             3         S                0.48581600         -0.00297169
             1         P                8.30938000          0.03613440
             2         P                1.74075000          0.21695800
             3         P                0.48581600          0.84183900
             1         S                0.16361300          1.00000000
             1         P                0.16361300          1.00000000
             1         S                0.05672850          1.00000000
             1         P                0.05672850          1.00000000
             1         S                0.02070000          1.00000000
             1         P                0.02070000          1.00000000
             1         D                0.25500000          1.00000000
    ... END DESCRIPTION OF BASIS
 
 
    BEGIN DESCRIPTION OF BASIS FOR:    E+
    ==============================
 
 
            E+ BASIS SET:GRIBAKIN-10S4P2
             1         S                0.00010000          1.00000000
             1         S                0.00030000          1.00000000
             1         S                0.00090000          1.00000000
             1         S                0.00270000          1.00000000
             1         S                0.00810000          1.00000000
             1         S                0.02430000          1.00000000
             1         S                0.07290000          1.00000000
             1         S                0.21870000          1.00000000
             1         S                0.65610000          1.00000000
             1         S                1.96830000          1.00000000
             1         P                0.00010000          1.00000000
             1         P                0.00030000          1.00000000
             1         P                0.00090000          1.00000000
             1         P                0.00270000          1.00000000
             1         D                0.00010000          1.00000000
             1         D                0.00030000          1.00000000
 
            E+ BASIS SET:GRIBAKIN-10S4P2
             1         S                0.00010000          1.00000000
             1         S                0.00030000          1.00000000
             1         S                0.00090000          1.00000000
             1         S                0.00270000          1.00000000
             1         S                0.00810000          1.00000000
             1         S                0.02430000          1.00000000
             1         S                0.07290000          1.00000000
             1         S                0.21870000          1.00000000
             1         S                0.65610000          1.00000000
             1         S                1.96830000          1.00000000
             1         P                0.00010000          1.00000000
             1         P                0.00030000          1.00000000
             1         P                0.00090000          1.00000000
             1         P                0.00270000          1.00000000
             1         D                0.00010000          1.00000000
             1         D                0.00030000          1.00000000
    ... END DESCRIPTION OF BASIS
 
 
  END INFORMATION OF PARTICLES
 
 
  INFORMATION OF THE QUANTUM SYSTEM 
     ---------------------------------------------------------------------
                 ID     Occupied Orbitals     Basis size
     ---------------------------------------------------------------------
                 E-            4               46
                 E+            1               68
 
  END INFORMATION OF QUANTUM SYSTEM
 
 
  INFORMATION OF EXTERNAL POTENTIALS 
 
 =======
 External Potential for E- : GRIBAKIN0
 Type : 
                     Exponent         l       R_x       R_y       R_z              Factor
                 0.0010000000         0   0.00000   0.00000   0.00000        0.0000000000
 
 =======
 External Potential for E+ : JOR74
 Type : 
                     Exponent         l       R_x       R_y       R_z              Factor
                 0.0010000000         0   0.00000   0.00000   0.00000       -0.0004852612
                 0.0020000000         0   0.00000   0.00000   0.00000        0.0024441783
                 0.0040000000         0   0.00000   0.00000   0.00000       -0.0075448874
                 0.0080000000         0   0.00000   0.00000   0.00000        0.0157738437
                 0.0160000000         0   0.00000   0.00000   0.00000       -0.0371036225
                 0.0320000000         0   0.00000   0.00000   0.00000        0.0538567205
                 0.0640000000         0   0.00000   0.00000   0.00000       -0.1977562620
                 0.1280000000         0   0.00000   0.00000   0.00000        0.1521150960
                 0.2560000000         0   0.00000   0.00000   0.00000       -2.2309931100
                 0.5120000000         0   0.00000   0.00000   0.00000        7.1544406100
                 1.0000000000         0   0.00000   0.00000   0.00000      -16.4610761000
                 2.0000000000         0   0.00000   0.00000   0.00000      120.0674500000
                 3.0000000000         0   0.00000   0.00000   0.00000    -1010.4441400000
                 4.0000000000         0   0.00000   0.00000   0.00000     5912.5175500000
                 5.0000000000         0   0.00000   0.00000   0.00000   -22883.6471000000
                 6.0000000000         0   0.00000   0.00000   0.00000    58320.2479000000
                 7.0000000000         0   0.00000   0.00000   0.00000   -96733.7399000000
                 8.0000000000         0   0.00000   0.00000   0.00000   100515.5930000000
                 9.0000000000         0   0.00000   0.00000   0.00000   -59492.9273000000
                10.0000000000         0   0.00000   0.00000   0.00000    15337.5181000000
                20.0000000000         0   0.00000   0.00000   0.00000     -108.3194530000
                30.0000000000         0   0.00000   0.00000   0.00000       58.7242217000
                40.0000000000         0   0.00000   0.00000   0.00000      -33.9818623000
                50.0000000000         0   0.00000   0.00000   0.00000       10.1503518000
               100.0000000000         0   0.00000   0.00000   0.00000       -0.2039701810
                 0.0010000000         0  16.60000   0.00000   0.00000       -0.0004852612
                 0.0020000000         0  16.60000   0.00000   0.00000        0.0024441783
                 0.0040000000         0  16.60000   0.00000   0.00000       -0.0075448874
                 0.0080000000         0  16.60000   0.00000   0.00000        0.0157738437
                 0.0160000000         0  16.60000   0.00000   0.00000       -0.0371036225
                 0.0320000000         0  16.60000   0.00000   0.00000        0.0538567205
                 0.0640000000         0  16.60000   0.00000   0.00000       -0.1977562620
                 0.1280000000         0  16.60000   0.00000   0.00000        0.1521150960
                 0.2560000000         0  16.60000   0.00000   0.00000       -2.2309931100
                 0.5120000000         0  16.60000   0.00000   0.00000        7.1544406100
                 1.0000000000         0  16.60000   0.00000   0.00000      -16.4610761000
                 2.0000000000         0  16.60000   0.00000   0.00000      120.0674500000
                 3.0000000000         0  16.60000   0.00000   0.00000    -1010.4441400000
                 4.0000000000         0  16.60000   0.00000   0.00000     5912.5175500000
                 5.0000000000         0  16.60000   0.00000   0.00000   -22883.6471000000
                 6.0000000000         0  16.60000   0.00000   0.00000    58320.2479000000
                 7.0000000000         0  16.60000   0.00000   0.00000   -96733.7399000000
                 8.0000000000         0  16.60000   0.00000   0.00000   100515.5930000000
                 9.0000000000         0  16.60000   0.00000   0.00000   -59492.9273000000
                10.0000000000         0  16.60000   0.00000   0.00000    15337.5181000000
                20.0000000000         0  16.60000   0.00000   0.00000     -108.3194530000
                30.0000000000         0  16.60000   0.00000   0.00000       58.7242217000
                40.0000000000         0  16.60000   0.00000   0.00000      -33.9818623000
                50.0000000000         0  16.60000   0.00000   0.00000       10.1503518000
               100.0000000000         0  16.60000   0.00000   0.00000       -0.2039701810
 
  END INFORMATION OF EXTERNAL POTENTIALS
 
                       INITIAL GEOMETRY: AMSTRONG
                 -----------------------------------
                       <x>                 <y>                 <z>
      E-BE        0.0000000000        0.0000000000        0.0000000000
      E-BE        8.7843423374        0.0000000000        0.0000000000
        E+        0.0000000000        0.0000000000        0.0000000000
        E+        8.7843423374        0.0000000000        0.0000000000
        BE        0.0000000000        0.0000000000        0.0000000000
        BE        8.7843423374        0.0000000000        0.0000000000
 
                     MATRIX OF DISTANCE: ANGSTROM
                 -----------------------------------
                          BE(1)          BE(2)     
 
        BE(1)            0.000000       8.784342
        BE(2)            8.784342       0.000000
 
--------------------------------------------------------------------------------
** PROGRAM: SCF (Hartree Fock).     Author: S.A. Gonzalez, E. Posada, F. Moncada
--------------------------------------------------------------------------------
INFO: RUNNING IN RHF MODE.
 
----------------------------------------------------------------------
** PROGRAM INTS                          Author: E. F. Posada, 2013   
----------------------------------------------------------------------
INFO: RUNNING IN ONE_PARTICLE MODE.
 
 Number of Overlap integrals for species E-:   2116
 Number of Overlap integrals for species POSITRON:   4624
 Number of Kinetic integrals for species E-:   2116
 Number of Kinetic integrals for species POSITRON:   4624
 Number of Nuclear integrals for species E-:   2116
 Number of Nuclear integrals for species POSITRON:   4624
 Number of Moment integrals for species E-:   6348
 Number of Moment integrals for species POSITRON:  13872
 Number of 3C Overlap integrals for species E-:   2116
 Number of 3C Overlap integrals for species POSITRON:   4624
 
** TOTAL CPU Time INTS :      0.389 (s)
** TOTAL Elapsed Time INTS :      0.154 (s)
 
Removed     5 orbitals for species POSITRON with overlap eigen threshold of 1.000E-06
       Usign  HCORE density guess for species:         E-
     number of         E-     particles in guess density matrix:     8.000000
       Usign  HCORE density guess for species:   POSITRON
     number of   POSITRON     particles in guess density matrix:     0.000000
 Warning!, density matrix with deviation from number of particles    1.000000
 Number of unique integrals for species: 1 = 87329
 Number of unique integrals for species: 2 = 323269
 Number of unique integrals for species: 1 / 2 = 494481 Screened: 3225
 
 TWO-BODY INTEGRAL SETUP: 
------------------------- 
 Storage:   DISK
 Scheme: LIBINT
 Stack size:  30000
 
 LIBINT library, Fermann, J. T.; Valeev, F. L. 2010                   
 LOWDIN-LIBINT Implementation V. 2.1  Posada E. F. ; Reyes A. 2016   
 ----------------------------------------------------------------------

*** TOTAL CPU time intra-species integrals :      0.423 (s)
*** TOTAL elapsed time intra-species integrals :      0.065 (s)


*** TOTAL CPU time inter-species integrals :      0.590 (s)
*** TOTAL elapsed time inter-species integrals :      0.097 (s)

INFO: RUNNING SCHEME SIMULTANEOUS
 
 Begin Multi-Species SCF calculation:
 
 --------------------------------------------------------------------------------------------------
      Iteration                   Energy            Energy Change           Density Change
 --------------------------------------------------------------------------------------------------
              1         -27.412027947199          27.412027947199           0.568781584057
              2         -29.110500950507           1.698473003308           0.056669301663
              3         -29.142667137004           0.032166186496           0.183066752027
              4         -29.148781368188           0.006114231184           0.046506126752
              5         -29.149210519794           0.000429151606           0.000960106496
              6         -29.149253789166           0.000043269372           0.000226534208
              7         -29.149265271089           0.000011481924           0.000076424295
              8         -29.149268966970           0.000003695881           0.000032376979
              9         -29.149270266340           0.000001299370           0.000014672537
             10         -29.149270739397           0.000000473057           0.000006625218
             11         -29.149270914011           0.000000174614           0.000002924293
             12         -29.149270978857           0.000000064846           0.000001259616
             13         -29.149271003016           0.000000024159           0.000000530937
             14         -29.149271012035           0.000000009019           0.000000219739
             15         -29.149271015407           0.000000003372           0.000000089669
             16         -29.149271016669           0.000000001262           0.000000036098
             17         -29.149271017142           0.000000000473           0.000000014386
 Total energy converged after  17 global iterations                                                  
 
 ...end Multi-Species SCF calculation
 
 
 Begin SCF calculation by: E-
 -------------------------
 
 -----------------------------------------------------------------------------------
 Iteration                   Energy           Density Change         DIIS Error 
 -----------------------------------------------------------------------------------
    1         -30.053285200261           0.014453354153                 -- 
    2         -30.101434786266           0.003156933420                 -- 
    3         -30.107475381162           0.000915913103                 -- 
    4         -30.107991317481           0.000287486848                 -- 
    5         -30.107894039509           0.000092790652                 -- 
    6         -30.107809876239           0.000030532212                 -- 
    7         -30.107771271333           0.000010221453                 -- 
    8         -30.107756117263           0.000003475037                 -- 
    9         -30.107750539407           0.000001197213                 -- 
   10         -30.107748550981           0.000000417113                 -- 
   11         -30.107747854343           0.000000146701                 -- 
   12         -30.107747612643           0.000000052008                 -- 
   13         -30.107747529230           0.000000018563                 -- 
   14         -30.107747500518           0.000000006664                 -- 
   15         -30.107747490643           0.000000002404                 -- 
   16         -30.107747487245           0.000000000871                 -- 
 
 ... end SCF calculation
 
 Begin SCF calculation by: POSITRON
 -------------------------
 
 -----------------------------------------------------------------------------------
 Iteration                   Energy           Density Change         DIIS Error 
 -----------------------------------------------------------------------------------
    1          -0.056729542216           0.042215947510                 -- 
    2          -0.041587701664           0.179909818607                 -- 
    3          -0.036456574416           0.045590213649                 -- 
    4          -0.036704992524           0.000672619648                 -- 
    5          -0.036795984854           0.000133743556                 -- 
    6          -0.036829126034           0.000045892083                 -- 
    7          -0.036841085010           0.000022155527                 -- 
    8          -0.036845372039           0.000011197500                 -- 
    9          -0.036846903693           0.000005428005                 -- 
   10          -0.036847450454           0.000002507180                 -- 
   11          -0.036847645803           0.000001112914                 -- 
   12          -0.036847715737           0.000000478929                 -- 
   13          -0.036847740840           0.000000201176                 -- 
   14          -0.036847749877           0.000000083005                 -- 
   15          -0.036847753140           0.000000033694                 -- 
   16          -0.036847754323           0.000000013515                 -- 
 
 ... end SCF calculation
 
  EIGENVALUES AND EIGENVECTORS: 
 ==============================
 
 
  Eigenvalues for: E-
 -----------------
 
    1          -4.732346195031
    2          -4.732346174798
    3          -0.309299543285
    4          -0.309214431476
    5           0.024631376608
    6           0.027552466462
    7           0.027552466462
    8           0.031729204554
    9           0.031729204554
   10           0.035253093426
   11           0.047093715155
   12           0.062186389942
   13           0.095357484353
   14           0.095357484353
   15           0.100511777029
   16           0.101570570477
   17           0.101570570477
   18           0.111618256892
   19           0.319486748819
   20           0.328670209589
   21           0.343996307998
   22           0.343996307998
   23           0.348346266051
   24           0.348346266051
   25           0.352205638694
   26           0.352599886472
   27           0.692852576165
   28           0.692852576217
   29           0.692852580424
   30           0.692852580484
   31           0.692858446560
   32           0.692858446560
   33           0.692859790698
   34           0.692859790698
   35           0.692955905730
   36           0.693175840001
   37           1.197216400463
   38           1.197216400463
   39           1.200938825781
   40           1.200938825781
   41           1.202292565257
   42           1.203851222899
   43           1.413500744825
   44           1.421250570794
   45          10.065368028213
   46          10.071467201170
 
 
  Eigenvalues for: POSITRON
 -----------------
 
    1          -0.005378953373
    2          -0.000418424407
    3           0.000082100816
    4           0.000140628277
    5           0.000209412421
    6           0.000209412421
    7           0.000314381284
    8           0.000320679362
    9           0.000320679362
   10           0.000329759028
   11           0.000329759028
   12           0.000352519899
   13           0.000428524574
   14           0.000431589058
   15           0.000431589058
   16           0.000443634005
   17           0.000443634005
   18           0.000453248433
   19           0.000903949904
   20           0.000903949904
   21           0.000923576531
   22           0.001043907589
   23           0.001063593149
   24           0.001112927055
   25           0.001112927055
   26           0.001250868468
   27           0.001250868468
   28           0.001471894188
   29           0.001520597321
   30           0.001520597321
   31           0.001524026080
   32           0.001524026080
   33           0.001741922608
   34           0.001741922614
   35           0.001861598904
   36           0.002121724020
   37           0.002236667976
   38           0.003032468152
   39           0.003032468152
   40           0.003824076487
   41           0.003824076487
   42           0.004053421990
   43           0.004426621073
   44           0.005103436394
   45           0.005388003565
   46           0.008605124956
   47           0.008605124956
   48           0.010842294052
   49           0.010981945621
   50           0.010981945621
   51           0.012289492084
   52           0.015203495062
   53           0.016614723989
   54           0.050790422184
   55           0.052257900694
   56           0.191671002661
   57           0.195597594832
   58           0.853970186598
   59           0.858239725200
   60           2.940134925753
   61           2.943202830500
   62          10.801429172138
   63          10.804276711215
   64     1000000.000000000000
   65     1000000.000000000000
   66     1000000.000000000000
   67     1000000.000000000000
   68     1000000.000000000000
 
  end of eigenvalues 
 
  Occupied Eigenvectors for: E-
 --------------------------- 
 
                          -4.7323        -4.7323        -0.3093        -0.3092   
 
    1     BE     S      -0.421634       0.421634      -0.077472      -0.077504
    2     BE     S      -0.315681       0.315684      -0.131270      -0.131347
    3     BE    Px      -0.000004       0.000000      -0.000001       0.000019
    4     BE    Py      -0.000000      -0.000000       0.000000       0.000000
    5     BE    Pz       0.000000       0.000000      -0.000000       0.000000
    6     BE     S       0.003466      -0.003455       0.412912       0.412906
    7     BE    Px       0.000015       0.000001       0.000064      -0.000168
    8     BE    Py       0.000000       0.000000      -0.000000      -0.000000
    9     BE    Pz       0.000000      -0.000000      -0.000000       0.000000
   10     BE     S      -0.001068       0.000990       0.353257       0.354467
   11     BE    Px      -0.000040      -0.000006      -0.000182       0.000524
   12     BE    Py      -0.000000      -0.000000       0.000000       0.000000
   13     BE    Pz       0.000000       0.000000      -0.000000       0.000000
   14     BE     S       0.000359      -0.000286       0.016031       0.015121
   15     BE    Px       0.000058       0.000014       0.000276      -0.000811
   16     BE    Py       0.000000       0.000000      -0.000000      -0.000000
   17     BE    Pz       0.000000      -0.000000      -0.000000      -0.000000
   18     BE   Dxx      -0.000467       0.000476      -0.001229      -0.001306
   19     BE   Dxy       0.000000      -0.000000      -0.000000      -0.000000
   20     BE   Dxz       0.000000       0.000000      -0.000000      -0.000000
   21     BE   Dyy      -0.000468       0.000476      -0.001230      -0.001304
   22     BE   Dyz      -0.000000      -0.000000       0.000000       0.000000
   23     BE   Dzz      -0.000468       0.000476      -0.001230      -0.001304
   24     BE     S       0.421634       0.421634      -0.077472       0.077504
   25     BE     S       0.315681       0.315683      -0.131270       0.131347
   26     BE    Px      -0.000004      -0.000000       0.000001       0.000019
   27     BE    Py      -0.000000       0.000000       0.000000       0.000000
   28     BE    Pz       0.000000      -0.000000      -0.000000       0.000000
   29     BE     S      -0.003466      -0.003455       0.412912      -0.412906
   30     BE    Px       0.000015      -0.000001      -0.000064      -0.000168
   31     BE    Py       0.000000      -0.000000      -0.000000      -0.000000
   32     BE    Pz      -0.000000       0.000000       0.000000       0.000000
   33     BE     S       0.001068       0.000990       0.353257      -0.354467
   34     BE    Px      -0.000040       0.000006       0.000182       0.000524
   35     BE    Py      -0.000000       0.000000       0.000000       0.000000
   36     BE    Pz       0.000000      -0.000000      -0.000000      -0.000000
   37     BE     S      -0.000359      -0.000286       0.016031      -0.015121
   38     BE    Px       0.000058      -0.000014      -0.000276      -0.000811
   39     BE    Py       0.000000      -0.000000      -0.000000      -0.000000
   40     BE    Pz      -0.000000       0.000000       0.000000       0.000000
   41     BE   Dxx       0.000467       0.000476      -0.001229       0.001306
   42     BE   Dxy       0.000000      -0.000000      -0.000000      -0.000000
   43     BE   Dxz       0.000000       0.000000      -0.000000      -0.000000
   44     BE   Dyy       0.000468       0.000476      -0.001230       0.001304
   45     BE   Dyz       0.000000      -0.000000      -0.000000       0.000000
   46     BE   Dzz       0.000468       0.000476      -0.001230       0.001304
 
 
  Occupied Eigenvectors for: POSITRON
 --------------------------- 
 
                          -0.0054   
 
    1     E+     S       0.034822
    2     E+     S       0.147013
    3     E+     S      -0.085993
    4     E+     S      -0.128416
    5     E+     S      -0.277506
    6     E+     S      -0.172417
    7     E+     S      -0.126490
    8     E+     S       0.099120
    9     E+     S       0.005956
   10     E+     S       0.000022
   11     E+    Px       0.009616
   12     E+    Py      -0.000000
   13     E+    Pz       0.000000
   14     E+    Px      -0.382904
   15     E+    Py      -0.000000
   16     E+    Pz       0.000000
   17     E+    Px       0.024041
   18     E+    Py       0.000000
   19     E+    Pz      -0.000000
   20     E+    Px      -0.020803
   21     E+    Py      -0.000000
   22     E+    Pz       0.000000
   23     E+   Dxx      -0.003929
   24     E+   Dxy      -0.000000
   25     E+   Dxz       0.000000
   26     E+   Dyy      -0.005096
   27     E+   Dyz       0.000000
   28     E+   Dzz      -0.005096
   29     E+   Dxx      -0.113023
   30     E+   Dxy      -0.000000
   31     E+   Dxz       0.000000
   32     E+   Dyy      -0.018380
   33     E+   Dyz      -0.000000
   34     E+   Dzz      -0.018380
   35     E+     S       0.034822
   36     E+     S       0.147013
   37     E+     S      -0.085993
   38     E+     S      -0.128416
   39     E+     S      -0.277506
   40     E+     S      -0.172417
   41     E+     S      -0.126490
   42     E+     S       0.099120
   43     E+     S       0.005956
   44     E+     S       0.000022
   45     E+    Px      -0.009616
   46     E+    Py       0.000000
   47     E+    Pz      -0.000000
   48     E+    Px       0.382904
   49     E+    Py       0.000000
   50     E+    Pz      -0.000000
   51     E+    Px      -0.024041
   52     E+    Py      -0.000000
   53     E+    Pz       0.000000
   54     E+    Px       0.020803
   55     E+    Py       0.000000
   56     E+    Pz      -0.000000
   57     E+   Dxx      -0.003929
   58     E+   Dxy      -0.000000
   59     E+   Dxz       0.000000
   60     E+   Dyy      -0.005096
   61     E+   Dyz      -0.000000
   62     E+   Dzz      -0.005096
   63     E+   Dxx      -0.113023
   64     E+   Dxy      -0.000000
   65     E+   Dxz       0.000000
   66     E+   Dyy      -0.018380
   67     E+   Dyz       0.000000
   68     E+   Dzz      -0.018380
 
 
  end of eigenvectors 
 
  END OF EIGENVALUES AND EIGENVECTORS
 
 
  COMPONENTS OF KINETIC ENERGY: 
 -----------------------------
 
                  E- Kinetic energy =           29.142635400960
            POSITRON Kinetic energy =            0.015443299601
                                     _________________________
               Total kinetic energy =           29.158078700560
 
  COMPONENTS OF POTENTIAL ENERGY: 
 -------------------------------
 
          Fixed potential energy    =            0.963855421687
 
  Quantum/Fixed interaction energy: 
 ----------------------------------
 
          E-/Fixed interact. energy =          -69.191717686269
    POSITRON/Fixed interact. energy =            0.865274718519
                                     _________________________
               Total Q/Fixed energy =          -68.326442967750
 
  Coulomb energy: 
 ------------------
 
               E-/E- Hartree energy =           15.274447901260
   POSITRON/POSITRON Hartree energy =            0.000000000000
         E-/POSITRON Hartree energy =           -0.854628170720
                                     _________________________
               Total Hartree energy =           14.419819730539
 
  Exchange(HF) energy: 
 ----------------------
 
                 E- Exchange energy =           -5.333113101406
           POSITRON Exchange energy =            0.000000000000
                                     _________________________
              Total Exchange energy =           -5.333113101406
 
  External Potential energy: 
 ----------------------------
 
                  E- Ext Pot energy =            0.000000000000
            POSITRON Ext Pot energy =           -0.031468800950
                                     _________________________
    Total External Potential energy =           -0.031468800950
 
  TOTAL ENERGY COMPONENTS: 
 ==========================
 
          TOTAL KINETIC ENERGY      =           29.158078700560
          TOTAL POTENTIAL ENERGY    =          -58.307349717879
                                     _________________________
                       TOTAL ENERGY =          -29.149271017319
 
                 VIRIAL RATIO (V/T) =            1.999697933347
 
 
  END ENERGY COMPONENTS
 
 
** TOTAL CPU Time SCF :      1.108 (s)
** TOTAL Elapsed Time SCF :      0.376 (s)
 
 We are calculating properties for E- in the HF/KS ground state
 We are calculating properties for POSITRON in the HF/KS ground state
 
  POPULATION ANALYSES: 
 ====================
 
 MULLIKEN Population: for E-        
 ---------------------
 
                                    
 
    1     BE     S       1.166391
    2     BE     S       0.823585
    3     BE    Px      -0.000000
    4     BE    Py      -0.000000
    5     BE    Pz       0.000000
    6     BE     S       1.043592
    7     BE    Px       0.000000
    8     BE    Py       0.000000
    9     BE    Pz       0.000000
   10     BE     S       0.942702
   11     BE    Px      -0.000002
   12     BE    Py      -0.000000
   13     BE    Pz       0.000000
   14     BE     S       0.030987
   15     BE    Px       0.000051
   16     BE    Py       0.000000
   17     BE    Pz       0.000000
   18     BE   Dxx      -0.002436
   19     BE   Dxy       0.000000
   20     BE   Dxz       0.000000
   21     BE   Dyy      -0.002435
   22     BE   Dyz       0.000000
   23     BE   Dzz      -0.002435
   24     BE     S       1.166391
   25     BE     S       0.823585
   26     BE    Px      -0.000000
   27     BE    Py      -0.000000
   28     BE    Pz       0.000000
   29     BE     S       1.043592
   30     BE    Px       0.000000
   31     BE    Py       0.000000
   32     BE    Pz       0.000000
   33     BE     S       0.942702
   34     BE    Px      -0.000002
   35     BE    Py      -0.000000
   36     BE    Pz       0.000000
   37     BE     S       0.030987
   38     BE    Px       0.000051
   39     BE    Py       0.000000
   40     BE    Pz       0.000000
   41     BE   Dxx      -0.002436
   42     BE   Dxy       0.000000
   43     BE   Dxz       0.000000
   44     BE   Dyy      -0.002435
   45     BE   Dyz       0.000000
   46     BE   Dzz      -0.002435
 
                           __________
              Total =        8.000000
 
  Atomic MULLIKEN Population: for E-        
            BE               4.000000
            BE               4.000000
 
 ...end of MULLIKEN Population
 
 
 END POPULATION ANALYSES 
 
 
  POPULATION ANALYSES: 
 ====================
 
 LOWDIN Population: for E-        
 ---------------------
 
                                    
 
    1     BE     S       1.101747
    2     BE     S       0.875940
    3     BE    Px       0.000000
    4     BE    Py      -0.000000
    5     BE    Pz       0.000000
    6     BE     S       0.590971
    7     BE    Px       0.000000
    8     BE    Py       0.000000
    9     BE    Pz       0.000000
   10     BE     S       0.552006
   11     BE    Px       0.000001
   12     BE    Py      -0.000000
   13     BE    Pz       0.000000
   14     BE     S       0.205044
   15     BE    Px       0.000057
   16     BE    Py       0.000000
   17     BE    Pz       0.000000
   18     BE   Dxx       0.224771
   19     BE   Dxy       0.000000
   20     BE   Dxz      -0.000000
   21     BE   Dyy       0.224732
   22     BE   Dyz       0.000000
   23     BE   Dzz       0.224732
   24     BE     S       1.101747
   25     BE     S       0.875940
   26     BE    Px       0.000000
   27     BE    Py       0.000000
   28     BE    Pz       0.000000
   29     BE     S       0.590971
   30     BE    Px       0.000000
   31     BE    Py       0.000000
   32     BE    Pz       0.000000
   33     BE     S       0.552006
   34     BE    Px       0.000001
   35     BE    Py       0.000000
   36     BE    Pz       0.000000
   37     BE     S       0.205044
   38     BE    Px       0.000057
   39     BE    Py       0.000000
   40     BE    Pz       0.000000
   41     BE   Dxx       0.224771
   42     BE   Dxy       0.000000
   43     BE   Dxz       0.000000
   44     BE   Dyy       0.224732
   45     BE   Dyz       0.000000
   46     BE   Dzz       0.224732
 
                           __________
              Total =        8.000000
 
  Atomic LOWDIN Population: for E-        
            BE               4.000000
            BE               4.000000
 
 ...end of LOWDIN Population
 
 
 END POPULATION ANALYSES 
 
 
  POPULATION ANALYSES: 
 ====================
 
 MULLIKEN Population: for POSITRON  
 ---------------------
 
                                    
 
    1     E+     S      -0.006024
    2     E+     S      -0.051430
    3     E+     S       0.051932
    4     E+     S       0.103361
    5     E+     S       0.220178
    6     E+     S       0.106626
    7     E+     S       0.048916
    8     E+     S      -0.017245
    9     E+     S      -0.000328
   10     E+     S      -0.000000
   11     E+    Px      -0.000263
   12     E+    Py       0.000000
   13     E+    Pz      -0.000000
   14     E+    Px       0.033848
   15     E+    Py       0.000000
   16     E+    Pz       0.000000
   17     E+    Px      -0.005295
   18     E+    Py       0.000000
   19     E+    Pz      -0.000000
   20     E+    Px       0.007285
   21     E+    Py      -0.000000
   22     E+    Pz       0.000000
   23     E+   Dxx       0.000047
   24     E+   Dxy      -0.000000
   25     E+   Dxz       0.000000
   26     E+   Dyy       0.000036
   27     E+   Dyz       0.000000
   28     E+   Dzz       0.000036
   29     E+   Dxx       0.006995
   30     E+   Dxy       0.000000
   31     E+   Dxz      -0.000000
   32     E+   Dyy       0.000662
   33     E+   Dyz      -0.000000
   34     E+   Dzz       0.000662
   35     E+     S      -0.006024
   36     E+     S      -0.051430
   37     E+     S       0.051932
   38     E+     S       0.103361
   39     E+     S       0.220178
   40     E+     S       0.106626
   41     E+     S       0.048916
   42     E+     S      -0.017245
   43     E+     S      -0.000328
   44     E+     S      -0.000000
   45     E+    Px      -0.000263
   46     E+    Py       0.000000
   47     E+    Pz       0.000000
   48     E+    Px       0.033848
   49     E+    Py      -0.000000
   50     E+    Pz       0.000000
   51     E+    Px      -0.005295
   52     E+    Py      -0.000000
   53     E+    Pz      -0.000000
   54     E+    Px       0.007285
   55     E+    Py      -0.000000
   56     E+    Pz      -0.000000
   57     E+   Dxx       0.000047
   58     E+   Dxy      -0.000000
   59     E+   Dxz       0.000000
   60     E+   Dyy       0.000036
   61     E+   Dyz      -0.000000
   62     E+   Dzz       0.000036
   63     E+   Dxx       0.006995
   64     E+   Dxy       0.000000
   65     E+   Dxz      -0.000000
   66     E+   Dyy       0.000662
   67     E+   Dyz       0.000000
   68     E+   Dzz       0.000662
 
                           __________
              Total =        1.000000
 
  Atomic MULLIKEN Population: for POSITRON  
            BE               0.500000
            BE               0.500000
 
 ...end of MULLIKEN Population
 
 
 END POPULATION ANALYSES 
 
 
  POPULATION ANALYSES: 
 ====================
 
 LOWDIN Population: for POSITRON  
 ---------------------
 
                                    
 
    1     E+     S       0.001258
    2     E+     S       0.007001
    3     E+     S       0.040752
    4     E+     S       0.120206
    5     E+     S       0.166194
    6     E+     S       0.107863
    7     E+     S       0.032260
    8     E+     S       0.000518
    9     E+     S       0.000178
   10     E+     S       0.000022
   11     E+    Px       0.000037
   12     E+    Py      -0.000000
   13     E+    Pz       0.000000
   14     E+    Px       0.000608
   15     E+    Py       0.000000
   16     E+    Pz       0.000000
   17     E+    Px       0.004718
   18     E+    Py       0.000000
   19     E+    Pz       0.000000
   20     E+    Px       0.018223
   21     E+    Py       0.000000
   22     E+    Pz       0.000000
   23     E+   Dxx       0.000001
   24     E+   Dxy       0.000000
   25     E+   Dxz       0.000000
   26     E+   Dyy       0.000002
   27     E+   Dyz       0.000000
   28     E+   Dzz       0.000002
   29     E+   Dxx       0.000063
   30     E+   Dxy       0.000000
   31     E+   Dxz       0.000000
   32     E+   Dyy       0.000047
   33     E+   Dyz       0.000000
   34     E+   Dzz       0.000047
   35     E+     S       0.001258
   36     E+     S       0.007001
   37     E+     S       0.040752
   38     E+     S       0.120206
   39     E+     S       0.166194
   40     E+     S       0.107863
   41     E+     S       0.032260
   42     E+     S       0.000518
   43     E+     S       0.000178
   44     E+     S       0.000022
   45     E+    Px       0.000037
   46     E+    Py       0.000000
   47     E+    Pz       0.000000
   48     E+    Px       0.000608
   49     E+    Py       0.000000
   50     E+    Pz       0.000000
   51     E+    Px       0.004718
   52     E+    Py       0.000000
   53     E+    Pz       0.000000
   54     E+    Px       0.018223
   55     E+    Py       0.000000
   56     E+    Pz       0.000000
   57     E+   Dxx       0.000001
   58     E+   Dxy       0.000000
   59     E+   Dxz       0.000000
   60     E+   Dyy       0.000002
   61     E+   Dyz      -0.000000
   62     E+   Dzz       0.000002
   63     E+   Dxx       0.000063
   64     E+   Dxy       0.000000
   65     E+   Dxz       0.000000
   66     E+   Dyy       0.000047
   67     E+   Dyz       0.000000
   68     E+   Dzz       0.000047
 
                           __________
              Total =        1.000000
 
  Atomic LOWDIN Population: for POSITRON  
            BE               0.500000
            BE               0.500000
 
 ...end of LOWDIN Population
 
 
 END POPULATION ANALYSES 
 
 
  EXPECTED POSITIONS OF QUANTUM SPECIES:
 ======================
 
 POSITIONS IN ANGSTROMS
 ------
 
                        <x>      <y>      <z>         
                 E-  35.1374  -0.0000  -0.0000
           POSITRON   4.3922  -0.0000  -0.0000
 
 END EXPECTED POSITIONS
 
 
  ELECTROSTATIC MOMENTS:
 ======================
 
 
 DIPOLE: (A.U.)
 ------
 
                           <Dx>         <Dy>         <Dz>          |D|
                 E- -66.40000000   0.00000000   0.00000000
           POSITRON   8.30000000  -0.00000000  -0.00000000
    Point charges:   66.40000000   0.00000000   0.00000000
                     ____________________________
      Total Dipole:   8.30000000   0.00000000  -0.00000000   8.30000000
 
 DIPOLE: (DEBYE)
 ------
 
                           <Dx>         <Dy>         <Dz>          |D|
                 E--168.77194366   0.00000000   0.00000000
           POSITRON  21.09649296  -0.00000000  -0.00000000
    Point charges:  168.77194366   0.00000000   0.00000000
                     ____________________________
      Total Dipole:  21.09649296   0.00000000  -0.00000000  21.09649296
 
 QUADRUPOLE NON-TRACELESS: (DEBYE ANGS)
 ------
 
                           <xx>         <yy>         <zz>         <xy>         <xz>         <yz>
                 E--1498.23522437  -15.54184218  -15.54184218    0.00000000    0.00000000    0.00000000
           POSITRON  426.28427027   49.72778126   49.72778126   -0.00000000    0.00000000   -0.00000000
    Point charges:  1482.55036097    0.00000000    0.00000000    0.00000000    0.00000000    0.00000000
  Total Quadrupole:  410.59940687   34.18593908   34.18593908   -0.00000000    0.00000000   -0.00000000
                     ____________________________
 
 END ELECTROSTATIC MOMENTS
 

  TOTAL CPU Time:      0.246 (s)
 TOTAL Wall Time:      0.427 (s)
  Elapsed Time:   0h  0m  0s 428ms
LOWDIN execution terminated normally at : Tue Nov 26 15:31:01 2024
-rw-rw-r-- 1 pohl pohl 704K nov 26 15:31 0E-.ints
-rw-rw-r-- 1 pohl pohl 3.5M nov 26 15:31 0E-.POSITRON.ints
-rw-rw-r-- 1 pohl pohl 2.1M nov 26 15:31 0POSITRON.ints
-rw-rw-r-- 1 pohl pohl 704K nov 26 15:31 1E-.ints
-rw-rw-r-- 1 pohl pohl 3.5M nov 26 15:31 1E-.POSITRON.ints
-rw-rw-r-- 1 pohl pohl 2.1M nov 26 15:31 1POSITRON.ints
-rw-rw-r-- 1 pohl pohl 704K nov 26 15:31 2E-.ints
-rw-rw-r-- 1 pohl pohl 3.5M nov 26 15:31 2E-.POSITRON.ints
-rw-rw-r-- 1 pohl pohl 2.1M nov 26 15:31 2POSITRON.ints
-rw-rw-r-- 1 pohl pohl 704K nov 26 15:31 3E-.ints
-rw-rw-r-- 1 pohl pohl 3.5M nov 26 15:31 3E-.POSITRON.ints
-rw-rw-r-- 1 pohl pohl 2.1M nov 26 15:31 3POSITRON.ints
-rw-rw-r-- 1 pohl pohl   12 nov 26 15:31 E-.POSITRON.nints
-rw-rw-r-- 1 pohl pohl   64 nov 26 15:31 gepol.inp
-rw-rw-r-- 1 pohl pohl   91 nov 26 15:31 gepol.xyzr
-rw-rw-r-- 1 pohl pohl 9.5K nov 26 15:31 lowdin.bas
-rw-rw-r-- 1 pohl pohl  16K nov 26 15:31 lowdin.dat
-rw-rw-r-- 1 pohl pohl 691K nov 26 15:31 lowdin.opints
-rw-rw-r-- 1 pohl pohl  26K nov 26 15:31 lowdin.sys
-rw-rw-r-- 1 pohl pohl 689K nov 26 15:31 lowdin.wfn
-rw-rw-r-- 1 pohl pohl  498 nov 26 15:31 usual_74
-rw-rw-r-- 1 pohl pohl 1.8K nov 26 15:31 usual_74.aux
-rw-rw-r-- 1 pohl pohl  503 nov 26 15:31 usual_74.lowdin
-rw-rw-r-- 1 pohl pohl  47K nov 26 15:31 usual_74.out
-rw-rw-r-- 1 pohl pohl  54K nov 26 15:31 usual_74.vec
