Begin job by input: usual_118.lowdin, for user:   at  mar 26 nov 2024 15:31:25 -05
under operating system Linux helios 5.19.0-46-generic #47-Ubuntu SMP PREEMPT_DYNAMIC Fri Jun 16 13:30:11 UTC 2023 x86_64 x86_64 x86_64 GNU/Linux
Compilation information
  commit: f31d3924f6ee2ce9d77f07edcc1ba27359319d14
  compilation date:  mar 17 sep 2024 16:16:17 -05

BEGIN INPUT INFO:
------------------------------------

GEOMETRY
	Be	Dirac	0.0 0.0 0.0
	e-(Be)	6-311++G.d.p 0.0 0.0 0.0
	E+	GRIBAKIN-10S4P2D 0.0 0.0 0.0
	Be	Dirac	25.4 0.0 0.0
	e-(Be)	6-311++G.d.p	25.4 0.0 0.0
	E+	GRIBAKIN-10S4P2D 25.4 0.0 0.0 addParticles=-1 
END GEOMETRY

TASKS
        method = "RHF"
END TASKS

EXTERPOTENTIAL
	E- GRIBAKIN0
	E+ JOR118
END EXTERPOTENTIAL

CONTROL
	units="BOHRS"
	readCoefficients=F
	convergenceMethod=1
	overlapEigenThreshold=1E-6
	SCFGhostSpecies="POSITRON"
	HFprintEigenvalues=T
	totalEnergyTolerance = 1E-9
END CONTROL


... END INPUT INFO


 LOWDIN execution started at : Tue Nov 26 15:31:25 2024
 ---------------------------------------------------------------
 
 ***************************************************************
 *                   LOWDIN 2.0  (May/2013)                    *
 *                                                             *
 *  R. FLORES-MORENO, E. F. POSADA, F. S. MONCADA, J.ROMERO,   *
 *  J. CHARRY, M. DIAZ-TINOCO, S. A. GONZALEZ, N. F. AGUIRRE,  *
 *  A. REYES                                                   *
 *                                                             *
 *  https://sites.google.com/site/lowdinproject/               *
 *                                                             *
 ***************************************************************
 
 PARSING INPUT... DONE!
 
 LOWDIN IS RUNNING WITH NEXT PARAMETERS: 
 ----------------------------------------
 
         METHOD TYPE:  RHF
         NUMBER OF CORES:     4
         NONELECTRONIC DENSITY GUESS: HCORE
         ELECTRONIC DENSITY GUESS: HCORE
         CRITERIUM OF CONVERGENCE: ENERGY
         NONELECTRONIC ENERGY TOLERANCE IN SCFs:     0.10000E-07
         ELECTRONIC ENERGY TOLERANCE IN SCFs:     0.10000E-07
         TOTAL ENERGY TOLERANCE IN SCFs:     0.10000E-08
         SCHEME OF ITERATION: GLOBAL ITERATIONS
         SCF MAX. SUBITERATIONS - NONELECTRONS :     1
         SCF MAX. SUBITERATIONS - ELECTRONS :     1
         SCF MAX. ITERATIONS - INTERSPECIES :   200
         INTEGRAL STORAGE: DISK
         STACK SIZE FOR ERIS : 30000
         METHOD OF SCF CONVERGENCE: DAMPING
 
  MOLECULAR SYSTEM: usual_118
 -----------------
 
    DESCRIPTION   : usual_118
    CHARGE        :   2
    PUNTUAL GROUP : NONE
 
 
  INFORMATION OF PARTICLES :
 =========================
         Total number of particles   =      11
         Number of quantum particles =       9
         Number of puntual charges   =       2
         Number of quantum species   =       2
 
                 INFORMATION OF QUANTUM SPECIES 
    ----------------------------------------------------------------------
         ID      Symbol            mass     charge      omega     spin     multiplicity
    ----------------------------------------------------------------------
         1             E-         1.0000     -1.00      0.00      0.50      1.00
         2             E+         1.0000      1.00      0.00      0.50      1.00
 
                   CONSTANTS OF COUPLING 
      ------------------------------------------------------------
              Symbol      kappa        eta     lambda occupation
      ------------------------------------------------------------
                  E-      -1.00       2.00       2.00       4.00
                  E+      -1.00       1.00       1.00       1.00
 
                   BASIS SET FOR SPECIES 
      ------------------------------------------------------------
           Symbol          N. Basis     N. Particles     Basis Set
      ------------------------------------------------------------
                 E-           20                8     6-311++G.D
                 E+           32                1     GRIBAKIN-1
 
                                ATOMIC BASIS
         ------------------------------------------------------------
          PRIMITIVE   SHELL             EXPONENT         COEFFICIENT 
         ------------------------------------------------------------
 
    BEGIN DESCRIPTION OF BASIS FOR:    E-
    ==============================
 
 
            BE BASIS SET:   6-311++G.D.P
             1         S             1682.80000000          0.00228574
             2         S              251.71500000          0.01759380
             3         S               57.41160000          0.08633150
             4         S               16.51710000          0.28183500
             5         S                4.85364000          0.64059400
             6         S                0.62686300          0.14446700
             1         S                8.30938000          0.10862100
             2         S                1.74075000          0.92730100
             3         S                0.48581600         -0.00297169
             1         P                8.30938000          0.03613440
             2         P                1.74075000          0.21695800
             3         P                0.48581600          0.84183900
             1         S                0.16361300          1.00000000
             1         P                0.16361300          1.00000000
             1         S                0.05672850          1.00000000
             1         P                0.05672850          1.00000000
             1         S                0.02070000          1.00000000
             1         P                0.02070000          1.00000000
             1         D                0.25500000          1.00000000
 
            BE BASIS SET:   6-311++G.D.P
             1         S             1682.80000000          0.00228574
             2         S              251.71500000          0.01759380
             3         S               57.41160000          0.08633150
             4         S               16.51710000          0.28183500
             5         S                4.85364000          0.64059400
             6         S                0.62686300          0.14446700
             1         S                8.30938000          0.10862100
             2         S                1.74075000          0.92730100
             3         S                0.48581600         -0.00297169
             1         P                8.30938000          0.03613440
             2         P                1.74075000          0.21695800
             3         P                0.48581600          0.84183900
             1         S                0.16361300          1.00000000
             1         P                0.16361300          1.00000000
             1         S                0.05672850          1.00000000
             1         P                0.05672850          1.00000000
             1         S                0.02070000          1.00000000
             1         P                0.02070000          1.00000000
             1         D                0.25500000          1.00000000
    ... END DESCRIPTION OF BASIS
 
 
    BEGIN DESCRIPTION OF BASIS FOR:    E+
    ==============================
 
 
            E+ BASIS SET:GRIBAKIN-10S4P2
             1         S                0.00010000          1.00000000
             1         S                0.00030000          1.00000000
             1         S                0.00090000          1.00000000
             1         S                0.00270000          1.00000000
             1         S                0.00810000          1.00000000
             1         S                0.02430000          1.00000000
             1         S                0.07290000          1.00000000
             1         S                0.21870000          1.00000000
             1         S                0.65610000          1.00000000
             1         S                1.96830000          1.00000000
             1         P                0.00010000          1.00000000
             1         P                0.00030000          1.00000000
             1         P                0.00090000          1.00000000
             1         P                0.00270000          1.00000000
             1         D                0.00010000          1.00000000
             1         D                0.00030000          1.00000000
 
            E+ BASIS SET:GRIBAKIN-10S4P2
             1         S                0.00010000          1.00000000
             1         S                0.00030000          1.00000000
             1         S                0.00090000          1.00000000
             1         S                0.00270000          1.00000000
             1         S                0.00810000          1.00000000
             1         S                0.02430000          1.00000000
             1         S                0.07290000          1.00000000
             1         S                0.21870000          1.00000000
             1         S                0.65610000          1.00000000
             1         S                1.96830000          1.00000000
             1         P                0.00010000          1.00000000
             1         P                0.00030000          1.00000000
             1         P                0.00090000          1.00000000
             1         P                0.00270000          1.00000000
             1         D                0.00010000          1.00000000
             1         D                0.00030000          1.00000000
    ... END DESCRIPTION OF BASIS
 
 
  END INFORMATION OF PARTICLES
 
 
  INFORMATION OF THE QUANTUM SYSTEM 
     ---------------------------------------------------------------------
                 ID     Occupied Orbitals     Basis size
     ---------------------------------------------------------------------
                 E-            4               46
                 E+            1               68
 
  END INFORMATION OF QUANTUM SYSTEM
 
 
  INFORMATION OF EXTERNAL POTENTIALS 
 
 =======
 External Potential for E- : GRIBAKIN0
 Type : 
                     Exponent         l       R_x       R_y       R_z              Factor
                 0.0010000000         0   0.00000   0.00000   0.00000        0.0000000000
 
 =======
 External Potential for E+ : JOR118
 Type : 
                     Exponent         l       R_x       R_y       R_z              Factor
                 0.0010000000         0   0.00000   0.00000   0.00000       -0.0004852612
                 0.0020000000         0   0.00000   0.00000   0.00000        0.0024441783
                 0.0040000000         0   0.00000   0.00000   0.00000       -0.0075448874
                 0.0080000000         0   0.00000   0.00000   0.00000        0.0157738437
                 0.0160000000         0   0.00000   0.00000   0.00000       -0.0371036225
                 0.0320000000         0   0.00000   0.00000   0.00000        0.0538567205
                 0.0640000000         0   0.00000   0.00000   0.00000       -0.1977562620
                 0.1280000000         0   0.00000   0.00000   0.00000        0.1521150960
                 0.2560000000         0   0.00000   0.00000   0.00000       -2.2309931100
                 0.5120000000         0   0.00000   0.00000   0.00000        7.1544406100
                 1.0000000000         0   0.00000   0.00000   0.00000      -16.4610761000
                 2.0000000000         0   0.00000   0.00000   0.00000      120.0674500000
                 3.0000000000         0   0.00000   0.00000   0.00000    -1010.4441400000
                 4.0000000000         0   0.00000   0.00000   0.00000     5912.5175500000
                 5.0000000000         0   0.00000   0.00000   0.00000   -22883.6471000000
                 6.0000000000         0   0.00000   0.00000   0.00000    58320.2479000000
                 7.0000000000         0   0.00000   0.00000   0.00000   -96733.7399000000
                 8.0000000000         0   0.00000   0.00000   0.00000   100515.5930000000
                 9.0000000000         0   0.00000   0.00000   0.00000   -59492.9273000000
                10.0000000000         0   0.00000   0.00000   0.00000    15337.5181000000
                20.0000000000         0   0.00000   0.00000   0.00000     -108.3194530000
                30.0000000000         0   0.00000   0.00000   0.00000       58.7242217000
                40.0000000000         0   0.00000   0.00000   0.00000      -33.9818623000
                50.0000000000         0   0.00000   0.00000   0.00000       10.1503518000
               100.0000000000         0   0.00000   0.00000   0.00000       -0.2039701810
                 0.0010000000         0  25.40000   0.00000   0.00000       -0.0004852612
                 0.0020000000         0  25.40000   0.00000   0.00000        0.0024441783
                 0.0040000000         0  25.40000   0.00000   0.00000       -0.0075448874
                 0.0080000000         0  25.40000   0.00000   0.00000        0.0157738437
                 0.0160000000         0  25.40000   0.00000   0.00000       -0.0371036225
                 0.0320000000         0  25.40000   0.00000   0.00000        0.0538567205
                 0.0640000000         0  25.40000   0.00000   0.00000       -0.1977562620
                 0.1280000000         0  25.40000   0.00000   0.00000        0.1521150960
                 0.2560000000         0  25.40000   0.00000   0.00000       -2.2309931100
                 0.5120000000         0  25.40000   0.00000   0.00000        7.1544406100
                 1.0000000000         0  25.40000   0.00000   0.00000      -16.4610761000
                 2.0000000000         0  25.40000   0.00000   0.00000      120.0674500000
                 3.0000000000         0  25.40000   0.00000   0.00000    -1010.4441400000
                 4.0000000000         0  25.40000   0.00000   0.00000     5912.5175500000
                 5.0000000000         0  25.40000   0.00000   0.00000   -22883.6471000000
                 6.0000000000         0  25.40000   0.00000   0.00000    58320.2479000000
                 7.0000000000         0  25.40000   0.00000   0.00000   -96733.7399000000
                 8.0000000000         0  25.40000   0.00000   0.00000   100515.5930000000
                 9.0000000000         0  25.40000   0.00000   0.00000   -59492.9273000000
                10.0000000000         0  25.40000   0.00000   0.00000    15337.5181000000
                20.0000000000         0  25.40000   0.00000   0.00000     -108.3194530000
                30.0000000000         0  25.40000   0.00000   0.00000       58.7242217000
                40.0000000000         0  25.40000   0.00000   0.00000      -33.9818623000
                50.0000000000         0  25.40000   0.00000   0.00000       10.1503518000
               100.0000000000         0  25.40000   0.00000   0.00000       -0.2039701810
 
  END INFORMATION OF EXTERNAL POTENTIALS
 
                       INITIAL GEOMETRY: AMSTRONG
                 -----------------------------------
                       <x>                 <y>                 <z>
      E-BE        0.0000000000        0.0000000000        0.0000000000
      E-BE       13.4411021307        0.0000000000        0.0000000000
        E+        0.0000000000        0.0000000000        0.0000000000
        E+       13.4411021307        0.0000000000        0.0000000000
        BE        0.0000000000        0.0000000000        0.0000000000
        BE       13.4411021307        0.0000000000        0.0000000000
 
                     MATRIX OF DISTANCE: ANGSTROM
                 -----------------------------------
                          BE(1)          BE(2)     
 
        BE(1)            0.000000      13.441102
        BE(2)           13.441102       0.000000
 
--------------------------------------------------------------------------------
** PROGRAM: SCF (Hartree Fock).     Author: S.A. Gonzalez, E. Posada, F. Moncada
--------------------------------------------------------------------------------
INFO: RUNNING IN RHF MODE.
 
----------------------------------------------------------------------
** PROGRAM INTS                          Author: E. F. Posada, 2013   
----------------------------------------------------------------------
INFO: RUNNING IN ONE_PARTICLE MODE.
 
 Number of Overlap integrals for species E-:   2116
 Number of Overlap integrals for species POSITRON:   4624
 Number of Kinetic integrals for species E-:   2116
 Number of Kinetic integrals for species POSITRON:   4624
 Number of Nuclear integrals for species E-:   2116
 Number of Nuclear integrals for species POSITRON:   4624
 Number of Moment integrals for species E-:   6348
 Number of Moment integrals for species POSITRON:  13872
 Number of 3C Overlap integrals for species E-:   2116
 Number of 3C Overlap integrals for species POSITRON:   4624
 
** TOTAL CPU Time INTS :      0.397 (s)
** TOTAL Elapsed Time INTS :      0.153 (s)
 
Removed     2 orbitals for species POSITRON with overlap eigen threshold of 1.000E-06
       Usign  HCORE density guess for species:         E-
     number of         E-     particles in guess density matrix:     8.000000
       Usign  HCORE density guess for species:   POSITRON
     number of   POSITRON     particles in guess density matrix:     0.000000
 Warning!, density matrix with deviation from number of particles    1.000000
 Number of unique integrals for species: 1 = 57897
 Number of unique integrals for species: 2 = 313347
 Number of unique integrals for species: 1 / 2 = 403614 Screened: 14512
 
 TWO-BODY INTEGRAL SETUP: 
------------------------- 
 Storage:   DISK
 Scheme: LIBINT
 Stack size:  30000
 
 LIBINT library, Fermann, J. T.; Valeev, F. L. 2010                   
 LOWDIN-LIBINT Implementation V. 2.1  Posada E. F. ; Reyes A. 2016   
 ----------------------------------------------------------------------

*** TOTAL CPU time intra-species integrals :      0.401 (s)
*** TOTAL elapsed time intra-species integrals :      0.062 (s)


*** TOTAL CPU time inter-species integrals :      0.573 (s)
*** TOTAL elapsed time inter-species integrals :      0.094 (s)

INFO: RUNNING SCHEME SIMULTANEOUS
 
 Begin Multi-Species SCF calculation:
 
 --------------------------------------------------------------------------------------------------
      Iteration                   Energy            Energy Change           Density Change
 --------------------------------------------------------------------------------------------------
              1         -27.521330141732          27.521330141732           0.358097573872
              2         -29.114912575787           1.593582434054           0.028346723072
              3         -29.141455279985           0.026542704198           0.029009086808
              4         -29.147245266340           0.005789986355           0.011724403491
              5         -29.147719037860           0.000473771520           0.000311922889
              6         -29.147724151537           0.000005113677           0.000070920614
              7         -29.147725780287           0.000001628750           0.000020691327
              8         -29.147726464366           0.000000684079           0.000007628378
              9         -29.147726747563           0.000000283197           0.000003213229
             10         -29.147726860096           0.000000112533           0.000001415448
             11         -29.147726903525           0.000000043429           0.000000624001
             12         -29.147726919991           0.000000016466           0.000000271119
             13         -29.147726926173           0.000000006182           0.000000115683
             14         -29.147726928482           0.000000002309           0.000000048558
             15         -29.147726929343           0.000000000861           0.000000020068
 Total energy converged after  15 global iterations                                                  
 
 ...end Multi-Species SCF calculation
 
 
 Begin SCF calculation by: E-
 -------------------------
 
 -----------------------------------------------------------------------------------
 Iteration                   Energy           Density Change         DIIS Error 
 -----------------------------------------------------------------------------------
    1         -29.664515144484           0.018785507557                 -- 
    2         -29.755459971713           0.003427122133                 -- 
    3         -29.770444989546           0.000816609816                 -- 
    4         -29.773206079587           0.000216031155                 -- 
    5         -29.773713833745           0.000060398319                 -- 
    6         -29.773801515321           0.000017644125                 -- 
    7         -29.773813858903           0.000005378533                 -- 
    8         -29.773814337048           0.000001707404                 -- 
    9         -29.773813686471           0.000000561592                 -- 
   10         -29.773813284102           0.000000190092                 -- 
   11         -29.773813106451           0.000000065774                 -- 
   12         -29.773813036778           0.000000023135                 -- 
   13         -29.773813010976           0.000000008238                 -- 
   14         -29.773813001718           0.000000002961                 -- 
 
 ... end SCF calculation
 
 Begin SCF calculation by: POSITRON
 -------------------------
 
 -----------------------------------------------------------------------------------
 Iteration                   Energy           Density Change         DIIS Error 
 -----------------------------------------------------------------------------------
    1          -0.061112168969           0.009561215515                 -- 
    2          -0.040678132715           0.025581964675                 -- 
    3          -0.031637174419           0.010907793675                 -- 
    4          -0.031546673840           0.000095891734                 -- 
    5          -0.031540541187           0.000010522295                 -- 
    6          -0.031543917456           0.000003047202                 -- 
    7          -0.031546298574           0.000002249844                 -- 
    8          -0.031547390342           0.000001505825                 -- 
    9          -0.031547826956           0.000000853855                 -- 
   10          -0.031547990809           0.000000433909                 -- 
   11          -0.031548050234           0.000000205345                 -- 
   12          -0.031548071368           0.000000092548                 -- 
   13          -0.031548078800           0.000000040320                 -- 
   14          -0.031548081398           0.000000017107                 -- 
 
 ... end SCF calculation
 
  EIGENVALUES AND EIGENVECTORS: 
 ==============================
 
 
  Eigenvalues for: E-
 -----------------
 
    1          -4.732348741464
    2          -4.732348739542
    3          -0.309258312930
    4          -0.309258131755
    5           0.028332313537
    6           0.029446994275
    7           0.029446994275
    8           0.029684185711
    9           0.029684185711
   10           0.030711751549
   11           0.050508865744
   12           0.051714211976
   13           0.095445911778
   14           0.097754987992
   15           0.097754987992
   16           0.098304437304
   17           0.098304437304
   18           0.100958023577
   19           0.320442972154
   20           0.321895536322
   21           0.343486636806
   22           0.345559761284
   23           0.345559761284
   24           0.346051894900
   25           0.346051894900
   26           0.348603327138
   27           0.692850856445
   28           0.692850856445
   29           0.692850856455
   30           0.692850856455
   31           0.692850856479
   32           0.692850856479
   33           0.692850856480
   34           0.692850856480
   35           0.692850859111
   36           0.692850859570
   37           1.196969199327
   38           1.198615617555
   39           1.198615617555
   40           1.198971217885
   41           1.198971217885
   42           1.200822253246
   43           1.414389930778
   44           1.415139777002
   45          10.066342655179
   46          10.066807974209
 
 
  Eigenvalues for: POSITRON
 -----------------
 
    1          -0.003835192462
    2          -0.002227132153
    3           0.000083682544
    4           0.000137999784
    5           0.000208875503
    6           0.000208875503
    7           0.000258173894
    8           0.000281882010
    9           0.000281882011
   10           0.000328699356
   11           0.000328699356
   12           0.000359997340
   13           0.000426716389
   14           0.000430511565
   15           0.000430511565
   16           0.000441224399
   17           0.000442099203
   18           0.000442099203
   19           0.000571534454
   20           0.000571534462
   21           0.000592897180
   22           0.000898173051
   23           0.000898173051
   24           0.000950646528
   25           0.001035792556
   26           0.001148278431
   27           0.001148278432
   28           0.001156953303
   29           0.001243845704
   30           0.001243845704
   31           0.001458917211
   32           0.001513761413
   33           0.001513761413
   34           0.001516324689
   35           0.001516324689
   36           0.001818592713
   37           0.001818592713
   38           0.001880082921
   39           0.002186837794
   40           0.002190956726
   41           0.002975744247
   42           0.002975744247
   43           0.003844607954
   44           0.003844607954
   45           0.004072078857
   46           0.004405170762
   47           0.005277140704
   48           0.005278286260
   49           0.008647728508
   50           0.008647728508
   51           0.009973079286
   52           0.010443103071
   53           0.010443103071
   54           0.012125037507
   55           0.015134917057
   56           0.016182738175
   57           0.050070880888
   58           0.053104415685
   59           0.192224455735
   60           0.194898563903
   61           0.854811599796
   62           0.856984517345
   63           2.940583366020
   64           2.942390785183
   65          10.801734910728
   66          10.803576772935
   67     1000000.000000000000
   68     1000000.000000000000
 
  end of eigenvalues 
 
  Occupied Eigenvectors for: E-
 --------------------------- 
 
                          -4.7323        -4.7323        -0.3093        -0.3093   
 
    1     BE     S       0.421634      -0.421633       0.077489      -0.077489
    2     BE     S       0.315683      -0.315683       0.131305      -0.131305
    3     BE    Px       0.000000       0.000000      -0.000000      -0.000000
    4     BE    Py      -0.000000       0.000000       0.000000      -0.000000
    5     BE    Pz      -0.000000       0.000000      -0.000000       0.000000
    6     BE     S      -0.003458       0.003457      -0.412948       0.412951
    7     BE    Px      -0.000002      -0.000002       0.000002       0.000002
    8     BE    Py      -0.000000       0.000000       0.000000       0.000000
    9     BE    Pz       0.000000       0.000000      -0.000000       0.000000
   10     BE     S       0.001010      -0.001006      -0.353654       0.353641
   11     BE    Px       0.000003       0.000003      -0.000004      -0.000005
   12     BE    Py       0.000000       0.000000       0.000000      -0.000000
   13     BE    Pz      -0.000000      -0.000000       0.000000      -0.000000
   14     BE     S      -0.000305       0.000302      -0.015794       0.015805
   15     BE    Px      -0.000003      -0.000003       0.000005       0.000006
   16     BE    Py      -0.000000       0.000000       0.000000      -0.000000
   17     BE    Pz       0.000000       0.000000       0.000000      -0.000000
   18     BE   Dxx       0.000474      -0.000475       0.001254      -0.001253
   19     BE   Dxy       0.000000       0.000000      -0.000000       0.000000
   20     BE   Dxz       0.000000      -0.000000      -0.000000       0.000000
   21     BE   Dyy       0.000474      -0.000475       0.001254      -0.001253
   22     BE   Dyz      -0.000000       0.000000       0.000000      -0.000000
   23     BE   Dzz       0.000474      -0.000475       0.001254      -0.001253
   24     BE     S      -0.421633      -0.421634       0.077489       0.077489
   25     BE     S      -0.315683      -0.315683       0.131305       0.131305
   26     BE    Px       0.000000      -0.000000       0.000000      -0.000000
   27     BE    Py      -0.000000       0.000000      -0.000000      -0.000000
   28     BE    Pz       0.000000      -0.000000      -0.000000      -0.000000
   29     BE     S       0.003458       0.003457      -0.412948      -0.412951
   30     BE    Px      -0.000002       0.000002      -0.000002       0.000002
   31     BE    Py       0.000000      -0.000000      -0.000000      -0.000000
   32     BE    Pz      -0.000000       0.000000      -0.000000       0.000000
   33     BE     S      -0.001010      -0.001006      -0.353654      -0.353641
   34     BE    Px       0.000003      -0.000003       0.000004      -0.000005
   35     BE    Py      -0.000000       0.000000      -0.000000       0.000000
   36     BE    Pz       0.000000      -0.000000       0.000000       0.000000
   37     BE     S       0.000305       0.000302      -0.015794      -0.015805
   38     BE    Px      -0.000003       0.000003      -0.000005       0.000006
   39     BE    Py       0.000000      -0.000000       0.000000      -0.000000
   40     BE    Pz      -0.000000       0.000000       0.000000      -0.000000
   41     BE   Dxx      -0.000474      -0.000475       0.001254       0.001253
   42     BE   Dxy      -0.000000      -0.000000      -0.000000      -0.000000
   43     BE   Dxz      -0.000000      -0.000000       0.000000      -0.000000
   44     BE   Dyy      -0.000474      -0.000475       0.001254       0.001253
   45     BE   Dyz      -0.000000      -0.000000       0.000000       0.000000
   46     BE   Dzz      -0.000474      -0.000475       0.001254       0.001253
 
 
  Occupied Eigenvectors for: POSITRON
 --------------------------- 
 
                          -0.0038   
 
    1     E+     S       0.027775
    2     E+     S      -0.043661
    3     E+     S       0.092547
    4     E+     S       0.185903
    5     E+     S       0.261204
    6     E+     S       0.171453
    7     E+     S       0.118125
    8     E+     S      -0.093483
    9     E+     S      -0.005796
   10     E+     S       0.000002
   11     E+    Px      -0.188643
   12     E+    Py      -0.000000
   13     E+    Pz       0.000000
   14     E+    Px       0.060945
   15     E+    Py       0.000000
   16     E+    Pz      -0.000000
   17     E+    Px      -0.008851
   18     E+    Py      -0.000000
   19     E+    Pz       0.000000
   20     E+    Px       0.008672
   21     E+    Py       0.000000
   22     E+    Pz      -0.000000
   23     E+   Dxx      -0.039316
   24     E+   Dxy      -0.000000
   25     E+   Dxz       0.000000
   26     E+   Dyy       0.002984
   27     E+   Dyz      -0.000000
   28     E+   Dzz       0.002984
   29     E+   Dxx       0.032232
   30     E+   Dxy       0.000000
   31     E+   Dxz      -0.000000
   32     E+   Dyy       0.010192
   33     E+   Dyz       0.000000
   34     E+   Dzz       0.010192
   35     E+     S       0.027775
   36     E+     S      -0.043661
   37     E+     S       0.092547
   38     E+     S       0.185903
   39     E+     S       0.261204
   40     E+     S       0.171453
   41     E+     S       0.118125
   42     E+     S      -0.093483
   43     E+     S      -0.005796
   44     E+     S       0.000002
   45     E+    Px       0.188643
   46     E+    Py       0.000000
   47     E+    Pz      -0.000000
   48     E+    Px      -0.060945
   49     E+    Py      -0.000000
   50     E+    Pz       0.000000
   51     E+    Px       0.008851
   52     E+    Py       0.000000
   53     E+    Pz      -0.000000
   54     E+    Px      -0.008672
   55     E+    Py      -0.000000
   56     E+    Pz      -0.000000
   57     E+   Dxx      -0.039316
   58     E+   Dxy      -0.000000
   59     E+   Dxz       0.000000
   60     E+   Dyy       0.002984
   61     E+   Dyz       0.000000
   62     E+   Dzz       0.002984
   63     E+   Dxx       0.032232
   64     E+   Dxy       0.000000
   65     E+   Dxz       0.000000
   66     E+   Dyy       0.010192
   67     E+   Dyz      -0.000000
   68     E+   Dzz       0.010192
 
 
  end of eigenvectors 
 
  END OF EIGENVALUES AND EIGENVECTORS
 
 
  COMPONENTS OF KINETIC ENERGY: 
 -----------------------------
 
                  E- Kinetic energy =           29.142628634473
            POSITRON Kinetic energy =            0.014354774767
                                     _________________________
               Total kinetic energy =           29.156983409240
 
  COMPONENTS OF POTENTIAL ENERGY: 
 -------------------------------
 
          Fixed potential energy    =            0.629921259843
 
  Quantum/Fixed interaction energy: 
 ----------------------------------
 
          E-/Fixed interact. energy =          -68.523826786528
    POSITRON/Fixed interact. energy =            0.740527375718
                                     _________________________
               Total Q/Fixed energy =          -67.783299410810
 
  Coulomb energy: 
 ------------------
 
               E-/E- Hartree energy =           14.940494603655
   POSITRON/POSITRON Hartree energy =            0.000000000000
         E-/POSITRON Hartree energy =           -0.731004454333
                                     _________________________
               Total Hartree energy =           14.209490149323
 
  Exchange(HF) energy: 
 ----------------------
 
                 E- Exchange energy =           -5.333109448323
           POSITRON Exchange energy =            0.000000000000
                                     _________________________
              Total Exchange energy =           -5.333109448323
 
  External Potential energy: 
 ----------------------------
 
                  E- Ext Pot energy =            0.000000000000
            POSITRON Ext Pot energy =           -0.027712888936
                                     _________________________
    Total External Potential energy =           -0.027712888936
 
  TOTAL ENERGY COMPONENTS: 
 ==========================
 
          TOTAL KINETIC ENERGY      =           29.156983409240
          TOTAL POTENTIAL ENERGY    =          -58.304710338903
                                     _________________________
                       TOTAL ENERGY =          -29.147726929664
 
                 VIRIAL RATIO (V/T) =            1.999682529587
 
 
  END ENERGY COMPONENTS
 
 
** TOTAL CPU Time SCF :      1.072 (s)
** TOTAL Elapsed Time SCF :      0.366 (s)
 
 We are calculating properties for E- in the HF/KS ground state
 We are calculating properties for POSITRON in the HF/KS ground state
 
  POPULATION ANALYSES: 
 ====================
 
 MULLIKEN Population: for E-        
 ---------------------
 
                                    
 
    1     BE     S       1.166391
    2     BE     S       0.823588
    3     BE    Px      -0.000000
    4     BE    Py       0.000000
    5     BE    Pz       0.000000
    6     BE     S       1.043694
    7     BE    Px      -0.000000
    8     BE    Py       0.000000
    9     BE    Pz       0.000000
   10     BE     S       0.942124
   11     BE    Px       0.000000
   12     BE    Py       0.000000
   13     BE    Pz       0.000000
   14     BE     S       0.031424
   15     BE    Px      -0.000000
   16     BE    Py       0.000000
   17     BE    Pz      -0.000000
   18     BE   Dxx      -0.002407
   19     BE   Dxy       0.000000
   20     BE   Dxz       0.000000
   21     BE   Dyy      -0.002407
   22     BE   Dyz       0.000000
   23     BE   Dzz      -0.002407
   24     BE     S       1.166391
   25     BE     S       0.823588
   26     BE    Px      -0.000000
   27     BE    Py      -0.000000
   28     BE    Pz      -0.000000
   29     BE     S       1.043694
   30     BE    Px      -0.000000
   31     BE    Py       0.000000
   32     BE    Pz       0.000000
   33     BE     S       0.942124
   34     BE    Px       0.000000
   35     BE    Py      -0.000000
   36     BE    Pz       0.000000
   37     BE     S       0.031424
   38     BE    Px      -0.000000
   39     BE    Py       0.000000
   40     BE    Pz       0.000000
   41     BE   Dxx      -0.002407
   42     BE   Dxy       0.000000
   43     BE   Dxz       0.000000
   44     BE   Dyy      -0.002407
   45     BE   Dyz       0.000000
   46     BE   Dzz      -0.002407
 
                           __________
              Total =        8.000000
 
  Atomic MULLIKEN Population: for E-        
            BE               4.000000
            BE               4.000000
 
 ...end of MULLIKEN Population
 
 
 END POPULATION ANALYSES 
 
 
  POPULATION ANALYSES: 
 ====================
 
 LOWDIN Population: for E-        
 ---------------------
 
                                    
 
    1     BE     S       1.101745
    2     BE     S       0.875944
    3     BE    Px       0.000000
    4     BE    Py       0.000000
    5     BE    Pz      -0.000000
    6     BE     S       0.590908
    7     BE    Px       0.000000
    8     BE    Py       0.000000
    9     BE    Pz       0.000000
   10     BE     S       0.553019
   11     BE    Px       0.000000
   12     BE    Py       0.000000
   13     BE    Pz      -0.000000
   14     BE     S       0.204210
   15     BE    Px       0.000000
   16     BE    Py       0.000000
   17     BE    Pz      -0.000000
   18     BE   Dxx       0.224724
   19     BE   Dxy       0.000000
   20     BE   Dxz      -0.000000
   21     BE   Dyy       0.224724
   22     BE   Dyz       0.000000
   23     BE   Dzz       0.224724
   24     BE     S       1.101745
   25     BE     S       0.875944
   26     BE    Px       0.000000
   27     BE    Py      -0.000000
   28     BE    Pz      -0.000000
   29     BE     S       0.590908
   30     BE    Px       0.000000
   31     BE    Py      -0.000000
   32     BE    Pz       0.000000
   33     BE     S       0.553019
   34     BE    Px       0.000000
   35     BE    Py      -0.000000
   36     BE    Pz       0.000000
   37     BE     S       0.204210
   38     BE    Px       0.000000
   39     BE    Py      -0.000000
   40     BE    Pz       0.000000
   41     BE   Dxx       0.224724
   42     BE   Dxy       0.000000
   43     BE   Dxz       0.000000
   44     BE   Dyy       0.224724
   45     BE   Dyz       0.000000
   46     BE   Dzz       0.224724
 
                           __________
              Total =        8.000000
 
  Atomic LOWDIN Population: for E-        
            BE               4.000000
            BE               4.000000
 
 ...end of LOWDIN Population
 
 
 END POPULATION ANALYSES 
 
 
  POPULATION ANALYSES: 
 ====================
 
 MULLIKEN Population: for POSITRON  
 ---------------------
 
                                    
 
    1     E+     S       0.006051
    2     E+     S      -0.018177
    3     E+     S       0.059740
    4     E+     S       0.139794
    5     E+     S       0.184127
    6     E+     S       0.097730
    7     E+     S       0.042971
    8     E+     S      -0.015382
    9     E+     S      -0.000302
   10     E+     S       0.000000
   11     E+    Px      -0.009649
   12     E+    Py      -0.000000
   13     E+    Pz       0.000000
   14     E+    Px       0.009065
   15     E+    Py       0.000000
   16     E+    Pz       0.000000
   17     E+    Px      -0.002612
   18     E+    Py      -0.000000
   19     E+    Pz      -0.000000
   20     E+    Px       0.002585
   21     E+    Py      -0.000000
   22     E+    Pz       0.000000
   23     E+   Dxx      -0.001021
   24     E+   Dxy       0.000000
   25     E+   Dxz       0.000000
   26     E+   Dyy       0.000035
   27     E+   Dyz       0.000000
   28     E+   Dzz       0.000035
   29     E+   Dxx       0.003903
   30     E+   Dxy       0.000000
   31     E+   Dxz      -0.000000
   32     E+   Dyy       0.000553
   33     E+   Dyz      -0.000000
   34     E+   Dzz       0.000553
   35     E+     S       0.006051
   36     E+     S      -0.018177
   37     E+     S       0.059740
   38     E+     S       0.139794
   39     E+     S       0.184127
   40     E+     S       0.097730
   41     E+     S       0.042971
   42     E+     S      -0.015382
   43     E+     S      -0.000302
   44     E+     S       0.000000
   45     E+    Px      -0.009649
   46     E+    Py       0.000000
   47     E+    Pz      -0.000000
   48     E+    Px       0.009065
   49     E+    Py      -0.000000
   50     E+    Pz       0.000000
   51     E+    Px      -0.002612
   52     E+    Py       0.000000
   53     E+    Pz      -0.000000
   54     E+    Px       0.002585
   55     E+    Py      -0.000000
   56     E+    Pz       0.000000
   57     E+   Dxx      -0.001021
   58     E+   Dxy       0.000000
   59     E+   Dxz       0.000000
   60     E+   Dyy       0.000035
   61     E+   Dyz      -0.000000
   62     E+   Dzz       0.000035
   63     E+   Dxx       0.003903
   64     E+   Dxy       0.000000
   65     E+   Dxz       0.000000
   66     E+   Dyy       0.000553
   67     E+   Dyz       0.000000
   68     E+   Dzz       0.000553
 
                           __________
              Total =        1.000000
 
  Atomic MULLIKEN Population: for POSITRON  
            BE               0.500000
            BE               0.500000
 
 ...end of MULLIKEN Population
 
 
 END POPULATION ANALYSES 
 
 
  POPULATION ANALYSES: 
 ====================
 
 LOWDIN Population: for POSITRON  
 ---------------------
 
                                    
 
    1     E+     S       0.002510
    2     E+     S       0.012946
    3     E+     S       0.057116
    4     E+     S       0.127302
    5     E+     S       0.148633
    6     E+     S       0.099003
    7     E+     S       0.029839
    8     E+     S       0.000492
    9     E+     S       0.000154
   10     E+     S       0.000019
   11     E+    Px       0.000158
   12     E+    Py       0.000000
   13     E+    Pz       0.000000
   14     E+    Px       0.002013
   15     E+    Py      -0.000000
   16     E+    Pz       0.000000
   17     E+    Px       0.009407
   18     E+    Py       0.000000
   19     E+    Pz       0.000000
   20     E+    Px       0.009623
   21     E+    Py       0.000000
   22     E+    Pz       0.000000
   23     E+   Dxx       0.000000
   24     E+   Dxy       0.000000
   25     E+   Dxz       0.000000
   26     E+   Dyy       0.000006
   27     E+   Dyz       0.000000
   28     E+   Dzz       0.000006
   29     E+   Dxx       0.000638
   30     E+   Dxy       0.000000
   31     E+   Dxz      -0.000000
   32     E+   Dyy       0.000067
   33     E+   Dyz       0.000000
   34     E+   Dzz       0.000067
   35     E+     S       0.002510
   36     E+     S       0.012946
   37     E+     S       0.057116
   38     E+     S       0.127302
   39     E+     S       0.148633
   40     E+     S       0.099003
   41     E+     S       0.029839
   42     E+     S       0.000492
   43     E+     S       0.000154
   44     E+     S       0.000019
   45     E+    Px       0.000158
   46     E+    Py       0.000000
   47     E+    Pz       0.000000
   48     E+    Px       0.002013
   49     E+    Py      -0.000000
   50     E+    Pz       0.000000
   51     E+    Px       0.009407
   52     E+    Py       0.000000
   53     E+    Pz       0.000000
   54     E+    Px       0.009623
   55     E+    Py       0.000000
   56     E+    Pz       0.000000
   57     E+   Dxx       0.000000
   58     E+   Dxy       0.000000
   59     E+   Dxz       0.000000
   60     E+   Dyy       0.000006
   61     E+   Dyz       0.000000
   62     E+   Dzz       0.000006
   63     E+   Dxx       0.000638
   64     E+   Dxy       0.000000
   65     E+   Dxz       0.000000
   66     E+   Dyy       0.000067
   67     E+   Dyz       0.000000
   68     E+   Dzz       0.000067
 
                           __________
              Total =        1.000000
 
  Atomic LOWDIN Population: for POSITRON  
            BE               0.500000
            BE               0.500000
 
 ...end of LOWDIN Population
 
 
 END POPULATION ANALYSES 
 
 
  EXPECTED POSITIONS OF QUANTUM SPECIES:
 ======================
 
 POSITIONS IN ANGSTROMS
 ------
 
                        <x>      <y>      <z>         
                 E-  53.7644  -0.0000   0.0000
           POSITRON   6.7206  -0.0000  -0.0000
 
 END EXPECTED POSITIONS
 
 
  ELECTROSTATIC MOMENTS:
 ======================
 
 
 DIPOLE: (A.U.)
 ------
 
                           <Dx>         <Dy>         <Dz>          |D|
                 E--101.60000000   0.00000000  -0.00000000
           POSITRON  12.70000000  -0.00000000  -0.00000000
    Point charges:  101.60000000   0.00000000   0.00000000
                     ____________________________
      Total Dipole:  12.70000000  -0.00000000  -0.00000000  12.70000000
 
 DIPOLE: (DEBYE)
 ------
 
                           <Dx>         <Dy>         <Dz>          |D|
                 E--258.24140778   0.00000000  -0.00000000
           POSITRON  32.28017597  -0.00000000  -0.00000000
    Point charges:  258.24140778   0.00000000   0.00000000
                     ____________________________
      Total Dipole:  32.28017597  -0.00000000  -0.00000000  32.28017597
 
 QUADRUPOLE NON-TRACELESS: (DEBYE ANGS)
 ------
 
                           <xx>         <yy>         <zz>         <xy>         <xz>         <yz>
                 E--3486.59232474  -15.54360993  -15.54360993   -0.00000000   -0.00000000    0.00000000
           POSITRON  720.85624613   63.42765351   63.42765351    0.00000000    0.00000000   -0.00000000
    Point charges:  3471.04874033    0.00000000    0.00000000    0.00000000    0.00000000    0.00000000
  Total Quadrupole:  705.31266171   47.88404358   47.88404358   -0.00000000    0.00000000   -0.00000000
                     ____________________________
 
 END ELECTROSTATIC MOMENTS
 

  TOTAL CPU Time:      0.259 (s)
 TOTAL Wall Time:      0.416 (s)
  Elapsed Time:   0h  0m  0s 416ms
LOWDIN execution terminated normally at : Tue Nov 26 15:31:26 2024
-rw-rw-r-- 1 pohl pohl 704K nov 26 15:31 0E-.ints
-rw-rw-r-- 1 pohl pohl 2.8M nov 26 15:31 0E-.POSITRON.ints
-rw-rw-r-- 1 pohl pohl 2.1M nov 26 15:31 0POSITRON.ints
-rw-rw-r-- 1 pohl pohl 704K nov 26 15:31 1E-.ints
-rw-rw-r-- 1 pohl pohl 2.8M nov 26 15:31 1E-.POSITRON.ints
-rw-rw-r-- 1 pohl pohl 2.1M nov 26 15:31 1POSITRON.ints
-rw-rw-r-- 1 pohl pohl 704K nov 26 15:31 2E-.ints
-rw-rw-r-- 1 pohl pohl 2.8M nov 26 15:31 2E-.POSITRON.ints
-rw-rw-r-- 1 pohl pohl 2.1M nov 26 15:31 2POSITRON.ints
-rw-rw-r-- 1 pohl pohl 704K nov 26 15:31 3E-.ints
-rw-rw-r-- 1 pohl pohl 2.8M nov 26 15:31 3E-.POSITRON.ints
-rw-rw-r-- 1 pohl pohl 2.1M nov 26 15:31 3POSITRON.ints
-rw-rw-r-- 1 pohl pohl   12 nov 26 15:31 E-.POSITRON.nints
-rw-rw-r-- 1 pohl pohl   65 nov 26 15:31 gepol.inp
-rw-rw-r-- 1 pohl pohl   91 nov 26 15:31 gepol.xyzr
-rw-rw-r-- 1 pohl pohl 9.5K nov 26 15:31 lowdin.bas
-rw-rw-r-- 1 pohl pohl  16K nov 26 15:31 lowdin.dat
-rw-rw-r-- 1 pohl pohl 691K nov 26 15:31 lowdin.opints
-rw-rw-r-- 1 pohl pohl  26K nov 26 15:31 lowdin.sys
-rw-rw-r-- 1 pohl pohl 689K nov 26 15:31 lowdin.wfn
-rw-rw-r-- 1 pohl pohl  499 nov 26 15:31 usual_118
-rw-rw-r-- 1 pohl pohl 1.8K nov 26 15:31 usual_118.aux
-rw-rw-r-- 1 pohl pohl  504 nov 26 15:31 usual_118.lowdin
-rw-rw-r-- 1 pohl pohl  46K nov 26 15:31 usual_118.out
-rw-rw-r-- 1 pohl pohl  54K nov 26 15:31 usual_118.vec
