Begin job by input: usual_214.lowdin, for user:   at  mar 26 nov 2024 15:32:18 -05
under operating system Linux helios 5.19.0-46-generic #47-Ubuntu SMP PREEMPT_DYNAMIC Fri Jun 16 13:30:11 UTC 2023 x86_64 x86_64 x86_64 GNU/Linux
Compilation information
  commit: f31d3924f6ee2ce9d77f07edcc1ba27359319d14
  compilation date:  mar 17 sep 2024 16:16:17 -05

BEGIN INPUT INFO:
------------------------------------

GEOMETRY
	Be	Dirac	0.0 0.0 0.0
	e-(Be)	6-311++G.d.p 0.0 0.0 0.0
	E+	GRIBAKIN-10S4P2D 0.0 0.0 0.0
	Be	Dirac	44.6 0.0 0.0
	e-(Be)	6-311++G.d.p	44.6 0.0 0.0
	E+	GRIBAKIN-10S4P2D 44.6 0.0 0.0 addParticles=-1 
END GEOMETRY

TASKS
        method = "RHF"
END TASKS

EXTERPOTENTIAL
	E- GRIBAKIN0
	E+ JOR214
END EXTERPOTENTIAL

CONTROL
	units="BOHRS"
	readCoefficients=F
	convergenceMethod=1
	overlapEigenThreshold=1E-6
	SCFGhostSpecies="POSITRON"
	HFprintEigenvalues=T
	totalEnergyTolerance = 1E-9
END CONTROL


... END INPUT INFO


 LOWDIN execution started at : Tue Nov 26 15:32:18 2024
 ---------------------------------------------------------------
 
 ***************************************************************
 *                   LOWDIN 2.0  (May/2013)                    *
 *                                                             *
 *  R. FLORES-MORENO, E. F. POSADA, F. S. MONCADA, J.ROMERO,   *
 *  J. CHARRY, M. DIAZ-TINOCO, S. A. GONZALEZ, N. F. AGUIRRE,  *
 *  A. REYES                                                   *
 *                                                             *
 *  https://sites.google.com/site/lowdinproject/               *
 *                                                             *
 ***************************************************************
 
 PARSING INPUT... DONE!
 
 LOWDIN IS RUNNING WITH NEXT PARAMETERS: 
 ----------------------------------------
 
         METHOD TYPE:  RHF
         NUMBER OF CORES:     4
         NONELECTRONIC DENSITY GUESS: HCORE
         ELECTRONIC DENSITY GUESS: HCORE
         CRITERIUM OF CONVERGENCE: ENERGY
         NONELECTRONIC ENERGY TOLERANCE IN SCFs:     0.10000E-07
         ELECTRONIC ENERGY TOLERANCE IN SCFs:     0.10000E-07
         TOTAL ENERGY TOLERANCE IN SCFs:     0.10000E-08
         SCHEME OF ITERATION: GLOBAL ITERATIONS
         SCF MAX. SUBITERATIONS - NONELECTRONS :     1
         SCF MAX. SUBITERATIONS - ELECTRONS :     1
         SCF MAX. ITERATIONS - INTERSPECIES :   200
         INTEGRAL STORAGE: DISK
         STACK SIZE FOR ERIS : 30000
         METHOD OF SCF CONVERGENCE: DAMPING
 
  MOLECULAR SYSTEM: usual_214
 -----------------
 
    DESCRIPTION   : usual_214
    CHARGE        :   2
    PUNTUAL GROUP : NONE
 
 
  INFORMATION OF PARTICLES :
 =========================
         Total number of particles   =      11
         Number of quantum particles =       9
         Number of puntual charges   =       2
         Number of quantum species   =       2
 
                 INFORMATION OF QUANTUM SPECIES 
    ----------------------------------------------------------------------
         ID      Symbol            mass     charge      omega     spin     multiplicity
    ----------------------------------------------------------------------
         1             E-         1.0000     -1.00      0.00      0.50      1.00
         2             E+         1.0000      1.00      0.00      0.50      1.00
 
                   CONSTANTS OF COUPLING 
      ------------------------------------------------------------
              Symbol      kappa        eta     lambda occupation
      ------------------------------------------------------------
                  E-      -1.00       2.00       2.00       4.00
                  E+      -1.00       1.00       1.00       1.00
 
                   BASIS SET FOR SPECIES 
      ------------------------------------------------------------
           Symbol          N. Basis     N. Particles     Basis Set
      ------------------------------------------------------------
                 E-           20                8     6-311++G.D
                 E+           32                1     GRIBAKIN-1
 
                                ATOMIC BASIS
         ------------------------------------------------------------
          PRIMITIVE   SHELL             EXPONENT         COEFFICIENT 
         ------------------------------------------------------------
 
    BEGIN DESCRIPTION OF BASIS FOR:    E-
    ==============================
 
 
            BE BASIS SET:   6-311++G.D.P
             1         S             1682.80000000          0.00228574
             2         S              251.71500000          0.01759380
             3         S               57.41160000          0.08633150
             4         S               16.51710000          0.28183500
             5         S                4.85364000          0.64059400
             6         S                0.62686300          0.14446700
             1         S                8.30938000          0.10862100
             2         S                1.74075000          0.92730100
             3         S                0.48581600         -0.00297169
             1         P                8.30938000          0.03613440
             2         P                1.74075000          0.21695800
             3         P                0.48581600          0.84183900
             1         S                0.16361300          1.00000000
             1         P                0.16361300          1.00000000
             1         S                0.05672850          1.00000000
             1         P                0.05672850          1.00000000
             1         S                0.02070000          1.00000000
             1         P                0.02070000          1.00000000
             1         D                0.25500000          1.00000000
 
            BE BASIS SET:   6-311++G.D.P
             1         S             1682.80000000          0.00228574
             2         S              251.71500000          0.01759380
             3         S               57.41160000          0.08633150
             4         S               16.51710000          0.28183500
             5         S                4.85364000          0.64059400
             6         S                0.62686300          0.14446700
             1         S                8.30938000          0.10862100
             2         S                1.74075000          0.92730100
             3         S                0.48581600         -0.00297169
             1         P                8.30938000          0.03613440
             2         P                1.74075000          0.21695800
             3         P                0.48581600          0.84183900
             1         S                0.16361300          1.00000000
             1         P                0.16361300          1.00000000
             1         S                0.05672850          1.00000000
             1         P                0.05672850          1.00000000
             1         S                0.02070000          1.00000000
             1         P                0.02070000          1.00000000
             1         D                0.25500000          1.00000000
    ... END DESCRIPTION OF BASIS
 
 
    BEGIN DESCRIPTION OF BASIS FOR:    E+
    ==============================
 
 
            E+ BASIS SET:GRIBAKIN-10S4P2
             1         S                0.00010000          1.00000000
             1         S                0.00030000          1.00000000
             1         S                0.00090000          1.00000000
             1         S                0.00270000          1.00000000
             1         S                0.00810000          1.00000000
             1         S                0.02430000          1.00000000
             1         S                0.07290000          1.00000000
             1         S                0.21870000          1.00000000
             1         S                0.65610000          1.00000000
             1         S                1.96830000          1.00000000
             1         P                0.00010000          1.00000000
             1         P                0.00030000          1.00000000
             1         P                0.00090000          1.00000000
             1         P                0.00270000          1.00000000
             1         D                0.00010000          1.00000000
             1         D                0.00030000          1.00000000
 
            E+ BASIS SET:GRIBAKIN-10S4P2
             1         S                0.00010000          1.00000000
             1         S                0.00030000          1.00000000
             1         S                0.00090000          1.00000000
             1         S                0.00270000          1.00000000
             1         S                0.00810000          1.00000000
             1         S                0.02430000          1.00000000
             1         S                0.07290000          1.00000000
             1         S                0.21870000          1.00000000
             1         S                0.65610000          1.00000000
             1         S                1.96830000          1.00000000
             1         P                0.00010000          1.00000000
             1         P                0.00030000          1.00000000
             1         P                0.00090000          1.00000000
             1         P                0.00270000          1.00000000
             1         D                0.00010000          1.00000000
             1         D                0.00030000          1.00000000
    ... END DESCRIPTION OF BASIS
 
 
  END INFORMATION OF PARTICLES
 
 
  INFORMATION OF THE QUANTUM SYSTEM 
     ---------------------------------------------------------------------
                 ID     Occupied Orbitals     Basis size
     ---------------------------------------------------------------------
                 E-            4               46
                 E+            1               68
 
  END INFORMATION OF QUANTUM SYSTEM
 
 
  INFORMATION OF EXTERNAL POTENTIALS 
 
 =======
 External Potential for E- : GRIBAKIN0
 Type : 
                     Exponent         l       R_x       R_y       R_z              Factor
                 0.0010000000         0   0.00000   0.00000   0.00000        0.0000000000
 
 =======
 External Potential for E+ : JOR214
 Type : 
                     Exponent         l       R_x       R_y       R_z              Factor
                 0.0010000000         0   0.00000   0.00000   0.00000       -0.0004852612
                 0.0020000000         0   0.00000   0.00000   0.00000        0.0024441783
                 0.0040000000         0   0.00000   0.00000   0.00000       -0.0075448874
                 0.0080000000         0   0.00000   0.00000   0.00000        0.0157738437
                 0.0160000000         0   0.00000   0.00000   0.00000       -0.0371036225
                 0.0320000000         0   0.00000   0.00000   0.00000        0.0538567205
                 0.0640000000         0   0.00000   0.00000   0.00000       -0.1977562620
                 0.1280000000         0   0.00000   0.00000   0.00000        0.1521150960
                 0.2560000000         0   0.00000   0.00000   0.00000       -2.2309931100
                 0.5120000000         0   0.00000   0.00000   0.00000        7.1544406100
                 1.0000000000         0   0.00000   0.00000   0.00000      -16.4610761000
                 2.0000000000         0   0.00000   0.00000   0.00000      120.0674500000
                 3.0000000000         0   0.00000   0.00000   0.00000    -1010.4441400000
                 4.0000000000         0   0.00000   0.00000   0.00000     5912.5175500000
                 5.0000000000         0   0.00000   0.00000   0.00000   -22883.6471000000
                 6.0000000000         0   0.00000   0.00000   0.00000    58320.2479000000
                 7.0000000000         0   0.00000   0.00000   0.00000   -96733.7399000000
                 8.0000000000         0   0.00000   0.00000   0.00000   100515.5930000000
                 9.0000000000         0   0.00000   0.00000   0.00000   -59492.9273000000
                10.0000000000         0   0.00000   0.00000   0.00000    15337.5181000000
                20.0000000000         0   0.00000   0.00000   0.00000     -108.3194530000
                30.0000000000         0   0.00000   0.00000   0.00000       58.7242217000
                40.0000000000         0   0.00000   0.00000   0.00000      -33.9818623000
                50.0000000000         0   0.00000   0.00000   0.00000       10.1503518000
               100.0000000000         0   0.00000   0.00000   0.00000       -0.2039701810
                 0.0010000000         0  44.60000   0.00000   0.00000       -0.0004852612
                 0.0020000000         0  44.60000   0.00000   0.00000        0.0024441783
                 0.0040000000         0  44.60000   0.00000   0.00000       -0.0075448874
                 0.0080000000         0  44.60000   0.00000   0.00000        0.0157738437
                 0.0160000000         0  44.60000   0.00000   0.00000       -0.0371036225
                 0.0320000000         0  44.60000   0.00000   0.00000        0.0538567205
                 0.0640000000         0  44.60000   0.00000   0.00000       -0.1977562620
                 0.1280000000         0  44.60000   0.00000   0.00000        0.1521150960
                 0.2560000000         0  44.60000   0.00000   0.00000       -2.2309931100
                 0.5120000000         0  44.60000   0.00000   0.00000        7.1544406100
                 1.0000000000         0  44.60000   0.00000   0.00000      -16.4610761000
                 2.0000000000         0  44.60000   0.00000   0.00000      120.0674500000
                 3.0000000000         0  44.60000   0.00000   0.00000    -1010.4441400000
                 4.0000000000         0  44.60000   0.00000   0.00000     5912.5175500000
                 5.0000000000         0  44.60000   0.00000   0.00000   -22883.6471000000
                 6.0000000000         0  44.60000   0.00000   0.00000    58320.2479000000
                 7.0000000000         0  44.60000   0.00000   0.00000   -96733.7399000000
                 8.0000000000         0  44.60000   0.00000   0.00000   100515.5930000000
                 9.0000000000         0  44.60000   0.00000   0.00000   -59492.9273000000
                10.0000000000         0  44.60000   0.00000   0.00000    15337.5181000000
                20.0000000000         0  44.60000   0.00000   0.00000     -108.3194530000
                30.0000000000         0  44.60000   0.00000   0.00000       58.7242217000
                40.0000000000         0  44.60000   0.00000   0.00000      -33.9818623000
                50.0000000000         0  44.60000   0.00000   0.00000       10.1503518000
               100.0000000000         0  44.60000   0.00000   0.00000       -0.2039701810
 
  END INFORMATION OF EXTERNAL POTENTIALS
 
                       INITIAL GEOMETRY: AMSTRONG
                 -----------------------------------
                       <x>                 <y>                 <z>
      E-BE        0.0000000000        0.0000000000        0.0000000000
      E-BE       23.6013053161        0.0000000000        0.0000000000
        E+        0.0000000000        0.0000000000        0.0000000000
        E+       23.6013053161        0.0000000000        0.0000000000
        BE        0.0000000000        0.0000000000        0.0000000000
        BE       23.6013053161        0.0000000000        0.0000000000
 
                     MATRIX OF DISTANCE: ANGSTROM
                 -----------------------------------
                          BE(1)          BE(2)     
 
        BE(1)            0.000000      23.601305
        BE(2)           23.601305       0.000000
 
--------------------------------------------------------------------------------
** PROGRAM: SCF (Hartree Fock).     Author: S.A. Gonzalez, E. Posada, F. Moncada
--------------------------------------------------------------------------------
INFO: RUNNING IN RHF MODE.
 
----------------------------------------------------------------------
** PROGRAM INTS                          Author: E. F. Posada, 2013   
----------------------------------------------------------------------
INFO: RUNNING IN ONE_PARTICLE MODE.
 
 Number of Overlap integrals for species E-:   2116
 Number of Overlap integrals for species POSITRON:   4624
 Number of Kinetic integrals for species E-:   2116
 Number of Kinetic integrals for species POSITRON:   4624
 Number of Nuclear integrals for species E-:   2116
 Number of Nuclear integrals for species POSITRON:   4624
 Number of Moment integrals for species E-:   6348
 Number of Moment integrals for species POSITRON:  13872
 Number of 3C Overlap integrals for species E-:   2116
 Number of 3C Overlap integrals for species POSITRON:   4624
 
** TOTAL CPU Time INTS :      0.390 (s)
** TOTAL Elapsed Time INTS :      0.153 (s)
 
Removed     1 orbitals for species POSITRON with overlap eigen threshold of 1.000E-06
       Usign  HCORE density guess for species:         E-
     number of         E-     particles in guess density matrix:     8.000000
       Usign  HCORE density guess for species:   POSITRON
     number of   POSITRON     particles in guess density matrix:     0.000000
 Warning!, density matrix with deviation from number of particles    1.000000
 Number of unique integrals for species: 1 = 33700
 Number of unique integrals for species: 2 = 285490
 Number of unique integrals for species: 1 / 2 = 317965 Screened: 32289
 
 TWO-BODY INTEGRAL SETUP: 
------------------------- 
 Storage:   DISK
 Scheme: LIBINT
 Stack size:  30000
 
 LIBINT library, Fermann, J. T.; Valeev, F. L. 2010                   
 LOWDIN-LIBINT Implementation V. 2.1  Posada E. F. ; Reyes A. 2016   
 ----------------------------------------------------------------------

*** TOTAL CPU time intra-species integrals :      0.326 (s)
*** TOTAL elapsed time intra-species integrals :      0.050 (s)


*** TOTAL CPU time inter-species integrals :      0.540 (s)
*** TOTAL elapsed time inter-species integrals :      0.084 (s)

INFO: RUNNING SCHEME SIMULTANEOUS
 
 Begin Multi-Species SCF calculation:
 
 --------------------------------------------------------------------------------------------------
      Iteration                   Energy            Energy Change           Density Change
 --------------------------------------------------------------------------------------------------
              1         -27.550106655406          27.550106655406           0.323613868207
              2         -29.115341702611           1.565235047205           0.022795445966
              3         -29.140839433698           0.025497731088           0.007146173213
              4         -29.146438798707           0.005599365008           0.003023218156
              5         -29.147089358826           0.000650560120           0.000231008153
              6         -29.147086652957          -0.000002705870           0.000057367979
              7         -29.147086289350          -0.000000363607           0.000014664820
              8         -29.147086372512           0.000000083161           0.000003962192
              9         -29.147086453009           0.000000080497           0.000001196558
             10         -29.147086492804           0.000000039795           0.000000383479
             11         -29.147086509265           0.000000016461           0.000000129499
             12         -29.147086515558           0.000000006293           0.000000045728
             13         -29.147086517866           0.000000002308           0.000000016706
             14         -29.147086518692           0.000000000826           0.000000006248
 Total energy converged after  14 global iterations                                                  
 
 ...end Multi-Species SCF calculation
 
 
 Begin SCF calculation by: E-
 -------------------------
 
 -----------------------------------------------------------------------------------
 Iteration                   Energy           Density Change         DIIS Error 
 -----------------------------------------------------------------------------------
    1         -29.380878852617           0.020010369384                 -- 
    2         -29.481405776581           0.003552669860                 -- 
    3         -29.498521226326           0.000809518897                 -- 
    4         -29.501824739634           0.000201648515                 -- 
    5         -29.502478403225           0.000052339761                 -- 
    6         -29.502607200803           0.000013989340                 -- 
    7         -29.502631621599           0.000003853861                 -- 
    8         -29.502635773682           0.000001098851                 -- 
    9         -29.502636273008           0.000000325281                 -- 
   10         -29.502636238826           0.000000099979                 -- 
   11         -29.502636181214           0.000000031817                 -- 
   12         -29.502636151246           0.000000010434                 -- 
   13         -29.502636138730           0.000000003507                 -- 
 
 ... end SCF calculation
 
 Begin SCF calculation by: POSITRON
 -------------------------
 
 -----------------------------------------------------------------------------------
 Iteration                   Energy           Density Change         DIIS Error 
 -----------------------------------------------------------------------------------
    1          -0.063401521895           0.002785076582                 -- 
    2          -0.043185949537           0.003593503352                 -- 
    3          -0.031329529013           0.002213699259                 -- 
    4          -0.031137674884           0.000029359638                 -- 
    5          -0.031104021611           0.000005028218                 -- 
    6          -0.031099535229           0.000000675480                 -- 
    7          -0.031099565058           0.000000108331                 -- 
    8          -0.031099925021           0.000000097707                 -- 
    9          -0.031100125975           0.000000058198                 -- 
   10          -0.031100211757           0.000000029520                 -- 
   11          -0.031100244712           0.000000013911                 -- 
   12          -0.031100256703           0.000000006273                 -- 
   13          -0.031100260929           0.000000002741                 -- 
 
 ... end SCF calculation
 
  EIGENVALUES AND EIGENVECTORS: 
 ==============================
 
 
  Eigenvalues for: E-
 -----------------
 
    1          -4.732348739210
    2          -4.732348739210
    3          -0.309258221869
    4          -0.309258221869
    5           0.029565769849
    6           0.029565783352
    7           0.029565783352
    8           0.029565784744
    9           0.029565784744
   10           0.029565798241
   11           0.051096231797
   12           0.051096238101
   13           0.098028606008
   14           0.098028632772
   15           0.098028632772
   16           0.098028635316
   17           0.098028635316
   18           0.098028662074
   19           0.321204929185
   20           0.321204933488
   21           0.345804668536
   22           0.345804685943
   23           0.345804685943
   24           0.345804687323
   25           0.345804687323
   26           0.345804704727
   27           0.692850857169
   28           0.692850857169
   29           0.692850857169
   30           0.692850857169
   31           0.692850857169
   32           0.692850857169
   33           0.692850857169
   34           0.692850857169
   35           0.692850857169
   36           0.692850857169
   37           1.198792697798
   38           1.198792707194
   39           1.198792707194
   40           1.198792707793
   41           1.198792707793
   42           1.198792717187
   43           1.414741300321
   44           1.414741301550
   45          10.066564140817
   46          10.066564141367
 
 
  Eigenvalues for: POSITRON
 -----------------
 
    1          -0.003194782012
    2          -0.002996655335
    3           0.000084563214
    4           0.000135367109
    5           0.000207094940
    6           0.000207094940
    7           0.000258206411
    8           0.000280150802
    9           0.000280150802
   10           0.000325109815
   11           0.000325109815
   12           0.000363652403
   13           0.000408106365
   14           0.000426663764
   15           0.000426663764
   16           0.000436229540
   17           0.000437226025
   18           0.000437226025
   19           0.000565141142
   20           0.000565141142
   21           0.000591961648
   22           0.000883048549
   23           0.000883048549
   24           0.000958986087
   25           0.001025275411
   26           0.001129029689
   27           0.001129029689
   28           0.001148873701
   29           0.001222233288
   30           0.001222233288
   31           0.001242239274
   32           0.001486750083
   33           0.001486750083
   34           0.001489510749
   35           0.001489510749
   36           0.001780580416
   37           0.001780580416
   38           0.001826063858
   39           0.002106626375
   40           0.002157316854
   41           0.002393298040
   42           0.002909195019
   43           0.002909195019
   44           0.003593607683
   45           0.003593607683
   46           0.003596877665
   47           0.004550760557
   48           0.005022190295
   49           0.005519133810
   50           0.008827324145
   51           0.009200811254
   52           0.009200811254
   53           0.009517685080
   54           0.009517685080
   55           0.010923303482
   56           0.014643997548
   57           0.015117728194
   58           0.050825675231
   59           0.051724552604
   60           0.192797116001
   61           0.193551311619
   62           0.855242918106
   63           0.855884611081
   64           2.940960710288
   65           2.941481906476
   66          10.802125496916
   67          10.802649711180
   68     1000000.000000000000
 
  end of eigenvalues 
 
  Occupied Eigenvectors for: E-
 --------------------------- 
 
                          -4.7323        -4.7323        -0.3093        -0.3093   
 
    1     BE     S       0.584930       0.115791      -0.077384      -0.077594
    2     BE     S       0.437945       0.086694      -0.131127      -0.131483
    3     BE    Px      -0.000000      -0.000000       0.000000       0.000000
    4     BE    Py      -0.000000       0.000000      -0.000000      -0.000000
    5     BE    Pz       0.000000       0.000000       0.000000      -0.000000
    6     BE     S      -0.004796      -0.000949       0.412389       0.413509
    7     BE    Px       0.000000       0.000000       0.000000       0.000000
    8     BE    Py       0.000000      -0.000000       0.000000       0.000000
    9     BE    Pz      -0.000000      -0.000000      -0.000000       0.000000
   10     BE     S       0.001398       0.000277       0.353167       0.354126
   11     BE    Px      -0.000000      -0.000000      -0.000000      -0.000000
   12     BE    Py      -0.000000       0.000000      -0.000000      -0.000000
   13     BE    Pz      -0.000000       0.000000       0.000000      -0.000000
   14     BE     S      -0.000421      -0.000083       0.015778       0.015821
   15     BE    Px       0.000000       0.000000      -0.000000      -0.000000
   16     BE    Py       0.000000       0.000000       0.000000       0.000000
   17     BE    Pz       0.000000      -0.000000      -0.000000       0.000000
   18     BE   Dxx       0.000658       0.000130      -0.001252      -0.001255
   19     BE   Dxy      -0.000000       0.000000       0.000000      -0.000000
   20     BE   Dxz      -0.000000       0.000000      -0.000000       0.000000
   21     BE   Dyy       0.000658       0.000130      -0.001252      -0.001255
   22     BE   Dyz       0.000000      -0.000000      -0.000000       0.000000
   23     BE   Dzz       0.000658       0.000130      -0.001252      -0.001255
   24     BE     S      -0.115791       0.584930      -0.077594       0.077384
   25     BE     S      -0.086694       0.437945      -0.131483       0.131127
   26     BE    Px      -0.000000       0.000000      -0.000000       0.000000
   27     BE    Py      -0.000000      -0.000000       0.000000       0.000000
   28     BE    Pz       0.000000       0.000000       0.000000       0.000000
   29     BE     S       0.000949      -0.004796       0.413509      -0.412389
   30     BE    Px       0.000000      -0.000000      -0.000000       0.000000
   31     BE    Py       0.000000       0.000000      -0.000000      -0.000000
   32     BE    Pz      -0.000000      -0.000000       0.000000      -0.000000
   33     BE     S      -0.000277       0.001398       0.354126      -0.353167
   34     BE    Px      -0.000000       0.000000       0.000000      -0.000000
   35     BE    Py      -0.000000      -0.000000       0.000000       0.000000
   36     BE    Pz       0.000000      -0.000000      -0.000000       0.000000
   37     BE     S       0.000083      -0.000421       0.015821      -0.015778
   38     BE    Px       0.000000      -0.000000       0.000000      -0.000000
   39     BE    Py      -0.000000       0.000000      -0.000000      -0.000000
   40     BE    Pz      -0.000000       0.000000       0.000000      -0.000000
   41     BE   Dxx      -0.000130       0.000658      -0.001255       0.001252
   42     BE   Dxy      -0.000000      -0.000000      -0.000000      -0.000000
   43     BE   Dxz       0.000000       0.000000       0.000000      -0.000000
   44     BE   Dyy      -0.000130       0.000658      -0.001255       0.001252
   45     BE   Dyz       0.000000      -0.000000      -0.000000       0.000000
   46     BE   Dzz      -0.000130       0.000658      -0.001255       0.001252
 
 
  Occupied Eigenvectors for: POSITRON
 --------------------------- 
 
                          -0.0032   
 
    1     E+     S       0.018081
    2     E+     S       0.017654
    3     E+     S      -0.120848
    4     E+     S      -0.205841
    5     E+     S      -0.270084
    6     E+     S      -0.173181
    7     E+     S      -0.119186
    8     E+     S       0.094260
    9     E+     S       0.005837
   10     E+     S      -0.000001
   11     E+    Px       0.015993
   12     E+    Py      -0.000000
   13     E+    Pz      -0.000000
   14     E+    Px      -0.002849
   15     E+    Py       0.000000
   16     E+    Pz       0.000000
   17     E+    Px       0.000614
   18     E+    Py      -0.000000
   19     E+    Pz       0.000000
   20     E+    Px      -0.000438
   21     E+    Py       0.000000
   22     E+    Pz      -0.000000
   23     E+   Dxx       0.002906
   24     E+   Dxy      -0.000000
   25     E+   Dxz      -0.000000
   26     E+   Dyy      -0.003707
   27     E+   Dyz      -0.000000
   28     E+   Dzz      -0.003707
   29     E+   Dxx      -0.013216
   30     E+   Dxy       0.000000
   31     E+   Dxz       0.000000
   32     E+   Dyy      -0.011698
   33     E+   Dyz       0.000000
   34     E+   Dzz      -0.011698
   35     E+     S       0.018081
   36     E+     S       0.017654
   37     E+     S      -0.120848
   38     E+     S      -0.205841
   39     E+     S      -0.270084
   40     E+     S      -0.173181
   41     E+     S      -0.119186
   42     E+     S       0.094260
   43     E+     S       0.005837
   44     E+     S      -0.000001
   45     E+    Px      -0.015993
   46     E+    Py       0.000000
   47     E+    Pz       0.000000
   48     E+    Px       0.002849
   49     E+    Py      -0.000000
   50     E+    Pz      -0.000000
   51     E+    Px      -0.000614
   52     E+    Py       0.000000
   53     E+    Pz       0.000000
   54     E+    Px       0.000438
   55     E+    Py      -0.000000
   56     E+    Pz      -0.000000
   57     E+   Dxx       0.002906
   58     E+   Dxy      -0.000000
   59     E+   Dxz      -0.000000
   60     E+   Dyy      -0.003707
   61     E+   Dyz       0.000000
   62     E+   Dzz      -0.003707
   63     E+   Dxx      -0.013216
   64     E+   Dxy       0.000000
   65     E+   Dxz       0.000000
   66     E+   Dyy      -0.011698
   67     E+   Dyz      -0.000000
   68     E+   Dzz      -0.011698
 
 
  end of eigenvectors 
 
  END OF EIGENVALUES AND EIGENVECTORS
 
 
  COMPONENTS OF KINETIC ENERGY: 
 -----------------------------
 
                  E- Kinetic energy =           29.142628633459
            POSITRON Kinetic energy =            0.015057871838
                                     _________________________
               Total kinetic energy =           29.157686505297
 
  COMPONENTS OF POTENTIAL ENERGY: 
 -------------------------------
 
          Fixed potential energy    =            0.358744394619
 
  Quantum/Fixed interaction energy: 
 ----------------------------------
 
          E-/Fixed interact. energy =          -67.981473066601
    POSITRON/Fixed interact. energy =            0.668638897493
                                     _________________________
               Total Q/Fixed energy =          -67.312834169108
 
  Coulomb energy: 
 ------------------
 
               E-/E- Hartree energy =           14.669317754990
   POSITRON/POSITRON Hartree energy =            0.000000000000
         E-/POSITRON Hartree energy =           -0.658986072719
                                     _________________________
               Total Hartree energy =           14.010331682272
 
  Exchange(HF) energy: 
 ----------------------
 
                 E- Exchange energy =           -5.333109453147
           POSITRON Exchange energy =            0.000000000000
                                     _________________________
              Total Exchange energy =           -5.333109453147
 
  External Potential energy: 
 ----------------------------
 
                  E- Ext Pot energy =            0.000000000000
            POSITRON Ext Pot energy =           -0.027905478917
                                     _________________________
    Total External Potential energy =           -0.027905478917
 
  TOTAL ENERGY COMPONENTS: 
 ==========================
 
          TOTAL KINETIC ENERGY      =           29.157686505297
          TOTAL POTENTIAL ENERGY    =          -58.304773024281
                                     _________________________
                       TOTAL ENERGY =          -29.147086518984
 
                 VIRIAL RATIO (V/T) =            1.999636459967
 
 
  END ENERGY COMPONENTS
 
 
** TOTAL CPU Time SCF :      0.811 (s)
** TOTAL Elapsed Time SCF :      0.314 (s)
 
 We are calculating properties for E- in the HF/KS ground state
 We are calculating properties for POSITRON in the HF/KS ground state
 
  POPULATION ANALYSES: 
 ====================
 
 MULLIKEN Population: for E-        
 ---------------------
 
                                    
 
    1     BE     S       1.166391
    2     BE     S       0.823588
    3     BE    Px       0.000000
    4     BE    Py       0.000000
    5     BE    Pz       0.000000
    6     BE     S       1.043694
    7     BE    Px       0.000000
    8     BE    Py      -0.000000
    9     BE    Pz       0.000000
   10     BE     S       0.942124
   11     BE    Px       0.000000
   12     BE    Py       0.000000
   13     BE    Pz       0.000000
   14     BE     S       0.031424
   15     BE    Px       0.000000
   16     BE    Py       0.000000
   17     BE    Pz       0.000000
   18     BE   Dxx      -0.002407
   19     BE   Dxy       0.000000
   20     BE   Dxz       0.000000
   21     BE   Dyy      -0.002407
   22     BE   Dyz       0.000000
   23     BE   Dzz      -0.002407
   24     BE     S       1.166391
   25     BE     S       0.823588
   26     BE    Px       0.000000
   27     BE    Py       0.000000
   28     BE    Pz       0.000000
   29     BE     S       1.043694
   30     BE    Px       0.000000
   31     BE    Py      -0.000000
   32     BE    Pz       0.000000
   33     BE     S       0.942124
   34     BE    Px       0.000000
   35     BE    Py       0.000000
   36     BE    Pz       0.000000
   37     BE     S       0.031424
   38     BE    Px       0.000000
   39     BE    Py      -0.000000
   40     BE    Pz       0.000000
   41     BE   Dxx      -0.002407
   42     BE   Dxy       0.000000
   43     BE   Dxz       0.000000
   44     BE   Dyy      -0.002407
   45     BE   Dyz       0.000000
   46     BE   Dzz      -0.002407
 
                           __________
              Total =        8.000000
 
  Atomic MULLIKEN Population: for E-        
            BE               4.000000
            BE               4.000000
 
 ...end of MULLIKEN Population
 
 
 END POPULATION ANALYSES 
 
 
  POPULATION ANALYSES: 
 ====================
 
 LOWDIN Population: for E-        
 ---------------------
 
                                    
 
    1     BE     S       1.101745
    2     BE     S       0.875944
    3     BE    Px       0.000000
    4     BE    Py      -0.000000
    5     BE    Pz      -0.000000
    6     BE     S       0.590908
    7     BE    Px       0.000000
    8     BE    Py       0.000000
    9     BE    Pz      -0.000000
   10     BE     S       0.553024
   11     BE    Px       0.000000
   12     BE    Py       0.000000
   13     BE    Pz      -0.000000
   14     BE     S       0.204207
   15     BE    Px       0.000000
   16     BE    Py      -0.000000
   17     BE    Pz      -0.000000
   18     BE   Dxx       0.224724
   19     BE   Dxy       0.000000
   20     BE   Dxz      -0.000000
   21     BE   Dyy       0.224724
   22     BE   Dyz       0.000000
   23     BE   Dzz       0.224724
   24     BE     S       1.101745
   25     BE     S       0.875944
   26     BE    Px       0.000000
   27     BE    Py      -0.000000
   28     BE    Pz       0.000000
   29     BE     S       0.590908
   30     BE    Px       0.000000
   31     BE    Py      -0.000000
   32     BE    Pz       0.000000
   33     BE     S       0.553024
   34     BE    Px       0.000000
   35     BE    Py       0.000000
   36     BE    Pz       0.000000
   37     BE     S       0.204207
   38     BE    Px       0.000000
   39     BE    Py      -0.000000
   40     BE    Pz       0.000000
   41     BE   Dxx       0.224724
   42     BE   Dxy       0.000000
   43     BE   Dxz       0.000000
   44     BE   Dyy       0.224724
   45     BE   Dyz       0.000000
   46     BE   Dzz       0.224724
 
                           __________
              Total =        8.000000
 
  Atomic LOWDIN Population: for E-        
            BE               4.000000
            BE               4.000000
 
 ...end of LOWDIN Population
 
 
 END POPULATION ANALYSES 
 
 
  POPULATION ANALYSES: 
 ====================
 
 MULLIKEN Population: for POSITRON  
 ---------------------
 
                                    
 
    1     E+     S      -0.004380
    2     E+     S      -0.007372
    3     E+     S       0.067956
    4     E+     S       0.133239
    5     E+     S       0.181401
    6     E+     S       0.098154
    7     E+     S       0.043543
    8     E+     S      -0.015615
    9     E+     S      -0.000306
   10     E+     S       0.000000
   11     E+    Px      -0.001480
   12     E+    Py       0.000000
   13     E+    Pz       0.000000
   14     E+    Px       0.000595
   15     E+    Py      -0.000000
   16     E+    Pz      -0.000000
   17     E+    Px      -0.000139
   18     E+    Py       0.000000
   19     E+    Pz      -0.000000
   20     E+    Px       0.000033
   21     E+    Py       0.000000
   22     E+    Pz       0.000000
   23     E+   Dxx      -0.000175
   24     E+   Dxy      -0.000000
   25     E+   Dxz      -0.000000
   26     E+   Dyy       0.000057
   27     E+   Dyz      -0.000000
   28     E+   Dzz       0.000057
   29     E+   Dxx       0.002982
   30     E+   Dxy       0.000000
   31     E+   Dxz       0.000000
   32     E+   Dyy       0.000725
   33     E+   Dyz      -0.000000
   34     E+   Dzz       0.000725
   35     E+     S      -0.004380
   36     E+     S      -0.007372
   37     E+     S       0.067956
   38     E+     S       0.133239
   39     E+     S       0.181401
   40     E+     S       0.098154
   41     E+     S       0.043543
   42     E+     S      -0.015615
   43     E+     S      -0.000306
   44     E+     S       0.000000
   45     E+    Px      -0.001480
   46     E+    Py       0.000000
   47     E+    Pz       0.000000
   48     E+    Px       0.000595
   49     E+    Py      -0.000000
   50     E+    Pz      -0.000000
   51     E+    Px      -0.000139
   52     E+    Py       0.000000
   53     E+    Pz       0.000000
   54     E+    Px       0.000033
   55     E+    Py       0.000000
   56     E+    Pz      -0.000000
   57     E+   Dxx      -0.000175
   58     E+   Dxy      -0.000000
   59     E+   Dxz      -0.000000
   60     E+   Dyy       0.000057
   61     E+   Dyz       0.000000
   62     E+   Dzz       0.000057
   63     E+   Dxx       0.002982
   64     E+   Dxy       0.000000
   65     E+   Dxz       0.000000
   66     E+   Dyy       0.000725
   67     E+   Dyz       0.000000
   68     E+   Dzz       0.000725
 
                           __________
              Total =        1.000000
 
  Atomic MULLIKEN Population: for POSITRON  
            BE               0.500000
            BE               0.500000
 
 ...end of MULLIKEN Population
 
 
 END POPULATION ANALYSES 
 
 
  POPULATION ANALYSES: 
 ====================
 
 LOWDIN Population: for POSITRON  
 ---------------------
 
                                    
 
    1     E+     S       0.003448
    2     E+     S       0.015459
    3     E+     S       0.054172
    4     E+     S       0.120459
    5     E+     S       0.156658
    6     E+     S       0.104098
    7     E+     S       0.030898
    8     E+     S       0.000522
    9     E+     S       0.000153
   10     E+     S       0.000019
   11     E+    Px       0.000655
   12     E+    Py      -0.000000
   13     E+    Pz       0.000000
   14     E+    Px       0.004412
   15     E+    Py      -0.000000
   16     E+    Pz       0.000000
   17     E+    Px       0.005108
   18     E+    Py      -0.000000
   19     E+    Pz       0.000000
   20     E+    Px       0.000132
   21     E+    Py      -0.000000
   22     E+    Pz       0.000000
   23     E+   Dxx       0.000056
   24     E+   Dxy       0.000000
   25     E+   Dxz       0.000000
   26     E+   Dyy       0.000015
   27     E+   Dyz       0.000000
   28     E+   Dzz       0.000015
   29     E+   Dxx       0.003532
   30     E+   Dxy       0.000000
   31     E+   Dxz       0.000000
   32     E+   Dyy       0.000095
   33     E+   Dyz       0.000000
   34     E+   Dzz       0.000095
   35     E+     S       0.003448
   36     E+     S       0.015459
   37     E+     S       0.054172
   38     E+     S       0.120459
   39     E+     S       0.156658
   40     E+     S       0.104098
   41     E+     S       0.030898
   42     E+     S       0.000522
   43     E+     S       0.000153
   44     E+     S       0.000019
   45     E+    Px       0.000655
   46     E+    Py       0.000000
   47     E+    Pz       0.000000
   48     E+    Px       0.004412
   49     E+    Py       0.000000
   50     E+    Pz       0.000000
   51     E+    Px       0.005108
   52     E+    Py      -0.000000
   53     E+    Pz       0.000000
   54     E+    Px       0.000132
   55     E+    Py       0.000000
   56     E+    Pz       0.000000
   57     E+   Dxx       0.000056
   58     E+   Dxy       0.000000
   59     E+   Dxz       0.000000
   60     E+   Dyy       0.000015
   61     E+   Dyz       0.000000
   62     E+   Dzz       0.000015
   63     E+   Dxx       0.003532
   64     E+   Dxy       0.000000
   65     E+   Dxz       0.000000
   66     E+   Dyy       0.000095
   67     E+   Dyz       0.000000
   68     E+   Dzz       0.000095
 
                           __________
              Total =        1.000000
 
  Atomic LOWDIN Population: for POSITRON  
            BE               0.500000
            BE               0.500000
 
 ...end of LOWDIN Population
 
 
 END POPULATION ANALYSES 
 
 
  EXPECTED POSITIONS OF QUANTUM SPECIES:
 ======================
 
 POSITIONS IN ANGSTROMS
 ------
 
                        <x>      <y>      <z>         
                 E-  94.4052  -0.0000  -0.0000
           POSITRON  11.8007   0.0000   0.0000
 
 END EXPECTED POSITIONS
 
 
  ELECTROSTATIC MOMENTS:
 ======================
 
 
 DIPOLE: (A.U.)
 ------
 
                           <Dx>         <Dy>         <Dz>          |D|
                 E--178.40000000   0.00000000   0.00000000
           POSITRON  22.30000000   0.00000000   0.00000000
    Point charges:  178.40000000   0.00000000   0.00000000
                     ____________________________
      Total Dipole:  22.30000000   0.00000000   0.00000000  22.30000000
 
 DIPOLE: (DEBYE)
 ------
 
                           <Dx>         <Dy>         <Dz>          |D|
                 E--453.44751129   0.00000000   0.00000000
           POSITRON  56.68093891   0.00000000   0.00000000
    Point charges:  453.44751129   0.00000000   0.00000000
                     ____________________________
      Total Dipole:  56.68093891   0.00000000   0.00000000  56.68093891
 
 QUADRUPOLE NON-TRACELESS: (DEBYE ANGS)
 ------
 
                           <xx>         <yy>         <zz>         <xy>         <xz>         <yz>
                 E-**************  -15.54360930  -15.54360930   -0.00000000    0.00000000    0.00000000
           POSITRON 1631.01765854   68.21583332   68.21583332   -0.00000000   -0.00000000    0.00000000
    Point charges: 10701.95193798    0.00000000    0.00000000    0.00000000    0.00000000    0.00000000
  Total Quadrupole: 1615.47405505   52.67222402   52.67222402   -0.00000000   -0.00000000    0.00000000
                     ____________________________
 
 END ELECTROSTATIC MOMENTS
 

  TOTAL CPU Time:      0.259 (s)
 TOTAL Wall Time:      0.364 (s)
  Elapsed Time:   0h  0m  0s 364ms
LOWDIN execution terminated normally at : Tue Nov 26 15:32:19 2024
-rw-rw-r-- 1 pohl pohl 704K nov 26 15:32 0E-.ints
-rw-rw-r-- 1 pohl pohl 2.1M nov 26 15:32 0E-.POSITRON.ints
-rw-rw-r-- 1 pohl pohl 2.1M nov 26 15:32 0POSITRON.ints
-rw-rw-r-- 1 pohl pohl 704K nov 26 15:32 1E-.ints
-rw-rw-r-- 1 pohl pohl 2.1M nov 26 15:32 1E-.POSITRON.ints
-rw-rw-r-- 1 pohl pohl 2.1M nov 26 15:32 1POSITRON.ints
-rw-rw-r-- 1 pohl pohl 704K nov 26 15:32 2E-.ints
-rw-rw-r-- 1 pohl pohl 2.1M nov 26 15:32 2E-.POSITRON.ints
-rw-rw-r-- 1 pohl pohl 2.1M nov 26 15:32 2POSITRON.ints
-rw-rw-r-- 1 pohl pohl 704K nov 26 15:32 3E-.ints
-rw-rw-r-- 1 pohl pohl 2.1M nov 26 15:32 3E-.POSITRON.ints
-rw-rw-r-- 1 pohl pohl 2.1M nov 26 15:32 3POSITRON.ints
-rw-rw-r-- 1 pohl pohl   12 nov 26 15:32 E-.POSITRON.nints
-rw-rw-r-- 1 pohl pohl   65 nov 26 15:32 gepol.inp
-rw-rw-r-- 1 pohl pohl   91 nov 26 15:32 gepol.xyzr
-rw-rw-r-- 1 pohl pohl 9.5K nov 26 15:32 lowdin.bas
-rw-rw-r-- 1 pohl pohl  16K nov 26 15:32 lowdin.dat
-rw-rw-r-- 1 pohl pohl 691K nov 26 15:32 lowdin.opints
-rw-rw-r-- 1 pohl pohl  26K nov 26 15:32 lowdin.sys
-rw-rw-r-- 1 pohl pohl 689K nov 26 15:32 lowdin.wfn
-rw-rw-r-- 1 pohl pohl  499 nov 26 15:32 usual_214
-rw-rw-r-- 1 pohl pohl 1.8K nov 26 15:32 usual_214.aux
-rw-rw-r-- 1 pohl pohl  504 nov 26 15:32 usual_214.lowdin
-rw-rw-r-- 1 pohl pohl  46K nov 26 15:32 usual_214.out
-rw-rw-r-- 1 pohl pohl  54K nov 26 15:32 usual_214.vec
