Begin job by input: usual_59.lowdin, for user:   at  mar 26 nov 2024 15:30:51 -05
under operating system Linux helios 5.19.0-46-generic #47-Ubuntu SMP PREEMPT_DYNAMIC Fri Jun 16 13:30:11 UTC 2023 x86_64 x86_64 x86_64 GNU/Linux
Compilation information
  commit: f31d3924f6ee2ce9d77f07edcc1ba27359319d14
  compilation date:  mar 17 sep 2024 16:16:17 -05

BEGIN INPUT INFO:
------------------------------------

GEOMETRY
	Be	Dirac	0.0 0.0 0.0
	e-(Be)	6-311++G.d.p 0.0 0.0 0.0
	E+	GRIBAKIN-10S4P2D 0.0 0.0 0.0
	Be	Dirac	13.6 0.0 0.0
	e-(Be)	6-311++G.d.p	13.6 0.0 0.0
	E+	GRIBAKIN-10S4P2D 13.6 0.0 0.0 addParticles=-1 
END GEOMETRY

TASKS
        method = "RHF"
END TASKS

EXTERPOTENTIAL
	E- GRIBAKIN0
	E+ JOR59
END EXTERPOTENTIAL

CONTROL
	units="BOHRS"
	readCoefficients=F
	convergenceMethod=1
	overlapEigenThreshold=1E-6
	SCFGhostSpecies="POSITRON"
	HFprintEigenvalues=T
	totalEnergyTolerance = 1E-9
END CONTROL


... END INPUT INFO


 LOWDIN execution started at : Tue Nov 26 15:30:51 2024
 ---------------------------------------------------------------
 
 ***************************************************************
 *                   LOWDIN 2.0  (May/2013)                    *
 *                                                             *
 *  R. FLORES-MORENO, E. F. POSADA, F. S. MONCADA, J.ROMERO,   *
 *  J. CHARRY, M. DIAZ-TINOCO, S. A. GONZALEZ, N. F. AGUIRRE,  *
 *  A. REYES                                                   *
 *                                                             *
 *  https://sites.google.com/site/lowdinproject/               *
 *                                                             *
 ***************************************************************
 
 PARSING INPUT... DONE!
 
 LOWDIN IS RUNNING WITH NEXT PARAMETERS: 
 ----------------------------------------
 
         METHOD TYPE:  RHF
         NUMBER OF CORES:     4
         NONELECTRONIC DENSITY GUESS: HCORE
         ELECTRONIC DENSITY GUESS: HCORE
         CRITERIUM OF CONVERGENCE: ENERGY
         NONELECTRONIC ENERGY TOLERANCE IN SCFs:     0.10000E-07
         ELECTRONIC ENERGY TOLERANCE IN SCFs:     0.10000E-07
         TOTAL ENERGY TOLERANCE IN SCFs:     0.10000E-08
         SCHEME OF ITERATION: GLOBAL ITERATIONS
         SCF MAX. SUBITERATIONS - NONELECTRONS :     1
         SCF MAX. SUBITERATIONS - ELECTRONS :     1
         SCF MAX. ITERATIONS - INTERSPECIES :   200
         INTEGRAL STORAGE: DISK
         STACK SIZE FOR ERIS : 30000
         METHOD OF SCF CONVERGENCE: DAMPING
 
  MOLECULAR SYSTEM: usual_59
 -----------------
 
    DESCRIPTION   : usual_59
    CHARGE        :   2
    PUNTUAL GROUP : NONE
 
 
  INFORMATION OF PARTICLES :
 =========================
         Total number of particles   =      11
         Number of quantum particles =       9
         Number of puntual charges   =       2
         Number of quantum species   =       2
 
                 INFORMATION OF QUANTUM SPECIES 
    ----------------------------------------------------------------------
         ID      Symbol            mass     charge      omega     spin     multiplicity
    ----------------------------------------------------------------------
         1             E-         1.0000     -1.00      0.00      0.50      1.00
         2             E+         1.0000      1.00      0.00      0.50      1.00
 
                   CONSTANTS OF COUPLING 
      ------------------------------------------------------------
              Symbol      kappa        eta     lambda occupation
      ------------------------------------------------------------
                  E-      -1.00       2.00       2.00       4.00
                  E+      -1.00       1.00       1.00       1.00
 
                   BASIS SET FOR SPECIES 
      ------------------------------------------------------------
           Symbol          N. Basis     N. Particles     Basis Set
      ------------------------------------------------------------
                 E-           20                8     6-311++G.D
                 E+           32                1     GRIBAKIN-1
 
                                ATOMIC BASIS
         ------------------------------------------------------------
          PRIMITIVE   SHELL             EXPONENT         COEFFICIENT 
         ------------------------------------------------------------
 
    BEGIN DESCRIPTION OF BASIS FOR:    E-
    ==============================
 
 
            BE BASIS SET:   6-311++G.D.P
             1         S             1682.80000000          0.00228574
             2         S              251.71500000          0.01759380
             3         S               57.41160000          0.08633150
             4         S               16.51710000          0.28183500
             5         S                4.85364000          0.64059400
             6         S                0.62686300          0.14446700
             1         S                8.30938000          0.10862100
             2         S                1.74075000          0.92730100
             3         S                0.48581600         -0.00297169
             1         P                8.30938000          0.03613440
             2         P                1.74075000          0.21695800
             3         P                0.48581600          0.84183900
             1         S                0.16361300          1.00000000
             1         P                0.16361300          1.00000000
             1         S                0.05672850          1.00000000
             1         P                0.05672850          1.00000000
             1         S                0.02070000          1.00000000
             1         P                0.02070000          1.00000000
             1         D                0.25500000          1.00000000
 
            BE BASIS SET:   6-311++G.D.P
             1         S             1682.80000000          0.00228574
             2         S              251.71500000          0.01759380
             3         S               57.41160000          0.08633150
             4         S               16.51710000          0.28183500
             5         S                4.85364000          0.64059400
             6         S                0.62686300          0.14446700
             1         S                8.30938000          0.10862100
             2         S                1.74075000          0.92730100
             3         S                0.48581600         -0.00297169
             1         P                8.30938000          0.03613440
             2         P                1.74075000          0.21695800
             3         P                0.48581600          0.84183900
             1         S                0.16361300          1.00000000
             1         P                0.16361300          1.00000000
             1         S                0.05672850          1.00000000
             1         P                0.05672850          1.00000000
             1         S                0.02070000          1.00000000
             1         P                0.02070000          1.00000000
             1         D                0.25500000          1.00000000
    ... END DESCRIPTION OF BASIS
 
 
    BEGIN DESCRIPTION OF BASIS FOR:    E+
    ==============================
 
 
            E+ BASIS SET:GRIBAKIN-10S4P2
             1         S                0.00010000          1.00000000
             1         S                0.00030000          1.00000000
             1         S                0.00090000          1.00000000
             1         S                0.00270000          1.00000000
             1         S                0.00810000          1.00000000
             1         S                0.02430000          1.00000000
             1         S                0.07290000          1.00000000
             1         S                0.21870000          1.00000000
             1         S                0.65610000          1.00000000
             1         S                1.96830000          1.00000000
             1         P                0.00010000          1.00000000
             1         P                0.00030000          1.00000000
             1         P                0.00090000          1.00000000
             1         P                0.00270000          1.00000000
             1         D                0.00010000          1.00000000
             1         D                0.00030000          1.00000000
 
            E+ BASIS SET:GRIBAKIN-10S4P2
             1         S                0.00010000          1.00000000
             1         S                0.00030000          1.00000000
             1         S                0.00090000          1.00000000
             1         S                0.00270000          1.00000000
             1         S                0.00810000          1.00000000
             1         S                0.02430000          1.00000000
             1         S                0.07290000          1.00000000
             1         S                0.21870000          1.00000000
             1         S                0.65610000          1.00000000
             1         S                1.96830000          1.00000000
             1         P                0.00010000          1.00000000
             1         P                0.00030000          1.00000000
             1         P                0.00090000          1.00000000
             1         P                0.00270000          1.00000000
             1         D                0.00010000          1.00000000
             1         D                0.00030000          1.00000000
    ... END DESCRIPTION OF BASIS
 
 
  END INFORMATION OF PARTICLES
 
 
  INFORMATION OF THE QUANTUM SYSTEM 
     ---------------------------------------------------------------------
                 ID     Occupied Orbitals     Basis size
     ---------------------------------------------------------------------
                 E-            4               46
                 E+            1               68
 
  END INFORMATION OF QUANTUM SYSTEM
 
 
  INFORMATION OF EXTERNAL POTENTIALS 
 
 =======
 External Potential for E- : GRIBAKIN0
 Type : 
                     Exponent         l       R_x       R_y       R_z              Factor
                 0.0010000000         0   0.00000   0.00000   0.00000        0.0000000000
 
 =======
 External Potential for E+ : JOR59
 Type : 
                     Exponent         l       R_x       R_y       R_z              Factor
                 0.0010000000         0   0.00000   0.00000   0.00000       -0.0004852612
                 0.0020000000         0   0.00000   0.00000   0.00000        0.0024441783
                 0.0040000000         0   0.00000   0.00000   0.00000       -0.0075448874
                 0.0080000000         0   0.00000   0.00000   0.00000        0.0157738437
                 0.0160000000         0   0.00000   0.00000   0.00000       -0.0371036225
                 0.0320000000         0   0.00000   0.00000   0.00000        0.0538567205
                 0.0640000000         0   0.00000   0.00000   0.00000       -0.1977562620
                 0.1280000000         0   0.00000   0.00000   0.00000        0.1521150960
                 0.2560000000         0   0.00000   0.00000   0.00000       -2.2309931100
                 0.5120000000         0   0.00000   0.00000   0.00000        7.1544406100
                 1.0000000000         0   0.00000   0.00000   0.00000      -16.4610761000
                 2.0000000000         0   0.00000   0.00000   0.00000      120.0674500000
                 3.0000000000         0   0.00000   0.00000   0.00000    -1010.4441400000
                 4.0000000000         0   0.00000   0.00000   0.00000     5912.5175500000
                 5.0000000000         0   0.00000   0.00000   0.00000   -22883.6471000000
                 6.0000000000         0   0.00000   0.00000   0.00000    58320.2479000000
                 7.0000000000         0   0.00000   0.00000   0.00000   -96733.7399000000
                 8.0000000000         0   0.00000   0.00000   0.00000   100515.5930000000
                 9.0000000000         0   0.00000   0.00000   0.00000   -59492.9273000000
                10.0000000000         0   0.00000   0.00000   0.00000    15337.5181000000
                20.0000000000         0   0.00000   0.00000   0.00000     -108.3194530000
                30.0000000000         0   0.00000   0.00000   0.00000       58.7242217000
                40.0000000000         0   0.00000   0.00000   0.00000      -33.9818623000
                50.0000000000         0   0.00000   0.00000   0.00000       10.1503518000
               100.0000000000         0   0.00000   0.00000   0.00000       -0.2039701810
                 0.0010000000         0  13.60000   0.00000   0.00000       -0.0004852612
                 0.0020000000         0  13.60000   0.00000   0.00000        0.0024441783
                 0.0040000000         0  13.60000   0.00000   0.00000       -0.0075448874
                 0.0080000000         0  13.60000   0.00000   0.00000        0.0157738437
                 0.0160000000         0  13.60000   0.00000   0.00000       -0.0371036225
                 0.0320000000         0  13.60000   0.00000   0.00000        0.0538567205
                 0.0640000000         0  13.60000   0.00000   0.00000       -0.1977562620
                 0.1280000000         0  13.60000   0.00000   0.00000        0.1521150960
                 0.2560000000         0  13.60000   0.00000   0.00000       -2.2309931100
                 0.5120000000         0  13.60000   0.00000   0.00000        7.1544406100
                 1.0000000000         0  13.60000   0.00000   0.00000      -16.4610761000
                 2.0000000000         0  13.60000   0.00000   0.00000      120.0674500000
                 3.0000000000         0  13.60000   0.00000   0.00000    -1010.4441400000
                 4.0000000000         0  13.60000   0.00000   0.00000     5912.5175500000
                 5.0000000000         0  13.60000   0.00000   0.00000   -22883.6471000000
                 6.0000000000         0  13.60000   0.00000   0.00000    58320.2479000000
                 7.0000000000         0  13.60000   0.00000   0.00000   -96733.7399000000
                 8.0000000000         0  13.60000   0.00000   0.00000   100515.5930000000
                 9.0000000000         0  13.60000   0.00000   0.00000   -59492.9273000000
                10.0000000000         0  13.60000   0.00000   0.00000    15337.5181000000
                20.0000000000         0  13.60000   0.00000   0.00000     -108.3194530000
                30.0000000000         0  13.60000   0.00000   0.00000       58.7242217000
                40.0000000000         0  13.60000   0.00000   0.00000      -33.9818623000
                50.0000000000         0  13.60000   0.00000   0.00000       10.1503518000
               100.0000000000         0  13.60000   0.00000   0.00000       -0.2039701810
 
  END INFORMATION OF EXTERNAL POTENTIALS
 
                       INITIAL GEOMETRY: AMSTRONG
                 -----------------------------------
                       <x>                 <y>                 <z>
      E-BE        0.0000000000        0.0000000000        0.0000000000
      E-BE        7.1968105897        0.0000000000        0.0000000000
        E+        0.0000000000        0.0000000000        0.0000000000
        E+        7.1968105897        0.0000000000        0.0000000000
        BE        0.0000000000        0.0000000000        0.0000000000
        BE        7.1968105897        0.0000000000        0.0000000000
 
                     MATRIX OF DISTANCE: ANGSTROM
                 -----------------------------------
                          BE(1)          BE(2)     
 
        BE(1)            0.000000       7.196811
        BE(2)            7.196811       0.000000
 
--------------------------------------------------------------------------------
** PROGRAM: SCF (Hartree Fock).     Author: S.A. Gonzalez, E. Posada, F. Moncada
--------------------------------------------------------------------------------
INFO: RUNNING IN RHF MODE.
 
----------------------------------------------------------------------
** PROGRAM INTS                          Author: E. F. Posada, 2013   
----------------------------------------------------------------------
INFO: RUNNING IN ONE_PARTICLE MODE.
 
 Number of Overlap integrals for species E-:   2116
 Number of Overlap integrals for species POSITRON:   4624
 Number of Kinetic integrals for species E-:   2116
 Number of Kinetic integrals for species POSITRON:   4624
 Number of Nuclear integrals for species E-:   2116
 Number of Nuclear integrals for species POSITRON:   4624
 Number of Moment integrals for species E-:   6348
 Number of Moment integrals for species POSITRON:  13872
 Number of 3C Overlap integrals for species E-:   2116
 Number of 3C Overlap integrals for species POSITRON:   4624
 
** TOTAL CPU Time INTS :      0.397 (s)
** TOTAL Elapsed Time INTS :      0.153 (s)
 
Removed     5 orbitals for species POSITRON with overlap eigen threshold of 1.000E-06
       Usign  HCORE density guess for species:         E-
     number of         E-     particles in guess density matrix:     8.000000
       Usign  HCORE density guess for species:   POSITRON
     number of   POSITRON     particles in guess density matrix:     0.000000
 Warning!, density matrix with deviation from number of particles    1.000000
 Number of unique integrals for species: 1 = 101235
 Number of unique integrals for species: 2 = 327456
 Number of unique integrals for species: 1 / 2 = 531247 Screened: 646
 
 TWO-BODY INTEGRAL SETUP: 
------------------------- 
 Storage:   DISK
 Scheme: LIBINT
 Stack size:  30000
 
 LIBINT library, Fermann, J. T.; Valeev, F. L. 2010                   
 LOWDIN-LIBINT Implementation V. 2.1  Posada E. F. ; Reyes A. 2016   
 ----------------------------------------------------------------------

*** TOTAL CPU time intra-species integrals :      0.448 (s)
*** TOTAL elapsed time intra-species integrals :      0.068 (s)


*** TOTAL CPU time inter-species integrals :      0.611 (s)
*** TOTAL elapsed time inter-species integrals :      0.102 (s)

INFO: RUNNING SCHEME SIMULTANEOUS
 
 Begin Multi-Species SCF calculation:
 
 --------------------------------------------------------------------------------------------------
      Iteration                   Energy            Energy Change           Density Change
 --------------------------------------------------------------------------------------------------
              1         -27.311420527454          27.311420527454           0.662411619558
              2         -29.097768711845           1.786348184391           0.041073121407
              3         -29.142231389579           0.044462677734           0.253863879795
              4         -29.149770766436           0.007539376857           0.097863059682
              5         -29.150500261836           0.000729495400           0.002225765564
              6         -29.150596371578           0.000096109742           0.000576596226
              7         -29.150621463744           0.000025092166           0.000202257960
              8         -29.150629300390           0.000007836646           0.000083081541
              9         -29.150631975457           0.000002675067           0.000035662509
             10         -29.150632925047           0.000000949590           0.000015281503
             11         -29.150633268065           0.000000343018           0.000006450877
             12         -29.150633393043           0.000000124978           0.000002677270
             13         -29.150633438800           0.000000045757           0.000001093831
             14         -29.150633455605           0.000000016805           0.000000440829
             15         -29.150633461790           0.000000006185           0.000000175888
             16         -29.150633464070           0.000000002280           0.000000069194
             17         -29.150633464912           0.000000000841           0.000000027131
 Total energy converged after  17 global iterations                                                  
 
 ...end Multi-Species SCF calculation
 
 
 Begin SCF calculation by: E-
 -------------------------
 
 -----------------------------------------------------------------------------------
 Iteration                   Energy           Density Change         DIIS Error 
 -----------------------------------------------------------------------------------
    1         -30.332043843844           0.011660854479                 -- 
    2         -30.327018520608           0.003336452189                 -- 
    3         -30.323347904309           0.001121478130                 -- 
    4         -30.321506177864           0.000380333897                 -- 
    5         -30.320772701397           0.000128633619                 -- 
    6         -30.320505299608           0.000043596169                 -- 
    7         -30.320411452947           0.000014855090                 -- 
    8         -30.320379090480           0.000005095773                 -- 
    9         -30.320368022775           0.000001760298                 -- 
   10         -30.320364251919           0.000000612277                 -- 
   11         -30.320362968914           0.000000214369                 -- 
   12         -30.320362532386           0.000000075520                 -- 
   13         -30.320362383741           0.000000026759                 -- 
   14         -30.320362333056           0.000000009531                 -- 
   15         -30.320362315744           0.000000003411                 -- 
   16         -30.320362309818           0.000000001226                 -- 
 
 ... end SCF calculation
 
 Begin SCF calculation by: POSITRON
 -------------------------
 
 -----------------------------------------------------------------------------------
 Iteration                   Energy           Density Change         DIIS Error 
 -----------------------------------------------------------------------------------
    1          -0.055307392601           0.029412266928                 -- 
    2          -0.046420153735           0.250527427606                 -- 
    3          -0.041556920957           0.096741581552                 -- 
    4          -0.042184106855           0.001845431667                 -- 
    5          -0.042384844134           0.000447962606                 -- 
    6          -0.042452413047           0.000158661792                 -- 
    7          -0.042475674438           0.000068226450                 -- 
    8          -0.042483777606           0.000030566735                 -- 
    9          -0.042486621870           0.000013521205                 -- 
   10          -0.042487625974           0.000005838601                 -- 
   11          -0.042487982154           0.000002462901                 -- 
   12          -0.042488109032           0.000001018310                 -- 
   13          -0.042488154398           0.000000414070                 -- 
   14          -0.042488170674           0.000000166357                 -- 
   15          -0.042488176531           0.000000065783                 -- 
   16          -0.042488178644           0.000000025904                 -- 
 
 ... end SCF calculation
 
  EIGENVALUES AND EIGENVECTORS: 
 ==============================
 
 
  Eigenvalues for: E-
 -----------------
 
    1          -4.732341147139
    2          -4.732341134940
    3          -0.309590205337
    4          -0.308919440460
    5           0.025720546584
    6           0.026193045682
    7           0.026193045682
    8           0.033799966709
    9           0.033799966709
   10           0.036807725619
   11           0.047788406196
   12           0.071680892881
   13           0.096208901736
   14           0.096208901736
   15           0.102166802427
   16           0.102166802427
   17           0.106309468645
   18           0.109014974115
   19           0.323785082318
   20           0.329046071068
   21           0.344939209119
   22           0.344939209119
   23           0.348339031599
   24           0.348339031599
   25           0.350878758126
   26           0.354373153349
   27           0.692855465411
   28           0.692855465470
   29           0.692855497111
   30           0.692855497170
   31           0.692934286320
   32           0.692934286320
   33           0.692975974689
   34           0.692975974689
   35           0.693377160556
   36           0.695707002497
   37           1.197809083659
   38           1.197809083659
   39           1.200515198270
   40           1.201185984867
   41           1.201185984867
   42           1.207088471987
   43           1.416774510849
   44           1.421103404873
   45          10.068021926943
   46          10.071347586528
 
 
  Eigenvalues for: POSITRON
 -----------------
 
    1          -0.006741746428
    2           0.000080923467
    3           0.000135121229
    4           0.000209547166
    5           0.000209547166
    6           0.000315030211
    7           0.000321327794
    8           0.000321327794
    9           0.000330024284
   10           0.000330024284
   11           0.000347059112
   12           0.000389921193
   13           0.000429107219
   14           0.000431854433
   15           0.000431854433
   16           0.000444037801
   17           0.000444037801
   18           0.000682118488
   19           0.000905422608
   20           0.000905422608
   21           0.000909054599
   22           0.001044563460
   23           0.001114588472
   24           0.001114588472
   25           0.001206598385
   26           0.001252667801
   27           0.001252667801
   28           0.001475867699
   29           0.001522337375
   30           0.001522337375
   31           0.001525935081
   32           0.001525935081
   33           0.001745253570
   34           0.001745253571
   35           0.001856152483
   36           0.002085070679
   37           0.002374643805
   38           0.003050685941
   39           0.003050685941
   40           0.003849086812
   41           0.003849086812
   42           0.004053392357
   43           0.004479985153
   44           0.004983956733
   45           0.005565020241
   46           0.008603627736
   47           0.008603627736
   48           0.010996159143
   49           0.011191052234
   50           0.011191052234
   51           0.012422747124
   52           0.014784867618
   53           0.016991985788
   54           0.050305015671
   55           0.052680703364
   56           0.188716463458
   57           0.198493613457
   58           0.854767408610
   59           0.857464307924
   60           2.940380075863
   61           2.942914008518
   62          10.801322354883
   63          10.804386390124
   64     1000000.000000000000
   65     1000000.000000000000
   66     1000000.000000000000
   67     1000000.000000000000
   68     1000000.000000000000
 
  end of eigenvalues 
 
  Occupied Eigenvectors for: E-
 --------------------------- 
 
                          -4.7323        -4.7323        -0.3096        -0.3089   
 
    1     BE     S       0.421635       0.421634       0.077376      -0.077600
    2     BE     S       0.315681       0.315682       0.131121      -0.131502
    3     BE    Px       0.000003       0.000002      -0.000090      -0.000060
    4     BE    Py       0.000000       0.000000      -0.000000      -0.000000
    5     BE    Pz      -0.000000       0.000000       0.000000      -0.000000
    6     BE     S      -0.003467      -0.003458      -0.412276       0.413456
    7     BE    Px      -0.000011      -0.000009       0.000054      -0.000130
    8     BE    Py      -0.000000      -0.000000       0.000000      -0.000000
    9     BE    Pz      -0.000000      -0.000000       0.000000      -0.000000
   10     BE     S       0.001085       0.001012      -0.353108       0.355110
   11     BE    Px       0.000032       0.000020      -0.000550       0.000078
   12     BE    Py      -0.000000       0.000000       0.000000      -0.000000
   13     BE    Pz      -0.000000      -0.000000       0.000000      -0.000000
   14     BE     S      -0.000402      -0.000290      -0.015888       0.014628
   15     BE    Px      -0.000081      -0.000004       0.000054      -0.001106
   16     BE    Py       0.000000      -0.000000      -0.000000       0.000000
   17     BE    Pz      -0.000000       0.000000       0.000000       0.000000
   18     BE   Dxx       0.000464       0.000474       0.001231      -0.001335
   19     BE   Dxy       0.000000       0.000000       0.000000      -0.000000
   20     BE   Dxz      -0.000000       0.000000      -0.000000       0.000000
   21     BE   Dyy       0.000469       0.000472       0.001309      -0.001253
   22     BE   Dyz       0.000000      -0.000000       0.000000      -0.000000
   23     BE   Dzz       0.000469       0.000472       0.001309      -0.001253
   24     BE     S      -0.421634       0.421634       0.077376       0.077600
   25     BE     S      -0.315680       0.315683       0.131121       0.131502
   26     BE    Px       0.000003      -0.000002       0.000090      -0.000060
   27     BE    Py       0.000000      -0.000000       0.000000      -0.000000
   28     BE    Pz      -0.000000      -0.000000      -0.000000       0.000000
   29     BE     S       0.003467      -0.003458      -0.412276      -0.413456
   30     BE    Px      -0.000011       0.000009      -0.000054      -0.000130
   31     BE    Py      -0.000000      -0.000000      -0.000000      -0.000000
   32     BE    Pz       0.000000       0.000000       0.000000      -0.000000
   33     BE     S      -0.001085       0.001012      -0.353108      -0.355110
   34     BE    Px       0.000032      -0.000020       0.000550       0.000078
   35     BE    Py       0.000000       0.000000      -0.000000       0.000000
   36     BE    Pz      -0.000000      -0.000000      -0.000000       0.000000
   37     BE     S       0.000402      -0.000290      -0.015888      -0.014628
   38     BE    Px      -0.000081       0.000004      -0.000054      -0.001106
   39     BE    Py      -0.000000      -0.000000       0.000000      -0.000000
   40     BE    Pz       0.000000       0.000000       0.000000      -0.000000
   41     BE   Dxx      -0.000464       0.000474       0.001231       0.001335
   42     BE   Dxy       0.000000      -0.000000       0.000000      -0.000000
   43     BE   Dxz       0.000000       0.000000       0.000000      -0.000000
   44     BE   Dyy      -0.000469       0.000472       0.001309       0.001253
   45     BE   Dyz       0.000000       0.000000       0.000000       0.000000
   46     BE   Dzz      -0.000469       0.000472       0.001309       0.001253
 
 
  Occupied Eigenvectors for: POSITRON
 --------------------------- 
 
                          -0.0067   
 
    1     E+     S       0.050374
    2     E+     S       0.182211
    3     E+     S      -0.092181
    4     E+     S      -0.084344
    5     E+     S      -0.287035
    6     E+     S      -0.183700
    7     E+     S      -0.131794
    8     E+     S       0.104156
    9     E+     S       0.006490
   10     E+     S      -0.000012
   11     E+    Px       0.013242
   12     E+    Py      -0.000000
   13     E+    Pz      -0.000000
   14     E+    Px      -0.565450
   15     E+    Py       0.000000
   16     E+    Pz       0.000000
   17     E+    Px       0.029469
   18     E+    Py      -0.000000
   19     E+    Pz      -0.000000
   20     E+    Px      -0.026555
   21     E+    Py       0.000000
   22     E+    Pz       0.000000
   23     E+   Dxx      -0.006254
   24     E+   Dxy      -0.000000
   25     E+   Dxz      -0.000000
   26     E+   Dyy      -0.007346
   27     E+   Dyz      -0.000000
   28     E+   Dzz      -0.007346
   29     E+   Dxx      -0.139501
   30     E+   Dxy       0.000000
   31     E+   Dxz       0.000000
   32     E+   Dyy      -0.025580
   33     E+   Dyz       0.000000
   34     E+   Dzz      -0.025580
   35     E+     S       0.050374
   36     E+     S       0.182211
   37     E+     S      -0.092181
   38     E+     S      -0.084344
   39     E+     S      -0.287035
   40     E+     S      -0.183700
   41     E+     S      -0.131794
   42     E+     S       0.104156
   43     E+     S       0.006490
   44     E+     S      -0.000012
   45     E+    Px      -0.013242
   46     E+    Py       0.000000
   47     E+    Pz       0.000000
   48     E+    Px       0.565450
   49     E+    Py      -0.000000
   50     E+    Pz      -0.000000
   51     E+    Px      -0.029469
   52     E+    Py       0.000000
   53     E+    Pz       0.000000
   54     E+    Px       0.026555
   55     E+    Py      -0.000000
   56     E+    Pz      -0.000000
   57     E+   Dxx      -0.006254
   58     E+   Dxy      -0.000000
   59     E+   Dxz      -0.000000
   60     E+   Dyy      -0.007346
   61     E+   Dyz       0.000000
   62     E+   Dzz      -0.007346
   63     E+   Dxx      -0.139501
   64     E+   Dxy       0.000000
   65     E+   Dxz       0.000000
   66     E+   Dyy      -0.025580
   67     E+   Dyz      -0.000000
   68     E+   Dzz      -0.025580
 
 
  end of eigenvectors 
 
  END OF EIGENVALUES AND EIGENVECTORS
 
 
  COMPONENTS OF KINETIC ENERGY: 
 -----------------------------
 
                  E- Kinetic energy =           29.142651857469
            POSITRON Kinetic energy =            0.017032028244
                                     _________________________
               Total kinetic energy =           29.159683885713
 
  COMPONENTS OF POTENTIAL ENERGY: 
 -------------------------------
 
          Fixed potential energy    =            1.176470588235
 
  Quantum/Fixed interaction energy: 
 ----------------------------------
 
          E-/Fixed interact. energy =          -69.616992621354
    POSITRON/Fixed interact. energy =            0.952437383237
                                     _________________________
               Total Q/Fixed energy =          -68.664555238116
 
  Coulomb energy: 
 ------------------
 
               E-/E- Hartree energy =           15.487098818886
   POSITRON/POSITRON Hartree energy =            0.000000000000
         E-/POSITRON Hartree energy =           -0.940464726003
                                     _________________________
               Total Hartree energy =           14.546634092883
 
  Exchange(HF) energy: 
 ----------------------
 
                 E- Exchange energy =           -5.333120361721
           POSITRON Exchange energy =            0.000000000000
                                     _________________________
              Total Exchange energy =           -5.333120361721
 
  External Potential energy: 
 ----------------------------
 
                  E- Ext Pot energy =            0.000000000000
            POSITRON Ext Pot energy =           -0.035746432216
                                     _________________________
    Total External Potential energy =           -0.035746432216
 
  TOTAL ENERGY COMPONENTS: 
 ==========================
 
          TOTAL KINETIC ENERGY      =           29.159683885713
          TOTAL POTENTIAL ENERGY    =          -58.310317350936
                                     _________________________
                       TOTAL ENERGY =          -29.150633465222
 
                 VIRIAL RATIO (V/T) =            1.999689625562
 
 
  END ENERGY COMPONENTS
 
 
** TOTAL CPU Time SCF :      1.267 (s)
** TOTAL Elapsed Time SCF :      0.403 (s)
 
 We are calculating properties for E- in the HF/KS ground state
 We are calculating properties for POSITRON in the HF/KS ground state
 
  POPULATION ANALYSES: 
 ====================
 
 MULLIKEN Population: for E-        
 ---------------------
 
                                    
 
    1     BE     S       1.166392
    2     BE     S       0.823583
    3     BE    Px       0.000000
    4     BE    Py       0.000000
    5     BE    Pz       0.000000
    6     BE     S       1.043486
    7     BE    Px       0.000000
    8     BE    Py       0.000000
    9     BE    Pz       0.000000
   10     BE     S       0.943358
   11     BE    Px       0.000008
   12     BE    Py       0.000000
   13     BE    Pz       0.000000
   14     BE     S       0.030398
   15     BE    Px       0.000166
   16     BE    Py      -0.000000
   17     BE    Pz       0.000000
   18     BE   Dxx      -0.002467
   19     BE   Dxy       0.000000
   20     BE   Dxz       0.000000
   21     BE   Dyy      -0.002462
   22     BE   Dyz       0.000000
   23     BE   Dzz      -0.002462
   24     BE     S       1.166392
   25     BE     S       0.823583
   26     BE    Px       0.000000
   27     BE    Py       0.000000
   28     BE    Pz       0.000000
   29     BE     S       1.043486
   30     BE    Px       0.000000
   31     BE    Py       0.000000
   32     BE    Pz       0.000000
   33     BE     S       0.943358
   34     BE    Px       0.000008
   35     BE    Py       0.000000
   36     BE    Pz      -0.000000
   37     BE     S       0.030398
   38     BE    Px       0.000166
   39     BE    Py       0.000000
   40     BE    Pz       0.000000
   41     BE   Dxx      -0.002467
   42     BE   Dxy       0.000000
   43     BE   Dxz       0.000000
   44     BE   Dyy      -0.002462
   45     BE   Dyz       0.000000
   46     BE   Dzz      -0.002462
 
                           __________
              Total =        8.000000
 
  Atomic MULLIKEN Population: for E-        
            BE               4.000000
            BE               4.000000
 
 ...end of MULLIKEN Population
 
 
 END POPULATION ANALYSES 
 
 
  POPULATION ANALYSES: 
 ====================
 
 LOWDIN Population: for E-        
 ---------------------
 
                                    
 
    1     BE     S       1.101747
    2     BE     S       0.875934
    3     BE    Px       0.000000
    4     BE    Py       0.000000
    5     BE    Pz       0.000000
    6     BE     S       0.590962
    7     BE    Px       0.000000
    8     BE    Py      -0.000000
    9     BE    Pz      -0.000000
   10     BE     S       0.550520
   11     BE    Px       0.000012
   12     BE    Py      -0.000000
   13     BE    Pz       0.000000
   14     BE     S       0.204770
   15     BE    Px       0.001925
   16     BE    Py      -0.000000
   17     BE    Pz       0.000000
   18     BE   Dxx       0.224717
   19     BE   Dxy       0.000000
   20     BE   Dxz       0.000000
   21     BE   Dyy       0.224707
   22     BE   Dyz       0.000000
   23     BE   Dzz       0.224707
   24     BE     S       1.101747
   25     BE     S       0.875934
   26     BE    Px       0.000000
   27     BE    Py       0.000000
   28     BE    Pz       0.000000
   29     BE     S       0.590962
   30     BE    Px       0.000000
   31     BE    Py       0.000000
   32     BE    Pz       0.000000
   33     BE     S       0.550520
   34     BE    Px       0.000012
   35     BE    Py       0.000000
   36     BE    Pz      -0.000000
   37     BE     S       0.204770
   38     BE    Px       0.001925
   39     BE    Py       0.000000
   40     BE    Pz       0.000000
   41     BE   Dxx       0.224717
   42     BE   Dxy       0.000000
   43     BE   Dxz       0.000000
   44     BE   Dyy       0.224707
   45     BE   Dyz       0.000000
   46     BE   Dzz       0.224707
 
                           __________
              Total =        8.000000
 
  Atomic LOWDIN Population: for E-        
            BE               4.000000
            BE               4.000000
 
 ...end of LOWDIN Population
 
 
 END POPULATION ANALYSES 
 
 
  POPULATION ANALYSES: 
 ====================
 
 MULLIKEN Population: for POSITRON  
 ---------------------
 
                                    
 
    1     E+     S      -0.007507
    2     E+     S      -0.056195
    3     E+     S       0.051400
    4     E+     S       0.067192
    5     E+     S       0.240772
    6     E+     S       0.121941
    7     E+     S       0.054243
    8     E+     S      -0.019210
    9     E+     S      -0.000378
   10     E+     S       0.000000
   11     E+    Px      -0.000258
   12     E+    Py      -0.000000
   13     E+    Pz      -0.000000
   14     E+    Px       0.037100
   15     E+    Py       0.000000
   16     E+    Pz      -0.000000
   17     E+    Px      -0.005227
   18     E+    Py      -0.000000
   19     E+    Pz      -0.000000
   20     E+    Px       0.008687
   21     E+    Py       0.000000
   22     E+    Pz       0.000000
   23     E+   Dxx       0.000049
   24     E+   Dxy      -0.000000
   25     E+   Dxz       0.000000
   26     E+   Dyy       0.000037
   27     E+   Dyz       0.000000
   28     E+   Dzz       0.000037
   29     E+   Dxx       0.005940
   30     E+   Dxy      -0.000000
   31     E+   Dxz       0.000000
   32     E+   Dyy       0.000689
   33     E+   Dyz       0.000000
   34     E+   Dzz       0.000689
   35     E+     S      -0.007507
   36     E+     S      -0.056195
   37     E+     S       0.051400
   38     E+     S       0.067192
   39     E+     S       0.240772
   40     E+     S       0.121941
   41     E+     S       0.054243
   42     E+     S      -0.019210
   43     E+     S      -0.000378
   44     E+     S       0.000000
   45     E+    Px      -0.000258
   46     E+    Py       0.000000
   47     E+    Pz      -0.000000
   48     E+    Px       0.037100
   49     E+    Py       0.000000
   50     E+    Pz       0.000000
   51     E+    Px      -0.005227
   52     E+    Py      -0.000000
   53     E+    Pz      -0.000000
   54     E+    Px       0.008687
   55     E+    Py      -0.000000
   56     E+    Pz      -0.000000
   57     E+   Dxx       0.000049
   58     E+   Dxy       0.000000
   59     E+   Dxz       0.000000
   60     E+   Dyy       0.000037
   61     E+   Dyz      -0.000000
   62     E+   Dzz       0.000037
   63     E+   Dxx       0.005940
   64     E+   Dxy      -0.000000
   65     E+   Dxz       0.000000
   66     E+   Dyy       0.000689
   67     E+   Dyz       0.000000
   68     E+   Dzz       0.000689
 
                           __________
              Total =        1.000000
 
  Atomic MULLIKEN Population: for POSITRON  
            BE               0.500000
            BE               0.500000
 
 ...end of MULLIKEN Population
 
 
 END POPULATION ANALYSES 
 
 
  POPULATION ANALYSES: 
 ====================
 
 LOWDIN Population: for POSITRON  
 ---------------------
 
                                    
 
    1     E+     S       0.000776
    2     E+     S       0.004551
    3     E+     S       0.030776
    4     E+     S       0.105630
    5     E+     S       0.178251
    6     E+     S       0.122479
    7     E+     S       0.035944
    8     E+     S       0.000566
    9     E+     S       0.000201
   10     E+     S       0.000024
   11     E+    Px       0.000015
   12     E+    Py       0.000000
   13     E+    Pz      -0.000000
   14     E+    Px       0.000286
   15     E+    Py      -0.000000
   16     E+    Pz       0.000000
   17     E+    Px       0.002807
   18     E+    Py       0.000000
   19     E+    Pz       0.000000
   20     E+    Px       0.017608
   21     E+    Py      -0.000000
   22     E+    Pz       0.000000
   23     E+   Dxx       0.000001
   24     E+   Dxy       0.000000
   25     E+   Dxz       0.000000
   26     E+   Dyy       0.000001
   27     E+   Dyz       0.000000
   28     E+   Dzz       0.000001
   29     E+   Dxx       0.000013
   30     E+   Dxy      -0.000000
   31     E+   Dxz       0.000000
   32     E+   Dyy       0.000034
   33     E+   Dyz       0.000000
   34     E+   Dzz       0.000034
   35     E+     S       0.000776
   36     E+     S       0.004551
   37     E+     S       0.030776
   38     E+     S       0.105630
   39     E+     S       0.178251
   40     E+     S       0.122479
   41     E+     S       0.035944
   42     E+     S       0.000566
   43     E+     S       0.000201
   44     E+     S       0.000024
   45     E+    Px       0.000015
   46     E+    Py       0.000000
   47     E+    Pz      -0.000000
   48     E+    Px       0.000286
   49     E+    Py      -0.000000
   50     E+    Pz       0.000000
   51     E+    Px       0.002807
   52     E+    Py       0.000000
   53     E+    Pz       0.000000
   54     E+    Px       0.017608
   55     E+    Py       0.000000
   56     E+    Pz       0.000000
   57     E+   Dxx       0.000001
   58     E+   Dxy      -0.000000
   59     E+   Dxz       0.000000
   60     E+   Dyy       0.000001
   61     E+   Dyz       0.000000
   62     E+   Dzz       0.000001
   63     E+   Dxx       0.000013
   64     E+   Dxy      -0.000000
   65     E+   Dxz       0.000000
   66     E+   Dyy       0.000034
   67     E+   Dyz       0.000000
   68     E+   Dzz       0.000034
 
                           __________
              Total =        1.000000
 
  Atomic LOWDIN Population: for POSITRON  
            BE               0.500000
            BE               0.500000
 
 ...end of LOWDIN Population
 
 
 END POPULATION ANALYSES 
 
 
  EXPECTED POSITIONS OF QUANTUM SPECIES:
 ======================
 
 POSITIONS IN ANGSTROMS
 ------
 
                        <x>      <y>      <z>         
                 E-  28.7872   0.0000  -0.0000
           POSITRON   3.5984  -0.0000  -0.0000
 
 END EXPECTED POSITIONS
 
 
  ELECTROSTATIC MOMENTS:
 ======================
 
 
 DIPOLE: (A.U.)
 ------
 
                           <Dx>         <Dy>         <Dz>          |D|
                 E- -54.40000000  -0.00000000   0.00000000
           POSITRON   6.80000000  -0.00000000  -0.00000000
    Point charges:   54.40000000   0.00000000   0.00000000
                     ____________________________
      Total Dipole:   6.80000000  -0.00000000   0.00000000   6.80000000
 
 DIPOLE: (DEBYE)
 ------
 
                           <Dx>         <Dy>         <Dz>          |D|
                 E--138.27098999  -0.00000000   0.00000000
           POSITRON  17.28387375  -0.00000000  -0.00000000
    Point charges:  138.27098999   0.00000000   0.00000000
                     ____________________________
      Total Dipole:  17.28387375  -0.00000000   0.00000000  17.28387375
 
 QUADRUPOLE NON-TRACELESS: (DEBYE ANGS)
 ------
 
                           <xx>         <yy>         <zz>         <xy>         <xz>         <yz>
                 E--1011.01516068  -15.53939342  -15.53939342   -0.00000000    0.00000000    0.00000000
           POSITRON  246.39516863   42.01239540   42.01239540    0.00000000    0.00000000   -0.00000000
    Point charges:   995.11001149    0.00000000    0.00000000    0.00000000    0.00000000    0.00000000
  Total Quadrupole:  230.49001944   26.47300197   26.47300197    0.00000000    0.00000000   -0.00000000
                     ____________________________
 
 END ELECTROSTATIC MOMENTS
 

  TOTAL CPU Time:      0.259 (s)
 TOTAL Wall Time:      0.454 (s)
  Elapsed Time:   0h  0m  0s 454ms
LOWDIN execution terminated normally at : Tue Nov 26 15:30:52 2024
-rw-rw-r-- 1 pohl pohl 704K nov 26 15:30 0E-.ints
-rw-rw-r-- 1 pohl pohl 3.5M nov 26 15:30 0E-.POSITRON.ints
-rw-rw-r-- 1 pohl pohl 2.1M nov 26 15:30 0POSITRON.ints
-rw-rw-r-- 1 pohl pohl 704K nov 26 15:30 1E-.ints
-rw-rw-r-- 1 pohl pohl 3.5M nov 26 15:30 1E-.POSITRON.ints
-rw-rw-r-- 1 pohl pohl 2.1M nov 26 15:30 1POSITRON.ints
-rw-rw-r-- 1 pohl pohl 704K nov 26 15:30 2E-.ints
-rw-rw-r-- 1 pohl pohl 3.5M nov 26 15:30 2E-.POSITRON.ints
-rw-rw-r-- 1 pohl pohl 2.1M nov 26 15:30 2POSITRON.ints
-rw-rw-r-- 1 pohl pohl 704K nov 26 15:30 3E-.ints
-rw-rw-r-- 1 pohl pohl 3.5M nov 26 15:30 3E-.POSITRON.ints
-rw-rw-r-- 1 pohl pohl 2.1M nov 26 15:30 3POSITRON.ints
-rw-rw-r-- 1 pohl pohl   12 nov 26 15:30 E-.POSITRON.nints
-rw-rw-r-- 1 pohl pohl   64 nov 26 15:30 gepol.inp
-rw-rw-r-- 1 pohl pohl   91 nov 26 15:30 gepol.xyzr
-rw-rw-r-- 1 pohl pohl 9.5K nov 26 15:30 lowdin.bas
-rw-rw-r-- 1 pohl pohl  16K nov 26 15:30 lowdin.dat
-rw-rw-r-- 1 pohl pohl 691K nov 26 15:30 lowdin.opints
-rw-rw-r-- 1 pohl pohl  26K nov 26 15:30 lowdin.sys
-rw-rw-r-- 1 pohl pohl 689K nov 26 15:30 lowdin.wfn
-rw-rw-r-- 1 pohl pohl  498 nov 26 15:30 usual_59
-rw-rw-r-- 1 pohl pohl 1.8K nov 26 15:30 usual_59.aux
-rw-rw-r-- 1 pohl pohl  503 nov 26 15:30 usual_59.lowdin
-rw-rw-r-- 1 pohl pohl  47K nov 26 15:30 usual_59.out
-rw-rw-r-- 1 pohl pohl  54K nov 26 15:30 usual_59.vec
