Begin job by input: usual_238.lowdin, for user:   at  mar 26 nov 2024 15:32:31 -05
under operating system Linux helios 5.19.0-46-generic #47-Ubuntu SMP PREEMPT_DYNAMIC Fri Jun 16 13:30:11 UTC 2023 x86_64 x86_64 x86_64 GNU/Linux
Compilation information
  commit: f31d3924f6ee2ce9d77f07edcc1ba27359319d14
  compilation date:  mar 17 sep 2024 16:16:17 -05

BEGIN INPUT INFO:
------------------------------------

GEOMETRY
	Be	Dirac	0.0 0.0 0.0
	e-(Be)	6-311++G.d.p 0.0 0.0 0.0
	E+	GRIBAKIN-10S4P2D 0.0 0.0 0.0
	Be	Dirac	49.4 0.0 0.0
	e-(Be)	6-311++G.d.p	49.4 0.0 0.0
	E+	GRIBAKIN-10S4P2D 49.4 0.0 0.0 addParticles=-1 
END GEOMETRY

TASKS
        method = "RHF"
END TASKS

EXTERPOTENTIAL
	E- GRIBAKIN0
	E+ JOR238
END EXTERPOTENTIAL

CONTROL
	units="BOHRS"
	readCoefficients=F
	convergenceMethod=1
	overlapEigenThreshold=1E-6
	SCFGhostSpecies="POSITRON"
	HFprintEigenvalues=T
	totalEnergyTolerance = 1E-9
END CONTROL


... END INPUT INFO


 LOWDIN execution started at : Tue Nov 26 15:32:31 2024
 ---------------------------------------------------------------
 
 ***************************************************************
 *                   LOWDIN 2.0  (May/2013)                    *
 *                                                             *
 *  R. FLORES-MORENO, E. F. POSADA, F. S. MONCADA, J.ROMERO,   *
 *  J. CHARRY, M. DIAZ-TINOCO, S. A. GONZALEZ, N. F. AGUIRRE,  *
 *  A. REYES                                                   *
 *                                                             *
 *  https://sites.google.com/site/lowdinproject/               *
 *                                                             *
 ***************************************************************
 
 PARSING INPUT... DONE!
 
 LOWDIN IS RUNNING WITH NEXT PARAMETERS: 
 ----------------------------------------
 
         METHOD TYPE:  RHF
         NUMBER OF CORES:     4
         NONELECTRONIC DENSITY GUESS: HCORE
         ELECTRONIC DENSITY GUESS: HCORE
         CRITERIUM OF CONVERGENCE: ENERGY
         NONELECTRONIC ENERGY TOLERANCE IN SCFs:     0.10000E-07
         ELECTRONIC ENERGY TOLERANCE IN SCFs:     0.10000E-07
         TOTAL ENERGY TOLERANCE IN SCFs:     0.10000E-08
         SCHEME OF ITERATION: GLOBAL ITERATIONS
         SCF MAX. SUBITERATIONS - NONELECTRONS :     1
         SCF MAX. SUBITERATIONS - ELECTRONS :     1
         SCF MAX. ITERATIONS - INTERSPECIES :   200
         INTEGRAL STORAGE: DISK
         STACK SIZE FOR ERIS : 30000
         METHOD OF SCF CONVERGENCE: DAMPING
 
  MOLECULAR SYSTEM: usual_238
 -----------------
 
    DESCRIPTION   : usual_238
    CHARGE        :   2
    PUNTUAL GROUP : NONE
 
 
  INFORMATION OF PARTICLES :
 =========================
         Total number of particles   =      11
         Number of quantum particles =       9
         Number of puntual charges   =       2
         Number of quantum species   =       2
 
                 INFORMATION OF QUANTUM SPECIES 
    ----------------------------------------------------------------------
         ID      Symbol            mass     charge      omega     spin     multiplicity
    ----------------------------------------------------------------------
         1             E-         1.0000     -1.00      0.00      0.50      1.00
         2             E+         1.0000      1.00      0.00      0.50      1.00
 
                   CONSTANTS OF COUPLING 
      ------------------------------------------------------------
              Symbol      kappa        eta     lambda occupation
      ------------------------------------------------------------
                  E-      -1.00       2.00       2.00       4.00
                  E+      -1.00       1.00       1.00       1.00
 
                   BASIS SET FOR SPECIES 
      ------------------------------------------------------------
           Symbol          N. Basis     N. Particles     Basis Set
      ------------------------------------------------------------
                 E-           20                8     6-311++G.D
                 E+           32                1     GRIBAKIN-1
 
                                ATOMIC BASIS
         ------------------------------------------------------------
          PRIMITIVE   SHELL             EXPONENT         COEFFICIENT 
         ------------------------------------------------------------
 
    BEGIN DESCRIPTION OF BASIS FOR:    E-
    ==============================
 
 
            BE BASIS SET:   6-311++G.D.P
             1         S             1682.80000000          0.00228574
             2         S              251.71500000          0.01759380
             3         S               57.41160000          0.08633150
             4         S               16.51710000          0.28183500
             5         S                4.85364000          0.64059400
             6         S                0.62686300          0.14446700
             1         S                8.30938000          0.10862100
             2         S                1.74075000          0.92730100
             3         S                0.48581600         -0.00297169
             1         P                8.30938000          0.03613440
             2         P                1.74075000          0.21695800
             3         P                0.48581600          0.84183900
             1         S                0.16361300          1.00000000
             1         P                0.16361300          1.00000000
             1         S                0.05672850          1.00000000
             1         P                0.05672850          1.00000000
             1         S                0.02070000          1.00000000
             1         P                0.02070000          1.00000000
             1         D                0.25500000          1.00000000
 
            BE BASIS SET:   6-311++G.D.P
             1         S             1682.80000000          0.00228574
             2         S              251.71500000          0.01759380
             3         S               57.41160000          0.08633150
             4         S               16.51710000          0.28183500
             5         S                4.85364000          0.64059400
             6         S                0.62686300          0.14446700
             1         S                8.30938000          0.10862100
             2         S                1.74075000          0.92730100
             3         S                0.48581600         -0.00297169
             1         P                8.30938000          0.03613440
             2         P                1.74075000          0.21695800
             3         P                0.48581600          0.84183900
             1         S                0.16361300          1.00000000
             1         P                0.16361300          1.00000000
             1         S                0.05672850          1.00000000
             1         P                0.05672850          1.00000000
             1         S                0.02070000          1.00000000
             1         P                0.02070000          1.00000000
             1         D                0.25500000          1.00000000
    ... END DESCRIPTION OF BASIS
 
 
    BEGIN DESCRIPTION OF BASIS FOR:    E+
    ==============================
 
 
            E+ BASIS SET:GRIBAKIN-10S4P2
             1         S                0.00010000          1.00000000
             1         S                0.00030000          1.00000000
             1         S                0.00090000          1.00000000
             1         S                0.00270000          1.00000000
             1         S                0.00810000          1.00000000
             1         S                0.02430000          1.00000000
             1         S                0.07290000          1.00000000
             1         S                0.21870000          1.00000000
             1         S                0.65610000          1.00000000
             1         S                1.96830000          1.00000000
             1         P                0.00010000          1.00000000
             1         P                0.00030000          1.00000000
             1         P                0.00090000          1.00000000
             1         P                0.00270000          1.00000000
             1         D                0.00010000          1.00000000
             1         D                0.00030000          1.00000000
 
            E+ BASIS SET:GRIBAKIN-10S4P2
             1         S                0.00010000          1.00000000
             1         S                0.00030000          1.00000000
             1         S                0.00090000          1.00000000
             1         S                0.00270000          1.00000000
             1         S                0.00810000          1.00000000
             1         S                0.02430000          1.00000000
             1         S                0.07290000          1.00000000
             1         S                0.21870000          1.00000000
             1         S                0.65610000          1.00000000
             1         S                1.96830000          1.00000000
             1         P                0.00010000          1.00000000
             1         P                0.00030000          1.00000000
             1         P                0.00090000          1.00000000
             1         P                0.00270000          1.00000000
             1         D                0.00010000          1.00000000
             1         D                0.00030000          1.00000000
    ... END DESCRIPTION OF BASIS
 
 
  END INFORMATION OF PARTICLES
 
 
  INFORMATION OF THE QUANTUM SYSTEM 
     ---------------------------------------------------------------------
                 ID     Occupied Orbitals     Basis size
     ---------------------------------------------------------------------
                 E-            4               46
                 E+            1               68
 
  END INFORMATION OF QUANTUM SYSTEM
 
 
  INFORMATION OF EXTERNAL POTENTIALS 
 
 =======
 External Potential for E- : GRIBAKIN0
 Type : 
                     Exponent         l       R_x       R_y       R_z              Factor
                 0.0010000000         0   0.00000   0.00000   0.00000        0.0000000000
 
 =======
 External Potential for E+ : JOR238
 Type : 
                     Exponent         l       R_x       R_y       R_z              Factor
                 0.0010000000         0   0.00000   0.00000   0.00000       -0.0004852612
                 0.0020000000         0   0.00000   0.00000   0.00000        0.0024441783
                 0.0040000000         0   0.00000   0.00000   0.00000       -0.0075448874
                 0.0080000000         0   0.00000   0.00000   0.00000        0.0157738437
                 0.0160000000         0   0.00000   0.00000   0.00000       -0.0371036225
                 0.0320000000         0   0.00000   0.00000   0.00000        0.0538567205
                 0.0640000000         0   0.00000   0.00000   0.00000       -0.1977562620
                 0.1280000000         0   0.00000   0.00000   0.00000        0.1521150960
                 0.2560000000         0   0.00000   0.00000   0.00000       -2.2309931100
                 0.5120000000         0   0.00000   0.00000   0.00000        7.1544406100
                 1.0000000000         0   0.00000   0.00000   0.00000      -16.4610761000
                 2.0000000000         0   0.00000   0.00000   0.00000      120.0674500000
                 3.0000000000         0   0.00000   0.00000   0.00000    -1010.4441400000
                 4.0000000000         0   0.00000   0.00000   0.00000     5912.5175500000
                 5.0000000000         0   0.00000   0.00000   0.00000   -22883.6471000000
                 6.0000000000         0   0.00000   0.00000   0.00000    58320.2479000000
                 7.0000000000         0   0.00000   0.00000   0.00000   -96733.7399000000
                 8.0000000000         0   0.00000   0.00000   0.00000   100515.5930000000
                 9.0000000000         0   0.00000   0.00000   0.00000   -59492.9273000000
                10.0000000000         0   0.00000   0.00000   0.00000    15337.5181000000
                20.0000000000         0   0.00000   0.00000   0.00000     -108.3194530000
                30.0000000000         0   0.00000   0.00000   0.00000       58.7242217000
                40.0000000000         0   0.00000   0.00000   0.00000      -33.9818623000
                50.0000000000         0   0.00000   0.00000   0.00000       10.1503518000
               100.0000000000         0   0.00000   0.00000   0.00000       -0.2039701810
                 0.0010000000         0  49.40000   0.00000   0.00000       -0.0004852612
                 0.0020000000         0  49.40000   0.00000   0.00000        0.0024441783
                 0.0040000000         0  49.40000   0.00000   0.00000       -0.0075448874
                 0.0080000000         0  49.40000   0.00000   0.00000        0.0157738437
                 0.0160000000         0  49.40000   0.00000   0.00000       -0.0371036225
                 0.0320000000         0  49.40000   0.00000   0.00000        0.0538567205
                 0.0640000000         0  49.40000   0.00000   0.00000       -0.1977562620
                 0.1280000000         0  49.40000   0.00000   0.00000        0.1521150960
                 0.2560000000         0  49.40000   0.00000   0.00000       -2.2309931100
                 0.5120000000         0  49.40000   0.00000   0.00000        7.1544406100
                 1.0000000000         0  49.40000   0.00000   0.00000      -16.4610761000
                 2.0000000000         0  49.40000   0.00000   0.00000      120.0674500000
                 3.0000000000         0  49.40000   0.00000   0.00000    -1010.4441400000
                 4.0000000000         0  49.40000   0.00000   0.00000     5912.5175500000
                 5.0000000000         0  49.40000   0.00000   0.00000   -22883.6471000000
                 6.0000000000         0  49.40000   0.00000   0.00000    58320.2479000000
                 7.0000000000         0  49.40000   0.00000   0.00000   -96733.7399000000
                 8.0000000000         0  49.40000   0.00000   0.00000   100515.5930000000
                 9.0000000000         0  49.40000   0.00000   0.00000   -59492.9273000000
                10.0000000000         0  49.40000   0.00000   0.00000    15337.5181000000
                20.0000000000         0  49.40000   0.00000   0.00000     -108.3194530000
                30.0000000000         0  49.40000   0.00000   0.00000       58.7242217000
                40.0000000000         0  49.40000   0.00000   0.00000      -33.9818623000
                50.0000000000         0  49.40000   0.00000   0.00000       10.1503518000
               100.0000000000         0  49.40000   0.00000   0.00000       -0.2039701810
 
  END INFORMATION OF EXTERNAL POTENTIALS
 
                       INITIAL GEOMETRY: AMSTRONG
                 -----------------------------------
                       <x>                 <y>                 <z>
      E-BE        0.0000000000        0.0000000000        0.0000000000
      E-BE       26.1413561125        0.0000000000        0.0000000000
        E+        0.0000000000        0.0000000000        0.0000000000
        E+       26.1413561125        0.0000000000        0.0000000000
        BE        0.0000000000        0.0000000000        0.0000000000
        BE       26.1413561125        0.0000000000        0.0000000000
 
                     MATRIX OF DISTANCE: ANGSTROM
                 -----------------------------------
                          BE(1)          BE(2)     
 
        BE(1)            0.000000      26.141356
        BE(2)           26.141356       0.000000
 
--------------------------------------------------------------------------------
** PROGRAM: SCF (Hartree Fock).     Author: S.A. Gonzalez, E. Posada, F. Moncada
--------------------------------------------------------------------------------
INFO: RUNNING IN RHF MODE.
 
----------------------------------------------------------------------
** PROGRAM INTS                          Author: E. F. Posada, 2013   
----------------------------------------------------------------------
INFO: RUNNING IN ONE_PARTICLE MODE.
 
 Number of Overlap integrals for species E-:   2116
 Number of Overlap integrals for species POSITRON:   4624
 Number of Kinetic integrals for species E-:   2116
 Number of Kinetic integrals for species POSITRON:   4624
 Number of Nuclear integrals for species E-:   2116
 Number of Nuclear integrals for species POSITRON:   4624
 Number of Moment integrals for species E-:   6348
 Number of Moment integrals for species POSITRON:  13872
 Number of 3C Overlap integrals for species E-:   2116
 Number of 3C Overlap integrals for species POSITRON:   4624
 
** TOTAL CPU Time INTS :      0.397 (s)
** TOTAL Elapsed Time INTS :      0.154 (s)
 
Removed     1 orbitals for species POSITRON with overlap eigen threshold of 1.000E-06
       Usign  HCORE density guess for species:         E-
     number of         E-     particles in guess density matrix:     8.000000
       Usign  HCORE density guess for species:   POSITRON
     number of   POSITRON     particles in guess density matrix:     0.000000
 Warning!, density matrix with deviation from number of particles    1.000000
 Number of unique integrals for species: 1 = 33184
 Number of unique integrals for species: 2 = 277291
 Number of unique integrals for species: 1 / 2 = 315314 Screened: 30341
 
 TWO-BODY INTEGRAL SETUP: 
------------------------- 
 Storage:   DISK
 Scheme: LIBINT
 Stack size:  30000
 
 LIBINT library, Fermann, J. T.; Valeev, F. L. 2010                   
 LOWDIN-LIBINT Implementation V. 2.1  Posada E. F. ; Reyes A. 2016   
 ----------------------------------------------------------------------

*** TOTAL CPU time intra-species integrals :      0.361 (s)
*** TOTAL elapsed time intra-species integrals :      0.056 (s)


*** TOTAL CPU time inter-species integrals :      0.548 (s)
*** TOTAL elapsed time inter-species integrals :      0.087 (s)

INFO: RUNNING SCHEME SIMULTANEOUS
 
 Begin Multi-Species SCF calculation:
 
 --------------------------------------------------------------------------------------------------
      Iteration                   Energy            Energy Change           Density Change
 --------------------------------------------------------------------------------------------------
              1         -27.551301087820          27.551301087820           0.323578350690
              2         -29.115377141308           1.564076053488           0.022805040129
              3         -29.140836427527           0.025459286219           0.007075669184
              4         -29.146405760979           0.005569333451           0.002999712210
              5         -29.147055904875           0.000650143897           0.000231449767
              6         -29.147052853191          -0.000003051684           0.000057302008
              7         -29.147052405762          -0.000000447430           0.000014555683
              8         -29.147052465245           0.000000059483           0.000003882963
              9         -29.147052538185           0.000000072940           0.000001153389
             10         -29.147052575364           0.000000037179           0.000000361124
             11         -29.147052590873           0.000000015509           0.000000118329
             12         -29.147052596809           0.000000005936           0.000000040429
             13         -29.147052598980           0.000000002171           0.000000014306
             14         -29.147052599754           0.000000000774           0.000000005201
 Total energy converged after  14 global iterations                                                  
 
 ...end Multi-Species SCF calculation
 
 
 Begin SCF calculation by: E-
 -------------------------
 
 -----------------------------------------------------------------------------------
 Iteration                   Energy           Density Change         DIIS Error 
 -----------------------------------------------------------------------------------
    1         -29.345518752126           0.020061566924                 -- 
    2         -29.446430963105           0.003558206500                 -- 
    3         -29.463633034890           0.000809372255                 -- 
    4         -29.466958659245           0.000201092296                 -- 
    5         -29.467618268004           0.000052007066                 -- 
    6         -29.467748738085           0.000013830043                 -- 
    7         -29.467773649162           0.000003783273                 -- 
    8         -29.467777950099           0.000001068695                 -- 
    9         -29.467778495937           0.000000312694                 -- 
   10         -29.467778476627           0.000000094824                 -- 
   11         -29.467778423859           0.000000029740                 -- 
   12         -29.467778395492           0.000000009609                 -- 
   13         -29.467778383512           0.000000003183                 -- 
 
 ... end SCF calculation
 
 Begin SCF calculation by: POSITRON
 -------------------------
 
 -----------------------------------------------------------------------------------
 Iteration                   Energy           Density Change         DIIS Error 
 -----------------------------------------------------------------------------------
    1          -0.063478207010           0.002743473205                 -- 
    2          -0.043362989670           0.003517462684                 -- 
    3          -0.031504983933           0.002190339955                 -- 
    4          -0.031308800884           0.000030357471                 -- 
    5          -0.031273939014           0.000005294942                 -- 
    6          -0.031269105274           0.000000725640                 -- 
    7          -0.031269032530           0.000000099691                 -- 
    8          -0.031269361523           0.000000084694                 -- 
    9          -0.031269552967           0.000000048430                 -- 
   10          -0.031269635792           0.000000023505                 -- 
   11          -0.031269667819           0.000000010689                 -- 
   12          -0.031269679518           0.000000004697                 -- 
   13          -0.031269683652           0.000000002018                 -- 
 
 ... end SCF calculation
 
  EIGENVALUES AND EIGENVECTORS: 
 ==============================
 
 
  Eigenvalues for: E-
 -----------------
 
    1          -4.732348739059
    2          -4.732348739059
    3          -0.309258221811
    4          -0.309258221811
    5           0.029565783748
    6           0.029565784087
    7           0.029565784087
    8           0.029565784101
    9           0.029565784101
   10           0.029565784436
   11           0.051096234940
   12           0.051096235004
   13           0.098028633464
   14           0.098028634078
   15           0.098028634078
   16           0.098028634104
   17           0.098028634104
   18           0.098028634716
   19           0.321204931366
   20           0.321204931408
   21           0.345804686364
   22           0.345804686693
   23           0.345804686693
   24           0.345804686707
   25           0.345804686707
   26           0.345804687034
   27           0.692850857259
   28           0.692850857259
   29           0.692850857259
   30           0.692850857259
   31           0.692850857259
   32           0.692850857259
   33           0.692850857259
   34           0.692850857259
   35           0.692850857259
   36           0.692850857259
   37           1.198792707460
   38           1.198792707600
   39           1.198792707600
   40           1.198792707605
   41           1.198792707605
   42           1.198792707745
   43           1.414741301032
   44           1.414741301044
   45          10.066564141234
   46          10.066564141239
 
 
  Eigenvalues for: POSITRON
 -----------------
 
    1          -0.003160863074
    2          -0.003038232299
    3           0.000084374924
    4           0.000134800707
    5           0.000206550384
    6           0.000206550384
    7           0.000258128548
    8           0.000279570033
    9           0.000279570033
   10           0.000323998501
   11           0.000323998501
   12           0.000362727016
   13           0.000406759794
   14           0.000425397343
   15           0.000425397343
   16           0.000435518872
   17           0.000435608639
   18           0.000435608639
   19           0.000563131315
   20           0.000563131315
   21           0.000590786297
   22           0.000879581554
   23           0.000879581554
   24           0.000954936530
   25           0.001027175010
   26           0.001122633275
   27           0.001122633275
   28           0.001144084551
   29           0.001216337847
   30           0.001216337847
   31           0.001238373244
   32           0.001475675035
   33           0.001475675035
   34           0.001480936013
   35           0.001480936013
   36           0.001769831923
   37           0.001769831923
   38           0.001803272553
   39           0.002112060459
   40           0.002136183507
   41           0.002379454201
   42           0.002909065997
   43           0.002909065997
   44           0.003469626160
   45           0.003534819945
   46           0.003534819945
   47           0.004515380273
   48           0.004967099592
   49           0.005455156242
   50           0.009264486748
   51           0.009264486748
   52           0.009350968295
   53           0.009435345210
   54           0.009435345210
   55           0.010381544494
   56           0.014802881574
   57           0.014949594398
   58           0.051016199807
   59           0.051483707337
   60           0.192955216716
   61           0.193348621659
   62           0.855405576571
   63           0.855687857181
   64           2.941099896719
   65           2.941315827199
   66          10.802268505194
   67          10.802480168995
   68     1000000.000000000000
 
  end of eigenvalues 
 
  Occupied Eigenvectors for: E-
 --------------------------- 
 
                          -4.7323        -4.7323        -0.3093        -0.3093   
 
    1     BE     S      -0.595870      -0.022106      -0.043078       0.100764
    2     BE     S      -0.446136      -0.016551      -0.072996       0.170745
    3     BE    Px       0.000000       0.000000       0.000000      -0.000000
    4     BE    Py       0.000000       0.000000       0.000000      -0.000000
    5     BE    Pz      -0.000000      -0.000000      -0.000000       0.000000
    6     BE     S       0.004886       0.000181       0.229568      -0.536985
    7     BE    Px      -0.000000      -0.000000       0.000000      -0.000000
    8     BE    Py      -0.000000      -0.000000       0.000000      -0.000000
    9     BE    Pz       0.000000       0.000000      -0.000000       0.000000
   10     BE     S      -0.001424      -0.000053       0.196601      -0.459870
   11     BE    Px       0.000000       0.000000      -0.000000       0.000000
   12     BE    Py       0.000000      -0.000000       0.000000      -0.000000
   13     BE    Pz      -0.000000      -0.000000      -0.000000       0.000000
   14     BE     S       0.000429       0.000016       0.008783      -0.020545
   15     BE    Px      -0.000000      -0.000000      -0.000000       0.000000
   16     BE    Py       0.000000      -0.000000       0.000000      -0.000000
   17     BE    Pz      -0.000000      -0.000000       0.000000      -0.000000
   18     BE   Dxx      -0.000670      -0.000025      -0.000697       0.001630
   19     BE   Dxy      -0.000000      -0.000000      -0.000000       0.000000
   20     BE   Dxz      -0.000000       0.000000      -0.000000       0.000000
   21     BE   Dyy      -0.000670      -0.000025      -0.000697       0.001630
   22     BE   Dyz      -0.000000      -0.000000      -0.000000       0.000000
   23     BE   Dzz      -0.000670      -0.000025      -0.000697       0.001630
   24     BE     S       0.022106      -0.595870      -0.100764      -0.043078
   25     BE     S       0.016551      -0.446136      -0.170745      -0.072996
   26     BE    Px       0.000000      -0.000000      -0.000000      -0.000000
   27     BE    Py       0.000000       0.000000       0.000000      -0.000000
   28     BE    Pz       0.000000       0.000000       0.000000       0.000000
   29     BE     S      -0.000181       0.004886       0.536985       0.229568
   30     BE    Px      -0.000000       0.000000      -0.000000      -0.000000
   31     BE    Py      -0.000000      -0.000000       0.000000      -0.000000
   32     BE    Pz      -0.000000      -0.000000      -0.000000       0.000000
   33     BE     S       0.000053      -0.001424       0.459870       0.196601
   34     BE    Px       0.000000      -0.000000       0.000000       0.000000
   35     BE    Py       0.000000       0.000000       0.000000      -0.000000
   36     BE    Pz       0.000000       0.000000      -0.000000       0.000000
   37     BE     S      -0.000016       0.000429       0.020545       0.008783
   38     BE    Px      -0.000000       0.000000       0.000000       0.000000
   39     BE    Py      -0.000000      -0.000000      -0.000000       0.000000
   40     BE    Pz      -0.000000      -0.000000      -0.000000       0.000000
   41     BE   Dxx       0.000025      -0.000670      -0.001630      -0.000697
   42     BE   Dxy      -0.000000      -0.000000       0.000000       0.000000
   43     BE   Dxz       0.000000       0.000000      -0.000000      -0.000000
   44     BE   Dyy       0.000025      -0.000670      -0.001630      -0.000697
   45     BE   Dyz       0.000000      -0.000000      -0.000000      -0.000000
   46     BE   Dzz       0.000025      -0.000670      -0.001630      -0.000697
 
 
  Occupied Eigenvectors for: POSITRON
 --------------------------- 
 
                          -0.0032   
 
    1     E+     S       0.019825
    2     E+     S       0.017216
    3     E+     S      -0.122646
    4     E+     S      -0.207873
    5     E+     S      -0.271687
    6     E+     S      -0.173775
    7     E+     S      -0.119679
    8     E+     S       0.094632
    9     E+     S       0.005857
   10     E+     S      -0.000000
   11     E+    Px       0.011060
   12     E+    Py      -0.000000
   13     E+    Pz      -0.000000
   14     E+    Px      -0.002324
   15     E+    Py      -0.000000
   16     E+    Pz      -0.000000
   17     E+    Px       0.000421
   18     E+    Py      -0.000000
   19     E+    Pz      -0.000000
   20     E+    Px      -0.000248
   21     E+    Py      -0.000000
   22     E+    Pz      -0.000000
   23     E+   Dxx       0.001478
   24     E+   Dxy      -0.000000
   25     E+   Dxz      -0.000000
   26     E+   Dyy      -0.003721
   27     E+   Dyz       0.000000
   28     E+   Dzz      -0.003721
   29     E+   Dxx      -0.013189
   30     E+   Dxy      -0.000000
   31     E+   Dxz      -0.000000
   32     E+   Dyy      -0.011698
   33     E+   Dyz      -0.000000
   34     E+   Dzz      -0.011698
   35     E+     S       0.019825
   36     E+     S       0.017216
   37     E+     S      -0.122646
   38     E+     S      -0.207873
   39     E+     S      -0.271687
   40     E+     S      -0.173775
   41     E+     S      -0.119679
   42     E+     S       0.094632
   43     E+     S       0.005857
   44     E+     S      -0.000000
   45     E+    Px      -0.011060
   46     E+    Py       0.000000
   47     E+    Pz       0.000000
   48     E+    Px       0.002324
   49     E+    Py       0.000000
   50     E+    Pz       0.000000
   51     E+    Px      -0.000421
   52     E+    Py      -0.000000
   53     E+    Pz      -0.000000
   54     E+    Px       0.000248
   55     E+    Py       0.000000
   56     E+    Pz      -0.000000
   57     E+   Dxx       0.001478
   58     E+   Dxy      -0.000000
   59     E+   Dxz      -0.000000
   60     E+   Dyy      -0.003721
   61     E+   Dyz      -0.000000
   62     E+   Dzz      -0.003721
   63     E+   Dxx      -0.013189
   64     E+   Dxy      -0.000000
   65     E+   Dxz      -0.000000
   66     E+   Dyy      -0.011698
   67     E+   Dyz       0.000000
   68     E+   Dzz      -0.011698
 
 
  end of eigenvectors 
 
  END OF EIGENVALUES AND EIGENVECTORS
 
 
  COMPONENTS OF KINETIC ENERGY: 
 -----------------------------
 
                  E- Kinetic energy =           29.142628633627
            POSITRON Kinetic energy =            0.015222306334
                                     _________________________
               Total kinetic energy =           29.157850939960
 
  COMPONENTS OF POTENTIAL ENERGY: 
 -------------------------------
 
          Fixed potential energy    =            0.323886639676
 
  Quantum/Fixed interaction energy: 
 ----------------------------------
 
          E-/Fixed interact. energy =          -67.911757557171
    POSITRON/Fixed interact. energy =            0.662005938778
                                     _________________________
               Total Q/Fixed energy =          -67.249751618393
 
  Coulomb energy: 
 ------------------
 
               E-/E- Hartree energy =           14.634460000390
   POSITRON/POSITRON Hartree energy =            0.000000000000
         E-/POSITRON Hartree energy =           -0.652280287880
                                     _________________________
               Total Hartree energy =           13.982179712510
 
  Exchange(HF) energy: 
 ----------------------
 
                 E- Exchange energy =           -5.333109453202
           POSITRON Exchange energy =            0.000000000000
                                     _________________________
              Total Exchange energy =           -5.333109453202
 
  External Potential energy: 
 ----------------------------
 
                  E- Ext Pot energy =            0.000000000000
            POSITRON Ext Pot energy =           -0.028108820577
                                     _________________________
    Total External Potential energy =           -0.028108820577
 
  TOTAL ENERGY COMPONENTS: 
 ==========================
 
          TOTAL KINETIC ENERGY      =           29.157850939960
          TOTAL POTENTIAL ENERGY    =          -58.304903539986
                                     _________________________
                       TOTAL ENERGY =          -29.147052600026
 
                 VIRIAL RATIO (V/T) =            1.999629659265
 
 
  END ENERGY COMPONENTS
 
 
** TOTAL CPU Time SCF :      0.914 (s)
** TOTAL Elapsed Time SCF :      0.335 (s)
 
 We are calculating properties for E- in the HF/KS ground state
 We are calculating properties for POSITRON in the HF/KS ground state
 
  POPULATION ANALYSES: 
 ====================
 
 MULLIKEN Population: for E-        
 ---------------------
 
                                    
 
    1     BE     S       1.166391
    2     BE     S       0.823588
    3     BE    Px       0.000000
    4     BE    Py       0.000000
    5     BE    Pz       0.000000
    6     BE     S       1.043694
    7     BE    Px       0.000000
    8     BE    Py       0.000000
    9     BE    Pz       0.000000
   10     BE     S       0.942124
   11     BE    Px       0.000000
   12     BE    Py       0.000000
   13     BE    Pz       0.000000
   14     BE     S       0.031424
   15     BE    Px       0.000000
   16     BE    Py       0.000000
   17     BE    Pz      -0.000000
   18     BE   Dxx      -0.002407
   19     BE   Dxy       0.000000
   20     BE   Dxz       0.000000
   21     BE   Dyy      -0.002407
   22     BE   Dyz       0.000000
   23     BE   Dzz      -0.002407
   24     BE     S       1.166391
   25     BE     S       0.823588
   26     BE    Px       0.000000
   27     BE    Py       0.000000
   28     BE    Pz       0.000000
   29     BE     S       1.043694
   30     BE    Px       0.000000
   31     BE    Py      -0.000000
   32     BE    Pz       0.000000
   33     BE     S       0.942124
   34     BE    Px       0.000000
   35     BE    Py       0.000000
   36     BE    Pz       0.000000
   37     BE     S       0.031424
   38     BE    Px       0.000000
   39     BE    Py       0.000000
   40     BE    Pz       0.000000
   41     BE   Dxx      -0.002407
   42     BE   Dxy       0.000000
   43     BE   Dxz       0.000000
   44     BE   Dyy      -0.002407
   45     BE   Dyz       0.000000
   46     BE   Dzz      -0.002407
 
                           __________
              Total =        8.000000
 
  Atomic MULLIKEN Population: for E-        
            BE               4.000000
            BE               4.000000
 
 ...end of MULLIKEN Population
 
 
 END POPULATION ANALYSES 
 
 
  POPULATION ANALYSES: 
 ====================
 
 LOWDIN Population: for E-        
 ---------------------
 
                                    
 
    1     BE     S       1.101745
    2     BE     S       0.875944
    3     BE    Px       0.000000
    4     BE    Py       0.000000
    5     BE    Pz       0.000000
    6     BE     S       0.590908
    7     BE    Px       0.000000
    8     BE    Py      -0.000000
    9     BE    Pz       0.000000
   10     BE     S       0.553024
   11     BE    Px       0.000000
   12     BE    Py      -0.000000
   13     BE    Pz       0.000000
   14     BE     S       0.204207
   15     BE    Px       0.000000
   16     BE    Py       0.000000
   17     BE    Pz      -0.000000
   18     BE   Dxx       0.224724
   19     BE   Dxy       0.000000
   20     BE   Dxz       0.000000
   21     BE   Dyy       0.224724
   22     BE   Dyz       0.000000
   23     BE   Dzz       0.224724
   24     BE     S       1.101745
   25     BE     S       0.875944
   26     BE    Px       0.000000
   27     BE    Py       0.000000
   28     BE    Pz       0.000000
   29     BE     S       0.590908
   30     BE    Px       0.000000
   31     BE    Py       0.000000
   32     BE    Pz       0.000000
   33     BE     S       0.553024
   34     BE    Px       0.000000
   35     BE    Py       0.000000
   36     BE    Pz       0.000000
   37     BE     S       0.204207
   38     BE    Px       0.000000
   39     BE    Py       0.000000
   40     BE    Pz       0.000000
   41     BE   Dxx       0.224724
   42     BE   Dxy       0.000000
   43     BE   Dxz       0.000000
   44     BE   Dyy       0.224724
   45     BE   Dyz       0.000000
   46     BE   Dzz       0.224724
 
                           __________
              Total =        8.000000
 
  Atomic LOWDIN Population: for E-        
            BE               4.000000
            BE               4.000000
 
 ...end of LOWDIN Population
 
 
 END POPULATION ANALYSES 
 
 
  POPULATION ANALYSES: 
 ====================
 
 MULLIKEN Population: for POSITRON  
 ---------------------
 
                                    
 
    1     E+     S      -0.004773
    2     E+     S      -0.006976
    3     E+     S       0.066051
    4     E+     S       0.132630
    5     E+     S       0.182521
    6     E+     S       0.098788
    7     E+     S       0.043881
    8     E+     S      -0.015735
    9     E+     S      -0.000309
   10     E+     S       0.000000
   11     E+    Px      -0.001100
   12     E+    Py      -0.000000
   13     E+    Pz      -0.000000
   14     E+    Px       0.000483
   15     E+    Py      -0.000000
   16     E+    Pz      -0.000000
   17     E+    Px      -0.000079
   18     E+    Py      -0.000000
   19     E+    Pz      -0.000000
   20     E+    Px       0.000012
   21     E+    Py       0.000000
   22     E+    Pz      -0.000000
   23     E+   Dxx      -0.000102
   24     E+   Dxy       0.000000
   25     E+   Dxz       0.000000
   26     E+   Dyy       0.000057
   27     E+   Dyz      -0.000000
   28     E+   Dzz       0.000057
   29     E+   Dxx       0.003174
   30     E+   Dxy       0.000000
   31     E+   Dxz       0.000000
   32     E+   Dyy       0.000710
   33     E+   Dyz      -0.000000
   34     E+   Dzz       0.000710
   35     E+     S      -0.004773
   36     E+     S      -0.006976
   37     E+     S       0.066051
   38     E+     S       0.132630
   39     E+     S       0.182521
   40     E+     S       0.098788
   41     E+     S       0.043881
   42     E+     S      -0.015735
   43     E+     S      -0.000309
   44     E+     S       0.000000
   45     E+    Px      -0.001100
   46     E+    Py      -0.000000
   47     E+    Pz      -0.000000
   48     E+    Px       0.000483
   49     E+    Py      -0.000000
   50     E+    Pz      -0.000000
   51     E+    Px      -0.000079
   52     E+    Py       0.000000
   53     E+    Pz       0.000000
   54     E+    Px       0.000012
   55     E+    Py       0.000000
   56     E+    Pz       0.000000
   57     E+   Dxx      -0.000102
   58     E+   Dxy       0.000000
   59     E+   Dxz       0.000000
   60     E+   Dyy       0.000057
   61     E+   Dyz       0.000000
   62     E+   Dzz       0.000057
   63     E+   Dxx       0.003174
   64     E+   Dxy       0.000000
   65     E+   Dxz       0.000000
   66     E+   Dyy       0.000710
   67     E+   Dyz       0.000000
   68     E+   Dzz       0.000710
 
                           __________
              Total =        1.000000
 
  Atomic MULLIKEN Population: for POSITRON  
            BE               0.500000
            BE               0.500000
 
 ...end of MULLIKEN Population
 
 
 END POPULATION ANALYSES 
 
 
  POPULATION ANALYSES: 
 ====================
 
 LOWDIN Population: for POSITRON  
 ---------------------
 
                                    
 
    1     E+     S       0.003442
    2     E+     S       0.014834
    3     E+     S       0.051655
    4     E+     S       0.121255
    5     E+     S       0.158924
    6     E+     S       0.105186
    7     E+     S       0.031178
    8     E+     S       0.000528
    9     E+     S       0.000154
   10     E+     S       0.000019
   11     E+    Px       0.000771
   12     E+    Py      -0.000000
   13     E+    Pz       0.000000
   14     E+    Px       0.004405
   15     E+    Py      -0.000000
   16     E+    Pz       0.000000
   17     E+    Px       0.003180
   18     E+    Py      -0.000000
   19     E+    Pz       0.000000
   20     E+    Px       0.000015
   21     E+    Py      -0.000000
   22     E+    Pz      -0.000000
   23     E+   Dxx       0.000098
   24     E+   Dxy      -0.000000
   25     E+   Dxz       0.000000
   26     E+   Dyy       0.000016
   27     E+   Dyz       0.000000
   28     E+   Dzz       0.000016
   29     E+   Dxx       0.004129
   30     E+   Dxy      -0.000000
   31     E+   Dxz       0.000000
   32     E+   Dyy       0.000098
   33     E+   Dyz       0.000000
   34     E+   Dzz       0.000098
   35     E+     S       0.003442
   36     E+     S       0.014834
   37     E+     S       0.051655
   38     E+     S       0.121255
   39     E+     S       0.158924
   40     E+     S       0.105186
   41     E+     S       0.031178
   42     E+     S       0.000528
   43     E+     S       0.000154
   44     E+     S       0.000019
   45     E+    Px       0.000771
   46     E+    Py       0.000000
   47     E+    Pz       0.000000
   48     E+    Px       0.004405
   49     E+    Py      -0.000000
   50     E+    Pz       0.000000
   51     E+    Px       0.003180
   52     E+    Py      -0.000000
   53     E+    Pz       0.000000
   54     E+    Px       0.000015
   55     E+    Py       0.000000
   56     E+    Pz       0.000000
   57     E+   Dxx       0.000098
   58     E+   Dxy       0.000000
   59     E+   Dxz       0.000000
   60     E+   Dyy       0.000016
   61     E+   Dyz       0.000000
   62     E+   Dzz       0.000016
   63     E+   Dxx       0.004129
   64     E+   Dxy       0.000000
   65     E+   Dxz       0.000000
   66     E+   Dyy       0.000098
   67     E+   Dyz       0.000000
   68     E+   Dzz       0.000098
 
                           __________
              Total =        1.000000
 
  Atomic LOWDIN Population: for POSITRON  
            BE               0.500000
            BE               0.500000
 
 ...end of LOWDIN Population
 
 
 END POPULATION ANALYSES 
 
 
  EXPECTED POSITIONS OF QUANTUM SPECIES:
 ======================
 
 POSITIONS IN ANGSTROMS
 ------
 
                        <x>      <y>      <z>         
                 E- 104.5654   0.0000  -0.0000
           POSITRON  13.0707  -0.0000  -0.0000
 
 END EXPECTED POSITIONS
 
 
  ELECTROSTATIC MOMENTS:
 ======================
 
 
 DIPOLE: (A.U.)
 ------
 
                           <Dx>         <Dy>         <Dz>          |D|
                 E--197.60000000  -0.00000000   0.00000000
           POSITRON  24.70000000  -0.00000000  -0.00000000
    Point charges:  197.60000000   0.00000000   0.00000000
                     ____________________________
      Total Dipole:  24.70000000  -0.00000000  -0.00000000  24.70000000
 
 DIPOLE: (DEBYE)
 ------
 
                           <Dx>         <Dy>         <Dz>          |D|
                 E--502.24903717  -0.00000000   0.00000000
           POSITRON  62.78112965  -0.00000000  -0.00000000
    Point charges:  502.24903717   0.00000000   0.00000000
                     ____________________________
      Total Dipole:  62.78112965  -0.00000000  -0.00000000  62.78112965
 
 QUADRUPOLE NON-TRACELESS: (DEBYE ANGS)
 ------
 
                           <xx>         <yy>         <zz>         <xy>         <xz>         <yz>
                 E-**************  -15.54360930  -15.54360930    0.00000000   -0.00000000    0.00000000
           POSITRON 1905.10637791   67.64251239   67.64251239    0.00000000    0.00000000   -0.00000000
    Point charges: 13129.46944005    0.00000000    0.00000000    0.00000000    0.00000000    0.00000000
  Total Quadrupole: 1889.56277386   52.09890309   52.09890309    0.00000000    0.00000000   -0.00000000
                     ____________________________
 
 END ELECTROSTATIC MOMENTS
 

  TOTAL CPU Time:      0.259 (s)
 TOTAL Wall Time:      0.384 (s)
  Elapsed Time:   0h  0m  0s 385ms
LOWDIN execution terminated normally at : Tue Nov 26 15:32:31 2024
-rw-rw-r-- 1 pohl pohl 704K nov 26 15:32 0E-.ints
-rw-rw-r-- 1 pohl pohl 2.1M nov 26 15:32 0E-.POSITRON.ints
-rw-rw-r-- 1 pohl pohl 2.1M nov 26 15:32 0POSITRON.ints
-rw-rw-r-- 1 pohl pohl 704K nov 26 15:32 1E-.ints
-rw-rw-r-- 1 pohl pohl 2.1M nov 26 15:32 1E-.POSITRON.ints
-rw-rw-r-- 1 pohl pohl 2.1M nov 26 15:32 1POSITRON.ints
-rw-rw-r-- 1 pohl pohl 704K nov 26 15:32 2E-.ints
-rw-rw-r-- 1 pohl pohl 2.1M nov 26 15:32 2E-.POSITRON.ints
-rw-rw-r-- 1 pohl pohl 2.1M nov 26 15:32 2POSITRON.ints
-rw-rw-r-- 1 pohl pohl 704K nov 26 15:32 3E-.ints
-rw-rw-r-- 1 pohl pohl 2.1M nov 26 15:32 3E-.POSITRON.ints
-rw-rw-r-- 1 pohl pohl 2.1M nov 26 15:32 3POSITRON.ints
-rw-rw-r-- 1 pohl pohl   12 nov 26 15:32 E-.POSITRON.nints
-rw-rw-r-- 1 pohl pohl   65 nov 26 15:32 gepol.inp
-rw-rw-r-- 1 pohl pohl   91 nov 26 15:32 gepol.xyzr
-rw-rw-r-- 1 pohl pohl 9.5K nov 26 15:32 lowdin.bas
-rw-rw-r-- 1 pohl pohl  16K nov 26 15:32 lowdin.dat
-rw-rw-r-- 1 pohl pohl 691K nov 26 15:32 lowdin.opints
-rw-rw-r-- 1 pohl pohl  26K nov 26 15:32 lowdin.sys
-rw-rw-r-- 1 pohl pohl 689K nov 26 15:32 lowdin.wfn
-rw-rw-r-- 1 pohl pohl  499 nov 26 15:32 usual_238
-rw-rw-r-- 1 pohl pohl 1.8K nov 26 15:32 usual_238.aux
-rw-rw-r-- 1 pohl pohl  504 nov 26 15:32 usual_238.lowdin
-rw-rw-r-- 1 pohl pohl  46K nov 26 15:32 usual_238.out
-rw-rw-r-- 1 pohl pohl  54K nov 26 15:32 usual_238.vec
