Begin job by input: usual_263.lowdin, for user:   at  mar 26 nov 2024 15:32:44 -05
under operating system Linux helios 5.19.0-46-generic #47-Ubuntu SMP PREEMPT_DYNAMIC Fri Jun 16 13:30:11 UTC 2023 x86_64 x86_64 x86_64 GNU/Linux
Compilation information
  commit: f31d3924f6ee2ce9d77f07edcc1ba27359319d14
  compilation date:  mar 17 sep 2024 16:16:17 -05

BEGIN INPUT INFO:
------------------------------------

GEOMETRY
	Be	Dirac	0.0 0.0 0.0
	e-(Be)	6-311++G.d.p 0.0 0.0 0.0
	E+	GRIBAKIN-10S4P2D 0.0 0.0 0.0
	Be	Dirac	54.4 0.0 0.0
	e-(Be)	6-311++G.d.p	54.4 0.0 0.0
	E+	GRIBAKIN-10S4P2D 54.4 0.0 0.0 addParticles=-1 
END GEOMETRY

TASKS
        method = "RHF"
END TASKS

EXTERPOTENTIAL
	E- GRIBAKIN0
	E+ JOR263
END EXTERPOTENTIAL

CONTROL
	units="BOHRS"
	readCoefficients=F
	convergenceMethod=1
	overlapEigenThreshold=1E-6
	SCFGhostSpecies="POSITRON"
	HFprintEigenvalues=T
	totalEnergyTolerance = 1E-9
END CONTROL


... END INPUT INFO


 LOWDIN execution started at : Tue Nov 26 15:32:44 2024
 ---------------------------------------------------------------
 
 ***************************************************************
 *                   LOWDIN 2.0  (May/2013)                    *
 *                                                             *
 *  R. FLORES-MORENO, E. F. POSADA, F. S. MONCADA, J.ROMERO,   *
 *  J. CHARRY, M. DIAZ-TINOCO, S. A. GONZALEZ, N. F. AGUIRRE,  *
 *  A. REYES                                                   *
 *                                                             *
 *  https://sites.google.com/site/lowdinproject/               *
 *                                                             *
 ***************************************************************
 
 PARSING INPUT... DONE!
 
 LOWDIN IS RUNNING WITH NEXT PARAMETERS: 
 ----------------------------------------
 
         METHOD TYPE:  RHF
         NUMBER OF CORES:     4
         NONELECTRONIC DENSITY GUESS: HCORE
         ELECTRONIC DENSITY GUESS: HCORE
         CRITERIUM OF CONVERGENCE: ENERGY
         NONELECTRONIC ENERGY TOLERANCE IN SCFs:     0.10000E-07
         ELECTRONIC ENERGY TOLERANCE IN SCFs:     0.10000E-07
         TOTAL ENERGY TOLERANCE IN SCFs:     0.10000E-08
         SCHEME OF ITERATION: GLOBAL ITERATIONS
         SCF MAX. SUBITERATIONS - NONELECTRONS :     1
         SCF MAX. SUBITERATIONS - ELECTRONS :     1
         SCF MAX. ITERATIONS - INTERSPECIES :   200
         INTEGRAL STORAGE: DISK
         STACK SIZE FOR ERIS : 30000
         METHOD OF SCF CONVERGENCE: DAMPING
 
  MOLECULAR SYSTEM: usual_263
 -----------------
 
    DESCRIPTION   : usual_263
    CHARGE        :   2
    PUNTUAL GROUP : NONE
 
 
  INFORMATION OF PARTICLES :
 =========================
         Total number of particles   =      11
         Number of quantum particles =       9
         Number of puntual charges   =       2
         Number of quantum species   =       2
 
                 INFORMATION OF QUANTUM SPECIES 
    ----------------------------------------------------------------------
         ID      Symbol            mass     charge      omega     spin     multiplicity
    ----------------------------------------------------------------------
         1             E-         1.0000     -1.00      0.00      0.50      1.00
         2             E+         1.0000      1.00      0.00      0.50      1.00
 
                   CONSTANTS OF COUPLING 
      ------------------------------------------------------------
              Symbol      kappa        eta     lambda occupation
      ------------------------------------------------------------
                  E-      -1.00       2.00       2.00       4.00
                  E+      -1.00       1.00       1.00       1.00
 
                   BASIS SET FOR SPECIES 
      ------------------------------------------------------------
           Symbol          N. Basis     N. Particles     Basis Set
      ------------------------------------------------------------
                 E-           20                8     6-311++G.D
                 E+           32                1     GRIBAKIN-1
 
                                ATOMIC BASIS
         ------------------------------------------------------------
          PRIMITIVE   SHELL             EXPONENT         COEFFICIENT 
         ------------------------------------------------------------
 
    BEGIN DESCRIPTION OF BASIS FOR:    E-
    ==============================
 
 
            BE BASIS SET:   6-311++G.D.P
             1         S             1682.80000000          0.00228574
             2         S              251.71500000          0.01759380
             3         S               57.41160000          0.08633150
             4         S               16.51710000          0.28183500
             5         S                4.85364000          0.64059400
             6         S                0.62686300          0.14446700
             1         S                8.30938000          0.10862100
             2         S                1.74075000          0.92730100
             3         S                0.48581600         -0.00297169
             1         P                8.30938000          0.03613440
             2         P                1.74075000          0.21695800
             3         P                0.48581600          0.84183900
             1         S                0.16361300          1.00000000
             1         P                0.16361300          1.00000000
             1         S                0.05672850          1.00000000
             1         P                0.05672850          1.00000000
             1         S                0.02070000          1.00000000
             1         P                0.02070000          1.00000000
             1         D                0.25500000          1.00000000
 
            BE BASIS SET:   6-311++G.D.P
             1         S             1682.80000000          0.00228574
             2         S              251.71500000          0.01759380
             3         S               57.41160000          0.08633150
             4         S               16.51710000          0.28183500
             5         S                4.85364000          0.64059400
             6         S                0.62686300          0.14446700
             1         S                8.30938000          0.10862100
             2         S                1.74075000          0.92730100
             3         S                0.48581600         -0.00297169
             1         P                8.30938000          0.03613440
             2         P                1.74075000          0.21695800
             3         P                0.48581600          0.84183900
             1         S                0.16361300          1.00000000
             1         P                0.16361300          1.00000000
             1         S                0.05672850          1.00000000
             1         P                0.05672850          1.00000000
             1         S                0.02070000          1.00000000
             1         P                0.02070000          1.00000000
             1         D                0.25500000          1.00000000
    ... END DESCRIPTION OF BASIS
 
 
    BEGIN DESCRIPTION OF BASIS FOR:    E+
    ==============================
 
 
            E+ BASIS SET:GRIBAKIN-10S4P2
             1         S                0.00010000          1.00000000
             1         S                0.00030000          1.00000000
             1         S                0.00090000          1.00000000
             1         S                0.00270000          1.00000000
             1         S                0.00810000          1.00000000
             1         S                0.02430000          1.00000000
             1         S                0.07290000          1.00000000
             1         S                0.21870000          1.00000000
             1         S                0.65610000          1.00000000
             1         S                1.96830000          1.00000000
             1         P                0.00010000          1.00000000
             1         P                0.00030000          1.00000000
             1         P                0.00090000          1.00000000
             1         P                0.00270000          1.00000000
             1         D                0.00010000          1.00000000
             1         D                0.00030000          1.00000000
 
            E+ BASIS SET:GRIBAKIN-10S4P2
             1         S                0.00010000          1.00000000
             1         S                0.00030000          1.00000000
             1         S                0.00090000          1.00000000
             1         S                0.00270000          1.00000000
             1         S                0.00810000          1.00000000
             1         S                0.02430000          1.00000000
             1         S                0.07290000          1.00000000
             1         S                0.21870000          1.00000000
             1         S                0.65610000          1.00000000
             1         S                1.96830000          1.00000000
             1         P                0.00010000          1.00000000
             1         P                0.00030000          1.00000000
             1         P                0.00090000          1.00000000
             1         P                0.00270000          1.00000000
             1         D                0.00010000          1.00000000
             1         D                0.00030000          1.00000000
    ... END DESCRIPTION OF BASIS
 
 
  END INFORMATION OF PARTICLES
 
 
  INFORMATION OF THE QUANTUM SYSTEM 
     ---------------------------------------------------------------------
                 ID     Occupied Orbitals     Basis size
     ---------------------------------------------------------------------
                 E-            4               46
                 E+            1               68
 
  END INFORMATION OF QUANTUM SYSTEM
 
 
  INFORMATION OF EXTERNAL POTENTIALS 
 
 =======
 External Potential for E- : GRIBAKIN0
 Type : 
                     Exponent         l       R_x       R_y       R_z              Factor
                 0.0010000000         0   0.00000   0.00000   0.00000        0.0000000000
 
 =======
 External Potential for E+ : JOR263
 Type : 
                     Exponent         l       R_x       R_y       R_z              Factor
                 0.0010000000         0   0.00000   0.00000   0.00000       -0.0004852612
                 0.0020000000         0   0.00000   0.00000   0.00000        0.0024441783
                 0.0040000000         0   0.00000   0.00000   0.00000       -0.0075448874
                 0.0080000000         0   0.00000   0.00000   0.00000        0.0157738437
                 0.0160000000         0   0.00000   0.00000   0.00000       -0.0371036225
                 0.0320000000         0   0.00000   0.00000   0.00000        0.0538567205
                 0.0640000000         0   0.00000   0.00000   0.00000       -0.1977562620
                 0.1280000000         0   0.00000   0.00000   0.00000        0.1521150960
                 0.2560000000         0   0.00000   0.00000   0.00000       -2.2309931100
                 0.5120000000         0   0.00000   0.00000   0.00000        7.1544406100
                 1.0000000000         0   0.00000   0.00000   0.00000      -16.4610761000
                 2.0000000000         0   0.00000   0.00000   0.00000      120.0674500000
                 3.0000000000         0   0.00000   0.00000   0.00000    -1010.4441400000
                 4.0000000000         0   0.00000   0.00000   0.00000     5912.5175500000
                 5.0000000000         0   0.00000   0.00000   0.00000   -22883.6471000000
                 6.0000000000         0   0.00000   0.00000   0.00000    58320.2479000000
                 7.0000000000         0   0.00000   0.00000   0.00000   -96733.7399000000
                 8.0000000000         0   0.00000   0.00000   0.00000   100515.5930000000
                 9.0000000000         0   0.00000   0.00000   0.00000   -59492.9273000000
                10.0000000000         0   0.00000   0.00000   0.00000    15337.5181000000
                20.0000000000         0   0.00000   0.00000   0.00000     -108.3194530000
                30.0000000000         0   0.00000   0.00000   0.00000       58.7242217000
                40.0000000000         0   0.00000   0.00000   0.00000      -33.9818623000
                50.0000000000         0   0.00000   0.00000   0.00000       10.1503518000
               100.0000000000         0   0.00000   0.00000   0.00000       -0.2039701810
                 0.0010000000         0  54.40000   0.00000   0.00000       -0.0004852612
                 0.0020000000         0  54.40000   0.00000   0.00000        0.0024441783
                 0.0040000000         0  54.40000   0.00000   0.00000       -0.0075448874
                 0.0080000000         0  54.40000   0.00000   0.00000        0.0157738437
                 0.0160000000         0  54.40000   0.00000   0.00000       -0.0371036225
                 0.0320000000         0  54.40000   0.00000   0.00000        0.0538567205
                 0.0640000000         0  54.40000   0.00000   0.00000       -0.1977562620
                 0.1280000000         0  54.40000   0.00000   0.00000        0.1521150960
                 0.2560000000         0  54.40000   0.00000   0.00000       -2.2309931100
                 0.5120000000         0  54.40000   0.00000   0.00000        7.1544406100
                 1.0000000000         0  54.40000   0.00000   0.00000      -16.4610761000
                 2.0000000000         0  54.40000   0.00000   0.00000      120.0674500000
                 3.0000000000         0  54.40000   0.00000   0.00000    -1010.4441400000
                 4.0000000000         0  54.40000   0.00000   0.00000     5912.5175500000
                 5.0000000000         0  54.40000   0.00000   0.00000   -22883.6471000000
                 6.0000000000         0  54.40000   0.00000   0.00000    58320.2479000000
                 7.0000000000         0  54.40000   0.00000   0.00000   -96733.7399000000
                 8.0000000000         0  54.40000   0.00000   0.00000   100515.5930000000
                 9.0000000000         0  54.40000   0.00000   0.00000   -59492.9273000000
                10.0000000000         0  54.40000   0.00000   0.00000    15337.5181000000
                20.0000000000         0  54.40000   0.00000   0.00000     -108.3194530000
                30.0000000000         0  54.40000   0.00000   0.00000       58.7242217000
                40.0000000000         0  54.40000   0.00000   0.00000      -33.9818623000
                50.0000000000         0  54.40000   0.00000   0.00000       10.1503518000
               100.0000000000         0  54.40000   0.00000   0.00000       -0.2039701810
 
  END INFORMATION OF EXTERNAL POTENTIALS
 
                       INITIAL GEOMETRY: AMSTRONG
                 -----------------------------------
                       <x>                 <y>                 <z>
      E-BE        0.0000000000        0.0000000000        0.0000000000
      E-BE       28.7872423587        0.0000000000        0.0000000000
        E+        0.0000000000        0.0000000000        0.0000000000
        E+       28.7872423587        0.0000000000        0.0000000000
        BE        0.0000000000        0.0000000000        0.0000000000
        BE       28.7872423587        0.0000000000        0.0000000000
 
                     MATRIX OF DISTANCE: ANGSTROM
                 -----------------------------------
                          BE(1)          BE(2)     
 
        BE(1)            0.000000      28.787242
        BE(2)           28.787242       0.000000
 
--------------------------------------------------------------------------------
** PROGRAM: SCF (Hartree Fock).     Author: S.A. Gonzalez, E. Posada, F. Moncada
--------------------------------------------------------------------------------
INFO: RUNNING IN RHF MODE.
 
----------------------------------------------------------------------
** PROGRAM INTS                          Author: E. F. Posada, 2013   
----------------------------------------------------------------------
INFO: RUNNING IN ONE_PARTICLE MODE.
 
 Number of Overlap integrals for species E-:   2116
 Number of Overlap integrals for species POSITRON:   4624
 Number of Kinetic integrals for species E-:   2116
 Number of Kinetic integrals for species POSITRON:   4624
 Number of Nuclear integrals for species E-:   2116
 Number of Nuclear integrals for species POSITRON:   4624
 Number of Moment integrals for species E-:   6348
 Number of Moment integrals for species POSITRON:  13872
 Number of 3C Overlap integrals for species E-:   2116
 Number of 3C Overlap integrals for species POSITRON:   4624
 
** TOTAL CPU Time INTS :      0.397 (s)
** TOTAL Elapsed Time INTS :      0.153 (s)
 
Removed     1 orbitals for species POSITRON with overlap eigen threshold of 1.000E-06
       Usign  HCORE density guess for species:         E-
     number of         E-     particles in guess density matrix:     8.000000
       Usign  HCORE density guess for species:   POSITRON
     number of   POSITRON     particles in guess density matrix:     0.000000
 Warning!, density matrix with deviation from number of particles    1.000000
 Number of unique integrals for species: 1 = 33128
 Number of unique integrals for species: 2 = 268842
 Number of unique integrals for species: 1 / 2 = 314152 Screened: 32318
 
 TWO-BODY INTEGRAL SETUP: 
------------------------- 
 Storage:   DISK
 Scheme: LIBINT
 Stack size:  30000
 
 LIBINT library, Fermann, J. T.; Valeev, F. L. 2010                   
 LOWDIN-LIBINT Implementation V. 2.1  Posada E. F. ; Reyes A. 2016   
 ----------------------------------------------------------------------

*** TOTAL CPU time intra-species integrals :      0.371 (s)
*** TOTAL elapsed time intra-species integrals :      0.056 (s)


*** TOTAL CPU time inter-species integrals :      0.548 (s)
*** TOTAL elapsed time inter-species integrals :      0.087 (s)

INFO: RUNNING SCHEME SIMULTANEOUS
 
 Begin Multi-Species SCF calculation:
 
 --------------------------------------------------------------------------------------------------
      Iteration                   Energy            Energy Change           Density Change
 --------------------------------------------------------------------------------------------------
              1         -27.552060004228          27.552060004228           0.324805633708
              2         -29.115393815432           1.563333811204           0.032079952073
              3         -29.140831490256           0.025437674824           0.007047347090
              4         -29.146381222416           0.005549732160           0.002988096678
              5         -29.147030618819           0.000649396403           0.000231836392
              6         -29.147027341553          -0.000003277266           0.000057269298
              7         -29.147026840090          -0.000000501463           0.000014487828
              8         -29.147026884560           0.000000044471           0.000003833467
              9         -29.147026952787           0.000000068227           0.000001125545
             10         -29.147026988354           0.000000035567           0.000000346430
             11         -29.147027003282           0.000000014928           0.000000110761
             12         -29.147027009001           0.000000005719           0.000000036718
             13         -29.147027011089           0.000000002089           0.000000012577
             14         -29.147027011832           0.000000000742           0.000000004429
 Total energy converged after  14 global iterations                                                  
 
 ...end Multi-Species SCF calculation
 
 
 Begin SCF calculation by: E-
 -------------------------
 
 -----------------------------------------------------------------------------------
 Iteration                   Energy           Density Change         DIIS Error 
 -----------------------------------------------------------------------------------
    1         -29.315431192585           0.020094108557                 -- 
    2         -29.416587692551           0.003561736904                 -- 
    3         -29.433844727045           0.000809285100                 -- 
    4         -29.437184383535           0.000200740638                 -- 
    5         -29.437847765112           0.000051795737                 -- 
    6         -29.437979296449           0.000013728410                 -- 
    7         -29.438004518581           0.000003737975                 -- 
    8         -29.438008913946           0.000001049191                 -- 
    9         -29.438009489285           0.000000304472                 -- 
   10         -29.438009479408           0.000000091416                 -- 
   11         -29.438009429712           0.000000028348                 -- 
   12         -29.438009402361           0.000000009048                 -- 
   13         -29.438009390721           0.000000002960                 -- 
 
 ... end SCF calculation
 
 Begin SCF calculation by: POSITRON
 -------------------------
 
 -----------------------------------------------------------------------------------
 Iteration                   Energy           Density Change         DIIS Error 
 -----------------------------------------------------------------------------------
    1          -0.063511420067           0.011985843516                 -- 
    2          -0.043472665186           0.003485610186                 -- 
    3          -0.031638985264           0.002178811578                 -- 
    4          -0.031440487622           0.000031095754                 -- 
    5          -0.031404930698           0.000005473562                 -- 
    6          -0.031399885079           0.000000759418                 -- 
    7          -0.031399746772           0.000000095492                 -- 
    8          -0.031400055254           0.000000076353                 -- 
    9          -0.031400240236           0.000000041958                 -- 
   10          -0.031400321018           0.000000019345                 -- 
   11          -0.031400352399           0.000000008370                 -- 
   12          -0.031400363894           0.000000003529                 -- 
   13          -0.031400367964           0.000000001469                 -- 
 
 ... end SCF calculation
 
  EIGENVALUES AND EIGENVECTORS: 
 ==============================
 
 
  Eigenvalues for: E-
 -----------------
 
    1          -4.732348738963
    2          -4.732348738963
    3          -0.309258221774
    4          -0.309258221774
    5           0.029565784120
    6           0.029565784123
    7           0.029565784123
    8           0.029565784123
    9           0.029565784123
   10           0.029565784124
   11           0.051096234987
   12           0.051096234987
   13           0.098028634117
   14           0.098028634121
   15           0.098028634121
   16           0.098028634121
   17           0.098028634121
   18           0.098028634125
   19           0.321204931419
   20           0.321204931419
   21           0.345804686740
   22           0.345804686742
   23           0.345804686742
   24           0.345804686742
   25           0.345804686742
   26           0.345804686744
   27           0.692850857316
   28           0.692850857316
   29           0.692850857316
   30           0.692850857316
   31           0.692850857316
   32           0.692850857316
   33           0.692850857316
   34           0.692850857316
   35           0.692850857316
   36           0.692850857316
   37           1.198792707671
   38           1.198792707672
   39           1.198792707672
   40           1.198792707672
   41           1.198792707672
   42           1.198792707672
   43           1.414741301103
   44           1.414741301103
   45          10.066564141329
   46          10.066564141329
 
 
  Eigenvalues for: POSITRON
 -----------------
 
    1          -0.003135275152
    2          -0.003059943591
    3           0.000084082894
    4           0.000134167688
    5           0.000205968577
    6           0.000205968577
    7           0.000257976773
    8           0.000278900011
    9           0.000278900011
   10           0.000322778871
   11           0.000322778871
   12           0.000361301893
   13           0.000405220642
   14           0.000423956762
   15           0.000423956762
   16           0.000433700646
   17           0.000433700646
   18           0.000434662707
   19           0.000560897786
   20           0.000560897786
   21           0.000588888516
   22           0.000876476541
   23           0.000876476541
   24           0.000948964474
   25           0.001028748421
   26           0.001115398923
   27           0.001115398923
   28           0.001137261007
   29           0.001210380805
   30           0.001210380805
   31           0.001234136350
   32           0.001461705712
   33           0.001461705712
   34           0.001471342217
   35           0.001471342217
   36           0.001758312304
   37           0.001758312304
   38           0.001774496214
   39           0.002115266591
   40           0.002116091440
   41           0.002362561051
   42           0.002917336690
   43           0.002917336690
   44           0.003342703639
   45           0.003477606502
   46           0.003477606502
   47           0.004458030156
   48           0.004944556539
   49           0.005388618169
   50           0.009271527244
   51           0.009271527244
   52           0.009408534769
   53           0.009408534769
   54           0.009834368846
   55           0.009895351349
   56           0.014679563409
   57           0.015087420451
   58           0.051190900628
   59           0.051289061153
   60           0.193088811429
   61           0.193187560839
   62           0.855478394436
   63           0.855592015834
   64           2.941149830771
   65           2.941249148027
   66          10.802314508222
   67          10.802417246894
   68     1000000.000000000000
 
  end of eigenvalues 
 
  Occupied Eigenvectors for: E-
 --------------------------- 
 
                          -4.7323        -4.7323        -0.3093        -0.3093   
 
    1     BE     S      -0.168798       0.571889       0.002135      -0.109565
    2     BE     S      -0.126382       0.428181       0.003618      -0.185659
    3     BE    Px       0.000000      -0.000000      -0.000000       0.000000
    4     BE    Py      -0.000000       0.000000      -0.000000       0.000000
    5     BE    Pz       0.000000      -0.000000       0.000000      -0.000000
    6     BE     S       0.001384      -0.004689      -0.011379       0.583887
    7     BE    Px      -0.000000       0.000000      -0.000000       0.000000
    8     BE    Py      -0.000000       0.000000      -0.000000       0.000000
    9     BE    Pz      -0.000000       0.000000       0.000000      -0.000000
   10     BE     S      -0.000403       0.001367      -0.009745       0.500038
   11     BE    Px       0.000000      -0.000000       0.000000      -0.000000
   12     BE    Py      -0.000000       0.000000      -0.000000       0.000000
   13     BE    Pz       0.000000      -0.000000       0.000000      -0.000000
   14     BE     S       0.000121      -0.000411      -0.000435       0.022339
   15     BE    Px      -0.000000       0.000000       0.000000      -0.000000
   16     BE    Py      -0.000000       0.000000      -0.000000       0.000000
   17     BE    Pz      -0.000000       0.000000      -0.000000       0.000000
   18     BE   Dxx      -0.000190       0.000643       0.000035      -0.001772
   19     BE   Dxy      -0.000000       0.000000      -0.000000      -0.000000
   20     BE   Dxz      -0.000000       0.000000      -0.000000      -0.000000
   21     BE   Dyy      -0.000190       0.000643       0.000035      -0.001772
   22     BE   Dyz      -0.000000      -0.000000      -0.000000       0.000000
   23     BE   Dzz      -0.000190       0.000643       0.000035      -0.001772
   24     BE     S       0.571889       0.168798       0.109565       0.002135
   25     BE     S       0.428181       0.126382       0.185659       0.003618
   26     BE    Px       0.000000       0.000000       0.000000       0.000000
   27     BE    Py      -0.000000       0.000000      -0.000000       0.000000
   28     BE    Pz      -0.000000       0.000000       0.000000      -0.000000
   29     BE     S      -0.004689      -0.001384      -0.583887      -0.011379
   30     BE    Px      -0.000000      -0.000000       0.000000       0.000000
   31     BE    Py       0.000000      -0.000000      -0.000000       0.000000
   32     BE    Pz       0.000000      -0.000000       0.000000      -0.000000
   33     BE     S       0.001367       0.000403      -0.500038      -0.009745
   34     BE    Px       0.000000       0.000000      -0.000000      -0.000000
   35     BE    Py      -0.000000       0.000000       0.000000      -0.000000
   36     BE    Pz      -0.000000       0.000000       0.000000      -0.000000
   37     BE     S      -0.000411      -0.000121      -0.022339      -0.000435
   38     BE    Px      -0.000000      -0.000000      -0.000000      -0.000000
   39     BE    Py       0.000000      -0.000000      -0.000000       0.000000
   40     BE    Pz       0.000000      -0.000000       0.000000       0.000000
   41     BE   Dxx       0.000643       0.000190       0.001772       0.000035
   42     BE   Dxy      -0.000000      -0.000000       0.000000      -0.000000
   43     BE   Dxz       0.000000       0.000000       0.000000      -0.000000
   44     BE   Dyy       0.000643       0.000190       0.001772       0.000035
   45     BE   Dyz      -0.000000      -0.000000       0.000000       0.000000
   46     BE   Dzz       0.000643       0.000190       0.001772       0.000035
 
 
  Occupied Eigenvectors for: POSITRON
 --------------------------- 
 
                          -0.0031   
 
    1     E+     S       0.020845
    2     E+     S       0.016586
    3     E+     S      -0.123525
    4     E+     S      -0.209828
    5     E+     S      -0.272530
    6     E+     S      -0.174349
    7     E+     S      -0.120023
    8     E+     S       0.094909
    9     E+     S       0.005875
   10     E+     S      -0.000000
   11     E+    Px       0.007882
   12     E+    Py      -0.000000
   13     E+    Pz       0.000000
   14     E+    Px      -0.001969
   15     E+    Py       0.000000
   16     E+    Pz       0.000000
   17     E+    Px       0.000437
   18     E+    Py       0.000000
   19     E+    Pz       0.000000
   20     E+    Px      -0.000364
   21     E+    Py      -0.000000
   22     E+    Pz       0.000000
   23     E+   Dxx       0.000509
   24     E+   Dxy      -0.000000
   25     E+   Dxz       0.000000
   26     E+   Dyy      -0.003703
   27     E+   Dyz       0.000000
   28     E+   Dzz      -0.003703
   29     E+   Dxx      -0.013058
   30     E+   Dxy       0.000000
   31     E+   Dxz       0.000000
   32     E+   Dyy      -0.011577
   33     E+   Dyz       0.000000
   34     E+   Dzz      -0.011577
   35     E+     S       0.020845
   36     E+     S       0.016586
   37     E+     S      -0.123525
   38     E+     S      -0.209828
   39     E+     S      -0.272530
   40     E+     S      -0.174349
   41     E+     S      -0.120023
   42     E+     S       0.094909
   43     E+     S       0.005875
   44     E+     S      -0.000000
   45     E+    Px      -0.007882
   46     E+    Py       0.000000
   47     E+    Pz      -0.000000
   48     E+    Px       0.001969
   49     E+    Py      -0.000000
   50     E+    Pz      -0.000000
   51     E+    Px      -0.000437
   52     E+    Py       0.000000
   53     E+    Pz       0.000000
   54     E+    Px       0.000364
   55     E+    Py      -0.000000
   56     E+    Pz       0.000000
   57     E+   Dxx       0.000509
   58     E+   Dxy      -0.000000
   59     E+   Dxz      -0.000000
   60     E+   Dyy      -0.003703
   61     E+   Dyz      -0.000000
   62     E+   Dzz      -0.003703
   63     E+   Dxx      -0.013058
   64     E+   Dxy       0.000000
   65     E+   Dxz       0.000000
   66     E+   Dyy      -0.011577
   67     E+   Dyz      -0.000000
   68     E+   Dzz      -0.011577
 
 
  end of eigenvectors 
 
  END OF EIGENVALUES AND EIGENVECTORS
 
 
  COMPONENTS OF KINETIC ENERGY: 
 -----------------------------
 
                  E- Kinetic energy =           29.142628633733
            POSITRON Kinetic energy =            0.015347303397
                                     _________________________
               Total kinetic energy =           29.157975937131
 
  COMPONENTS OF POTENTIAL ENERGY: 
 -------------------------------
 
          Fixed potential energy    =            0.294117647059
 
  Quantum/Fixed interaction energy: 
 ----------------------------------
 
          E-/Fixed interact. energy =          -67.852219572226
    POSITRON/Fixed interact. energy =            0.656343022242
                                     _________________________
               Total Q/Fixed energy =          -67.195876549984
 
  Coulomb energy: 
 ------------------
 
               E-/E- Hartree energy =           14.604691007991
   POSITRON/POSITRON Hartree energy =            0.000000000000
         E-/POSITRON Hartree energy =           -0.646560508238
                                     _________________________
               Total Hartree energy =           13.958130499753
 
  Exchange(HF) energy: 
 ----------------------
 
                 E- Exchange energy =           -5.333109453237
           POSITRON Exchange energy =            0.000000000000
                                     _________________________
              Total Exchange energy =           -5.333109453237
 
  External Potential energy: 
 ----------------------------
 
                  E- Ext Pot energy =            0.000000000000
            POSITRON Ext Pot energy =           -0.028265092812
                                     _________________________
    Total External Potential energy =           -0.028265092812
 
  TOTAL ENERGY COMPONENTS: 
 ==========================
 
          TOTAL KINETIC ENERGY      =           29.157975937131
          TOTAL POTENTIAL ENERGY    =          -58.305002949222
                                     _________________________
                       TOTAL ENERGY =          -29.147027012091
 
                 VIRIAL RATIO (V/T) =            1.999624496396
 
 
  END ENERGY COMPONENTS
 
 
** TOTAL CPU Time SCF :      0.892 (s)
** TOTAL Elapsed Time SCF :      0.327 (s)
 
 We are calculating properties for E- in the HF/KS ground state
 We are calculating properties for POSITRON in the HF/KS ground state
 
  POPULATION ANALYSES: 
 ====================
 
 MULLIKEN Population: for E-        
 ---------------------
 
                                    
 
    1     BE     S       1.166391
    2     BE     S       0.823588
    3     BE    Px       0.000000
    4     BE    Py       0.000000
    5     BE    Pz       0.000000
    6     BE     S       1.043694
    7     BE    Px       0.000000
    8     BE    Py       0.000000
    9     BE    Pz       0.000000
   10     BE     S       0.942124
   11     BE    Px       0.000000
   12     BE    Py       0.000000
   13     BE    Pz       0.000000
   14     BE     S       0.031424
   15     BE    Px       0.000000
   16     BE    Py       0.000000
   17     BE    Pz      -0.000000
   18     BE   Dxx      -0.002407
   19     BE   Dxy       0.000000
   20     BE   Dxz       0.000000
   21     BE   Dyy      -0.002407
   22     BE   Dyz       0.000000
   23     BE   Dzz      -0.002407
   24     BE     S       1.166391
   25     BE     S       0.823588
   26     BE    Px       0.000000
   27     BE    Py      -0.000000
   28     BE    Pz      -0.000000
   29     BE     S       1.043694
   30     BE    Px       0.000000
   31     BE    Py       0.000000
   32     BE    Pz       0.000000
   33     BE     S       0.942124
   34     BE    Px       0.000000
   35     BE    Py       0.000000
   36     BE    Pz       0.000000
   37     BE     S       0.031424
   38     BE    Px       0.000000
   39     BE    Py       0.000000
   40     BE    Pz       0.000000
   41     BE   Dxx      -0.002407
   42     BE   Dxy       0.000000
   43     BE   Dxz       0.000000
   44     BE   Dyy      -0.002407
   45     BE   Dyz       0.000000
   46     BE   Dzz      -0.002407
 
                           __________
              Total =        8.000000
 
  Atomic MULLIKEN Population: for E-        
            BE               4.000000
            BE               4.000000
 
 ...end of MULLIKEN Population
 
 
 END POPULATION ANALYSES 
 
 
  POPULATION ANALYSES: 
 ====================
 
 LOWDIN Population: for E-        
 ---------------------
 
                                    
 
    1     BE     S       1.101745
    2     BE     S       0.875944
    3     BE    Px       0.000000
    4     BE    Py       0.000000
    5     BE    Pz       0.000000
    6     BE     S       0.590908
    7     BE    Px       0.000000
    8     BE    Py       0.000000
    9     BE    Pz       0.000000
   10     BE     S       0.553024
   11     BE    Px       0.000000
   12     BE    Py       0.000000
   13     BE    Pz       0.000000
   14     BE     S       0.204207
   15     BE    Px       0.000000
   16     BE    Py       0.000000
   17     BE    Pz       0.000000
   18     BE   Dxx       0.224724
   19     BE   Dxy      -0.000000
   20     BE   Dxz      -0.000000
   21     BE   Dyy       0.224724
   22     BE   Dyz      -0.000000
   23     BE   Dzz       0.224724
   24     BE     S       1.101745
   25     BE     S       0.875944
   26     BE    Px       0.000000
   27     BE    Py       0.000000
   28     BE    Pz       0.000000
   29     BE     S       0.590908
   30     BE    Px       0.000000
   31     BE    Py       0.000000
   32     BE    Pz       0.000000
   33     BE     S       0.553024
   34     BE    Px       0.000000
   35     BE    Py       0.000000
   36     BE    Pz       0.000000
   37     BE     S       0.204207
   38     BE    Px       0.000000
   39     BE    Py       0.000000
   40     BE    Pz       0.000000
   41     BE   Dxx       0.224724
   42     BE   Dxy       0.000000
   43     BE   Dxz       0.000000
   44     BE   Dyy       0.224724
   45     BE   Dyz       0.000000
   46     BE   Dzz       0.224724
 
                           __________
              Total =        8.000000
 
  Atomic LOWDIN Population: for E-        
            BE               4.000000
            BE               4.000000
 
 ...end of LOWDIN Population
 
 
 END POPULATION ANALYSES 
 
 
  POPULATION ANALYSES: 
 ====================
 
 MULLIKEN Population: for POSITRON  
 ---------------------
 
                                    
 
    1     E+     S      -0.004960
    2     E+     S      -0.006487
    3     E+     S       0.063956
    4     E+     S       0.132678
    5     E+     S       0.183233
    6     E+     S       0.099361
    7     E+     S       0.044132
    8     E+     S      -0.015828
    9     E+     S      -0.000310
   10     E+     S       0.000000
   11     E+    Px      -0.000830
   12     E+    Py      -0.000000
   13     E+    Pz       0.000000
   14     E+    Px       0.000397
   15     E+    Py      -0.000000
   16     E+    Pz      -0.000000
   17     E+    Px      -0.000064
   18     E+    Py      -0.000000
   19     E+    Pz      -0.000000
   20     E+    Px       0.000011
   21     E+    Py       0.000000
   22     E+    Pz      -0.000000
   23     E+   Dxx      -0.000040
   24     E+   Dxy       0.000000
   25     E+   Dxz      -0.000000
   26     E+   Dyy       0.000056
   27     E+   Dyz      -0.000000
   28     E+   Dzz       0.000056
   29     E+   Dxx       0.003273
   30     E+   Dxy      -0.000000
   31     E+   Dxz      -0.000000
   32     E+   Dyy       0.000683
   33     E+   Dyz      -0.000000
   34     E+   Dzz       0.000683
   35     E+     S      -0.004960
   36     E+     S      -0.006487
   37     E+     S       0.063956
   38     E+     S       0.132678
   39     E+     S       0.183233
   40     E+     S       0.099361
   41     E+     S       0.044132
   42     E+     S      -0.015828
   43     E+     S      -0.000310
   44     E+     S       0.000000
   45     E+    Px      -0.000830
   46     E+    Py      -0.000000
   47     E+    Pz      -0.000000
   48     E+    Px       0.000397
   49     E+    Py      -0.000000
   50     E+    Pz      -0.000000
   51     E+    Px      -0.000064
   52     E+    Py      -0.000000
   53     E+    Pz       0.000000
   54     E+    Px       0.000011
   55     E+    Py       0.000000
   56     E+    Pz       0.000000
   57     E+   Dxx      -0.000040
   58     E+   Dxy       0.000000
   59     E+   Dxz       0.000000
   60     E+   Dyy       0.000056
   61     E+   Dyz       0.000000
   62     E+   Dzz       0.000056
   63     E+   Dxx       0.003273
   64     E+   Dxy       0.000000
   65     E+   Dxz       0.000000
   66     E+   Dyy       0.000683
   67     E+   Dyz       0.000000
   68     E+   Dzz       0.000683
 
                           __________
              Total =        1.000000
 
  Atomic MULLIKEN Population: for POSITRON  
            BE               0.500000
            BE               0.500000
 
 ...end of MULLIKEN Population
 
 
 END POPULATION ANALYSES 
 
 
  POPULATION ANALYSES: 
 ====================
 
 LOWDIN Population: for POSITRON  
 ---------------------
 
                                    
 
    1     E+     S       0.003395
    2     E+     S       0.014062
    3     E+     S       0.049594
    4     E+     S       0.122571
    5     E+     S       0.160673
    6     E+     S       0.106001
    7     E+     S       0.031392
    8     E+     S       0.000532
    9     E+     S       0.000155
   10     E+     S       0.000019
   11     E+    Px       0.000874
   12     E+    Py      -0.000000
   13     E+    Pz       0.000000
   14     E+    Px       0.004129
   15     E+    Py      -0.000000
   16     E+    Pz       0.000000
   17     E+    Px       0.001690
   18     E+    Py      -0.000000
   19     E+    Pz       0.000000
   20     E+    Px       0.000000
   21     E+    Py       0.000000
   22     E+    Pz       0.000000
   23     E+   Dxx       0.000155
   24     E+   Dxy      -0.000000
   25     E+   Dxz       0.000000
   26     E+   Dyy       0.000018
   27     E+   Dyz       0.000000
   28     E+   Dzz       0.000018
   29     E+   Dxx       0.004525
   30     E+   Dxy      -0.000000
   31     E+   Dxz       0.000000
   32     E+   Dyy       0.000098
   33     E+   Dyz      -0.000000
   34     E+   Dzz       0.000098
   35     E+     S       0.003395
   36     E+     S       0.014062
   37     E+     S       0.049594
   38     E+     S       0.122571
   39     E+     S       0.160673
   40     E+     S       0.106001
   41     E+     S       0.031392
   42     E+     S       0.000532
   43     E+     S       0.000155
   44     E+     S       0.000019
   45     E+    Px       0.000874
   46     E+    Py      -0.000000
   47     E+    Pz       0.000000
   48     E+    Px       0.004129
   49     E+    Py       0.000000
   50     E+    Pz      -0.000000
   51     E+    Px       0.001690
   52     E+    Py       0.000000
   53     E+    Pz       0.000000
   54     E+    Px       0.000000
   55     E+    Py       0.000000
   56     E+    Pz       0.000000
   57     E+   Dxx       0.000155
   58     E+   Dxy       0.000000
   59     E+   Dxz       0.000000
   60     E+   Dyy       0.000018
   61     E+   Dyz       0.000000
   62     E+   Dzz       0.000018
   63     E+   Dxx       0.004525
   64     E+   Dxy       0.000000
   65     E+   Dxz       0.000000
   66     E+   Dyy       0.000098
   67     E+   Dyz       0.000000
   68     E+   Dzz       0.000098
 
                           __________
              Total =        1.000000
 
  Atomic LOWDIN Population: for POSITRON  
            BE               0.500000
            BE               0.500000
 
 ...end of LOWDIN Population
 
 
 END POPULATION ANALYSES 
 
 
  EXPECTED POSITIONS OF QUANTUM SPECIES:
 ======================
 
 POSITIONS IN ANGSTROMS
 ------
 
                        <x>      <y>      <z>         
                 E- 115.1490   0.0000  -0.0000
           POSITRON  14.3936   0.0000   0.0000
 
 END EXPECTED POSITIONS
 
 
  ELECTROSTATIC MOMENTS:
 ======================
 
 
 DIPOLE: (A.U.)
 ------
 
                           <Dx>         <Dy>         <Dz>          |D|
                 E--217.60000000  -0.00000000   0.00000000
           POSITRON  27.20000000   0.00000000   0.00000000
    Point charges:  217.60000000   0.00000000   0.00000000
                     ____________________________
      Total Dipole:  27.20000000   0.00000000   0.00000000  27.20000000
 
 DIPOLE: (DEBYE)
 ------
 
                           <Dx>         <Dy>         <Dz>          |D|
                 E--553.08395996  -0.00000000   0.00000000
           POSITRON  69.13549499   0.00000000   0.00000000
    Point charges:  553.08395996   0.00000000   0.00000000
                     ____________________________
      Total Dipole:  69.13549499   0.00000000   0.00000000  69.13549499
 
 QUADRUPOLE NON-TRACELESS: (DEBYE ANGS)
 ------
 
                           <xx>         <yy>         <zz>         <xy>         <xz>         <yz>
                 E-**************  -15.54360930  -15.54360930    0.00000000    0.00000000    0.00000000
           POSITRON 2222.20872367   67.05897733   67.05897733    0.00000000   -0.00000000    0.00000000
    Point charges: 15921.76018378    0.00000000    0.00000000    0.00000000    0.00000000    0.00000000
  Total Quadrupole: 2206.66511914   51.51536804   51.51536804    0.00000000   -0.00000000    0.00000000
                     ____________________________
 
 END ELECTROSTATIC MOMENTS
 

  TOTAL CPU Time:      0.259 (s)
 TOTAL Wall Time:      0.377 (s)
  Elapsed Time:   0h  0m  0s 378ms
LOWDIN execution terminated normally at : Tue Nov 26 15:32:45 2024
-rw-rw-r-- 1 pohl pohl 704K nov 26 15:32 0E-.ints
-rw-rw-r-- 1 pohl pohl 2.1M nov 26 15:32 0E-.POSITRON.ints
-rw-rw-r-- 1 pohl pohl 2.1M nov 26 15:32 0POSITRON.ints
-rw-rw-r-- 1 pohl pohl 704K nov 26 15:32 1E-.ints
-rw-rw-r-- 1 pohl pohl 2.1M nov 26 15:32 1E-.POSITRON.ints
-rw-rw-r-- 1 pohl pohl 2.1M nov 26 15:32 1POSITRON.ints
-rw-rw-r-- 1 pohl pohl 704K nov 26 15:32 2E-.ints
-rw-rw-r-- 1 pohl pohl 2.1M nov 26 15:32 2E-.POSITRON.ints
-rw-rw-r-- 1 pohl pohl 2.1M nov 26 15:32 2POSITRON.ints
-rw-rw-r-- 1 pohl pohl 704K nov 26 15:32 3E-.ints
-rw-rw-r-- 1 pohl pohl 2.1M nov 26 15:32 3E-.POSITRON.ints
-rw-rw-r-- 1 pohl pohl 2.1M nov 26 15:32 3POSITRON.ints
-rw-rw-r-- 1 pohl pohl   12 nov 26 15:32 E-.POSITRON.nints
-rw-rw-r-- 1 pohl pohl   65 nov 26 15:32 gepol.inp
-rw-rw-r-- 1 pohl pohl   91 nov 26 15:32 gepol.xyzr
-rw-rw-r-- 1 pohl pohl 9.5K nov 26 15:32 lowdin.bas
-rw-rw-r-- 1 pohl pohl  16K nov 26 15:32 lowdin.dat
-rw-rw-r-- 1 pohl pohl 691K nov 26 15:32 lowdin.opints
-rw-rw-r-- 1 pohl pohl  26K nov 26 15:32 lowdin.sys
-rw-rw-r-- 1 pohl pohl 689K nov 26 15:32 lowdin.wfn
-rw-rw-r-- 1 pohl pohl  499 nov 26 15:32 usual_263
-rw-rw-r-- 1 pohl pohl 1.8K nov 26 15:32 usual_263.aux
-rw-rw-r-- 1 pohl pohl  504 nov 26 15:32 usual_263.lowdin
-rw-rw-r-- 1 pohl pohl  46K nov 26 15:32 usual_263.out
-rw-rw-r-- 1 pohl pohl  54K nov 26 15:32 usual_263.vec
