Begin job by input: usual_223.lowdin, for user:   at  mar 26 nov 2024 15:32:23 -05
under operating system Linux helios 5.19.0-46-generic #47-Ubuntu SMP PREEMPT_DYNAMIC Fri Jun 16 13:30:11 UTC 2023 x86_64 x86_64 x86_64 GNU/Linux
Compilation information
  commit: f31d3924f6ee2ce9d77f07edcc1ba27359319d14
  compilation date:  mar 17 sep 2024 16:16:17 -05

BEGIN INPUT INFO:
------------------------------------

GEOMETRY
	Be	Dirac	0.0 0.0 0.0
	e-(Be)	6-311++G.d.p 0.0 0.0 0.0
	E+	GRIBAKIN-10S4P2D 0.0 0.0 0.0
	Be	Dirac	46.4 0.0 0.0
	e-(Be)	6-311++G.d.p	46.4 0.0 0.0
	E+	GRIBAKIN-10S4P2D 46.4 0.0 0.0 addParticles=-1 
END GEOMETRY

TASKS
        method = "RHF"
END TASKS

EXTERPOTENTIAL
	E- GRIBAKIN0
	E+ JOR223
END EXTERPOTENTIAL

CONTROL
	units="BOHRS"
	readCoefficients=F
	convergenceMethod=1
	overlapEigenThreshold=1E-6
	SCFGhostSpecies="POSITRON"
	HFprintEigenvalues=T
	totalEnergyTolerance = 1E-9
END CONTROL


... END INPUT INFO


 LOWDIN execution started at : Tue Nov 26 15:32:23 2024
 ---------------------------------------------------------------
 
 ***************************************************************
 *                   LOWDIN 2.0  (May/2013)                    *
 *                                                             *
 *  R. FLORES-MORENO, E. F. POSADA, F. S. MONCADA, J.ROMERO,   *
 *  J. CHARRY, M. DIAZ-TINOCO, S. A. GONZALEZ, N. F. AGUIRRE,  *
 *  A. REYES                                                   *
 *                                                             *
 *  https://sites.google.com/site/lowdinproject/               *
 *                                                             *
 ***************************************************************
 
 PARSING INPUT... DONE!
 
 LOWDIN IS RUNNING WITH NEXT PARAMETERS: 
 ----------------------------------------
 
         METHOD TYPE:  RHF
         NUMBER OF CORES:     4
         NONELECTRONIC DENSITY GUESS: HCORE
         ELECTRONIC DENSITY GUESS: HCORE
         CRITERIUM OF CONVERGENCE: ENERGY
         NONELECTRONIC ENERGY TOLERANCE IN SCFs:     0.10000E-07
         ELECTRONIC ENERGY TOLERANCE IN SCFs:     0.10000E-07
         TOTAL ENERGY TOLERANCE IN SCFs:     0.10000E-08
         SCHEME OF ITERATION: GLOBAL ITERATIONS
         SCF MAX. SUBITERATIONS - NONELECTRONS :     1
         SCF MAX. SUBITERATIONS - ELECTRONS :     1
         SCF MAX. ITERATIONS - INTERSPECIES :   200
         INTEGRAL STORAGE: DISK
         STACK SIZE FOR ERIS : 30000
         METHOD OF SCF CONVERGENCE: DAMPING
 
  MOLECULAR SYSTEM: usual_223
 -----------------
 
    DESCRIPTION   : usual_223
    CHARGE        :   2
    PUNTUAL GROUP : NONE
 
 
  INFORMATION OF PARTICLES :
 =========================
         Total number of particles   =      11
         Number of quantum particles =       9
         Number of puntual charges   =       2
         Number of quantum species   =       2
 
                 INFORMATION OF QUANTUM SPECIES 
    ----------------------------------------------------------------------
         ID      Symbol            mass     charge      omega     spin     multiplicity
    ----------------------------------------------------------------------
         1             E-         1.0000     -1.00      0.00      0.50      1.00
         2             E+         1.0000      1.00      0.00      0.50      1.00
 
                   CONSTANTS OF COUPLING 
      ------------------------------------------------------------
              Symbol      kappa        eta     lambda occupation
      ------------------------------------------------------------
                  E-      -1.00       2.00       2.00       4.00
                  E+      -1.00       1.00       1.00       1.00
 
                   BASIS SET FOR SPECIES 
      ------------------------------------------------------------
           Symbol          N. Basis     N. Particles     Basis Set
      ------------------------------------------------------------
                 E-           20                8     6-311++G.D
                 E+           32                1     GRIBAKIN-1
 
                                ATOMIC BASIS
         ------------------------------------------------------------
          PRIMITIVE   SHELL             EXPONENT         COEFFICIENT 
         ------------------------------------------------------------
 
    BEGIN DESCRIPTION OF BASIS FOR:    E-
    ==============================
 
 
            BE BASIS SET:   6-311++G.D.P
             1         S             1682.80000000          0.00228574
             2         S              251.71500000          0.01759380
             3         S               57.41160000          0.08633150
             4         S               16.51710000          0.28183500
             5         S                4.85364000          0.64059400
             6         S                0.62686300          0.14446700
             1         S                8.30938000          0.10862100
             2         S                1.74075000          0.92730100
             3         S                0.48581600         -0.00297169
             1         P                8.30938000          0.03613440
             2         P                1.74075000          0.21695800
             3         P                0.48581600          0.84183900
             1         S                0.16361300          1.00000000
             1         P                0.16361300          1.00000000
             1         S                0.05672850          1.00000000
             1         P                0.05672850          1.00000000
             1         S                0.02070000          1.00000000
             1         P                0.02070000          1.00000000
             1         D                0.25500000          1.00000000
 
            BE BASIS SET:   6-311++G.D.P
             1         S             1682.80000000          0.00228574
             2         S              251.71500000          0.01759380
             3         S               57.41160000          0.08633150
             4         S               16.51710000          0.28183500
             5         S                4.85364000          0.64059400
             6         S                0.62686300          0.14446700
             1         S                8.30938000          0.10862100
             2         S                1.74075000          0.92730100
             3         S                0.48581600         -0.00297169
             1         P                8.30938000          0.03613440
             2         P                1.74075000          0.21695800
             3         P                0.48581600          0.84183900
             1         S                0.16361300          1.00000000
             1         P                0.16361300          1.00000000
             1         S                0.05672850          1.00000000
             1         P                0.05672850          1.00000000
             1         S                0.02070000          1.00000000
             1         P                0.02070000          1.00000000
             1         D                0.25500000          1.00000000
    ... END DESCRIPTION OF BASIS
 
 
    BEGIN DESCRIPTION OF BASIS FOR:    E+
    ==============================
 
 
            E+ BASIS SET:GRIBAKIN-10S4P2
             1         S                0.00010000          1.00000000
             1         S                0.00030000          1.00000000
             1         S                0.00090000          1.00000000
             1         S                0.00270000          1.00000000
             1         S                0.00810000          1.00000000
             1         S                0.02430000          1.00000000
             1         S                0.07290000          1.00000000
             1         S                0.21870000          1.00000000
             1         S                0.65610000          1.00000000
             1         S                1.96830000          1.00000000
             1         P                0.00010000          1.00000000
             1         P                0.00030000          1.00000000
             1         P                0.00090000          1.00000000
             1         P                0.00270000          1.00000000
             1         D                0.00010000          1.00000000
             1         D                0.00030000          1.00000000
 
            E+ BASIS SET:GRIBAKIN-10S4P2
             1         S                0.00010000          1.00000000
             1         S                0.00030000          1.00000000
             1         S                0.00090000          1.00000000
             1         S                0.00270000          1.00000000
             1         S                0.00810000          1.00000000
             1         S                0.02430000          1.00000000
             1         S                0.07290000          1.00000000
             1         S                0.21870000          1.00000000
             1         S                0.65610000          1.00000000
             1         S                1.96830000          1.00000000
             1         P                0.00010000          1.00000000
             1         P                0.00030000          1.00000000
             1         P                0.00090000          1.00000000
             1         P                0.00270000          1.00000000
             1         D                0.00010000          1.00000000
             1         D                0.00030000          1.00000000
    ... END DESCRIPTION OF BASIS
 
 
  END INFORMATION OF PARTICLES
 
 
  INFORMATION OF THE QUANTUM SYSTEM 
     ---------------------------------------------------------------------
                 ID     Occupied Orbitals     Basis size
     ---------------------------------------------------------------------
                 E-            4               46
                 E+            1               68
 
  END INFORMATION OF QUANTUM SYSTEM
 
 
  INFORMATION OF EXTERNAL POTENTIALS 
 
 =======
 External Potential for E- : GRIBAKIN0
 Type : 
                     Exponent         l       R_x       R_y       R_z              Factor
                 0.0010000000         0   0.00000   0.00000   0.00000        0.0000000000
 
 =======
 External Potential for E+ : JOR223
 Type : 
                     Exponent         l       R_x       R_y       R_z              Factor
                 0.0010000000         0   0.00000   0.00000   0.00000       -0.0004852612
                 0.0020000000         0   0.00000   0.00000   0.00000        0.0024441783
                 0.0040000000         0   0.00000   0.00000   0.00000       -0.0075448874
                 0.0080000000         0   0.00000   0.00000   0.00000        0.0157738437
                 0.0160000000         0   0.00000   0.00000   0.00000       -0.0371036225
                 0.0320000000         0   0.00000   0.00000   0.00000        0.0538567205
                 0.0640000000         0   0.00000   0.00000   0.00000       -0.1977562620
                 0.1280000000         0   0.00000   0.00000   0.00000        0.1521150960
                 0.2560000000         0   0.00000   0.00000   0.00000       -2.2309931100
                 0.5120000000         0   0.00000   0.00000   0.00000        7.1544406100
                 1.0000000000         0   0.00000   0.00000   0.00000      -16.4610761000
                 2.0000000000         0   0.00000   0.00000   0.00000      120.0674500000
                 3.0000000000         0   0.00000   0.00000   0.00000    -1010.4441400000
                 4.0000000000         0   0.00000   0.00000   0.00000     5912.5175500000
                 5.0000000000         0   0.00000   0.00000   0.00000   -22883.6471000000
                 6.0000000000         0   0.00000   0.00000   0.00000    58320.2479000000
                 7.0000000000         0   0.00000   0.00000   0.00000   -96733.7399000000
                 8.0000000000         0   0.00000   0.00000   0.00000   100515.5930000000
                 9.0000000000         0   0.00000   0.00000   0.00000   -59492.9273000000
                10.0000000000         0   0.00000   0.00000   0.00000    15337.5181000000
                20.0000000000         0   0.00000   0.00000   0.00000     -108.3194530000
                30.0000000000         0   0.00000   0.00000   0.00000       58.7242217000
                40.0000000000         0   0.00000   0.00000   0.00000      -33.9818623000
                50.0000000000         0   0.00000   0.00000   0.00000       10.1503518000
               100.0000000000         0   0.00000   0.00000   0.00000       -0.2039701810
                 0.0010000000         0  46.40000   0.00000   0.00000       -0.0004852612
                 0.0020000000         0  46.40000   0.00000   0.00000        0.0024441783
                 0.0040000000         0  46.40000   0.00000   0.00000       -0.0075448874
                 0.0080000000         0  46.40000   0.00000   0.00000        0.0157738437
                 0.0160000000         0  46.40000   0.00000   0.00000       -0.0371036225
                 0.0320000000         0  46.40000   0.00000   0.00000        0.0538567205
                 0.0640000000         0  46.40000   0.00000   0.00000       -0.1977562620
                 0.1280000000         0  46.40000   0.00000   0.00000        0.1521150960
                 0.2560000000         0  46.40000   0.00000   0.00000       -2.2309931100
                 0.5120000000         0  46.40000   0.00000   0.00000        7.1544406100
                 1.0000000000         0  46.40000   0.00000   0.00000      -16.4610761000
                 2.0000000000         0  46.40000   0.00000   0.00000      120.0674500000
                 3.0000000000         0  46.40000   0.00000   0.00000    -1010.4441400000
                 4.0000000000         0  46.40000   0.00000   0.00000     5912.5175500000
                 5.0000000000         0  46.40000   0.00000   0.00000   -22883.6471000000
                 6.0000000000         0  46.40000   0.00000   0.00000    58320.2479000000
                 7.0000000000         0  46.40000   0.00000   0.00000   -96733.7399000000
                 8.0000000000         0  46.40000   0.00000   0.00000   100515.5930000000
                 9.0000000000         0  46.40000   0.00000   0.00000   -59492.9273000000
                10.0000000000         0  46.40000   0.00000   0.00000    15337.5181000000
                20.0000000000         0  46.40000   0.00000   0.00000     -108.3194530000
                30.0000000000         0  46.40000   0.00000   0.00000       58.7242217000
                40.0000000000         0  46.40000   0.00000   0.00000      -33.9818623000
                50.0000000000         0  46.40000   0.00000   0.00000       10.1503518000
               100.0000000000         0  46.40000   0.00000   0.00000       -0.2039701810
 
  END INFORMATION OF EXTERNAL POTENTIALS
 
                       INITIAL GEOMETRY: AMSTRONG
                 -----------------------------------
                       <x>                 <y>                 <z>
      E-BE        0.0000000000        0.0000000000        0.0000000000
      E-BE       24.5538243647        0.0000000000        0.0000000000
        E+        0.0000000000        0.0000000000        0.0000000000
        E+       24.5538243647        0.0000000000        0.0000000000
        BE        0.0000000000        0.0000000000        0.0000000000
        BE       24.5538243647        0.0000000000        0.0000000000
 
                     MATRIX OF DISTANCE: ANGSTROM
                 -----------------------------------
                          BE(1)          BE(2)     
 
        BE(1)            0.000000      24.553824
        BE(2)           24.553824       0.000000
 
--------------------------------------------------------------------------------
** PROGRAM: SCF (Hartree Fock).     Author: S.A. Gonzalez, E. Posada, F. Moncada
--------------------------------------------------------------------------------
INFO: RUNNING IN RHF MODE.
 
----------------------------------------------------------------------
** PROGRAM INTS                          Author: E. F. Posada, 2013   
----------------------------------------------------------------------
INFO: RUNNING IN ONE_PARTICLE MODE.
 
 Number of Overlap integrals for species E-:   2116
 Number of Overlap integrals for species POSITRON:   4624
 Number of Kinetic integrals for species E-:   2116
 Number of Kinetic integrals for species POSITRON:   4624
 Number of Nuclear integrals for species E-:   2116
 Number of Nuclear integrals for species POSITRON:   4624
 Number of Moment integrals for species E-:   6348
 Number of Moment integrals for species POSITRON:  13872
 Number of 3C Overlap integrals for species E-:   2116
 Number of 3C Overlap integrals for species POSITRON:   4624
 
** TOTAL CPU Time INTS :      0.382 (s)
** TOTAL Elapsed Time INTS :      0.137 (s)
 
Removed     1 orbitals for species POSITRON with overlap eigen threshold of 1.000E-06
       Usign  HCORE density guess for species:         E-
     number of         E-     particles in guess density matrix:     8.000000
       Usign  HCORE density guess for species:   POSITRON
     number of   POSITRON     particles in guess density matrix:     0.000000
 Warning!, density matrix with deviation from number of particles    1.000000
 Number of unique integrals for species: 1 = 33388
 Number of unique integrals for species: 2 = 281938
 Number of unique integrals for species: 1 / 2 = 316695 Screened: 30079
 
 TWO-BODY INTEGRAL SETUP: 
------------------------- 
 Storage:   DISK
 Scheme: LIBINT
 Stack size:  30000
 
 LIBINT library, Fermann, J. T.; Valeev, F. L. 2010                   
 LOWDIN-LIBINT Implementation V. 2.1  Posada E. F. ; Reyes A. 2016   
 ----------------------------------------------------------------------

*** TOTAL CPU time intra-species integrals :      0.359 (s)
*** TOTAL elapsed time intra-species integrals :      0.055 (s)


*** TOTAL CPU time inter-species integrals :      0.550 (s)
*** TOTAL elapsed time inter-species integrals :      0.087 (s)

INFO: RUNNING SCHEME SIMULTANEOUS
 
 Begin Multi-Species SCF calculation:
 
 --------------------------------------------------------------------------------------------------
      Iteration                   Energy            Energy Change           Density Change
 --------------------------------------------------------------------------------------------------
              1         -27.550627084450          27.550627084450           0.323591251281
              2         -29.115357584051           1.564730499601           0.022797557237
              3         -29.140838297075           0.025480713024           0.007112011950
              4         -29.146424885054           0.005586587979           0.003012669460
              5         -29.147075445354           0.000650560300           0.000231177631
              6         -29.147072589957          -0.000002855397           0.000057337311
              7         -29.147072189981          -0.000000399976           0.000014617063
              8         -29.147072262819           0.000000072838           0.000003927249
              9         -29.147072340007           0.000000077187           0.000001177773
             10         -29.147072378651           0.000000038645           0.000000373843
             11         -29.147072394693           0.000000016042           0.000000124737
             12         -29.147072400828           0.000000006135           0.000000043491
             13         -29.147072403076           0.000000002247           0.000000015701
             14         -29.147072403879           0.000000000803           0.000000005813
 Total energy converged after  14 global iterations                                                  
 
 ...end Multi-Species SCF calculation
 
 
 Begin SCF calculation by: E-
 -------------------------
 
 -----------------------------------------------------------------------------------
 Iteration                   Energy           Density Change         DIIS Error 
 -----------------------------------------------------------------------------------
    1         -29.366743021708           0.020032673939                 -- 
    2         -29.467437941079           0.003555079270                 -- 
    3         -29.484591150820           0.000809453581                 -- 
    4         -29.487904302137           0.000201405751                 -- 
    5         -29.488560557200           0.000052194788                 -- 
    6         -29.488690083843           0.000013920030                 -- 
    7         -29.488714718368           0.000003823208                 -- 
    8         -29.488718935345           0.000001085790                 -- 
    9         -29.488719454948           0.000000319847                 -- 
   10         -29.488719427250           0.000000097763                 -- 
   11         -29.488719371750           0.000000030927                 -- 
   12         -29.488719342480           0.000000010082                 -- 
   13         -29.488719330198           0.000000003370                 -- 
 
 ... end SCF calculation
 
 Begin SCF calculation by: POSITRON
 -------------------------
 
 -----------------------------------------------------------------------------------
 Iteration                   Energy           Density Change         DIIS Error 
 -----------------------------------------------------------------------------------
    1          -0.063438071947           0.002764883298                 -- 
    2          -0.043263488534           0.003556932681                 -- 
    3          -0.031401117154           0.002203215880                 -- 
    4          -0.031207312330           0.000029771880                 -- 
    5          -0.031173122056           0.000005142523                 -- 
    6          -0.031168483168           0.000000697032                 -- 
    7          -0.031168468400           0.000000104041                 -- 
    8          -0.031168814997           0.000000091983                 -- 
    9          -0.031169011867           0.000000053996                 -- 
   10          -0.031169096383           0.000000026974                 -- 
   11          -0.031169128940           0.000000012564                 -- 
   12          -0.031169140806           0.000000005619                 -- 
   13          -0.031169144992           0.000000002443                 -- 
 
 ... end SCF calculation
 
  EIGENVALUES AND EIGENVECTORS: 
 ==============================
 
 
  Eigenvalues for: E-
 -----------------
 
    1          -4.732348739144
    2          -4.732348739144
    3          -0.309258221844
    4          -0.309258221844
    5           0.029565781047
    6           0.029565783936
    7           0.029565783936
    8           0.029565784199
    9           0.029565784199
   10           0.029565787085
   11           0.051096234365
   12           0.051096235553
   13           0.098028628157
   14           0.098028633825
   15           0.098028633825
   16           0.098028634304
   17           0.098028634304
   18           0.098028639968
   19           0.321204930956
   20           0.321204931761
   21           0.345804682923
   22           0.345804686533
   23           0.345804686533
   24           0.345804686791
   25           0.345804686791
   26           0.345804690399
   27           0.692850857208
   28           0.692850857208
   29           0.692850857208
   30           0.692850857208
   31           0.692850857208
   32           0.692850857208
   33           0.692850857208
   34           0.692850857208
   35           0.692850857208
   36           0.692850857208
   37           1.198792705578
   38           1.198792707485
   39           1.198792707485
   40           1.198792707596
   41           1.198792707596
   42           1.198792709503
   43           1.414741300866
   44           1.414741301094
   45          10.066564141105
   46          10.066564141206
 
 
  Eigenvalues for: POSITRON
 -----------------
 
    1          -0.003180667199
    2          -0.003015422958
    3           0.000084504644
    4           0.000135159503
    5           0.000206893548
    6           0.000206893548
    7           0.000258183246
    8           0.000279940094
    9           0.000279940094
   10           0.000324700884
   11           0.000324700884
   12           0.000363363041
   13           0.000407616725
   14           0.000426202516
   15           0.000426202516
   16           0.000435974364
   17           0.000436642225
   18           0.000436642225
   19           0.000564403640
   20           0.000564403640
   21           0.000591582032
   22           0.000881705832
   23           0.000881705832
   24           0.000957690224
   25           0.001026023837
   26           0.001126697245
   27           0.001126697245
   28           0.001147256186
   29           0.001220015069
   30           0.001220015069
   31           0.001240817949
   32           0.001482854681
   33           0.001482854681
   34           0.001486372756
   35           0.001486372756
   36           0.001776584731
   37           0.001776584731
   38           0.001818052356
   39           0.002108831186
   40           0.002149561311
   41           0.002388448557
   42           0.002908247375
   43           0.002908247375
   44           0.003548736142
   45           0.003571129550
   46           0.003571129550
   47           0.004539799625
   48           0.004998247920
   49           0.005495841136
   50           0.009008528502
   51           0.009232294963
   52           0.009232294963
   53           0.009479290395
   54           0.009479290395
   55           0.010720581741
   56           0.014762208061
   57           0.014977489190
   58           0.050855087334
   59           0.051662815796
   60           0.192816671943
   61           0.193504293739
   62           0.855275442039
   63           0.855830118409
   64           2.940991081605
   65           2.941433630474
   66          10.802157830227
   67          10.802599603636
   68     1000000.000000000000
 
  end of eigenvalues 
 
  Occupied Eigenvectors for: E-
 --------------------------- 
 
                          -4.7323        -4.7323        -0.3093        -0.3093   
 
    1     BE     S       0.000000      -0.596280      -0.077772      -0.077204
    2     BE     S       0.000000      -0.446443      -0.131786      -0.130823
    3     BE    Px       0.000000       0.000000       0.000000       0.000000
    4     BE    Py       0.000000       0.000000       0.000000       0.000000
    5     BE    Pz      -0.000000      -0.000000       0.000000       0.000000
    6     BE     S      -0.000000       0.004889       0.414460       0.411433
    7     BE    Px      -0.000000      -0.000000       0.000000       0.000000
    8     BE    Py      -0.000000      -0.000000      -0.000000      -0.000000
    9     BE    Pz       0.000000       0.000000      -0.000000      -0.000000
   10     BE     S       0.000000      -0.001425       0.354941       0.352349
   11     BE    Px       0.000000       0.000000      -0.000000      -0.000000
   12     BE    Py      -0.000000       0.000000       0.000000       0.000000
   13     BE    Pz       0.000000       0.000000      -0.000000      -0.000000
   14     BE     S      -0.000000       0.000429       0.015857       0.015741
   15     BE    Px      -0.000000      -0.000000      -0.000000      -0.000000
   16     BE    Py       0.000000      -0.000000      -0.000000      -0.000000
   17     BE    Pz      -0.000000      -0.000000       0.000000       0.000000
   18     BE   Dxx      -0.000000      -0.000671      -0.001258      -0.001249
   19     BE   Dxy       0.000000      -0.000000      -0.000000      -0.000000
   20     BE   Dxz      -0.000000      -0.000000       0.000000      -0.000000
   21     BE   Dyy      -0.000000      -0.000671      -0.001258      -0.001249
   22     BE   Dyz      -0.000000       0.000000      -0.000000       0.000000
   23     BE   Dzz      -0.000000      -0.000671      -0.001258      -0.001249
   24     BE     S      -0.596280      -0.000000      -0.077204       0.077772
   25     BE     S      -0.446443      -0.000000      -0.130823       0.131786
   26     BE    Px      -0.000000      -0.000000      -0.000000       0.000000
   27     BE    Py       0.000000       0.000000       0.000000       0.000000
   28     BE    Pz       0.000000       0.000000      -0.000000       0.000000
   29     BE     S       0.004889       0.000000       0.411433      -0.414460
   30     BE    Px       0.000000       0.000000      -0.000000       0.000000
   31     BE    Py       0.000000      -0.000000       0.000000       0.000000
   32     BE    Pz      -0.000000      -0.000000      -0.000000      -0.000000
   33     BE     S      -0.001425       0.000000       0.352349      -0.354941
   34     BE    Px      -0.000000      -0.000000       0.000000      -0.000000
   35     BE    Py      -0.000000       0.000000       0.000000      -0.000000
   36     BE    Pz      -0.000000       0.000000       0.000000       0.000000
   37     BE     S       0.000429      -0.000000       0.015741      -0.015857
   38     BE    Px       0.000000       0.000000       0.000000      -0.000000
   39     BE    Py      -0.000000      -0.000000      -0.000000      -0.000000
   40     BE    Pz       0.000000      -0.000000      -0.000000      -0.000000
   41     BE   Dxx      -0.000671      -0.000000      -0.001249       0.001258
   42     BE   Dxy       0.000000      -0.000000      -0.000000       0.000000
   43     BE   Dxz      -0.000000      -0.000000      -0.000000       0.000000
   44     BE   Dyy      -0.000671      -0.000000      -0.001249       0.001258
   45     BE   Dyz       0.000000      -0.000000      -0.000000       0.000000
   46     BE   Dzz      -0.000671      -0.000000      -0.001249       0.001258
 
 
  Occupied Eigenvectors for: POSITRON
 --------------------------- 
 
                          -0.0032   
 
    1     E+     S      -0.018974
    2     E+     S      -0.017524
    3     E+     S       0.121743
    4     E+     S       0.206570
    5     E+     S       0.270812
    6     E+     S       0.173406
    7     E+     S       0.119392
    8     E+     S      -0.094413
    9     E+     S      -0.005845
   10     E+     S       0.000000
   11     E+    Px      -0.013772
   12     E+    Py       0.000000
   13     E+    Pz       0.000000
   14     E+    Px       0.002569
   15     E+    Py      -0.000000
   16     E+    Pz      -0.000000
   17     E+    Px      -0.000487
   18     E+    Py      -0.000000
   19     E+    Pz       0.000000
   20     E+    Px       0.000302
   21     E+    Py       0.000000
   22     E+    Pz      -0.000000
   23     E+   Dxx      -0.002250
   24     E+   Dxy       0.000000
   25     E+   Dxz       0.000000
   26     E+   Dyy       0.003729
   27     E+   Dyz       0.000000
   28     E+   Dzz       0.003729
   29     E+   Dxx       0.013222
   30     E+   Dxy      -0.000000
   31     E+   Dxz      -0.000000
   32     E+   Dyy       0.011751
   33     E+   Dyz      -0.000000
   34     E+   Dzz       0.011751
   35     E+     S      -0.018974
   36     E+     S      -0.017524
   37     E+     S       0.121743
   38     E+     S       0.206570
   39     E+     S       0.270812
   40     E+     S       0.173406
   41     E+     S       0.119392
   42     E+     S      -0.094413
   43     E+     S      -0.005845
   44     E+     S       0.000000
   45     E+    Px       0.013772
   46     E+    Py      -0.000000
   47     E+    Pz      -0.000000
   48     E+    Px      -0.002569
   49     E+    Py       0.000000
   50     E+    Pz       0.000000
   51     E+    Px       0.000487
   52     E+    Py      -0.000000
   53     E+    Pz      -0.000000
   54     E+    Px      -0.000302
   55     E+    Py       0.000000
   56     E+    Pz       0.000000
   57     E+   Dxx      -0.002250
   58     E+   Dxy       0.000000
   59     E+   Dxz      -0.000000
   60     E+   Dyy       0.003729
   61     E+   Dyz      -0.000000
   62     E+   Dzz       0.003729
   63     E+   Dxx       0.013222
   64     E+   Dxy      -0.000000
   65     E+   Dxz      -0.000000
   66     E+   Dyy       0.011751
   67     E+   Dyz       0.000000
   68     E+   Dzz       0.011751
 
 
  end of eigenvectors 
 
  END OF EIGENVALUES AND EIGENVECTORS
 
 
  COMPONENTS OF KINETIC ENERGY: 
 -----------------------------
 
                  E- Kinetic energy =           29.142628633532
            POSITRON Kinetic energy =            0.015125360656
                                     _________________________
               Total kinetic energy =           29.157753994188
 
  COMPONENTS OF POTENTIAL ENERGY: 
 -------------------------------
 
          Fixed potential energy    =            0.344827586207
 
  Quantum/Fixed interaction energy: 
 ----------------------------------
 
          E-/Fixed interact. energy =          -67.953639449976
    POSITRON/Fixed interact. energy =            0.665979210648
                                     _________________________
               Total Q/Fixed energy =          -67.287660239328
 
  Coulomb energy: 
 ------------------
 
               E-/E- Hartree energy =           14.655400946728
   POSITRON/POSITRON Hartree energy =            0.000000000000
         E-/POSITRON Hartree energy =           -0.656296760994
                                     _________________________
               Total Hartree energy =           13.999104185734
 
  Exchange(HF) energy: 
 ----------------------
 
                 E- Exchange energy =           -5.333109453171
           POSITRON Exchange energy =            0.000000000000
                                     _________________________
              Total Exchange energy =           -5.333109453171
 
  External Potential energy: 
 ----------------------------
 
                  E- Ext Pot energy =            0.000000000000
            POSITRON Ext Pot energy =           -0.027988477793
                                     _________________________
    Total External Potential energy =           -0.027988477793
 
  TOTAL ENERGY COMPONENTS: 
 ==========================
 
          TOTAL KINETIC ENERGY      =           29.157753994188
          TOTAL POTENTIAL ENERGY    =          -58.304826398351
                                     _________________________
                       TOTAL ENERGY =          -29.147072404162
 
                 VIRIAL RATIO (V/T) =            1.999633662112
 
 
  END ENERGY COMPONENTS
 
 
** TOTAL CPU Time SCF :      0.907 (s)
** TOTAL Elapsed Time SCF :      0.315 (s)
 
 We are calculating properties for E- in the HF/KS ground state
 We are calculating properties for POSITRON in the HF/KS ground state
 
  POPULATION ANALYSES: 
 ====================
 
 MULLIKEN Population: for E-        
 ---------------------
 
                                    
 
    1     BE     S       1.166391
    2     BE     S       0.823588
    3     BE    Px       0.000000
    4     BE    Py       0.000000
    5     BE    Pz       0.000000
    6     BE     S       1.043694
    7     BE    Px       0.000000
    8     BE    Py      -0.000000
    9     BE    Pz       0.000000
   10     BE     S       0.942124
   11     BE    Px       0.000000
   12     BE    Py       0.000000
   13     BE    Pz      -0.000000
   14     BE     S       0.031424
   15     BE    Px       0.000000
   16     BE    Py      -0.000000
   17     BE    Pz       0.000000
   18     BE   Dxx      -0.002407
   19     BE   Dxy       0.000000
   20     BE   Dxz       0.000000
   21     BE   Dyy      -0.002407
   22     BE   Dyz       0.000000
   23     BE   Dzz      -0.002407
   24     BE     S       1.166391
   25     BE     S       0.823588
   26     BE    Px       0.000000
   27     BE    Py       0.000000
   28     BE    Pz       0.000000
   29     BE     S       1.043694
   30     BE    Px       0.000000
   31     BE    Py       0.000000
   32     BE    Pz       0.000000
   33     BE     S       0.942124
   34     BE    Px       0.000000
   35     BE    Py       0.000000
   36     BE    Pz      -0.000000
   37     BE     S       0.031424
   38     BE    Px       0.000000
   39     BE    Py       0.000000
   40     BE    Pz       0.000000
   41     BE   Dxx      -0.002407
   42     BE   Dxy       0.000000
   43     BE   Dxz       0.000000
   44     BE   Dyy      -0.002407
   45     BE   Dyz       0.000000
   46     BE   Dzz      -0.002407
 
                           __________
              Total =        8.000000
 
  Atomic MULLIKEN Population: for E-        
            BE               4.000000
            BE               4.000000
 
 ...end of MULLIKEN Population
 
 
 END POPULATION ANALYSES 
 
 
  POPULATION ANALYSES: 
 ====================
 
 LOWDIN Population: for E-        
 ---------------------
 
                                    
 
    1     BE     S       1.101745
    2     BE     S       0.875944
    3     BE    Px       0.000000
    4     BE    Py       0.000000
    5     BE    Pz      -0.000000
    6     BE     S       0.590908
    7     BE    Px       0.000000
    8     BE    Py      -0.000000
    9     BE    Pz      -0.000000
   10     BE     S       0.553024
   11     BE    Px       0.000000
   12     BE    Py       0.000000
   13     BE    Pz      -0.000000
   14     BE     S       0.204207
   15     BE    Px       0.000000
   16     BE    Py       0.000000
   17     BE    Pz       0.000000
   18     BE   Dxx       0.224724
   19     BE   Dxy      -0.000000
   20     BE   Dxz       0.000000
   21     BE   Dyy       0.224724
   22     BE   Dyz       0.000000
   23     BE   Dzz       0.224724
   24     BE     S       1.101745
   25     BE     S       0.875944
   26     BE    Px       0.000000
   27     BE    Py       0.000000
   28     BE    Pz       0.000000
   29     BE     S       0.590908
   30     BE    Px       0.000000
   31     BE    Py       0.000000
   32     BE    Pz       0.000000
   33     BE     S       0.553024
   34     BE    Px       0.000000
   35     BE    Py       0.000000
   36     BE    Pz       0.000000
   37     BE     S       0.204207
   38     BE    Px       0.000000
   39     BE    Py       0.000000
   40     BE    Pz       0.000000
   41     BE   Dxx       0.224724
   42     BE   Dxy       0.000000
   43     BE   Dxz       0.000000
   44     BE   Dyy       0.224724
   45     BE   Dyz       0.000000
   46     BE   Dzz       0.224724
 
                           __________
              Total =        8.000000
 
  Atomic LOWDIN Population: for E-        
            BE               4.000000
            BE               4.000000
 
 ...end of LOWDIN Population
 
 
 END POPULATION ANALYSES 
 
 
  POPULATION ANALYSES: 
 ====================
 
 MULLIKEN Population: for POSITRON  
 ---------------------
 
                                    
 
    1     E+     S      -0.004589
    2     E+     S      -0.007240
    3     E+     S       0.067326
    4     E+     S       0.132880
    5     E+     S       0.181886
    6     E+     S       0.098400
    7     E+     S       0.043683
    8     E+     S      -0.015664
    9     E+     S      -0.000307
   10     E+     S       0.000000
   11     E+    Px      -0.001313
   12     E+    Py       0.000000
   13     E+    Pz       0.000000
   14     E+    Px       0.000537
   15     E+    Py      -0.000000
   16     E+    Pz      -0.000000
   17     E+    Px      -0.000103
   18     E+    Py      -0.000000
   19     E+    Pz       0.000000
   20     E+    Px       0.000019
   21     E+    Py       0.000000
   22     E+    Pz      -0.000000
   23     E+   Dxx      -0.000143
   24     E+   Dxy      -0.000000
   25     E+   Dxz      -0.000000
   26     E+   Dyy       0.000057
   27     E+   Dyz      -0.000000
   28     E+   Dzz       0.000057
   29     E+   Dxx       0.003066
   30     E+   Dxy       0.000000
   31     E+   Dxz       0.000000
   32     E+   Dyy       0.000723
   33     E+   Dyz      -0.000000
   34     E+   Dzz       0.000723
   35     E+     S      -0.004589
   36     E+     S      -0.007240
   37     E+     S       0.067326
   38     E+     S       0.132880
   39     E+     S       0.181886
   40     E+     S       0.098400
   41     E+     S       0.043683
   42     E+     S      -0.015664
   43     E+     S      -0.000307
   44     E+     S       0.000000
   45     E+    Px      -0.001313
   46     E+    Py       0.000000
   47     E+    Pz       0.000000
   48     E+    Px       0.000537
   49     E+    Py      -0.000000
   50     E+    Pz      -0.000000
   51     E+    Px      -0.000103
   52     E+    Py      -0.000000
   53     E+    Pz      -0.000000
   54     E+    Px       0.000019
   55     E+    Py       0.000000
   56     E+    Pz       0.000000
   57     E+   Dxx      -0.000143
   58     E+   Dxy      -0.000000
   59     E+   Dxz       0.000000
   60     E+   Dyy       0.000057
   61     E+   Dyz       0.000000
   62     E+   Dzz       0.000057
   63     E+   Dxx       0.003066
   64     E+   Dxy       0.000000
   65     E+   Dxz       0.000000
   66     E+   Dyy       0.000723
   67     E+   Dyz       0.000000
   68     E+   Dzz       0.000723
 
                           __________
              Total =        1.000000
 
  Atomic MULLIKEN Population: for POSITRON  
            BE               0.500000
            BE               0.500000
 
 ...end of MULLIKEN Population
 
 
 END POPULATION ANALYSES 
 
 
  POPULATION ANALYSES: 
 ====================
 
 LOWDIN Population: for POSITRON  
 ---------------------
 
                                    
 
    1     E+     S       0.003451
    2     E+     S       0.015245
    3     E+     S       0.053182
    4     E+     S       0.120672
    5     E+     S       0.157579
    6     E+     S       0.104547
    7     E+     S       0.031013
    8     E+     S       0.000524
    9     E+     S       0.000154
   10     E+     S       0.000019
   11     E+    Px       0.000700
   12     E+    Py      -0.000000
   13     E+    Pz       0.000000
   14     E+    Px       0.004440
   15     E+    Py      -0.000000
   16     E+    Pz       0.000000
   17     E+    Px       0.004340
   18     E+    Py      -0.000000
   19     E+    Pz       0.000000
   20     E+    Px       0.000065
   21     E+    Py       0.000000
   22     E+    Pz       0.000000
   23     E+   Dxx       0.000070
   24     E+   Dxy      -0.000000
   25     E+   Dxz       0.000000
   26     E+   Dyy       0.000015
   27     E+   Dyz       0.000000
   28     E+   Dzz       0.000015
   29     E+   Dxx       0.003776
   30     E+   Dxy       0.000000
   31     E+   Dxz       0.000000
   32     E+   Dyy       0.000097
   33     E+   Dyz       0.000000
   34     E+   Dzz       0.000097
   35     E+     S       0.003451
   36     E+     S       0.015245
   37     E+     S       0.053182
   38     E+     S       0.120672
   39     E+     S       0.157579
   40     E+     S       0.104547
   41     E+     S       0.031013
   42     E+     S       0.000524
   43     E+     S       0.000154
   44     E+     S       0.000019
   45     E+    Px       0.000700
   46     E+    Py      -0.000000
   47     E+    Pz       0.000000
   48     E+    Px       0.004440
   49     E+    Py      -0.000000
   50     E+    Pz       0.000000
   51     E+    Px       0.004340
   52     E+    Py       0.000000
   53     E+    Pz       0.000000
   54     E+    Px       0.000065
   55     E+    Py       0.000000
   56     E+    Pz       0.000000
   57     E+   Dxx       0.000070
   58     E+   Dxy      -0.000000
   59     E+   Dxz       0.000000
   60     E+   Dyy       0.000015
   61     E+   Dyz       0.000000
   62     E+   Dzz       0.000015
   63     E+   Dxx       0.003776
   64     E+   Dxy       0.000000
   65     E+   Dxz       0.000000
   66     E+   Dyy       0.000097
   67     E+   Dyz       0.000000
   68     E+   Dzz       0.000097
 
                           __________
              Total =        1.000000
 
  Atomic LOWDIN Population: for POSITRON  
            BE               0.500000
            BE               0.500000
 
 ...end of LOWDIN Population
 
 
 END POPULATION ANALYSES 
 
 
  EXPECTED POSITIONS OF QUANTUM SPECIES:
 ======================
 
 POSITIONS IN ANGSTROMS
 ------
 
                        <x>      <y>      <z>         
                 E-  98.2153   0.0000   0.0000
           POSITRON  12.2769   0.0000   0.0000
 
 END EXPECTED POSITIONS
 
 
  ELECTROSTATIC MOMENTS:
 ======================
 
 
 DIPOLE: (A.U.)
 ------
 
                           <Dx>         <Dy>         <Dz>          |D|
                 E--185.60000000  -0.00000000  -0.00000000
           POSITRON  23.20000000   0.00000000   0.00000000
    Point charges:  185.60000000   0.00000000   0.00000000
                     ____________________________
      Total Dipole:  23.20000000   0.00000000   0.00000000  23.20000000
 
 DIPOLE: (DEBYE)
 ------
 
                           <Dx>         <Dy>         <Dz>          |D|
                 E--471.74808350  -0.00000000  -0.00000000
           POSITRON  58.96851044   0.00000000   0.00000000
    Point charges:  471.74808350   0.00000000   0.00000000
                     ____________________________
      Total Dipole:  58.96851044   0.00000000   0.00000000  58.96851044
 
 QUADRUPOLE NON-TRACELESS: (DEBYE ANGS)
 ------
 
                           <xx>         <yy>         <zz>         <xy>         <xz>         <yz>
                 E-**************  -15.54360930  -15.54360930   -0.00000000   -0.00000000    0.00000000
           POSITRON 1730.48326925   68.00645307   68.00645307   -0.00000000   -0.00000000    0.00000000
    Point charges: 11583.21826519    0.00000000    0.00000000    0.00000000    0.00000000    0.00000000
  Total Quadrupole: 1714.93966554   52.46284377   52.46284377   -0.00000000   -0.00000000    0.00000000
                     ____________________________
 
 END ELECTROSTATIC MOMENTS
 

  TOTAL CPU Time:      0.259 (s)
 TOTAL Wall Time:      0.365 (s)
  Elapsed Time:   0h  0m  0s 366ms
LOWDIN execution terminated normally at : Tue Nov 26 15:32:23 2024
-rw-rw-r-- 1 pohl pohl 704K nov 26 15:32 0E-.ints
-rw-rw-r-- 1 pohl pohl 2.1M nov 26 15:32 0E-.POSITRON.ints
-rw-rw-r-- 1 pohl pohl 2.1M nov 26 15:32 0POSITRON.ints
-rw-rw-r-- 1 pohl pohl 704K nov 26 15:32 1E-.ints
-rw-rw-r-- 1 pohl pohl 2.1M nov 26 15:32 1E-.POSITRON.ints
-rw-rw-r-- 1 pohl pohl 2.1M nov 26 15:32 1POSITRON.ints
-rw-rw-r-- 1 pohl pohl 704K nov 26 15:32 2E-.ints
-rw-rw-r-- 1 pohl pohl 2.1M nov 26 15:32 2E-.POSITRON.ints
-rw-rw-r-- 1 pohl pohl 2.1M nov 26 15:32 2POSITRON.ints
-rw-rw-r-- 1 pohl pohl 704K nov 26 15:32 3E-.ints
-rw-rw-r-- 1 pohl pohl 2.1M nov 26 15:32 3E-.POSITRON.ints
-rw-rw-r-- 1 pohl pohl 2.1M nov 26 15:32 3POSITRON.ints
-rw-rw-r-- 1 pohl pohl   12 nov 26 15:32 E-.POSITRON.nints
-rw-rw-r-- 1 pohl pohl   65 nov 26 15:32 gepol.inp
-rw-rw-r-- 1 pohl pohl   91 nov 26 15:32 gepol.xyzr
-rw-rw-r-- 1 pohl pohl 9.5K nov 26 15:32 lowdin.bas
-rw-rw-r-- 1 pohl pohl  16K nov 26 15:32 lowdin.dat
-rw-rw-r-- 1 pohl pohl 691K nov 26 15:32 lowdin.opints
-rw-rw-r-- 1 pohl pohl  26K nov 26 15:32 lowdin.sys
-rw-rw-r-- 1 pohl pohl 689K nov 26 15:32 lowdin.wfn
-rw-rw-r-- 1 pohl pohl  499 nov 26 15:32 usual_223
-rw-rw-r-- 1 pohl pohl 1.8K nov 26 15:32 usual_223.aux
-rw-rw-r-- 1 pohl pohl  504 nov 26 15:32 usual_223.lowdin
-rw-rw-r-- 1 pohl pohl  46K nov 26 15:32 usual_223.out
-rw-rw-r-- 1 pohl pohl  54K nov 26 15:32 usual_223.vec
