Begin job by input: usual_207.lowdin, for user:   at  mar 26 nov 2024 15:32:14 -05
under operating system Linux helios 5.19.0-46-generic #47-Ubuntu SMP PREEMPT_DYNAMIC Fri Jun 16 13:30:11 UTC 2023 x86_64 x86_64 x86_64 GNU/Linux
Compilation information
  commit: f31d3924f6ee2ce9d77f07edcc1ba27359319d14
  compilation date:  mar 17 sep 2024 16:16:17 -05

BEGIN INPUT INFO:
------------------------------------

GEOMETRY
	Be	Dirac	0.0 0.0 0.0
	e-(Be)	6-311++G.d.p 0.0 0.0 0.0
	E+	GRIBAKIN-10S4P2D 0.0 0.0 0.0
	Be	Dirac	43.2 0.0 0.0
	e-(Be)	6-311++G.d.p	43.2 0.0 0.0
	E+	GRIBAKIN-10S4P2D 43.2 0.0 0.0 addParticles=-1 
END GEOMETRY

TASKS
        method = "RHF"
END TASKS

EXTERPOTENTIAL
	E- GRIBAKIN0
	E+ JOR207
END EXTERPOTENTIAL

CONTROL
	units="BOHRS"
	readCoefficients=F
	convergenceMethod=1
	overlapEigenThreshold=1E-6
	SCFGhostSpecies="POSITRON"
	HFprintEigenvalues=T
	totalEnergyTolerance = 1E-9
END CONTROL


... END INPUT INFO


 LOWDIN execution started at : Tue Nov 26 15:32:14 2024
 ---------------------------------------------------------------
 
 ***************************************************************
 *                   LOWDIN 2.0  (May/2013)                    *
 *                                                             *
 *  R. FLORES-MORENO, E. F. POSADA, F. S. MONCADA, J.ROMERO,   *
 *  J. CHARRY, M. DIAZ-TINOCO, S. A. GONZALEZ, N. F. AGUIRRE,  *
 *  A. REYES                                                   *
 *                                                             *
 *  https://sites.google.com/site/lowdinproject/               *
 *                                                             *
 ***************************************************************
 
 PARSING INPUT... DONE!
 
 LOWDIN IS RUNNING WITH NEXT PARAMETERS: 
 ----------------------------------------
 
         METHOD TYPE:  RHF
         NUMBER OF CORES:     4
         NONELECTRONIC DENSITY GUESS: HCORE
         ELECTRONIC DENSITY GUESS: HCORE
         CRITERIUM OF CONVERGENCE: ENERGY
         NONELECTRONIC ENERGY TOLERANCE IN SCFs:     0.10000E-07
         ELECTRONIC ENERGY TOLERANCE IN SCFs:     0.10000E-07
         TOTAL ENERGY TOLERANCE IN SCFs:     0.10000E-08
         SCHEME OF ITERATION: GLOBAL ITERATIONS
         SCF MAX. SUBITERATIONS - NONELECTRONS :     1
         SCF MAX. SUBITERATIONS - ELECTRONS :     1
         SCF MAX. ITERATIONS - INTERSPECIES :   200
         INTEGRAL STORAGE: DISK
         STACK SIZE FOR ERIS : 30000
         METHOD OF SCF CONVERGENCE: DAMPING
 
  MOLECULAR SYSTEM: usual_207
 -----------------
 
    DESCRIPTION   : usual_207
    CHARGE        :   2
    PUNTUAL GROUP : NONE
 
 
  INFORMATION OF PARTICLES :
 =========================
         Total number of particles   =      11
         Number of quantum particles =       9
         Number of puntual charges   =       2
         Number of quantum species   =       2
 
                 INFORMATION OF QUANTUM SPECIES 
    ----------------------------------------------------------------------
         ID      Symbol            mass     charge      omega     spin     multiplicity
    ----------------------------------------------------------------------
         1             E-         1.0000     -1.00      0.00      0.50      1.00
         2             E+         1.0000      1.00      0.00      0.50      1.00
 
                   CONSTANTS OF COUPLING 
      ------------------------------------------------------------
              Symbol      kappa        eta     lambda occupation
      ------------------------------------------------------------
                  E-      -1.00       2.00       2.00       4.00
                  E+      -1.00       1.00       1.00       1.00
 
                   BASIS SET FOR SPECIES 
      ------------------------------------------------------------
           Symbol          N. Basis     N. Particles     Basis Set
      ------------------------------------------------------------
                 E-           20                8     6-311++G.D
                 E+           32                1     GRIBAKIN-1
 
                                ATOMIC BASIS
         ------------------------------------------------------------
          PRIMITIVE   SHELL             EXPONENT         COEFFICIENT 
         ------------------------------------------------------------
 
    BEGIN DESCRIPTION OF BASIS FOR:    E-
    ==============================
 
 
            BE BASIS SET:   6-311++G.D.P
             1         S             1682.80000000          0.00228574
             2         S              251.71500000          0.01759380
             3         S               57.41160000          0.08633150
             4         S               16.51710000          0.28183500
             5         S                4.85364000          0.64059400
             6         S                0.62686300          0.14446700
             1         S                8.30938000          0.10862100
             2         S                1.74075000          0.92730100
             3         S                0.48581600         -0.00297169
             1         P                8.30938000          0.03613440
             2         P                1.74075000          0.21695800
             3         P                0.48581600          0.84183900
             1         S                0.16361300          1.00000000
             1         P                0.16361300          1.00000000
             1         S                0.05672850          1.00000000
             1         P                0.05672850          1.00000000
             1         S                0.02070000          1.00000000
             1         P                0.02070000          1.00000000
             1         D                0.25500000          1.00000000
 
            BE BASIS SET:   6-311++G.D.P
             1         S             1682.80000000          0.00228574
             2         S              251.71500000          0.01759380
             3         S               57.41160000          0.08633150
             4         S               16.51710000          0.28183500
             5         S                4.85364000          0.64059400
             6         S                0.62686300          0.14446700
             1         S                8.30938000          0.10862100
             2         S                1.74075000          0.92730100
             3         S                0.48581600         -0.00297169
             1         P                8.30938000          0.03613440
             2         P                1.74075000          0.21695800
             3         P                0.48581600          0.84183900
             1         S                0.16361300          1.00000000
             1         P                0.16361300          1.00000000
             1         S                0.05672850          1.00000000
             1         P                0.05672850          1.00000000
             1         S                0.02070000          1.00000000
             1         P                0.02070000          1.00000000
             1         D                0.25500000          1.00000000
    ... END DESCRIPTION OF BASIS
 
 
    BEGIN DESCRIPTION OF BASIS FOR:    E+
    ==============================
 
 
            E+ BASIS SET:GRIBAKIN-10S4P2
             1         S                0.00010000          1.00000000
             1         S                0.00030000          1.00000000
             1         S                0.00090000          1.00000000
             1         S                0.00270000          1.00000000
             1         S                0.00810000          1.00000000
             1         S                0.02430000          1.00000000
             1         S                0.07290000          1.00000000
             1         S                0.21870000          1.00000000
             1         S                0.65610000          1.00000000
             1         S                1.96830000          1.00000000
             1         P                0.00010000          1.00000000
             1         P                0.00030000          1.00000000
             1         P                0.00090000          1.00000000
             1         P                0.00270000          1.00000000
             1         D                0.00010000          1.00000000
             1         D                0.00030000          1.00000000
 
            E+ BASIS SET:GRIBAKIN-10S4P2
             1         S                0.00010000          1.00000000
             1         S                0.00030000          1.00000000
             1         S                0.00090000          1.00000000
             1         S                0.00270000          1.00000000
             1         S                0.00810000          1.00000000
             1         S                0.02430000          1.00000000
             1         S                0.07290000          1.00000000
             1         S                0.21870000          1.00000000
             1         S                0.65610000          1.00000000
             1         S                1.96830000          1.00000000
             1         P                0.00010000          1.00000000
             1         P                0.00030000          1.00000000
             1         P                0.00090000          1.00000000
             1         P                0.00270000          1.00000000
             1         D                0.00010000          1.00000000
             1         D                0.00030000          1.00000000
    ... END DESCRIPTION OF BASIS
 
 
  END INFORMATION OF PARTICLES
 
 
  INFORMATION OF THE QUANTUM SYSTEM 
     ---------------------------------------------------------------------
                 ID     Occupied Orbitals     Basis size
     ---------------------------------------------------------------------
                 E-            4               46
                 E+            1               68
 
  END INFORMATION OF QUANTUM SYSTEM
 
 
  INFORMATION OF EXTERNAL POTENTIALS 
 
 =======
 External Potential for E- : GRIBAKIN0
 Type : 
                     Exponent         l       R_x       R_y       R_z              Factor
                 0.0010000000         0   0.00000   0.00000   0.00000        0.0000000000
 
 =======
 External Potential for E+ : JOR207
 Type : 
                     Exponent         l       R_x       R_y       R_z              Factor
                 0.0010000000         0   0.00000   0.00000   0.00000       -0.0004852612
                 0.0020000000         0   0.00000   0.00000   0.00000        0.0024441783
                 0.0040000000         0   0.00000   0.00000   0.00000       -0.0075448874
                 0.0080000000         0   0.00000   0.00000   0.00000        0.0157738437
                 0.0160000000         0   0.00000   0.00000   0.00000       -0.0371036225
                 0.0320000000         0   0.00000   0.00000   0.00000        0.0538567205
                 0.0640000000         0   0.00000   0.00000   0.00000       -0.1977562620
                 0.1280000000         0   0.00000   0.00000   0.00000        0.1521150960
                 0.2560000000         0   0.00000   0.00000   0.00000       -2.2309931100
                 0.5120000000         0   0.00000   0.00000   0.00000        7.1544406100
                 1.0000000000         0   0.00000   0.00000   0.00000      -16.4610761000
                 2.0000000000         0   0.00000   0.00000   0.00000      120.0674500000
                 3.0000000000         0   0.00000   0.00000   0.00000    -1010.4441400000
                 4.0000000000         0   0.00000   0.00000   0.00000     5912.5175500000
                 5.0000000000         0   0.00000   0.00000   0.00000   -22883.6471000000
                 6.0000000000         0   0.00000   0.00000   0.00000    58320.2479000000
                 7.0000000000         0   0.00000   0.00000   0.00000   -96733.7399000000
                 8.0000000000         0   0.00000   0.00000   0.00000   100515.5930000000
                 9.0000000000         0   0.00000   0.00000   0.00000   -59492.9273000000
                10.0000000000         0   0.00000   0.00000   0.00000    15337.5181000000
                20.0000000000         0   0.00000   0.00000   0.00000     -108.3194530000
                30.0000000000         0   0.00000   0.00000   0.00000       58.7242217000
                40.0000000000         0   0.00000   0.00000   0.00000      -33.9818623000
                50.0000000000         0   0.00000   0.00000   0.00000       10.1503518000
               100.0000000000         0   0.00000   0.00000   0.00000       -0.2039701810
                 0.0010000000         0  43.20000   0.00000   0.00000       -0.0004852612
                 0.0020000000         0  43.20000   0.00000   0.00000        0.0024441783
                 0.0040000000         0  43.20000   0.00000   0.00000       -0.0075448874
                 0.0080000000         0  43.20000   0.00000   0.00000        0.0157738437
                 0.0160000000         0  43.20000   0.00000   0.00000       -0.0371036225
                 0.0320000000         0  43.20000   0.00000   0.00000        0.0538567205
                 0.0640000000         0  43.20000   0.00000   0.00000       -0.1977562620
                 0.1280000000         0  43.20000   0.00000   0.00000        0.1521150960
                 0.2560000000         0  43.20000   0.00000   0.00000       -2.2309931100
                 0.5120000000         0  43.20000   0.00000   0.00000        7.1544406100
                 1.0000000000         0  43.20000   0.00000   0.00000      -16.4610761000
                 2.0000000000         0  43.20000   0.00000   0.00000      120.0674500000
                 3.0000000000         0  43.20000   0.00000   0.00000    -1010.4441400000
                 4.0000000000         0  43.20000   0.00000   0.00000     5912.5175500000
                 5.0000000000         0  43.20000   0.00000   0.00000   -22883.6471000000
                 6.0000000000         0  43.20000   0.00000   0.00000    58320.2479000000
                 7.0000000000         0  43.20000   0.00000   0.00000   -96733.7399000000
                 8.0000000000         0  43.20000   0.00000   0.00000   100515.5930000000
                 9.0000000000         0  43.20000   0.00000   0.00000   -59492.9273000000
                10.0000000000         0  43.20000   0.00000   0.00000    15337.5181000000
                20.0000000000         0  43.20000   0.00000   0.00000     -108.3194530000
                30.0000000000         0  43.20000   0.00000   0.00000       58.7242217000
                40.0000000000         0  43.20000   0.00000   0.00000      -33.9818623000
                50.0000000000         0  43.20000   0.00000   0.00000       10.1503518000
               100.0000000000         0  43.20000   0.00000   0.00000       -0.2039701810
 
  END INFORMATION OF EXTERNAL POTENTIALS
 
                       INITIAL GEOMETRY: AMSTRONG
                 -----------------------------------
                       <x>                 <y>                 <z>
      E-BE        0.0000000000        0.0000000000        0.0000000000
      E-BE       22.8604571672        0.0000000000        0.0000000000
        E+        0.0000000000        0.0000000000        0.0000000000
        E+       22.8604571672        0.0000000000        0.0000000000
        BE        0.0000000000        0.0000000000        0.0000000000
        BE       22.8604571672        0.0000000000        0.0000000000
 
                     MATRIX OF DISTANCE: ANGSTROM
                 -----------------------------------
                          BE(1)          BE(2)     
 
        BE(1)            0.000000      22.860457
        BE(2)           22.860457       0.000000
 
--------------------------------------------------------------------------------
** PROGRAM: SCF (Hartree Fock).     Author: S.A. Gonzalez, E. Posada, F. Moncada
--------------------------------------------------------------------------------
INFO: RUNNING IN RHF MODE.
 
----------------------------------------------------------------------
** PROGRAM INTS                          Author: E. F. Posada, 2013   
----------------------------------------------------------------------
INFO: RUNNING IN ONE_PARTICLE MODE.
 
 Number of Overlap integrals for species E-:   2116
 Number of Overlap integrals for species POSITRON:   4624
 Number of Kinetic integrals for species E-:   2116
 Number of Kinetic integrals for species POSITRON:   4624
 Number of Nuclear integrals for species E-:   2116
 Number of Nuclear integrals for species POSITRON:   4624
 Number of Moment integrals for species E-:   6348
 Number of Moment integrals for species POSITRON:  13872
 Number of 3C Overlap integrals for species E-:   2116
 Number of 3C Overlap integrals for species POSITRON:   4624
 
** TOTAL CPU Time INTS :      0.399 (s)
** TOTAL Elapsed Time INTS :      0.157 (s)
 
Removed     1 orbitals for species POSITRON with overlap eigen threshold of 1.000E-06
       Usign  HCORE density guess for species:         E-
     number of         E-     particles in guess density matrix:     8.000000
       Usign  HCORE density guess for species:   POSITRON
     number of   POSITRON     particles in guess density matrix:     0.000000
 Warning!, density matrix with deviation from number of particles    1.000000
 Number of unique integrals for species: 1 = 34030
 Number of unique integrals for species: 2 = 287810
 Number of unique integrals for species: 1 / 2 = 319289 Screened: 29989
 
 TWO-BODY INTEGRAL SETUP: 
------------------------- 
 Storage:   DISK
 Scheme: LIBINT
 Stack size:  30000
 
 LIBINT library, Fermann, J. T.; Valeev, F. L. 2010                   
 LOWDIN-LIBINT Implementation V. 2.1  Posada E. F. ; Reyes A. 2016   
 ----------------------------------------------------------------------

*** TOTAL CPU time intra-species integrals :      0.370 (s)
*** TOTAL elapsed time intra-species integrals :      0.056 (s)


*** TOTAL CPU time inter-species integrals :      0.555 (s)
*** TOTAL elapsed time inter-species integrals :      0.088 (s)

INFO: RUNNING SCHEME SIMULTANEOUS
 
 Begin Multi-Species SCF calculation:
 
 --------------------------------------------------------------------------------------------------
      Iteration                   Energy            Energy Change           Density Change
 --------------------------------------------------------------------------------------------------
              1         -27.549623619652          27.549623619652           0.323644207882
              2         -29.115326851893           1.565703232242           0.022796045486
              3         -29.140840730698           0.025513878805           0.007182488950
              4         -29.146451452160           0.005610721462           0.003034218802
              5         -29.147101700961           0.000650248801           0.000230883366
              6         -29.147099132508          -0.000002568453           0.000057399038
              7         -29.147098802473          -0.000000330035           0.000014709396
              8         -29.147098895224           0.000000092751           0.000003995484
              9         -29.147098978814           0.000000083591           0.000001214221
             10         -29.147099019689           0.000000040875           0.000000392457
             11         -29.147099036546           0.000000016857           0.000000133888
             12         -29.147099042987           0.000000006441           0.000000047769
             13         -29.147099045351           0.000000002364           0.000000017615
             14         -29.147099046200           0.000000000848           0.000000006640
 Total energy converged after  14 global iterations                                                  
 
 ...end Multi-Species SCF calculation
 
 
 Begin SCF calculation by: E-
 -------------------------
 
 -----------------------------------------------------------------------------------
 Iteration                   Energy           Density Change         DIIS Error 
 -----------------------------------------------------------------------------------
    1         -29.392708312629           0.019989671439                 -- 
    2         -29.493079145100           0.003550437689                 -- 
    3         -29.510159523554           0.000809581483                 -- 
    4         -29.513454085902           0.000201874403                 -- 
    5         -29.514105342719           0.000052474336                 -- 
    6         -29.514233463155           0.000014053536                 -- 
    7         -29.514257685431           0.000003882171                 -- 
    8         -29.514261777234           0.000001110869                 -- 
    9         -29.514262257722           0.000000330257                 -- 
   10         -29.514262217516           0.000000101999                 -- 
   11         -29.514262157942           0.000000032622                 -- 
   12         -29.514262127326           0.000000010750                 -- 
   13         -29.514262114593           0.000000003630                 -- 
 
 ... end SCF calculation
 
 Begin SCF calculation by: POSITRON
 -------------------------
 
 -----------------------------------------------------------------------------------
 Iteration                   Energy           Density Change         DIIS Error 
 -----------------------------------------------------------------------------------
    1          -0.063364348205           0.002806374047                 -- 
    2          -0.043113929388           0.003632051261                 -- 
    3          -0.031269519498           0.002224637319                 -- 
    4          -0.031079530498           0.000029008964                 -- 
    5          -0.031046383925           0.000004924702                 -- 
    6          -0.031042039863           0.000000655860                 -- 
    7          -0.031042110947           0.000000113313                 -- 
    8          -0.031042483195           0.000000103352                 -- 
    9          -0.031042687891           0.000000062200                 -- 
   10          -0.031042774833           0.000000031889                 -- 
   11          -0.031042808151           0.000000015146                 -- 
   12          -0.031042820258           0.000000006864                 -- 
   13          -0.031042824521           0.000000003010                 -- 
 
 ... end SCF calculation
 
  EIGENVALUES AND EIGENVECTORS: 
 ==============================
 
 
  Eigenvalues for: E-
 -----------------
 
    1          -4.732348739272
    2          -4.732348739272
    3          -0.309258221893
    4          -0.309258221892
    5           0.029565739841
    6           0.029565782883
    7           0.029565782883
    8           0.029565785176
    9           0.029565785176
   10           0.029565828211
   11           0.051096229507
   12           0.051096240371
   13           0.098028545831
   14           0.098028631726
   15           0.098028631726
   16           0.098028636323
   17           0.098028636323
   18           0.098028722212
   19           0.321204926612
   20           0.321204936020
   21           0.345804628441
   22           0.345804685079
   23           0.345804685079
   24           0.345804688133
   25           0.345804688133
   26           0.345804744768
   27           0.692850857132
   28           0.692850857132
   29           0.692850857132
   30           0.692850857132
   31           0.692850857132
   32           0.692850857132
   33           0.692850857133
   34           0.692850857133
   35           0.692850857133
   36           0.692850857133
   37           1.198792675612
   38           1.198792706607
   39           1.198792706607
   40           1.198792708291
   41           1.198792708291
   42           1.198792739286
   43           1.414741299125
   44           1.414741302664
   45          10.066564140091
   46          10.066564141976
 
 
  Eigenvalues for: POSITRON
 -----------------
 
    1          -0.003207309520
    2          -0.002978813790
    3           0.000084598455
    4           0.000135524668
    5           0.000207248546
    6           0.000207248546
    7           0.000258220421
    8           0.000280308862
    9           0.000280308862
   10           0.000325420793
   11           0.000325420793
   12           0.000363829369
   13           0.000408474274
   14           0.000427011011
   15           0.000427011011
   16           0.000436419915
   17           0.000437662361
   18           0.000437662361
   19           0.000565700695
   20           0.000565700695
   21           0.000592212446
   22           0.000884119447
   23           0.000884119447
   24           0.000959809695
   25           0.001024670561
   26           0.001130786572
   27           0.001130786573
   28           0.001149993060
   29           0.001223956688
   30           0.001223956688
   31           0.001243317670
   32           0.001489576775
   33           0.001489576775
   34           0.001491884305
   35           0.001491884305
   36           0.001783656998
   37           0.001783656998
   38           0.001831922456
   39           0.002104782606
   40           0.002163092006
   41           0.002396756800
   42           0.002910636988
   43           0.002910636988
   44           0.003611425765
   45           0.003611425765
   46           0.003634825643
   47           0.004557421129
   48           0.005042935429
   49           0.005536097129
   50           0.008715195758
   51           0.009169870041
   52           0.009169870041
   53           0.009554101484
   54           0.009554101484
   55           0.011075309037
   56           0.014561742873
   57           0.015242172568
   58           0.050858334669
   59           0.051731580630
   60           0.192834859664
   61           0.193548064342
   62           0.855259789491
   63           0.855897011615
   64           2.940970642732
   65           2.941496413719
   66          10.802133675327
   67          10.802665984649
   68     1000000.000000000000
 
  end of eigenvalues 
 
  Occupied Eigenvectors for: E-
 --------------------------- 
 
                          -4.7323        -4.7323        -0.3093        -0.3093   
 
    1     BE     S       0.588067       0.098629      -0.077163      -0.077813
    2     BE     S       0.440294       0.073845      -0.130754      -0.131855
    3     BE    Px      -0.000000      -0.000000       0.000000       0.000000
    4     BE    Py      -0.000000       0.000000       0.000000       0.000000
    5     BE    Pz       0.000000       0.000000      -0.000000      -0.000000
    6     BE     S      -0.004822      -0.000809       0.411214       0.414677
    7     BE    Px       0.000000       0.000000       0.000000       0.000000
    8     BE    Py       0.000000      -0.000000      -0.000000      -0.000000
    9     BE    Pz      -0.000000      -0.000000      -0.000000       0.000000
   10     BE     S       0.001406       0.000236       0.352161       0.355127
   11     BE    Px      -0.000000      -0.000000      -0.000000      -0.000000
   12     BE    Py      -0.000000      -0.000000       0.000000       0.000000
   13     BE    Pz       0.000000       0.000000       0.000000      -0.000000
   14     BE     S      -0.000423      -0.000071       0.015733       0.015865
   15     BE    Px       0.000000       0.000000      -0.000000      -0.000000
   16     BE    Py       0.000000      -0.000000      -0.000000      -0.000000
   17     BE    Pz      -0.000000      -0.000000      -0.000000       0.000000
   18     BE   Dxx       0.000662       0.000111      -0.001248      -0.001259
   19     BE   Dxy      -0.000000      -0.000000       0.000000       0.000000
   20     BE   Dxz      -0.000000       0.000000       0.000000       0.000000
   21     BE   Dyy       0.000662       0.000111      -0.001248      -0.001259
   22     BE   Dyz       0.000000      -0.000000      -0.000000      -0.000000
   23     BE   Dzz       0.000662       0.000111      -0.001248      -0.001259
   24     BE     S      -0.098629       0.588067      -0.077813       0.077163
   25     BE     S      -0.073845       0.440294      -0.131855       0.130754
   26     BE    Px      -0.000000       0.000000      -0.000000       0.000000
   27     BE    Py      -0.000000      -0.000000      -0.000000       0.000000
   28     BE    Pz      -0.000000      -0.000000       0.000000       0.000000
   29     BE     S       0.000809      -0.004822       0.414677      -0.411214
   30     BE    Px       0.000000      -0.000000      -0.000000       0.000000
   31     BE    Py       0.000000       0.000000       0.000000      -0.000000
   32     BE    Pz      -0.000000       0.000000      -0.000000      -0.000000
   33     BE     S      -0.000236       0.001406       0.355127      -0.352161
   34     BE    Px      -0.000000       0.000000       0.000000      -0.000000
   35     BE    Py      -0.000000      -0.000000       0.000000       0.000000
   36     BE    Pz       0.000000      -0.000000      -0.000000       0.000000
   37     BE     S       0.000071      -0.000423       0.015865      -0.015733
   38     BE    Px       0.000000      -0.000000       0.000000      -0.000000
   39     BE    Py      -0.000000      -0.000000      -0.000000      -0.000000
   40     BE    Pz      -0.000000       0.000000       0.000000      -0.000000
   41     BE   Dxx      -0.000111       0.000662      -0.001259       0.001248
   42     BE   Dxy       0.000000      -0.000000      -0.000000       0.000000
   43     BE   Dxz       0.000000       0.000000       0.000000       0.000000
   44     BE   Dyy      -0.000111       0.000662      -0.001259       0.001248
   45     BE   Dyz      -0.000000       0.000000      -0.000000       0.000000
   46     BE   Dzz      -0.000111       0.000662      -0.001259       0.001248
 
 
  Occupied Eigenvectors for: POSITRON
 --------------------------- 
 
                          -0.0032   
 
    1     E+     S       0.017095
    2     E+     S       0.017745
    3     E+     S      -0.119909
    4     E+     S      -0.205313
    5     E+     S      -0.269411
    6     E+     S      -0.172995
    7     E+     S      -0.119010
    8     E+     S       0.094130
    9     E+     S       0.005831
   10     E+     S      -0.000001
   11     E+    Px       0.018171
   12     E+    Py      -0.000000
   13     E+    Pz      -0.000000
   14     E+    Px      -0.003201
   15     E+    Py      -0.000000
   16     E+    Pz       0.000000
   17     E+    Px       0.000776
   18     E+    Py      -0.000000
   19     E+    Pz      -0.000000
   20     E+    Px      -0.000613
   21     E+    Py       0.000000
   22     E+    Pz       0.000000
   23     E+   Dxx       0.003561
   24     E+   Dxy      -0.000000
   25     E+   Dxz      -0.000000
   26     E+   Dyy      -0.003667
   27     E+   Dyz      -0.000000
   28     E+   Dzz      -0.003667
   29     E+   Dxx      -0.013216
   30     E+   Dxy      -0.000000
   31     E+   Dxz       0.000000
   32     E+   Dyy      -0.011591
   33     E+   Dyz       0.000000
   34     E+   Dzz      -0.011591
   35     E+     S       0.017095
   36     E+     S       0.017745
   37     E+     S      -0.119909
   38     E+     S      -0.205313
   39     E+     S      -0.269411
   40     E+     S      -0.172995
   41     E+     S      -0.119010
   42     E+     S       0.094130
   43     E+     S       0.005831
   44     E+     S      -0.000001
   45     E+    Px      -0.018171
   46     E+    Py       0.000000
   47     E+    Pz       0.000000
   48     E+    Px       0.003201
   49     E+    Py       0.000000
   50     E+    Pz      -0.000000
   51     E+    Px      -0.000776
   52     E+    Py       0.000000
   53     E+    Pz       0.000000
   54     E+    Px       0.000613
   55     E+    Py       0.000000
   56     E+    Pz      -0.000000
   57     E+   Dxx       0.003561
   58     E+   Dxy      -0.000000
   59     E+   Dxz      -0.000000
   60     E+   Dyy      -0.003667
   61     E+   Dyz       0.000000
   62     E+   Dzz      -0.003667
   63     E+   Dxx      -0.013216
   64     E+   Dxy      -0.000000
   65     E+   Dxz       0.000000
   66     E+   Dyy      -0.011591
   67     E+   Dyz      -0.000000
   68     E+   Dzz      -0.011591
 
 
  end of eigenvectors 
 
  END OF EIGENVALUES AND EIGENVECTORS
 
 
  COMPONENTS OF KINETIC ENERGY: 
 -----------------------------
 
                  E- Kinetic energy =           29.142628633391
            POSITRON Kinetic energy =            0.015000319057
                                     _________________________
               Total kinetic energy =           29.157628952448
 
  COMPONENTS OF POTENTIAL ENERGY: 
 -------------------------------
 
          Fixed potential energy    =            0.370370370370
 
  Quantum/Fixed interaction energy: 
 ----------------------------------
 
          E-/Fixed interact. energy =          -68.004725017920
    POSITRON/Fixed interact. energy =            0.670886376406
                                     _________________________
               Total Q/Fixed energy =          -67.333838641515
 
  Coulomb energy: 
 ------------------
 
               E-/E- Hartree energy =           14.680943730603
   POSITRON/POSITRON Hartree energy =            0.000000000000
         E-/POSITRON Hartree energy =           -0.661258490281
                                     _________________________
               Total Hartree energy =           14.019685240322
 
  Exchange(HF) energy: 
 ----------------------
 
                 E- Exchange energy =           -5.333109453124
           POSITRON Exchange energy =            0.000000000000
                                     _________________________
              Total Exchange energy =           -5.333109453124
 
  External Potential energy: 
 ----------------------------
 
                  E- Ext Pot energy =            0.000000000000
            POSITRON Ext Pot energy =           -0.027835515001
                                     _________________________
    Total External Potential energy =           -0.027835515001
 
  TOTAL ENERGY COMPONENTS: 
 ==========================
 
          TOTAL KINETIC ENERGY      =           29.157628952448
          TOTAL POTENTIAL ENERGY    =          -58.304727998948
                                     _________________________
                       TOTAL ENERGY =          -29.147099046500
 
                 VIRIAL RATIO (V/T) =            1.999638862750
 
 
  END ENERGY COMPONENTS
 
 
** TOTAL CPU Time SCF :      0.897 (s)
** TOTAL Elapsed Time SCF :      0.332 (s)
 
 We are calculating properties for E- in the HF/KS ground state
 We are calculating properties for POSITRON in the HF/KS ground state
 
  POPULATION ANALYSES: 
 ====================
 
 MULLIKEN Population: for E-        
 ---------------------
 
                                    
 
    1     BE     S       1.166391
    2     BE     S       0.823588
    3     BE    Px       0.000000
    4     BE    Py       0.000000
    5     BE    Pz       0.000000
    6     BE     S       1.043694
    7     BE    Px       0.000000
    8     BE    Py      -0.000000
    9     BE    Pz      -0.000000
   10     BE     S       0.942124
   11     BE    Px       0.000000
   12     BE    Py       0.000000
   13     BE    Pz       0.000000
   14     BE     S       0.031424
   15     BE    Px       0.000000
   16     BE    Py       0.000000
   17     BE    Pz      -0.000000
   18     BE   Dxx      -0.002407
   19     BE   Dxy       0.000000
   20     BE   Dxz       0.000000
   21     BE   Dyy      -0.002407
   22     BE   Dyz       0.000000
   23     BE   Dzz      -0.002407
   24     BE     S       1.166391
   25     BE     S       0.823588
   26     BE    Px       0.000000
   27     BE    Py       0.000000
   28     BE    Pz      -0.000000
   29     BE     S       1.043694
   30     BE    Px       0.000000
   31     BE    Py       0.000000
   32     BE    Pz       0.000000
   33     BE     S       0.942124
   34     BE    Px       0.000000
   35     BE    Py       0.000000
   36     BE    Pz       0.000000
   37     BE     S       0.031424
   38     BE    Px       0.000000
   39     BE    Py       0.000000
   40     BE    Pz       0.000000
   41     BE   Dxx      -0.002407
   42     BE   Dxy       0.000000
   43     BE   Dxz       0.000000
   44     BE   Dyy      -0.002407
   45     BE   Dyz       0.000000
   46     BE   Dzz      -0.002407
 
                           __________
              Total =        8.000000
 
  Atomic MULLIKEN Population: for E-        
            BE               4.000000
            BE               4.000000
 
 ...end of MULLIKEN Population
 
 
 END POPULATION ANALYSES 
 
 
  POPULATION ANALYSES: 
 ====================
 
 LOWDIN Population: for E-        
 ---------------------
 
                                    
 
    1     BE     S       1.101745
    2     BE     S       0.875944
    3     BE    Px       0.000000
    4     BE    Py       0.000000
    5     BE    Pz       0.000000
    6     BE     S       0.590908
    7     BE    Px       0.000000
    8     BE    Py       0.000000
    9     BE    Pz       0.000000
   10     BE     S       0.553024
   11     BE    Px       0.000000
   12     BE    Py       0.000000
   13     BE    Pz       0.000000
   14     BE     S       0.204207
   15     BE    Px       0.000000
   16     BE    Py       0.000000
   17     BE    Pz      -0.000000
   18     BE   Dxx       0.224724
   19     BE   Dxy      -0.000000
   20     BE   Dxz      -0.000000
   21     BE   Dyy       0.224724
   22     BE   Dyz       0.000000
   23     BE   Dzz       0.224724
   24     BE     S       1.101745
   25     BE     S       0.875944
   26     BE    Px       0.000000
   27     BE    Py       0.000000
   28     BE    Pz       0.000000
   29     BE     S       0.590908
   30     BE    Px       0.000000
   31     BE    Py       0.000000
   32     BE    Pz       0.000000
   33     BE     S       0.553024
   34     BE    Px       0.000000
   35     BE    Py       0.000000
   36     BE    Pz       0.000000
   37     BE     S       0.204207
   38     BE    Px       0.000000
   39     BE    Py       0.000000
   40     BE    Pz       0.000000
   41     BE   Dxx       0.224724
   42     BE   Dxy       0.000000
   43     BE   Dxz       0.000000
   44     BE   Dyy       0.224724
   45     BE   Dyz       0.000000
   46     BE   Dzz       0.224724
 
                           __________
              Total =        8.000000
 
  Atomic LOWDIN Population: for E-        
            BE               4.000000
            BE               4.000000
 
 ...end of LOWDIN Population
 
 
 END POPULATION ANALYSES 
 
 
  POPULATION ANALYSES: 
 ====================
 
 MULLIKEN Population: for POSITRON  
 ---------------------
 
                                    
 
    1     E+     S      -0.004143
    2     E+     S      -0.007466
    3     E+     S       0.068329
    4     E+     S       0.133651
    5     E+     S       0.180976
    6     E+     S       0.097953
    7     E+     S       0.043426
    8     E+     S      -0.015573
    9     E+     S      -0.000306
   10     E+     S       0.000000
   11     E+    Px      -0.001641
   12     E+    Py      -0.000000
   13     E+    Pz      -0.000000
   14     E+    Px       0.000666
   15     E+    Py      -0.000000
   16     E+    Pz      -0.000000
   17     E+    Px      -0.000184
   18     E+    Py      -0.000000
   19     E+    Pz       0.000000
   20     E+    Px       0.000052
   21     E+    Py       0.000000
   22     E+    Pz      -0.000000
   23     E+   Dxx      -0.000206
   24     E+   Dxy       0.000000
   25     E+   Dxz       0.000000
   26     E+   Dyy       0.000056
   27     E+   Dyz      -0.000000
   28     E+   Dzz       0.000056
   29     E+   Dxx       0.002912
   30     E+   Dxy       0.000000
   31     E+   Dxz       0.000000
   32     E+   Dyy       0.000721
   33     E+   Dyz       0.000000
   34     E+   Dzz       0.000721
   35     E+     S      -0.004143
   36     E+     S      -0.007466
   37     E+     S       0.068329
   38     E+     S       0.133651
   39     E+     S       0.180976
   40     E+     S       0.097953
   41     E+     S       0.043426
   42     E+     S      -0.015573
   43     E+     S      -0.000306
   44     E+     S       0.000000
   45     E+    Px      -0.001641
   46     E+    Py      -0.000000
   47     E+    Pz       0.000000
   48     E+    Px       0.000666
   49     E+    Py      -0.000000
   50     E+    Pz      -0.000000
   51     E+    Px      -0.000184
   52     E+    Py       0.000000
   53     E+    Pz      -0.000000
   54     E+    Px       0.000052
   55     E+    Py       0.000000
   56     E+    Pz       0.000000
   57     E+   Dxx      -0.000206
   58     E+   Dxy       0.000000
   59     E+   Dxz       0.000000
   60     E+   Dyy       0.000056
   61     E+   Dyz       0.000000
   62     E+   Dzz       0.000056
   63     E+   Dxx       0.002912
   64     E+   Dxy       0.000000
   65     E+   Dxz       0.000000
   66     E+   Dyy       0.000721
   67     E+   Dyz      -0.000000
   68     E+   Dzz       0.000721
 
                           __________
              Total =        1.000000
 
  Atomic MULLIKEN Population: for POSITRON  
            BE               0.500000
            BE               0.500000
 
 ...end of MULLIKEN Population
 
 
 END POPULATION ANALYSES 
 
 
  POPULATION ANALYSES: 
 ====================
 
 LOWDIN Population: for POSITRON  
 ---------------------
 
                                    
 
    1     E+     S       0.003440
    2     E+     S       0.015602
    3     E+     S       0.054964
    4     E+     S       0.120386
    5     E+     S       0.155885
    6     E+     S       0.103713
    7     E+     S       0.030801
    8     E+     S       0.000520
    9     E+     S       0.000153
   10     E+     S       0.000019
   11     E+    Px       0.000619
   12     E+    Py       0.000000
   13     E+    Pz       0.000000
   14     E+    Px       0.004363
   15     E+    Py       0.000000
   16     E+    Pz       0.000000
   17     E+    Px       0.005729
   18     E+    Py       0.000000
   19     E+    Pz       0.000000
   20     E+    Px       0.000216
   21     E+    Py      -0.000000
   22     E+    Pz       0.000000
   23     E+   Dxx       0.000046
   24     E+   Dxy      -0.000000
   25     E+   Dxz       0.000000
   26     E+   Dyy       0.000014
   27     E+   Dyz       0.000000
   28     E+   Dzz       0.000014
   29     E+   Dxx       0.003328
   30     E+   Dxy       0.000000
   31     E+   Dxz       0.000000
   32     E+   Dyy       0.000093
   33     E+   Dyz       0.000000
   34     E+   Dzz       0.000093
   35     E+     S       0.003440
   36     E+     S       0.015602
   37     E+     S       0.054964
   38     E+     S       0.120386
   39     E+     S       0.155885
   40     E+     S       0.103713
   41     E+     S       0.030801
   42     E+     S       0.000520
   43     E+     S       0.000153
   44     E+     S       0.000019
   45     E+    Px       0.000619
   46     E+    Py       0.000000
   47     E+    Pz       0.000000
   48     E+    Px       0.004363
   49     E+    Py      -0.000000
   50     E+    Pz       0.000000
   51     E+    Px       0.005729
   52     E+    Py       0.000000
   53     E+    Pz       0.000000
   54     E+    Px       0.000216
   55     E+    Py       0.000000
   56     E+    Pz      -0.000000
   57     E+   Dxx       0.000046
   58     E+   Dxy       0.000000
   59     E+   Dxz       0.000000
   60     E+   Dyy       0.000014
   61     E+   Dyz       0.000000
   62     E+   Dzz       0.000014
   63     E+   Dxx       0.003328
   64     E+   Dxy       0.000000
   65     E+   Dxz       0.000000
   66     E+   Dyy       0.000093
   67     E+   Dyz       0.000000
   68     E+   Dzz       0.000093
 
                           __________
              Total =        1.000000
 
  Atomic LOWDIN Population: for POSITRON  
            BE               0.500000
            BE               0.500000
 
 ...end of LOWDIN Population
 
 
 END POPULATION ANALYSES 
 
 
  EXPECTED POSITIONS OF QUANTUM SPECIES:
 ======================
 
 POSITIONS IN ANGSTROMS
 ------
 
                        <x>      <y>      <z>         
                 E-  91.4418  -0.0000  -0.0000
           POSITRON  11.4302  -0.0000   0.0000
 
 END EXPECTED POSITIONS
 
 
  ELECTROSTATIC MOMENTS:
 ======================
 
 
 DIPOLE: (A.U.)
 ------
 
                           <Dx>         <Dy>         <Dz>          |D|
                 E--172.80000000   0.00000000   0.00000000
           POSITRON  21.60000000  -0.00000000   0.00000000
    Point charges:  172.80000000   0.00000000   0.00000000
                     ____________________________
      Total Dipole:  21.60000000  -0.00000000   0.00000000  21.60000000
 
 DIPOLE: (DEBYE)
 ------
 
                           <Dx>         <Dy>         <Dz>          |D|
                 E--439.21373291   0.00000000   0.00000000
           POSITRON  54.90171661  -0.00000000   0.00000000
    Point charges:  439.21373291   0.00000000   0.00000000
                     ____________________________
      Total Dipole:  54.90171661  -0.00000000   0.00000000  54.90171661
 
 QUADRUPOLE NON-TRACELESS: (DEBYE ANGS)
 ------
 
                           <xx>         <yy>         <zz>         <xy>         <xz>         <yz>
                 E-**************  -15.54360930  -15.54360930    0.00000000    0.00000000    0.00000000
           POSITRON 1556.30658547   68.36533354   68.36533354    0.00000000    0.00000000   -0.00000000
    Point charges: 10040.62558302    0.00000000    0.00000000    0.00000000    0.00000000    0.00000000
  Total Quadrupole: 1540.76298216   52.82172423   52.82172423    0.00000000    0.00000000   -0.00000000
                     ____________________________
 
 END ELECTROSTATIC MOMENTS
 

  TOTAL CPU Time:      0.259 (s)
 TOTAL Wall Time:      0.382 (s)
  Elapsed Time:   0h  0m  0s 382ms
LOWDIN execution terminated normally at : Tue Nov 26 15:32:15 2024
-rw-rw-r-- 1 pohl pohl 704K nov 26 15:32 0E-.ints
-rw-rw-r-- 1 pohl pohl 2.1M nov 26 15:32 0E-.POSITRON.ints
-rw-rw-r-- 1 pohl pohl 2.1M nov 26 15:32 0POSITRON.ints
-rw-rw-r-- 1 pohl pohl 704K nov 26 15:32 1E-.ints
-rw-rw-r-- 1 pohl pohl 2.1M nov 26 15:32 1E-.POSITRON.ints
-rw-rw-r-- 1 pohl pohl 2.1M nov 26 15:32 1POSITRON.ints
-rw-rw-r-- 1 pohl pohl 704K nov 26 15:32 2E-.ints
-rw-rw-r-- 1 pohl pohl 2.1M nov 26 15:32 2E-.POSITRON.ints
-rw-rw-r-- 1 pohl pohl 2.1M nov 26 15:32 2POSITRON.ints
-rw-rw-r-- 1 pohl pohl 704K nov 26 15:32 3E-.ints
-rw-rw-r-- 1 pohl pohl 2.1M nov 26 15:32 3E-.POSITRON.ints
-rw-rw-r-- 1 pohl pohl 2.1M nov 26 15:32 3POSITRON.ints
-rw-rw-r-- 1 pohl pohl   12 nov 26 15:32 E-.POSITRON.nints
-rw-rw-r-- 1 pohl pohl   65 nov 26 15:32 gepol.inp
-rw-rw-r-- 1 pohl pohl   91 nov 26 15:32 gepol.xyzr
-rw-rw-r-- 1 pohl pohl 9.5K nov 26 15:32 lowdin.bas
-rw-rw-r-- 1 pohl pohl  16K nov 26 15:32 lowdin.dat
-rw-rw-r-- 1 pohl pohl 691K nov 26 15:32 lowdin.opints
-rw-rw-r-- 1 pohl pohl  26K nov 26 15:32 lowdin.sys
-rw-rw-r-- 1 pohl pohl 689K nov 26 15:32 lowdin.wfn
-rw-rw-r-- 1 pohl pohl  499 nov 26 15:32 usual_207
-rw-rw-r-- 1 pohl pohl 1.8K nov 26 15:32 usual_207.aux
-rw-rw-r-- 1 pohl pohl  504 nov 26 15:32 usual_207.lowdin
-rw-rw-r-- 1 pohl pohl  46K nov 26 15:32 usual_207.out
-rw-rw-r-- 1 pohl pohl  54K nov 26 15:32 usual_207.vec
