Begin job by input: usual_57.lowdin, for user:   at  mar 26 nov 2024 15:30:50 -05
under operating system Linux helios 5.19.0-46-generic #47-Ubuntu SMP PREEMPT_DYNAMIC Fri Jun 16 13:30:11 UTC 2023 x86_64 x86_64 x86_64 GNU/Linux
Compilation information
  commit: f31d3924f6ee2ce9d77f07edcc1ba27359319d14
  compilation date:  mar 17 sep 2024 16:16:17 -05

BEGIN INPUT INFO:
------------------------------------

GEOMETRY
	Be	Dirac	0.0 0.0 0.0
	e-(Be)	6-311++G.d.p 0.0 0.0 0.0
	E+	GRIBAKIN-10S4P2D 0.0 0.0 0.0
	Be	Dirac	13.2 0.0 0.0
	e-(Be)	6-311++G.d.p	13.2 0.0 0.0
	E+	GRIBAKIN-10S4P2D 13.2 0.0 0.0 addParticles=-1 
END GEOMETRY

TASKS
        method = "RHF"
END TASKS

EXTERPOTENTIAL
	E- GRIBAKIN0
	E+ JOR57
END EXTERPOTENTIAL

CONTROL
	units="BOHRS"
	readCoefficients=F
	convergenceMethod=1
	overlapEigenThreshold=1E-6
	SCFGhostSpecies="POSITRON"
	HFprintEigenvalues=T
	totalEnergyTolerance = 1E-9
END CONTROL


... END INPUT INFO


 LOWDIN execution started at : Tue Nov 26 15:30:50 2024
 ---------------------------------------------------------------
 
 ***************************************************************
 *                   LOWDIN 2.0  (May/2013)                    *
 *                                                             *
 *  R. FLORES-MORENO, E. F. POSADA, F. S. MONCADA, J.ROMERO,   *
 *  J. CHARRY, M. DIAZ-TINOCO, S. A. GONZALEZ, N. F. AGUIRRE,  *
 *  A. REYES                                                   *
 *                                                             *
 *  https://sites.google.com/site/lowdinproject/               *
 *                                                             *
 ***************************************************************
 
 PARSING INPUT... DONE!
 
 LOWDIN IS RUNNING WITH NEXT PARAMETERS: 
 ----------------------------------------
 
         METHOD TYPE:  RHF
         NUMBER OF CORES:     4
         NONELECTRONIC DENSITY GUESS: HCORE
         ELECTRONIC DENSITY GUESS: HCORE
         CRITERIUM OF CONVERGENCE: ENERGY
         NONELECTRONIC ENERGY TOLERANCE IN SCFs:     0.10000E-07
         ELECTRONIC ENERGY TOLERANCE IN SCFs:     0.10000E-07
         TOTAL ENERGY TOLERANCE IN SCFs:     0.10000E-08
         SCHEME OF ITERATION: GLOBAL ITERATIONS
         SCF MAX. SUBITERATIONS - NONELECTRONS :     1
         SCF MAX. SUBITERATIONS - ELECTRONS :     1
         SCF MAX. ITERATIONS - INTERSPECIES :   200
         INTEGRAL STORAGE: DISK
         STACK SIZE FOR ERIS : 30000
         METHOD OF SCF CONVERGENCE: DAMPING
 
  MOLECULAR SYSTEM: usual_57
 -----------------
 
    DESCRIPTION   : usual_57
    CHARGE        :   2
    PUNTUAL GROUP : NONE
 
 
  INFORMATION OF PARTICLES :
 =========================
         Total number of particles   =      11
         Number of quantum particles =       9
         Number of puntual charges   =       2
         Number of quantum species   =       2
 
                 INFORMATION OF QUANTUM SPECIES 
    ----------------------------------------------------------------------
         ID      Symbol            mass     charge      omega     spin     multiplicity
    ----------------------------------------------------------------------
         1             E-         1.0000     -1.00      0.00      0.50      1.00
         2             E+         1.0000      1.00      0.00      0.50      1.00
 
                   CONSTANTS OF COUPLING 
      ------------------------------------------------------------
              Symbol      kappa        eta     lambda occupation
      ------------------------------------------------------------
                  E-      -1.00       2.00       2.00       4.00
                  E+      -1.00       1.00       1.00       1.00
 
                   BASIS SET FOR SPECIES 
      ------------------------------------------------------------
           Symbol          N. Basis     N. Particles     Basis Set
      ------------------------------------------------------------
                 E-           20                8     6-311++G.D
                 E+           32                1     GRIBAKIN-1
 
                                ATOMIC BASIS
         ------------------------------------------------------------
          PRIMITIVE   SHELL             EXPONENT         COEFFICIENT 
         ------------------------------------------------------------
 
    BEGIN DESCRIPTION OF BASIS FOR:    E-
    ==============================
 
 
            BE BASIS SET:   6-311++G.D.P
             1         S             1682.80000000          0.00228574
             2         S              251.71500000          0.01759380
             3         S               57.41160000          0.08633150
             4         S               16.51710000          0.28183500
             5         S                4.85364000          0.64059400
             6         S                0.62686300          0.14446700
             1         S                8.30938000          0.10862100
             2         S                1.74075000          0.92730100
             3         S                0.48581600         -0.00297169
             1         P                8.30938000          0.03613440
             2         P                1.74075000          0.21695800
             3         P                0.48581600          0.84183900
             1         S                0.16361300          1.00000000
             1         P                0.16361300          1.00000000
             1         S                0.05672850          1.00000000
             1         P                0.05672850          1.00000000
             1         S                0.02070000          1.00000000
             1         P                0.02070000          1.00000000
             1         D                0.25500000          1.00000000
 
            BE BASIS SET:   6-311++G.D.P
             1         S             1682.80000000          0.00228574
             2         S              251.71500000          0.01759380
             3         S               57.41160000          0.08633150
             4         S               16.51710000          0.28183500
             5         S                4.85364000          0.64059400
             6         S                0.62686300          0.14446700
             1         S                8.30938000          0.10862100
             2         S                1.74075000          0.92730100
             3         S                0.48581600         -0.00297169
             1         P                8.30938000          0.03613440
             2         P                1.74075000          0.21695800
             3         P                0.48581600          0.84183900
             1         S                0.16361300          1.00000000
             1         P                0.16361300          1.00000000
             1         S                0.05672850          1.00000000
             1         P                0.05672850          1.00000000
             1         S                0.02070000          1.00000000
             1         P                0.02070000          1.00000000
             1         D                0.25500000          1.00000000
    ... END DESCRIPTION OF BASIS
 
 
    BEGIN DESCRIPTION OF BASIS FOR:    E+
    ==============================
 
 
            E+ BASIS SET:GRIBAKIN-10S4P2
             1         S                0.00010000          1.00000000
             1         S                0.00030000          1.00000000
             1         S                0.00090000          1.00000000
             1         S                0.00270000          1.00000000
             1         S                0.00810000          1.00000000
             1         S                0.02430000          1.00000000
             1         S                0.07290000          1.00000000
             1         S                0.21870000          1.00000000
             1         S                0.65610000          1.00000000
             1         S                1.96830000          1.00000000
             1         P                0.00010000          1.00000000
             1         P                0.00030000          1.00000000
             1         P                0.00090000          1.00000000
             1         P                0.00270000          1.00000000
             1         D                0.00010000          1.00000000
             1         D                0.00030000          1.00000000
 
            E+ BASIS SET:GRIBAKIN-10S4P2
             1         S                0.00010000          1.00000000
             1         S                0.00030000          1.00000000
             1         S                0.00090000          1.00000000
             1         S                0.00270000          1.00000000
             1         S                0.00810000          1.00000000
             1         S                0.02430000          1.00000000
             1         S                0.07290000          1.00000000
             1         S                0.21870000          1.00000000
             1         S                0.65610000          1.00000000
             1         S                1.96830000          1.00000000
             1         P                0.00010000          1.00000000
             1         P                0.00030000          1.00000000
             1         P                0.00090000          1.00000000
             1         P                0.00270000          1.00000000
             1         D                0.00010000          1.00000000
             1         D                0.00030000          1.00000000
    ... END DESCRIPTION OF BASIS
 
 
  END INFORMATION OF PARTICLES
 
 
  INFORMATION OF THE QUANTUM SYSTEM 
     ---------------------------------------------------------------------
                 ID     Occupied Orbitals     Basis size
     ---------------------------------------------------------------------
                 E-            4               46
                 E+            1               68
 
  END INFORMATION OF QUANTUM SYSTEM
 
 
  INFORMATION OF EXTERNAL POTENTIALS 
 
 =======
 External Potential for E- : GRIBAKIN0
 Type : 
                     Exponent         l       R_x       R_y       R_z              Factor
                 0.0010000000         0   0.00000   0.00000   0.00000        0.0000000000
 
 =======
 External Potential for E+ : JOR57
 Type : 
                     Exponent         l       R_x       R_y       R_z              Factor
                 0.0010000000         0   0.00000   0.00000   0.00000       -0.0004852612
                 0.0020000000         0   0.00000   0.00000   0.00000        0.0024441783
                 0.0040000000         0   0.00000   0.00000   0.00000       -0.0075448874
                 0.0080000000         0   0.00000   0.00000   0.00000        0.0157738437
                 0.0160000000         0   0.00000   0.00000   0.00000       -0.0371036225
                 0.0320000000         0   0.00000   0.00000   0.00000        0.0538567205
                 0.0640000000         0   0.00000   0.00000   0.00000       -0.1977562620
                 0.1280000000         0   0.00000   0.00000   0.00000        0.1521150960
                 0.2560000000         0   0.00000   0.00000   0.00000       -2.2309931100
                 0.5120000000         0   0.00000   0.00000   0.00000        7.1544406100
                 1.0000000000         0   0.00000   0.00000   0.00000      -16.4610761000
                 2.0000000000         0   0.00000   0.00000   0.00000      120.0674500000
                 3.0000000000         0   0.00000   0.00000   0.00000    -1010.4441400000
                 4.0000000000         0   0.00000   0.00000   0.00000     5912.5175500000
                 5.0000000000         0   0.00000   0.00000   0.00000   -22883.6471000000
                 6.0000000000         0   0.00000   0.00000   0.00000    58320.2479000000
                 7.0000000000         0   0.00000   0.00000   0.00000   -96733.7399000000
                 8.0000000000         0   0.00000   0.00000   0.00000   100515.5930000000
                 9.0000000000         0   0.00000   0.00000   0.00000   -59492.9273000000
                10.0000000000         0   0.00000   0.00000   0.00000    15337.5181000000
                20.0000000000         0   0.00000   0.00000   0.00000     -108.3194530000
                30.0000000000         0   0.00000   0.00000   0.00000       58.7242217000
                40.0000000000         0   0.00000   0.00000   0.00000      -33.9818623000
                50.0000000000         0   0.00000   0.00000   0.00000       10.1503518000
               100.0000000000         0   0.00000   0.00000   0.00000       -0.2039701810
                 0.0010000000         0  13.20000   0.00000   0.00000       -0.0004852612
                 0.0020000000         0  13.20000   0.00000   0.00000        0.0024441783
                 0.0040000000         0  13.20000   0.00000   0.00000       -0.0075448874
                 0.0080000000         0  13.20000   0.00000   0.00000        0.0157738437
                 0.0160000000         0  13.20000   0.00000   0.00000       -0.0371036225
                 0.0320000000         0  13.20000   0.00000   0.00000        0.0538567205
                 0.0640000000         0  13.20000   0.00000   0.00000       -0.1977562620
                 0.1280000000         0  13.20000   0.00000   0.00000        0.1521150960
                 0.2560000000         0  13.20000   0.00000   0.00000       -2.2309931100
                 0.5120000000         0  13.20000   0.00000   0.00000        7.1544406100
                 1.0000000000         0  13.20000   0.00000   0.00000      -16.4610761000
                 2.0000000000         0  13.20000   0.00000   0.00000      120.0674500000
                 3.0000000000         0  13.20000   0.00000   0.00000    -1010.4441400000
                 4.0000000000         0  13.20000   0.00000   0.00000     5912.5175500000
                 5.0000000000         0  13.20000   0.00000   0.00000   -22883.6471000000
                 6.0000000000         0  13.20000   0.00000   0.00000    58320.2479000000
                 7.0000000000         0  13.20000   0.00000   0.00000   -96733.7399000000
                 8.0000000000         0  13.20000   0.00000   0.00000   100515.5930000000
                 9.0000000000         0  13.20000   0.00000   0.00000   -59492.9273000000
                10.0000000000         0  13.20000   0.00000   0.00000    15337.5181000000
                20.0000000000         0  13.20000   0.00000   0.00000     -108.3194530000
                30.0000000000         0  13.20000   0.00000   0.00000       58.7242217000
                40.0000000000         0  13.20000   0.00000   0.00000      -33.9818623000
                50.0000000000         0  13.20000   0.00000   0.00000       10.1503518000
               100.0000000000         0  13.20000   0.00000   0.00000       -0.2039701810
 
  END INFORMATION OF EXTERNAL POTENTIALS
 
                       INITIAL GEOMETRY: AMSTRONG
                 -----------------------------------
                       <x>                 <y>                 <z>
      E-BE        0.0000000000        0.0000000000        0.0000000000
      E-BE        6.9851396900        0.0000000000        0.0000000000
        E+        0.0000000000        0.0000000000        0.0000000000
        E+        6.9851396900        0.0000000000        0.0000000000
        BE        0.0000000000        0.0000000000        0.0000000000
        BE        6.9851396900        0.0000000000        0.0000000000
 
                     MATRIX OF DISTANCE: ANGSTROM
                 -----------------------------------
                          BE(1)          BE(2)     
 
        BE(1)            0.000000       6.985140
        BE(2)            6.985140       0.000000
 
--------------------------------------------------------------------------------
** PROGRAM: SCF (Hartree Fock).     Author: S.A. Gonzalez, E. Posada, F. Moncada
--------------------------------------------------------------------------------
INFO: RUNNING IN RHF MODE.
 
----------------------------------------------------------------------
** PROGRAM INTS                          Author: E. F. Posada, 2013   
----------------------------------------------------------------------
INFO: RUNNING IN ONE_PARTICLE MODE.
 
 Number of Overlap integrals for species E-:   2116
 Number of Overlap integrals for species POSITRON:   4624
 Number of Kinetic integrals for species E-:   2116
 Number of Kinetic integrals for species POSITRON:   4624
 Number of Nuclear integrals for species E-:   2116
 Number of Nuclear integrals for species POSITRON:   4624
 Number of Moment integrals for species E-:   6348
 Number of Moment integrals for species POSITRON:  13872
 Number of 3C Overlap integrals for species E-:   2116
 Number of 3C Overlap integrals for species POSITRON:   4624
 
** TOTAL CPU Time INTS :      0.397 (s)
** TOTAL Elapsed Time INTS :      0.154 (s)
 
Removed     5 orbitals for species POSITRON with overlap eigen threshold of 1.000E-06
       Usign  HCORE density guess for species:         E-
     number of         E-     particles in guess density matrix:     8.000000
       Usign  HCORE density guess for species:   POSITRON
     number of   POSITRON     particles in guess density matrix:     0.000000
 Warning!, density matrix with deviation from number of particles    1.000000
 Number of unique integrals for species: 1 = 104212
 Number of unique integrals for species: 2 = 328167
 Number of unique integrals for species: 1 / 2 = 537645 Screened: 468
 
 TWO-BODY INTEGRAL SETUP: 
------------------------- 
 Storage:   DISK
 Scheme: LIBINT
 Stack size:  30000
 
 LIBINT library, Fermann, J. T.; Valeev, F. L. 2010                   
 LOWDIN-LIBINT Implementation V. 2.1  Posada E. F. ; Reyes A. 2016   
 ----------------------------------------------------------------------

*** TOTAL CPU time intra-species integrals :      0.445 (s)
*** TOTAL elapsed time intra-species integrals :      0.067 (s)


*** TOTAL CPU time inter-species integrals :      0.612 (s)
*** TOTAL elapsed time inter-species integrals :      0.102 (s)

INFO: RUNNING SCHEME SIMULTANEOUS
 
 Begin Multi-Species SCF calculation:
 
 --------------------------------------------------------------------------------------------------
      Iteration                   Energy            Energy Change           Density Change
 --------------------------------------------------------------------------------------------------
              1         -27.294362231502          27.294362231502           0.665379900438
              2         -29.094311015758           1.799948784256           0.037342331904
              3         -29.142035438660           0.047724422902           0.254278829074
              4         -29.149939157387           0.007903718727           0.107628389492
              5         -29.150739598871           0.000800441484           0.002499656977
              6         -29.150846929310           0.000107330439           0.000654915132
              7         -29.150874894463           0.000027965153           0.000230299348
              8         -29.150883600506           0.000008706043           0.000093995856
              9         -29.150886561771           0.000002961265           0.000039984687
             10         -29.150887609240           0.000001047469           0.000016987050
             11         -29.150887986320           0.000000377080           0.000007118033
             12         -29.150888123253           0.000000136933           0.000002935332
             13         -29.150888173226           0.000000049973           0.000001192843
             14         -29.150888191521           0.000000018295           0.000000478846
             15         -29.150888198234           0.000000006713           0.000000189923
             16         -29.150888200701           0.000000002467           0.000000074566
             17         -29.150888201609           0.000000000908           0.000000029188
 Total energy converged after  17 global iterations                                                  
 
 ...end Multi-Species SCF calculation
 
 
 Begin SCF calculation by: E-
 -------------------------
 
 -----------------------------------------------------------------------------------
 Iteration                   Energy           Density Change         DIIS Error 
 -----------------------------------------------------------------------------------
    1         -30.381200768062           0.011425294434                 -- 
    2         -30.365085141650           0.003417406929                 -- 
    3         -30.359593242048           0.001167441121                 -- 
    4         -30.357321242924           0.000398866787                 -- 
    5         -30.356471699468           0.000135487599                 -- 
    6         -30.356170572948           0.000046037793                 -- 
    7         -30.356066454025           0.000015707689                 -- 
    8         -30.356030863383           0.000005390238                 -- 
    9         -30.356018759216           0.000001861442                 -- 
   10         -30.356014650522           0.000000646956                 -- 
   11         -30.356013256193           0.000000226268                 -- 
   12         -30.356012782689           0.000000079613                 -- 
   13         -30.356012621690           0.000000028171                 -- 
   14         -30.356012566859           0.000000010021                 -- 
   15         -30.356012548151           0.000000003582                 -- 
   16         -30.356012541754           0.000000001286                 -- 
 
 ... end SCF calculation
 
 Begin SCF calculation by: POSITRON
 -------------------------
 
 -----------------------------------------------------------------------------------
 Iteration                   Energy           Density Change         DIIS Error 
 -----------------------------------------------------------------------------------
    1          -0.055094914915           0.025917037470                 -- 
    2          -0.047453957828           0.250861422145                 -- 
    3          -0.042546824954           0.106460948372                 -- 
    4          -0.043249157763           0.002100790190                 -- 
    5          -0.043471539621           0.000519427534                 -- 
    6          -0.043545919779           0.000184261555                 -- 
    7          -0.043571422135           0.000078288167                 -- 
    8          -0.043580280879           0.000034594449                 -- 
    9          -0.043583383701           0.000015125608                 -- 
   10          -0.043584477146           0.000006471077                 -- 
   11          -0.043584864404           0.000002709063                 -- 
   12          -0.043585002144           0.000001113230                 -- 
   13          -0.043585051320           0.000000450674                 -- 
   14          -0.043585068935           0.000000179902                 -- 
   15          -0.043585075264           0.000000070984                 -- 
   16          -0.043585077544           0.000000027902                 -- 
 
 ... end SCF calculation
 
  EIGENVALUES AND EIGENVECTORS: 
 ==============================
 
 
  Eigenvalues for: E-
 -----------------
 
    1          -4.732339427332
    2          -4.732339412379
    3          -0.309693116524
    4          -0.308815575894
    5           0.025885610925
    6           0.025994975103
    7           0.025994975103
    8           0.034173229456
    9           0.034173229456
   10           0.037053433847
   11           0.048014354925
   12           0.073258369140
   13           0.096451232651
   14           0.096451232651
   15           0.102158860723
   16           0.102158860723
   17           0.105804422327
   18           0.109457206019
   19           0.324191150396
   20           0.329018518789
   21           0.344886284378
   22           0.344886284378
   23           0.346868223687
   24           0.348540803845
   25           0.348540803845
   26           0.358064435392
   27           0.692856413353
   28           0.692856413360
   29           0.692856452829
   30           0.692856452836
   31           0.692959273613
   32           0.692959273613
   33           0.693019951117
   34           0.693019951117
   35           0.693390026980
   36           0.696311880356
   37           1.197440882920
   38           1.197716515140
   39           1.197716515140
   40           1.201424351069
   41           1.201424351069
   42           1.210029975106
   43           1.416628204122
   44           1.421718053452
   45          10.068199646674
   46          10.071503993390
 
 
  Eigenvalues for: POSITRON
 -----------------
 
    1          -0.006996875317
    2           0.000080742073
    3           0.000135816912
    4           0.000209563239
    5           0.000209563239
    6           0.000315105825
    7           0.000321404703
    8           0.000321404703
    9           0.000330055896
   10           0.000330055896
   11           0.000346242658
   12           0.000404198573
   13           0.000429197160
   14           0.000431885864
   15           0.000431885864
   16           0.000444086384
   17           0.000444086384
   18           0.000760884762
   19           0.000905596816
   20           0.000905596816
   21           0.000906798279
   22           0.001044632726
   23           0.001114784008
   24           0.001114784013
   25           0.001252883423
   26           0.001252883424
   27           0.001268664864
   28           0.001476645733
   29           0.001522545529
   30           0.001522545529
   31           0.001526161501
   32           0.001526161501
   33           0.001745651426
   34           0.001745651465
   35           0.001855128926
   36           0.002079668393
   37           0.002415816918
   38           0.003052956988
   39           0.003052956988
   40           0.003852087296
   41           0.003852087298
   42           0.004052235053
   43           0.004491655729
   44           0.004964737636
   45           0.005605995453
   46           0.008603217268
   47           0.008603217268
   48           0.011010033243
   49           0.011218009050
   50           0.011218009051
   51           0.012450662168
   52           0.014715786374
   53           0.017060267202
   54           0.050397580199
   55           0.052526242342
   56           0.189175846884
   57           0.197818623035
   58           0.855768162903
   59           0.856237738697
   60           2.941105261822
   61           2.941984930930
   62          10.802013225023
   63          10.803497687158
   64     1000000.000000000000
   65     1000000.000000000000
   66     1000000.000000000000
   67     1000000.000000000000
   68     1000000.000000000000
 
  end of eigenvalues 
 
  Occupied Eigenvectors for: E-
 --------------------------- 
 
                          -4.7323        -4.7323        -0.3097        -0.3088   
 
    1     BE     S       0.421635      -0.421634       0.077347       0.077629
    2     BE     S       0.315681      -0.315682       0.131071       0.131553
    3     BE    Px       0.000004      -0.000002      -0.000107       0.000075
    4     BE    Py      -0.000000       0.000000      -0.000000      -0.000000
    5     BE    Pz       0.000000       0.000000       0.000000       0.000000
    6     BE     S      -0.003467       0.003459      -0.412081      -0.413637
    7     BE    Px      -0.000013       0.000008       0.000005       0.000191
    8     BE    Py       0.000000       0.000000      -0.000000      -0.000000
    9     BE    Pz      -0.000000      -0.000000      -0.000000      -0.000000
   10     BE     S       0.001088      -0.001015      -0.353038      -0.355256
   11     BE    Px       0.000033      -0.000021      -0.000663      -0.000007
   12     BE    Py       0.000000       0.000000      -0.000000      -0.000000
   13     BE    Pz       0.000000      -0.000000      -0.000000      -0.000000
   14     BE     S      -0.000410       0.000292      -0.015816      -0.014595
   15     BE    Px      -0.000086       0.000006       0.000115       0.001144
   16     BE    Py      -0.000000      -0.000000      -0.000000       0.000000
   17     BE    Pz       0.000000       0.000000      -0.000000      -0.000000
   18     BE   Dxx       0.000464      -0.000474       0.001216       0.001355
   19     BE   Dxy      -0.000000      -0.000000       0.000000       0.000000
   20     BE   Dxz      -0.000000      -0.000000      -0.000000      -0.000000
   21     BE   Dyy       0.000469      -0.000472       0.001325       0.001241
   22     BE   Dyz       0.000000       0.000000       0.000000       0.000000
   23     BE   Dzz       0.000469      -0.000472       0.001325       0.001241
   24     BE     S      -0.421634      -0.421634       0.077347      -0.077629
   25     BE     S      -0.315680      -0.315682       0.131071      -0.131553
   26     BE    Px       0.000004       0.000002       0.000107       0.000075
   27     BE    Py       0.000000      -0.000000      -0.000000      -0.000000
   28     BE    Pz      -0.000000       0.000000       0.000000       0.000000
   29     BE     S       0.003467       0.003459      -0.412081       0.413637
   30     BE    Px      -0.000013      -0.000008      -0.000005       0.000191
   31     BE    Py      -0.000000       0.000000      -0.000000       0.000000
   32     BE    Pz       0.000000      -0.000000       0.000000      -0.000000
   33     BE     S      -0.001088      -0.001015      -0.353038       0.355256
   34     BE    Px       0.000033       0.000021       0.000663      -0.000007
   35     BE    Py       0.000000      -0.000000       0.000000      -0.000000
   36     BE    Pz      -0.000000       0.000000       0.000000       0.000000
   37     BE     S       0.000410       0.000292      -0.015816       0.014595
   38     BE    Px      -0.000086      -0.000006      -0.000115       0.001144
   39     BE    Py      -0.000000       0.000000      -0.000000      -0.000000
   40     BE    Pz      -0.000000      -0.000000       0.000000      -0.000000
   41     BE   Dxx      -0.000464      -0.000474       0.001216      -0.001355
   42     BE   Dxy      -0.000000      -0.000000      -0.000000       0.000000
   43     BE   Dxz       0.000000       0.000000       0.000000       0.000000
   44     BE   Dyy      -0.000469      -0.000472       0.001325      -0.001241
   45     BE   Dyz       0.000000       0.000000      -0.000000       0.000000
   46     BE   Dzz      -0.000469      -0.000472       0.001325      -0.001241
 
 
  Occupied Eigenvectors for: POSITRON
 --------------------------- 
 
                          -0.0070   
 
    1     E+     S       0.051405
    2     E+     S       0.185254
    3     E+     S      -0.091537
    4     E+     S      -0.078777
    5     E+     S      -0.286366
    6     E+     S      -0.187379
    7     E+     S      -0.132358
    8     E+     S       0.105000
    9     E+     S       0.006624
   10     E+     S      -0.000024
   11     E+    Px       0.013538
   12     E+    Py      -0.000000
   13     E+    Pz       0.000000
   14     E+    Px      -0.593140
   15     E+    Py       0.000000
   16     E+    Pz      -0.000000
   17     E+    Px       0.030059
   18     E+    Py      -0.000000
   19     E+    Pz       0.000000
   20     E+    Px      -0.027264
   21     E+    Py       0.000000
   22     E+    Pz      -0.000000
   23     E+   Dxx      -0.006436
   24     E+   Dxy      -0.000000
   25     E+   Dxz       0.000000
   26     E+   Dyy      -0.007491
   27     E+   Dyz       0.000000
   28     E+   Dzz      -0.007491
   29     E+   Dxx      -0.141961
   30     E+   Dxy       0.000000
   31     E+   Dxz      -0.000000
   32     E+   Dyy      -0.026025
   33     E+   Dyz      -0.000000
   34     E+   Dzz      -0.026025
   35     E+     S       0.051405
   36     E+     S       0.185254
   37     E+     S      -0.091537
   38     E+     S      -0.078777
   39     E+     S      -0.286366
   40     E+     S      -0.187379
   41     E+     S      -0.132358
   42     E+     S       0.105000
   43     E+     S       0.006624
   44     E+     S      -0.000024
   45     E+    Px      -0.013538
   46     E+    Py       0.000000
   47     E+    Pz      -0.000000
   48     E+    Px       0.593140
   49     E+    Py      -0.000000
   50     E+    Pz       0.000000
   51     E+    Px      -0.030059
   52     E+    Py       0.000000
   53     E+    Pz      -0.000000
   54     E+    Px       0.027264
   55     E+    Py      -0.000000
   56     E+    Pz       0.000000
   57     E+   Dxx      -0.006436
   58     E+   Dxy      -0.000000
   59     E+   Dxz       0.000000
   60     E+   Dyy      -0.007491
   61     E+   Dyz      -0.000000
   62     E+   Dzz      -0.007491
   63     E+   Dxx      -0.141961
   64     E+   Dxy       0.000000
   65     E+   Dxz      -0.000000
   66     E+   Dyy      -0.026025
   67     E+   Dyz       0.000000
   68     E+   Dzz      -0.026025
 
 
  end of eigenvectors 
 
  END OF EIGENVALUES AND EIGENVECTORS
 
 
  COMPONENTS OF KINETIC ENERGY: 
 -----------------------------
 
                  E- Kinetic energy =           29.142659462474
            POSITRON Kinetic energy =            0.017354455611
                                     _________________________
               Total kinetic energy =           29.160013918085
 
  COMPONENTS OF POTENTIAL ENERGY: 
 -------------------------------
 
          Fixed potential energy    =            1.212121212121
 
  Quantum/Fixed interaction energy: 
 ----------------------------------
 
          E-/Fixed interact. energy =          -69.688309481723
    POSITRON/Fixed interact. energy =            0.967227762989
                                     _________________________
               Total Q/Fixed energy =          -68.721081718734
 
  Coulomb energy: 
 ------------------
 
               E-/E- Hartree energy =           15.522760825156
   POSITRON/POSITRON Hartree energy =            0.000000000000
         E-/POSITRON Hartree energy =           -0.954990892024
                                     _________________________
               Total Hartree energy =           14.567769933132
 
  Exchange(HF) energy: 
 ----------------------
 
                 E- Exchange energy =           -5.333123344321
           POSITRON Exchange energy =            0.000000000000
                                     _________________________
              Total Exchange energy =           -5.333123344321
 
  External Potential energy: 
 ----------------------------
 
                  E- Ext Pot energy =            0.000000000000
            POSITRON Ext Pot energy =           -0.036588202227
                                     _________________________
    Total External Potential energy =           -0.036588202227
 
  TOTAL ENERGY COMPONENTS: 
 ==========================
 
          TOTAL KINETIC ENERGY      =           29.160013918085
          TOTAL POTENTIAL ENERGY    =          -58.310902120028
                                     _________________________
                       TOTAL ENERGY =          -29.150888201943
 
                 VIRIAL RATIO (V/T) =            1.999687046921
 
 
  END ENERGY COMPONENTS
 
 
** TOTAL CPU Time SCF :      1.326 (s)
** TOTAL Elapsed Time SCF :      0.419 (s)
 
 We are calculating properties for E- in the HF/KS ground state
 We are calculating properties for POSITRON in the HF/KS ground state
 
  POPULATION ANALYSES: 
 ====================
 
 MULLIKEN Population: for E-        
 ---------------------
 
                                    
 
    1     BE     S       1.166392
    2     BE     S       0.823582
    3     BE    Px       0.000000
    4     BE    Py       0.000000
    5     BE    Pz      -0.000000
    6     BE     S       1.043471
    7     BE    Px       0.000001
    8     BE    Py       0.000000
    9     BE    Pz       0.000000
   10     BE     S       0.943455
   11     BE    Px       0.000015
   12     BE    Py       0.000000
   13     BE    Pz       0.000000
   14     BE     S       0.030301
   15     BE    Px       0.000187
   16     BE    Py       0.000000
   17     BE    Pz       0.000000
   18     BE   Dxx      -0.002472
   19     BE   Dxy       0.000000
   20     BE   Dxz       0.000000
   21     BE   Dyy      -0.002466
   22     BE   Dyz       0.000000
   23     BE   Dzz      -0.002466
   24     BE     S       1.166392
   25     BE     S       0.823582
   26     BE    Px       0.000000
   27     BE    Py       0.000000
   28     BE    Pz       0.000000
   29     BE     S       1.043471
   30     BE    Px       0.000001
   31     BE    Py      -0.000000
   32     BE    Pz       0.000000
   33     BE     S       0.943455
   34     BE    Px       0.000015
   35     BE    Py       0.000000
   36     BE    Pz       0.000000
   37     BE     S       0.030301
   38     BE    Px       0.000187
   39     BE    Py       0.000000
   40     BE    Pz       0.000000
   41     BE   Dxx      -0.002472
   42     BE   Dxy       0.000000
   43     BE   Dxz       0.000000
   44     BE   Dyy      -0.002466
   45     BE   Dyz       0.000000
   46     BE   Dzz      -0.002466
 
                           __________
              Total =        8.000000
 
  Atomic MULLIKEN Population: for E-        
            BE               4.000000
            BE               4.000000
 
 ...end of MULLIKEN Population
 
 
 END POPULATION ANALYSES 
 
 
  POPULATION ANALYSES: 
 ====================
 
 LOWDIN Population: for E-        
 ---------------------
 
                                    
 
    1     BE     S       1.101747
    2     BE     S       0.875933
    3     BE    Px       0.000000
    4     BE    Py       0.000000
    5     BE    Pz      -0.000000
    6     BE     S       0.590933
    7     BE    Px       0.000000
    8     BE    Py       0.000000
    9     BE    Pz       0.000000
   10     BE     S       0.550136
   11     BE    Px       0.000012
   12     BE    Py       0.000000
   13     BE    Pz      -0.000000
   14     BE     S       0.204454
   15     BE    Px       0.002724
   16     BE    Py       0.000000
   17     BE    Pz       0.000000
   18     BE   Dxx       0.224674
   19     BE   Dxy       0.000000
   20     BE   Dxz       0.000000
   21     BE   Dyy       0.224694
   22     BE   Dyz       0.000000
   23     BE   Dzz       0.224694
   24     BE     S       1.101747
   25     BE     S       0.875933
   26     BE    Px       0.000000
   27     BE    Py      -0.000000
   28     BE    Pz       0.000000
   29     BE     S       0.590933
   30     BE    Px       0.000000
   31     BE    Py      -0.000000
   32     BE    Pz       0.000000
   33     BE     S       0.550136
   34     BE    Px       0.000012
   35     BE    Py       0.000000
   36     BE    Pz       0.000000
   37     BE     S       0.204454
   38     BE    Px       0.002724
   39     BE    Py       0.000000
   40     BE    Pz       0.000000
   41     BE   Dxx       0.224674
   42     BE   Dxy       0.000000
   43     BE   Dxz       0.000000
   44     BE   Dyy       0.224694
   45     BE   Dyz       0.000000
   46     BE   Dzz       0.224694
 
                           __________
              Total =        8.000000
 
  Atomic LOWDIN Population: for E-        
            BE               4.000000
            BE               4.000000
 
 ...end of LOWDIN Population
 
 
 END POPULATION ANALYSES 
 
 
  POPULATION ANALYSES: 
 ====================
 
 MULLIKEN Population: for POSITRON  
 ---------------------
 
                                    
 
    1     E+     S      -0.007477
    2     E+     S      -0.055946
    3     E+     S       0.050314
    4     E+     S       0.062506
    5     E+     S       0.241929
    6     E+     S       0.125881
    7     E+     S       0.055101
    8     E+     S      -0.019577
    9     E+     S      -0.000390
   10     E+     S       0.000000
   11     E+    Px      -0.000251
   12     E+    Py       0.000000
   13     E+    Pz       0.000000
   14     E+    Px       0.037124
   15     E+    Py       0.000000
   16     E+    Pz       0.000000
   17     E+    Px      -0.005144
   18     E+    Py      -0.000000
   19     E+    Pz      -0.000000
   20     E+    Px       0.008778
   21     E+    Py      -0.000000
   22     E+    Pz       0.000000
   23     E+   Dxx       0.000047
   24     E+   Dxy      -0.000000
   25     E+   Dxz       0.000000
   26     E+   Dyy       0.000036
   27     E+   Dyz       0.000000
   28     E+   Dzz       0.000036
   29     E+   Dxx       0.005696
   30     E+   Dxy      -0.000000
   31     E+   Dxz      -0.000000
   32     E+   Dyy       0.000668
   33     E+   Dyz      -0.000000
   34     E+   Dzz       0.000668
   35     E+     S      -0.007477
   36     E+     S      -0.055946
   37     E+     S       0.050314
   38     E+     S       0.062506
   39     E+     S       0.241929
   40     E+     S       0.125881
   41     E+     S       0.055101
   42     E+     S      -0.019577
   43     E+     S      -0.000390
   44     E+     S       0.000000
   45     E+    Px      -0.000251
   46     E+    Py       0.000000
   47     E+    Pz      -0.000000
   48     E+    Px       0.037124
   49     E+    Py      -0.000000
   50     E+    Pz       0.000000
   51     E+    Px      -0.005144
   52     E+    Py       0.000000
   53     E+    Pz      -0.000000
   54     E+    Px       0.008778
   55     E+    Py       0.000000
   56     E+    Pz      -0.000000
   57     E+   Dxx       0.000047
   58     E+   Dxy      -0.000000
   59     E+   Dxz       0.000000
   60     E+   Dyy       0.000036
   61     E+   Dyz      -0.000000
   62     E+   Dzz       0.000036
   63     E+   Dxx       0.005696
   64     E+   Dxy      -0.000000
   65     E+   Dxz      -0.000000
   66     E+   Dyy       0.000668
   67     E+   Dyz       0.000000
   68     E+   Dzz       0.000668
 
                           __________
              Total =        1.000000
 
  Atomic MULLIKEN Population: for POSITRON  
            BE               0.500000
            BE               0.500000
 
 ...end of MULLIKEN Population
 
 
 END POPULATION ANALYSES 
 
 
  POPULATION ANALYSES: 
 ====================
 
 LOWDIN Population: for POSITRON  
 ---------------------
 
                                    
 
    1     E+     S       0.000718
    2     E+     S       0.004243
    3     E+     S       0.029285
    4     E+     S       0.103001
    5     E+     S       0.179596
    6     E+     S       0.125441
    7     E+     S       0.036729
    8     E+     S       0.000576
    9     E+     S       0.000205
   10     E+     S       0.000025
   11     E+    Px       0.000013
   12     E+    Py      -0.000000
   13     E+    Pz      -0.000000
   14     E+    Px       0.000254
   15     E+    Py      -0.000000
   16     E+    Pz       0.000000
   17     E+    Px       0.002573
   18     E+    Py       0.000000
   19     E+    Pz       0.000000
   20     E+    Px       0.017263
   21     E+    Py       0.000000
   22     E+    Pz       0.000000
   23     E+   Dxx       0.000001
   24     E+   Dxy       0.000000
   25     E+   Dxz       0.000000
   26     E+   Dyy       0.000001
   27     E+   Dyz       0.000000
   28     E+   Dzz       0.000001
   29     E+   Dxx       0.000010
   30     E+   Dxy      -0.000000
   31     E+   Dxz       0.000000
   32     E+   Dyy       0.000032
   33     E+   Dyz       0.000000
   34     E+   Dzz       0.000032
   35     E+     S       0.000718
   36     E+     S       0.004243
   37     E+     S       0.029285
   38     E+     S       0.103001
   39     E+     S       0.179596
   40     E+     S       0.125441
   41     E+     S       0.036729
   42     E+     S       0.000576
   43     E+     S       0.000205
   44     E+     S       0.000025
   45     E+    Px       0.000013
   46     E+    Py      -0.000000
   47     E+    Pz      -0.000000
   48     E+    Px       0.000254
   49     E+    Py      -0.000000
   50     E+    Pz       0.000000
   51     E+    Px       0.002573
   52     E+    Py       0.000000
   53     E+    Pz       0.000000
   54     E+    Px       0.017263
   55     E+    Py       0.000000
   56     E+    Pz       0.000000
   57     E+   Dxx       0.000001
   58     E+   Dxy       0.000000
   59     E+   Dxz      -0.000000
   60     E+   Dyy       0.000001
   61     E+   Dyz       0.000000
   62     E+   Dzz       0.000001
   63     E+   Dxx       0.000010
   64     E+   Dxy      -0.000000
   65     E+   Dxz       0.000000
   66     E+   Dyy       0.000032
   67     E+   Dyz       0.000000
   68     E+   Dzz       0.000032
 
                           __________
              Total =        1.000000
 
  Atomic LOWDIN Population: for POSITRON  
            BE               0.500000
            BE               0.500000
 
 ...end of LOWDIN Population
 
 
 END POPULATION ANALYSES 
 
 
  EXPECTED POSITIONS OF QUANTUM SPECIES:
 ======================
 
 POSITIONS IN ANGSTROMS
 ------
 
                        <x>      <y>      <z>         
                 E-  27.9406   0.0000  -0.0000
           POSITRON   3.4926   0.0000   0.0000
 
 END EXPECTED POSITIONS
 
 
  ELECTROSTATIC MOMENTS:
 ======================
 
 
 DIPOLE: (A.U.)
 ------
 
                           <Dx>         <Dy>         <Dz>          |D|
                 E- -52.80000000  -0.00000000   0.00000000
           POSITRON   6.60000000   0.00000000   0.00000000
    Point charges:   52.80000000   0.00000000   0.00000000
                     ____________________________
      Total Dipole:   6.60000000  -0.00000000   0.00000000   6.60000000
 
 DIPOLE: (DEBYE)
 ------
 
                           <Dx>         <Dy>         <Dz>          |D|
                 E--134.20419617  -0.00000000   0.00000000
           POSITRON  16.77552452   0.00000000   0.00000000
    Point charges:  134.20419617   0.00000000   0.00000000
                     ____________________________
      Total Dipole:  16.77552452  -0.00000000   0.00000000  16.77552452
 
 QUADRUPOLE NON-TRACELESS: (DEBYE ANGS)
 ------
 
                           <xx>         <yy>         <zz>         <xy>         <xz>         <yz>
                 E- -953.36529144  -15.53895449  -15.53895449    0.00000000    0.00000000   -0.00000000
           POSITRON  222.58540991   40.85163028   40.85163028    0.00000000   -0.00000000   -0.00000000
    Point charges:   937.43495027    0.00000000    0.00000000    0.00000000    0.00000000    0.00000000
  Total Quadrupole:  206.65506873   25.31267579   25.31267579    0.00000000   -0.00000000   -0.00000000
                     ____________________________
 
 END ELECTROSTATIC MOMENTS
 

  TOTAL CPU Time:      0.259 (s)
 TOTAL Wall Time:      0.469 (s)
  Elapsed Time:   0h  0m  0s 470ms
LOWDIN execution terminated normally at : Tue Nov 26 15:30:51 2024
-rw-rw-r-- 1 pohl pohl 704K nov 26 15:30 0E-.ints
-rw-rw-r-- 1 pohl pohl 3.5M nov 26 15:30 0E-.POSITRON.ints
-rw-rw-r-- 1 pohl pohl 2.1M nov 26 15:30 0POSITRON.ints
-rw-rw-r-- 1 pohl pohl 704K nov 26 15:30 1E-.ints
-rw-rw-r-- 1 pohl pohl 3.5M nov 26 15:30 1E-.POSITRON.ints
-rw-rw-r-- 1 pohl pohl 2.1M nov 26 15:30 1POSITRON.ints
-rw-rw-r-- 1 pohl pohl 704K nov 26 15:30 2E-.ints
-rw-rw-r-- 1 pohl pohl 3.5M nov 26 15:30 2E-.POSITRON.ints
-rw-rw-r-- 1 pohl pohl 2.1M nov 26 15:30 2POSITRON.ints
-rw-rw-r-- 1 pohl pohl 704K nov 26 15:30 3E-.ints
-rw-rw-r-- 1 pohl pohl 3.5M nov 26 15:30 3E-.POSITRON.ints
-rw-rw-r-- 1 pohl pohl 2.1M nov 26 15:30 3POSITRON.ints
-rw-rw-r-- 1 pohl pohl   12 nov 26 15:30 E-.POSITRON.nints
-rw-rw-r-- 1 pohl pohl   64 nov 26 15:30 gepol.inp
-rw-rw-r-- 1 pohl pohl   91 nov 26 15:30 gepol.xyzr
-rw-rw-r-- 1 pohl pohl 9.5K nov 26 15:30 lowdin.bas
-rw-rw-r-- 1 pohl pohl  16K nov 26 15:30 lowdin.dat
-rw-rw-r-- 1 pohl pohl 691K nov 26 15:30 lowdin.opints
-rw-rw-r-- 1 pohl pohl  26K nov 26 15:30 lowdin.sys
-rw-rw-r-- 1 pohl pohl 689K nov 26 15:30 lowdin.wfn
-rw-rw-r-- 1 pohl pohl  498 nov 26 15:30 usual_57
-rw-rw-r-- 1 pohl pohl 1.8K nov 26 15:30 usual_57.aux
-rw-rw-r-- 1 pohl pohl  503 nov 26 15:30 usual_57.lowdin
-rw-rw-r-- 1 pohl pohl  47K nov 26 15:30 usual_57.out
-rw-rw-r-- 1 pohl pohl  54K nov 26 15:30 usual_57.vec
