Begin job by input: usual_243.lowdin, for user:   at  mar 26 nov 2024 15:32:34 -05
under operating system Linux helios 5.19.0-46-generic #47-Ubuntu SMP PREEMPT_DYNAMIC Fri Jun 16 13:30:11 UTC 2023 x86_64 x86_64 x86_64 GNU/Linux
Compilation information
  commit: f31d3924f6ee2ce9d77f07edcc1ba27359319d14
  compilation date:  mar 17 sep 2024 16:16:17 -05

BEGIN INPUT INFO:
------------------------------------

GEOMETRY
	Be	Dirac	0.0 0.0 0.0
	e-(Be)	6-311++G.d.p 0.0 0.0 0.0
	E+	GRIBAKIN-10S4P2D 0.0 0.0 0.0
	Be	Dirac	50.4 0.0 0.0
	e-(Be)	6-311++G.d.p	50.4 0.0 0.0
	E+	GRIBAKIN-10S4P2D 50.4 0.0 0.0 addParticles=-1 
END GEOMETRY

TASKS
        method = "RHF"
END TASKS

EXTERPOTENTIAL
	E- GRIBAKIN0
	E+ JOR243
END EXTERPOTENTIAL

CONTROL
	units="BOHRS"
	readCoefficients=F
	convergenceMethod=1
	overlapEigenThreshold=1E-6
	SCFGhostSpecies="POSITRON"
	HFprintEigenvalues=T
	totalEnergyTolerance = 1E-9
END CONTROL


... END INPUT INFO


 LOWDIN execution started at : Tue Nov 26 15:32:34 2024
 ---------------------------------------------------------------
 
 ***************************************************************
 *                   LOWDIN 2.0  (May/2013)                    *
 *                                                             *
 *  R. FLORES-MORENO, E. F. POSADA, F. S. MONCADA, J.ROMERO,   *
 *  J. CHARRY, M. DIAZ-TINOCO, S. A. GONZALEZ, N. F. AGUIRRE,  *
 *  A. REYES                                                   *
 *                                                             *
 *  https://sites.google.com/site/lowdinproject/               *
 *                                                             *
 ***************************************************************
 
 PARSING INPUT... DONE!
 
 LOWDIN IS RUNNING WITH NEXT PARAMETERS: 
 ----------------------------------------
 
         METHOD TYPE:  RHF
         NUMBER OF CORES:     4
         NONELECTRONIC DENSITY GUESS: HCORE
         ELECTRONIC DENSITY GUESS: HCORE
         CRITERIUM OF CONVERGENCE: ENERGY
         NONELECTRONIC ENERGY TOLERANCE IN SCFs:     0.10000E-07
         ELECTRONIC ENERGY TOLERANCE IN SCFs:     0.10000E-07
         TOTAL ENERGY TOLERANCE IN SCFs:     0.10000E-08
         SCHEME OF ITERATION: GLOBAL ITERATIONS
         SCF MAX. SUBITERATIONS - NONELECTRONS :     1
         SCF MAX. SUBITERATIONS - ELECTRONS :     1
         SCF MAX. ITERATIONS - INTERSPECIES :   200
         INTEGRAL STORAGE: DISK
         STACK SIZE FOR ERIS : 30000
         METHOD OF SCF CONVERGENCE: DAMPING
 
  MOLECULAR SYSTEM: usual_243
 -----------------
 
    DESCRIPTION   : usual_243
    CHARGE        :   2
    PUNTUAL GROUP : NONE
 
 
  INFORMATION OF PARTICLES :
 =========================
         Total number of particles   =      11
         Number of quantum particles =       9
         Number of puntual charges   =       2
         Number of quantum species   =       2
 
                 INFORMATION OF QUANTUM SPECIES 
    ----------------------------------------------------------------------
         ID      Symbol            mass     charge      omega     spin     multiplicity
    ----------------------------------------------------------------------
         1             E-         1.0000     -1.00      0.00      0.50      1.00
         2             E+         1.0000      1.00      0.00      0.50      1.00
 
                   CONSTANTS OF COUPLING 
      ------------------------------------------------------------
              Symbol      kappa        eta     lambda occupation
      ------------------------------------------------------------
                  E-      -1.00       2.00       2.00       4.00
                  E+      -1.00       1.00       1.00       1.00
 
                   BASIS SET FOR SPECIES 
      ------------------------------------------------------------
           Symbol          N. Basis     N. Particles     Basis Set
      ------------------------------------------------------------
                 E-           20                8     6-311++G.D
                 E+           32                1     GRIBAKIN-1
 
                                ATOMIC BASIS
         ------------------------------------------------------------
          PRIMITIVE   SHELL             EXPONENT         COEFFICIENT 
         ------------------------------------------------------------
 
    BEGIN DESCRIPTION OF BASIS FOR:    E-
    ==============================
 
 
            BE BASIS SET:   6-311++G.D.P
             1         S             1682.80000000          0.00228574
             2         S              251.71500000          0.01759380
             3         S               57.41160000          0.08633150
             4         S               16.51710000          0.28183500
             5         S                4.85364000          0.64059400
             6         S                0.62686300          0.14446700
             1         S                8.30938000          0.10862100
             2         S                1.74075000          0.92730100
             3         S                0.48581600         -0.00297169
             1         P                8.30938000          0.03613440
             2         P                1.74075000          0.21695800
             3         P                0.48581600          0.84183900
             1         S                0.16361300          1.00000000
             1         P                0.16361300          1.00000000
             1         S                0.05672850          1.00000000
             1         P                0.05672850          1.00000000
             1         S                0.02070000          1.00000000
             1         P                0.02070000          1.00000000
             1         D                0.25500000          1.00000000
 
            BE BASIS SET:   6-311++G.D.P
             1         S             1682.80000000          0.00228574
             2         S              251.71500000          0.01759380
             3         S               57.41160000          0.08633150
             4         S               16.51710000          0.28183500
             5         S                4.85364000          0.64059400
             6         S                0.62686300          0.14446700
             1         S                8.30938000          0.10862100
             2         S                1.74075000          0.92730100
             3         S                0.48581600         -0.00297169
             1         P                8.30938000          0.03613440
             2         P                1.74075000          0.21695800
             3         P                0.48581600          0.84183900
             1         S                0.16361300          1.00000000
             1         P                0.16361300          1.00000000
             1         S                0.05672850          1.00000000
             1         P                0.05672850          1.00000000
             1         S                0.02070000          1.00000000
             1         P                0.02070000          1.00000000
             1         D                0.25500000          1.00000000
    ... END DESCRIPTION OF BASIS
 
 
    BEGIN DESCRIPTION OF BASIS FOR:    E+
    ==============================
 
 
            E+ BASIS SET:GRIBAKIN-10S4P2
             1         S                0.00010000          1.00000000
             1         S                0.00030000          1.00000000
             1         S                0.00090000          1.00000000
             1         S                0.00270000          1.00000000
             1         S                0.00810000          1.00000000
             1         S                0.02430000          1.00000000
             1         S                0.07290000          1.00000000
             1         S                0.21870000          1.00000000
             1         S                0.65610000          1.00000000
             1         S                1.96830000          1.00000000
             1         P                0.00010000          1.00000000
             1         P                0.00030000          1.00000000
             1         P                0.00090000          1.00000000
             1         P                0.00270000          1.00000000
             1         D                0.00010000          1.00000000
             1         D                0.00030000          1.00000000
 
            E+ BASIS SET:GRIBAKIN-10S4P2
             1         S                0.00010000          1.00000000
             1         S                0.00030000          1.00000000
             1         S                0.00090000          1.00000000
             1         S                0.00270000          1.00000000
             1         S                0.00810000          1.00000000
             1         S                0.02430000          1.00000000
             1         S                0.07290000          1.00000000
             1         S                0.21870000          1.00000000
             1         S                0.65610000          1.00000000
             1         S                1.96830000          1.00000000
             1         P                0.00010000          1.00000000
             1         P                0.00030000          1.00000000
             1         P                0.00090000          1.00000000
             1         P                0.00270000          1.00000000
             1         D                0.00010000          1.00000000
             1         D                0.00030000          1.00000000
    ... END DESCRIPTION OF BASIS
 
 
  END INFORMATION OF PARTICLES
 
 
  INFORMATION OF THE QUANTUM SYSTEM 
     ---------------------------------------------------------------------
                 ID     Occupied Orbitals     Basis size
     ---------------------------------------------------------------------
                 E-            4               46
                 E+            1               68
 
  END INFORMATION OF QUANTUM SYSTEM
 
 
  INFORMATION OF EXTERNAL POTENTIALS 
 
 =======
 External Potential for E- : GRIBAKIN0
 Type : 
                     Exponent         l       R_x       R_y       R_z              Factor
                 0.0010000000         0   0.00000   0.00000   0.00000        0.0000000000
 
 =======
 External Potential for E+ : JOR243
 Type : 
                     Exponent         l       R_x       R_y       R_z              Factor
                 0.0010000000         0   0.00000   0.00000   0.00000       -0.0004852612
                 0.0020000000         0   0.00000   0.00000   0.00000        0.0024441783
                 0.0040000000         0   0.00000   0.00000   0.00000       -0.0075448874
                 0.0080000000         0   0.00000   0.00000   0.00000        0.0157738437
                 0.0160000000         0   0.00000   0.00000   0.00000       -0.0371036225
                 0.0320000000         0   0.00000   0.00000   0.00000        0.0538567205
                 0.0640000000         0   0.00000   0.00000   0.00000       -0.1977562620
                 0.1280000000         0   0.00000   0.00000   0.00000        0.1521150960
                 0.2560000000         0   0.00000   0.00000   0.00000       -2.2309931100
                 0.5120000000         0   0.00000   0.00000   0.00000        7.1544406100
                 1.0000000000         0   0.00000   0.00000   0.00000      -16.4610761000
                 2.0000000000         0   0.00000   0.00000   0.00000      120.0674500000
                 3.0000000000         0   0.00000   0.00000   0.00000    -1010.4441400000
                 4.0000000000         0   0.00000   0.00000   0.00000     5912.5175500000
                 5.0000000000         0   0.00000   0.00000   0.00000   -22883.6471000000
                 6.0000000000         0   0.00000   0.00000   0.00000    58320.2479000000
                 7.0000000000         0   0.00000   0.00000   0.00000   -96733.7399000000
                 8.0000000000         0   0.00000   0.00000   0.00000   100515.5930000000
                 9.0000000000         0   0.00000   0.00000   0.00000   -59492.9273000000
                10.0000000000         0   0.00000   0.00000   0.00000    15337.5181000000
                20.0000000000         0   0.00000   0.00000   0.00000     -108.3194530000
                30.0000000000         0   0.00000   0.00000   0.00000       58.7242217000
                40.0000000000         0   0.00000   0.00000   0.00000      -33.9818623000
                50.0000000000         0   0.00000   0.00000   0.00000       10.1503518000
               100.0000000000         0   0.00000   0.00000   0.00000       -0.2039701810
                 0.0010000000         0  50.40000   0.00000   0.00000       -0.0004852612
                 0.0020000000         0  50.40000   0.00000   0.00000        0.0024441783
                 0.0040000000         0  50.40000   0.00000   0.00000       -0.0075448874
                 0.0080000000         0  50.40000   0.00000   0.00000        0.0157738437
                 0.0160000000         0  50.40000   0.00000   0.00000       -0.0371036225
                 0.0320000000         0  50.40000   0.00000   0.00000        0.0538567205
                 0.0640000000         0  50.40000   0.00000   0.00000       -0.1977562620
                 0.1280000000         0  50.40000   0.00000   0.00000        0.1521150960
                 0.2560000000         0  50.40000   0.00000   0.00000       -2.2309931100
                 0.5120000000         0  50.40000   0.00000   0.00000        7.1544406100
                 1.0000000000         0  50.40000   0.00000   0.00000      -16.4610761000
                 2.0000000000         0  50.40000   0.00000   0.00000      120.0674500000
                 3.0000000000         0  50.40000   0.00000   0.00000    -1010.4441400000
                 4.0000000000         0  50.40000   0.00000   0.00000     5912.5175500000
                 5.0000000000         0  50.40000   0.00000   0.00000   -22883.6471000000
                 6.0000000000         0  50.40000   0.00000   0.00000    58320.2479000000
                 7.0000000000         0  50.40000   0.00000   0.00000   -96733.7399000000
                 8.0000000000         0  50.40000   0.00000   0.00000   100515.5930000000
                 9.0000000000         0  50.40000   0.00000   0.00000   -59492.9273000000
                10.0000000000         0  50.40000   0.00000   0.00000    15337.5181000000
                20.0000000000         0  50.40000   0.00000   0.00000     -108.3194530000
                30.0000000000         0  50.40000   0.00000   0.00000       58.7242217000
                40.0000000000         0  50.40000   0.00000   0.00000      -33.9818623000
                50.0000000000         0  50.40000   0.00000   0.00000       10.1503518000
               100.0000000000         0  50.40000   0.00000   0.00000       -0.2039701810
 
  END INFORMATION OF EXTERNAL POTENTIALS
 
                       INITIAL GEOMETRY: AMSTRONG
                 -----------------------------------
                       <x>                 <y>                 <z>
      E-BE        0.0000000000        0.0000000000        0.0000000000
      E-BE       26.6705333617        0.0000000000        0.0000000000
        E+        0.0000000000        0.0000000000        0.0000000000
        E+       26.6705333617        0.0000000000        0.0000000000
        BE        0.0000000000        0.0000000000        0.0000000000
        BE       26.6705333617        0.0000000000        0.0000000000
 
                     MATRIX OF DISTANCE: ANGSTROM
                 -----------------------------------
                          BE(1)          BE(2)     
 
        BE(1)            0.000000      26.670533
        BE(2)           26.670533       0.000000
 
--------------------------------------------------------------------------------
** PROGRAM: SCF (Hartree Fock).     Author: S.A. Gonzalez, E. Posada, F. Moncada
--------------------------------------------------------------------------------
INFO: RUNNING IN RHF MODE.
 
----------------------------------------------------------------------
** PROGRAM INTS                          Author: E. F. Posada, 2013   
----------------------------------------------------------------------
INFO: RUNNING IN ONE_PARTICLE MODE.
 
 Number of Overlap integrals for species E-:   2116
 Number of Overlap integrals for species POSITRON:   4624
 Number of Kinetic integrals for species E-:   2116
 Number of Kinetic integrals for species POSITRON:   4624
 Number of Nuclear integrals for species E-:   2116
 Number of Nuclear integrals for species POSITRON:   4624
 Number of Moment integrals for species E-:   6348
 Number of Moment integrals for species POSITRON:  13872
 Number of 3C Overlap integrals for species E-:   2116
 Number of 3C Overlap integrals for species POSITRON:   4624
 
** TOTAL CPU Time INTS :      0.398 (s)
** TOTAL Elapsed Time INTS :      0.155 (s)
 
Removed     1 orbitals for species POSITRON with overlap eigen threshold of 1.000E-06
       Usign  HCORE density guess for species:         E-
     number of         E-     particles in guess density matrix:     8.000000
       Usign  HCORE density guess for species:   POSITRON
     number of   POSITRON     particles in guess density matrix:     0.000000
 Warning!, density matrix with deviation from number of particles    1.000000
 Number of unique integrals for species: 1 = 33182
 Number of unique integrals for species: 2 = 275877
 Number of unique integrals for species: 1 / 2 = 315056 Screened: 31550
 
 TWO-BODY INTEGRAL SETUP: 
------------------------- 
 Storage:   DISK
 Scheme: LIBINT
 Stack size:  30000
 
 LIBINT library, Fermann, J. T.; Valeev, F. L. 2010                   
 LOWDIN-LIBINT Implementation V. 2.1  Posada E. F. ; Reyes A. 2016   
 ----------------------------------------------------------------------

*** TOTAL CPU time intra-species integrals :      0.358 (s)
*** TOTAL elapsed time intra-species integrals :      0.056 (s)


*** TOTAL CPU time inter-species integrals :      0.548 (s)
*** TOTAL elapsed time inter-species integrals :      0.087 (s)

INFO: RUNNING SCHEME SIMULTANEOUS
 
 Begin Multi-Species SCF calculation:
 
 --------------------------------------------------------------------------------------------------
      Iteration                   Energy            Energy Change           Density Change
 --------------------------------------------------------------------------------------------------
              1         -27.551483630295          27.551483630295           0.323578433006
              2         -29.115382065032           1.563898434737           0.022808085592
              3         -29.140835667939           0.025453602907           0.007067513125
              4         -29.146400224607           0.005564556668           0.002996375647
              5         -29.147050197702           0.000649973095           0.000231534234
              6         -29.147047092261          -0.000003105441           0.000057293379
              7         -29.147046631900          -0.000000460361           0.000014539199
              8         -29.147046687769           0.000000055869           0.000003871056
              9         -29.147046759568           0.000000071799           0.000001146717
             10         -29.147046796355           0.000000036787           0.000000357605
             11         -29.147046811723           0.000000015367           0.000000116529
             12         -29.147046817605           0.000000005883           0.000000039555
             13         -29.147046819757           0.000000002151           0.000000013903
             14         -29.147046820523           0.000000000766           0.000000005023
 Total energy converged after  14 global iterations                                                  
 
 ...end Multi-Species SCF calculation
 
 
 Begin SCF calculation by: E-
 -------------------------
 
 -----------------------------------------------------------------------------------
 Iteration                   Energy           Density Change         DIIS Error 
 -----------------------------------------------------------------------------------
    1         -29.339015761192           0.020069393352                 -- 
    2         -29.439986767770           0.003559054781                 -- 
    3         -29.457202065105           0.000809350864                 -- 
    4         -29.460531065807           0.000201007586                 -- 
    5         -29.461191582372           0.000051956230                 -- 
    6         -29.461322307818           0.000013805627                 -- 
    7         -29.461347293745           0.000003772410                 -- 
    8         -29.461351617406           0.000001064029                 -- 
    9         -29.461352170343           0.000000310733                 -- 
   10         -29.461352153304           0.000000094014                 -- 
   11         -29.461352101275           0.000000029411                 -- 
   12         -29.461352073153           0.000000009477                 -- 
   13         -29.461352061254           0.000000003131                 -- 
 
 ... end SCF calculation
 
 Begin SCF calculation by: POSITRON
 -------------------------
 
 -----------------------------------------------------------------------------------
 Iteration                   Energy           Density Change         DIIS Error 
 -----------------------------------------------------------------------------------
    1          -0.063487358915           0.002738692239                 -- 
    2          -0.043389605017           0.003508458345                 -- 
    3          -0.031535413011           0.002187024784                 -- 
    4          -0.031338628435           0.000030526648                 -- 
    5          -0.031303591753           0.000005337149                 -- 
    6          -0.031298706090           0.000000733572                 -- 
    7          -0.031298617603           0.000000098646                 -- 
    8          -0.031298941748           0.000000082688                 -- 
    9          -0.031299131681           0.000000046872                 -- 
   10          -0.031299214033           0.000000022515                 -- 
   11          -0.031299245911           0.000000010144                 -- 
   12          -0.031299257563           0.000000004426                 -- 
   13          -0.031299261682           0.000000001892                 -- 
 
 ... end SCF calculation
 
  EIGENVALUES AND EIGENVECTORS: 
 ==============================
 
 
  Eigenvalues for: E-
 -----------------
 
    1          -4.732348739036
    2          -4.732348739036
    3          -0.309258221802
    4          -0.309258221802
    5           0.029565783969
    6           0.029565784098
    7           0.029565784098
    8           0.029565784103
    9           0.029565784103
   10           0.029565784229
   11           0.051096234964
   12           0.051096234987
   13           0.098028633861
   14           0.098028634094
   15           0.098028634094
   16           0.098028634103
   17           0.098028634103
   18           0.098028634333
   19           0.321204931387
   20           0.321204931403
   21           0.345804686583
   22           0.345804686707
   23           0.345804686707
   24           0.345804686712
   25           0.345804686712
   26           0.345804686835
   27           0.692850857273
   28           0.692850857273
   29           0.692850857273
   30           0.692850857273
   31           0.692850857273
   32           0.692850857273
   33           0.692850857273
   34           0.692850857273
   35           0.692850857273
   36           0.692850857273
   37           1.198792707566
   38           1.198792707618
   39           1.198792707618
   40           1.198792707620
   41           1.198792707620
   42           1.198792707672
   43           1.414741301051
   44           1.414741301056
   45          10.066564141258
   46          10.066564141260
 
 
  Eigenvalues for: POSITRON
 -----------------
 
    1          -0.003155083843
    2          -0.003043941213
    3           0.000084323334
    4           0.000134677561
    5           0.000206434545
    6           0.000206434545
    7           0.000258104887
    8           0.000279441389
    9           0.000279441389
   10           0.000323759104
   11           0.000323759104
   12           0.000362474533
   13           0.000406462966
   14           0.000425118981
   15           0.000425118981
   16           0.000435246292
   17           0.000435246292
   18           0.000435357793
   19           0.000562695668
   20           0.000562695668
   21           0.000590469096
   22           0.000878912373
   23           0.000878912373
   24           0.000953863530
   25           0.001027526929
   26           0.001121231394
   27           0.001121231394
   28           0.001142885026
   29           0.001215124459
   30           0.001215124459
   31           0.001237540414
   32           0.001473083944
   33           0.001473083944
   34           0.001479068752
   35           0.001479068752
   36           0.001767555408
   37           0.001767555408
   38           0.001797913566
   39           0.002113005806
   40           0.002131746391
   41           0.002376238098
   42           0.002910028365
   43           0.002910028365
   44           0.003443579468
   45           0.003523046819
   46           0.003523046819
   47           0.004505532779
   48           0.004959554947
   49           0.005441528229
   50           0.009270039973
   51           0.009270039973
   52           0.009425806812
   53           0.009425806812
   54           0.009462939791
   55           0.010273095645
   56           0.014761975603
   57           0.014998992291
   58           0.051081183416
   59           0.051417191356
   60           0.193011671239
   61           0.193289309745
   62           0.855453760044
   63           0.855637618546
   64           2.941139132063
   65           2.941275290932
   66          10.802307934632
   67          10.802439457694
   68     1000000.000000000000
 
  end of eigenvalues 
 
  Occupied Eigenvectors for: E-
 --------------------------- 
 
                          -4.7323        -4.7323        -0.3093        -0.3093   
 
    1     BE     S       0.512181      -0.305320       0.061507       0.090697
    2     BE     S       0.383477      -0.228597       0.104225       0.153686
    3     BE    Px      -0.000000       0.000000      -0.000000      -0.000000
    4     BE    Py      -0.000000       0.000000      -0.000000      -0.000000
    5     BE    Pz      -0.000000       0.000000      -0.000000      -0.000000
    6     BE     S      -0.004200       0.002504      -0.327782      -0.483336
    7     BE    Px       0.000000      -0.000000      -0.000000      -0.000000
    8     BE    Py       0.000000      -0.000000       0.000000       0.000000
    9     BE    Pz       0.000000      -0.000000       0.000000       0.000000
   10     BE     S       0.001224      -0.000730      -0.280710      -0.413926
   11     BE    Px      -0.000000       0.000000       0.000000       0.000000
   12     BE    Py      -0.000000       0.000000      -0.000000      -0.000000
   13     BE    Pz      -0.000000       0.000000      -0.000000      -0.000000
   14     BE     S      -0.000368       0.000220      -0.012541      -0.018492
   15     BE    Px       0.000000      -0.000000       0.000000       0.000000
   16     BE    Py       0.000000      -0.000000       0.000000       0.000000
   17     BE    Pz       0.000000      -0.000000       0.000000       0.000000
   18     BE   Dxx       0.000576      -0.000344       0.000995       0.001467
   19     BE   Dxy      -0.000000       0.000000      -0.000000      -0.000000
   20     BE   Dxz       0.000000       0.000000       0.000000       0.000000
   21     BE   Dyy       0.000576      -0.000344       0.000995       0.001467
   22     BE   Dyz       0.000000      -0.000000       0.000000      -0.000000
   23     BE   Dzz       0.000576      -0.000344       0.000995       0.001467
   24     BE     S       0.305320       0.512181       0.090697      -0.061507
   25     BE     S       0.228597       0.383477       0.153686      -0.104225
   26     BE    Px       0.000000       0.000000       0.000000      -0.000000
   27     BE    Py       0.000000      -0.000000       0.000000       0.000000
   28     BE    Pz      -0.000000       0.000000      -0.000000      -0.000000
   29     BE     S      -0.002504      -0.004200      -0.483336       0.327782
   30     BE    Px      -0.000000      -0.000000       0.000000      -0.000000
   31     BE    Py      -0.000000       0.000000      -0.000000      -0.000000
   32     BE    Pz       0.000000      -0.000000      -0.000000      -0.000000
   33     BE     S       0.000730       0.001224      -0.413926       0.280710
   34     BE    Px       0.000000       0.000000      -0.000000       0.000000
   35     BE    Py       0.000000      -0.000000       0.000000       0.000000
   36     BE    Pz      -0.000000       0.000000       0.000000       0.000000
   37     BE     S      -0.000220      -0.000368      -0.018492       0.012541
   38     BE    Px      -0.000000      -0.000000      -0.000000       0.000000
   39     BE    Py      -0.000000       0.000000       0.000000       0.000000
   40     BE    Pz       0.000000      -0.000000      -0.000000      -0.000000
   41     BE   Dxx       0.000344       0.000576       0.001467      -0.000995
   42     BE   Dxy      -0.000000      -0.000000       0.000000      -0.000000
   43     BE   Dxz       0.000000       0.000000      -0.000000       0.000000
   44     BE   Dyy       0.000344       0.000576       0.001467      -0.000995
   45     BE   Dyz      -0.000000      -0.000000      -0.000000       0.000000
   46     BE   Dzz       0.000344       0.000576       0.001467      -0.000995
 
 
  Occupied Eigenvectors for: POSITRON
 --------------------------- 
 
                          -0.0032   
 
    1     E+     S      -0.020022
    2     E+     S      -0.017092
    3     E+     S       0.122848
    4     E+     S       0.208305
    5     E+     S       0.271902
    6     E+     S       0.173896
    7     E+     S       0.119759
    8     E+     S      -0.094695
    9     E+     S      -0.005861
   10     E+     S       0.000000
   11     E+    Px      -0.010334
   12     E+    Py       0.000000
   13     E+    Pz       0.000000
   14     E+    Px       0.002262
   15     E+    Py       0.000000
   16     E+    Pz      -0.000000
   17     E+    Px      -0.000421
   18     E+    Py       0.000000
   19     E+    Pz      -0.000000
   20     E+    Px       0.000261
   21     E+    Py       0.000000
   22     E+    Pz       0.000000
   23     E+   Dxx      -0.001272
   24     E+   Dxy       0.000000
   25     E+   Dxz       0.000000
   26     E+   Dyy       0.003713
   27     E+   Dyz       0.000000
   28     E+   Dzz       0.003713
   29     E+   Dxx       0.013166
   30     E+   Dxy       0.000000
   31     E+   Dxz      -0.000000
   32     E+   Dyy       0.011665
   33     E+   Dyz      -0.000000
   34     E+   Dzz       0.011665
   35     E+     S      -0.020022
   36     E+     S      -0.017092
   37     E+     S       0.122848
   38     E+     S       0.208305
   39     E+     S       0.271902
   40     E+     S       0.173896
   41     E+     S       0.119759
   42     E+     S      -0.094695
   43     E+     S      -0.005861
   44     E+     S       0.000000
   45     E+    Px       0.010334
   46     E+    Py      -0.000000
   47     E+    Pz      -0.000000
   48     E+    Px      -0.002262
   49     E+    Py      -0.000000
   50     E+    Pz       0.000000
   51     E+    Px       0.000421
   52     E+    Py      -0.000000
   53     E+    Pz      -0.000000
   54     E+    Px      -0.000261
   55     E+    Py       0.000000
   56     E+    Pz       0.000000
   57     E+   Dxx      -0.001272
   58     E+   Dxy       0.000000
   59     E+   Dxz       0.000000
   60     E+   Dyy       0.003713
   61     E+   Dyz      -0.000000
   62     E+   Dzz       0.003713
   63     E+   Dxx       0.013166
   64     E+   Dxy       0.000000
   65     E+   Dxz      -0.000000
   66     E+   Dyy       0.011665
   67     E+   Dyz       0.000000
   68     E+   Dzz       0.011665
 
 
  end of eigenvectors 
 
  END OF EIGENVALUES AND EIGENVECTORS
 
 
  COMPONENTS OF KINETIC ENERGY: 
 -----------------------------
 
                  E- Kinetic energy =           29.142628633653
            POSITRON Kinetic energy =            0.015250663963
                                     _________________________
               Total kinetic energy =           29.157879297615
 
  COMPONENTS OF POTENTIAL ENERGY: 
 -------------------------------
 
          Fixed potential energy    =            0.317460317460
 
  Quantum/Fixed interaction energy: 
 ----------------------------------
 
          E-/Fixed interact. energy =          -67.898904912809
    POSITRON/Fixed interact. energy =            0.660787477214
                                     _________________________
               Total Q/Fixed energy =          -67.238117435595
 
  Coulomb energy: 
 ------------------
 
               E-/E- Hartree energy =           14.628033678227
   POSITRON/POSITRON Hartree energy =            0.000000000000
         E-/POSITRON Hartree energy =           -0.651049047449
                                     _________________________
               Total Hartree energy =           13.976984630778
 
  Exchange(HF) energy: 
 ----------------------
 
                 E- Exchange energy =           -5.333109453210
           POSITRON Exchange energy =            0.000000000000
                                     _________________________
              Total Exchange energy =           -5.333109453210
 
  External Potential energy: 
 ----------------------------
 
                  E- Ext Pot energy =            0.000000000000
            POSITRON Ext Pot energy =           -0.028144177839
                                     _________________________
    Total External Potential energy =           -0.028144177839
 
  TOTAL ENERGY COMPONENTS: 
 ==========================
 
          TOTAL KINETIC ENERGY      =           29.157879297615
          TOTAL POTENTIAL ENERGY    =          -58.304926118407
                                     _________________________
                       TOTAL ENERGY =          -29.147046820792
 
                 VIRIAL RATIO (V/T) =            1.999628488865
 
 
  END ENERGY COMPONENTS
 
 
** TOTAL CPU Time SCF :      0.935 (s)
** TOTAL Elapsed Time SCF :      0.340 (s)
 
 We are calculating properties for E- in the HF/KS ground state
 We are calculating properties for POSITRON in the HF/KS ground state
 
  POPULATION ANALYSES: 
 ====================
 
 MULLIKEN Population: for E-        
 ---------------------
 
                                    
 
    1     BE     S       1.166391
    2     BE     S       0.823588
    3     BE    Px       0.000000
    4     BE    Py       0.000000
    5     BE    Pz       0.000000
    6     BE     S       1.043694
    7     BE    Px       0.000000
    8     BE    Py       0.000000
    9     BE    Pz      -0.000000
   10     BE     S       0.942124
   11     BE    Px       0.000000
   12     BE    Py       0.000000
   13     BE    Pz       0.000000
   14     BE     S       0.031424
   15     BE    Px       0.000000
   16     BE    Py       0.000000
   17     BE    Pz       0.000000
   18     BE   Dxx      -0.002407
   19     BE   Dxy       0.000000
   20     BE   Dxz       0.000000
   21     BE   Dyy      -0.002407
   22     BE   Dyz       0.000000
   23     BE   Dzz      -0.002407
   24     BE     S       1.166391
   25     BE     S       0.823588
   26     BE    Px       0.000000
   27     BE    Py      -0.000000
   28     BE    Pz       0.000000
   29     BE     S       1.043694
   30     BE    Px       0.000000
   31     BE    Py       0.000000
   32     BE    Pz      -0.000000
   33     BE     S       0.942124
   34     BE    Px       0.000000
   35     BE    Py       0.000000
   36     BE    Pz       0.000000
   37     BE     S       0.031424
   38     BE    Px       0.000000
   39     BE    Py       0.000000
   40     BE    Pz      -0.000000
   41     BE   Dxx      -0.002407
   42     BE   Dxy       0.000000
   43     BE   Dxz       0.000000
   44     BE   Dyy      -0.002407
   45     BE   Dyz       0.000000
   46     BE   Dzz      -0.002407
 
                           __________
              Total =        8.000000
 
  Atomic MULLIKEN Population: for E-        
            BE               4.000000
            BE               4.000000
 
 ...end of MULLIKEN Population
 
 
 END POPULATION ANALYSES 
 
 
  POPULATION ANALYSES: 
 ====================
 
 LOWDIN Population: for E-        
 ---------------------
 
                                    
 
    1     BE     S       1.101745
    2     BE     S       0.875944
    3     BE    Px       0.000000
    4     BE    Py       0.000000
    5     BE    Pz       0.000000
    6     BE     S       0.590908
    7     BE    Px       0.000000
    8     BE    Py       0.000000
    9     BE    Pz       0.000000
   10     BE     S       0.553024
   11     BE    Px       0.000000
   12     BE    Py      -0.000000
   13     BE    Pz       0.000000
   14     BE     S       0.204207
   15     BE    Px       0.000000
   16     BE    Py       0.000000
   17     BE    Pz      -0.000000
   18     BE   Dxx       0.224724
   19     BE   Dxy       0.000000
   20     BE   Dxz       0.000000
   21     BE   Dyy       0.224724
   22     BE   Dyz       0.000000
   23     BE   Dzz       0.224724
   24     BE     S       1.101745
   25     BE     S       0.875944
   26     BE    Px       0.000000
   27     BE    Py      -0.000000
   28     BE    Pz       0.000000
   29     BE     S       0.590908
   30     BE    Px       0.000000
   31     BE    Py       0.000000
   32     BE    Pz       0.000000
   33     BE     S       0.553024
   34     BE    Px       0.000000
   35     BE    Py       0.000000
   36     BE    Pz       0.000000
   37     BE     S       0.204207
   38     BE    Px       0.000000
   39     BE    Py       0.000000
   40     BE    Pz       0.000000
   41     BE   Dxx       0.224724
   42     BE   Dxy       0.000000
   43     BE   Dxz       0.000000
   44     BE   Dyy       0.224724
   45     BE   Dyz       0.000000
   46     BE   Dzz       0.224724
 
                           __________
              Total =        8.000000
 
  Atomic LOWDIN Population: for E-        
            BE               4.000000
            BE               4.000000
 
 ...end of LOWDIN Population
 
 
 END POPULATION ANALYSES 
 
 
  POPULATION ANALYSES: 
 ====================
 
 MULLIKEN Population: for POSITRON  
 ---------------------
 
                                    
 
    1     E+     S      -0.004811
    2     E+     S      -0.006879
    3     E+     S       0.065607
    4     E+     S       0.132612
    5     E+     S       0.182689
    6     E+     S       0.098911
    7     E+     S       0.043939
    8     E+     S      -0.015756
    9     E+     S      -0.000309
   10     E+     S       0.000000
   11     E+    Px      -0.001041
   12     E+    Py      -0.000000
   13     E+    Pz      -0.000000
   14     E+    Px       0.000468
   15     E+    Py      -0.000000
   16     E+    Pz       0.000000
   17     E+    Px      -0.000075
   18     E+    Py      -0.000000
   19     E+    Pz      -0.000000
   20     E+    Px       0.000011
   21     E+    Py       0.000000
   22     E+    Pz       0.000000
   23     E+   Dxx      -0.000090
   24     E+   Dxy       0.000000
   25     E+   Dxz       0.000000
   26     E+   Dyy       0.000057
   27     E+   Dyz       0.000000
   28     E+   Dzz       0.000057
   29     E+   Dxx       0.003201
   30     E+   Dxy       0.000000
   31     E+   Dxz      -0.000000
   32     E+   Dyy       0.000704
   33     E+   Dyz      -0.000000
   34     E+   Dzz       0.000704
   35     E+     S      -0.004811
   36     E+     S      -0.006879
   37     E+     S       0.065607
   38     E+     S       0.132612
   39     E+     S       0.182689
   40     E+     S       0.098911
   41     E+     S       0.043939
   42     E+     S      -0.015756
   43     E+     S      -0.000309
   44     E+     S       0.000000
   45     E+    Px      -0.001041
   46     E+    Py       0.000000
   47     E+    Pz      -0.000000
   48     E+    Px       0.000468
   49     E+    Py      -0.000000
   50     E+    Pz      -0.000000
   51     E+    Px      -0.000075
   52     E+    Py      -0.000000
   53     E+    Pz       0.000000
   54     E+    Px       0.000011
   55     E+    Py       0.000000
   56     E+    Pz       0.000000
   57     E+   Dxx      -0.000090
   58     E+   Dxy       0.000000
   59     E+   Dxz       0.000000
   60     E+   Dyy       0.000057
   61     E+   Dyz      -0.000000
   62     E+   Dzz       0.000057
   63     E+   Dxx       0.003201
   64     E+   Dxy       0.000000
   65     E+   Dxz       0.000000
   66     E+   Dyy       0.000704
   67     E+   Dyz       0.000000
   68     E+   Dzz       0.000704
 
                           __________
              Total =        1.000000
 
  Atomic MULLIKEN Population: for POSITRON  
            BE               0.500000
            BE               0.500000
 
 ...end of MULLIKEN Population
 
 
 END POPULATION ANALYSES 
 
 
  POPULATION ANALYSES: 
 ====================
 
 LOWDIN Population: for POSITRON  
 ---------------------
 
                                    
 
    1     E+     S       0.003436
    2     E+     S       0.014685
    3     E+     S       0.051190
    4     E+     S       0.121495
    5     E+     S       0.159320
    6     E+     S       0.105372
    7     E+     S       0.031226
    8     E+     S       0.000529
    9     E+     S       0.000154
   10     E+     S       0.000019
   11     E+    Px       0.000793
   12     E+    Py      -0.000000
   13     E+    Pz       0.000000
   14     E+    Px       0.004370
   15     E+    Py      -0.000000
   16     E+    Pz      -0.000000
   17     E+    Px       0.002836
   18     E+    Py      -0.000000
   19     E+    Pz       0.000000
   20     E+    Px       0.000008
   21     E+    Py       0.000000
   22     E+    Pz       0.000000
   23     E+   Dxx       0.000108
   24     E+   Dxy      -0.000000
   25     E+   Dxz       0.000000
   26     E+   Dyy       0.000017
   27     E+   Dyz       0.000000
   28     E+   Dzz       0.000017
   29     E+   Dxx       0.004228
   30     E+   Dxy      -0.000000
   31     E+   Dxz       0.000000
   32     E+   Dyy       0.000099
   33     E+   Dyz       0.000000
   34     E+   Dzz       0.000099
   35     E+     S       0.003436
   36     E+     S       0.014685
   37     E+     S       0.051190
   38     E+     S       0.121495
   39     E+     S       0.159320
   40     E+     S       0.105372
   41     E+     S       0.031226
   42     E+     S       0.000529
   43     E+     S       0.000154
   44     E+     S       0.000019
   45     E+    Px       0.000793
   46     E+    Py       0.000000
   47     E+    Pz       0.000000
   48     E+    Px       0.004370
   49     E+    Py      -0.000000
   50     E+    Pz       0.000000
   51     E+    Px       0.002836
   52     E+    Py      -0.000000
   53     E+    Pz       0.000000
   54     E+    Px       0.000008
   55     E+    Py      -0.000000
   56     E+    Pz       0.000000
   57     E+   Dxx       0.000108
   58     E+   Dxy      -0.000000
   59     E+   Dxz       0.000000
   60     E+   Dyy       0.000017
   61     E+   Dyz       0.000000
   62     E+   Dzz       0.000017
   63     E+   Dxx       0.004228
   64     E+   Dxy       0.000000
   65     E+   Dxz       0.000000
   66     E+   Dyy       0.000099
   67     E+   Dyz       0.000000
   68     E+   Dzz       0.000099
 
                           __________
              Total =        1.000000
 
  Atomic LOWDIN Population: for POSITRON  
            BE               0.500000
            BE               0.500000
 
 ...end of LOWDIN Population
 
 
 END POPULATION ANALYSES 
 
 
  EXPECTED POSITIONS OF QUANTUM SPECIES:
 ======================
 
 POSITIONS IN ANGSTROMS
 ------
 
                        <x>      <y>      <z>         
                 E- 106.6821   0.0000  -0.0000
           POSITRON  13.3353   0.0000   0.0000
 
 END EXPECTED POSITIONS
 
 
  ELECTROSTATIC MOMENTS:
 ======================
 
 
 DIPOLE: (A.U.)
 ------
 
                           <Dx>         <Dy>         <Dz>          |D|
                 E--201.60000000  -0.00000000   0.00000000
           POSITRON  25.20000000   0.00000000   0.00000000
    Point charges:  201.60000000   0.00000000   0.00000000
                     ____________________________
      Total Dipole:  25.20000000   0.00000000   0.00000000  25.20000000
 
 DIPOLE: (DEBYE)
 ------
 
                           <Dx>         <Dy>         <Dz>          |D|
                 E--512.41602173  -0.00000000   0.00000000
           POSITRON  64.05200272   0.00000000   0.00000000
    Point charges:  512.41602173   0.00000000   0.00000000
                     ____________________________
      Total Dipole:  64.05200272   0.00000000   0.00000000  64.05200272
 
 QUADRUPOLE NON-TRACELESS: (DEBYE ANGS)
 ------
 
                           <xx>         <yy>         <zz>         <xy>         <xz>         <yz>
                 E-**************  -15.54360930  -15.54360930   -0.00000000   -0.00000000   -0.00000000
           POSITRON 1965.85582624   67.52182545   67.52182545    0.00000000   -0.00000000    0.00000000
    Point charges: 13666.40704356    0.00000000    0.00000000    0.00000000    0.00000000    0.00000000
  Total Quadrupole: 1950.31222209   51.97821615   51.97821615    0.00000000   -0.00000000    0.00000000
                     ____________________________
 
 END ELECTROSTATIC MOMENTS
 

  TOTAL CPU Time:      0.259 (s)
 TOTAL Wall Time:      0.390 (s)
  Elapsed Time:   0h  0m  0s 391ms
LOWDIN execution terminated normally at : Tue Nov 26 15:32:34 2024
-rw-rw-r-- 1 pohl pohl 704K nov 26 15:32 0E-.ints
-rw-rw-r-- 1 pohl pohl 2.1M nov 26 15:32 0E-.POSITRON.ints
-rw-rw-r-- 1 pohl pohl 2.1M nov 26 15:32 0POSITRON.ints
-rw-rw-r-- 1 pohl pohl 704K nov 26 15:32 1E-.ints
-rw-rw-r-- 1 pohl pohl 2.1M nov 26 15:32 1E-.POSITRON.ints
-rw-rw-r-- 1 pohl pohl 2.1M nov 26 15:32 1POSITRON.ints
-rw-rw-r-- 1 pohl pohl 704K nov 26 15:32 2E-.ints
-rw-rw-r-- 1 pohl pohl 2.1M nov 26 15:32 2E-.POSITRON.ints
-rw-rw-r-- 1 pohl pohl 2.1M nov 26 15:32 2POSITRON.ints
-rw-rw-r-- 1 pohl pohl 704K nov 26 15:32 3E-.ints
-rw-rw-r-- 1 pohl pohl 2.1M nov 26 15:32 3E-.POSITRON.ints
-rw-rw-r-- 1 pohl pohl 2.1M nov 26 15:32 3POSITRON.ints
-rw-rw-r-- 1 pohl pohl   12 nov 26 15:32 E-.POSITRON.nints
-rw-rw-r-- 1 pohl pohl   65 nov 26 15:32 gepol.inp
-rw-rw-r-- 1 pohl pohl   91 nov 26 15:32 gepol.xyzr
-rw-rw-r-- 1 pohl pohl 9.5K nov 26 15:32 lowdin.bas
-rw-rw-r-- 1 pohl pohl  16K nov 26 15:32 lowdin.dat
-rw-rw-r-- 1 pohl pohl 691K nov 26 15:32 lowdin.opints
-rw-rw-r-- 1 pohl pohl  26K nov 26 15:32 lowdin.sys
-rw-rw-r-- 1 pohl pohl 689K nov 26 15:32 lowdin.wfn
-rw-rw-r-- 1 pohl pohl  499 nov 26 15:32 usual_243
-rw-rw-r-- 1 pohl pohl 1.8K nov 26 15:32 usual_243.aux
-rw-rw-r-- 1 pohl pohl  504 nov 26 15:32 usual_243.lowdin
-rw-rw-r-- 1 pohl pohl  46K nov 26 15:32 usual_243.out
-rw-rw-r-- 1 pohl pohl  54K nov 26 15:32 usual_243.vec
