Begin job by input: usual_71.lowdin, for user:   at  mar 26 nov 2024 15:30:58 -05
under operating system Linux helios 5.19.0-46-generic #47-Ubuntu SMP PREEMPT_DYNAMIC Fri Jun 16 13:30:11 UTC 2023 x86_64 x86_64 x86_64 GNU/Linux
Compilation information
  commit: f31d3924f6ee2ce9d77f07edcc1ba27359319d14
  compilation date:  mar 17 sep 2024 16:16:17 -05

BEGIN INPUT INFO:
------------------------------------

GEOMETRY
	Be	Dirac	0.0 0.0 0.0
	e-(Be)	6-311++G.d.p 0.0 0.0 0.0
	E+	GRIBAKIN-10S4P2D 0.0 0.0 0.0
	Be	Dirac	16.0 0.0 0.0
	e-(Be)	6-311++G.d.p	16.0 0.0 0.0
	E+	GRIBAKIN-10S4P2D 16.0 0.0 0.0 addParticles=-1 
END GEOMETRY

TASKS
        method = "RHF"
END TASKS

EXTERPOTENTIAL
	E- GRIBAKIN0
	E+ JOR71
END EXTERPOTENTIAL

CONTROL
	units="BOHRS"
	readCoefficients=F
	convergenceMethod=1
	overlapEigenThreshold=1E-6
	SCFGhostSpecies="POSITRON"
	HFprintEigenvalues=T
	totalEnergyTolerance = 1E-9
END CONTROL


... END INPUT INFO


 LOWDIN execution started at : Tue Nov 26 15:30:58 2024
 ---------------------------------------------------------------
 
 ***************************************************************
 *                   LOWDIN 2.0  (May/2013)                    *
 *                                                             *
 *  R. FLORES-MORENO, E. F. POSADA, F. S. MONCADA, J.ROMERO,   *
 *  J. CHARRY, M. DIAZ-TINOCO, S. A. GONZALEZ, N. F. AGUIRRE,  *
 *  A. REYES                                                   *
 *                                                             *
 *  https://sites.google.com/site/lowdinproject/               *
 *                                                             *
 ***************************************************************
 
 PARSING INPUT... DONE!
 
 LOWDIN IS RUNNING WITH NEXT PARAMETERS: 
 ----------------------------------------
 
         METHOD TYPE:  RHF
         NUMBER OF CORES:     4
         NONELECTRONIC DENSITY GUESS: HCORE
         ELECTRONIC DENSITY GUESS: HCORE
         CRITERIUM OF CONVERGENCE: ENERGY
         NONELECTRONIC ENERGY TOLERANCE IN SCFs:     0.10000E-07
         ELECTRONIC ENERGY TOLERANCE IN SCFs:     0.10000E-07
         TOTAL ENERGY TOLERANCE IN SCFs:     0.10000E-08
         SCHEME OF ITERATION: GLOBAL ITERATIONS
         SCF MAX. SUBITERATIONS - NONELECTRONS :     1
         SCF MAX. SUBITERATIONS - ELECTRONS :     1
         SCF MAX. ITERATIONS - INTERSPECIES :   200
         INTEGRAL STORAGE: DISK
         STACK SIZE FOR ERIS : 30000
         METHOD OF SCF CONVERGENCE: DAMPING
 
  MOLECULAR SYSTEM: usual_71
 -----------------
 
    DESCRIPTION   : usual_71
    CHARGE        :   2
    PUNTUAL GROUP : NONE
 
 
  INFORMATION OF PARTICLES :
 =========================
         Total number of particles   =      11
         Number of quantum particles =       9
         Number of puntual charges   =       2
         Number of quantum species   =       2
 
                 INFORMATION OF QUANTUM SPECIES 
    ----------------------------------------------------------------------
         ID      Symbol            mass     charge      omega     spin     multiplicity
    ----------------------------------------------------------------------
         1             E-         1.0000     -1.00      0.00      0.50      1.00
         2             E+         1.0000      1.00      0.00      0.50      1.00
 
                   CONSTANTS OF COUPLING 
      ------------------------------------------------------------
              Symbol      kappa        eta     lambda occupation
      ------------------------------------------------------------
                  E-      -1.00       2.00       2.00       4.00
                  E+      -1.00       1.00       1.00       1.00
 
                   BASIS SET FOR SPECIES 
      ------------------------------------------------------------
           Symbol          N. Basis     N. Particles     Basis Set
      ------------------------------------------------------------
                 E-           20                8     6-311++G.D
                 E+           32                1     GRIBAKIN-1
 
                                ATOMIC BASIS
         ------------------------------------------------------------
          PRIMITIVE   SHELL             EXPONENT         COEFFICIENT 
         ------------------------------------------------------------
 
    BEGIN DESCRIPTION OF BASIS FOR:    E-
    ==============================
 
 
            BE BASIS SET:   6-311++G.D.P
             1         S             1682.80000000          0.00228574
             2         S              251.71500000          0.01759380
             3         S               57.41160000          0.08633150
             4         S               16.51710000          0.28183500
             5         S                4.85364000          0.64059400
             6         S                0.62686300          0.14446700
             1         S                8.30938000          0.10862100
             2         S                1.74075000          0.92730100
             3         S                0.48581600         -0.00297169
             1         P                8.30938000          0.03613440
             2         P                1.74075000          0.21695800
             3         P                0.48581600          0.84183900
             1         S                0.16361300          1.00000000
             1         P                0.16361300          1.00000000
             1         S                0.05672850          1.00000000
             1         P                0.05672850          1.00000000
             1         S                0.02070000          1.00000000
             1         P                0.02070000          1.00000000
             1         D                0.25500000          1.00000000
 
            BE BASIS SET:   6-311++G.D.P
             1         S             1682.80000000          0.00228574
             2         S              251.71500000          0.01759380
             3         S               57.41160000          0.08633150
             4         S               16.51710000          0.28183500
             5         S                4.85364000          0.64059400
             6         S                0.62686300          0.14446700
             1         S                8.30938000          0.10862100
             2         S                1.74075000          0.92730100
             3         S                0.48581600         -0.00297169
             1         P                8.30938000          0.03613440
             2         P                1.74075000          0.21695800
             3         P                0.48581600          0.84183900
             1         S                0.16361300          1.00000000
             1         P                0.16361300          1.00000000
             1         S                0.05672850          1.00000000
             1         P                0.05672850          1.00000000
             1         S                0.02070000          1.00000000
             1         P                0.02070000          1.00000000
             1         D                0.25500000          1.00000000
    ... END DESCRIPTION OF BASIS
 
 
    BEGIN DESCRIPTION OF BASIS FOR:    E+
    ==============================
 
 
            E+ BASIS SET:GRIBAKIN-10S4P2
             1         S                0.00010000          1.00000000
             1         S                0.00030000          1.00000000
             1         S                0.00090000          1.00000000
             1         S                0.00270000          1.00000000
             1         S                0.00810000          1.00000000
             1         S                0.02430000          1.00000000
             1         S                0.07290000          1.00000000
             1         S                0.21870000          1.00000000
             1         S                0.65610000          1.00000000
             1         S                1.96830000          1.00000000
             1         P                0.00010000          1.00000000
             1         P                0.00030000          1.00000000
             1         P                0.00090000          1.00000000
             1         P                0.00270000          1.00000000
             1         D                0.00010000          1.00000000
             1         D                0.00030000          1.00000000
 
            E+ BASIS SET:GRIBAKIN-10S4P2
             1         S                0.00010000          1.00000000
             1         S                0.00030000          1.00000000
             1         S                0.00090000          1.00000000
             1         S                0.00270000          1.00000000
             1         S                0.00810000          1.00000000
             1         S                0.02430000          1.00000000
             1         S                0.07290000          1.00000000
             1         S                0.21870000          1.00000000
             1         S                0.65610000          1.00000000
             1         S                1.96830000          1.00000000
             1         P                0.00010000          1.00000000
             1         P                0.00030000          1.00000000
             1         P                0.00090000          1.00000000
             1         P                0.00270000          1.00000000
             1         D                0.00010000          1.00000000
             1         D                0.00030000          1.00000000
    ... END DESCRIPTION OF BASIS
 
 
  END INFORMATION OF PARTICLES
 
 
  INFORMATION OF THE QUANTUM SYSTEM 
     ---------------------------------------------------------------------
                 ID     Occupied Orbitals     Basis size
     ---------------------------------------------------------------------
                 E-            4               46
                 E+            1               68
 
  END INFORMATION OF QUANTUM SYSTEM
 
 
  INFORMATION OF EXTERNAL POTENTIALS 
 
 =======
 External Potential for E- : GRIBAKIN0
 Type : 
                     Exponent         l       R_x       R_y       R_z              Factor
                 0.0010000000         0   0.00000   0.00000   0.00000        0.0000000000
 
 =======
 External Potential for E+ : JOR71
 Type : 
                     Exponent         l       R_x       R_y       R_z              Factor
                 0.0010000000         0   0.00000   0.00000   0.00000       -0.0004852612
                 0.0020000000         0   0.00000   0.00000   0.00000        0.0024441783
                 0.0040000000         0   0.00000   0.00000   0.00000       -0.0075448874
                 0.0080000000         0   0.00000   0.00000   0.00000        0.0157738437
                 0.0160000000         0   0.00000   0.00000   0.00000       -0.0371036225
                 0.0320000000         0   0.00000   0.00000   0.00000        0.0538567205
                 0.0640000000         0   0.00000   0.00000   0.00000       -0.1977562620
                 0.1280000000         0   0.00000   0.00000   0.00000        0.1521150960
                 0.2560000000         0   0.00000   0.00000   0.00000       -2.2309931100
                 0.5120000000         0   0.00000   0.00000   0.00000        7.1544406100
                 1.0000000000         0   0.00000   0.00000   0.00000      -16.4610761000
                 2.0000000000         0   0.00000   0.00000   0.00000      120.0674500000
                 3.0000000000         0   0.00000   0.00000   0.00000    -1010.4441400000
                 4.0000000000         0   0.00000   0.00000   0.00000     5912.5175500000
                 5.0000000000         0   0.00000   0.00000   0.00000   -22883.6471000000
                 6.0000000000         0   0.00000   0.00000   0.00000    58320.2479000000
                 7.0000000000         0   0.00000   0.00000   0.00000   -96733.7399000000
                 8.0000000000         0   0.00000   0.00000   0.00000   100515.5930000000
                 9.0000000000         0   0.00000   0.00000   0.00000   -59492.9273000000
                10.0000000000         0   0.00000   0.00000   0.00000    15337.5181000000
                20.0000000000         0   0.00000   0.00000   0.00000     -108.3194530000
                30.0000000000         0   0.00000   0.00000   0.00000       58.7242217000
                40.0000000000         0   0.00000   0.00000   0.00000      -33.9818623000
                50.0000000000         0   0.00000   0.00000   0.00000       10.1503518000
               100.0000000000         0   0.00000   0.00000   0.00000       -0.2039701810
                 0.0010000000         0  16.00000   0.00000   0.00000       -0.0004852612
                 0.0020000000         0  16.00000   0.00000   0.00000        0.0024441783
                 0.0040000000         0  16.00000   0.00000   0.00000       -0.0075448874
                 0.0080000000         0  16.00000   0.00000   0.00000        0.0157738437
                 0.0160000000         0  16.00000   0.00000   0.00000       -0.0371036225
                 0.0320000000         0  16.00000   0.00000   0.00000        0.0538567205
                 0.0640000000         0  16.00000   0.00000   0.00000       -0.1977562620
                 0.1280000000         0  16.00000   0.00000   0.00000        0.1521150960
                 0.2560000000         0  16.00000   0.00000   0.00000       -2.2309931100
                 0.5120000000         0  16.00000   0.00000   0.00000        7.1544406100
                 1.0000000000         0  16.00000   0.00000   0.00000      -16.4610761000
                 2.0000000000         0  16.00000   0.00000   0.00000      120.0674500000
                 3.0000000000         0  16.00000   0.00000   0.00000    -1010.4441400000
                 4.0000000000         0  16.00000   0.00000   0.00000     5912.5175500000
                 5.0000000000         0  16.00000   0.00000   0.00000   -22883.6471000000
                 6.0000000000         0  16.00000   0.00000   0.00000    58320.2479000000
                 7.0000000000         0  16.00000   0.00000   0.00000   -96733.7399000000
                 8.0000000000         0  16.00000   0.00000   0.00000   100515.5930000000
                 9.0000000000         0  16.00000   0.00000   0.00000   -59492.9273000000
                10.0000000000         0  16.00000   0.00000   0.00000    15337.5181000000
                20.0000000000         0  16.00000   0.00000   0.00000     -108.3194530000
                30.0000000000         0  16.00000   0.00000   0.00000       58.7242217000
                40.0000000000         0  16.00000   0.00000   0.00000      -33.9818623000
                50.0000000000         0  16.00000   0.00000   0.00000       10.1503518000
               100.0000000000         0  16.00000   0.00000   0.00000       -0.2039701810
 
  END INFORMATION OF EXTERNAL POTENTIALS
 
                       INITIAL GEOMETRY: AMSTRONG
                 -----------------------------------
                       <x>                 <y>                 <z>
      E-BE        0.0000000000        0.0000000000        0.0000000000
      E-BE        8.4668359878        0.0000000000        0.0000000000
        E+        0.0000000000        0.0000000000        0.0000000000
        E+        8.4668359878        0.0000000000        0.0000000000
        BE        0.0000000000        0.0000000000        0.0000000000
        BE        8.4668359878        0.0000000000        0.0000000000
 
                     MATRIX OF DISTANCE: ANGSTROM
                 -----------------------------------
                          BE(1)          BE(2)     
 
        BE(1)            0.000000       8.466836
        BE(2)            8.466836       0.000000
 
--------------------------------------------------------------------------------
** PROGRAM: SCF (Hartree Fock).     Author: S.A. Gonzalez, E. Posada, F. Moncada
--------------------------------------------------------------------------------
INFO: RUNNING IN RHF MODE.
 
----------------------------------------------------------------------
** PROGRAM INTS                          Author: E. F. Posada, 2013   
----------------------------------------------------------------------
INFO: RUNNING IN ONE_PARTICLE MODE.
 
 Number of Overlap integrals for species E-:   2116
 Number of Overlap integrals for species POSITRON:   4624
 Number of Kinetic integrals for species E-:   2116
 Number of Kinetic integrals for species POSITRON:   4624
 Number of Nuclear integrals for species E-:   2116
 Number of Nuclear integrals for species POSITRON:   4624
 Number of Moment integrals for species E-:   6348
 Number of Moment integrals for species POSITRON:  13872
 Number of 3C Overlap integrals for species E-:   2116
 Number of 3C Overlap integrals for species POSITRON:   4624
 
** TOTAL CPU Time INTS :      0.397 (s)
** TOTAL Elapsed Time INTS :      0.153 (s)
 
Removed     5 orbitals for species POSITRON with overlap eigen threshold of 1.000E-06
       Usign  HCORE density guess for species:         E-
     number of         E-     particles in guess density matrix:     8.000000
       Usign  HCORE density guess for species:   POSITRON
     number of   POSITRON     particles in guess density matrix:     0.000000
 Warning!, density matrix with deviation from number of particles    1.000000
 Number of unique integrals for species: 1 = 89329
 Number of unique integrals for species: 2 = 324303
 Number of unique integrals for species: 1 / 2 = 501074 Screened: 2169
 
 TWO-BODY INTEGRAL SETUP: 
------------------------- 
 Storage:   DISK
 Scheme: LIBINT
 Stack size:  30000
 
 LIBINT library, Fermann, J. T.; Valeev, F. L. 2010                   
 LOWDIN-LIBINT Implementation V. 2.1  Posada E. F. ; Reyes A. 2016   
 ----------------------------------------------------------------------

*** TOTAL CPU time intra-species integrals :      0.393 (s)
*** TOTAL elapsed time intra-species integrals :      0.060 (s)


*** TOTAL CPU time inter-species integrals :      0.603 (s)
*** TOTAL elapsed time inter-species integrals :      0.102 (s)

INFO: RUNNING SCHEME SIMULTANEOUS
 
 Begin Multi-Species SCF calculation:
 
 --------------------------------------------------------------------------------------------------
      Iteration                   Energy            Energy Change           Density Change
 --------------------------------------------------------------------------------------------------
              1         -27.395698296365          27.395698296365           0.600912908712
              2         -29.109134260891           1.713435964526           0.058050822942
              3         -29.142678481215           0.033544220325           0.206858580688
              4         -29.148947801830           0.006269320615           0.054614649415
              5         -29.149411881919           0.000464080089           0.001131820153
              6         -29.149462378591           0.000050496672           0.000270613622
              7         -29.149475727409           0.000013348818           0.000092202778
              8         -29.149479993063           0.000004265653           0.000039040972
              9         -29.149481483053           0.000001489991           0.000017593315
             10         -29.149482022815           0.000000539762           0.000007893885
             11         -29.149482221294           0.000000198479           0.000003464475
             12         -29.149482294778           0.000000073484           0.000001484983
             13         -29.149482322085           0.000000027307           0.000000623379
             14         -29.149482332256           0.000000010171           0.000000257126
             15         -29.149482336051           0.000000003794           0.000000104482
             16         -29.149482337468           0.000000001417           0.000000041962
             17         -29.149482337998           0.000000000530           0.000000016694
 Total energy converged after  17 global iterations                                                  
 
 ...end Multi-Species SCF calculation
 
 
 Begin SCF calculation by: E-
 -------------------------
 
 -----------------------------------------------------------------------------------
 Iteration                   Energy           Density Change         DIIS Error 
 -----------------------------------------------------------------------------------
    1         -30.098906504404           0.013885736629                 -- 
    2         -30.139547959422           0.003154290092                 -- 
    3         -30.144120502862           0.000941841890                 -- 
    4         -30.144273940421           0.000300740698                 -- 
    5         -30.144078856397           0.000098130986                 -- 
    6         -30.143966695349           0.000032522216                 -- 
    7         -30.143919711799           0.000010937641                 -- 
    8         -30.143901964836           0.000003728392                 -- 
    9         -30.143895564006           0.000001286104                 -- 
   10         -30.143893309311           0.000000448206                 -- 
   11         -30.143892525250           0.000000157577                 -- 
   12         -30.143892254520           0.000000055820                 -- 
   13         -30.143892161382           0.000000019903                 -- 
   14         -30.143892129388           0.000000007137                 -- 
   15         -30.143892118399           0.000000002572                 -- 
   16         -30.143892114621           0.000000000931                 -- 
 
 ... end SCF calculation
 
 Begin SCF calculation by: POSITRON
 -------------------------
 
 -----------------------------------------------------------------------------------
 Iteration                   Energy           Density Change         DIIS Error 
 -----------------------------------------------------------------------------------
    1          -0.056421004528           0.044165086313                 -- 
    2          -0.042217813546           0.203704290597                 -- 
    3          -0.037219431950           0.053672807526                 -- 
    4          -0.037523107833           0.000831079455                 -- 
    5          -0.037630128855           0.000172482636                 -- 
    6          -0.037668274780           0.000059680561                 -- 
    7          -0.037681870973           0.000028103331                 -- 
    8          -0.037686710518           0.000013864922                 -- 
    9          -0.037688432716           0.000006607781                 -- 
   10          -0.037689046216           0.000003016269                 -- 
   11          -0.037689265208           0.000001327406                 -- 
   12          -0.037689343588           0.000000567558                 -- 
   13          -0.037689371726           0.000000237222                 -- 
   14          -0.037689381859           0.000000097346                 -- 
   15          -0.037689385520           0.000000039390                 -- 
   16          -0.037689386847           0.000000015763                 -- 
 
 ... end SCF calculation
 
  EIGENVALUES AND EIGENVECTORS: 
 ==============================
 
 
  Eigenvalues for: E-
 -----------------
 
    1          -4.732345607214
    2          -4.732345588645
    3          -0.309321415172
    4          -0.309191927183
    5           0.024780989762
    6           0.027299078810
    7           0.027299078810
    8           0.032059033506
    9           0.032059033506
   10           0.035542697347
   11           0.047094873166
   12           0.063786493807
   13           0.095363210780
   14           0.095363210780
   15           0.101797213552
   16           0.101797213552
   17           0.102398341369
   18           0.110848761599
   19           0.320285685261
   20           0.329180927128
   21           0.344167123504
   22           0.344167123504
   23           0.348336818933
   24           0.348336818933
   25           0.350197711795
   26           0.354640007459
   27           0.692852910252
   28           0.692852910417
   29           0.692852916642
   30           0.692852916807
   31           0.692863467756
   32           0.692863467756
   33           0.692866381165
   34           0.692866381165
   35           0.693015390885
   36           0.693403033990
   37           1.197331170365
   38           1.197331170365
   39           1.200959427347
   40           1.200959427347
   41           1.201294970936
   42           1.205382247572
   43           1.414110832098
   44           1.421252793753
   45          10.065725972931
   46          10.071635650129
 
 
  Eigenvalues for: POSITRON
 -----------------
 
    1          -0.005590225364
    2          -0.000215644594
    3           0.000081889223
    4           0.000142114237
    5           0.000209441433
    6           0.000209441433
    7           0.000314522389
    8           0.000320819063
    9           0.000320819063
   10           0.000329816096
   11           0.000329816096
   12           0.000351523825
   13           0.000428635304
   14           0.000431646310
   15           0.000431646310
   16           0.000443720209
   17           0.000443720209
   18           0.000458409187
   19           0.000904267844
   20           0.000904267844
   21           0.000920980292
   22           0.001044057370
   23           0.001072952634
   24           0.001113286444
   25           0.001113286444
   26           0.001251254187
   27           0.001251254187
   28           0.001472650094
   29           0.001520970421
   30           0.001520970421
   31           0.001524437533
   32           0.001524437533
   33           0.001742636100
   34           0.001742636104
   35           0.001860776278
   36           0.002115032136
   37           0.002250786382
   38           0.003036255973
   39           0.003036255973
   40           0.003829421726
   41           0.003829421726
   42           0.004054626416
   43           0.004433510637
   44           0.005082580869
   45           0.005410807364
   46           0.008604958595
   47           0.008604958595
   48           0.010880242195
   49           0.011024460231
   50           0.011024460231
   51           0.012308238649
   52           0.015138168205
   53           0.016674554133
   54           0.050547808602
   55           0.052513847297
   56           0.190564019088
   57           0.196751660117
   58           0.853323274751
   59           0.859004178333
   60           2.939593096165
   61           2.943842604118
   62          10.800856944595
   63          10.804952249472
   64     1000000.000000000000
   65     1000000.000000000000
   66     1000000.000000000000
   67     1000000.000000000000
   68     1000000.000000000000
 
  end of eigenvalues 
 
  Occupied Eigenvectors for: E-
 --------------------------- 
 
                          -4.7323        -4.7323        -0.3093        -0.3092   
 
    1     BE     S      -0.421634      -0.421634      -0.077464       0.077512
    2     BE     S      -0.315680      -0.315683      -0.131257       0.131361
    3     BE    Px      -0.000003      -0.000001       0.000010      -0.000010
    4     BE    Py       0.000000      -0.000000      -0.000000       0.000000
    5     BE    Pz       0.000000      -0.000000      -0.000000       0.000000
    6     BE     S       0.003466       0.003455       0.412865      -0.412935
    7     BE    Px       0.000014       0.000002       0.000034       0.000155
    8     BE    Py      -0.000000      -0.000000       0.000000       0.000000
    9     BE    Pz      -0.000000       0.000000       0.000000      -0.000000
   10     BE     S      -0.001074      -0.000992       0.353210      -0.354618
   11     BE    Px      -0.000039       0.000001      -0.000107      -0.000511
   12     BE    Py       0.000000      -0.000000      -0.000000       0.000000
   13     BE    Pz       0.000000      -0.000000      -0.000000       0.000000
   14     BE     S       0.000368       0.000285       0.016050      -0.014979
   15     BE    Px       0.000063      -0.000011       0.000256       0.000915
   16     BE    Py      -0.000000       0.000000       0.000000       0.000000
   17     BE    Pz      -0.000000       0.000000       0.000000      -0.000000
   18     BE   Dxx      -0.000466      -0.000476      -0.001231       0.001311
   19     BE   Dxy      -0.000000       0.000000      -0.000000       0.000000
   20     BE   Dxz      -0.000000       0.000000      -0.000000       0.000000
   21     BE   Dyy      -0.000468      -0.000475      -0.001235       0.001306
   22     BE   Dyz       0.000000       0.000000      -0.000000       0.000000
   23     BE   Dzz      -0.000468      -0.000475      -0.001235       0.001306
   24     BE     S       0.421635      -0.421633      -0.077464      -0.077512
   25     BE     S       0.315681      -0.315683      -0.131257      -0.131361
   26     BE    Px      -0.000003       0.000001      -0.000010      -0.000010
   27     BE    Py      -0.000000      -0.000000      -0.000000       0.000000
   28     BE    Pz      -0.000000      -0.000000      -0.000000      -0.000000
   29     BE     S      -0.003466       0.003455       0.412865       0.412935
   30     BE    Px       0.000014      -0.000002      -0.000034       0.000155
   31     BE    Py       0.000000       0.000000       0.000000      -0.000000
   32     BE    Pz       0.000000       0.000000       0.000000       0.000000
   33     BE     S       0.001074      -0.000992       0.353210       0.354618
   34     BE    Px      -0.000039      -0.000001       0.000107      -0.000511
   35     BE    Py      -0.000000      -0.000000      -0.000000       0.000000
   36     BE    Pz      -0.000000      -0.000000      -0.000000      -0.000000
   37     BE     S      -0.000368       0.000285       0.016050       0.014979
   38     BE    Px       0.000063       0.000011      -0.000256       0.000915
   39     BE    Py       0.000000       0.000000       0.000000      -0.000000
   40     BE    Pz      -0.000000       0.000000      -0.000000       0.000000
   41     BE   Dxx       0.000466      -0.000476      -0.001231      -0.001311
   42     BE   Dxy      -0.000000       0.000000      -0.000000      -0.000000
   43     BE   Dxz      -0.000000      -0.000000      -0.000000       0.000000
   44     BE   Dyy       0.000468      -0.000475      -0.001235      -0.001306
   45     BE   Dyz      -0.000000       0.000000       0.000000       0.000000
   46     BE   Dzz       0.000468      -0.000475      -0.001235      -0.001306
 
 
  Occupied Eigenvectors for: POSITRON
 --------------------------- 
 
                          -0.0056   
 
    1     E+     S       0.038275
    2     E+     S       0.156239
    3     E+     S      -0.087854
    4     E+     S      -0.120082
    5     E+     S      -0.280358
    6     E+     S      -0.173148
    7     E+     S      -0.127615
    8     E+     S       0.099978
    9     E+     S       0.006007
   10     E+     S       0.000022
   11     E+    Px       0.010473
   12     E+    Py      -0.000000
   13     E+    Pz       0.000000
   14     E+    Px      -0.420199
   15     E+    Py      -0.000000
   16     E+    Pz      -0.000000
   17     E+    Px       0.025328
   18     E+    Py       0.000000
   19     E+    Pz       0.000000
   20     E+    Px      -0.021997
   21     E+    Py      -0.000000
   22     E+    Pz      -0.000000
   23     E+   Dxx      -0.004413
   24     E+   Dxy      -0.000000
   25     E+   Dxz       0.000000
   26     E+   Dyy      -0.005600
   27     E+   Dyz       0.000000
   28     E+   Dzz      -0.005600
   29     E+   Dxx      -0.120026
   30     E+   Dxy      -0.000000
   31     E+   Dxz      -0.000000
   32     E+   Dyy      -0.020017
   33     E+   Dyz      -0.000000
   34     E+   Dzz      -0.020017
   35     E+     S       0.038275
   36     E+     S       0.156239
   37     E+     S      -0.087854
   38     E+     S      -0.120082
   39     E+     S      -0.280358
   40     E+     S      -0.173148
   41     E+     S      -0.127615
   42     E+     S       0.099978
   43     E+     S       0.006007
   44     E+     S       0.000022
   45     E+    Px      -0.010473
   46     E+    Py       0.000000
   47     E+    Pz      -0.000000
   48     E+    Px       0.420199
   49     E+    Py       0.000000
   50     E+    Pz       0.000000
   51     E+    Px      -0.025328
   52     E+    Py      -0.000000
   53     E+    Pz      -0.000000
   54     E+    Px       0.021997
   55     E+    Py       0.000000
   56     E+    Pz       0.000000
   57     E+   Dxx      -0.004413
   58     E+   Dxy      -0.000000
   59     E+   Dxz       0.000000
   60     E+   Dyy      -0.005600
   61     E+   Dyz      -0.000000
   62     E+   Dzz      -0.005600
   63     E+   Dxx      -0.120026
   64     E+   Dxy      -0.000000
   65     E+   Dxz      -0.000000
   66     E+   Dyy      -0.020017
   67     E+   Dyz       0.000000
   68     E+   Dzz      -0.020017
 
 
  end of eigenvectors 
 
  END OF EIGENVALUES AND EIGENVECTORS
 
 
  COMPONENTS OF KINETIC ENERGY: 
 -----------------------------
 
                  E- Kinetic energy =           29.142636765518
            POSITRON Kinetic energy =            0.015669036829
                                     _________________________
               Total kinetic energy =           29.158305802348
 
  COMPONENTS OF POTENTIAL ENERGY: 
 -------------------------------
 
          Fixed potential energy    =            1.000000000000
 
  Quantum/Fixed interaction energy: 
 ----------------------------------
 
          E-/Fixed interact. energy =          -69.264011918334
    POSITRON/Fixed interact. energy =            0.879867529485
                                     _________________________
               Total Q/Fixed energy =          -68.384144388849
 
  Coulomb energy: 
 ------------------
 
               E-/E- Hartree energy =           15.310596892201
   POSITRON/POSITRON Hartree energy =            0.000000000000
         E-/POSITRON Hartree energy =           -0.869027630393
                                     _________________________
               Total Hartree energy =           14.441569261808
 
  Exchange(HF) energy: 
 ----------------------
 
                 E- Exchange energy =           -5.333113852019
           POSITRON Exchange energy =            0.000000000000
                                     _________________________
              Total Exchange energy =           -5.333113852019
 
  External Potential energy: 
 ----------------------------
 
                  E- Ext Pot energy =            0.000000000000
            POSITRON Ext Pot energy =           -0.032099161483
                                     _________________________
    Total External Potential energy =           -0.032099161483
 
  TOTAL ENERGY COMPONENTS: 
 ==========================
 
          TOTAL KINETIC ENERGY      =           29.158305802348
          TOTAL POTENTIAL ENERGY    =          -58.307788140543
                                     _________________________
                       TOTAL ENERGY =          -29.149482338196
 
                 VIRIAL RATIO (V/T) =            1.999697394485
 
 
  END ENERGY COMPONENTS
 
 
** TOTAL CPU Time SCF :      1.110 (s)
** TOTAL Elapsed Time SCF :      0.374 (s)
 
 We are calculating properties for E- in the HF/KS ground state
 We are calculating properties for POSITRON in the HF/KS ground state
 
  POPULATION ANALYSES: 
 ====================
 
 MULLIKEN Population: for E-        
 ---------------------
 
                                    
 
    1     BE     S       1.166391
    2     BE     S       0.823584
    3     BE    Px      -0.000000
    4     BE    Py       0.000000
    5     BE    Pz      -0.000000
    6     BE     S       1.043568
    7     BE    Px       0.000000
    8     BE    Py       0.000000
    9     BE    Pz       0.000000
   10     BE     S       0.942841
   11     BE    Px      -0.000002
   12     BE    Py       0.000000
   13     BE    Pz       0.000000
   14     BE     S       0.030869
   15     BE    Px       0.000072
   16     BE    Py       0.000000
   17     BE    Pz       0.000000
   18     BE   Dxx      -0.002442
   19     BE   Dxy       0.000000
   20     BE   Dxz       0.000000
   21     BE   Dyy      -0.002441
   22     BE   Dyz       0.000000
   23     BE   Dzz      -0.002441
   24     BE     S       1.166391
   25     BE     S       0.823584
   26     BE    Px      -0.000000
   27     BE    Py       0.000000
   28     BE    Pz       0.000000
   29     BE     S       1.043568
   30     BE    Px       0.000000
   31     BE    Py       0.000000
   32     BE    Pz      -0.000000
   33     BE     S       0.942841
   34     BE    Px      -0.000002
   35     BE    Py      -0.000000
   36     BE    Pz       0.000000
   37     BE     S       0.030869
   38     BE    Px       0.000072
   39     BE    Py       0.000000
   40     BE    Pz       0.000000
   41     BE   Dxx      -0.002442
   42     BE   Dxy       0.000000
   43     BE   Dxz       0.000000
   44     BE   Dyy      -0.002441
   45     BE   Dyz       0.000000
   46     BE   Dzz      -0.002441
 
                           __________
              Total =        8.000000
 
  Atomic MULLIKEN Population: for E-        
            BE               4.000000
            BE               4.000000
 
 ...end of MULLIKEN Population
 
 
 END POPULATION ANALYSES 
 
 
  POPULATION ANALYSES: 
 ====================
 
 LOWDIN Population: for E-        
 ---------------------
 
                                    
 
    1     BE     S       1.101747
    2     BE     S       0.875939
    3     BE    Px       0.000000
    4     BE    Py      -0.000000
    5     BE    Pz       0.000000
    6     BE     S       0.590979
    7     BE    Px       0.000000
    8     BE    Py       0.000000
    9     BE    Pz      -0.000000
   10     BE     S       0.551808
   11     BE    Px       0.000001
   12     BE    Py       0.000000
   13     BE    Pz       0.000000
   14     BE     S       0.205153
   15     BE    Px       0.000137
   16     BE    Py      -0.000000
   17     BE    Pz      -0.000000
   18     BE   Dxx       0.224777
   19     BE   Dxy       0.000000
   20     BE   Dxz       0.000000
   21     BE   Dyy       0.224729
   22     BE   Dyz      -0.000000
   23     BE   Dzz       0.224729
   24     BE     S       1.101747
   25     BE     S       0.875939
   26     BE    Px       0.000000
   27     BE    Py       0.000000
   28     BE    Pz      -0.000000
   29     BE     S       0.590979
   30     BE    Px       0.000000
   31     BE    Py       0.000000
   32     BE    Pz      -0.000000
   33     BE     S       0.551808
   34     BE    Px       0.000001
   35     BE    Py       0.000000
   36     BE    Pz       0.000000
   37     BE     S       0.205153
   38     BE    Px       0.000137
   39     BE    Py       0.000000
   40     BE    Pz       0.000000
   41     BE   Dxx       0.224777
   42     BE   Dxy       0.000000
   43     BE   Dxz       0.000000
   44     BE   Dyy       0.224729
   45     BE   Dyz       0.000000
   46     BE   Dzz       0.224729
 
                           __________
              Total =        8.000000
 
  Atomic LOWDIN Population: for E-        
            BE               4.000000
            BE               4.000000
 
 ...end of LOWDIN Population
 
 
 END POPULATION ANALYSES 
 
 
  POPULATION ANALYSES: 
 ====================
 
 MULLIKEN Population: for POSITRON  
 ---------------------
 
                                    
 
    1     E+     S      -0.006454
    2     E+     S      -0.053508
    3     E+     S       0.052396
    4     E+     S       0.096681
    5     E+     S       0.224914
    6     E+     S       0.108332
    7     E+     S       0.049830
    8     E+     S      -0.017551
    9     E+     S      -0.000333
   10     E+     S      -0.000000
   11     E+    Px      -0.000270
   12     E+    Py      -0.000000
   13     E+    Pz      -0.000000
   14     E+    Px       0.035239
   15     E+    Py      -0.000000
   16     E+    Pz       0.000000
   17     E+    Px      -0.005377
   18     E+    Py       0.000000
   19     E+    Pz      -0.000000
   20     E+    Px       0.007648
   21     E+    Py      -0.000000
   22     E+    Pz      -0.000000
   23     E+   Dxx       0.000049
   24     E+   Dxy       0.000000
   25     E+   Dxz       0.000000
   26     E+   Dyy       0.000037
   27     E+   Dyz       0.000000
   28     E+   Dzz       0.000037
   29     E+   Dxx       0.006954
   30     E+   Dxy       0.000000
   31     E+   Dxz      -0.000000
   32     E+   Dyy       0.000687
   33     E+   Dyz      -0.000000
   34     E+   Dzz       0.000687
   35     E+     S      -0.006454
   36     E+     S      -0.053508
   37     E+     S       0.052396
   38     E+     S       0.096681
   39     E+     S       0.224914
   40     E+     S       0.108332
   41     E+     S       0.049830
   42     E+     S      -0.017551
   43     E+     S      -0.000333
   44     E+     S      -0.000000
   45     E+    Px      -0.000270
   46     E+    Py       0.000000
   47     E+    Pz      -0.000000
   48     E+    Px       0.035239
   49     E+    Py      -0.000000
   50     E+    Pz       0.000000
   51     E+    Px      -0.005377
   52     E+    Py      -0.000000
   53     E+    Pz      -0.000000
   54     E+    Px       0.007648
   55     E+    Py      -0.000000
   56     E+    Pz       0.000000
   57     E+   Dxx       0.000049
   58     E+   Dxy       0.000000
   59     E+   Dxz       0.000000
   60     E+   Dyy       0.000037
   61     E+   Dyz      -0.000000
   62     E+   Dzz       0.000037
   63     E+   Dxx       0.006954
   64     E+   Dxy       0.000000
   65     E+   Dxz      -0.000000
   66     E+   Dyy       0.000687
   67     E+   Dyz       0.000000
   68     E+   Dzz       0.000687
 
                           __________
              Total =        1.000000
 
  Atomic MULLIKEN Population: for POSITRON  
            BE               0.500000
            BE               0.500000
 
 ...end of MULLIKEN Population
 
 
 END POPULATION ANALYSES 
 
 
  POPULATION ANALYSES: 
 ====================
 
 LOWDIN Population: for POSITRON  
 ---------------------
 
                                    
 
    1     E+     S       0.001158
    2     E+     S       0.006505
    3     E+     S       0.038943
    4     E+     S       0.118005
    5     E+     S       0.168604
    6     E+     S       0.109908
    7     E+     S       0.032764
    8     E+     S       0.000525
    9     E+     S       0.000181
   10     E+     S       0.000022
   11     E+    Px       0.000032
   12     E+    Py      -0.000000
   13     E+    Pz       0.000000
   14     E+    Px       0.000534
   15     E+    Py       0.000000
   16     E+    Pz       0.000000
   17     E+    Px       0.004321
   18     E+    Py       0.000000
   19     E+    Pz       0.000000
   20     E+    Px       0.018356
   21     E+    Py       0.000000
   22     E+    Pz      -0.000000
   23     E+   Dxx       0.000001
   24     E+   Dxy      -0.000000
   25     E+   Dxz       0.000000
   26     E+   Dyy       0.000002
   27     E+   Dyz      -0.000000
   28     E+   Dzz       0.000002
   29     E+   Dxx       0.000049
   30     E+   Dxy       0.000000
   31     E+   Dxz       0.000000
   32     E+   Dyy       0.000044
   33     E+   Dyz       0.000000
   34     E+   Dzz       0.000044
   35     E+     S       0.001158
   36     E+     S       0.006505
   37     E+     S       0.038943
   38     E+     S       0.118005
   39     E+     S       0.168604
   40     E+     S       0.109908
   41     E+     S       0.032764
   42     E+     S       0.000525
   43     E+     S       0.000181
   44     E+     S       0.000022
   45     E+    Px       0.000032
   46     E+    Py      -0.000000
   47     E+    Pz       0.000000
   48     E+    Px       0.000534
   49     E+    Py       0.000000
   50     E+    Pz       0.000000
   51     E+    Px       0.004321
   52     E+    Py       0.000000
   53     E+    Pz      -0.000000
   54     E+    Px       0.018356
   55     E+    Py       0.000000
   56     E+    Pz       0.000000
   57     E+   Dxx       0.000001
   58     E+   Dxy      -0.000000
   59     E+   Dxz       0.000000
   60     E+   Dyy       0.000002
   61     E+   Dyz       0.000000
   62     E+   Dzz       0.000002
   63     E+   Dxx       0.000049
   64     E+   Dxy       0.000000
   65     E+   Dxz       0.000000
   66     E+   Dyy       0.000044
   67     E+   Dyz       0.000000
   68     E+   Dzz       0.000044
 
                           __________
              Total =        1.000000
 
  Atomic LOWDIN Population: for POSITRON  
            BE               0.500000
            BE               0.500000
 
 ...end of LOWDIN Population
 
 
 END POPULATION ANALYSES 
 
 
  EXPECTED POSITIONS OF QUANTUM SPECIES:
 ======================
 
 POSITIONS IN ANGSTROMS
 ------
 
                        <x>      <y>      <z>         
                 E-  33.8673  -0.0000  -0.0000
           POSITRON   4.2334  -0.0000  -0.0000
 
 END EXPECTED POSITIONS
 
 
  ELECTROSTATIC MOMENTS:
 ======================
 
 
 DIPOLE: (A.U.)
 ------
 
                           <Dx>         <Dy>         <Dz>          |D|
                 E- -64.00000000   0.00000000   0.00000000
           POSITRON   8.00000000  -0.00000000  -0.00000000
    Point charges:   64.00000000   0.00000000   0.00000000
                     ____________________________
      Total Dipole:   8.00000000  -0.00000000  -0.00000000   8.00000000
 
 DIPOLE: (DEBYE)
 ------
 
                           <Dx>         <Dy>         <Dz>          |D|
                 E--162.67175293   0.00000000   0.00000000
           POSITRON  20.33396912  -0.00000000  -0.00000000
    Point charges:  162.67175293   0.00000000   0.00000000
                     ____________________________
      Total Dipole:  20.33396912  -0.00000000  -0.00000000  20.33396912
 
 QUADRUPOLE NON-TRACELESS: (DEBYE ANGS)
 ------
 
                           <xx>         <yy>         <zz>         <xy>         <xz>         <yz>
                 E--1393.04818088  -15.54137305  -15.54137305   -0.00000000    0.00000000   -0.00000000
           POSITRON  389.60240016   48.32463467   48.32463467   -0.00000000   -0.00000000   -0.00000000
    Point charges:  1377.31489479    0.00000000    0.00000000    0.00000000    0.00000000    0.00000000
  Total Quadrupole:  373.86911407   32.78326162   32.78326162   -0.00000000   -0.00000000   -0.00000000
                     ____________________________
 
 END ELECTROSTATIC MOMENTS
 

  TOTAL CPU Time:      0.259 (s)
 TOTAL Wall Time:      0.423 (s)
  Elapsed Time:   0h  0m  0s 424ms
LOWDIN execution terminated normally at : Tue Nov 26 15:30:59 2024
-rw-rw-r-- 1 pohl pohl 704K nov 26 15:30 0E-.ints
-rw-rw-r-- 1 pohl pohl 3.5M nov 26 15:30 0E-.POSITRON.ints
-rw-rw-r-- 1 pohl pohl 2.1M nov 26 15:30 0POSITRON.ints
-rw-rw-r-- 1 pohl pohl 704K nov 26 15:30 1E-.ints
-rw-rw-r-- 1 pohl pohl 3.5M nov 26 15:30 1E-.POSITRON.ints
-rw-rw-r-- 1 pohl pohl 2.1M nov 26 15:30 1POSITRON.ints
-rw-rw-r-- 1 pohl pohl 704K nov 26 15:30 2E-.ints
-rw-rw-r-- 1 pohl pohl 3.5M nov 26 15:30 2E-.POSITRON.ints
-rw-rw-r-- 1 pohl pohl 2.1M nov 26 15:30 2POSITRON.ints
-rw-rw-r-- 1 pohl pohl 704K nov 26 15:30 3E-.ints
-rw-rw-r-- 1 pohl pohl 3.5M nov 26 15:30 3E-.POSITRON.ints
-rw-rw-r-- 1 pohl pohl 2.1M nov 26 15:30 3POSITRON.ints
-rw-rw-r-- 1 pohl pohl   12 nov 26 15:30 E-.POSITRON.nints
-rw-rw-r-- 1 pohl pohl   64 nov 26 15:30 gepol.inp
-rw-rw-r-- 1 pohl pohl   91 nov 26 15:30 gepol.xyzr
-rw-rw-r-- 1 pohl pohl 9.5K nov 26 15:30 lowdin.bas
-rw-rw-r-- 1 pohl pohl  16K nov 26 15:30 lowdin.dat
-rw-rw-r-- 1 pohl pohl 691K nov 26 15:30 lowdin.opints
-rw-rw-r-- 1 pohl pohl  26K nov 26 15:30 lowdin.sys
-rw-rw-r-- 1 pohl pohl 689K nov 26 15:30 lowdin.wfn
-rw-rw-r-- 1 pohl pohl  498 nov 26 15:30 usual_71
-rw-rw-r-- 1 pohl pohl 1.8K nov 26 15:30 usual_71.aux
-rw-rw-r-- 1 pohl pohl  503 nov 26 15:30 usual_71.lowdin
-rw-rw-r-- 1 pohl pohl  47K nov 26 15:30 usual_71.out
-rw-rw-r-- 1 pohl pohl  54K nov 26 15:30 usual_71.vec
