Begin job by input: usual_67.lowdin, for user:   at  mar 26 nov 2024 15:30:56 -05
under operating system Linux helios 5.19.0-46-generic #47-Ubuntu SMP PREEMPT_DYNAMIC Fri Jun 16 13:30:11 UTC 2023 x86_64 x86_64 x86_64 GNU/Linux
Compilation information
  commit: f31d3924f6ee2ce9d77f07edcc1ba27359319d14
  compilation date:  mar 17 sep 2024 16:16:17 -05

BEGIN INPUT INFO:
------------------------------------

GEOMETRY
	Be	Dirac	0.0 0.0 0.0
	e-(Be)	6-311++G.d.p 0.0 0.0 0.0
	E+	GRIBAKIN-10S4P2D 0.0 0.0 0.0
	Be	Dirac	15.2 0.0 0.0
	e-(Be)	6-311++G.d.p	15.2 0.0 0.0
	E+	GRIBAKIN-10S4P2D 15.2 0.0 0.0 addParticles=-1 
END GEOMETRY

TASKS
        method = "RHF"
END TASKS

EXTERPOTENTIAL
	E- GRIBAKIN0
	E+ JOR67
END EXTERPOTENTIAL

CONTROL
	units="BOHRS"
	readCoefficients=F
	convergenceMethod=1
	overlapEigenThreshold=1E-6
	SCFGhostSpecies="POSITRON"
	HFprintEigenvalues=T
	totalEnergyTolerance = 1E-9
END CONTROL


... END INPUT INFO


 LOWDIN execution started at : Tue Nov 26 15:30:56 2024
 ---------------------------------------------------------------
 
 ***************************************************************
 *                   LOWDIN 2.0  (May/2013)                    *
 *                                                             *
 *  R. FLORES-MORENO, E. F. POSADA, F. S. MONCADA, J.ROMERO,   *
 *  J. CHARRY, M. DIAZ-TINOCO, S. A. GONZALEZ, N. F. AGUIRRE,  *
 *  A. REYES                                                   *
 *                                                             *
 *  https://sites.google.com/site/lowdinproject/               *
 *                                                             *
 ***************************************************************
 
 PARSING INPUT... DONE!
 
 LOWDIN IS RUNNING WITH NEXT PARAMETERS: 
 ----------------------------------------
 
         METHOD TYPE:  RHF
         NUMBER OF CORES:     4
         NONELECTRONIC DENSITY GUESS: HCORE
         ELECTRONIC DENSITY GUESS: HCORE
         CRITERIUM OF CONVERGENCE: ENERGY
         NONELECTRONIC ENERGY TOLERANCE IN SCFs:     0.10000E-07
         ELECTRONIC ENERGY TOLERANCE IN SCFs:     0.10000E-07
         TOTAL ENERGY TOLERANCE IN SCFs:     0.10000E-08
         SCHEME OF ITERATION: GLOBAL ITERATIONS
         SCF MAX. SUBITERATIONS - NONELECTRONS :     1
         SCF MAX. SUBITERATIONS - ELECTRONS :     1
         SCF MAX. ITERATIONS - INTERSPECIES :   200
         INTEGRAL STORAGE: DISK
         STACK SIZE FOR ERIS : 30000
         METHOD OF SCF CONVERGENCE: DAMPING
 
  MOLECULAR SYSTEM: usual_67
 -----------------
 
    DESCRIPTION   : usual_67
    CHARGE        :   2
    PUNTUAL GROUP : NONE
 
 
  INFORMATION OF PARTICLES :
 =========================
         Total number of particles   =      11
         Number of quantum particles =       9
         Number of puntual charges   =       2
         Number of quantum species   =       2
 
                 INFORMATION OF QUANTUM SPECIES 
    ----------------------------------------------------------------------
         ID      Symbol            mass     charge      omega     spin     multiplicity
    ----------------------------------------------------------------------
         1             E-         1.0000     -1.00      0.00      0.50      1.00
         2             E+         1.0000      1.00      0.00      0.50      1.00
 
                   CONSTANTS OF COUPLING 
      ------------------------------------------------------------
              Symbol      kappa        eta     lambda occupation
      ------------------------------------------------------------
                  E-      -1.00       2.00       2.00       4.00
                  E+      -1.00       1.00       1.00       1.00
 
                   BASIS SET FOR SPECIES 
      ------------------------------------------------------------
           Symbol          N. Basis     N. Particles     Basis Set
      ------------------------------------------------------------
                 E-           20                8     6-311++G.D
                 E+           32                1     GRIBAKIN-1
 
                                ATOMIC BASIS
         ------------------------------------------------------------
          PRIMITIVE   SHELL             EXPONENT         COEFFICIENT 
         ------------------------------------------------------------
 
    BEGIN DESCRIPTION OF BASIS FOR:    E-
    ==============================
 
 
            BE BASIS SET:   6-311++G.D.P
             1         S             1682.80000000          0.00228574
             2         S              251.71500000          0.01759380
             3         S               57.41160000          0.08633150
             4         S               16.51710000          0.28183500
             5         S                4.85364000          0.64059400
             6         S                0.62686300          0.14446700
             1         S                8.30938000          0.10862100
             2         S                1.74075000          0.92730100
             3         S                0.48581600         -0.00297169
             1         P                8.30938000          0.03613440
             2         P                1.74075000          0.21695800
             3         P                0.48581600          0.84183900
             1         S                0.16361300          1.00000000
             1         P                0.16361300          1.00000000
             1         S                0.05672850          1.00000000
             1         P                0.05672850          1.00000000
             1         S                0.02070000          1.00000000
             1         P                0.02070000          1.00000000
             1         D                0.25500000          1.00000000
 
            BE BASIS SET:   6-311++G.D.P
             1         S             1682.80000000          0.00228574
             2         S              251.71500000          0.01759380
             3         S               57.41160000          0.08633150
             4         S               16.51710000          0.28183500
             5         S                4.85364000          0.64059400
             6         S                0.62686300          0.14446700
             1         S                8.30938000          0.10862100
             2         S                1.74075000          0.92730100
             3         S                0.48581600         -0.00297169
             1         P                8.30938000          0.03613440
             2         P                1.74075000          0.21695800
             3         P                0.48581600          0.84183900
             1         S                0.16361300          1.00000000
             1         P                0.16361300          1.00000000
             1         S                0.05672850          1.00000000
             1         P                0.05672850          1.00000000
             1         S                0.02070000          1.00000000
             1         P                0.02070000          1.00000000
             1         D                0.25500000          1.00000000
    ... END DESCRIPTION OF BASIS
 
 
    BEGIN DESCRIPTION OF BASIS FOR:    E+
    ==============================
 
 
            E+ BASIS SET:GRIBAKIN-10S4P2
             1         S                0.00010000          1.00000000
             1         S                0.00030000          1.00000000
             1         S                0.00090000          1.00000000
             1         S                0.00270000          1.00000000
             1         S                0.00810000          1.00000000
             1         S                0.02430000          1.00000000
             1         S                0.07290000          1.00000000
             1         S                0.21870000          1.00000000
             1         S                0.65610000          1.00000000
             1         S                1.96830000          1.00000000
             1         P                0.00010000          1.00000000
             1         P                0.00030000          1.00000000
             1         P                0.00090000          1.00000000
             1         P                0.00270000          1.00000000
             1         D                0.00010000          1.00000000
             1         D                0.00030000          1.00000000
 
            E+ BASIS SET:GRIBAKIN-10S4P2
             1         S                0.00010000          1.00000000
             1         S                0.00030000          1.00000000
             1         S                0.00090000          1.00000000
             1         S                0.00270000          1.00000000
             1         S                0.00810000          1.00000000
             1         S                0.02430000          1.00000000
             1         S                0.07290000          1.00000000
             1         S                0.21870000          1.00000000
             1         S                0.65610000          1.00000000
             1         S                1.96830000          1.00000000
             1         P                0.00010000          1.00000000
             1         P                0.00030000          1.00000000
             1         P                0.00090000          1.00000000
             1         P                0.00270000          1.00000000
             1         D                0.00010000          1.00000000
             1         D                0.00030000          1.00000000
    ... END DESCRIPTION OF BASIS
 
 
  END INFORMATION OF PARTICLES
 
 
  INFORMATION OF THE QUANTUM SYSTEM 
     ---------------------------------------------------------------------
                 ID     Occupied Orbitals     Basis size
     ---------------------------------------------------------------------
                 E-            4               46
                 E+            1               68
 
  END INFORMATION OF QUANTUM SYSTEM
 
 
  INFORMATION OF EXTERNAL POTENTIALS 
 
 =======
 External Potential for E- : GRIBAKIN0
 Type : 
                     Exponent         l       R_x       R_y       R_z              Factor
                 0.0010000000         0   0.00000   0.00000   0.00000        0.0000000000
 
 =======
 External Potential for E+ : JOR67
 Type : 
                     Exponent         l       R_x       R_y       R_z              Factor
                 0.0010000000         0   0.00000   0.00000   0.00000       -0.0004852612
                 0.0020000000         0   0.00000   0.00000   0.00000        0.0024441783
                 0.0040000000         0   0.00000   0.00000   0.00000       -0.0075448874
                 0.0080000000         0   0.00000   0.00000   0.00000        0.0157738437
                 0.0160000000         0   0.00000   0.00000   0.00000       -0.0371036225
                 0.0320000000         0   0.00000   0.00000   0.00000        0.0538567205
                 0.0640000000         0   0.00000   0.00000   0.00000       -0.1977562620
                 0.1280000000         0   0.00000   0.00000   0.00000        0.1521150960
                 0.2560000000         0   0.00000   0.00000   0.00000       -2.2309931100
                 0.5120000000         0   0.00000   0.00000   0.00000        7.1544406100
                 1.0000000000         0   0.00000   0.00000   0.00000      -16.4610761000
                 2.0000000000         0   0.00000   0.00000   0.00000      120.0674500000
                 3.0000000000         0   0.00000   0.00000   0.00000    -1010.4441400000
                 4.0000000000         0   0.00000   0.00000   0.00000     5912.5175500000
                 5.0000000000         0   0.00000   0.00000   0.00000   -22883.6471000000
                 6.0000000000         0   0.00000   0.00000   0.00000    58320.2479000000
                 7.0000000000         0   0.00000   0.00000   0.00000   -96733.7399000000
                 8.0000000000         0   0.00000   0.00000   0.00000   100515.5930000000
                 9.0000000000         0   0.00000   0.00000   0.00000   -59492.9273000000
                10.0000000000         0   0.00000   0.00000   0.00000    15337.5181000000
                20.0000000000         0   0.00000   0.00000   0.00000     -108.3194530000
                30.0000000000         0   0.00000   0.00000   0.00000       58.7242217000
                40.0000000000         0   0.00000   0.00000   0.00000      -33.9818623000
                50.0000000000         0   0.00000   0.00000   0.00000       10.1503518000
               100.0000000000         0   0.00000   0.00000   0.00000       -0.2039701810
                 0.0010000000         0  15.20000   0.00000   0.00000       -0.0004852612
                 0.0020000000         0  15.20000   0.00000   0.00000        0.0024441783
                 0.0040000000         0  15.20000   0.00000   0.00000       -0.0075448874
                 0.0080000000         0  15.20000   0.00000   0.00000        0.0157738437
                 0.0160000000         0  15.20000   0.00000   0.00000       -0.0371036225
                 0.0320000000         0  15.20000   0.00000   0.00000        0.0538567205
                 0.0640000000         0  15.20000   0.00000   0.00000       -0.1977562620
                 0.1280000000         0  15.20000   0.00000   0.00000        0.1521150960
                 0.2560000000         0  15.20000   0.00000   0.00000       -2.2309931100
                 0.5120000000         0  15.20000   0.00000   0.00000        7.1544406100
                 1.0000000000         0  15.20000   0.00000   0.00000      -16.4610761000
                 2.0000000000         0  15.20000   0.00000   0.00000      120.0674500000
                 3.0000000000         0  15.20000   0.00000   0.00000    -1010.4441400000
                 4.0000000000         0  15.20000   0.00000   0.00000     5912.5175500000
                 5.0000000000         0  15.20000   0.00000   0.00000   -22883.6471000000
                 6.0000000000         0  15.20000   0.00000   0.00000    58320.2479000000
                 7.0000000000         0  15.20000   0.00000   0.00000   -96733.7399000000
                 8.0000000000         0  15.20000   0.00000   0.00000   100515.5930000000
                 9.0000000000         0  15.20000   0.00000   0.00000   -59492.9273000000
                10.0000000000         0  15.20000   0.00000   0.00000    15337.5181000000
                20.0000000000         0  15.20000   0.00000   0.00000     -108.3194530000
                30.0000000000         0  15.20000   0.00000   0.00000       58.7242217000
                40.0000000000         0  15.20000   0.00000   0.00000      -33.9818623000
                50.0000000000         0  15.20000   0.00000   0.00000       10.1503518000
               100.0000000000         0  15.20000   0.00000   0.00000       -0.2039701810
 
  END INFORMATION OF EXTERNAL POTENTIALS
 
                       INITIAL GEOMETRY: AMSTRONG
                 -----------------------------------
                       <x>                 <y>                 <z>
      E-BE        0.0000000000        0.0000000000        0.0000000000
      E-BE        8.0434941884        0.0000000000        0.0000000000
        E+        0.0000000000        0.0000000000        0.0000000000
        E+        8.0434941884        0.0000000000        0.0000000000
        BE        0.0000000000        0.0000000000        0.0000000000
        BE        8.0434941884        0.0000000000        0.0000000000
 
                     MATRIX OF DISTANCE: ANGSTROM
                 -----------------------------------
                          BE(1)          BE(2)     
 
        BE(1)            0.000000       8.043494
        BE(2)            8.043494       0.000000
 
--------------------------------------------------------------------------------
** PROGRAM: SCF (Hartree Fock).     Author: S.A. Gonzalez, E. Posada, F. Moncada
--------------------------------------------------------------------------------
INFO: RUNNING IN RHF MODE.
 
----------------------------------------------------------------------
** PROGRAM INTS                          Author: E. F. Posada, 2013   
----------------------------------------------------------------------
INFO: RUNNING IN ONE_PARTICLE MODE.
 
 Number of Overlap integrals for species E-:   2116
 Number of Overlap integrals for species POSITRON:   4624
 Number of Kinetic integrals for species E-:   2116
 Number of Kinetic integrals for species POSITRON:   4624
 Number of Nuclear integrals for species E-:   2116
 Number of Nuclear integrals for species POSITRON:   4624
 Number of Moment integrals for species E-:   6348
 Number of Moment integrals for species POSITRON:  13872
 Number of 3C Overlap integrals for species E-:   2116
 Number of 3C Overlap integrals for species POSITRON:   4624
 
** TOTAL CPU Time INTS :      0.397 (s)
** TOTAL Elapsed Time INTS :      0.153 (s)
 
Removed     5 orbitals for species POSITRON with overlap eigen threshold of 1.000E-06
       Usign  HCORE density guess for species:         E-
     number of         E-     particles in guess density matrix:     8.000000
       Usign  HCORE density guess for species:   POSITRON
     number of   POSITRON     particles in guess density matrix:     0.000000
 Warning!, density matrix with deviation from number of particles    1.000000
 Number of unique integrals for species: 1 = 92171
 Number of unique integrals for species: 2 = 325544
 Number of unique integrals for species: 1 / 2 = 509903 Screened: 1171
 
 TWO-BODY INTEGRAL SETUP: 
------------------------- 
 Storage:   DISK
 Scheme: LIBINT
 Stack size:  30000
 
 LIBINT library, Fermann, J. T.; Valeev, F. L. 2010                   
 LOWDIN-LIBINT Implementation V. 2.1  Posada E. F. ; Reyes A. 2016   
 ----------------------------------------------------------------------

*** TOTAL CPU time intra-species integrals :      0.436 (s)
*** TOTAL elapsed time intra-species integrals :      0.067 (s)


*** TOTAL CPU time inter-species integrals :      0.606 (s)
*** TOTAL elapsed time inter-species integrals :      0.101 (s)

INFO: RUNNING SCHEME SIMULTANEOUS
 
 Begin Multi-Species SCF calculation:
 
 --------------------------------------------------------------------------------------------------
      Iteration                   Energy            Energy Change           Density Change
 --------------------------------------------------------------------------------------------------
              1         -27.371070647938          27.371070647938           0.634916944669
              2         -29.106623618379           1.735552970441           0.056057625387
              3         -29.142633360991           0.036009742612           0.232765490498
              4         -29.149191270322           0.006557909331           0.067051585018
              5         -29.149718796452           0.000527526130           0.001415663328
              6         -29.149781102453           0.000062306001           0.000346787297
              7         -29.149797499421           0.000016396968           0.000119580253
              8         -29.149802694356           0.000005194935           0.000050312788
              9         -29.149804494303           0.000001799946           0.000022383903
             10         -29.149805142030           0.000000647728           0.000009918421
             11         -29.149805378918           0.000000236888           0.000004306847
             12         -29.149805466218           0.000000087300           0.000001829963
             13         -29.149805498526           0.000000032308           0.000000762545
             14         -29.149805510514           0.000000011988           0.000000312479
             15         -29.149805514970           0.000000004456           0.000000126357
             16         -29.149805516629           0.000000001659           0.000000050534
             17         -29.149805517247           0.000000000618           0.000000019929
 Total energy converged after  17 global iterations                                                  
 
 ...end Multi-Species SCF calculation
 
 
 Begin SCF calculation by: E-
 -------------------------
 
 -----------------------------------------------------------------------------------
 Iteration                   Energy           Density Change         DIIS Error 
 -----------------------------------------------------------------------------------
    1         -30.166642077232           0.013095393758                 -- 
    2         -30.195243070930           0.003172247323                 -- 
    3         -30.197527063758           0.000986376362                 -- 
    4         -30.197119423976           0.000322042111                 -- 
    5         -30.196772933202           0.000106516172                 -- 
    6         -30.196617309191           0.000035608914                 -- 
    7         -30.196557274712           0.000012039689                 -- 
    8         -30.196535476457           0.000004115885                 -- 
    9         -30.196527786596           0.000001421356                 -- 
   10         -30.196525114105           0.000000495290                 -- 
   11         -30.196524192722           0.000000173972                 -- 
   12         -30.196523876370           0.000000061540                 -- 
   13         -30.196523767948           0.000000021905                 -- 
   14         -30.196523730800           0.000000007840                 -- 
   15         -30.196523718063           0.000000002819                 -- 
   16         -30.196523713690           0.000000001018                 -- 
 
 ... end SCF calculation
 
 Begin SCF calculation by: POSITRON
 -------------------------
 
 -----------------------------------------------------------------------------------
 Iteration                   Energy           Density Change         DIIS Error 
 -----------------------------------------------------------------------------------
    1          -0.056038364730           0.042962231629                 -- 
    2          -0.043293073738           0.229593243175                 -- 
    3          -0.038410387903           0.066065208656                 -- 
    4          -0.038801417367           0.001093621218                 -- 
    5          -0.038933789313           0.000240271125                 -- 
    6          -0.038979873788           0.000083971339                 -- 
    7          -0.038996072835           0.000038273099                 -- 
    8          -0.039001791456           0.000018268018                 -- 
    9          -0.039003816595           0.000008497065                 -- 
   10          -0.039004535988           0.000003811557                 -- 
   11          -0.039004792380           0.000001655991                 -- 
   12          -0.039004884068           0.000000701005                 -- 
   13          -0.039004916970           0.000000290574                 -- 
   14          -0.039004928815           0.000000118517                 -- 
   15          -0.039004933094           0.000000047715                 -- 
   16          -0.039004934643           0.000000018911                 -- 
 
 ... end SCF calculation
 
  EIGENVALUES AND EIGENVECTORS: 
 ==============================
 
 
  Eigenvalues for: E-
 -----------------
 
    1          -4.732344667361
    2          -4.732344652225
    3          -0.309368914223
    4          -0.309143461008
    5           0.025054181670
    6           0.026945392921
    7           0.026945392921
    8           0.032557599857
    9           0.032557599857
   10           0.035936130689
   11           0.047200897795
   12           0.066143157679
   13           0.095501323503
   14           0.095501323503
   15           0.102018324215
   16           0.102018324215
   17           0.104962558163
   18           0.109375113560
   19           0.321447968648
   20           0.329502790209
   21           0.344478209607
   22           0.344478209607
   23           0.348261728051
   24           0.348261728051
   25           0.348638262639
   26           0.356357828628
   27           0.692853435038
   28           0.692853435042
   29           0.692853445633
   30           0.692853445637
   31           0.692875462498
   32           0.692875462498
   33           0.692883105244
   34           0.692883105244
   35           0.693128830357
   36           0.693894275595
   37           1.197550581779
   38           1.197550581779
   39           1.200944722826
   40           1.200944722826
   41           1.201034472188
   42           1.206262983420
   43           1.415167491410
   44           1.421014207170
   45          10.066420537502
   46          10.071616100857
 
 
  Eigenvalues for: POSITRON
 -----------------
 
    1          -0.005913384802
    2           0.000047272715
    3           0.000081589373
    4           0.000153166591
    5           0.000209478508
    6           0.000209478508
    7           0.000314701853
    8           0.000320997586
    9           0.000320997586
   10           0.000329889065
   11           0.000329889065
   12           0.000350120005
   13           0.000428785116
   14           0.000431719400
   15           0.000431719400
   16           0.000443830981
   17           0.000443830981
   18           0.000473707548
   19           0.000904673743
   20           0.000904673743
   21           0.000917292232
   22           0.001044243920
   23           0.001092853888
   24           0.001113744924
   25           0.001113744924
   26           0.001251748482
   27           0.001251748482
   28           0.001473655314
   29           0.001521448531
   30           0.001521448531
   31           0.001524963131
   32           0.001524963131
   33           0.001743553786
   34           0.001743553789
   35           0.001859494346
   36           0.002105577396
   37           0.002276780300
   38           0.003041205803
   39           0.003041205803
   40           0.003836286632
   41           0.003836286633
   42           0.004055292670
   43           0.004445208088
   44           0.005052590811
   45           0.005448965003
   46           0.008604687563
   47           0.008604687563
   48           0.010925148772
   49           0.011080727678
   50           0.011080727678
   51           0.012338230071
   52           0.015035094100
   53           0.016765428747
   54           0.050325933239
   55           0.052745294574
   56           0.189273780262
   57           0.198106231227
   58           0.852915055301
   59           0.859545538370
   60           2.939182446592
   61           2.944352312169
   62          10.800361780320
   63          10.805555576138
   64     1000000.000000000000
   65     1000000.000000000000
   66     1000000.000000000000
   67     1000000.000000000000
   68     1000000.000000000000
 
  end of eigenvalues 
 
  Occupied Eigenvectors for: E-
 --------------------------- 
 
                          -4.7323        -4.7323        -0.3094        -0.3091   
 
    1     BE     S      -0.421634       0.421634       0.077447       0.077529
    2     BE     S      -0.315681       0.315683       0.131231       0.131389
    3     BE    Px      -0.000003       0.000002      -0.000032       0.000008
    4     BE    Py      -0.000000      -0.000000      -0.000000       0.000000
    5     BE    Pz      -0.000000       0.000000      -0.000000      -0.000000
    6     BE     S       0.003467      -0.003456      -0.412755      -0.413021
    7     BE    Px       0.000012      -0.000005       0.000020       0.000121
    8     BE    Py      -0.000000       0.000000      -0.000000      -0.000000
    9     BE    Pz       0.000000       0.000000       0.000000       0.000000
   10     BE     S      -0.001079       0.000997      -0.353170      -0.354791
   11     BE    Px      -0.000037       0.000007      -0.000060      -0.000418
   12     BE    Py      -0.000000      -0.000000      -0.000000       0.000000
   13     BE    Pz      -0.000000      -0.000000      -0.000000      -0.000000
   14     BE     S       0.000378      -0.000286      -0.016046      -0.014813
   15     BE    Px       0.000069       0.000007      -0.000189       0.001014
   16     BE    Py      -0.000000       0.000000      -0.000000      -0.000000
   17     BE    Pz       0.000000       0.000000       0.000000       0.000000
   18     BE   Dxx      -0.000466       0.000475       0.001236       0.001315
   19     BE   Dxy      -0.000000      -0.000000      -0.000000      -0.000000
   20     BE   Dxz       0.000000      -0.000000      -0.000000       0.000000
   21     BE   Dyy      -0.000468       0.000474       0.001249       0.001299
   22     BE   Dyz       0.000000      -0.000000       0.000000       0.000000
   23     BE   Dzz      -0.000468       0.000474       0.001249       0.001299
   24     BE     S       0.421634       0.421634       0.077447      -0.077529
   25     BE     S       0.315681       0.315683       0.131231      -0.131389
   26     BE    Px      -0.000003      -0.000002       0.000032       0.000008
   27     BE    Py      -0.000000      -0.000000      -0.000000      -0.000000
   28     BE    Pz       0.000000      -0.000000       0.000000       0.000000
   29     BE     S      -0.003467      -0.003456      -0.412755       0.413021
   30     BE    Px       0.000012       0.000005      -0.000020       0.000121
   31     BE    Py      -0.000000       0.000000       0.000000       0.000000
   32     BE    Pz       0.000000       0.000000      -0.000000      -0.000000
   33     BE     S       0.001079       0.000997      -0.353170       0.354791
   34     BE    Px      -0.000037      -0.000007       0.000060      -0.000418
   35     BE    Py       0.000000       0.000000      -0.000000      -0.000000
   36     BE    Pz      -0.000000      -0.000000       0.000000       0.000000
   37     BE     S      -0.000378      -0.000286      -0.016046       0.014813
   38     BE    Px       0.000069      -0.000007       0.000189       0.001014
   39     BE    Py      -0.000000      -0.000000       0.000000       0.000000
   40     BE    Pz       0.000000       0.000000      -0.000000      -0.000000
   41     BE   Dxx       0.000466       0.000475       0.001236      -0.001315
   42     BE   Dxy       0.000000      -0.000000       0.000000       0.000000
   43     BE   Dxz      -0.000000      -0.000000       0.000000      -0.000000
   44     BE   Dyy       0.000468       0.000474       0.001249      -0.001299
   45     BE   Dyz      -0.000000      -0.000000       0.000000      -0.000000
   46     BE   Dzz       0.000468       0.000474       0.001249      -0.001299
 
 
  Occupied Eigenvectors for: POSITRON
 --------------------------- 
 
                          -0.0059   
 
    1     E+     S       0.042916
    2     E+     S       0.166998
    3     E+     S      -0.090228
    4     E+     S      -0.108287
    5     E+     S      -0.283856
    6     E+     S      -0.174986
    7     E+     S      -0.129124
    8     E+     S       0.101236
    9     E+     S       0.006111
   10     E+     S       0.000018
   11     E+    Px       0.011561
   12     E+    Py       0.000000
   13     E+    Pz       0.000000
   14     E+    Px      -0.469059
   15     E+    Py      -0.000000
   16     E+    Pz      -0.000000
   17     E+    Px       0.026892
   18     E+    Py       0.000000
   19     E+    Pz       0.000000
   20     E+    Px      -0.023573
   21     E+    Py      -0.000000
   22     E+    Pz      -0.000000
   23     E+   Dxx      -0.005087
   24     E+   Dxy       0.000000
   25     E+   Dxz       0.000000
   26     E+   Dyy      -0.006275
   27     E+   Dyz       0.000000
   28     E+   Dzz      -0.006275
   29     E+   Dxx      -0.128092
   30     E+   Dxy      -0.000000
   31     E+   Dxz      -0.000000
   32     E+   Dyy      -0.022188
   33     E+   Dyz      -0.000000
   34     E+   Dzz      -0.022188
   35     E+     S       0.042916
   36     E+     S       0.166998
   37     E+     S      -0.090228
   38     E+     S      -0.108287
   39     E+     S      -0.283856
   40     E+     S      -0.174986
   41     E+     S      -0.129124
   42     E+     S       0.101236
   43     E+     S       0.006111
   44     E+     S       0.000018
   45     E+    Px      -0.011561
   46     E+    Py      -0.000000
   47     E+    Pz      -0.000000
   48     E+    Px       0.469059
   49     E+    Py       0.000000
   50     E+    Pz       0.000000
   51     E+    Px      -0.026892
   52     E+    Py      -0.000000
   53     E+    Pz      -0.000000
   54     E+    Px       0.023573
   55     E+    Py       0.000000
   56     E+    Pz       0.000000
   57     E+   Dxx      -0.005087
   58     E+   Dxy       0.000000
   59     E+   Dxz       0.000000
   60     E+   Dyy      -0.006275
   61     E+   Dyz      -0.000000
   62     E+   Dzz      -0.006275
   63     E+   Dxx      -0.128092
   64     E+   Dxy      -0.000000
   65     E+   Dxz      -0.000000
   66     E+   Dyy      -0.022188
   67     E+   Dyz       0.000000
   68     E+   Dzz      -0.022188
 
 
  end of eigenvectors 
 
  END OF EIGENVALUES AND EIGENVECTORS
 
 
  COMPONENTS OF KINETIC ENERGY: 
 -----------------------------
 
                  E- Kinetic energy =           29.142639215109
            POSITRON Kinetic energy =            0.016032250718
                                     _________________________
               Total kinetic energy =           29.158671465827
 
  COMPONENTS OF POTENTIAL ENERGY: 
 -------------------------------
 
          Fixed potential energy    =            1.052631578947
 
  Quantum/Fixed interaction energy: 
 ----------------------------------
 
          E-/Fixed interact. energy =          -69.369283252856
    POSITRON/Fixed interact. energy =            0.901332206467
                                     _________________________
               Total Q/Fixed energy =          -68.467951046390
 
  Coulomb energy: 
 ------------------
 
               E-/E- Hartree energy =           15.363235380510
   POSITRON/POSITRON Hartree energy =            0.000000000000
         E-/POSITRON Hartree energy =           -0.890186292375
                                     _________________________
               Total Hartree energy =           14.473049088135
 
  Exchange(HF) energy: 
 ----------------------
 
                 E- Exchange energy =           -5.333115054156
           POSITRON Exchange energy =            0.000000000000
                                     _________________________
              Total Exchange energy =           -5.333115054156
 
  External Potential energy: 
 ----------------------------
 
                  E- Ext Pot energy =            0.000000000000
            POSITRON Ext Pot energy =           -0.033091549842
                                     _________________________
    Total External Potential energy =           -0.033091549842
 
  TOTAL ENERGY COMPONENTS: 
 ==========================
 
          TOTAL KINETIC ENERGY      =           29.158671465827
          TOTAL POTENTIAL ENERGY    =          -58.308476983305
                                     _________________________
                       TOTAL ENERGY =          -29.149805517477
 
                 VIRIAL RATIO (V/T) =            1.999695941279
 
 
  END ENERGY COMPONENTS
 
 
** TOTAL CPU Time SCF :      1.189 (s)
** TOTAL Elapsed Time SCF :      0.385 (s)
 
 We are calculating properties for E- in the HF/KS ground state
 We are calculating properties for POSITRON in the HF/KS ground state
 
  POPULATION ANALYSES: 
 ====================
 
 MULLIKEN Population: for E-        
 ---------------------
 
                                    
 
    1     BE     S       1.166391
    2     BE     S       0.823584
    3     BE    Px       0.000000
    4     BE    Py       0.000000
    5     BE    Pz       0.000000
    6     BE     S       1.043539
    7     BE    Px       0.000000
    8     BE    Py       0.000000
    9     BE    Pz       0.000000
   10     BE     S       0.943020
   11     BE    Px      -0.000002
   12     BE    Py       0.000000
   13     BE    Pz      -0.000000
   14     BE     S       0.030712
   15     BE    Px       0.000103
   16     BE    Py       0.000000
   17     BE    Pz       0.000000
   18     BE   Dxx      -0.002451
   19     BE   Dxy       0.000000
   20     BE   Dxz       0.000000
   21     BE   Dyy      -0.002448
   22     BE   Dyz       0.000000
   23     BE   Dzz      -0.002448
   24     BE     S       1.166391
   25     BE     S       0.823584
   26     BE    Px       0.000000
   27     BE    Py       0.000000
   28     BE    Pz       0.000000
   29     BE     S       1.043539
   30     BE    Px       0.000000
   31     BE    Py      -0.000000
   32     BE    Pz       0.000000
   33     BE     S       0.943020
   34     BE    Px      -0.000002
   35     BE    Py       0.000000
   36     BE    Pz      -0.000000
   37     BE     S       0.030712
   38     BE    Px       0.000103
   39     BE    Py       0.000000
   40     BE    Pz       0.000000
   41     BE   Dxx      -0.002451
   42     BE   Dxy       0.000000
   43     BE   Dxz       0.000000
   44     BE   Dyy      -0.002448
   45     BE   Dyz       0.000000
   46     BE   Dzz      -0.002448
 
                           __________
              Total =        8.000000
 
  Atomic MULLIKEN Population: for E-        
            BE               4.000000
            BE               4.000000
 
 ...end of MULLIKEN Population
 
 
 END POPULATION ANALYSES 
 
 
  POPULATION ANALYSES: 
 ====================
 
 LOWDIN Population: for E-        
 ---------------------
 
                                    
 
    1     BE     S       1.101747
    2     BE     S       0.875938
    3     BE    Px       0.000000
    4     BE    Py       0.000000
    5     BE    Pz       0.000000
    6     BE     S       0.590987
    7     BE    Px       0.000000
    8     BE    Py       0.000000
    9     BE    Pz      -0.000000
   10     BE     S       0.551499
   11     BE    Px       0.000004
   12     BE    Py       0.000000
   13     BE    Pz      -0.000000
   14     BE     S       0.205221
   15     BE    Px       0.000377
   16     BE    Py       0.000000
   17     BE    Pz      -0.000000
   18     BE   Dxx       0.224779
   19     BE   Dxy      -0.000000
   20     BE   Dxz       0.000000
   21     BE   Dyy       0.224724
   22     BE   Dyz       0.000000
   23     BE   Dzz       0.224724
   24     BE     S       1.101747
   25     BE     S       0.875938
   26     BE    Px       0.000000
   27     BE    Py       0.000000
   28     BE    Pz       0.000000
   29     BE     S       0.590987
   30     BE    Px       0.000000
   31     BE    Py       0.000000
   32     BE    Pz       0.000000
   33     BE     S       0.551499
   34     BE    Px       0.000004
   35     BE    Py       0.000000
   36     BE    Pz       0.000000
   37     BE     S       0.205221
   38     BE    Px       0.000377
   39     BE    Py       0.000000
   40     BE    Pz       0.000000
   41     BE   Dxx       0.224779
   42     BE   Dxy       0.000000
   43     BE   Dxz       0.000000
   44     BE   Dyy       0.224724
   45     BE   Dyz       0.000000
   46     BE   Dzz       0.224724
 
                           __________
              Total =        8.000000
 
  Atomic LOWDIN Population: for E-        
            BE               4.000000
            BE               4.000000
 
 ...end of LOWDIN Population
 
 
 END POPULATION ANALYSES 
 
 
  POPULATION ANALYSES: 
 ====================
 
 MULLIKEN Population: for POSITRON  
 ---------------------
 
                                    
 
    1     E+     S      -0.006971
    2     E+     S      -0.055435
    3     E+     S       0.052790
    4     E+     S       0.087074
    5     E+     S       0.231150
    6     E+     S       0.111404
    7     E+     S       0.051173
    8     E+     S      -0.018020
    9     E+     S      -0.000344
   10     E+     S      -0.000000
   11     E+    Px      -0.000273
   12     E+    Py      -0.000000
   13     E+    Pz      -0.000000
   14     E+    Px       0.036484
   15     E+    Py      -0.000000
   16     E+    Pz       0.000000
   17     E+    Px      -0.005410
   18     E+    Py       0.000000
   19     E+    Pz       0.000000
   20     E+    Px       0.008080
   21     E+    Py       0.000000
   22     E+    Pz      -0.000000
   23     E+   Dxx       0.000051
   24     E+   Dxy       0.000000
   25     E+   Dxz       0.000000
   26     E+   Dyy       0.000039
   27     E+   Dyz      -0.000000
   28     E+   Dzz       0.000039
   29     E+   Dxx       0.006753
   30     E+   Dxy       0.000000
   31     E+   Dxz      -0.000000
   32     E+   Dyy       0.000708
   33     E+   Dyz       0.000000
   34     E+   Dzz       0.000708
   35     E+     S      -0.006971
   36     E+     S      -0.055435
   37     E+     S       0.052790
   38     E+     S       0.087074
   39     E+     S       0.231150
   40     E+     S       0.111404
   41     E+     S       0.051173
   42     E+     S      -0.018020
   43     E+     S      -0.000344
   44     E+     S      -0.000000
   45     E+    Px      -0.000273
   46     E+    Py      -0.000000
   47     E+    Pz       0.000000
   48     E+    Px       0.036484
   49     E+    Py      -0.000000
   50     E+    Pz       0.000000
   51     E+    Px      -0.005410
   52     E+    Py       0.000000
   53     E+    Pz      -0.000000
   54     E+    Px       0.008080
   55     E+    Py      -0.000000
   56     E+    Pz       0.000000
   57     E+   Dxx       0.000051
   58     E+   Dxy       0.000000
   59     E+   Dxz       0.000000
   60     E+   Dyy       0.000039
   61     E+   Dyz       0.000000
   62     E+   Dzz       0.000039
   63     E+   Dxx       0.006753
   64     E+   Dxy       0.000000
   65     E+   Dxz      -0.000000
   66     E+   Dyy       0.000708
   67     E+   Dyz      -0.000000
   68     E+   Dzz       0.000708
 
                           __________
              Total =        1.000000
 
  Atomic MULLIKEN Population: for POSITRON  
            BE               0.500000
            BE               0.500000
 
 ...end of MULLIKEN Population
 
 
 END POPULATION ANALYSES 
 
 
  POPULATION ANALYSES: 
 ====================
 
 LOWDIN Population: for POSITRON  
 ---------------------
 
                                    
 
    1     E+     S       0.001026
    2     E+     S       0.005842
    3     E+     S       0.036382
    4     E+     S       0.114526
    5     E+     S       0.171920
    6     E+     S       0.113236
    7     E+     S       0.033589
    8     E+     S       0.000535
    9     E+     S       0.000187
   10     E+     S       0.000023
   11     E+    Px       0.000026
   12     E+    Py      -0.000000
   13     E+    Pz      -0.000000
   14     E+    Px       0.000442
   15     E+    Py       0.000000
   16     E+    Pz      -0.000000
   17     E+    Px       0.003799
   18     E+    Py       0.000000
   19     E+    Pz       0.000000
   20     E+    Px       0.018347
   21     E+    Py      -0.000000
   22     E+    Pz       0.000000
   23     E+   Dxx       0.000001
   24     E+   Dxy      -0.000000
   25     E+   Dxz       0.000000
   26     E+   Dyy       0.000002
   27     E+   Dyz       0.000000
   28     E+   Dzz       0.000002
   29     E+   Dxx       0.000033
   30     E+   Dxy       0.000000
   31     E+   Dxz      -0.000000
   32     E+   Dyy       0.000041
   33     E+   Dyz       0.000000
   34     E+   Dzz       0.000041
   35     E+     S       0.001026
   36     E+     S       0.005842
   37     E+     S       0.036382
   38     E+     S       0.114526
   39     E+     S       0.171920
   40     E+     S       0.113236
   41     E+     S       0.033589
   42     E+     S       0.000535
   43     E+     S       0.000187
   44     E+     S       0.000023
   45     E+    Px       0.000026
   46     E+    Py      -0.000000
   47     E+    Pz      -0.000000
   48     E+    Px       0.000442
   49     E+    Py       0.000000
   50     E+    Pz      -0.000000
   51     E+    Px       0.003799
   52     E+    Py       0.000000
   53     E+    Pz      -0.000000
   54     E+    Px       0.018347
   55     E+    Py       0.000000
   56     E+    Pz       0.000000
   57     E+   Dxx       0.000001
   58     E+   Dxy      -0.000000
   59     E+   Dxz       0.000000
   60     E+   Dyy       0.000002
   61     E+   Dyz       0.000000
   62     E+   Dzz       0.000002
   63     E+   Dxx       0.000033
   64     E+   Dxy       0.000000
   65     E+   Dxz      -0.000000
   66     E+   Dyy       0.000041
   67     E+   Dyz       0.000000
   68     E+   Dzz       0.000041
 
                           __________
              Total =        1.000000
 
  Atomic LOWDIN Population: for POSITRON  
            BE               0.500000
            BE               0.500000
 
 ...end of LOWDIN Population
 
 
 END POPULATION ANALYSES 
 
 
  EXPECTED POSITIONS OF QUANTUM SPECIES:
 ======================
 
 POSITIONS IN ANGSTROMS
 ------
 
                        <x>      <y>      <z>         
                 E-  32.1740   0.0000  -0.0000
           POSITRON   4.0217   0.0000  -0.0000
 
 END EXPECTED POSITIONS
 
 
  ELECTROSTATIC MOMENTS:
 ======================
 
 
 DIPOLE: (A.U.)
 ------
 
                           <Dx>         <Dy>         <Dz>          |D|
                 E- -60.80000000  -0.00000000   0.00000000
           POSITRON   7.60000000   0.00000000  -0.00000000
    Point charges:   60.80000000   0.00000000   0.00000000
                     ____________________________
      Total Dipole:   7.60000000   0.00000000  -0.00000000   7.60000000
 
 DIPOLE: (DEBYE)
 ------
 
                           <Dx>         <Dy>         <Dz>          |D|
                 E--154.53816528  -0.00000000   0.00000000
           POSITRON  19.31727066   0.00000000  -0.00000000
    Point charges:  154.53816528   0.00000000   0.00000000
                     ____________________________
      Total Dipole:  19.31727066   0.00000000  -0.00000000  19.31727066
 
 QUADRUPOLE NON-TRACELESS: (DEBYE ANGS)
 ------
 
                           <xx>         <yy>         <zz>         <xy>         <xz>         <yz>
                 E--1258.82695678  -15.54073910  -15.54073910   -0.00000000    0.00000000    0.00000000
           POSITRON  340.74412963   46.34464472   46.34464472   -0.00000000   -0.00000000   -0.00000000
    Point charges:  1243.02669255    0.00000000    0.00000000    0.00000000    0.00000000    0.00000000
  Total Quadrupole:  324.94386540   30.80390562   30.80390562   -0.00000000   -0.00000000   -0.00000000
                     ____________________________
 
 END ELECTROSTATIC MOMENTS
 

  TOTAL CPU Time:      0.258 (s)
 TOTAL Wall Time:      0.435 (s)
  Elapsed Time:   0h  0m  0s 434ms
LOWDIN execution terminated normally at : Tue Nov 26 15:30:56 2024
-rw-rw-r-- 1 pohl pohl 704K nov 26 15:30 0E-.ints
-rw-rw-r-- 1 pohl pohl 3.5M nov 26 15:30 0E-.POSITRON.ints
-rw-rw-r-- 1 pohl pohl 2.1M nov 26 15:30 0POSITRON.ints
-rw-rw-r-- 1 pohl pohl 704K nov 26 15:30 1E-.ints
-rw-rw-r-- 1 pohl pohl 3.5M nov 26 15:30 1E-.POSITRON.ints
-rw-rw-r-- 1 pohl pohl 2.1M nov 26 15:30 1POSITRON.ints
-rw-rw-r-- 1 pohl pohl 704K nov 26 15:30 2E-.ints
-rw-rw-r-- 1 pohl pohl 3.5M nov 26 15:30 2E-.POSITRON.ints
-rw-rw-r-- 1 pohl pohl 2.1M nov 26 15:30 2POSITRON.ints
-rw-rw-r-- 1 pohl pohl 704K nov 26 15:30 3E-.ints
-rw-rw-r-- 1 pohl pohl 3.5M nov 26 15:30 3E-.POSITRON.ints
-rw-rw-r-- 1 pohl pohl 2.1M nov 26 15:30 3POSITRON.ints
-rw-rw-r-- 1 pohl pohl   12 nov 26 15:30 E-.POSITRON.nints
-rw-rw-r-- 1 pohl pohl   64 nov 26 15:30 gepol.inp
-rw-rw-r-- 1 pohl pohl   91 nov 26 15:30 gepol.xyzr
-rw-rw-r-- 1 pohl pohl 9.5K nov 26 15:30 lowdin.bas
-rw-rw-r-- 1 pohl pohl  16K nov 26 15:30 lowdin.dat
-rw-rw-r-- 1 pohl pohl 691K nov 26 15:30 lowdin.opints
-rw-rw-r-- 1 pohl pohl  26K nov 26 15:30 lowdin.sys
-rw-rw-r-- 1 pohl pohl 689K nov 26 15:30 lowdin.wfn
-rw-rw-r-- 1 pohl pohl  498 nov 26 15:30 usual_67
-rw-rw-r-- 1 pohl pohl 1.8K nov 26 15:30 usual_67.aux
-rw-rw-r-- 1 pohl pohl  503 nov 26 15:30 usual_67.lowdin
-rw-rw-r-- 1 pohl pohl  47K nov 26 15:30 usual_67.out
-rw-rw-r-- 1 pohl pohl  54K nov 26 15:30 usual_67.vec
