Begin job by input: usual_250.lowdin, for user:   at  mar 26 nov 2024 15:32:37 -05
under operating system Linux helios 5.19.0-46-generic #47-Ubuntu SMP PREEMPT_DYNAMIC Fri Jun 16 13:30:11 UTC 2023 x86_64 x86_64 x86_64 GNU/Linux
Compilation information
  commit: f31d3924f6ee2ce9d77f07edcc1ba27359319d14
  compilation date:  mar 17 sep 2024 16:16:17 -05

BEGIN INPUT INFO:
------------------------------------

GEOMETRY
	Be	Dirac	0.0 0.0 0.0
	e-(Be)	6-311++G.d.p 0.0 0.0 0.0
	E+	GRIBAKIN-10S4P2D 0.0 0.0 0.0
	Be	Dirac	51.8 0.0 0.0
	e-(Be)	6-311++G.d.p	51.8 0.0 0.0
	E+	GRIBAKIN-10S4P2D 51.8 0.0 0.0 addParticles=-1 
END GEOMETRY

TASKS
        method = "RHF"
END TASKS

EXTERPOTENTIAL
	E- GRIBAKIN0
	E+ JOR250
END EXTERPOTENTIAL

CONTROL
	units="BOHRS"
	readCoefficients=F
	convergenceMethod=1
	overlapEigenThreshold=1E-6
	SCFGhostSpecies="POSITRON"
	HFprintEigenvalues=T
	totalEnergyTolerance = 1E-9
END CONTROL


... END INPUT INFO


 LOWDIN execution started at : Tue Nov 26 15:32:37 2024
 ---------------------------------------------------------------
 
 ***************************************************************
 *                   LOWDIN 2.0  (May/2013)                    *
 *                                                             *
 *  R. FLORES-MORENO, E. F. POSADA, F. S. MONCADA, J.ROMERO,   *
 *  J. CHARRY, M. DIAZ-TINOCO, S. A. GONZALEZ, N. F. AGUIRRE,  *
 *  A. REYES                                                   *
 *                                                             *
 *  https://sites.google.com/site/lowdinproject/               *
 *                                                             *
 ***************************************************************
 
 PARSING INPUT... DONE!
 
 LOWDIN IS RUNNING WITH NEXT PARAMETERS: 
 ----------------------------------------
 
         METHOD TYPE:  RHF
         NUMBER OF CORES:     4
         NONELECTRONIC DENSITY GUESS: HCORE
         ELECTRONIC DENSITY GUESS: HCORE
         CRITERIUM OF CONVERGENCE: ENERGY
         NONELECTRONIC ENERGY TOLERANCE IN SCFs:     0.10000E-07
         ELECTRONIC ENERGY TOLERANCE IN SCFs:     0.10000E-07
         TOTAL ENERGY TOLERANCE IN SCFs:     0.10000E-08
         SCHEME OF ITERATION: GLOBAL ITERATIONS
         SCF MAX. SUBITERATIONS - NONELECTRONS :     1
         SCF MAX. SUBITERATIONS - ELECTRONS :     1
         SCF MAX. ITERATIONS - INTERSPECIES :   200
         INTEGRAL STORAGE: DISK
         STACK SIZE FOR ERIS : 30000
         METHOD OF SCF CONVERGENCE: DAMPING
 
  MOLECULAR SYSTEM: usual_250
 -----------------
 
    DESCRIPTION   : usual_250
    CHARGE        :   2
    PUNTUAL GROUP : NONE
 
 
  INFORMATION OF PARTICLES :
 =========================
         Total number of particles   =      11
         Number of quantum particles =       9
         Number of puntual charges   =       2
         Number of quantum species   =       2
 
                 INFORMATION OF QUANTUM SPECIES 
    ----------------------------------------------------------------------
         ID      Symbol            mass     charge      omega     spin     multiplicity
    ----------------------------------------------------------------------
         1             E-         1.0000     -1.00      0.00      0.50      1.00
         2             E+         1.0000      1.00      0.00      0.50      1.00
 
                   CONSTANTS OF COUPLING 
      ------------------------------------------------------------
              Symbol      kappa        eta     lambda occupation
      ------------------------------------------------------------
                  E-      -1.00       2.00       2.00       4.00
                  E+      -1.00       1.00       1.00       1.00
 
                   BASIS SET FOR SPECIES 
      ------------------------------------------------------------
           Symbol          N. Basis     N. Particles     Basis Set
      ------------------------------------------------------------
                 E-           20                8     6-311++G.D
                 E+           32                1     GRIBAKIN-1
 
                                ATOMIC BASIS
         ------------------------------------------------------------
          PRIMITIVE   SHELL             EXPONENT         COEFFICIENT 
         ------------------------------------------------------------
 
    BEGIN DESCRIPTION OF BASIS FOR:    E-
    ==============================
 
 
            BE BASIS SET:   6-311++G.D.P
             1         S             1682.80000000          0.00228574
             2         S              251.71500000          0.01759380
             3         S               57.41160000          0.08633150
             4         S               16.51710000          0.28183500
             5         S                4.85364000          0.64059400
             6         S                0.62686300          0.14446700
             1         S                8.30938000          0.10862100
             2         S                1.74075000          0.92730100
             3         S                0.48581600         -0.00297169
             1         P                8.30938000          0.03613440
             2         P                1.74075000          0.21695800
             3         P                0.48581600          0.84183900
             1         S                0.16361300          1.00000000
             1         P                0.16361300          1.00000000
             1         S                0.05672850          1.00000000
             1         P                0.05672850          1.00000000
             1         S                0.02070000          1.00000000
             1         P                0.02070000          1.00000000
             1         D                0.25500000          1.00000000
 
            BE BASIS SET:   6-311++G.D.P
             1         S             1682.80000000          0.00228574
             2         S              251.71500000          0.01759380
             3         S               57.41160000          0.08633150
             4         S               16.51710000          0.28183500
             5         S                4.85364000          0.64059400
             6         S                0.62686300          0.14446700
             1         S                8.30938000          0.10862100
             2         S                1.74075000          0.92730100
             3         S                0.48581600         -0.00297169
             1         P                8.30938000          0.03613440
             2         P                1.74075000          0.21695800
             3         P                0.48581600          0.84183900
             1         S                0.16361300          1.00000000
             1         P                0.16361300          1.00000000
             1         S                0.05672850          1.00000000
             1         P                0.05672850          1.00000000
             1         S                0.02070000          1.00000000
             1         P                0.02070000          1.00000000
             1         D                0.25500000          1.00000000
    ... END DESCRIPTION OF BASIS
 
 
    BEGIN DESCRIPTION OF BASIS FOR:    E+
    ==============================
 
 
            E+ BASIS SET:GRIBAKIN-10S4P2
             1         S                0.00010000          1.00000000
             1         S                0.00030000          1.00000000
             1         S                0.00090000          1.00000000
             1         S                0.00270000          1.00000000
             1         S                0.00810000          1.00000000
             1         S                0.02430000          1.00000000
             1         S                0.07290000          1.00000000
             1         S                0.21870000          1.00000000
             1         S                0.65610000          1.00000000
             1         S                1.96830000          1.00000000
             1         P                0.00010000          1.00000000
             1         P                0.00030000          1.00000000
             1         P                0.00090000          1.00000000
             1         P                0.00270000          1.00000000
             1         D                0.00010000          1.00000000
             1         D                0.00030000          1.00000000
 
            E+ BASIS SET:GRIBAKIN-10S4P2
             1         S                0.00010000          1.00000000
             1         S                0.00030000          1.00000000
             1         S                0.00090000          1.00000000
             1         S                0.00270000          1.00000000
             1         S                0.00810000          1.00000000
             1         S                0.02430000          1.00000000
             1         S                0.07290000          1.00000000
             1         S                0.21870000          1.00000000
             1         S                0.65610000          1.00000000
             1         S                1.96830000          1.00000000
             1         P                0.00010000          1.00000000
             1         P                0.00030000          1.00000000
             1         P                0.00090000          1.00000000
             1         P                0.00270000          1.00000000
             1         D                0.00010000          1.00000000
             1         D                0.00030000          1.00000000
    ... END DESCRIPTION OF BASIS
 
 
  END INFORMATION OF PARTICLES
 
 
  INFORMATION OF THE QUANTUM SYSTEM 
     ---------------------------------------------------------------------
                 ID     Occupied Orbitals     Basis size
     ---------------------------------------------------------------------
                 E-            4               46
                 E+            1               68
 
  END INFORMATION OF QUANTUM SYSTEM
 
 
  INFORMATION OF EXTERNAL POTENTIALS 
 
 =======
 External Potential for E- : GRIBAKIN0
 Type : 
                     Exponent         l       R_x       R_y       R_z              Factor
                 0.0010000000         0   0.00000   0.00000   0.00000        0.0000000000
 
 =======
 External Potential for E+ : JOR250
 Type : 
                     Exponent         l       R_x       R_y       R_z              Factor
                 0.0010000000         0   0.00000   0.00000   0.00000       -0.0004852612
                 0.0020000000         0   0.00000   0.00000   0.00000        0.0024441783
                 0.0040000000         0   0.00000   0.00000   0.00000       -0.0075448874
                 0.0080000000         0   0.00000   0.00000   0.00000        0.0157738437
                 0.0160000000         0   0.00000   0.00000   0.00000       -0.0371036225
                 0.0320000000         0   0.00000   0.00000   0.00000        0.0538567205
                 0.0640000000         0   0.00000   0.00000   0.00000       -0.1977562620
                 0.1280000000         0   0.00000   0.00000   0.00000        0.1521150960
                 0.2560000000         0   0.00000   0.00000   0.00000       -2.2309931100
                 0.5120000000         0   0.00000   0.00000   0.00000        7.1544406100
                 1.0000000000         0   0.00000   0.00000   0.00000      -16.4610761000
                 2.0000000000         0   0.00000   0.00000   0.00000      120.0674500000
                 3.0000000000         0   0.00000   0.00000   0.00000    -1010.4441400000
                 4.0000000000         0   0.00000   0.00000   0.00000     5912.5175500000
                 5.0000000000         0   0.00000   0.00000   0.00000   -22883.6471000000
                 6.0000000000         0   0.00000   0.00000   0.00000    58320.2479000000
                 7.0000000000         0   0.00000   0.00000   0.00000   -96733.7399000000
                 8.0000000000         0   0.00000   0.00000   0.00000   100515.5930000000
                 9.0000000000         0   0.00000   0.00000   0.00000   -59492.9273000000
                10.0000000000         0   0.00000   0.00000   0.00000    15337.5181000000
                20.0000000000         0   0.00000   0.00000   0.00000     -108.3194530000
                30.0000000000         0   0.00000   0.00000   0.00000       58.7242217000
                40.0000000000         0   0.00000   0.00000   0.00000      -33.9818623000
                50.0000000000         0   0.00000   0.00000   0.00000       10.1503518000
               100.0000000000         0   0.00000   0.00000   0.00000       -0.2039701810
                 0.0010000000         0  51.80000   0.00000   0.00000       -0.0004852612
                 0.0020000000         0  51.80000   0.00000   0.00000        0.0024441783
                 0.0040000000         0  51.80000   0.00000   0.00000       -0.0075448874
                 0.0080000000         0  51.80000   0.00000   0.00000        0.0157738437
                 0.0160000000         0  51.80000   0.00000   0.00000       -0.0371036225
                 0.0320000000         0  51.80000   0.00000   0.00000        0.0538567205
                 0.0640000000         0  51.80000   0.00000   0.00000       -0.1977562620
                 0.1280000000         0  51.80000   0.00000   0.00000        0.1521150960
                 0.2560000000         0  51.80000   0.00000   0.00000       -2.2309931100
                 0.5120000000         0  51.80000   0.00000   0.00000        7.1544406100
                 1.0000000000         0  51.80000   0.00000   0.00000      -16.4610761000
                 2.0000000000         0  51.80000   0.00000   0.00000      120.0674500000
                 3.0000000000         0  51.80000   0.00000   0.00000    -1010.4441400000
                 4.0000000000         0  51.80000   0.00000   0.00000     5912.5175500000
                 5.0000000000         0  51.80000   0.00000   0.00000   -22883.6471000000
                 6.0000000000         0  51.80000   0.00000   0.00000    58320.2479000000
                 7.0000000000         0  51.80000   0.00000   0.00000   -96733.7399000000
                 8.0000000000         0  51.80000   0.00000   0.00000   100515.5930000000
                 9.0000000000         0  51.80000   0.00000   0.00000   -59492.9273000000
                10.0000000000         0  51.80000   0.00000   0.00000    15337.5181000000
                20.0000000000         0  51.80000   0.00000   0.00000     -108.3194530000
                30.0000000000         0  51.80000   0.00000   0.00000       58.7242217000
                40.0000000000         0  51.80000   0.00000   0.00000      -33.9818623000
                50.0000000000         0  51.80000   0.00000   0.00000       10.1503518000
               100.0000000000         0  51.80000   0.00000   0.00000       -0.2039701810
 
  END INFORMATION OF EXTERNAL POTENTIALS
 
                       INITIAL GEOMETRY: AMSTRONG
                 -----------------------------------
                       <x>                 <y>                 <z>
      E-BE        0.0000000000        0.0000000000        0.0000000000
      E-BE       27.4113815106        0.0000000000        0.0000000000
        E+        0.0000000000        0.0000000000        0.0000000000
        E+       27.4113815106        0.0000000000        0.0000000000
        BE        0.0000000000        0.0000000000        0.0000000000
        BE       27.4113815106        0.0000000000        0.0000000000
 
                     MATRIX OF DISTANCE: ANGSTROM
                 -----------------------------------
                          BE(1)          BE(2)     
 
        BE(1)            0.000000      27.411382
        BE(2)           27.411382       0.000000
 
--------------------------------------------------------------------------------
** PROGRAM: SCF (Hartree Fock).     Author: S.A. Gonzalez, E. Posada, F. Moncada
--------------------------------------------------------------------------------
INFO: RUNNING IN RHF MODE.
 
----------------------------------------------------------------------
** PROGRAM INTS                          Author: E. F. Posada, 2013   
----------------------------------------------------------------------
INFO: RUNNING IN ONE_PARTICLE MODE.
 
 Number of Overlap integrals for species E-:   2116
 Number of Overlap integrals for species POSITRON:   4624
 Number of Kinetic integrals for species E-:   2116
 Number of Kinetic integrals for species POSITRON:   4624
 Number of Nuclear integrals for species E-:   2116
 Number of Nuclear integrals for species POSITRON:   4624
 Number of Moment integrals for species E-:   6348
 Number of Moment integrals for species POSITRON:  13872
 Number of 3C Overlap integrals for species E-:   2116
 Number of 3C Overlap integrals for species POSITRON:   4624
 
** TOTAL CPU Time INTS :      0.397 (s)
** TOTAL Elapsed Time INTS :      0.152 (s)
 
Removed     1 orbitals for species POSITRON with overlap eigen threshold of 1.000E-06
       Usign  HCORE density guess for species:         E-
     number of         E-     particles in guess density matrix:     8.000000
       Usign  HCORE density guess for species:   POSITRON
     number of   POSITRON     particles in guess density matrix:     0.000000
 Warning!, density matrix with deviation from number of particles    1.000000
 Number of unique integrals for species: 1 = 33166
 Number of unique integrals for species: 2 = 273363
 Number of unique integrals for species: 1 / 2 = 314646 Screened: 30676
 
 TWO-BODY INTEGRAL SETUP: 
------------------------- 
 Storage:   DISK
 Scheme: LIBINT
 Stack size:  30000
 
 LIBINT library, Fermann, J. T.; Valeev, F. L. 2010                   
 LOWDIN-LIBINT Implementation V. 2.1  Posada E. F. ; Reyes A. 2016   
 ----------------------------------------------------------------------

*** TOTAL CPU time intra-species integrals :      0.366 (s)
*** TOTAL elapsed time intra-species integrals :      0.056 (s)


*** TOTAL CPU time inter-species integrals :      0.552 (s)
*** TOTAL elapsed time inter-species integrals :      0.087 (s)

INFO: RUNNING SCHEME SIMULTANEOUS
 
 Begin Multi-Species SCF calculation:
 
 --------------------------------------------------------------------------------------------------
      Iteration                   Energy            Energy Change           Density Change
 --------------------------------------------------------------------------------------------------
              1         -27.551710796735          27.551710796735           0.323580981793
              2         -29.115387872523           1.563677075787           0.022812520970
              3         -29.140834472896           0.025446600374           0.007058490327
              4         -29.146393046338           0.005558573442           0.002992537885
              5         -29.147042783647           0.000649737309           0.000231646542
              6         -29.147039610894          -0.000003172753           0.000057283274
              7         -29.147039134387          -0.000000476507           0.000014518810
              8         -29.147039185761           0.000000051374           0.000003856243
              9         -29.147039256147           0.000000070385           0.000001138374
             10         -29.147039292449           0.000000036303           0.000000353193
             11         -29.147039307642           0.000000015193           0.000000114259
             12         -29.147039313459           0.000000005817           0.000000038445
             13         -29.147039315586           0.000000002126           0.000000013387
             14         -29.147039316342           0.000000000757           0.000000004793
 Total energy converged after  14 global iterations                                                  
 
 ...end Multi-Species SCF calculation
 
 
 Begin SCF calculation by: E-
 -------------------------
 
 -----------------------------------------------------------------------------------
 Iteration                   Energy           Density Change         DIIS Error 
 -----------------------------------------------------------------------------------
    1         -29.330340380195           0.020079133746                 -- 
    2         -29.431384523043           0.003560111217                 -- 
    3         -29.448616274296           0.000809324621                 -- 
    4         -29.451949475666           0.000200902279                 -- 
    5         -29.452611121667           0.000051892972                 -- 
    6         -29.452742164816           0.000013775216                 -- 
    7         -29.452767243863           0.000003758863                 -- 
    8         -29.452771595793           0.000001058200                 -- 
    9         -29.452772157562           0.000000308278                 -- 
   10         -29.452772143346           0.000000092998                 -- 
   11         -29.452772092237           0.000000028996                 -- 
   12         -29.452772064419           0.000000009310                 -- 
   13         -29.452772052622           0.000000003065                 -- 
 
 ... end SCF calculation
 
 Begin SCF calculation by: POSITRON
 -------------------------
 
 -----------------------------------------------------------------------------------
 Iteration                   Energy           Density Change         DIIS Error 
 -----------------------------------------------------------------------------------
    1          -0.063497577626           0.002733387224                 -- 
    2          -0.043422444841           0.003498379111                 -- 
    3          -0.031574783874           0.002183213264                 -- 
    4          -0.031377285675           0.000030744262                 -- 
    5          -0.031342037367           0.000005390303                 -- 
    6          -0.031337087825           0.000000743594                 -- 
    7          -0.031336979724           0.000000097381                 -- 
    8          -0.031337297769           0.000000080174                 -- 
    9          -0.031337485789           0.000000044915                 -- 
   10          -0.031337567537           0.000000021261                 -- 
   11          -0.031337599226           0.000000009449                 -- 
   12          -0.031337610818           0.000000004078                 -- 
   13          -0.031337614918           0.000000001728                 -- 
 
 ... end SCF calculation
 
  EIGENVALUES AND EIGENVECTORS: 
 ==============================
 
 
  Eigenvalues for: E-
 -----------------
 
    1          -4.732348739007
    2          -4.732348739007
    3          -0.309258221791
    4          -0.309258221791
    5           0.029565784076
    6           0.029565784109
    7           0.029565784109
    8           0.029565784110
    9           0.029565784110
   10           0.029565784140
   11           0.051096234977
   12           0.051096234983
   13           0.098028634048
   14           0.098028634106
   15           0.098028634106
   16           0.098028634109
   17           0.098028634109
   18           0.098028634165
   19           0.321204931403
   20           0.321204931406
   21           0.345804686691
   22           0.345804686722
   23           0.345804686722
   24           0.345804686723
   25           0.345804686723
   26           0.345804686753
   27           0.692850857290
   28           0.692850857290
   29           0.692850857290
   30           0.692850857290
   31           0.692850857290
   32           0.692850857290
   33           0.692850857290
   34           0.692850857290
   35           0.692850857290
   36           0.692850857290
   37           1.198792707627
   38           1.198792707640
   39           1.198792707640
   40           1.198792707640
   41           1.198792707640
   42           1.198792707652
   43           1.414741301072
   44           1.414741301073
   45          10.066564141286
   46          10.066564141286
 
 
  Eigenvalues for: POSITRON
 -----------------
 
    1          -0.003147579662
    2          -0.003050657694
    3           0.000084244870
    4           0.000134502219
    5           0.000206271677
    6           0.000206271677
    7           0.000258066451
    8           0.000279256805
    9           0.000279256805
   10           0.000323419938
   11           0.000323419938
   12           0.000362090952
   13           0.000406038127
   14           0.000424721020
   15           0.000424721020
   16           0.000434723230
   17           0.000434723230
   18           0.000435123980
   19           0.000562076358
   20           0.000562076358
   21           0.000589975454
   22           0.000878013677
   23           0.000878013677
   24           0.000952247876
   25           0.001027989630
   26           0.001119230399
   27           0.001119230399
   28           0.001141074545
   29           0.001213441532
   30           0.001213441532
   31           0.001236361588
   32           0.001469286648
   33           0.001469286648
   34           0.001476410343
   35           0.001476410343
   36           0.001764346062
   37           0.001764346062
   38           0.001790054032
   39           0.002114214252
   40           0.002125688129
   41           0.002371584560
   42           0.002911961251
   43           0.002911961251
   44           0.003407536305
   45           0.003506843108
   46           0.003506843108
   47           0.004490348992
   48           0.004951546354
   49           0.005422663533
   50           0.009274011395
   51           0.009274011395
   52           0.009416252806
   53           0.009416252806
   54           0.009609393292
   55           0.010128973472
   56           0.014718897609
   57           0.015050991788
   58           0.051167748060
   59           0.051327700001
   60           0.193086227497
   61           0.193209423629
   62           0.855514864192
   63           0.855572130183
   64           2.941188323076
   65           2.941223067900
   66          10.802357101068
   67          10.802387229726
   68     1000000.000000000000
 
  end of eigenvalues 
 
  Occupied Eigenvectors for: E-
 --------------------------- 
 
                          -4.7323        -4.7323        -0.3093        -0.3093   
 
    1     BE     S       0.596280      -0.000000      -0.108013       0.018498
    2     BE     S       0.446443      -0.000000      -0.183029       0.031345
    3     BE    Px      -0.000000      -0.000000       0.000000      -0.000000
    4     BE    Py       0.000000      -0.000000      -0.000000       0.000000
    5     BE    Pz       0.000000       0.000000       0.000000      -0.000000
    6     BE     S      -0.004889       0.000000       0.575618      -0.098578
    7     BE    Px       0.000000       0.000000       0.000000      -0.000000
    8     BE    Py      -0.000000      -0.000000       0.000000      -0.000000
    9     BE    Pz      -0.000000      -0.000000      -0.000000       0.000000
   10     BE     S       0.001425      -0.000000       0.492956      -0.084422
   11     BE    Px      -0.000000      -0.000000      -0.000000       0.000000
   12     BE    Py       0.000000       0.000000      -0.000000       0.000000
   13     BE    Pz       0.000000       0.000000       0.000000      -0.000000
   14     BE     S      -0.000429       0.000000       0.022023      -0.003772
   15     BE    Px       0.000000       0.000000      -0.000000       0.000000
   16     BE    Py      -0.000000      -0.000000       0.000000      -0.000000
   17     BE    Pz      -0.000000      -0.000000      -0.000000       0.000000
   18     BE   Dxx       0.000671       0.000000      -0.001747       0.000299
   19     BE   Dxy       0.000000      -0.000000       0.000000      -0.000000
   20     BE   Dxz       0.000000       0.000000       0.000000      -0.000000
   21     BE   Dyy       0.000671       0.000000      -0.001747       0.000299
   22     BE   Dyz      -0.000000      -0.000000      -0.000000       0.000000
   23     BE   Dzz       0.000671       0.000000      -0.001747       0.000299
   24     BE     S       0.000000       0.596280      -0.018498      -0.108013
   25     BE     S       0.000000       0.446443      -0.031345      -0.183029
   26     BE    Px      -0.000000       0.000000      -0.000000      -0.000000
   27     BE    Py      -0.000000       0.000000      -0.000000       0.000000
   28     BE    Pz      -0.000000       0.000000       0.000000       0.000000
   29     BE     S       0.000000      -0.004889       0.098578       0.575618
   30     BE    Px      -0.000000      -0.000000      -0.000000      -0.000000
   31     BE    Py       0.000000       0.000000       0.000000      -0.000000
   32     BE    Pz       0.000000       0.000000      -0.000000       0.000000
   33     BE     S      -0.000000       0.001425       0.084422       0.492956
   34     BE    Px       0.000000       0.000000       0.000000       0.000000
   35     BE    Py      -0.000000       0.000000       0.000000      -0.000000
   36     BE    Pz      -0.000000       0.000000       0.000000      -0.000000
   37     BE     S       0.000000      -0.000429       0.003772       0.022023
   38     BE    Px      -0.000000      -0.000000       0.000000       0.000000
   39     BE    Py       0.000000       0.000000      -0.000000       0.000000
   40     BE    Pz       0.000000       0.000000      -0.000000       0.000000
   41     BE   Dxx       0.000000       0.000671      -0.000299      -0.001747
   42     BE   Dxy      -0.000000      -0.000000      -0.000000      -0.000000
   43     BE   Dxz       0.000000       0.000000       0.000000       0.000000
   44     BE   Dyy       0.000000       0.000671      -0.000299      -0.001747
   45     BE   Dyz       0.000000       0.000000       0.000000       0.000000
   46     BE   Dzz       0.000000       0.000671      -0.000299      -0.001747
 
 
  Occupied Eigenvectors for: POSITRON
 --------------------------- 
 
                          -0.0031   
 
    1     E+     S      -0.020286
    2     E+     S      -0.016911
    3     E+     S       0.123094
    4     E+     S       0.208883
    5     E+     S       0.272156
    6     E+     S       0.174062
    7     E+     S       0.119861
    8     E+     S      -0.094777
    9     E+     S      -0.005866
   10     E+     S       0.000000
   11     E+    Px      -0.009409
   12     E+    Py       0.000000
   13     E+    Pz       0.000000
   14     E+    Px       0.002171
   15     E+    Py      -0.000000
   16     E+    Pz       0.000000
   17     E+    Px      -0.000429
   18     E+    Py       0.000000
   19     E+    Pz       0.000000
   20     E+    Px       0.000292
   21     E+    Py      -0.000000
   22     E+    Pz      -0.000000
   23     E+   Dxx      -0.001001
   24     E+   Dxy       0.000000
   25     E+   Dxz      -0.000000
   26     E+   Dyy       0.003704
   27     E+   Dyz       0.000000
   28     E+   Dzz       0.003704
   29     E+   Dxx       0.013128
   30     E+   Dxy      -0.000000
   31     E+   Dxz       0.000000
   32     E+   Dyy       0.011620
   33     E+   Dyz      -0.000000
   34     E+   Dzz       0.011620
   35     E+     S      -0.020286
   36     E+     S      -0.016911
   37     E+     S       0.123094
   38     E+     S       0.208883
   39     E+     S       0.272156
   40     E+     S       0.174062
   41     E+     S       0.119861
   42     E+     S      -0.094777
   43     E+     S      -0.005866
   44     E+     S       0.000000
   45     E+    Px       0.009409
   46     E+    Py      -0.000000
   47     E+    Pz      -0.000000
   48     E+    Px      -0.002171
   49     E+    Py       0.000000
   50     E+    Pz      -0.000000
   51     E+    Px       0.000429
   52     E+    Py      -0.000000
   53     E+    Pz       0.000000
   54     E+    Px      -0.000292
   55     E+    Py       0.000000
   56     E+    Pz      -0.000000
   57     E+   Dxx      -0.001001
   58     E+   Dxy       0.000000
   59     E+   Dxz       0.000000
   60     E+   Dyy       0.003704
   61     E+   Dyz      -0.000000
   62     E+   Dzz       0.003704
   63     E+   Dxx       0.013128
   64     E+   Dxy      -0.000000
   65     E+   Dxz       0.000000
   66     E+   Dyy       0.011620
   67     E+   Dyz       0.000000
   68     E+   Dzz       0.011620
 
 
  end of eigenvectors 
 
  END OF EIGENVALUES AND EIGENVECTORS
 
 
  COMPONENTS OF KINETIC ENERGY: 
 -----------------------------
 
                  E- Kinetic energy =           29.142628633684
            POSITRON Kinetic energy =            0.015287379319
                                     _________________________
               Total kinetic energy =           29.157916013003
 
  COMPONENTS OF POTENTIAL ENERGY: 
 -------------------------------
 
          Fixed potential energy    =            0.308880308880
 
  Quantum/Fixed interaction energy: 
 ----------------------------------
 
          E-/Fixed interact. energy =          -67.881744895736
    POSITRON/Fixed interact. energy =            0.659158213548
                                     _________________________
               Total Q/Fixed energy =          -67.222586682188
 
  Coulomb energy: 
 ------------------
 
               E-/E- Hartree energy =           14.619453669712
   POSITRON/POSITRON Hartree energy =            0.000000000000
         E-/POSITRON Hartree energy =           -0.649403137539
                                     _________________________
               Total Hartree energy =           13.970050532173
 
  Exchange(HF) energy: 
 ----------------------
 
                 E- Exchange energy =           -5.333109453221
           POSITRON Exchange energy =            0.000000000000
                                     _________________________
              Total Exchange energy =           -5.333109453221
 
  External Potential energy: 
 ----------------------------
 
                  E- Ext Pot energy =            0.000000000000
            POSITRON Ext Pot energy =           -0.028190035256
                                     _________________________
    Total External Potential energy =           -0.028190035256
 
  TOTAL ENERGY COMPONENTS: 
 ==========================
 
          TOTAL KINETIC ENERGY      =           29.157916013003
          TOTAL POTENTIAL ENERGY    =          -58.304955329611
                                     _________________________
                       TOTAL ENERGY =          -29.147039316607
 
                 VIRIAL RATIO (V/T) =            1.999626972778
 
 
  END ENERGY COMPONENTS
 
 
** TOTAL CPU Time SCF :      0.968 (s)
** TOTAL Elapsed Time SCF :      0.343 (s)
 
 We are calculating properties for E- in the HF/KS ground state
 We are calculating properties for POSITRON in the HF/KS ground state
 
  POPULATION ANALYSES: 
 ====================
 
 MULLIKEN Population: for E-        
 ---------------------
 
                                    
 
    1     BE     S       1.166391
    2     BE     S       0.823588
    3     BE    Px       0.000000
    4     BE    Py       0.000000
    5     BE    Pz       0.000000
    6     BE     S       1.043694
    7     BE    Px       0.000000
    8     BE    Py      -0.000000
    9     BE    Pz       0.000000
   10     BE     S       0.942124
   11     BE    Px       0.000000
   12     BE    Py       0.000000
   13     BE    Pz       0.000000
   14     BE     S       0.031424
   15     BE    Px       0.000000
   16     BE    Py       0.000000
   17     BE    Pz       0.000000
   18     BE   Dxx      -0.002407
   19     BE   Dxy       0.000000
   20     BE   Dxz       0.000000
   21     BE   Dyy      -0.002407
   22     BE   Dyz       0.000000
   23     BE   Dzz      -0.002407
   24     BE     S       1.166391
   25     BE     S       0.823588
   26     BE    Px       0.000000
   27     BE    Py       0.000000
   28     BE    Pz      -0.000000
   29     BE     S       1.043694
   30     BE    Px       0.000000
   31     BE    Py      -0.000000
   32     BE    Pz       0.000000
   33     BE     S       0.942124
   34     BE    Px       0.000000
   35     BE    Py       0.000000
   36     BE    Pz       0.000000
   37     BE     S       0.031424
   38     BE    Px       0.000000
   39     BE    Py       0.000000
   40     BE    Pz       0.000000
   41     BE   Dxx      -0.002407
   42     BE   Dxy       0.000000
   43     BE   Dxz       0.000000
   44     BE   Dyy      -0.002407
   45     BE   Dyz       0.000000
   46     BE   Dzz      -0.002407
 
                           __________
              Total =        8.000000
 
  Atomic MULLIKEN Population: for E-        
            BE               4.000000
            BE               4.000000
 
 ...end of MULLIKEN Population
 
 
 END POPULATION ANALYSES 
 
 
  POPULATION ANALYSES: 
 ====================
 
 LOWDIN Population: for E-        
 ---------------------
 
                                    
 
    1     BE     S       1.101745
    2     BE     S       0.875944
    3     BE    Px       0.000000
    4     BE    Py      -0.000000
    5     BE    Pz      -0.000000
    6     BE     S       0.590908
    7     BE    Px       0.000000
    8     BE    Py      -0.000000
    9     BE    Pz      -0.000000
   10     BE     S       0.553024
   11     BE    Px       0.000000
   12     BE    Py      -0.000000
   13     BE    Pz       0.000000
   14     BE     S       0.204207
   15     BE    Px       0.000000
   16     BE    Py       0.000000
   17     BE    Pz       0.000000
   18     BE   Dxx       0.224724
   19     BE   Dxy       0.000000
   20     BE   Dxz      -0.000000
   21     BE   Dyy       0.224724
   22     BE   Dyz       0.000000
   23     BE   Dzz       0.224724
   24     BE     S       1.101745
   25     BE     S       0.875944
   26     BE    Px       0.000000
   27     BE    Py       0.000000
   28     BE    Pz       0.000000
   29     BE     S       0.590908
   30     BE    Px       0.000000
   31     BE    Py       0.000000
   32     BE    Pz       0.000000
   33     BE     S       0.553024
   34     BE    Px       0.000000
   35     BE    Py       0.000000
   36     BE    Pz       0.000000
   37     BE     S       0.204207
   38     BE    Px       0.000000
   39     BE    Py       0.000000
   40     BE    Pz       0.000000
   41     BE   Dxx       0.224724
   42     BE   Dxy       0.000000
   43     BE   Dxz       0.000000
   44     BE   Dyy       0.224724
   45     BE   Dyz       0.000000
   46     BE   Dzz       0.224724
 
                           __________
              Total =        8.000000
 
  Atomic LOWDIN Population: for E-        
            BE               4.000000
            BE               4.000000
 
 ...end of LOWDIN Population
 
 
 END POPULATION ANALYSES 
 
 
  POPULATION ANALYSES: 
 ====================
 
 MULLIKEN Population: for POSITRON  
 ---------------------
 
                                    
 
    1     E+     S      -0.004860
    2     E+     S      -0.006740
    3     E+     S       0.064998
    4     E+     S       0.132619
    5     E+     S       0.182899
    6     E+     S       0.099077
    7     E+     S       0.044013
    8     E+     S      -0.015783
    9     E+     S      -0.000310
   10     E+     S       0.000000
   11     E+    Px      -0.000964
   12     E+    Py      -0.000000
   13     E+    Pz      -0.000000
   14     E+    Px       0.000446
   15     E+    Py       0.000000
   16     E+    Pz      -0.000000
   17     E+    Px      -0.000072
   18     E+    Py      -0.000000
   19     E+    Pz      -0.000000
   20     E+    Px       0.000011
   21     E+    Py       0.000000
   22     E+    Pz       0.000000
   23     E+   Dxx      -0.000073
   24     E+   Dxy       0.000000
   25     E+   Dxz      -0.000000
   26     E+   Dyy       0.000057
   27     E+   Dyz       0.000000
   28     E+   Dzz       0.000057
   29     E+   Dxx       0.003232
   30     E+   Dxy      -0.000000
   31     E+   Dxz       0.000000
   32     E+   Dyy       0.000696
   33     E+   Dyz      -0.000000
   34     E+   Dzz       0.000696
   35     E+     S      -0.004860
   36     E+     S      -0.006740
   37     E+     S       0.064998
   38     E+     S       0.132619
   39     E+     S       0.182899
   40     E+     S       0.099077
   41     E+     S       0.044013
   42     E+     S      -0.015783
   43     E+     S      -0.000310
   44     E+     S       0.000000
   45     E+    Px      -0.000964
   46     E+    Py      -0.000000
   47     E+    Pz      -0.000000
   48     E+    Px       0.000446
   49     E+    Py      -0.000000
   50     E+    Pz      -0.000000
   51     E+    Px      -0.000072
   52     E+    Py       0.000000
   53     E+    Pz      -0.000000
   54     E+    Px       0.000011
   55     E+    Py      -0.000000
   56     E+    Pz       0.000000
   57     E+   Dxx      -0.000073
   58     E+   Dxy       0.000000
   59     E+   Dxz       0.000000
   60     E+   Dyy       0.000057
   61     E+   Dyz      -0.000000
   62     E+   Dzz       0.000057
   63     E+   Dxx       0.003232
   64     E+   Dxy      -0.000000
   65     E+   Dxz       0.000000
   66     E+   Dyy       0.000696
   67     E+   Dyz       0.000000
   68     E+   Dzz       0.000696
 
                           __________
              Total =        1.000000
 
  Atomic MULLIKEN Population: for POSITRON  
            BE               0.500000
            BE               0.500000
 
 ...end of MULLIKEN Population
 
 
 END POPULATION ANALYSES 
 
 
  POPULATION ANALYSES: 
 ====================
 
 LOWDIN Population: for POSITRON  
 ---------------------
 
                                    
 
    1     E+     S       0.003424
    2     E+     S       0.014472
    3     E+     S       0.050582
    4     E+     S       0.121856
    5     E+     S       0.159834
    6     E+     S       0.105611
    7     E+     S       0.031289
    8     E+     S       0.000530
    9     E+     S       0.000155
   10     E+     S       0.000019
   11     E+    Px       0.000823
   12     E+    Py       0.000000
   13     E+    Pz       0.000000
   14     E+    Px       0.004304
   15     E+    Py       0.000000
   16     E+    Pz       0.000000
   17     E+    Px       0.002392
   18     E+    Py      -0.000000
   19     E+    Pz       0.000000
   20     E+    Px       0.000002
   21     E+    Py      -0.000000
   22     E+    Pz       0.000000
   23     E+   Dxx       0.000123
   24     E+   Dxy      -0.000000
   25     E+   Dxz      -0.000000
   26     E+   Dyy       0.000017
   27     E+   Dyz       0.000000
   28     E+   Dzz       0.000017
   29     E+   Dxx       0.004352
   30     E+   Dxy      -0.000000
   31     E+   Dxz       0.000000
   32     E+   Dyy       0.000099
   33     E+   Dyz       0.000000
   34     E+   Dzz       0.000099
   35     E+     S       0.003424
   36     E+     S       0.014472
   37     E+     S       0.050582
   38     E+     S       0.121856
   39     E+     S       0.159834
   40     E+     S       0.105611
   41     E+     S       0.031289
   42     E+     S       0.000530
   43     E+     S       0.000155
   44     E+     S       0.000019
   45     E+    Px       0.000823
   46     E+    Py       0.000000
   47     E+    Pz       0.000000
   48     E+    Px       0.004304
   49     E+    Py      -0.000000
   50     E+    Pz      -0.000000
   51     E+    Px       0.002392
   52     E+    Py      -0.000000
   53     E+    Pz      -0.000000
   54     E+    Px       0.000002
   55     E+    Py      -0.000000
   56     E+    Pz      -0.000000
   57     E+   Dxx       0.000123
   58     E+   Dxy       0.000000
   59     E+   Dxz       0.000000
   60     E+   Dyy       0.000017
   61     E+   Dyz       0.000000
   62     E+   Dzz       0.000017
   63     E+   Dxx       0.004352
   64     E+   Dxy      -0.000000
   65     E+   Dxz       0.000000
   66     E+   Dyy       0.000099
   67     E+   Dyz       0.000000
   68     E+   Dzz       0.000099
 
                           __________
              Total =        1.000000
 
  Atomic LOWDIN Population: for POSITRON  
            BE               0.500000
            BE               0.500000
 
 ...end of LOWDIN Population
 
 
 END POPULATION ANALYSES 
 
 
  EXPECTED POSITIONS OF QUANTUM SPECIES:
 ======================
 
 POSITIONS IN ANGSTROMS
 ------
 
                        <x>      <y>      <z>         
                 E- 109.6455  -0.0000   0.0000
           POSITRON  13.7057  -0.0000  -0.0000
 
 END EXPECTED POSITIONS
 
 
  ELECTROSTATIC MOMENTS:
 ======================
 
 
 DIPOLE: (A.U.)
 ------
 
                           <Dx>         <Dy>         <Dz>          |D|
                 E--207.20000000   0.00000000  -0.00000000
           POSITRON  25.90000000  -0.00000000  -0.00000000
    Point charges:  207.20000000   0.00000000   0.00000000
                     ____________________________
      Total Dipole:  25.90000000  -0.00000000  -0.00000000  25.90000000
 
 DIPOLE: (DEBYE)
 ------
 
                           <Dx>         <Dy>         <Dz>          |D|
                 E--526.64980011   0.00000000  -0.00000000
           POSITRON  65.83122501  -0.00000000  -0.00000000
    Point charges:  526.64980011   0.00000000   0.00000000
                     ____________________________
      Total Dipole:  65.83122501  -0.00000000  -0.00000000  65.83122501
 
 QUADRUPOLE NON-TRACELESS: (DEBYE ANGS)
 ------
 
                           <xx>         <yy>         <zz>         <xy>         <xz>         <yz>
                 E-**************  -15.54360930  -15.54360930   -0.00000000   -0.00000000   -0.00000000
           POSITRON 2053.11213103   67.35564280   67.35564280    0.00000000    0.00000000    0.00000000
    Point charges: 14436.19694648    0.00000000    0.00000000    0.00000000    0.00000000    0.00000000
  Total Quadrupole: 2037.56852674   51.81203350   51.81203350    0.00000000    0.00000000    0.00000000
                     ____________________________
 
 END ELECTROSTATIC MOMENTS
 

  TOTAL CPU Time:      0.259 (s)
 TOTAL Wall Time:      0.392 (s)
  Elapsed Time:   0h  0m  0s 394ms
LOWDIN execution terminated normally at : Tue Nov 26 15:32:38 2024
-rw-rw-r-- 1 pohl pohl 704K nov 26 15:32 0E-.ints
-rw-rw-r-- 1 pohl pohl 2.1M nov 26 15:32 0E-.POSITRON.ints
-rw-rw-r-- 1 pohl pohl 2.1M nov 26 15:32 0POSITRON.ints
-rw-rw-r-- 1 pohl pohl 704K nov 26 15:32 1E-.ints
-rw-rw-r-- 1 pohl pohl 2.1M nov 26 15:32 1E-.POSITRON.ints
-rw-rw-r-- 1 pohl pohl 2.1M nov 26 15:32 1POSITRON.ints
-rw-rw-r-- 1 pohl pohl 704K nov 26 15:32 2E-.ints
-rw-rw-r-- 1 pohl pohl 2.1M nov 26 15:32 2E-.POSITRON.ints
-rw-rw-r-- 1 pohl pohl 2.1M nov 26 15:32 2POSITRON.ints
-rw-rw-r-- 1 pohl pohl 704K nov 26 15:32 3E-.ints
-rw-rw-r-- 1 pohl pohl 2.1M nov 26 15:32 3E-.POSITRON.ints
-rw-rw-r-- 1 pohl pohl 2.1M nov 26 15:32 3POSITRON.ints
-rw-rw-r-- 1 pohl pohl   12 nov 26 15:32 E-.POSITRON.nints
-rw-rw-r-- 1 pohl pohl   65 nov 26 15:32 gepol.inp
-rw-rw-r-- 1 pohl pohl   91 nov 26 15:32 gepol.xyzr
-rw-rw-r-- 1 pohl pohl 9.5K nov 26 15:32 lowdin.bas
-rw-rw-r-- 1 pohl pohl  16K nov 26 15:32 lowdin.dat
-rw-rw-r-- 1 pohl pohl 691K nov 26 15:32 lowdin.opints
-rw-rw-r-- 1 pohl pohl  26K nov 26 15:32 lowdin.sys
-rw-rw-r-- 1 pohl pohl 689K nov 26 15:32 lowdin.wfn
-rw-rw-r-- 1 pohl pohl  499 nov 26 15:32 usual_250
-rw-rw-r-- 1 pohl pohl 1.8K nov 26 15:32 usual_250.aux
-rw-rw-r-- 1 pohl pohl  504 nov 26 15:32 usual_250.lowdin
-rw-rw-r-- 1 pohl pohl  46K nov 26 15:32 usual_250.out
-rw-rw-r-- 1 pohl pohl  54K nov 26 15:32 usual_250.vec
