Begin job by input: usual_239.lowdin, for user:   at  mar 26 nov 2024 15:32:31 -05
under operating system Linux helios 5.19.0-46-generic #47-Ubuntu SMP PREEMPT_DYNAMIC Fri Jun 16 13:30:11 UTC 2023 x86_64 x86_64 x86_64 GNU/Linux
Compilation information
  commit: f31d3924f6ee2ce9d77f07edcc1ba27359319d14
  compilation date:  mar 17 sep 2024 16:16:17 -05

BEGIN INPUT INFO:
------------------------------------

GEOMETRY
	Be	Dirac	0.0 0.0 0.0
	e-(Be)	6-311++G.d.p 0.0 0.0 0.0
	E+	GRIBAKIN-10S4P2D 0.0 0.0 0.0
	Be	Dirac	49.6 0.0 0.0
	e-(Be)	6-311++G.d.p	49.6 0.0 0.0
	E+	GRIBAKIN-10S4P2D 49.6 0.0 0.0 addParticles=-1 
END GEOMETRY

TASKS
        method = "RHF"
END TASKS

EXTERPOTENTIAL
	E- GRIBAKIN0
	E+ JOR239
END EXTERPOTENTIAL

CONTROL
	units="BOHRS"
	readCoefficients=F
	convergenceMethod=1
	overlapEigenThreshold=1E-6
	SCFGhostSpecies="POSITRON"
	HFprintEigenvalues=T
	totalEnergyTolerance = 1E-9
END CONTROL


... END INPUT INFO


 LOWDIN execution started at : Tue Nov 26 15:32:31 2024
 ---------------------------------------------------------------
 
 ***************************************************************
 *                   LOWDIN 2.0  (May/2013)                    *
 *                                                             *
 *  R. FLORES-MORENO, E. F. POSADA, F. S. MONCADA, J.ROMERO,   *
 *  J. CHARRY, M. DIAZ-TINOCO, S. A. GONZALEZ, N. F. AGUIRRE,  *
 *  A. REYES                                                   *
 *                                                             *
 *  https://sites.google.com/site/lowdinproject/               *
 *                                                             *
 ***************************************************************
 
 PARSING INPUT... DONE!
 
 LOWDIN IS RUNNING WITH NEXT PARAMETERS: 
 ----------------------------------------
 
         METHOD TYPE:  RHF
         NUMBER OF CORES:     4
         NONELECTRONIC DENSITY GUESS: HCORE
         ELECTRONIC DENSITY GUESS: HCORE
         CRITERIUM OF CONVERGENCE: ENERGY
         NONELECTRONIC ENERGY TOLERANCE IN SCFs:     0.10000E-07
         ELECTRONIC ENERGY TOLERANCE IN SCFs:     0.10000E-07
         TOTAL ENERGY TOLERANCE IN SCFs:     0.10000E-08
         SCHEME OF ITERATION: GLOBAL ITERATIONS
         SCF MAX. SUBITERATIONS - NONELECTRONS :     1
         SCF MAX. SUBITERATIONS - ELECTRONS :     1
         SCF MAX. ITERATIONS - INTERSPECIES :   200
         INTEGRAL STORAGE: DISK
         STACK SIZE FOR ERIS : 30000
         METHOD OF SCF CONVERGENCE: DAMPING
 
  MOLECULAR SYSTEM: usual_239
 -----------------
 
    DESCRIPTION   : usual_239
    CHARGE        :   2
    PUNTUAL GROUP : NONE
 
 
  INFORMATION OF PARTICLES :
 =========================
         Total number of particles   =      11
         Number of quantum particles =       9
         Number of puntual charges   =       2
         Number of quantum species   =       2
 
                 INFORMATION OF QUANTUM SPECIES 
    ----------------------------------------------------------------------
         ID      Symbol            mass     charge      omega     spin     multiplicity
    ----------------------------------------------------------------------
         1             E-         1.0000     -1.00      0.00      0.50      1.00
         2             E+         1.0000      1.00      0.00      0.50      1.00
 
                   CONSTANTS OF COUPLING 
      ------------------------------------------------------------
              Symbol      kappa        eta     lambda occupation
      ------------------------------------------------------------
                  E-      -1.00       2.00       2.00       4.00
                  E+      -1.00       1.00       1.00       1.00
 
                   BASIS SET FOR SPECIES 
      ------------------------------------------------------------
           Symbol          N. Basis     N. Particles     Basis Set
      ------------------------------------------------------------
                 E-           20                8     6-311++G.D
                 E+           32                1     GRIBAKIN-1
 
                                ATOMIC BASIS
         ------------------------------------------------------------
          PRIMITIVE   SHELL             EXPONENT         COEFFICIENT 
         ------------------------------------------------------------
 
    BEGIN DESCRIPTION OF BASIS FOR:    E-
    ==============================
 
 
            BE BASIS SET:   6-311++G.D.P
             1         S             1682.80000000          0.00228574
             2         S              251.71500000          0.01759380
             3         S               57.41160000          0.08633150
             4         S               16.51710000          0.28183500
             5         S                4.85364000          0.64059400
             6         S                0.62686300          0.14446700
             1         S                8.30938000          0.10862100
             2         S                1.74075000          0.92730100
             3         S                0.48581600         -0.00297169
             1         P                8.30938000          0.03613440
             2         P                1.74075000          0.21695800
             3         P                0.48581600          0.84183900
             1         S                0.16361300          1.00000000
             1         P                0.16361300          1.00000000
             1         S                0.05672850          1.00000000
             1         P                0.05672850          1.00000000
             1         S                0.02070000          1.00000000
             1         P                0.02070000          1.00000000
             1         D                0.25500000          1.00000000
 
            BE BASIS SET:   6-311++G.D.P
             1         S             1682.80000000          0.00228574
             2         S              251.71500000          0.01759380
             3         S               57.41160000          0.08633150
             4         S               16.51710000          0.28183500
             5         S                4.85364000          0.64059400
             6         S                0.62686300          0.14446700
             1         S                8.30938000          0.10862100
             2         S                1.74075000          0.92730100
             3         S                0.48581600         -0.00297169
             1         P                8.30938000          0.03613440
             2         P                1.74075000          0.21695800
             3         P                0.48581600          0.84183900
             1         S                0.16361300          1.00000000
             1         P                0.16361300          1.00000000
             1         S                0.05672850          1.00000000
             1         P                0.05672850          1.00000000
             1         S                0.02070000          1.00000000
             1         P                0.02070000          1.00000000
             1         D                0.25500000          1.00000000
    ... END DESCRIPTION OF BASIS
 
 
    BEGIN DESCRIPTION OF BASIS FOR:    E+
    ==============================
 
 
            E+ BASIS SET:GRIBAKIN-10S4P2
             1         S                0.00010000          1.00000000
             1         S                0.00030000          1.00000000
             1         S                0.00090000          1.00000000
             1         S                0.00270000          1.00000000
             1         S                0.00810000          1.00000000
             1         S                0.02430000          1.00000000
             1         S                0.07290000          1.00000000
             1         S                0.21870000          1.00000000
             1         S                0.65610000          1.00000000
             1         S                1.96830000          1.00000000
             1         P                0.00010000          1.00000000
             1         P                0.00030000          1.00000000
             1         P                0.00090000          1.00000000
             1         P                0.00270000          1.00000000
             1         D                0.00010000          1.00000000
             1         D                0.00030000          1.00000000
 
            E+ BASIS SET:GRIBAKIN-10S4P2
             1         S                0.00010000          1.00000000
             1         S                0.00030000          1.00000000
             1         S                0.00090000          1.00000000
             1         S                0.00270000          1.00000000
             1         S                0.00810000          1.00000000
             1         S                0.02430000          1.00000000
             1         S                0.07290000          1.00000000
             1         S                0.21870000          1.00000000
             1         S                0.65610000          1.00000000
             1         S                1.96830000          1.00000000
             1         P                0.00010000          1.00000000
             1         P                0.00030000          1.00000000
             1         P                0.00090000          1.00000000
             1         P                0.00270000          1.00000000
             1         D                0.00010000          1.00000000
             1         D                0.00030000          1.00000000
    ... END DESCRIPTION OF BASIS
 
 
  END INFORMATION OF PARTICLES
 
 
  INFORMATION OF THE QUANTUM SYSTEM 
     ---------------------------------------------------------------------
                 ID     Occupied Orbitals     Basis size
     ---------------------------------------------------------------------
                 E-            4               46
                 E+            1               68
 
  END INFORMATION OF QUANTUM SYSTEM
 
 
  INFORMATION OF EXTERNAL POTENTIALS 
 
 =======
 External Potential for E- : GRIBAKIN0
 Type : 
                     Exponent         l       R_x       R_y       R_z              Factor
                 0.0010000000         0   0.00000   0.00000   0.00000        0.0000000000
 
 =======
 External Potential for E+ : JOR239
 Type : 
                     Exponent         l       R_x       R_y       R_z              Factor
                 0.0010000000         0   0.00000   0.00000   0.00000       -0.0004852612
                 0.0020000000         0   0.00000   0.00000   0.00000        0.0024441783
                 0.0040000000         0   0.00000   0.00000   0.00000       -0.0075448874
                 0.0080000000         0   0.00000   0.00000   0.00000        0.0157738437
                 0.0160000000         0   0.00000   0.00000   0.00000       -0.0371036225
                 0.0320000000         0   0.00000   0.00000   0.00000        0.0538567205
                 0.0640000000         0   0.00000   0.00000   0.00000       -0.1977562620
                 0.1280000000         0   0.00000   0.00000   0.00000        0.1521150960
                 0.2560000000         0   0.00000   0.00000   0.00000       -2.2309931100
                 0.5120000000         0   0.00000   0.00000   0.00000        7.1544406100
                 1.0000000000         0   0.00000   0.00000   0.00000      -16.4610761000
                 2.0000000000         0   0.00000   0.00000   0.00000      120.0674500000
                 3.0000000000         0   0.00000   0.00000   0.00000    -1010.4441400000
                 4.0000000000         0   0.00000   0.00000   0.00000     5912.5175500000
                 5.0000000000         0   0.00000   0.00000   0.00000   -22883.6471000000
                 6.0000000000         0   0.00000   0.00000   0.00000    58320.2479000000
                 7.0000000000         0   0.00000   0.00000   0.00000   -96733.7399000000
                 8.0000000000         0   0.00000   0.00000   0.00000   100515.5930000000
                 9.0000000000         0   0.00000   0.00000   0.00000   -59492.9273000000
                10.0000000000         0   0.00000   0.00000   0.00000    15337.5181000000
                20.0000000000         0   0.00000   0.00000   0.00000     -108.3194530000
                30.0000000000         0   0.00000   0.00000   0.00000       58.7242217000
                40.0000000000         0   0.00000   0.00000   0.00000      -33.9818623000
                50.0000000000         0   0.00000   0.00000   0.00000       10.1503518000
               100.0000000000         0   0.00000   0.00000   0.00000       -0.2039701810
                 0.0010000000         0  49.60000   0.00000   0.00000       -0.0004852612
                 0.0020000000         0  49.60000   0.00000   0.00000        0.0024441783
                 0.0040000000         0  49.60000   0.00000   0.00000       -0.0075448874
                 0.0080000000         0  49.60000   0.00000   0.00000        0.0157738437
                 0.0160000000         0  49.60000   0.00000   0.00000       -0.0371036225
                 0.0320000000         0  49.60000   0.00000   0.00000        0.0538567205
                 0.0640000000         0  49.60000   0.00000   0.00000       -0.1977562620
                 0.1280000000         0  49.60000   0.00000   0.00000        0.1521150960
                 0.2560000000         0  49.60000   0.00000   0.00000       -2.2309931100
                 0.5120000000         0  49.60000   0.00000   0.00000        7.1544406100
                 1.0000000000         0  49.60000   0.00000   0.00000      -16.4610761000
                 2.0000000000         0  49.60000   0.00000   0.00000      120.0674500000
                 3.0000000000         0  49.60000   0.00000   0.00000    -1010.4441400000
                 4.0000000000         0  49.60000   0.00000   0.00000     5912.5175500000
                 5.0000000000         0  49.60000   0.00000   0.00000   -22883.6471000000
                 6.0000000000         0  49.60000   0.00000   0.00000    58320.2479000000
                 7.0000000000         0  49.60000   0.00000   0.00000   -96733.7399000000
                 8.0000000000         0  49.60000   0.00000   0.00000   100515.5930000000
                 9.0000000000         0  49.60000   0.00000   0.00000   -59492.9273000000
                10.0000000000         0  49.60000   0.00000   0.00000    15337.5181000000
                20.0000000000         0  49.60000   0.00000   0.00000     -108.3194530000
                30.0000000000         0  49.60000   0.00000   0.00000       58.7242217000
                40.0000000000         0  49.60000   0.00000   0.00000      -33.9818623000
                50.0000000000         0  49.60000   0.00000   0.00000       10.1503518000
               100.0000000000         0  49.60000   0.00000   0.00000       -0.2039701810
 
  END INFORMATION OF EXTERNAL POTENTIALS
 
                       INITIAL GEOMETRY: AMSTRONG
                 -----------------------------------
                       <x>                 <y>                 <z>
      E-BE        0.0000000000        0.0000000000        0.0000000000
      E-BE       26.2471915623        0.0000000000        0.0000000000
        E+        0.0000000000        0.0000000000        0.0000000000
        E+       26.2471915623        0.0000000000        0.0000000000
        BE        0.0000000000        0.0000000000        0.0000000000
        BE       26.2471915623        0.0000000000        0.0000000000
 
                     MATRIX OF DISTANCE: ANGSTROM
                 -----------------------------------
                          BE(1)          BE(2)     
 
        BE(1)            0.000000      26.247192
        BE(2)           26.247192       0.000000
 
--------------------------------------------------------------------------------
** PROGRAM: SCF (Hartree Fock).     Author: S.A. Gonzalez, E. Posada, F. Moncada
--------------------------------------------------------------------------------
INFO: RUNNING IN RHF MODE.
 
----------------------------------------------------------------------
** PROGRAM INTS                          Author: E. F. Posada, 2013   
----------------------------------------------------------------------
INFO: RUNNING IN ONE_PARTICLE MODE.
 
 Number of Overlap integrals for species E-:   2116
 Number of Overlap integrals for species POSITRON:   4624
 Number of Kinetic integrals for species E-:   2116
 Number of Kinetic integrals for species POSITRON:   4624
 Number of Nuclear integrals for species E-:   2116
 Number of Nuclear integrals for species POSITRON:   4624
 Number of Moment integrals for species E-:   6348
 Number of Moment integrals for species POSITRON:  13872
 Number of 3C Overlap integrals for species E-:   2116
 Number of 3C Overlap integrals for species POSITRON:   4624
 
** TOTAL CPU Time INTS :      0.395 (s)
** TOTAL Elapsed Time INTS :      0.154 (s)
 
Removed     1 orbitals for species POSITRON with overlap eigen threshold of 1.000E-06
       Usign  HCORE density guess for species:         E-
     number of         E-     particles in guess density matrix:     8.000000
       Usign  HCORE density guess for species:   POSITRON
     number of   POSITRON     particles in guess density matrix:     0.000000
 Warning!, density matrix with deviation from number of particles    1.000000
 Number of unique integrals for species: 1 = 33184
 Number of unique integrals for species: 2 = 277019
 Number of unique integrals for species: 1 / 2 = 315346 Screened: 30913
 
 TWO-BODY INTEGRAL SETUP: 
------------------------- 
 Storage:   DISK
 Scheme: LIBINT
 Stack size:  30000
 
 LIBINT library, Fermann, J. T.; Valeev, F. L. 2010                   
 LOWDIN-LIBINT Implementation V. 2.1  Posada E. F. ; Reyes A. 2016   
 ----------------------------------------------------------------------

*** TOTAL CPU time intra-species integrals :      0.356 (s)
*** TOTAL elapsed time intra-species integrals :      0.056 (s)


*** TOTAL CPU time inter-species integrals :      0.547 (s)
*** TOTAL elapsed time inter-species integrals :      0.087 (s)

INFO: RUNNING SCHEME SIMULTANEOUS
 
 Begin Multi-Species SCF calculation:
 
 --------------------------------------------------------------------------------------------------
      Iteration                   Energy            Energy Change           Density Change
 --------------------------------------------------------------------------------------------------
              1         -27.551339068936          27.551339068936           0.323578231213
              2         -29.115378182633           1.564039113697           0.022805636242
              3         -29.140836282170           0.025458099537           0.007073908589
              4         -29.146404624534           0.005568342365           0.002999006016
              5         -29.147054734457           0.000650109922           0.000231466939
              6         -29.147051671611          -0.000003062846           0.000057300177
              7         -29.147051221493          -0.000000450117           0.000014552247
              8         -29.147051280224           0.000000058731           0.000003880485
              9         -29.147051352927           0.000000072703           0.000001152003
             10         -29.147051390024           0.000000037097           0.000000360394
             11         -29.147051405503           0.000000015480           0.000000117957
             12         -29.147051411428           0.000000005925           0.000000040248
             13         -29.147051413595           0.000000002167           0.000000014223
             14         -29.147051414368           0.000000000772           0.000000005165
 Total energy converged after  14 global iterations                                                  
 
 ...end Multi-Species SCF calculation
 
 
 Begin SCF calculation by: E-
 -------------------------
 
 -----------------------------------------------------------------------------------
 Iteration                   Energy           Density Change         DIIS Error 
 -----------------------------------------------------------------------------------
    1         -29.344196803087           0.020063195304                 -- 
    2         -29.445121249414           0.003558382953                 -- 
    3         -29.462326073281           0.000809367782                 -- 
    4         -29.465652400206           0.000201074664                 -- 
    5         -29.466312197866           0.000051996488                 -- 
    6         -29.466442721086           0.000013824964                 -- 
    7         -29.466467647738           0.000003781014                 -- 
    8         -29.466471953404           0.000001067725                 -- 
    9         -29.466472500719           0.000000312287                 -- 
   10         -29.466472481882           0.000000094656                 -- 
   11         -29.466472429268           0.000000029672                 -- 
   12         -29.466472400952           0.000000009581                 -- 
   13         -29.466472388989           0.000000003172                 -- 
 
 ... end SCF calculation
 
 Begin SCF calculation by: POSITRON
 -------------------------
 
 -----------------------------------------------------------------------------------
 Iteration                   Energy           Density Change         DIIS Error 
 -----------------------------------------------------------------------------------
    1          -0.063480177476           0.002742440938                 -- 
    2          -0.043368542230           0.003515525636                 -- 
    3          -0.031511230476           0.002189638235                 -- 
    4          -0.031314920439           0.000030392275                 -- 
    5          -0.031280021889           0.000005303689                 -- 
    6          -0.031275177307           0.000000727282                 -- 
    7          -0.031275101288           0.000000099471                 -- 
    8          -0.031275429277           0.000000084278                 -- 
    9          -0.031275620408           0.000000048108                 -- 
   10          -0.031275703135           0.000000023301                 -- 
   11          -0.031275735131           0.000000010577                 -- 
   12          -0.031275746820           0.000000004642                 -- 
   13          -0.031275750951           0.000000001992                 -- 
 
 ... end SCF calculation
 
  EIGENVALUES AND EIGENVECTORS: 
 ==============================
 
 
  Eigenvalues for: E-
 -----------------
 
    1          -4.732348739054
    2          -4.732348739054
    3          -0.309258221809
    4          -0.309258221809
    5           0.029565783810
    6           0.029565784089
    7           0.029565784089
    8           0.029565784101
    9           0.029565784101
   10           0.029565784377
   11           0.051096234947
   12           0.051096234999
   13           0.098028633576
   14           0.098028634082
   15           0.098028634082
   16           0.098028634103
   17           0.098028634103
   18           0.098028634607
   19           0.321204931371
   20           0.321204931406
   21           0.345804686425
   22           0.345804686696
   23           0.345804686696
   24           0.345804686707
   25           0.345804686707
   26           0.345804686977
   27           0.692850857262
   28           0.692850857262
   29           0.692850857262
   30           0.692850857262
   31           0.692850857262
   32           0.692850857262
   33           0.692850857262
   34           0.692850857262
   35           0.692850857262
   36           0.692850857262
   37           1.198792707488
   38           1.198792707604
   39           1.198792707604
   40           1.198792707608
   41           1.198792707608
   42           1.198792707723
   43           1.414741301036
   44           1.414741301046
   45          10.066564141239
   46          10.066564141244
 
 
  Eigenvalues for: POSITRON
 -----------------
 
    1          -0.003159677688
    2          -0.003039440557
    3           0.000084364921
    4           0.000134776218
    5           0.000206527259
    6           0.000206527259
    7           0.000258124055
    8           0.000279544517
    9           0.000279544517
   10           0.000323950820
   11           0.000323950820
   12           0.000362678046
   13           0.000406700872
   14           0.000425342066
   15           0.000425342066
   16           0.000435487042
   17           0.000435536905
   18           0.000435536905
   19           0.000563044638
   20           0.000563044639
   21           0.000590725099
   22           0.000879446003
   23           0.000879446003
   24           0.000954727730
   25           0.001027246764
   26           0.001122354750
   27           0.001122354750
   28           0.001143850630
   29           0.001216094522
   30           0.001216094522
   31           0.001238207331
   32           0.001475164850
   33           0.001475164850
   34           0.001480564706
   35           0.001480564706
   36           0.001769377656
   37           0.001769377656
   38           0.001802218218
   39           0.002112254926
   40           0.002135291415
   41           0.002378818816
   42           0.002909230595
   43           0.002909230595
   44           0.003464400833
   45           0.003532452037
   46           0.003532452037
   47           0.004513478348
   48           0.004965470894
   49           0.005452424660
   50           0.009265790346
   51           0.009265790346
   52           0.009373712661
   53           0.009433245996
   54           0.009433245996
   55           0.010359561785
   56           0.014794010799
   57           0.014960195900
   58           0.051029166887
   59           0.051470391210
   60           0.192966496506
   61           0.193336771681
   62           0.855415344815
   63           0.855677699628
   64           2.941107883694
   65           2.941307596718
   66          10.802276547099
   67          10.802471890237
   68     1000000.000000000000
 
  end of eigenvalues 
 
  Occupied Eigenvectors for: E-
 --------------------------- 
 
                          -4.7323        -4.7323        -0.3093        -0.3093   
 
    1     BE     S      -0.595989       0.018645      -0.069414       0.084798
    2     BE     S      -0.446225       0.013960      -0.117622       0.143691
    3     BE    Px       0.000000      -0.000000       0.000000      -0.000000
    4     BE    Py       0.000000      -0.000000      -0.000000       0.000000
    5     BE    Pz      -0.000000       0.000000      -0.000000       0.000000
    6     BE     S       0.004887      -0.000153       0.369917      -0.451902
    7     BE    Px      -0.000000       0.000000       0.000000      -0.000000
    8     BE    Py      -0.000000       0.000000       0.000000      -0.000000
    9     BE    Pz      -0.000000      -0.000000      -0.000000       0.000000
   10     BE     S      -0.001424       0.000045       0.316794      -0.387006
   11     BE    Px       0.000000      -0.000000      -0.000000       0.000000
   12     BE    Py       0.000000      -0.000000      -0.000000       0.000000
   13     BE    Pz       0.000000      -0.000000      -0.000000       0.000000
   14     BE     S       0.000429      -0.000013       0.014153      -0.017290
   15     BE    Px      -0.000000       0.000000      -0.000000       0.000000
   16     BE    Py      -0.000000       0.000000       0.000000      -0.000000
   17     BE    Pz      -0.000000       0.000000      -0.000000       0.000000
   18     BE   Dxx      -0.000671       0.000021      -0.001123       0.001372
   19     BE   Dxy      -0.000000       0.000000       0.000000      -0.000000
   20     BE   Dxz      -0.000000       0.000000       0.000000      -0.000000
   21     BE   Dyy      -0.000671       0.000021      -0.001123       0.001372
   22     BE   Dyz      -0.000000       0.000000       0.000000      -0.000000
   23     BE   Dzz      -0.000671       0.000021      -0.001123       0.001372
   24     BE     S       0.018645       0.595989      -0.084798      -0.069414
   25     BE     S       0.013960       0.446225      -0.143691      -0.117622
   26     BE    Px       0.000000       0.000000      -0.000000      -0.000000
   27     BE    Py      -0.000000       0.000000       0.000000      -0.000000
   28     BE    Pz      -0.000000      -0.000000      -0.000000       0.000000
   29     BE     S      -0.000153      -0.004887       0.451902       0.369917
   30     BE    Px      -0.000000      -0.000000      -0.000000      -0.000000
   31     BE    Py       0.000000      -0.000000      -0.000000       0.000000
   32     BE    Pz      -0.000000       0.000000       0.000000      -0.000000
   33     BE     S       0.000045       0.001424       0.387006       0.316794
   34     BE    Px       0.000000       0.000000       0.000000       0.000000
   35     BE    Py      -0.000000       0.000000       0.000000      -0.000000
   36     BE    Pz       0.000000      -0.000000      -0.000000      -0.000000
   37     BE     S      -0.000013      -0.000429       0.017290       0.014153
   38     BE    Px      -0.000000      -0.000000       0.000000       0.000000
   39     BE    Py       0.000000      -0.000000      -0.000000       0.000000
   40     BE    Pz       0.000000      -0.000000      -0.000000       0.000000
   41     BE   Dxx       0.000021       0.000671      -0.001372      -0.001123
   42     BE   Dxy      -0.000000      -0.000000      -0.000000      -0.000000
   43     BE   Dxz      -0.000000       0.000000      -0.000000      -0.000000
   44     BE   Dyy       0.000021       0.000671      -0.001372      -0.001123
   45     BE   Dyz      -0.000000      -0.000000      -0.000000      -0.000000
   46     BE   Dzz       0.000021       0.000671      -0.001372      -0.001123
 
 
  Occupied Eigenvectors for: POSITRON
 --------------------------- 
 
                          -0.0032   
 
    1     E+     S       0.019866
    2     E+     S       0.017191
    3     E+     S      -0.122689
    4     E+     S      -0.207960
    5     E+     S      -0.271733
    6     E+     S      -0.173799
    7     E+     S      -0.119696
    8     E+     S       0.094645
    9     E+     S       0.005858
   10     E+     S      -0.000000
   11     E+    Px       0.010910
   12     E+    Py       0.000000
   13     E+    Pz      -0.000000
   14     E+    Px      -0.002311
   15     E+    Py      -0.000000
   16     E+    Pz      -0.000000
   17     E+    Px       0.000420
   18     E+    Py       0.000000
   19     E+    Pz      -0.000000
   20     E+    Px      -0.000250
   21     E+    Py       0.000000
   22     E+    Pz       0.000000
   23     E+   Dxx       0.001436
   24     E+   Dxy       0.000000
   25     E+   Dxz      -0.000000
   26     E+   Dyy      -0.003719
   27     E+   Dyz      -0.000000
   28     E+   Dzz      -0.003719
   29     E+   Dxx      -0.013185
   30     E+   Dxy      -0.000000
   31     E+   Dxz      -0.000000
   32     E+   Dyy      -0.011692
   33     E+   Dyz       0.000000
   34     E+   Dzz      -0.011692
   35     E+     S       0.019866
   36     E+     S       0.017191
   37     E+     S      -0.122689
   38     E+     S      -0.207960
   39     E+     S      -0.271733
   40     E+     S      -0.173799
   41     E+     S      -0.119696
   42     E+     S       0.094645
   43     E+     S       0.005858
   44     E+     S      -0.000000
   45     E+    Px      -0.010910
   46     E+    Py      -0.000000
   47     E+    Pz       0.000000
   48     E+    Px       0.002311
   49     E+    Py       0.000000
   50     E+    Pz       0.000000
   51     E+    Px      -0.000420
   52     E+    Py      -0.000000
   53     E+    Pz       0.000000
   54     E+    Px       0.000250
   55     E+    Py      -0.000000
   56     E+    Pz       0.000000
   57     E+   Dxx       0.001436
   58     E+   Dxy       0.000000
   59     E+   Dxz      -0.000000
   60     E+   Dyy      -0.003719
   61     E+   Dyz       0.000000
   62     E+   Dzz      -0.003719
   63     E+   Dxx      -0.013185
   64     E+   Dxy      -0.000000
   65     E+   Dxz      -0.000000
   66     E+   Dyy      -0.011692
   67     E+   Dyz      -0.000000
   68     E+   Dzz      -0.011692
 
 
  end of eigenvectors 
 
  END OF EIGENVALUES AND EIGENVECTORS
 
 
  COMPONENTS OF KINETIC ENERGY: 
 -----------------------------
 
                  E- Kinetic energy =           29.142628633632
            POSITRON Kinetic energy =            0.015228126868
                                     _________________________
               Total kinetic energy =           29.157856760501
 
  COMPONENTS OF POTENTIAL ENERGY: 
 -------------------------------
 
          Fixed potential energy    =            0.322580645161
 
  Quantum/Fixed interaction energy: 
 ----------------------------------
 
          E-/Fixed interact. energy =          -67.909145568156
    POSITRON/Fixed interact. energy =            0.661758390316
                                     _________________________
               Total Q/Fixed energy =          -67.247387177840
 
  Coulomb energy: 
 ------------------
 
               E-/E- Hartree energy =           14.633154005886
   POSITRON/POSITRON Hartree energy =            0.000000000000
         E-/POSITRON Hartree energy =           -0.652030121880
                                     _________________________
               Total Hartree energy =           13.981123884006
 
  Exchange(HF) energy: 
 ----------------------
 
                 E- Exchange energy =           -5.333109453204
           POSITRON Exchange energy =            0.000000000000
                                     _________________________
              Total Exchange energy =           -5.333109453204
 
  External Potential energy: 
 ----------------------------
 
                  E- Ext Pot energy =            0.000000000000
            POSITRON Ext Pot energy =           -0.028116073264
                                     _________________________
    Total External Potential energy =           -0.028116073264
 
  TOTAL ENERGY COMPONENTS: 
 ==========================
 
          TOTAL KINETIC ENERGY      =           29.157856760501
          TOTAL POTENTIAL ENERGY    =          -58.304908175139
                                     _________________________
                       TOTAL ENERGY =          -29.147051414639
 
                 VIRIAL RATIO (V/T) =            1.999629419064
 
 
  END ENERGY COMPONENTS
 
 
** TOTAL CPU Time SCF :      0.896 (s)
** TOTAL Elapsed Time SCF :      0.328 (s)
 
 We are calculating properties for E- in the HF/KS ground state
 We are calculating properties for POSITRON in the HF/KS ground state
 
  POPULATION ANALYSES: 
 ====================
 
 MULLIKEN Population: for E-        
 ---------------------
 
                                    
 
    1     BE     S       1.166391
    2     BE     S       0.823588
    3     BE    Px       0.000000
    4     BE    Py       0.000000
    5     BE    Pz       0.000000
    6     BE     S       1.043694
    7     BE    Px       0.000000
    8     BE    Py      -0.000000
    9     BE    Pz       0.000000
   10     BE     S       0.942124
   11     BE    Px       0.000000
   12     BE    Py       0.000000
   13     BE    Pz       0.000000
   14     BE     S       0.031424
   15     BE    Px       0.000000
   16     BE    Py      -0.000000
   17     BE    Pz       0.000000
   18     BE   Dxx      -0.002407
   19     BE   Dxy       0.000000
   20     BE   Dxz       0.000000
   21     BE   Dyy      -0.002407
   22     BE   Dyz       0.000000
   23     BE   Dzz      -0.002407
   24     BE     S       1.166391
   25     BE     S       0.823588
   26     BE    Px       0.000000
   27     BE    Py      -0.000000
   28     BE    Pz       0.000000
   29     BE     S       1.043694
   30     BE    Px       0.000000
   31     BE    Py       0.000000
   32     BE    Pz       0.000000
   33     BE     S       0.942124
   34     BE    Px       0.000000
   35     BE    Py      -0.000000
   36     BE    Pz       0.000000
   37     BE     S       0.031424
   38     BE    Px       0.000000
   39     BE    Py       0.000000
   40     BE    Pz       0.000000
   41     BE   Dxx      -0.002407
   42     BE   Dxy       0.000000
   43     BE   Dxz       0.000000
   44     BE   Dyy      -0.002407
   45     BE   Dyz       0.000000
   46     BE   Dzz      -0.002407
 
                           __________
              Total =        8.000000
 
  Atomic MULLIKEN Population: for E-        
            BE               4.000000
            BE               4.000000
 
 ...end of MULLIKEN Population
 
 
 END POPULATION ANALYSES 
 
 
  POPULATION ANALYSES: 
 ====================
 
 LOWDIN Population: for E-        
 ---------------------
 
                                    
 
    1     BE     S       1.101745
    2     BE     S       0.875944
    3     BE    Px       0.000000
    4     BE    Py       0.000000
    5     BE    Pz      -0.000000
    6     BE     S       0.590908
    7     BE    Px       0.000000
    8     BE    Py       0.000000
    9     BE    Pz       0.000000
   10     BE     S       0.553024
   11     BE    Px       0.000000
   12     BE    Py       0.000000
   13     BE    Pz       0.000000
   14     BE     S       0.204207
   15     BE    Px       0.000000
   16     BE    Py      -0.000000
   17     BE    Pz       0.000000
   18     BE   Dxx       0.224724
   19     BE   Dxy       0.000000
   20     BE   Dxz      -0.000000
   21     BE   Dyy       0.224724
   22     BE   Dyz       0.000000
   23     BE   Dzz       0.224724
   24     BE     S       1.101745
   25     BE     S       0.875944
   26     BE    Px       0.000000
   27     BE    Py      -0.000000
   28     BE    Pz       0.000000
   29     BE     S       0.590908
   30     BE    Px       0.000000
   31     BE    Py      -0.000000
   32     BE    Pz       0.000000
   33     BE     S       0.553024
   34     BE    Px       0.000000
   35     BE    Py      -0.000000
   36     BE    Pz       0.000000
   37     BE     S       0.204207
   38     BE    Px       0.000000
   39     BE    Py       0.000000
   40     BE    Pz       0.000000
   41     BE   Dxx       0.224724
   42     BE   Dxy      -0.000000
   43     BE   Dxz       0.000000
   44     BE   Dyy       0.224724
   45     BE   Dyz       0.000000
   46     BE   Dzz       0.224724
 
                           __________
              Total =        8.000000
 
  Atomic LOWDIN Population: for E-        
            BE               4.000000
            BE               4.000000
 
 ...end of LOWDIN Population
 
 
 END POPULATION ANALYSES 
 
 
  POPULATION ANALYSES: 
 ====================
 
 MULLIKEN Population: for POSITRON  
 ---------------------
 
                                    
 
    1     E+     S      -0.004781
    2     E+     S      -0.006957
    3     E+     S       0.065962
    4     E+     S       0.132624
    5     E+     S       0.182556
    6     E+     S       0.098813
    7     E+     S       0.043893
    8     E+     S      -0.015740
    9     E+     S      -0.000309
   10     E+     S       0.000000
   11     E+    Px      -0.001088
   12     E+    Py       0.000000
   13     E+    Pz      -0.000000
   14     E+    Px       0.000480
   15     E+    Py      -0.000000
   16     E+    Pz      -0.000000
   17     E+    Px      -0.000078
   18     E+    Py       0.000000
   19     E+    Pz      -0.000000
   20     E+    Px       0.000012
   21     E+    Py       0.000000
   22     E+    Pz       0.000000
   23     E+   Dxx      -0.000100
   24     E+   Dxy       0.000000
   25     E+   Dxz       0.000000
   26     E+   Dyy       0.000057
   27     E+   Dyz      -0.000000
   28     E+   Dzz       0.000057
   29     E+   Dxx       0.003180
   30     E+   Dxy       0.000000
   31     E+   Dxz       0.000000
   32     E+   Dyy       0.000709
   33     E+   Dyz       0.000000
   34     E+   Dzz       0.000709
   35     E+     S      -0.004781
   36     E+     S      -0.006957
   37     E+     S       0.065962
   38     E+     S       0.132624
   39     E+     S       0.182556
   40     E+     S       0.098813
   41     E+     S       0.043893
   42     E+     S      -0.015740
   43     E+     S      -0.000309
   44     E+     S       0.000000
   45     E+    Px      -0.001088
   46     E+    Py      -0.000000
   47     E+    Pz      -0.000000
   48     E+    Px       0.000480
   49     E+    Py       0.000000
   50     E+    Pz      -0.000000
   51     E+    Px      -0.000078
   52     E+    Py       0.000000
   53     E+    Pz      -0.000000
   54     E+    Px       0.000012
   55     E+    Py       0.000000
   56     E+    Pz       0.000000
   57     E+   Dxx      -0.000100
   58     E+   Dxy       0.000000
   59     E+   Dxz       0.000000
   60     E+   Dyy       0.000057
   61     E+   Dyz       0.000000
   62     E+   Dzz       0.000057
   63     E+   Dxx       0.003180
   64     E+   Dxy      -0.000000
   65     E+   Dxz       0.000000
   66     E+   Dyy       0.000709
   67     E+   Dyz      -0.000000
   68     E+   Dzz       0.000709
 
                           __________
              Total =        1.000000
 
  Atomic MULLIKEN Population: for POSITRON  
            BE               0.500000
            BE               0.500000
 
 ...end of MULLIKEN Population
 
 
 END POPULATION ANALYSES 
 
 
  POPULATION ANALYSES: 
 ====================
 
 LOWDIN Population: for POSITRON  
 ---------------------
 
                                    
 
    1     E+     S       0.003441
    2     E+     S       0.014804
    3     E+     S       0.051560
    4     E+     S       0.121302
    5     E+     S       0.159005
    6     E+     S       0.105224
    7     E+     S       0.031188
    8     E+     S       0.000528
    9     E+     S       0.000154
   10     E+     S       0.000019
   11     E+    Px       0.000775
   12     E+    Py       0.000000
   13     E+    Pz      -0.000000
   14     E+    Px       0.004399
   15     E+    Py      -0.000000
   16     E+    Pz       0.000000
   17     E+    Px       0.003110
   18     E+    Py      -0.000000
   19     E+    Pz       0.000000
   20     E+    Px       0.000013
   21     E+    Py       0.000000
   22     E+    Pz       0.000000
   23     E+   Dxx       0.000100
   24     E+   Dxy      -0.000000
   25     E+   Dxz      -0.000000
   26     E+   Dyy       0.000017
   27     E+   Dyz       0.000000
   28     E+   Dzz       0.000017
   29     E+   Dxx       0.004149
   30     E+   Dxy       0.000000
   31     E+   Dxz       0.000000
   32     E+   Dyy       0.000098
   33     E+   Dyz       0.000000
   34     E+   Dzz       0.000098
   35     E+     S       0.003441
   36     E+     S       0.014804
   37     E+     S       0.051560
   38     E+     S       0.121302
   39     E+     S       0.159005
   40     E+     S       0.105224
   41     E+     S       0.031188
   42     E+     S       0.000528
   43     E+     S       0.000154
   44     E+     S       0.000019
   45     E+    Px       0.000775
   46     E+    Py      -0.000000
   47     E+    Pz      -0.000000
   48     E+    Px       0.004399
   49     E+    Py       0.000000
   50     E+    Pz       0.000000
   51     E+    Px       0.003110
   52     E+    Py       0.000000
   53     E+    Pz       0.000000
   54     E+    Px       0.000013
   55     E+    Py       0.000000
   56     E+    Pz       0.000000
   57     E+   Dxx       0.000100
   58     E+   Dxy      -0.000000
   59     E+   Dxz       0.000000
   60     E+   Dyy       0.000017
   61     E+   Dyz       0.000000
   62     E+   Dzz       0.000017
   63     E+   Dxx       0.004149
   64     E+   Dxy      -0.000000
   65     E+   Dxz       0.000000
   66     E+   Dyy       0.000098
   67     E+   Dyz      -0.000000
   68     E+   Dzz       0.000098
 
                           __________
              Total =        1.000000
 
  Atomic LOWDIN Population: for POSITRON  
            BE               0.500000
            BE               0.500000
 
 ...end of LOWDIN Population
 
 
 END POPULATION ANALYSES 
 
 
  EXPECTED POSITIONS OF QUANTUM SPECIES:
 ======================
 
 POSITIONS IN ANGSTROMS
 ------
 
                        <x>      <y>      <z>         
                 E- 104.9888  -0.0000  -0.0000
           POSITRON  13.1236  -0.0000  -0.0000
 
 END EXPECTED POSITIONS
 
 
  ELECTROSTATIC MOMENTS:
 ======================
 
 
 DIPOLE: (A.U.)
 ------
 
                           <Dx>         <Dy>         <Dz>          |D|
                 E--198.40000000   0.00000000   0.00000000
           POSITRON  24.80000000  -0.00000000  -0.00000000
    Point charges:  198.40000000   0.00000000   0.00000000
                     ____________________________
      Total Dipole:  24.80000000   0.00000000  -0.00000000  24.80000000
 
 DIPOLE: (DEBYE)
 ------
 
                           <Dx>         <Dy>         <Dz>          |D|
                 E--504.28243408   0.00000000   0.00000000
           POSITRON  63.03530426  -0.00000000  -0.00000000
    Point charges:  504.28243408   0.00000000   0.00000000
                     ____________________________
      Total Dipole:  63.03530426   0.00000000  -0.00000000  63.03530426
 
 QUADRUPOLE NON-TRACELESS: (DEBYE ANGS)
 ------
 
                           <xx>         <yy>         <zz>         <xy>         <xz>         <yz>
                 E-**************  -15.54360930  -15.54360930    0.00000000    0.00000000    0.00000000
           POSITRON 1917.15258862   67.61827558   67.61827558    0.00000000    0.00000000   -0.00000000
    Point charges: 13235.99613894    0.00000000    0.00000000    0.00000000    0.00000000    0.00000000
  Total Quadrupole: 1901.60898455   52.07466628   52.07466628    0.00000000    0.00000000   -0.00000000
                     ____________________________
 
 END ELECTROSTATIC MOMENTS
 

  TOTAL CPU Time:      0.259 (s)
 TOTAL Wall Time:      0.377 (s)
  Elapsed Time:   0h  0m  0s 377ms
LOWDIN execution terminated normally at : Tue Nov 26 15:32:32 2024
-rw-rw-r-- 1 pohl pohl 704K nov 26 15:32 0E-.ints
-rw-rw-r-- 1 pohl pohl 2.1M nov 26 15:32 0E-.POSITRON.ints
-rw-rw-r-- 1 pohl pohl 2.1M nov 26 15:32 0POSITRON.ints
-rw-rw-r-- 1 pohl pohl 704K nov 26 15:32 1E-.ints
-rw-rw-r-- 1 pohl pohl 2.1M nov 26 15:32 1E-.POSITRON.ints
-rw-rw-r-- 1 pohl pohl 2.1M nov 26 15:32 1POSITRON.ints
-rw-rw-r-- 1 pohl pohl 704K nov 26 15:32 2E-.ints
-rw-rw-r-- 1 pohl pohl 2.1M nov 26 15:32 2E-.POSITRON.ints
-rw-rw-r-- 1 pohl pohl 2.1M nov 26 15:32 2POSITRON.ints
-rw-rw-r-- 1 pohl pohl 704K nov 26 15:32 3E-.ints
-rw-rw-r-- 1 pohl pohl 2.1M nov 26 15:32 3E-.POSITRON.ints
-rw-rw-r-- 1 pohl pohl 2.1M nov 26 15:32 3POSITRON.ints
-rw-rw-r-- 1 pohl pohl   12 nov 26 15:32 E-.POSITRON.nints
-rw-rw-r-- 1 pohl pohl   65 nov 26 15:32 gepol.inp
-rw-rw-r-- 1 pohl pohl   91 nov 26 15:32 gepol.xyzr
-rw-rw-r-- 1 pohl pohl 9.5K nov 26 15:32 lowdin.bas
-rw-rw-r-- 1 pohl pohl  16K nov 26 15:32 lowdin.dat
-rw-rw-r-- 1 pohl pohl 691K nov 26 15:32 lowdin.opints
-rw-rw-r-- 1 pohl pohl  26K nov 26 15:32 lowdin.sys
-rw-rw-r-- 1 pohl pohl 689K nov 26 15:32 lowdin.wfn
-rw-rw-r-- 1 pohl pohl  499 nov 26 15:32 usual_239
-rw-rw-r-- 1 pohl pohl 1.8K nov 26 15:32 usual_239.aux
-rw-rw-r-- 1 pohl pohl  504 nov 26 15:32 usual_239.lowdin
-rw-rw-r-- 1 pohl pohl  46K nov 26 15:32 usual_239.out
-rw-rw-r-- 1 pohl pohl  54K nov 26 15:32 usual_239.vec
