Begin job by input: H2-_e+.lowdin, for user: pmorenor  at  jue 17 oct 2024 18:28:40 -05
under operating system Linux Hefesto 5.4.0-196-generic #216-Ubuntu SMP Thu Aug 29 13:26:53 UTC 2024 x86_64 x86_64 x86_64 GNU/Linux
Compilation information
  commit: f2cffef7078af1231fe3319081e66b682883a80b
  compilation date:  mar 06 feb 2024 16:53:31 -05

BEGIN INPUT INFO:
------------------------------------

GEOMETRY
        e-(H) 6-311++G.d.p 0 0 0 addParticles=1
	e-(H) 6-311++G.d.p 10 0 0 addParticles=1
	E+ GRIBAKIN-10S4P2D        0  0  0
	E+ GRIBAKIN-10S4P2D	   10  0  0 addParticles=-1
        H     dirac	   0 0 0
	H     dirac        10 0 0
END GEOMETRY

TASKS
        method = "RHF"
END TASKS

OUTPUTS
	wfnFile
END OUTPUTS


CONTROL
	units="BOHR"
	convergenceMethod=1
	SCFGhostSpecies="POSITRON"
	overlapEigenThreshold=1E-6
	HFprintEigenvalues=T
	totalEnergyTolerance = 1E-9
END CONTROL


... END INPUT INFO


 LOWDIN execution started at : Thu Oct 17 18:28:40 2024
 ---------------------------------------------------------------
 
 ***************************************************************
 *                   LOWDIN 2.0  (May/2013)                    *
 *                                                             *
 *  R. FLORES-MORENO, E. F. POSADA, F. S. MONCADA, J.ROMERO,   *
 *  J. CHARRY, M. DIAZ-TINOCO, S. A. GONZALEZ, N. F. AGUIRRE,  *
 *  A. REYES                                                   *
 *                                                             *
 *  https://sites.google.com/site/lowdinproject/               *
 *                                                             *
 ***************************************************************
 
 PARSING INPUT... DONE!
 
 LOWDIN IS RUNNING WITH NEXT PARAMETERS: 
 ----------------------------------------
 
         METHOD TYPE:  RHF
         NUMBER OF CORES:     4
         NONELECTRONIC DENSITY GUESS: HCORE
         ELECTRONIC DENSITY GUESS: HCORE
         CRITERIUM OF CONVERGENCE: ENERGY
         NONELECTRONIC ENERGY TOLERANCE IN SCFs:     0.10000E-07
         ELECTRONIC ENERGY TOLERANCE IN SCFs:     0.10000E-07
         TOTAL ENERGY TOLERANCE IN SCFs:     0.10000E-08
         SCHEME OF ITERATION: GLOBAL ITERATIONS
         SCF MAX. SUBITERATIONS - NONELECTRONS :     1
         SCF MAX. SUBITERATIONS - ELECTRONS :     1
         SCF MAX. ITERATIONS - INTERSPECIES :   200
         INTEGRAL STORAGE: DISK
         STACK SIZE FOR ERIS : 30000
         METHOD OF SCF CONVERGENCE: DAMPING
 
  MOLECULAR SYSTEM: H2-_e+
 -----------------
 
    DESCRIPTION   : H2-_e+
    CHARGE        :   2
    PUNTUAL GROUP : NONE
 
 
  INFORMATION OF PARTICLES :
 =========================
         Total number of particles   =       7
         Number of quantum particles =       5
         Number of puntual charges   =       2
         Number of quantum species   =       2
 
                 INFORMATION OF QUANTUM SPECIES 
     ---------------------------------------------------------------------
         ID      Symbol            mass     charge     spin     multiplicity
     ---------------------------------------------------------------------
         1             E-         1.0000     -1.00      0.50      1.00
         2             E+         1.0000      1.00      0.50      1.00
 
                   CONSTANTS OF COUPLING 
      ------------------------------------------------------------
           Symbol          kappa      eta     lambda     occupation
      ------------------------------------------------------------
                 E-        -1.0      2.00      2.00      2.00
                 E+        -1.0      1.00      1.00      1.00
 
                   BASIS SET FOR SPECIES 
      ------------------------------------------------------------
           Symbol          N. Basis     N. Particles     Basis Set
      ------------------------------------------------------------
                 E-           10                4     6-311++G.D
                 E+           32                1     GRIBAKIN-1
 
                                ATOMIC BASIS
         ------------------------------------------------------------
          PRIMITIVE   SHELL             EXPONENT         COEFFICIENT 
         ------------------------------------------------------------
 
    BEGIN DESCRIPTION OF BASIS FOR:    E-
    ==============================
 
 
             H BASIS SET:   6-311++G.D.P
             1         S               33.86500000          0.02549380
             2         S                5.09479000          0.19037300
             3         S                1.15879000          0.85216100
             1         S                0.32584000          1.00000000
             1         S                0.10274100          1.00000000
             1         S                0.03600000          1.00000000
             1         P                0.75000000          1.00000000
 
             H BASIS SET:   6-311++G.D.P
             1         S               33.86500000          0.02549380
             2         S                5.09479000          0.19037300
             3         S                1.15879000          0.85216100
             1         S                0.32584000          1.00000000
             1         S                0.10274100          1.00000000
             1         S                0.03600000          1.00000000
             1         P                0.75000000          1.00000000
    ... END DESCRIPTION OF BASIS
 
 
    BEGIN DESCRIPTION OF BASIS FOR:    E+
    ==============================
 
 
            E+ BASIS SET:GRIBAKIN-10S4P2
             1         S                0.00010000          1.00000000
             1         S                0.00030000          1.00000000
             1         S                0.00090000          1.00000000
             1         S                0.00270000          1.00000000
             1         S                0.00810000          1.00000000
             1         S                0.02430000          1.00000000
             1         S                0.07290000          1.00000000
             1         S                0.21870000          1.00000000
             1         S                0.65610000          1.00000000
             1         S                1.96830000          1.00000000
             1         P                0.00010000          1.00000000
             1         P                0.00030000          1.00000000
             1         P                0.00090000          1.00000000
             1         P                0.00270000          1.00000000
             1         D                0.00010000          1.00000000
             1         D                0.00030000          1.00000000
 
            E+ BASIS SET:GRIBAKIN-10S4P2
             1         S                0.00010000          1.00000000
             1         S                0.00030000          1.00000000
             1         S                0.00090000          1.00000000
             1         S                0.00270000          1.00000000
             1         S                0.00810000          1.00000000
             1         S                0.02430000          1.00000000
             1         S                0.07290000          1.00000000
             1         S                0.21870000          1.00000000
             1         S                0.65610000          1.00000000
             1         S                1.96830000          1.00000000
             1         P                0.00010000          1.00000000
             1         P                0.00030000          1.00000000
             1         P                0.00090000          1.00000000
             1         P                0.00270000          1.00000000
             1         D                0.00010000          1.00000000
             1         D                0.00030000          1.00000000
    ... END DESCRIPTION OF BASIS
 
 
  END INFORMATION OF PARTICLES
 
 
  INFORMATION OF THE QUANTUM SYSTEM 
     ---------------------------------------------------------------------
                 ID     Occupied Orbitals     Basis size
     ---------------------------------------------------------------------
                 E-            2               14
                 E+            1               68
 
  END INFORMATION OF QUANTUM SYSTEM
 
                       INITIAL GEOMETRY: AMSTRONG
                 -----------------------------------
                       <x>                 <y>                 <z>
       E-H        0.0000000000        0.0000000000        0.0000000000
       E-H        5.2917724924        0.0000000000        0.0000000000
        E+        0.0000000000        0.0000000000        0.0000000000
        E+        5.2917724924        0.0000000000        0.0000000000
         H        0.0000000000        0.0000000000        0.0000000000
         H        5.2917724924        0.0000000000        0.0000000000
 
                     MATRIX OF DISTANCE: ANGSTROM
                 -----------------------------------
                          H(1)           H(2)      
 
        H(1)             0.000000       5.291772
        H(2)             5.291772       0.000000
 
--------------------------------------------------------------------------------
** PROGRAM: SCF (Hartree Fock).     Author: S.A. Gonzalez, E. Posada, F. Moncada
--------------------------------------------------------------------------------
INFO: RUNNING IN RHF MODE.
 
----------------------------------------------------------------------
** PROGRAM INTS                          Author: E. F. Posada, 2013   
----------------------------------------------------------------------
INFO: RUNNING IN ONE_PARTICLE MODE.
 
 Number of Overlap integrals for species E-:    196
 Number of Overlap integrals for species POSITRON:   4624
 Number of Kinetic integrals for species E-:    196
 Number of Kinetic integrals for species POSITRON:   4624
 Number of Nuclear integrals for species E-:    196
 Number of Nuclear integrals for species POSITRON:   4624
 Number of Moment integrals for species E-:    588
 Number of Moment integrals for species POSITRON:  13872
 
** TOTAL CPU Time INTS :      0.020 (s)
** TOTAL Elapsed Time INTS :      0.012 (s)
 
Removed     8 orbitals for species POSITRON with overlap eigen threshold of 1.000E-06
 Combination coefficients for E- were read from H2-_e+.vec
     number of         E-     particles in guess density matrix:     4.000000
 Combination coefficients for POSITRON were read from H2-_e+.vec
     number of   POSITRON     particles in guess density matrix:     1.000000
 Number of unique integrals for species: 1 = 1427
 Number of unique integrals for species: 2 = 331662
 Number of unique integrals for species: 1 / 2 = 59639 Screened: 62
 
 TWO-BODY INTEGRAL SETUP: 
------------------------- 
 Storage:   DISK
 Scheme: LIBINT
 Stack size:  30000
 
 LIBINT library, Fermann, J. T.; Valeev, F. L. 2010                   
 LOWDIN-LIBINT Implementation V. 2.1  Posada E. F. ; Reyes A. 2016   
 ----------------------------------------------------------------------

*** TOTAL CPU time intra-species integrals :      0.095 (s)
*** TOTAL elapsed time intra-species integrals :      0.025 (s)


*** TOTAL CPU time inter-species integrals :      0.112 (s)
*** TOTAL elapsed time inter-species integrals :      0.030 (s)

INFO: RUNNING SCHEME SIMULTANEOUS
 
 Begin Multi-Species SCF calculation:
 
 --------------------------------------------------------------------------------------------------
      Iteration                   Energy            Energy Change           Density Change
 --------------------------------------------------------------------------------------------------
              1          -1.158503605781           1.158503605781           0.022053604782
              2          -1.154901393481          -0.003602212300           0.008738696137
              3          -1.153644869371          -0.001256524110           0.002831506337
              4          -1.153141583816          -0.000503285555           0.000942987291
              5          -1.152970951376          -0.000170632440           0.000316596310
              6          -1.152913698186          -0.000057253190           0.000106533814
              7          -1.152894475928          -0.000019222258           0.000035896200
              8          -1.152888010172          -0.000006465756           0.000012109332
              9          -1.152885831528          -0.000002178644           0.000004089251
             10          -1.152885096419          -0.000000735109           0.000001382135
             11          -1.152884848116          -0.000000248303           0.000000467492
             12          -1.152884764175          -0.000000083941           0.000000158218
             13          -1.152884735779          -0.000000028396           0.000000053573
             14          -1.152884726168          -0.000000009611           0.000000018147
             15          -1.152884722914          -0.000000003254           0.000000006149
             16          -1.152884721811          -0.000000001102           0.000000006313
             17          -1.152884721438          -0.000000000374           0.000000015321
 Total energy converged after  17 global iterations                                                  
 
 ...end Multi-Species SCF calculation
 
 
 Begin SCF calculation by: E-
 -------------------------
 
 -----------------------------------------------------------------------------------
 Iteration                   Energy           Density Change         DIIS Error 
 -----------------------------------------------------------------------------------
    1          -0.969647969729           0.007307321786                 -- 
    2          -0.973441014165           0.002489482941                 -- 
    3          -0.974333212382           0.000844953387                 -- 
    4          -0.974592531664           0.000285332333                 -- 
    5          -0.974675089837           0.000096166570                 -- 
    6          -0.974702303543           0.000032410426                 -- 
    7          -0.974711400386           0.000010931070                 -- 
    8          -0.974714459923           0.000003690113                 -- 
    9          -0.974715491985           0.000001246804                 -- 
   10          -0.974715840685           0.000000421588                 -- 
   11          -0.974715958615           0.000000142645                 -- 
   12          -0.974715998526           0.000000048290                 -- 
   13          -0.974716012039           0.000000016354                 -- 
   14          -0.974716016617           0.000000005541                 -- 
   15          -0.974716018168           0.000000001878                 -- 
   16          -0.974716014235           0.000000011162                 -- 
 
 ... end SCF calculation
 
 Begin SCF calculation by: POSITRON
 -------------------------
 
 -----------------------------------------------------------------------------------
 Iteration                   Energy           Density Change         DIIS Error 
 -----------------------------------------------------------------------------------
    1          -0.280936880875           0.001431374352                 -- 
    2          -0.278988311058           0.000342023395                 -- 
    3          -0.278431682550           0.000098033904                 -- 
    4          -0.278255610966           0.000031263977                 -- 
    5          -0.278197756119           0.000010367244                 -- 
    6          -0.278178465747           0.000003485774                 -- 
    7          -0.278171992216           0.000001178262                 -- 
    8          -0.278169812681           0.000000399138                 -- 
    9          -0.278169077469           0.000000135331                 -- 
   10          -0.278168829155           0.000000045903                 -- 
   11          -0.278168745212           0.000000015573                 -- 
   12          -0.278168716816           0.000000005283                 -- 
   13          -0.278168707205           0.000000001793                 -- 
   14          -0.278168703951           0.000000000608                 -- 
   15          -0.278168702848           0.000000004436                 -- 
   16          -0.278168702475           0.000000004159                 -- 
 
 ... end SCF calculation
 
  EIGENVALUES AND EIGENVECTORS: 
 ==============================
 
 
  Eigenvalues for: E-
 -----------------
 
    1           0.053235918757
    2           0.058907052018
    3           0.381869268140
    4           0.382800276554
    5           0.930498126382
    6           0.932532088374
    7           2.004558744670
    8           2.004558744670
    9           2.004567062826
   10           2.004567062826
   11           2.005859249161
   12           2.006116772158
   13           3.133196109658
   14           3.133319824997
 
 
  Eigenvalues for: POSITRON
 -----------------
 
    1          -0.278168702475
    2          -0.251451099701
    3          -0.145413014009
    4          -0.132809004466
    5          -0.105664465348
    6          -0.105664465348
    7          -0.091703755804
    8          -0.083244709281
    9          -0.081730278867
   10          -0.081730278867
   11          -0.079831836497
   12          -0.063204158207
   13          -0.060878837798
   14          -0.051431718701
   15          -0.049840591409
   16          -0.049840591409
   17          -0.045118443988
   18          -0.042252672402
   19          -0.042078147812
   20          -0.042078147812
   21          -0.038636674853
   22          -0.035126219820
   23          -0.031707662150
   24          -0.029321777377
   25          -0.029321777377
   26          -0.028073470795
   27          -0.027974523143
   28          -0.027974523143
   29          -0.024440370569
   30          -0.024440370569
   31          -0.024251216097
   32          -0.024148467716
   33          -0.024148467716
   34          -0.023905090566
   35          -0.023905090566
   36          -0.021750292901
   37          -0.021623032829
   38          -0.019586042682
   39          -0.015814781649
   40          -0.015814781649
   41          -0.015291027505
   42          -0.014520193633
   43          -0.014520193633
   44          -0.014041373781
   45          -0.013879938033
   46          -0.013870080480
   47          -0.013870080480
   48          -0.012896056580
   49          -0.012896056580
   50          -0.012645746736
   51          -0.012645746736
   52          -0.012572698625
   53          -0.010859793167
   54          -0.010129837698
   55           0.328987555446
   56           0.329447189250
   57           1.764875760551
   58           1.770310474102
   59           6.899581032608
   60           6.903352700477
   61     1000000.000000000000
   62     1000000.000000000000
   63     1000000.000000000000
   64     1000000.000000000000
   65     1000000.000000000000
   66     1000000.000000000000
   67     1000000.000000000000
   68     1000000.000000000000
 
  end of eigenvalues 
 
  Occupied Eigenvectors for: E-
 --------------------------- 
 
                           0.0532         0.0589   
 
    1      H     S       0.107500      -0.108356
    2      H     S       0.202579      -0.214374
    3      H     S       0.229461      -0.198771
    4      H     S       0.281313      -0.348258
    5      H    Px      -0.002090       0.002451
    6      H    Py       0.000000      -0.000000
    7      H    Pz       0.000000      -0.000000
    8      H     S       0.107500       0.108356
    9      H     S       0.202579       0.214374
   10      H     S       0.229461       0.198771
   11      H     S       0.281313       0.348258
   12      H    Px       0.002090       0.002451
   13      H    Py       0.000000      -0.000000
   14      H    Pz      -0.000000      -0.000000
 
 
  Occupied Eigenvectors for: POSITRON
 --------------------------- 
 
                          -0.2782   
 
    1     E+     S      -0.008901
    2     E+     S      -0.002660
    3     E+     S       0.009397
    4     E+     S      -0.039574
    5     E+     S       0.118178
    6     E+     S      -0.523620
    7     E+     S      -0.265331
    8     E+     S       0.050817
    9     E+     S       0.015335
   10     E+     S       0.006450
   11     E+    Px      -0.000915
   12     E+    Py      -0.000000
   13     E+    Pz      -0.000000
   14     E+    Px      -0.001159
   15     E+    Py       0.000000
   16     E+    Pz       0.000000
   17     E+    Px       0.036731
   18     E+    Py      -0.000000
   19     E+    Pz      -0.000000
   20     E+    Px      -0.032480
   21     E+    Py       0.000000
   22     E+    Pz       0.000000
   23     E+   Dxx       0.000194
   24     E+   Dxy       0.000000
   25     E+   Dxz      -0.000000
   26     E+   Dyy       0.001840
   27     E+   Dyz      -0.000000
   28     E+   Dzz       0.001840
   29     E+   Dxx       0.006466
   30     E+   Dxy      -0.000000
   31     E+   Dxz       0.000000
   32     E+   Dyy       0.002054
   33     E+   Dyz       0.000000
   34     E+   Dzz       0.002054
   35     E+     S      -0.008901
   36     E+     S      -0.002660
   37     E+     S       0.009397
   38     E+     S      -0.039574
   39     E+     S       0.118178
   40     E+     S      -0.523620
   41     E+     S      -0.265331
   42     E+     S       0.050817
   43     E+     S       0.015335
   44     E+     S       0.006450
   45     E+    Px       0.000915
   46     E+    Py       0.000000
   47     E+    Pz       0.000000
   48     E+    Px       0.001159
   49     E+    Py       0.000000
   50     E+    Pz      -0.000000
   51     E+    Px      -0.036731
   52     E+    Py       0.000000
   53     E+    Pz      -0.000000
   54     E+    Px       0.032480
   55     E+    Py       0.000000
   56     E+    Pz      -0.000000
   57     E+   Dxx       0.000194
   58     E+   Dxy      -0.000000
   59     E+   Dxz       0.000000
   60     E+   Dyy       0.001840
   61     E+   Dyz       0.000000
   62     E+   Dzz       0.001840
   63     E+   Dxx       0.006466
   64     E+   Dxy       0.000000
   65     E+   Dxz      -0.000000
   66     E+   Dyy       0.002054
   67     E+   Dyz      -0.000000
   68     E+   Dzz       0.002054
 
 
  end of eigenvectors 
 
  END OF EIGENVALUES AND EIGENVECTORS
 
 
  COMPONENTS OF KINETIC ENERGY: 
 -----------------------------
 
                  E- Kinetic energy =            0.982623592781
            POSITRON Kinetic energy =            0.046459828485
                                     _________________________
               Total kinetic energy =            1.029083421267
 
  COMPONENTS OF POTENTIAL ENERGY: 
 -------------------------------
 
          Fixed potential energy    =            0.100000000000
 
  Quantum/Fixed interaction energy: 
 ----------------------------------
 
          E-/Fixed interact. energy =           -3.156341589104
    POSITRON/Fixed interact. energy =            0.389905771802
                                     _________________________
               Total Q/Fixed energy =           -2.766435817302
 
  Coulomb energy: 
 ------------------
 
               E-/E- Hartree energy =            2.001433948464
   POSITRON/POSITRON Hartree energy =            0.000000000000
         E-/POSITRON Hartree energy =           -0.714534300542
                                     _________________________
               Total Hartree energy =            1.286899647922
 
  Exchange(HF) energy: 
 ----------------------
 
                 E- Exchange energy =           -0.802431971105
           POSITRON Exchange energy =            0.000000000000
                                     _________________________
              Total Exchange energy =           -0.802431971105
 
  TOTAL ENERGY COMPONENTS: 
 ==========================
 
          TOTAL KINETIC ENERGY      =            1.029083421267
          TOTAL POTENTIAL ENERGY    =           -2.181968140484
                                     _________________________
                       TOTAL ENERGY =           -1.152884719217
 
                 VIRIAL RATIO (V/T) =            2.120302489956
 
 
  END ENERGY COMPONENTS
 
 
** TOTAL CPU Time SCF :      0.147 (s)
** TOTAL Elapsed Time SCF :      0.089 (s)
 
 We are calculating properties for E- in the HF/KS ground state
 We are calculating properties for POSITRON in the HF/KS ground state
 
  POPULATION ANALYSES: 
 ====================
 
 MULLIKEN Population: for E-        
 ---------------------
 
                                    
 
    1      H     S       0.169608
    2      H     S       0.499471
    3      H     S       0.578686
    4      H     S       0.752210
    5      H    Px       0.000024
    6      H    Py       0.000000
    7      H    Pz       0.000000
    8      H     S       0.169608
    9      H     S       0.499471
   10      H     S       0.578686
   11      H     S       0.752210
   12      H    Px       0.000024
   13      H    Py       0.000000
   14      H    Pz       0.000000
 
                           __________
              Total =        4.000000
 
  Atomic MULLIKEN Population: for E-        
            H                2.000000
            H                2.000000
 
 ...end of MULLIKEN Population
 
 
 END POPULATION ANALYSES 
 
 
  POPULATION ANALYSES: 
 ====================
 
 LOWDIN Population: for E-        
 ---------------------
 
                                    
 
    1      H     S       0.185600
    2      H     S       0.484263
    3      H     S       0.673888
    4      H     S       0.656219
    5      H    Px       0.000030
    6      H    Py       0.000000
    7      H    Pz       0.000000
    8      H     S       0.185600
    9      H     S       0.484263
   10      H     S       0.673888
   11      H     S       0.656219
   12      H    Px       0.000030
   13      H    Py       0.000000
   14      H    Pz       0.000000
 
                           __________
              Total =        4.000000
 
  Atomic LOWDIN Population: for E-        
            H                2.000000
            H                2.000000
 
 ...end of LOWDIN Population
 
 
 END POPULATION ANALYSES 
 
 
  POPULATION ANALYSES: 
 ====================
 
 MULLIKEN Population: for POSITRON  
 ---------------------
 
                                    
 
    1     E+     S       0.000395
    2     E+     S       0.000264
    3     E+     S      -0.002020
    4     E+     S       0.016772
    5     E+     S      -0.080210
    6     E+     S       0.411669
    7     E+     S       0.172342
    8     E+     S      -0.019748
    9     E+     S      -0.002728
   10     E+     S      -0.000453
   11     E+    Px       0.000004
   12     E+    Py       0.000000
   13     E+    Pz      -0.000000
   14     E+    Px       0.000020
   15     E+    Py       0.000000
   16     E+    Pz       0.000000
   17     E+    Px      -0.002227
   18     E+    Py      -0.000000
   19     E+    Pz      -0.000000
   20     E+    Px       0.005951
   21     E+    Py       0.000000
   22     E+    Pz       0.000000
   23     E+   Dxx      -0.000000
   24     E+   Dxy      -0.000000
   25     E+   Dxz      -0.000000
   26     E+   Dyy      -0.000000
   27     E+   Dyz      -0.000000
   28     E+   Dzz      -0.000000
   29     E+   Dxx      -0.000026
   30     E+   Dxy       0.000000
   31     E+   Dxz       0.000000
   32     E+   Dyy      -0.000002
   33     E+   Dyz       0.000000
   34     E+   Dzz      -0.000002
   35     E+     S       0.000395
   36     E+     S       0.000264
   37     E+     S      -0.002020
   38     E+     S       0.016772
   39     E+     S      -0.080210
   40     E+     S       0.411669
   41     E+     S       0.172342
   42     E+     S      -0.019748
   43     E+     S      -0.002728
   44     E+     S      -0.000453
   45     E+    Px       0.000004
   46     E+    Py      -0.000000
   47     E+    Pz       0.000000
   48     E+    Px       0.000020
   49     E+    Py       0.000000
   50     E+    Pz      -0.000000
   51     E+    Px      -0.002227
   52     E+    Py       0.000000
   53     E+    Pz      -0.000000
   54     E+    Px       0.005951
   55     E+    Py       0.000000
   56     E+    Pz      -0.000000
   57     E+   Dxx      -0.000000
   58     E+   Dxy       0.000000
   59     E+   Dxz      -0.000000
   60     E+   Dyy      -0.000000
   61     E+   Dyz       0.000000
   62     E+   Dzz      -0.000000
   63     E+   Dxx      -0.000026
   64     E+   Dxy      -0.000000
   65     E+   Dxz       0.000000
   66     E+   Dyy      -0.000002
   67     E+   Dyz      -0.000000
   68     E+   Dzz      -0.000002
 
                           __________
              Total =        1.000000
 
  Atomic MULLIKEN Population: for POSITRON  
            H                0.500000
            H                0.500000
 
 ...end of MULLIKEN Population
 
 
 END POPULATION ANALYSES 
 
 
  POPULATION ANALYSES: 
 ====================
 
 LOWDIN Population: for POSITRON  
 ---------------------
 
                                    
 
    1     E+     S       0.000032
    2     E+     S       0.000178
    3     E+     S       0.001370
    4     E+     S       0.009221
    5     E+     S       0.064753
    6     E+     S       0.243676
    7     E+     S       0.155978
    8     E+     S       0.020031
    9     E+     S       0.000784
   10     E+     S       0.000011
   11     E+    Px       0.000000
   12     E+    Py       0.000000
   13     E+    Pz       0.000000
   14     E+    Px       0.000006
   15     E+    Py       0.000000
   16     E+    Pz       0.000000
   17     E+    Px       0.000083
   18     E+    Py       0.000000
   19     E+    Pz      -0.000000
   20     E+    Px       0.003872
   21     E+    Py       0.000000
   22     E+    Pz       0.000000
   23     E+   Dxx       0.000000
   24     E+   Dxy       0.000000
   25     E+   Dxz       0.000000
   26     E+   Dyy       0.000000
   27     E+   Dyz       0.000000
   28     E+   Dzz       0.000000
   29     E+   Dxx       0.000000
   30     E+   Dxy       0.000000
   31     E+   Dxz       0.000000
   32     E+   Dyy       0.000002
   33     E+   Dyz       0.000000
   34     E+   Dzz       0.000002
   35     E+     S       0.000032
   36     E+     S       0.000178
   37     E+     S       0.001370
   38     E+     S       0.009221
   39     E+     S       0.064753
   40     E+     S       0.243676
   41     E+     S       0.155978
   42     E+     S       0.020031
   43     E+     S       0.000784
   44     E+     S       0.000011
   45     E+    Px       0.000000
   46     E+    Py       0.000000
   47     E+    Pz       0.000000
   48     E+    Px       0.000006
   49     E+    Py       0.000000
   50     E+    Pz       0.000000
   51     E+    Px       0.000083
   52     E+    Py       0.000000
   53     E+    Pz       0.000000
   54     E+    Px       0.003872
   55     E+    Py       0.000000
   56     E+    Pz       0.000000
   57     E+   Dxx       0.000000
   58     E+   Dxy       0.000000
   59     E+   Dxz       0.000000
   60     E+   Dyy       0.000000
   61     E+   Dyz       0.000000
   62     E+   Dzz       0.000000
   63     E+   Dxx       0.000000
   64     E+   Dxy       0.000000
   65     E+   Dxz       0.000000
   66     E+   Dyy       0.000002
   67     E+   Dyz       0.000000
   68     E+   Dzz       0.000002
 
                           __________
              Total =        1.000000
 
  Atomic LOWDIN Population: for POSITRON  
            H                0.500000
            H                0.500000
 
 ...end of LOWDIN Population
 
 
 END POPULATION ANALYSES 
 
 
  EXPECTED POSITIONS OF QUANTUM SPECIES:
 ======================
 
 POSITIONS IN ANGSTROMS
 ------
 
                        <x>      <y>      <z>         
                 E-  10.5835   0.0000  -0.0000
           POSITRON   2.6459  -0.0000  -0.0000
 
 END EXPECTED POSITIONS
 
 
  ELECTROSTATIC MOMENTS:
 ======================
 
 DIPOLE: (DEBYE)
 ------
 
                           <Dx>         <Dy>         <Dz>          |D|
                 E- -50.83492279  -0.00000000   0.00000000
           POSITRON  12.70873070  -0.00000000  -0.00000000
    Point charges:   25.41746140   0.00000000   0.00000000
                     ____________________________
      Total Dipole: -12.70873070  -0.00000000  -0.00000000  12.70873070
 
 QUADRUPOLE NON-TRACELESS: (DEBYE ANGS)
 ------
 
                           <xx>         <yy>         <zz>         <xy>         <xz>         <yz>
                 E-   -0.00000000   -0.00000000   -0.00000000   -0.00000000   -0.00000000   -0.00000000
           POSITRON    0.00000000    0.00000000    0.00000000    0.00000000    0.00000000    0.00000000
    Point charges:   134.50340769    0.00000000    0.00000000    0.00000000    0.00000000    0.00000000
  Total Quadrupole:  134.50340769    0.00000000    0.00000000    0.00000000    0.00000000    0.00000000
                     ____________________________
 
 END ELECTROSTATIC MOMENTS
 


 *****************************************************************************
                               *  Molden2AIM  *
                          Version 3.1.0,  02/25/2015
           It converts the format from MOLDEN to AIM-WFN and NBO-47
 *****************************************************************************


 The MOLDEN file H2-_e+.E-.molden has been found.


 >>> Cartesian basis functions are used.

 >>> SUMMARY

     Number of atoms:                                 2
     Maximum angular momentum:                        1
     Number of primitive Cartesian functions:        18
     Number of contracted Cartesian functions:       14
     Number of primitive spherical functions:        18
     Number of contracted spherical functions:       14
     Number of orbitals to be printed:               14
 =============================================================================


  A new Molden file is generated successfully!
  File Name = H2-_e+.E-_new.molden
 =============================================================================


  A WFN file is generated successfully!
  File Name = H2-_e+.E-.wfn

  Please use
   AIM2000, AIMALL, AIMPAC, AIMPAC2, AIM-UC, CheckDen, DGrid, MORPHY,
   MultiWFN, PAMoC, ProMolden, TopChem, TopMoD, or XAIM

  to analyse the electron density distribution.
 =============================================================================


 *****************************************************************************
                               *  Molden2AIM  *
                          Version 3.1.0,  02/25/2015
           It converts the format from MOLDEN to AIM-WFN and NBO-47
 *****************************************************************************


 The MOLDEN file H2-_e+.POSITRON.molden has been found.


 >>> Cartesian basis functions are used.

 >>> SUMMARY

     Number of atoms:                                 2
     Maximum angular momentum:                        2
     Number of primitive Cartesian functions:        68
     Number of contracted Cartesian functions:       68
     Number of primitive spherical functions:        64
     Number of contracted spherical functions:       64
     Number of orbitals to be printed:               68
 =============================================================================


  A new Molden file is generated successfully!
  File Name = H2-_e+.POSITRON_new.molden
 =============================================================================


  A WFN file is generated successfully!
  File Name = H2-_e+.POSITRON.wfn

  Please use
   AIM2000, AIMALL, AIMPAC, AIMPAC2, AIM-UC, CheckDen, DGrid, MORPHY,
   MultiWFN, PAMoC, ProMolden, TopChem, TopMoD, or XAIM

  to analyse the electron density distribution.
 =============================================================================
 --------------------------------------------------------
 WFNFILE                1
          FileName: H2-_e+.E-.wfn       and .molden                                                                     
          FileName: H2-_e+.POSITRON.wfn       and .molden                                                               
 --------------------------------------------------------
 
 
** TOTAL CPU Time Outputs :      0.053 (s)
** TOTAL Elapsed Time Outputs :      0.049 (s)
 

  TOTAL CPU Time:      0.033 (s)
 TOTAL Wall Time:      0.184 (s)
  Elapsed Time:   0h  0m  0s 184ms
LOWDIN execution terminated normally at : Thu Oct 17 18:28:40 2024
-rw-rw-r-- 1 pmorenor pmorenor 704K oct 17 18:28 0E-.ints
-rw-rw-r-- 1 pmorenor pmorenor 704K oct 17 18:28 0E-.POSITRON.ints
-rw-rw-r-- 1 pmorenor pmorenor 2,1M oct 17 18:28 0POSITRON.ints
-rw-rw-r-- 1 pmorenor pmorenor 704K oct 17 18:28 1E-.ints
-rw-rw-r-- 1 pmorenor pmorenor 704K oct 17 18:28 1E-.POSITRON.ints
-rw-rw-r-- 1 pmorenor pmorenor 2,1M oct 17 18:28 1POSITRON.ints
-rw-rw-r-- 1 pmorenor pmorenor 704K oct 17 18:28 2E-.ints
-rw-rw-r-- 1 pmorenor pmorenor 704K oct 17 18:28 2E-.POSITRON.ints
-rw-rw-r-- 1 pmorenor pmorenor 2,1M oct 17 18:28 2POSITRON.ints
-rw-rw-r-- 1 pmorenor pmorenor 704K oct 17 18:28 3E-.ints
-rw-rw-r-- 1 pmorenor pmorenor 704K oct 17 18:28 3E-.POSITRON.ints
-rw-rw-r-- 1 pmorenor pmorenor 2,1M oct 17 18:28 3POSITRON.ints
-rw-rw-r-- 1 pmorenor pmorenor   12 oct 17 18:28 E-.POSITRON.nints
-rw-rw-r-- 1 pmorenor pmorenor   62 oct 17 18:28 gepol.inp
-rw-rw-r-- 1 pmorenor pmorenor   91 oct 17 18:28 gepol.xyzr
-rw-rw-r-- 1 pmorenor pmorenor  483 oct 17 18:28 H2-_e+
-rw-rw-r-- 1 pmorenor pmorenor 1,7K oct 17 18:28 H2-_e+.aux
-rw-rw-r-- 1 pmorenor pmorenor 5,8K oct 17 18:28 H2-_e+.E-.molden
-rw-rw-r-- 1 pmorenor pmorenor 6,9K oct 17 18:28 H2-_e+.E-_new.molden
-rw-rw-r-- 1 pmorenor pmorenor 5,9K oct 17 18:28 H2-_e+.E-.wfn
-rw-rw-r-- 1 pmorenor pmorenor  489 oct 17 18:28 H2-_e+.lowdin
-rw-rw-r-- 1 pmorenor pmorenor  36K oct 17 18:28 H2-_e+.out
-rw-rw-r-- 1 pmorenor pmorenor 105K oct 17 18:28 H2-_e+.POSITRON.molden
-rw-rw-r-- 1 pmorenor pmorenor 124K oct 17 18:28 H2-_e+.POSITRON_new.molden
-rw-rw-r-- 1 pmorenor pmorenor  81K oct 17 18:28 H2-_e+.POSITRON.wfn
-rw-rw-r-- 1 pmorenor pmorenor  39K oct 17 18:28 H2-_e+.vec
-rw-rw-r-- 1 pmorenor pmorenor 7,3K oct 17 18:28 lowdin.bas
-rw-rw-r-- 1 pmorenor pmorenor  15K oct 17 18:28 lowdin.dat
-rw-rw-r-- 1 pmorenor pmorenor 458K oct 17 18:28 lowdin.opints
-rw-rw-r-- 1 pmorenor pmorenor  18K oct 17 18:28 lowdin.sys
-rw-rw-r-- 1 pmorenor pmorenor 343K oct 17 18:28 lowdin.wfn
-rw-rw-r-- 1 pmorenor pmorenor 1,7K oct 17 18:28 m2a.ini
