Begin job by input: only_posi_14.lowdin, for user: pmorenor  at  jue 17 oct 2024 18:24:21 -05
under operating system Linux Hefesto 5.4.0-196-generic #216-Ubuntu SMP Thu Aug 29 13:26:53 UTC 2024 x86_64 x86_64 x86_64 GNU/Linux
Compilation information
  commit: f2cffef7078af1231fe3319081e66b682883a80b
  compilation date:  mar 06 feb 2024 16:53:31 -05

BEGIN INPUT INFO:
------------------------------------

GEOMETRY
	E+ GRIBAKIN-10S4P2D        0  0  0.00
END GEOMETRY

TASKS
        method = "RHF"
END TASKS

EXTERPOTENTIAL
	E+	P14
END EXTERPOTENTIAL

CONTROL
	units="BOHR"
	convergenceMethod=1
	SCFGhostSpecies="POSITRON"
	overlapEigenThreshold=1E-6
	HFprintEigenvalues=T
	totalEnergyTolerance = 1E-9
END CONTROL


... END INPUT INFO


 LOWDIN execution started at : Thu Oct 17 18:24:21 2024
 ---------------------------------------------------------------
 
 ***************************************************************
 *                   LOWDIN 2.0  (May/2013)                    *
 *                                                             *
 *  R. FLORES-MORENO, E. F. POSADA, F. S. MONCADA, J.ROMERO,   *
 *  J. CHARRY, M. DIAZ-TINOCO, S. A. GONZALEZ, N. F. AGUIRRE,  *
 *  A. REYES                                                   *
 *                                                             *
 *  https://sites.google.com/site/lowdinproject/               *
 *                                                             *
 ***************************************************************
 
 PARSING INPUT... DONE!
 
 LOWDIN IS RUNNING WITH NEXT PARAMETERS: 
 ----------------------------------------
 
         METHOD TYPE:  RHF
         NUMBER OF CORES:     4
         NONELECTRONIC DENSITY GUESS: HCORE
         ELECTRONIC DENSITY GUESS: HCORE
         CRITERIUM OF CONVERGENCE: ENERGY
         NONELECTRONIC ENERGY TOLERANCE IN SCFs:     0.10000E-07
         ELECTRONIC ENERGY TOLERANCE IN SCFs:     0.10000E-07
         TOTAL ENERGY TOLERANCE IN SCFs:     0.10000E-08
         SCHEME OF ITERATION: GLOBAL ITERATIONS
         SCF MAX. SUBITERATIONS - NONELECTRONS :     1
         SCF MAX. SUBITERATIONS - ELECTRONS :     1
         SCF MAX. ITERATIONS - INTERSPECIES :   200
         INTEGRAL STORAGE: DISK
         STACK SIZE FOR ERIS : 30000
         METHOD OF SCF CONVERGENCE: DAMPING
 
  MOLECULAR SYSTEM: only_posi_14
 -----------------
 
    DESCRIPTION   : only_posi_14
    CHARGE        :   1
    PUNTUAL GROUP : NONE
 
 
  INFORMATION OF PARTICLES :
 =========================
         Total number of particles   =       1
         Number of quantum particles =       1
         Number of puntual charges   =        
         Number of quantum species   =       1
 
                 INFORMATION OF QUANTUM SPECIES 
     ---------------------------------------------------------------------
         ID      Symbol            mass     charge     spin     multiplicity
     ---------------------------------------------------------------------
         1             E+         1.0000      1.00      0.50      1.00
 
                   CONSTANTS OF COUPLING 
      ------------------------------------------------------------
           Symbol          kappa      eta     lambda     occupation
      ------------------------------------------------------------
                 E+        -1.0      1.00      1.00      1.00
 
                   BASIS SET FOR SPECIES 
      ------------------------------------------------------------
           Symbol          N. Basis     N. Particles     Basis Set
      ------------------------------------------------------------
                 E+           16                1     GRIBAKIN-1
 
                                ATOMIC BASIS
         ------------------------------------------------------------
          PRIMITIVE   SHELL             EXPONENT         COEFFICIENT 
         ------------------------------------------------------------
 
    BEGIN DESCRIPTION OF BASIS FOR:    E+
    ==============================
 
 
            E+ BASIS SET:GRIBAKIN-10S4P2
             1         S                0.00010000          1.00000000
             1         S                0.00030000          1.00000000
             1         S                0.00090000          1.00000000
             1         S                0.00270000          1.00000000
             1         S                0.00810000          1.00000000
             1         S                0.02430000          1.00000000
             1         S                0.07290000          1.00000000
             1         S                0.21870000          1.00000000
             1         S                0.65610000          1.00000000
             1         S                1.96830000          1.00000000
             1         P                0.00010000          1.00000000
             1         P                0.00030000          1.00000000
             1         P                0.00090000          1.00000000
             1         P                0.00270000          1.00000000
             1         D                0.00010000          1.00000000
             1         D                0.00030000          1.00000000
    ... END DESCRIPTION OF BASIS
 
 
  END INFORMATION OF PARTICLES
 
 
  INFORMATION OF THE QUANTUM SYSTEM 
     ---------------------------------------------------------------------
                 ID     Occupied Orbitals     Basis size
     ---------------------------------------------------------------------
                 E+            1               34
 
  END INFORMATION OF QUANTUM SYSTEM
 
 
  INFORMATION OF EXTERNAL POTENTIALS 
 
 =======
 External Potential for E+ : P14
 Type : 
                     Exponent         l       R_x       R_y       R_z              Factor
                10.9287467000         0   0.00000   0.00000   0.00000      -18.6882403000
                10.9267807500         0   0.00000   0.00000   0.00000      -18.8372156000
                 1.5950567100         0   0.00000   0.00000   0.00000        1.0128946300
               543.8869891500         0   0.00000   0.00000   0.00000       22.6771656000
                17.2620802600         0   0.00000   0.00000   0.00000       -6.5591228000
                 9.4216938100         0   0.00000   0.00000   0.00000       21.7817939000
                13.7966141600         0   0.00000   0.00000   0.00000       25.8219083000
                 0.0129526600         0   0.00000   0.00000   0.00000       -0.3173854660
                46.6450177800         0   0.00000   0.00000   0.00000        4.4966461100
               143.4588047800         0   0.00000   0.00000   0.00000        7.7159055600
                10.9287467000         0   3.20000   0.00000   0.00000      -18.6882403000
                10.9267807500         0   3.20000   0.00000   0.00000      -18.8372156000
                 1.5950567100         0   3.20000   0.00000   0.00000        1.0128946300
               543.8869891500         0   3.20000   0.00000   0.00000       22.6771656000
                17.2620802600         0   3.20000   0.00000   0.00000       -6.5591228000
                 9.4216938100         0   3.20000   0.00000   0.00000       21.7817939000
                13.7966141600         0   3.20000   0.00000   0.00000       25.8219083000
                 0.0129526600         0   3.20000   0.00000   0.00000       -0.3173854660
                46.6450177800         0   3.20000   0.00000   0.00000        4.4966461100
               143.4588047800         0   3.20000   0.00000   0.00000        7.7159055600
 
  END INFORMATION OF EXTERNAL POTENTIALS
 
                       INITIAL GEOMETRY: AMSTRONG
                 -----------------------------------
                       <x>                 <y>                 <z>
        E+        0.0000000000        0.0000000000        0.0000000000
 
                     MATRIX OF DISTANCE: ANGSTROM
                 -----------------------------------
                          E+(1)     
 
        E+(1)            0.000000
 
--------------------------------------------------------------------------------
** PROGRAM: SCF (Hartree Fock).     Author: S.A. Gonzalez, E. Posada, F. Moncada
--------------------------------------------------------------------------------
INFO: RUNNING IN RHF MODE.
 
----------------------------------------------------------------------
** PROGRAM INTS                          Author: E. F. Posada, 2013   
----------------------------------------------------------------------
INFO: RUNNING IN ONE_PARTICLE MODE.
 
 Number of Overlap integrals for species POSITRON:   1156
 Number of Kinetic integrals for species POSITRON:   1156
 Number of Nuclear integrals for species POSITRON:   1156
 Number of Moment integrals for species POSITRON:   3468
 Number of 3C Overlap integrals for species POSITRON:   1156
 
** TOTAL CPU Time INTS :      0.020 (s)
** TOTAL Elapsed Time INTS :      0.016 (s)
 
 Combination coefficients for POSITRON were read from only_posi_14.vec
     number of   POSITRON     particles in guess density matrix:     1.000000
 Number of unique integrals for species: 1 = 13879
 
 TWO-BODY INTEGRAL SETUP: 
------------------------- 
 Storage:   DISK
 Scheme: LIBINT
 Stack size:  30000
 
 LIBINT library, Fermann, J. T.; Valeev, F. L. 2010                   
 LOWDIN-LIBINT Implementation V. 2.1  Posada E. F. ; Reyes A. 2016   
 ----------------------------------------------------------------------

*** TOTAL CPU time intra-species integrals :      0.015 (s)
*** TOTAL elapsed time intra-species integrals :      0.007 (s)

INFO: RUNNING SCHEME SIMULTANEOUS
 
 Begin Multi-Species SCF calculation:
 
 --------------------------------------------------------------------------------------------------
      Iteration                   Energy            Energy Change           Density Change
 --------------------------------------------------------------------------------------------------
              1          -0.402927151266           0.402927151266           0.000000000000
              2          -0.402927151266           0.000000000000           0.000000000000
 Total energy converged after   2 global iterations                                                  
 
 ...end Multi-Species SCF calculation
 
 
 Begin SCF calculation by: POSITRON
 -------------------------
 
 -----------------------------------------------------------------------------------
 Iteration                   Energy           Density Change         DIIS Error 
 -----------------------------------------------------------------------------------
    1          -0.876468382083           0.000000000000                 -- 
 
 ... end SCF calculation
 
  EIGENVALUES AND EIGENVECTORS: 
 ==============================
 
 
  Eigenvalues for: POSITRON
 -----------------
 
    1          -0.402927151266
    2          -0.215519183513
    3          -0.066188166371
    4          -0.030072581341
    5          -0.030072581341
    6          -0.028976027279
    7           0.000074714272
    8           0.000225014530
    9           0.000225520789
   10           0.000225520789
   11           0.000305814202
   12           0.000330848474
   13           0.000330848485
   14           0.000330848485
   15           0.000330848533
   16           0.000330848533
   17           0.000818542918
   18           0.000978368926
   19           0.000978642656
   20           0.000978642656
   21           0.001253480215
   22           0.001254188943
   23           0.001254188943
   24           0.001255393301
   25           0.001255393301
   26           0.001697853913
   27           0.003076853081
   28           0.003138049618
   29           0.003138049618
   30           0.004275800069
   31           0.010299306009
   32           0.195716413362
   33           1.603812517021
   34           6.721643010427
 
  end of eigenvalues 
 
  Occupied Eigenvectors for: POSITRON
 --------------------------- 
 
                          -0.4029   
 
    1     E+     S       0.062889
    2     E+     S       0.057226
    3     E+     S      -0.095392
    4     E+     S       0.101964
    5     E+     S      -0.171157
    6     E+     S       0.535519
    7     E+     S       0.705028
    8     E+     S      -0.139641
    9     E+     S      -0.005346
   10     E+     S      -0.016180
   11     E+    Px      -0.002838
   12     E+    Py       0.000000
   13     E+    Pz      -0.000000
   14     E+    Px       0.008309
   15     E+    Py      -0.000000
   16     E+    Pz       0.000000
   17     E+    Px      -0.015906
   18     E+    Py       0.000000
   19     E+    Pz      -0.000000
   20     E+    Px       0.020102
   21     E+    Py      -0.000000
   22     E+    Pz       0.000000
   23     E+   Dxx      -0.009078
   24     E+   Dxy       0.000000
   25     E+   Dxz      -0.000000
   26     E+   Dyy      -0.009065
   27     E+   Dyz      -0.000000
   28     E+   Dzz      -0.009065
   29     E+   Dxx      -0.029913
   30     E+   Dxy      -0.000000
   31     E+   Dxz       0.000000
   32     E+   Dyy      -0.029939
   33     E+   Dyz       0.000000
   34     E+   Dzz      -0.029939
 
 
  end of eigenvectors 
 
  END OF EIGENVALUES AND EIGENVECTORS
 
 
  COMPONENTS OF KINETIC ENERGY: 
 -----------------------------
 
            POSITRON Kinetic energy =            0.070614079552
                                     _________________________
               Total kinetic energy =            0.070614079552
 
  COMPONENTS OF POTENTIAL ENERGY: 
 -------------------------------
 
          Fixed potential energy    =            0.000000000000
 
  Quantum/Fixed interaction energy: 
 ----------------------------------
 
    POSITRON/Fixed interact. energy =            0.000000000000
                                     _________________________
               Total Q/Fixed energy =            0.000000000000
 
  Coulomb energy: 
 ------------------
 
   POSITRON/POSITRON Hartree energy =            0.000000000000
                                     _________________________
               Total Hartree energy =            0.000000000000
 
  Exchange(HF) energy: 
 ----------------------
 
           POSITRON Exchange energy =            0.000000000000
                                     _________________________
              Total Exchange energy =            0.000000000000
 
  External Potential energy: 
 ----------------------------
 
            POSITRON Ext Pot energy =           -0.473541230817
                                     _________________________
    Total External Potential energy =           -0.473541230817
 
  TOTAL ENERGY COMPONENTS: 
 ==========================
 
          TOTAL KINETIC ENERGY      =            0.070614079552
          TOTAL POTENTIAL ENERGY    =           -0.473541230817
                                     _________________________
                       TOTAL ENERGY =           -0.402927151266
 
                 VIRIAL RATIO (V/T) =            6.706045505700
 
 
  END ENERGY COMPONENTS
 
 
** TOTAL CPU Time SCF :      0.003 (s)
** TOTAL Elapsed Time SCF :      0.033 (s)
 
 We are calculating properties for POSITRON in the HF/KS ground state
 
  POPULATION ANALYSES: 
 ====================
 
 MULLIKEN Population: for POSITRON  
 ---------------------
 
                                    
 
    1     E+     S       0.001831
    2     E+     S       0.003771
    3     E+     S      -0.014042
    4     E+     S       0.032247
    5     E+     S      -0.104681
    6     E+     S       0.499344
    7     E+     S       0.673647
    8     E+     S      -0.088637
    9     E+     S      -0.001624
   10     E+     S      -0.001987
   11     E+    Px      -0.000001
   12     E+    Py      -0.000000
   13     E+    Pz      -0.000000
   14     E+    Px       0.000007
   15     E+    Py       0.000000
   16     E+    Pz       0.000000
   17     E+    Px      -0.000050
   18     E+    Py       0.000000
   19     E+    Pz      -0.000000
   20     E+    Px       0.000223
   21     E+    Py       0.000000
   22     E+    Pz       0.000000
   23     E+   Dxx      -0.000001
   24     E+   Dxy       0.000000
   25     E+   Dxz      -0.000000
   26     E+   Dyy      -0.000001
   27     E+   Dyz      -0.000000
   28     E+   Dzz      -0.000001
   29     E+   Dxx      -0.000016
   30     E+   Dxy       0.000000
   31     E+   Dxz       0.000000
   32     E+   Dyy      -0.000015
   33     E+   Dyz       0.000000
   34     E+   Dzz      -0.000015
 
                           __________
              Total =        1.000000
 
  Atomic MULLIKEN Population: for POSITRON  
            E+               1.000000
 
 ...end of MULLIKEN Population
 
 
 END POPULATION ANALYSES 
 
 
  POPULATION ANALYSES: 
 ====================
 
 LOWDIN Population: for POSITRON  
 ---------------------
 
                                    
 
    1     E+     S       0.000034
    2     E+     S       0.000171
    3     E+     S       0.000707
    4     E+     S       0.007508
    5     E+     S       0.056375
    6     E+     S       0.393912
    7     E+     S       0.464985
    8     E+     S       0.072861
    9     E+     S       0.003183
   10     E+     S       0.000077
   11     E+    Px       0.000000
   12     E+    Py      -0.000000
   13     E+    Pz       0.000000
   14     E+    Px       0.000002
   15     E+    Py       0.000000
   16     E+    Pz       0.000000
   17     E+    Px       0.000007
   18     E+    Py       0.000000
   19     E+    Pz       0.000000
   20     E+    Px       0.000170
   21     E+    Py       0.000000
   22     E+    Pz       0.000000
   23     E+   Dxx       0.000000
   24     E+   Dxy       0.000000
   25     E+   Dxz       0.000000
   26     E+   Dyy       0.000000
   27     E+   Dyz      -0.000000
   28     E+   Dzz       0.000000
   29     E+   Dxx       0.000003
   30     E+   Dxy      -0.000000
   31     E+   Dxz       0.000000
   32     E+   Dyy       0.000003
   33     E+   Dyz       0.000000
   34     E+   Dzz       0.000003
 
                           __________
              Total =        1.000000
 
  Atomic LOWDIN Population: for POSITRON  
            E+               1.000000
 
 ...end of LOWDIN Population
 
 
 END POPULATION ANALYSES 
 
 
  EXPECTED POSITIONS OF QUANTUM SPECIES:
 ======================
 
 POSITIONS IN ANGSTROMS
 ------
 
                        <x>      <y>      <z>         
           POSITRON   0.0066  -0.0000   0.0000
 
 END EXPECTED POSITIONS
 
 
  ELECTROSTATIC MOMENTS:
 ======================
 
 DIPOLE: (DEBYE)
 ------
 
                           <Dx>         <Dy>         <Dz>          |D|
           POSITRON   0.03168225  -0.00000000   0.00000000
    Point charges:    0.00000000   0.00000000   0.00000000
                     ____________________________
      Total Dipole:   0.03168225  -0.00000000   0.00000000   0.03168225
 
 QUADRUPOLE NON-TRACELESS: (DEBYE ANGS)
 ------
 
                           <xx>         <yy>         <zz>         <xy>         <xz>         <yz>
           POSITRON    0.00000000    0.00000000    0.00000000    0.00000000    0.00000000    0.00000000
    Point charges:     0.00000000    0.00000000    0.00000000    0.00000000    0.00000000    0.00000000
  Total Quadrupole:    0.00000000    0.00000000    0.00000000    0.00000000    0.00000000    0.00000000
                     ____________________________
 
 END ELECTROSTATIC MOMENTS
 

  TOTAL CPU Time:      0.017 (s)
 TOTAL Wall Time:      0.059 (s)
  Elapsed Time:   0h  0m  0s  60ms
LOWDIN execution terminated normally at : Thu Oct 17 18:24:21 2024
-rw-rw-r-- 1 pmorenor pmorenor 704K oct 17 18:24 0POSITRON.ints
-rw-rw-r-- 1 pmorenor pmorenor 704K oct 17 18:24 1POSITRON.ints
-rw-rw-r-- 1 pmorenor pmorenor 704K oct 17 18:24 2POSITRON.ints
-rw-rw-r-- 1 pmorenor pmorenor 704K oct 17 18:24 3POSITRON.ints
-rw-rw-r-- 1 pmorenor pmorenor   68 oct 17 18:24 gepol.inp
-rw-rw-r-- 1 pmorenor pmorenor    0 oct 17 18:24 gepol.xyzr
-rw-rw-r-- 1 pmorenor pmorenor 2.6K oct 17 18:24 lowdin.bas
-rw-rw-r-- 1 pmorenor pmorenor  15K oct 17 18:24 lowdin.dat
-rw-rw-r-- 1 pmorenor pmorenor 121K oct 17 18:24 lowdin.opints
-rw-rw-r-- 1 pmorenor pmorenor 6.4K oct 17 18:24 lowdin.sys
-rw-rw-r-- 1 pmorenor pmorenor  93K oct 17 18:24 lowdin.wfn
-rw-rw-r-- 1 pmorenor pmorenor  304 oct 17 18:24 only_posi_14
-rw-rw-r-- 1 pmorenor pmorenor 9.5K oct 17 18:24 only_posi_140.vec
-rw-rw-r-- 1 pmorenor pmorenor 9.5K oct 17 18:24 only_posi_141.vec
-rw-rw-r-- 1 pmorenor pmorenor 9.5K oct 17 18:24 only_posi_142.vec
-rw-rw-r-- 1 pmorenor pmorenor 9.5K oct 17 18:24 only_posi_143.vec
-rw-rw-r-- 1 pmorenor pmorenor 9.5K oct 17 18:24 only_posi_144.vec
-rw-rw-r-- 1 pmorenor pmorenor 9.5K oct 17 18:24 only_posi_145.vec
-rw-rw-r-- 1 pmorenor pmorenor 9.5K oct 17 18:24 only_posi_146.vec
-rw-rw-r-- 1 pmorenor pmorenor 9.5K oct 17 18:24 only_posi_147.vec
-rw-rw-r-- 1 pmorenor pmorenor 9.5K oct 17 18:24 only_posi_148.vec
-rw-rw-r-- 1 pmorenor pmorenor 9.5K oct 17 18:24 only_posi_149.vec
-rw-rw-r-- 1 pmorenor pmorenor  799 oct 17 18:24 only_posi_14.aux
-rw-rw-r-- 1 pmorenor pmorenor  309 oct 17 18:24 only_posi_14.lowdin
-rw-rw-r-- 1 pmorenor pmorenor  20K oct 17 18:24 only_posi_14.out
-rw-rw-r-- 1 pmorenor pmorenor 9.5K oct 17 18:24 only_posi_14.vec
