Begin job by input: only_posi_34.lowdin, for user: pmorenor  at  jue 17 oct 2024 18:24:32 -05
under operating system Linux Hefesto 5.4.0-196-generic #216-Ubuntu SMP Thu Aug 29 13:26:53 UTC 2024 x86_64 x86_64 x86_64 GNU/Linux
Compilation information
  commit: f2cffef7078af1231fe3319081e66b682883a80b
  compilation date:  mar 06 feb 2024 16:53:31 -05

BEGIN INPUT INFO:
------------------------------------

GEOMETRY
	E+ GRIBAKIN-10S4P2D        0  0  0.00
END GEOMETRY

TASKS
        method = "RHF"
END TASKS

EXTERPOTENTIAL
	E+	P34
END EXTERPOTENTIAL

CONTROL
	units="BOHR"
	convergenceMethod=1
	SCFGhostSpecies="POSITRON"
	overlapEigenThreshold=1E-6
	HFprintEigenvalues=T
	totalEnergyTolerance = 1E-9
END CONTROL


... END INPUT INFO


 LOWDIN execution started at : Thu Oct 17 18:24:32 2024
 ---------------------------------------------------------------
 
 ***************************************************************
 *                   LOWDIN 2.0  (May/2013)                    *
 *                                                             *
 *  R. FLORES-MORENO, E. F. POSADA, F. S. MONCADA, J.ROMERO,   *
 *  J. CHARRY, M. DIAZ-TINOCO, S. A. GONZALEZ, N. F. AGUIRRE,  *
 *  A. REYES                                                   *
 *                                                             *
 *  https://sites.google.com/site/lowdinproject/               *
 *                                                             *
 ***************************************************************
 
 PARSING INPUT... DONE!
 
 LOWDIN IS RUNNING WITH NEXT PARAMETERS: 
 ----------------------------------------
 
         METHOD TYPE:  RHF
         NUMBER OF CORES:     4
         NONELECTRONIC DENSITY GUESS: HCORE
         ELECTRONIC DENSITY GUESS: HCORE
         CRITERIUM OF CONVERGENCE: ENERGY
         NONELECTRONIC ENERGY TOLERANCE IN SCFs:     0.10000E-07
         ELECTRONIC ENERGY TOLERANCE IN SCFs:     0.10000E-07
         TOTAL ENERGY TOLERANCE IN SCFs:     0.10000E-08
         SCHEME OF ITERATION: GLOBAL ITERATIONS
         SCF MAX. SUBITERATIONS - NONELECTRONS :     1
         SCF MAX. SUBITERATIONS - ELECTRONS :     1
         SCF MAX. ITERATIONS - INTERSPECIES :   200
         INTEGRAL STORAGE: DISK
         STACK SIZE FOR ERIS : 30000
         METHOD OF SCF CONVERGENCE: DAMPING
 
  MOLECULAR SYSTEM: only_posi_34
 -----------------
 
    DESCRIPTION   : only_posi_34
    CHARGE        :   1
    PUNTUAL GROUP : NONE
 
 
  INFORMATION OF PARTICLES :
 =========================
         Total number of particles   =       1
         Number of quantum particles =       1
         Number of puntual charges   =        
         Number of quantum species   =       1
 
                 INFORMATION OF QUANTUM SPECIES 
     ---------------------------------------------------------------------
         ID      Symbol            mass     charge     spin     multiplicity
     ---------------------------------------------------------------------
         1             E+         1.0000      1.00      0.50      1.00
 
                   CONSTANTS OF COUPLING 
      ------------------------------------------------------------
           Symbol          kappa      eta     lambda     occupation
      ------------------------------------------------------------
                 E+        -1.0      1.00      1.00      1.00
 
                   BASIS SET FOR SPECIES 
      ------------------------------------------------------------
           Symbol          N. Basis     N. Particles     Basis Set
      ------------------------------------------------------------
                 E+           16                1     GRIBAKIN-1
 
                                ATOMIC BASIS
         ------------------------------------------------------------
          PRIMITIVE   SHELL             EXPONENT         COEFFICIENT 
         ------------------------------------------------------------
 
    BEGIN DESCRIPTION OF BASIS FOR:    E+
    ==============================
 
 
            E+ BASIS SET:GRIBAKIN-10S4P2
             1         S                0.00010000          1.00000000
             1         S                0.00030000          1.00000000
             1         S                0.00090000          1.00000000
             1         S                0.00270000          1.00000000
             1         S                0.00810000          1.00000000
             1         S                0.02430000          1.00000000
             1         S                0.07290000          1.00000000
             1         S                0.21870000          1.00000000
             1         S                0.65610000          1.00000000
             1         S                1.96830000          1.00000000
             1         P                0.00010000          1.00000000
             1         P                0.00030000          1.00000000
             1         P                0.00090000          1.00000000
             1         P                0.00270000          1.00000000
             1         D                0.00010000          1.00000000
             1         D                0.00030000          1.00000000
    ... END DESCRIPTION OF BASIS
 
 
  END INFORMATION OF PARTICLES
 
 
  INFORMATION OF THE QUANTUM SYSTEM 
     ---------------------------------------------------------------------
                 ID     Occupied Orbitals     Basis size
     ---------------------------------------------------------------------
                 E+            1               34
 
  END INFORMATION OF QUANTUM SYSTEM
 
 
  INFORMATION OF EXTERNAL POTENTIALS 
 
 =======
 External Potential for E+ : P34
 Type : 
                     Exponent         l       R_x       R_y       R_z              Factor
                10.9287467000         0   0.00000   0.00000   0.00000      -18.6882403000
                10.9267807500         0   0.00000   0.00000   0.00000      -18.8372156000
                 1.5950567100         0   0.00000   0.00000   0.00000        1.0128946300
               543.8869891500         0   0.00000   0.00000   0.00000       22.6771656000
                17.2620802600         0   0.00000   0.00000   0.00000       -6.5591228000
                 9.4216938100         0   0.00000   0.00000   0.00000       21.7817939000
                13.7966141600         0   0.00000   0.00000   0.00000       25.8219083000
                 0.0129526600         0   0.00000   0.00000   0.00000       -0.3173854660
                46.6450177800         0   0.00000   0.00000   0.00000        4.4966461100
               143.4588047800         0   0.00000   0.00000   0.00000        7.7159055600
                10.9287467000         0   7.20000   0.00000   0.00000      -18.6882403000
                10.9267807500         0   7.20000   0.00000   0.00000      -18.8372156000
                 1.5950567100         0   7.20000   0.00000   0.00000        1.0128946300
               543.8869891500         0   7.20000   0.00000   0.00000       22.6771656000
                17.2620802600         0   7.20000   0.00000   0.00000       -6.5591228000
                 9.4216938100         0   7.20000   0.00000   0.00000       21.7817939000
                13.7966141600         0   7.20000   0.00000   0.00000       25.8219083000
                 0.0129526600         0   7.20000   0.00000   0.00000       -0.3173854660
                46.6450177800         0   7.20000   0.00000   0.00000        4.4966461100
               143.4588047800         0   7.20000   0.00000   0.00000        7.7159055600
 
  END INFORMATION OF EXTERNAL POTENTIALS
 
                       INITIAL GEOMETRY: AMSTRONG
                 -----------------------------------
                       <x>                 <y>                 <z>
        E+        0.0000000000        0.0000000000        0.0000000000
 
                     MATRIX OF DISTANCE: ANGSTROM
                 -----------------------------------
                          E+(1)     
 
        E+(1)            0.000000
 
--------------------------------------------------------------------------------
** PROGRAM: SCF (Hartree Fock).     Author: S.A. Gonzalez, E. Posada, F. Moncada
--------------------------------------------------------------------------------
INFO: RUNNING IN RHF MODE.
 
----------------------------------------------------------------------
** PROGRAM INTS                          Author: E. F. Posada, 2013   
----------------------------------------------------------------------
INFO: RUNNING IN ONE_PARTICLE MODE.
 
 Number of Overlap integrals for species POSITRON:   1156
 Number of Kinetic integrals for species POSITRON:   1156
 Number of Nuclear integrals for species POSITRON:   1156
 Number of Moment integrals for species POSITRON:   3468
 Number of 3C Overlap integrals for species POSITRON:   1156
 
** TOTAL CPU Time INTS :      0.027 (s)
** TOTAL Elapsed Time INTS :      0.019 (s)
 
 Combination coefficients for POSITRON were read from only_posi_34.vec
     number of   POSITRON     particles in guess density matrix:     1.000000
 Number of unique integrals for species: 1 = 13879
 
 TWO-BODY INTEGRAL SETUP: 
------------------------- 
 Storage:   DISK
 Scheme: LIBINT
 Stack size:  30000
 
 LIBINT library, Fermann, J. T.; Valeev, F. L. 2010                   
 LOWDIN-LIBINT Implementation V. 2.1  Posada E. F. ; Reyes A. 2016   
 ----------------------------------------------------------------------

*** TOTAL CPU time intra-species integrals :      0.023 (s)
*** TOTAL elapsed time intra-species integrals :      0.007 (s)

INFO: RUNNING SCHEME SIMULTANEOUS
 
 Begin Multi-Species SCF calculation:
 
 --------------------------------------------------------------------------------------------------
      Iteration                   Energy            Energy Change           Density Change
 --------------------------------------------------------------------------------------------------
              1          -0.324970272696           0.324970272696           0.000014206427
              2          -0.324970280052           0.000000007357           0.000000000000
              3          -0.324970280052           0.000000000000           0.000000000000
 Total energy converged after   3 global iterations                                                  
 
 ...end Multi-Species SCF calculation
 
 
 Begin SCF calculation by: POSITRON
 -------------------------
 
 -----------------------------------------------------------------------------------
 Iteration                   Energy           Density Change         DIIS Error 
 -----------------------------------------------------------------------------------
    1          -0.710590370476           0.000000000000                 -- 
    2          -0.710590370476           0.000000000000                 -- 
 
 ... end SCF calculation
 
  EIGENVALUES AND EIGENVECTORS: 
 ==============================
 
 
  Eigenvalues for: POSITRON
 -----------------
 
    1          -0.324970280052
    2          -0.165916474439
    3          -0.063834893170
    4          -0.026923997553
    5          -0.026923997553
    6          -0.022687162285
    7           0.000070972376
    8           0.000220562387
    9           0.000225493497
   10           0.000225493497
   11           0.000293905370
   12           0.000330848289
   13           0.000330848397
   14           0.000330848397
   15           0.000330848645
   16           0.000330848645
   17           0.000771716373
   18           0.000978817662
   19           0.000980222168
   20           0.000980222168
   21           0.001238176860
   22           0.001249197522
   23           0.001249197522
   24           0.001255581811
   25           0.001255581811
   26           0.001629512268
   27           0.002832373530
   28           0.003135709995
   29           0.003135709995
   30           0.004442385691
   31           0.011030983199
   32           0.277280942079
   33           1.708001948474
   34           6.833879992638
 
  end of eigenvalues 
 
  Occupied Eigenvectors for: POSITRON
 --------------------------- 
 
                          -0.3250   
 
    1     E+     S      -0.066355
    2     E+     S      -0.060302
    3     E+     S       0.100514
    4     E+     S      -0.107375
    5     E+     S       0.178348
    6     E+     S      -0.689668
    7     E+     S      -0.553971
    8     E+     S       0.143474
    9     E+     S       0.001600
   10     E+     S       0.014153
   11     E+    Px       0.006917
   12     E+    Py      -0.000000
   13     E+    Pz      -0.000000
   14     E+    Px      -0.020262
   15     E+    Py       0.000000
   16     E+    Pz      -0.000000
   17     E+    Px       0.038879
   18     E+    Py      -0.000000
   19     E+    Pz      -0.000000
   20     E+    Px      -0.049730
   21     E+    Py       0.000000
   22     E+    Pz       0.000000
   23     E+   Dxx       0.009645
   24     E+   Dxy      -0.000000
   25     E+   Dxz       0.000000
   26     E+   Dyy       0.009533
   27     E+   Dyz      -0.000000
   28     E+   Dzz       0.009533
   29     E+   Dxx       0.031416
   30     E+   Dxy       0.000000
   31     E+   Dxz      -0.000000
   32     E+   Dyy       0.031640
   33     E+   Dyz       0.000000
   34     E+   Dzz       0.031640
 
 
  end of eigenvectors 
 
  END OF EIGENVALUES AND EIGENVECTORS
 
 
  COMPONENTS OF KINETIC ENERGY: 
 -----------------------------
 
            POSITRON Kinetic energy =            0.060649810371
                                     _________________________
               Total kinetic energy =            0.060649810371
 
  COMPONENTS OF POTENTIAL ENERGY: 
 -------------------------------
 
          Fixed potential energy    =            0.000000000000
 
  Quantum/Fixed interaction energy: 
 ----------------------------------
 
    POSITRON/Fixed interact. energy =            0.000000000000
                                     _________________________
               Total Q/Fixed energy =            0.000000000000
 
  Coulomb energy: 
 ------------------
 
   POSITRON/POSITRON Hartree energy =            0.000000000000
                                     _________________________
               Total Hartree energy =            0.000000000000
 
  Exchange(HF) energy: 
 ----------------------
 
           POSITRON Exchange energy =            0.000000000000
                                     _________________________
              Total Exchange energy =            0.000000000000
 
  External Potential energy: 
 ----------------------------
 
            POSITRON Ext Pot energy =           -0.385620090424
                                     _________________________
    Total External Potential energy =           -0.385620090424
 
  TOTAL ENERGY COMPONENTS: 
 ==========================
 
          TOTAL KINETIC ENERGY      =            0.060649810371
          TOTAL POTENTIAL ENERGY    =           -0.385620090424
                                     _________________________
                       TOTAL ENERGY =           -0.324970280052
 
                 VIRIAL RATIO (V/T) =            6.358141733050
 
 
  END ENERGY COMPONENTS
 
 
** TOTAL CPU Time SCF :      0.003 (s)
** TOTAL Elapsed Time SCF :      0.036 (s)
 
 We are calculating properties for POSITRON in the HF/KS ground state
 
  POPULATION ANALYSES: 
 ====================
 
 MULLIKEN Population: for POSITRON  
 ---------------------
 
                                    
 
    1     E+     S       0.002180
    2     E+     S       0.004479
    3     E+     S      -0.016606
    4     E+     S       0.037687
    5     E+     S      -0.117895
    6     E+     S       0.662192
    7     E+     S       0.512611
    8     E+     S      -0.083727
    9     E+     S      -0.000432
   10     E+     S      -0.001522
   11     E+    Px      -0.000004
   12     E+    Py      -0.000000
   13     E+    Pz       0.000000
   14     E+    Px       0.000044
   15     E+    Py       0.000000
   16     E+    Pz       0.000000
   17     E+    Px      -0.000313
   18     E+    Py      -0.000000
   19     E+    Pz       0.000000
   20     E+    Px       0.001376
   21     E+    Py       0.000000
   22     E+    Pz      -0.000000
   23     E+   Dxx      -0.000001
   24     E+   Dxy      -0.000000
   25     E+   Dxz      -0.000000
   26     E+   Dyy      -0.000001
   27     E+   Dyz       0.000000
   28     E+   Dzz      -0.000001
   29     E+   Dxx      -0.000024
   30     E+   Dxy       0.000000
   31     E+   Dxz       0.000000
   32     E+   Dyy      -0.000021
   33     E+   Dyz       0.000000
   34     E+   Dzz      -0.000021
 
                           __________
              Total =        1.000000
 
  Atomic MULLIKEN Population: for POSITRON  
            E+               1.000000
 
 ...end of MULLIKEN Population
 
 
 END POPULATION ANALYSES 
 
 
  POPULATION ANALYSES: 
 ====================
 
 LOWDIN Population: for POSITRON  
 ---------------------
 
                                    
 
    1     E+     S       0.000043
    2     E+     S       0.000218
    3     E+     S       0.000993
    4     E+     S       0.010123
    5     E+     S       0.078040
    6     E+     S       0.454912
    7     E+     S       0.401939
    8     E+     S       0.050607
    9     E+     S       0.001967
   10     E+     S       0.000043
   11     E+    Px       0.000000
   12     E+    Py      -0.000000
   13     E+    Pz       0.000000
   14     E+    Px       0.000009
   15     E+    Py       0.000000
   16     E+    Pz       0.000000
   17     E+    Px       0.000041
   18     E+    Py       0.000000
   19     E+    Pz       0.000000
   20     E+    Px       0.001052
   21     E+    Py       0.000000
   22     E+    Pz       0.000000
   23     E+   Dxx       0.000000
   24     E+   Dxy       0.000000
   25     E+   Dxz       0.000000
   26     E+   Dyy       0.000000
   27     E+   Dyz       0.000000
   28     E+   Dzz       0.000000
   29     E+   Dxx       0.000003
   30     E+   Dxy       0.000000
   31     E+   Dxz       0.000000
   32     E+   Dyy       0.000004
   33     E+   Dyz       0.000000
   34     E+   Dzz       0.000004
 
                           __________
              Total =        1.000000
 
  Atomic LOWDIN Population: for POSITRON  
            E+               1.000000
 
 ...end of LOWDIN Population
 
 
 END POPULATION ANALYSES 
 
 
  EXPECTED POSITIONS OF QUANTUM SPECIES:
 ======================
 
 POSITIONS IN ANGSTROMS
 ------
 
                        <x>      <y>      <z>         
           POSITRON   0.0210  -0.0000   0.0000
 
 END EXPECTED POSITIONS
 
 
  ELECTROSTATIC MOMENTS:
 ======================
 
 DIPOLE: (DEBYE)
 ------
 
                           <Dx>         <Dy>         <Dz>          |D|
           POSITRON   0.10071561  -0.00000000   0.00000000
    Point charges:    0.00000000   0.00000000   0.00000000
                     ____________________________
      Total Dipole:   0.10071561  -0.00000000   0.00000000   0.10071561
 
 QUADRUPOLE NON-TRACELESS: (DEBYE ANGS)
 ------
 
                           <xx>         <yy>         <zz>         <xy>         <xz>         <yz>
           POSITRON    0.00000000    0.00000000    0.00000000    0.00000000    0.00000000    0.00000000
    Point charges:     0.00000000    0.00000000    0.00000000    0.00000000    0.00000000    0.00000000
  Total Quadrupole:    0.00000000    0.00000000    0.00000000    0.00000000    0.00000000    0.00000000
                     ____________________________
 
 END ELECTROSTATIC MOMENTS
 

  TOTAL CPU Time:      0.021 (s)
 TOTAL Wall Time:      0.067 (s)
  Elapsed Time:   0h  0m  0s  67ms
LOWDIN execution terminated normally at : Thu Oct 17 18:24:32 2024
-rw-rw-r-- 1 pmorenor pmorenor 704K oct 17 18:24 0POSITRON.ints
-rw-rw-r-- 1 pmorenor pmorenor 704K oct 17 18:24 1POSITRON.ints
-rw-rw-r-- 1 pmorenor pmorenor 704K oct 17 18:24 2POSITRON.ints
-rw-rw-r-- 1 pmorenor pmorenor 704K oct 17 18:24 3POSITRON.ints
-rw-rw-r-- 1 pmorenor pmorenor   68 oct 17 18:24 gepol.inp
-rw-rw-r-- 1 pmorenor pmorenor    0 oct 17 18:24 gepol.xyzr
-rw-rw-r-- 1 pmorenor pmorenor 2.6K oct 17 18:24 lowdin.bas
-rw-rw-r-- 1 pmorenor pmorenor  15K oct 17 18:24 lowdin.dat
-rw-rw-r-- 1 pmorenor pmorenor 121K oct 17 18:24 lowdin.opints
-rw-rw-r-- 1 pmorenor pmorenor 6.4K oct 17 18:24 lowdin.sys
-rw-rw-r-- 1 pmorenor pmorenor  93K oct 17 18:24 lowdin.wfn
-rw-rw-r-- 1 pmorenor pmorenor  304 oct 17 18:24 only_posi_34
-rw-rw-r-- 1 pmorenor pmorenor  799 oct 17 18:24 only_posi_34.aux
-rw-rw-r-- 1 pmorenor pmorenor  309 oct 17 18:24 only_posi_34.lowdin
-rw-rw-r-- 1 pmorenor pmorenor  20K oct 17 18:24 only_posi_34.out
-rw-rw-r-- 1 pmorenor pmorenor 9.5K oct 17 18:24 only_posi_34.vec
