Begin job by input: usual_243.lowdin, for user: pmorenor  at  jue 17 oct 2024 18:26:26 -05
under operating system Linux Hefesto 5.4.0-196-generic #216-Ubuntu SMP Thu Aug 29 13:26:53 UTC 2024 x86_64 x86_64 x86_64 GNU/Linux
Compilation information
  commit: f2cffef7078af1231fe3319081e66b682883a80b
  compilation date:  mar 06 feb 2024 16:53:31 -05

BEGIN INPUT INFO:
------------------------------------

GEOMETRY
	H	Dirac	0.0 0.0 0.0
	e-(H)	6-311++G.d.p	0.0 0.0 0.0	addParticles=1
	E+	GRIBAKIN-10S4P2D	0.0 0.0 0.0
	H	Dirac	50.4 0.0 0.0
	e-(H)	6-311++G.d.p	50.4 0.0 0.0	addParticles=1
	E+ GRIBAKIN-10S4P2D     50.4 0.0 0.0	addParticles=-1
END GEOMETRY

TASKS
        method = "RHF"
END TASKS

CONTROL
	units="BOHR"
	convergenceMethod=1
	SCFGhostSpecies="POSITRON"
	overlapEigenThreshold=1E-6
	HFprintEigenvalues=T
	totalEnergyTolerance = 1E-9
END CONTROL


... END INPUT INFO


 LOWDIN execution started at : Thu Oct 17 18:26:26 2024
 ---------------------------------------------------------------
 
 ***************************************************************
 *                   LOWDIN 2.0  (May/2013)                    *
 *                                                             *
 *  R. FLORES-MORENO, E. F. POSADA, F. S. MONCADA, J.ROMERO,   *
 *  J. CHARRY, M. DIAZ-TINOCO, S. A. GONZALEZ, N. F. AGUIRRE,  *
 *  A. REYES                                                   *
 *                                                             *
 *  https://sites.google.com/site/lowdinproject/               *
 *                                                             *
 ***************************************************************
 
 PARSING INPUT... DONE!
 
 LOWDIN IS RUNNING WITH NEXT PARAMETERS: 
 ----------------------------------------
 
         METHOD TYPE:  RHF
         NUMBER OF CORES:     4
         NONELECTRONIC DENSITY GUESS: HCORE
         ELECTRONIC DENSITY GUESS: HCORE
         CRITERIUM OF CONVERGENCE: ENERGY
         NONELECTRONIC ENERGY TOLERANCE IN SCFs:     0.10000E-07
         ELECTRONIC ENERGY TOLERANCE IN SCFs:     0.10000E-07
         TOTAL ENERGY TOLERANCE IN SCFs:     0.10000E-08
         SCHEME OF ITERATION: GLOBAL ITERATIONS
         SCF MAX. SUBITERATIONS - NONELECTRONS :     1
         SCF MAX. SUBITERATIONS - ELECTRONS :     1
         SCF MAX. ITERATIONS - INTERSPECIES :   200
         INTEGRAL STORAGE: DISK
         STACK SIZE FOR ERIS : 30000
         METHOD OF SCF CONVERGENCE: DAMPING
 
  MOLECULAR SYSTEM: usual_243
 -----------------
 
    DESCRIPTION   : usual_243
    CHARGE        :   2
    PUNTUAL GROUP : NONE
 
 
  INFORMATION OF PARTICLES :
 =========================
         Total number of particles   =       7
         Number of quantum particles =       5
         Number of puntual charges   =       2
         Number of quantum species   =       2
 
                 INFORMATION OF QUANTUM SPECIES 
     ---------------------------------------------------------------------
         ID      Symbol            mass     charge     spin     multiplicity
     ---------------------------------------------------------------------
         1             E-         1.0000     -1.00      0.50      1.00
         2             E+         1.0000      1.00      0.50      1.00
 
                   CONSTANTS OF COUPLING 
      ------------------------------------------------------------
           Symbol          kappa      eta     lambda     occupation
      ------------------------------------------------------------
                 E-        -1.0      2.00      2.00      2.00
                 E+        -1.0      1.00      1.00      1.00
 
                   BASIS SET FOR SPECIES 
      ------------------------------------------------------------
           Symbol          N. Basis     N. Particles     Basis Set
      ------------------------------------------------------------
                 E-           10                4     6-311++G.D
                 E+           32                1     GRIBAKIN-1
 
                                ATOMIC BASIS
         ------------------------------------------------------------
          PRIMITIVE   SHELL             EXPONENT         COEFFICIENT 
         ------------------------------------------------------------
 
    BEGIN DESCRIPTION OF BASIS FOR:    E-
    ==============================
 
 
             H BASIS SET:   6-311++G.D.P
             1         S               33.86500000          0.02549380
             2         S                5.09479000          0.19037300
             3         S                1.15879000          0.85216100
             1         S                0.32584000          1.00000000
             1         S                0.10274100          1.00000000
             1         S                0.03600000          1.00000000
             1         P                0.75000000          1.00000000
 
             H BASIS SET:   6-311++G.D.P
             1         S               33.86500000          0.02549380
             2         S                5.09479000          0.19037300
             3         S                1.15879000          0.85216100
             1         S                0.32584000          1.00000000
             1         S                0.10274100          1.00000000
             1         S                0.03600000          1.00000000
             1         P                0.75000000          1.00000000
    ... END DESCRIPTION OF BASIS
 
 
    BEGIN DESCRIPTION OF BASIS FOR:    E+
    ==============================
 
 
            E+ BASIS SET:GRIBAKIN-10S4P2
             1         S                0.00010000          1.00000000
             1         S                0.00030000          1.00000000
             1         S                0.00090000          1.00000000
             1         S                0.00270000          1.00000000
             1         S                0.00810000          1.00000000
             1         S                0.02430000          1.00000000
             1         S                0.07290000          1.00000000
             1         S                0.21870000          1.00000000
             1         S                0.65610000          1.00000000
             1         S                1.96830000          1.00000000
             1         P                0.00010000          1.00000000
             1         P                0.00030000          1.00000000
             1         P                0.00090000          1.00000000
             1         P                0.00270000          1.00000000
             1         D                0.00010000          1.00000000
             1         D                0.00030000          1.00000000
 
            E+ BASIS SET:GRIBAKIN-10S4P2
             1         S                0.00010000          1.00000000
             1         S                0.00030000          1.00000000
             1         S                0.00090000          1.00000000
             1         S                0.00270000          1.00000000
             1         S                0.00810000          1.00000000
             1         S                0.02430000          1.00000000
             1         S                0.07290000          1.00000000
             1         S                0.21870000          1.00000000
             1         S                0.65610000          1.00000000
             1         S                1.96830000          1.00000000
             1         P                0.00010000          1.00000000
             1         P                0.00030000          1.00000000
             1         P                0.00090000          1.00000000
             1         P                0.00270000          1.00000000
             1         D                0.00010000          1.00000000
             1         D                0.00030000          1.00000000
    ... END DESCRIPTION OF BASIS
 
 
  END INFORMATION OF PARTICLES
 
 
  INFORMATION OF THE QUANTUM SYSTEM 
     ---------------------------------------------------------------------
                 ID     Occupied Orbitals     Basis size
     ---------------------------------------------------------------------
                 E-            2               14
                 E+            1               68
 
  END INFORMATION OF QUANTUM SYSTEM
 
                       INITIAL GEOMETRY: AMSTRONG
                 -----------------------------------
                       <x>                 <y>                 <z>
       E-H        0.0000000000        0.0000000000        0.0000000000
       E-H       26.6705333617        0.0000000000        0.0000000000
        E+        0.0000000000        0.0000000000        0.0000000000
        E+       26.6705333617        0.0000000000        0.0000000000
         H        0.0000000000        0.0000000000        0.0000000000
         H       26.6705333617        0.0000000000        0.0000000000
 
                     MATRIX OF DISTANCE: ANGSTROM
                 -----------------------------------
                          H(1)           H(2)      
 
        H(1)             0.000000      26.670533
        H(2)            26.670533       0.000000
 
--------------------------------------------------------------------------------
** PROGRAM: SCF (Hartree Fock).     Author: S.A. Gonzalez, E. Posada, F. Moncada
--------------------------------------------------------------------------------
INFO: RUNNING IN RHF MODE.
 
----------------------------------------------------------------------
** PROGRAM INTS                          Author: E. F. Posada, 2013   
----------------------------------------------------------------------
INFO: RUNNING IN ONE_PARTICLE MODE.
 
 Number of Overlap integrals for species E-:    196
 Number of Overlap integrals for species POSITRON:   4624
 Number of Kinetic integrals for species E-:    196
 Number of Kinetic integrals for species POSITRON:   4624
 Number of Nuclear integrals for species E-:    196
 Number of Nuclear integrals for species POSITRON:   4624
 Number of Moment integrals for species E-:    588
 Number of Moment integrals for species POSITRON:  13872
 
** TOTAL CPU Time INTS :      0.023 (s)
** TOTAL Elapsed Time INTS :      0.017 (s)
 
Removed     1 orbitals for species POSITRON with overlap eigen threshold of 1.000E-06
 Combination coefficients for E- were read from usual_243.vec
     number of         E-     particles in guess density matrix:     4.000000
 Combination coefficients for POSITRON were read from usual_243.vec
     number of   POSITRON     particles in guess density matrix:     1.000000
 Number of unique integrals for species: 1 = 588
 Number of unique integrals for species: 2 = 275877
 Number of unique integrals for species: 1 / 2 = 38408 Screened: 8826
 
 TWO-BODY INTEGRAL SETUP: 
------------------------- 
 Storage:   DISK
 Scheme: LIBINT
 Stack size:  30000
 
 LIBINT library, Fermann, J. T.; Valeev, F. L. 2010                   
 LOWDIN-LIBINT Implementation V. 2.1  Posada E. F. ; Reyes A. 2016   
 ----------------------------------------------------------------------

*** TOTAL CPU time intra-species integrals :      0.084 (s)
*** TOTAL elapsed time intra-species integrals :      0.025 (s)


*** TOTAL CPU time inter-species integrals :      0.100 (s)
*** TOTAL elapsed time inter-species integrals :      0.029 (s)

INFO: RUNNING SCHEME SIMULTANEOUS
 
 Begin Multi-Species SCF calculation:
 
 --------------------------------------------------------------------------------------------------
      Iteration                   Energy            Energy Change           Density Change
 --------------------------------------------------------------------------------------------------
              1          -1.142447084764           1.142447084764           0.000000000010
              2          -1.142447084763          -0.000000000001           0.000000000003
 Total energy converged after   2 global iterations                                                  
 
 ...end Multi-Species SCF calculation
 
 
 Begin SCF calculation by: E-
 -------------------------
 
 -----------------------------------------------------------------------------------
 Iteration                   Energy           Density Change         DIIS Error 
 -----------------------------------------------------------------------------------
    1          -0.973925593975           0.000000000001                 -- 
 
 ... end SCF calculation
 
 Begin SCF calculation by: POSITRON
 -------------------------
 
 -----------------------------------------------------------------------------------
 Iteration                   Energy           Density Change         DIIS Error 
 -----------------------------------------------------------------------------------
    1          -0.188362760629           0.000000000002                 -- 
 
 ... end SCF calculation
 
  EIGENVALUES AND EIGENVECTORS: 
 ==============================
 
 
  Eigenvalues for: E-
 -----------------
 
    1          -0.022677989356
    2          -0.022677989356
    3           0.303503547207
    4           0.303503547207
    5           0.850698906193
    6           0.850698906193
    7           1.926542177932
    8           1.926542177932
    9           1.926542177932
   10           1.926542177932
   11           1.926550019443
   12           1.926550019443
   13           3.052124831127
   14           3.052124831127
 
 
  Eigenvalues for: POSITRON
 -----------------
 
    1          -0.188362760629
    2          -0.188362590699
    3          -0.089562374799
    4          -0.089513075208
    5          -0.073439826567
    6          -0.072140574885
    7          -0.070037315736
    8          -0.070037315736
    9          -0.069940069564
   10          -0.069940069564
   11          -0.056754250254
   12          -0.055261591514
   13          -0.045728096723
   14          -0.041888358466
   15          -0.041888358466
   16          -0.040489293069
   17          -0.038211768542
   18          -0.038211768542
   19          -0.036450766118
   20          -0.036233519666
   21          -0.031633167836
   22          -0.027197415935
   23          -0.027197415935
   24          -0.026785737742
   25          -0.026707458625
   26          -0.026707458625
   27          -0.024022227839
   28          -0.023943864701
   29          -0.023943864701
   30          -0.023826681007
   31          -0.023826681007
   32          -0.023673488622
   33          -0.023673488622
   34          -0.022989257540
   35          -0.021733061493
   36          -0.020654367636
   37          -0.020654367636
   38          -0.019773419209
   39          -0.018895151776
   40          -0.017348057768
   41          -0.015343369273
   42          -0.015343369273
   43          -0.015118361074
   44          -0.014470545240
   45          -0.014153364047
   46          -0.014153364047
   47          -0.014138945642
   48          -0.014138945642
   49          -0.013522008404
   50          -0.012757614652
   51          -0.012757614652
   52          -0.012651507130
   53          -0.012651507130
   54          -0.011974307090
   55          -0.011214180151
   56          -0.011214180151
   57          -0.011074468388
   58          -0.010496433465
   59          -0.009886465588
   60           0.009566524702
   61           0.009780811459
   62           0.404225562039
   63           0.404409926971
   64           1.844045445634
   65           1.844186723853
   66           6.977946284622
   67           6.978069197591
   68     1000000.000000000000
 
  end of eigenvalues 
 
  Occupied Eigenvectors for: E-
 --------------------------- 
 
                          -0.0227        -0.0227   
 
    1      H     S      -0.148528       0.037255
    2      H     S      -0.283134       0.071018
    3      H     S      -0.305645       0.076664
    4      H     S      -0.417004       0.104596
    5      H    Px       0.000128      -0.000032
    6      H    Py      -0.000000      -0.000000
    7      H    Pz      -0.000000      -0.000000
    8      H     S      -0.037255      -0.148528
    9      H     S      -0.071018      -0.283134
   10      H     S      -0.076664      -0.305645
   11      H     S      -0.104596      -0.417004
   12      H    Px      -0.000032      -0.000128
   13      H    Py       0.000000       0.000000
   14      H    Pz       0.000000       0.000000
 
 
  Occupied Eigenvectors for: POSITRON
 --------------------------- 
 
                          -0.1884   
 
    1     E+     S      -0.000384
    2     E+     S       0.160189
    3     E+     S      -0.026924
    4     E+     S       0.027095
    5     E+     S      -0.027023
    6     E+     S       0.478106
    7     E+     S       0.319548
    8     E+     S      -0.059121
    9     E+     S      -0.015005
   10     E+     S      -0.007062
   11     E+    Px      -0.004470
   12     E+    Py       0.000000
   13     E+    Pz       0.000000
   14     E+    Px       0.075207
   15     E+    Py      -0.000000
   16     E+    Pz      -0.000000
   17     E+    Px      -0.004894
   18     E+    Py       0.000000
   19     E+    Pz       0.000000
   20     E+    Px       0.003016
   21     E+    Py      -0.000000
   22     E+    Pz      -0.000000
   23     E+   Dxx      -0.004030
   24     E+   Dxy       0.000000
   25     E+   Dxz       0.000000
   26     E+   Dyy      -0.002718
   27     E+   Dyz      -0.000000
   28     E+   Dzz      -0.002718
   29     E+   Dxx       0.013381
   30     E+   Dxy      -0.000000
   31     E+   Dxz      -0.000000
   32     E+   Dyy      -0.006962
   33     E+   Dyz       0.000000
   34     E+   Dzz      -0.006962
   35     E+     S       0.000384
   36     E+     S      -0.160189
   37     E+     S       0.026924
   38     E+     S      -0.027095
   39     E+     S       0.027023
   40     E+     S      -0.478106
   41     E+     S      -0.319548
   42     E+     S       0.059121
   43     E+     S       0.015005
   44     E+     S       0.007062
   45     E+    Px      -0.004470
   46     E+    Py      -0.000000
   47     E+    Pz      -0.000000
   48     E+    Px       0.075207
   49     E+    Py       0.000000
   50     E+    Pz       0.000000
   51     E+    Px      -0.004894
   52     E+    Py      -0.000000
   53     E+    Pz      -0.000000
   54     E+    Px       0.003016
   55     E+    Py       0.000000
   56     E+    Pz      -0.000000
   57     E+   Dxx       0.004030
   58     E+   Dxy       0.000000
   59     E+   Dxz       0.000000
   60     E+   Dyy       0.002718
   61     E+   Dyz       0.000000
   62     E+   Dzz       0.002718
   63     E+   Dxx      -0.013381
   64     E+   Dxy      -0.000000
   65     E+   Dxz      -0.000000
   66     E+   Dyy       0.006962
   67     E+   Dyz      -0.000000
   68     E+   Dzz       0.006962
 
 
  end of eigenvectors 
 
  END OF EIGENVALUES AND EIGENVECTORS
 
 
  COMPONENTS OF KINETIC ENERGY: 
 -----------------------------
 
                  E- Kinetic energy =            0.983847314448
            POSITRON Kinetic energy =            0.054283644602
                                     _________________________
               Total kinetic energy =            1.038130959050
 
  COMPONENTS OF POTENTIAL ENERGY: 
 -------------------------------
 
          Fixed potential energy    =            0.019841269841
 
  Quantum/Fixed interaction energy: 
 ----------------------------------
 
          E-/Fixed interact. energy =           -2.840986544974
    POSITRON/Fixed interact. energy =            0.311455260844
                                     _________________________
               Total Q/Fixed energy =           -2.529531284131
 
  Coulomb energy: 
 ------------------
 
               E-/E- Hartree energy =            1.687062659831
   POSITRON/POSITRON Hartree energy =            0.000000000000
         E-/POSITRON Hartree energy =           -0.554101666074
                                     _________________________
               Total Hartree energy =            1.132960993756
 
  Exchange(HF) energy: 
 ----------------------
 
                 E- Exchange energy =           -0.803849023280
           POSITRON Exchange energy =            0.000000000000
                                     _________________________
              Total Exchange energy =           -0.803849023280
 
  TOTAL ENERGY COMPONENTS: 
 ==========================
 
          TOTAL KINETIC ENERGY      =            1.038130959050
          TOTAL POTENTIAL ENERGY    =           -2.180578043813
                                     _________________________
                       TOTAL ENERGY =           -1.142447084763
 
                 VIRIAL RATIO (V/T) =            2.100484553325
 
 
  END ENERGY COMPONENTS
 
 
** TOTAL CPU Time SCF :      0.022 (s)
** TOTAL Elapsed Time SCF :      0.065 (s)
 
 We are calculating properties for E- in the HF/KS ground state
 We are calculating properties for POSITRON in the HF/KS ground state
 
  POPULATION ANALYSES: 
 ====================
 
 MULLIKEN Population: for E-        
 ---------------------
 
                                    
 
    1      H     S       0.170303
    2      H     S       0.494963
    3      H     S       0.602207
    4      H     S       0.732527
    5      H    Px       0.000000
    6      H    Py       0.000000
    7      H    Pz       0.000000
    8      H     S       0.170303
    9      H     S       0.494963
   10      H     S       0.602207
   11      H     S       0.732527
   12      H    Px       0.000000
   13      H    Py       0.000000
   14      H    Pz       0.000000
 
                           __________
              Total =        4.000000
 
  Atomic MULLIKEN Population: for E-        
            H                2.000000
            H                2.000000
 
 ...end of MULLIKEN Population
 
 
 END POPULATION ANALYSES 
 
 
  POPULATION ANALYSES: 
 ====================
 
 LOWDIN Population: for E-        
 ---------------------
 
                                    
 
    1      H     S       0.185734
    2      H     S       0.485744
    3      H     S       0.677546
    4      H     S       0.650976
    5      H    Px       0.000000
    6      H    Py       0.000000
    7      H    Pz       0.000000
    8      H     S       0.185734
    9      H     S       0.485744
   10      H     S       0.677546
   11      H     S       0.650976
   12      H    Px       0.000000
   13      H    Py       0.000000
   14      H    Pz       0.000000
 
                           __________
              Total =        4.000000
 
  Atomic LOWDIN Population: for E-        
            H                2.000000
            H                2.000000
 
 ...end of LOWDIN Population
 
 
 END POPULATION ANALYSES 
 
 
  POPULATION ANALYSES: 
 ====================
 
 MULLIKEN Population: for POSITRON  
 ---------------------
 
                                    
 
    1     E+     S      -0.000002
    2     E+     S       0.005202
    3     E+     S      -0.003248
    4     E+     S       0.007615
    5     E+     S      -0.013684
    6     E+     S       0.330520
    7     E+     S       0.204697
    8     E+     S      -0.023719
    9     E+     S      -0.002797
   10     E+     S      -0.000522
   11     E+    Px       0.000095
   12     E+    Py       0.000000
   13     E+    Pz       0.000000
   14     E+    Px      -0.003748
   15     E+    Py      -0.000000
   16     E+    Pz      -0.000000
   17     E+    Px       0.000211
   18     E+    Py      -0.000000
   19     E+    Pz      -0.000000
   20     E+    Px      -0.000003
   21     E+    Py       0.000000
   22     E+    Pz       0.000000
   23     E+   Dxx       0.000049
   24     E+   Dxy      -0.000000
   25     E+   Dxz      -0.000000
   26     E+   Dyy      -0.000000
   27     E+   Dyz       0.000000
   28     E+   Dzz      -0.000000
   29     E+   Dxx      -0.000660
   30     E+   Dxy       0.000000
   31     E+   Dxz       0.000000
   32     E+   Dyy      -0.000003
   33     E+   Dyz      -0.000000
   34     E+   Dzz      -0.000003
   35     E+     S      -0.000002
   36     E+     S       0.005202
   37     E+     S      -0.003248
   38     E+     S       0.007615
   39     E+     S      -0.013684
   40     E+     S       0.330520
   41     E+     S       0.204697
   42     E+     S      -0.023719
   43     E+     S      -0.002797
   44     E+     S      -0.000522
   45     E+    Px       0.000095
   46     E+    Py      -0.000000
   47     E+    Pz      -0.000000
   48     E+    Px      -0.003748
   49     E+    Py       0.000000
   50     E+    Pz      -0.000000
   51     E+    Px       0.000211
   52     E+    Py      -0.000000
   53     E+    Pz       0.000000
   54     E+    Px      -0.000003
   55     E+    Py       0.000000
   56     E+    Pz       0.000000
   57     E+   Dxx       0.000049
   58     E+   Dxy      -0.000000
   59     E+   Dxz      -0.000000
   60     E+   Dyy      -0.000000
   61     E+   Dyz       0.000000
   62     E+   Dzz      -0.000000
   63     E+   Dxx      -0.000660
   64     E+   Dxy       0.000000
   65     E+   Dxz       0.000000
   66     E+   Dyy      -0.000003
   67     E+   Dyz       0.000000
   68     E+   Dzz      -0.000003
 
                           __________
              Total =        1.000000
 
  Atomic MULLIKEN Population: for POSITRON  
            H                0.500000
            H                0.500000
 
 ...end of MULLIKEN Population
 
 
 END POPULATION ANALYSES 
 
 
  POPULATION ANALYSES: 
 ====================
 
 LOWDIN Population: for POSITRON  
 ---------------------
 
                                    
 
    1     E+     S       0.000001
    2     E+     S       0.000043
    3     E+     S       0.000748
    4     E+     S       0.007506
    5     E+     S       0.058610
    6     E+     S       0.231782
    7     E+     S       0.175463
    8     E+     S       0.024589
    9     E+     S       0.000967
   10     E+     S       0.000016
   11     E+    Px       0.000011
   12     E+    Py       0.000000
   13     E+    Pz       0.000000
   14     E+    Px       0.000075
   15     E+    Py       0.000000
   16     E+    Pz       0.000000
   17     E+    Px       0.000063
   18     E+    Py       0.000000
   19     E+    Pz       0.000000
   20     E+    Px       0.000009
   21     E+    Py       0.000000
   22     E+    Pz       0.000000
   23     E+   Dxx       0.000005
   24     E+   Dxy       0.000000
   25     E+   Dxz       0.000000
   26     E+   Dyy       0.000000
   27     E+   Dyz       0.000000
   28     E+   Dzz       0.000000
   29     E+   Dxx       0.000112
   30     E+   Dxy       0.000000
   31     E+   Dxz       0.000000
   32     E+   Dyy       0.000001
   33     E+   Dyz       0.000000
   34     E+   Dzz       0.000001
   35     E+     S       0.000001
   36     E+     S       0.000043
   37     E+     S       0.000748
   38     E+     S       0.007506
   39     E+     S       0.058610
   40     E+     S       0.231782
   41     E+     S       0.175463
   42     E+     S       0.024589
   43     E+     S       0.000967
   44     E+     S       0.000016
   45     E+    Px       0.000011
   46     E+    Py       0.000000
   47     E+    Pz       0.000000
   48     E+    Px       0.000075
   49     E+    Py       0.000000
   50     E+    Pz       0.000000
   51     E+    Px       0.000063
   52     E+    Py       0.000000
   53     E+    Pz       0.000000
   54     E+    Px       0.000009
   55     E+    Py      -0.000000
   56     E+    Pz       0.000000
   57     E+   Dxx       0.000005
   58     E+   Dxy       0.000000
   59     E+   Dxz       0.000000
   60     E+   Dyy       0.000000
   61     E+   Dyz       0.000000
   62     E+   Dzz       0.000000
   63     E+   Dxx       0.000112
   64     E+   Dxy       0.000000
   65     E+   Dxz       0.000000
   66     E+   Dyy       0.000001
   67     E+   Dyz       0.000000
   68     E+   Dzz       0.000001
 
                           __________
              Total =        1.000000
 
  Atomic LOWDIN Population: for POSITRON  
            H                0.500000
            H                0.500000
 
 ...end of LOWDIN Population
 
 
 END POPULATION ANALYSES 
 
 
  EXPECTED POSITIONS OF QUANTUM SPECIES:
 ======================
 
 POSITIONS IN ANGSTROMS
 ------
 
                        <x>      <y>      <z>         
                 E-  53.3411  -0.0000  -0.0000
           POSITRON  13.3353  -0.0000  -0.0000
 
 END EXPECTED POSITIONS
 
 
  ELECTROSTATIC MOMENTS:
 ======================
 
 DIPOLE: (DEBYE)
 ------
 
                           <Dx>         <Dy>         <Dz>          |D|
                 E--256.20801086   0.00000000   0.00000000
           POSITRON  64.05200271  -0.00000000  -0.00000000
    Point charges:  128.10400543   0.00000000   0.00000000
                     ____________________________
      Total Dipole: -64.05200273  -0.00000000  -0.00000000  64.05200273
 
 QUADRUPOLE NON-TRACELESS: (DEBYE ANGS)
 ------
 
                           <xx>         <yy>         <zz>         <xy>         <xz>         <yz>
                 E-   -0.00000000   -0.00000000   -0.00000000   -0.00000000   -0.00000000   -0.00000000
           POSITRON    0.00000000    0.00000000    0.00000000    0.00000000    0.00000000    0.00000000
    Point charges:  3416.60176089    0.00000000    0.00000000    0.00000000    0.00000000    0.00000000
  Total Quadrupole: 3416.60176089    0.00000000    0.00000000    0.00000000    0.00000000    0.00000000
                     ____________________________
 
 END ELECTROSTATIC MOMENTS
 

  TOTAL CPU Time:      0.035 (s)
 TOTAL Wall Time:      0.109 (s)
  Elapsed Time:   0h  0m  0s 109ms
LOWDIN execution terminated normally at : Thu Oct 17 18:26:26 2024
-rw-rw-r-- 1 pmorenor pmorenor 704K oct 17 18:26 0E-.ints
-rw-rw-r-- 1 pmorenor pmorenor 704K oct 17 18:26 0E-.POSITRON.ints
-rw-rw-r-- 1 pmorenor pmorenor 2.1M oct 17 18:26 0POSITRON.ints
-rw-rw-r-- 1 pmorenor pmorenor 704K oct 17 18:26 1E-.ints
-rw-rw-r-- 1 pmorenor pmorenor 704K oct 17 18:26 1E-.POSITRON.ints
-rw-rw-r-- 1 pmorenor pmorenor 2.1M oct 17 18:26 1POSITRON.ints
-rw-rw-r-- 1 pmorenor pmorenor 704K oct 17 18:26 2E-.ints
-rw-rw-r-- 1 pmorenor pmorenor 704K oct 17 18:26 2E-.POSITRON.ints
-rw-rw-r-- 1 pmorenor pmorenor 2.1M oct 17 18:26 2POSITRON.ints
-rw-rw-r-- 1 pmorenor pmorenor 704K oct 17 18:26 3E-.ints
-rw-rw-r-- 1 pmorenor pmorenor 704K oct 17 18:26 3E-.POSITRON.ints
-rw-rw-r-- 1 pmorenor pmorenor 2.1M oct 17 18:26 3POSITRON.ints
-rw-rw-r-- 1 pmorenor pmorenor   12 oct 17 18:26 E-.POSITRON.nints
-rw-rw-r-- 1 pmorenor pmorenor   65 oct 17 18:26 gepol.inp
-rw-rw-r-- 1 pmorenor pmorenor   91 oct 17 18:26 gepol.xyzr
-rw-rw-r-- 1 pmorenor pmorenor 7.3K oct 17 18:26 lowdin.bas
-rw-rw-r-- 1 pmorenor pmorenor  15K oct 17 18:26 lowdin.dat
-rw-rw-r-- 1 pmorenor pmorenor 458K oct 17 18:26 lowdin.opints
-rw-rw-r-- 1 pmorenor pmorenor  18K oct 17 18:26 lowdin.sys
-rw-rw-r-- 1 pmorenor pmorenor 343K oct 17 18:26 lowdin.wfn
-rw-rw-r-- 1 pmorenor pmorenor  448 oct 17 18:26 usual_243
-rw-rw-r-- 1 pmorenor pmorenor 1.7K oct 17 18:26 usual_243.aux
-rw-rw-r-- 1 pmorenor pmorenor  452 oct 17 18:26 usual_243.lowdin
-rw-rw-r-- 1 pmorenor pmorenor  30K oct 17 18:26 usual_243.out
-rw-rw-r-- 1 pmorenor pmorenor  39K oct 17 18:26 usual_243.vec
