Begin job by input: usual_163.lowdin, for user: pmorenor  at  jue 17 oct 2024 18:25:42 -05
under operating system Linux Hefesto 5.4.0-196-generic #216-Ubuntu SMP Thu Aug 29 13:26:53 UTC 2024 x86_64 x86_64 x86_64 GNU/Linux
Compilation information
  commit: f2cffef7078af1231fe3319081e66b682883a80b
  compilation date:  mar 06 feb 2024 16:53:31 -05

BEGIN INPUT INFO:
------------------------------------

GEOMETRY
	H	Dirac	0.0 0.0 0.0
	e-(H)	6-311++G.d.p	0.0 0.0 0.0	addParticles=1
	E+	GRIBAKIN-10S4P2D	0.0 0.0 0.0
	H	Dirac	34.4 0.0 0.0
	e-(H)	6-311++G.d.p	34.4 0.0 0.0	addParticles=1
	E+ GRIBAKIN-10S4P2D     34.4 0.0 0.0	addParticles=-1
END GEOMETRY

TASKS
        method = "RHF"
END TASKS

CONTROL
	units="BOHR"
	convergenceMethod=1
	SCFGhostSpecies="POSITRON"
	overlapEigenThreshold=1E-6
	HFprintEigenvalues=T
	totalEnergyTolerance = 1E-9
END CONTROL


... END INPUT INFO


 LOWDIN execution started at : Thu Oct 17 18:25:42 2024
 ---------------------------------------------------------------
 
 ***************************************************************
 *                   LOWDIN 2.0  (May/2013)                    *
 *                                                             *
 *  R. FLORES-MORENO, E. F. POSADA, F. S. MONCADA, J.ROMERO,   *
 *  J. CHARRY, M. DIAZ-TINOCO, S. A. GONZALEZ, N. F. AGUIRRE,  *
 *  A. REYES                                                   *
 *                                                             *
 *  https://sites.google.com/site/lowdinproject/               *
 *                                                             *
 ***************************************************************
 
 PARSING INPUT... DONE!
 
 LOWDIN IS RUNNING WITH NEXT PARAMETERS: 
 ----------------------------------------
 
         METHOD TYPE:  RHF
         NUMBER OF CORES:     4
         NONELECTRONIC DENSITY GUESS: HCORE
         ELECTRONIC DENSITY GUESS: HCORE
         CRITERIUM OF CONVERGENCE: ENERGY
         NONELECTRONIC ENERGY TOLERANCE IN SCFs:     0.10000E-07
         ELECTRONIC ENERGY TOLERANCE IN SCFs:     0.10000E-07
         TOTAL ENERGY TOLERANCE IN SCFs:     0.10000E-08
         SCHEME OF ITERATION: GLOBAL ITERATIONS
         SCF MAX. SUBITERATIONS - NONELECTRONS :     1
         SCF MAX. SUBITERATIONS - ELECTRONS :     1
         SCF MAX. ITERATIONS - INTERSPECIES :   200
         INTEGRAL STORAGE: DISK
         STACK SIZE FOR ERIS : 30000
         METHOD OF SCF CONVERGENCE: DAMPING
 
  MOLECULAR SYSTEM: usual_163
 -----------------
 
    DESCRIPTION   : usual_163
    CHARGE        :   2
    PUNTUAL GROUP : NONE
 
 
  INFORMATION OF PARTICLES :
 =========================
         Total number of particles   =       7
         Number of quantum particles =       5
         Number of puntual charges   =       2
         Number of quantum species   =       2
 
                 INFORMATION OF QUANTUM SPECIES 
     ---------------------------------------------------------------------
         ID      Symbol            mass     charge     spin     multiplicity
     ---------------------------------------------------------------------
         1             E-         1.0000     -1.00      0.50      1.00
         2             E+         1.0000      1.00      0.50      1.00
 
                   CONSTANTS OF COUPLING 
      ------------------------------------------------------------
           Symbol          kappa      eta     lambda     occupation
      ------------------------------------------------------------
                 E-        -1.0      2.00      2.00      2.00
                 E+        -1.0      1.00      1.00      1.00
 
                   BASIS SET FOR SPECIES 
      ------------------------------------------------------------
           Symbol          N. Basis     N. Particles     Basis Set
      ------------------------------------------------------------
                 E-           10                4     6-311++G.D
                 E+           32                1     GRIBAKIN-1
 
                                ATOMIC BASIS
         ------------------------------------------------------------
          PRIMITIVE   SHELL             EXPONENT         COEFFICIENT 
         ------------------------------------------------------------
 
    BEGIN DESCRIPTION OF BASIS FOR:    E-
    ==============================
 
 
             H BASIS SET:   6-311++G.D.P
             1         S               33.86500000          0.02549380
             2         S                5.09479000          0.19037300
             3         S                1.15879000          0.85216100
             1         S                0.32584000          1.00000000
             1         S                0.10274100          1.00000000
             1         S                0.03600000          1.00000000
             1         P                0.75000000          1.00000000
 
             H BASIS SET:   6-311++G.D.P
             1         S               33.86500000          0.02549380
             2         S                5.09479000          0.19037300
             3         S                1.15879000          0.85216100
             1         S                0.32584000          1.00000000
             1         S                0.10274100          1.00000000
             1         S                0.03600000          1.00000000
             1         P                0.75000000          1.00000000
    ... END DESCRIPTION OF BASIS
 
 
    BEGIN DESCRIPTION OF BASIS FOR:    E+
    ==============================
 
 
            E+ BASIS SET:GRIBAKIN-10S4P2
             1         S                0.00010000          1.00000000
             1         S                0.00030000          1.00000000
             1         S                0.00090000          1.00000000
             1         S                0.00270000          1.00000000
             1         S                0.00810000          1.00000000
             1         S                0.02430000          1.00000000
             1         S                0.07290000          1.00000000
             1         S                0.21870000          1.00000000
             1         S                0.65610000          1.00000000
             1         S                1.96830000          1.00000000
             1         P                0.00010000          1.00000000
             1         P                0.00030000          1.00000000
             1         P                0.00090000          1.00000000
             1         P                0.00270000          1.00000000
             1         D                0.00010000          1.00000000
             1         D                0.00030000          1.00000000
 
            E+ BASIS SET:GRIBAKIN-10S4P2
             1         S                0.00010000          1.00000000
             1         S                0.00030000          1.00000000
             1         S                0.00090000          1.00000000
             1         S                0.00270000          1.00000000
             1         S                0.00810000          1.00000000
             1         S                0.02430000          1.00000000
             1         S                0.07290000          1.00000000
             1         S                0.21870000          1.00000000
             1         S                0.65610000          1.00000000
             1         S                1.96830000          1.00000000
             1         P                0.00010000          1.00000000
             1         P                0.00030000          1.00000000
             1         P                0.00090000          1.00000000
             1         P                0.00270000          1.00000000
             1         D                0.00010000          1.00000000
             1         D                0.00030000          1.00000000
    ... END DESCRIPTION OF BASIS
 
 
  END INFORMATION OF PARTICLES
 
 
  INFORMATION OF THE QUANTUM SYSTEM 
     ---------------------------------------------------------------------
                 ID     Occupied Orbitals     Basis size
     ---------------------------------------------------------------------
                 E-            2               14
                 E+            1               68
 
  END INFORMATION OF QUANTUM SYSTEM
 
                       INITIAL GEOMETRY: AMSTRONG
                 -----------------------------------
                       <x>                 <y>                 <z>
       E-H        0.0000000000        0.0000000000        0.0000000000
       E-H       18.2036973739        0.0000000000        0.0000000000
        E+        0.0000000000        0.0000000000        0.0000000000
        E+       18.2036973739        0.0000000000        0.0000000000
         H        0.0000000000        0.0000000000        0.0000000000
         H       18.2036973739        0.0000000000        0.0000000000
 
                     MATRIX OF DISTANCE: ANGSTROM
                 -----------------------------------
                          H(1)           H(2)      
 
        H(1)             0.000000      18.203697
        H(2)            18.203697       0.000000
 
--------------------------------------------------------------------------------
** PROGRAM: SCF (Hartree Fock).     Author: S.A. Gonzalez, E. Posada, F. Moncada
--------------------------------------------------------------------------------
INFO: RUNNING IN RHF MODE.
 
----------------------------------------------------------------------
** PROGRAM INTS                          Author: E. F. Posada, 2013   
----------------------------------------------------------------------
INFO: RUNNING IN ONE_PARTICLE MODE.
 
 Number of Overlap integrals for species E-:    196
 Number of Overlap integrals for species POSITRON:   4624
 Number of Kinetic integrals for species E-:    196
 Number of Kinetic integrals for species POSITRON:   4624
 Number of Nuclear integrals for species E-:    196
 Number of Nuclear integrals for species POSITRON:   4624
 Number of Moment integrals for species E-:    588
 Number of Moment integrals for species POSITRON:  13872
 
** TOTAL CPU Time INTS :      0.024 (s)
** TOTAL Elapsed Time INTS :      0.016 (s)
 
Removed     2 orbitals for species POSITRON with overlap eigen threshold of 1.000E-06
 Combination coefficients for E- were read from usual_163.vec
     number of         E-     particles in guess density matrix:     4.000000
 Combination coefficients for POSITRON were read from usual_163.vec
     number of   POSITRON     particles in guess density matrix:     1.000000
 Number of unique integrals for species: 1 = 588
 Number of unique integrals for species: 2 = 301602
 Number of unique integrals for species: 1 / 2 = 38900 Screened: 6572
 
 TWO-BODY INTEGRAL SETUP: 
------------------------- 
 Storage:   DISK
 Scheme: LIBINT
 Stack size:  30000
 
 LIBINT library, Fermann, J. T.; Valeev, F. L. 2010                   
 LOWDIN-LIBINT Implementation V. 2.1  Posada E. F. ; Reyes A. 2016   
 ----------------------------------------------------------------------

*** TOTAL CPU time intra-species integrals :      0.081 (s)
*** TOTAL elapsed time intra-species integrals :      0.023 (s)


*** TOTAL CPU time inter-species integrals :      0.096 (s)
*** TOTAL elapsed time inter-species integrals :      0.027 (s)

INFO: RUNNING SCHEME SIMULTANEOUS
 
 Begin Multi-Species SCF calculation:
 
 --------------------------------------------------------------------------------------------------
      Iteration                   Energy            Energy Change           Density Change
 --------------------------------------------------------------------------------------------------
              1          -1.142451954254           1.142451954254           0.000000000003
              2          -1.142451954254          -0.000000000000           0.000000000004
 Total energy converged after   2 global iterations                                                  
 
 ...end Multi-Species SCF calculation
 
 
 Begin SCF calculation by: E-
 -------------------------
 
 -----------------------------------------------------------------------------------
 Iteration                   Energy           Density Change         DIIS Error 
 -----------------------------------------------------------------------------------
    1          -0.973926014348           0.000000000000                 -- 
 
 ... end SCF calculation
 
 Begin SCF calculation by: POSITRON
 -------------------------
 
 -----------------------------------------------------------------------------------
 Iteration                   Energy           Density Change         DIIS Error 
 -----------------------------------------------------------------------------------
    1          -0.197595707348           0.000000000004                 -- 
 
 ... end SCF calculation
 
  EIGENVALUES AND EIGENVECTORS: 
 ==============================
 
 
  Eigenvalues for: E-
 -----------------
 
    1          -0.013449957708
    2          -0.013449957545
    3           0.312731608809
    4           0.312731612744
    5           0.859927030307
    6           0.859927032239
    7           1.935764808890
    8           1.935764808890
    9           1.935764808890
   10           1.935764808890
   11           1.935789514045
   12           1.935789514045
   13           3.061353095977
   14           3.061353097057
 
 
  Eigenvalues for: POSITRON
 -----------------
 
    1          -0.197595707348
    2          -0.197593601425
    3          -0.101392206502
    4          -0.098313402017
    5          -0.085730073436
    6          -0.079142795913
    7          -0.079142795913
    8          -0.076461386548
    9          -0.076461386548
   10          -0.075295950958
   11          -0.062843733813
   12          -0.061028964517
   13          -0.050004167160
   14          -0.044566312141
   15          -0.044566312141
   16          -0.041319445921
   17          -0.040437211306
   18          -0.040437211306
   19          -0.039342255054
   20          -0.038008819691
   21          -0.031886354452
   22          -0.028319649094
   23          -0.028319649094
   24          -0.027450785872
   25          -0.026904149129
   26          -0.026904149129
   27          -0.024912073789
   28          -0.024345113803
   29          -0.024345113803
   30          -0.024232201238
   31          -0.024232201238
   32          -0.024112290000
   33          -0.024112290000
   34          -0.021843813906
   35          -0.021650530448
   36          -0.020381040823
   37          -0.020381040823
   38          -0.019635495259
   39          -0.019198163841
   40          -0.015528657866
   41          -0.015528657866
   42          -0.015137112887
   43          -0.014680040378
   44          -0.014345039605
   45          -0.014345039605
   46          -0.014328279436
   47          -0.014328279436
   48          -0.013899197096
   49          -0.012835450867
   50          -0.012835450867
   51          -0.012660200540
   52          -0.012660200540
   53          -0.012522018929
   54          -0.011202240055
   55          -0.011202240055
   56          -0.011023651407
   57          -0.010658482320
   58          -0.010049384813
   59           0.000635971975
   60           0.001865282517
   61           0.394943051144
   62           0.395567970596
   63           1.834761159103
   64           1.835247947685
   65           6.968663813208
   66           6.969097486735
   67     1000000.000000000000
   68     1000000.000000000000
 
  end of eigenvalues 
 
  Occupied Eigenvectors for: E-
 --------------------------- 
 
                          -0.0134        -0.0134   
 
    1      H     S       0.108278      -0.108279
    2      H     S       0.206408      -0.206408
    3      H     S       0.222818      -0.222819
    4      H     S       0.303999      -0.304001
    5      H    Px      -0.000200       0.000200
    6      H    Py       0.000000      -0.000000
    7      H    Pz      -0.000000       0.000000
    8      H     S       0.108279       0.108278
    9      H     S       0.206408       0.206408
   10      H     S       0.222819       0.222818
   11      H     S       0.304001       0.303999
   12      H    Px       0.000200       0.000200
   13      H    Py       0.000000      -0.000000
   14      H    Pz       0.000000       0.000000
 
 
  Occupied Eigenvectors for: POSITRON
 --------------------------- 
 
                          -0.1976   
 
    1     E+     S       0.016923
    2     E+     S       0.006234
    3     E+     S      -0.022737
    4     E+     S       0.026865
    5     E+     S      -0.027596
    6     E+     S       0.478699
    7     E+     S       0.319233
    8     E+     S      -0.059026
    9     E+     S      -0.015027
   10     E+     S      -0.007056
   11     E+    Px      -0.011131
   12     E+    Py       0.000000
   13     E+    Pz      -0.000000
   14     E+    Px       0.012521
   15     E+    Py      -0.000000
   16     E+    Pz       0.000000
   17     E+    Px      -0.004338
   18     E+    Py       0.000000
   19     E+    Pz      -0.000000
   20     E+    Px       0.005217
   21     E+    Py      -0.000000
   22     E+    Pz       0.000000
   23     E+   Dxx      -0.005262
   24     E+   Dxy       0.000000
   25     E+   Dxz      -0.000000
   26     E+   Dyy      -0.001843
   27     E+   Dyz      -0.000000
   28     E+   Dzz      -0.001843
   29     E+   Dxx      -0.000368
   30     E+   Dxy      -0.000000
   31     E+   Dxz       0.000000
   32     E+   Dyy      -0.006465
   33     E+   Dyz      -0.000000
   34     E+   Dzz      -0.006465
   35     E+     S       0.016923
   36     E+     S       0.006234
   37     E+     S      -0.022737
   38     E+     S       0.026865
   39     E+     S      -0.027596
   40     E+     S       0.478699
   41     E+     S       0.319233
   42     E+     S      -0.059026
   43     E+     S      -0.015027
   44     E+     S      -0.007056
   45     E+    Px       0.011131
   46     E+    Py      -0.000000
   47     E+    Pz       0.000000
   48     E+    Px      -0.012521
   49     E+    Py       0.000000
   50     E+    Pz      -0.000000
   51     E+    Px       0.004338
   52     E+    Py      -0.000000
   53     E+    Pz       0.000000
   54     E+    Px      -0.005217
   55     E+    Py       0.000000
   56     E+    Pz      -0.000000
   57     E+   Dxx      -0.005262
   58     E+   Dxy       0.000000
   59     E+   Dxz      -0.000000
   60     E+   Dyy      -0.001843
   61     E+   Dyz       0.000000
   62     E+   Dzz      -0.001843
   63     E+   Dxx      -0.000368
   64     E+   Dxy      -0.000000
   65     E+   Dxz       0.000000
   66     E+   Dyy      -0.006465
   67     E+   Dyz       0.000000
   68     E+   Dzz      -0.006465
 
 
  end of eigenvectors 
 
  END OF EIGENVALUES AND EIGENVECTORS
 
 
  COMPONENTS OF KINETIC ENERGY: 
 -----------------------------
 
                  E- Kinetic energy =            0.983847942413
            POSITRON Kinetic energy =            0.054271091257
                                     _________________________
               Total kinetic energy =            1.038119033671
 
  COMPONENTS OF POTENTIAL ENERGY: 
 -------------------------------
 
          Fixed potential energy    =            0.029069767442
 
  Quantum/Fixed interaction energy: 
 ----------------------------------
 
          E-/Fixed interact. energy =           -2.877900140604
    POSITRON/Fixed interact. energy =            0.320664101077
                                     _________________________
               Total Q/Fixed energy =           -2.557236039527
 
  Coulomb energy: 
 ------------------
 
               E-/E- Hartree energy =            1.723975445472
   POSITRON/POSITRON Hartree energy =            0.000000000000
         E-/POSITRON Hartree energy =           -0.572530899682
                                     _________________________
               Total Hartree energy =            1.151444545791
 
  Exchange(HF) energy: 
 ----------------------
 
                 E- Exchange energy =           -0.803849261631
           POSITRON Exchange energy =            0.000000000000
                                     _________________________
              Total Exchange energy =           -0.803849261631
 
  TOTAL ENERGY COMPONENTS: 
 ==========================
 
          TOTAL KINETIC ENERGY      =            1.038119033671
          TOTAL POTENTIAL ENERGY    =           -2.180570987925
                                     _________________________
                       TOTAL ENERGY =           -1.142451954254
 
                 VIRIAL RATIO (V/T) =            2.100501885814
 
 
  END ENERGY COMPONENTS
 
 
** TOTAL CPU Time SCF :      0.024 (s)
** TOTAL Elapsed Time SCF :      0.060 (s)
 
 We are calculating properties for E- in the HF/KS ground state
 We are calculating properties for POSITRON in the HF/KS ground state
 
  POPULATION ANALYSES: 
 ====================
 
 MULLIKEN Population: for E-        
 ---------------------
 
                                    
 
    1      H     S       0.170303
    2      H     S       0.494963
    3      H     S       0.602208
    4      H     S       0.732526
    5      H    Px       0.000000
    6      H    Py       0.000000
    7      H    Pz       0.000000
    8      H     S       0.170303
    9      H     S       0.494963
   10      H     S       0.602208
   11      H     S       0.732526
   12      H    Px       0.000000
   13      H    Py       0.000000
   14      H    Pz       0.000000
 
                           __________
              Total =        4.000000
 
  Atomic MULLIKEN Population: for E-        
            H                2.000000
            H                2.000000
 
 ...end of MULLIKEN Population
 
 
 END POPULATION ANALYSES 
 
 
  POPULATION ANALYSES: 
 ====================
 
 LOWDIN Population: for E-        
 ---------------------
 
                                    
 
    1      H     S       0.185734
    2      H     S       0.485744
    3      H     S       0.677546
    4      H     S       0.650975
    5      H    Px       0.000000
    6      H    Py       0.000000
    7      H    Pz       0.000000
    8      H     S       0.185734
    9      H     S       0.485744
   10      H     S       0.677546
   11      H     S       0.650975
   12      H    Px       0.000000
   13      H    Py       0.000000
   14      H    Pz       0.000000
 
                           __________
              Total =        4.000000
 
  Atomic LOWDIN Population: for E-        
            H                2.000000
            H                2.000000
 
 ...end of LOWDIN Population
 
 
 END POPULATION ANALYSES 
 
 
  POPULATION ANALYSES: 
 ====================
 
 MULLIKEN Population: for POSITRON  
 ---------------------
 
                                    
 
    1     E+     S       0.000873
    2     E+     S       0.000655
    3     E+     S      -0.004199
    4     E+     S       0.008000
    5     E+     S      -0.013990
    6     E+     S       0.330929
    7     E+     S       0.204483
    8     E+     S      -0.023678
    9     E+     S      -0.002801
   10     E+     S      -0.000522
   11     E+    Px      -0.000185
   12     E+    Py      -0.000000
   13     E+    Pz      -0.000000
   14     E+    Px       0.000643
   15     E+    Py      -0.000000
   16     E+    Pz       0.000000
   17     E+    Px      -0.000427
   18     E+    Py       0.000000
   19     E+    Pz       0.000000
   20     E+    Px       0.000287
   21     E+    Py      -0.000000
   22     E+    Pz      -0.000000
   23     E+   Dxx      -0.000036
   24     E+   Dxy      -0.000000
   25     E+   Dxz       0.000000
   26     E+   Dyy      -0.000000
   27     E+   Dyz      -0.000000
   28     E+   Dzz      -0.000000
   29     E+   Dxx      -0.000013
   30     E+   Dxy       0.000000
   31     E+   Dxz      -0.000000
   32     E+   Dyy      -0.000009
   33     E+   Dyz      -0.000000
   34     E+   Dzz      -0.000009
   35     E+     S       0.000873
   36     E+     S       0.000655
   37     E+     S      -0.004199
   38     E+     S       0.008000
   39     E+     S      -0.013990
   40     E+     S       0.330929
   41     E+     S       0.204483
   42     E+     S      -0.023678
   43     E+     S      -0.002801
   44     E+     S      -0.000522
   45     E+    Px      -0.000185
   46     E+    Py       0.000000
   47     E+    Pz       0.000000
   48     E+    Px       0.000643
   49     E+    Py      -0.000000
   50     E+    Pz      -0.000000
   51     E+    Px      -0.000427
   52     E+    Py      -0.000000
   53     E+    Pz      -0.000000
   54     E+    Px       0.000287
   55     E+    Py       0.000000
   56     E+    Pz       0.000000
   57     E+   Dxx      -0.000036
   58     E+   Dxy      -0.000000
   59     E+   Dxz       0.000000
   60     E+   Dyy      -0.000000
   61     E+   Dyz       0.000000
   62     E+   Dzz      -0.000000
   63     E+   Dxx      -0.000013
   64     E+   Dxy       0.000000
   65     E+   Dxz      -0.000000
   66     E+   Dyy      -0.000009
   67     E+   Dyz       0.000000
   68     E+   Dzz      -0.000009
 
                           __________
              Total =        1.000000
 
  Atomic MULLIKEN Population: for POSITRON  
            H                0.500000
            H                0.500000
 
 ...end of MULLIKEN Population
 
 
 END POPULATION ANALYSES 
 
 
  POPULATION ANALYSES: 
 ====================
 
 LOWDIN Population: for POSITRON  
 ---------------------
 
                                    
 
    1     E+     S       0.000065
    2     E+     S       0.000320
    3     E+     S       0.001421
    4     E+     S       0.007426
    5     E+     S       0.057853
    6     E+     S       0.231333
    7     E+     S       0.175308
    8     E+     S       0.024566
    9     E+     S       0.000966
   10     E+     S       0.000016
   11     E+    Px       0.000007
   12     E+    Py       0.000000
   13     E+    Pz       0.000000
   14     E+    Px       0.000096
   15     E+    Py       0.000000
   16     E+    Pz       0.000000
   17     E+    Px       0.000432
   18     E+    Py       0.000000
   19     E+    Pz       0.000000
   20     E+    Px       0.000150
   21     E+    Py      -0.000000
   22     E+    Pz       0.000000
   23     E+   Dxx       0.000000
   24     E+   Dxy       0.000000
   25     E+   Dxz       0.000000
   26     E+   Dyy       0.000000
   27     E+   Dyz       0.000000
   28     E+   Dzz       0.000000
   29     E+   Dxx       0.000027
   30     E+   Dxy       0.000000
   31     E+   Dxz       0.000000
   32     E+   Dyy       0.000006
   33     E+   Dyz       0.000000
   34     E+   Dzz       0.000006
   35     E+     S       0.000065
   36     E+     S       0.000320
   37     E+     S       0.001421
   38     E+     S       0.007426
   39     E+     S       0.057853
   40     E+     S       0.231333
   41     E+     S       0.175308
   42     E+     S       0.024566
   43     E+     S       0.000966
   44     E+     S       0.000016
   45     E+    Px       0.000007
   46     E+    Py       0.000000
   47     E+    Pz       0.000000
   48     E+    Px       0.000096
   49     E+    Py       0.000000
   50     E+    Pz       0.000000
   51     E+    Px       0.000432
   52     E+    Py       0.000000
   53     E+    Pz       0.000000
   54     E+    Px       0.000150
   55     E+    Py       0.000000
   56     E+    Pz       0.000000
   57     E+   Dxx       0.000000
   58     E+   Dxy       0.000000
   59     E+   Dxz       0.000000
   60     E+   Dyy       0.000000
   61     E+   Dyz       0.000000
   62     E+   Dzz       0.000000
   63     E+   Dxx       0.000027
   64     E+   Dxy       0.000000
   65     E+   Dxz       0.000000
   66     E+   Dyy       0.000006
   67     E+   Dyz       0.000000
   68     E+   Dzz       0.000006
 
                           __________
              Total =        1.000000
 
  Atomic LOWDIN Population: for POSITRON  
            H                0.500000
            H                0.500000
 
 ...end of LOWDIN Population
 
 
 END POPULATION ANALYSES 
 
 
  EXPECTED POSITIONS OF QUANTUM SPECIES:
 ======================
 
 POSITIONS IN ANGSTROMS
 ------
 
                        <x>      <y>      <z>         
                 E-  36.4074   0.0000  -0.0000
           POSITRON   9.1018   0.0000  -0.0000
 
 END EXPECTED POSITIONS
 
 
  ELECTROSTATIC MOMENTS:
 ======================
 
 DIPOLE: (DEBYE)
 ------
 
                           <Dx>         <Dy>         <Dz>          |D|
                 E--174.87213440  -0.00000000   0.00000000
           POSITRON  43.71803358   0.00000000  -0.00000000
    Point charges:   87.43606720   0.00000000   0.00000000
                     ____________________________
      Total Dipole: -43.71803362   0.00000000  -0.00000000  43.71803362
 
 QUADRUPOLE NON-TRACELESS: (DEBYE ANGS)
 ------
 
                           <xx>         <yy>         <zz>         <xy>         <xz>         <yz>
                 E-   -0.00000000   -0.00000000   -0.00000000   -0.00000000   -0.00000000   -0.00000000
           POSITRON    0.00000000    0.00000000    0.00000000    0.00000000    0.00000000    0.00000000
    Point charges:  1591.65952529    0.00000000    0.00000000    0.00000000    0.00000000    0.00000000
  Total Quadrupole: 1591.65952529    0.00000000    0.00000000    0.00000000    0.00000000    0.00000000
                     ____________________________
 
 END ELECTROSTATIC MOMENTS
 

  TOTAL CPU Time:      0.029 (s)
 TOTAL Wall Time:      0.100 (s)
  Elapsed Time:   0h  0m  0s 101ms
LOWDIN execution terminated normally at : Thu Oct 17 18:25:42 2024
-rw-rw-r-- 1 pmorenor pmorenor 704K oct 17 18:25 0E-.ints
-rw-rw-r-- 1 pmorenor pmorenor 704K oct 17 18:25 0E-.POSITRON.ints
-rw-rw-r-- 1 pmorenor pmorenor 2.1M oct 17 18:25 0POSITRON.ints
-rw-rw-r-- 1 pmorenor pmorenor 704K oct 17 18:25 1E-.ints
-rw-rw-r-- 1 pmorenor pmorenor 704K oct 17 18:25 1E-.POSITRON.ints
-rw-rw-r-- 1 pmorenor pmorenor 2.1M oct 17 18:25 1POSITRON.ints
-rw-rw-r-- 1 pmorenor pmorenor 704K oct 17 18:25 2E-.ints
-rw-rw-r-- 1 pmorenor pmorenor 704K oct 17 18:25 2E-.POSITRON.ints
-rw-rw-r-- 1 pmorenor pmorenor 2.1M oct 17 18:25 2POSITRON.ints
-rw-rw-r-- 1 pmorenor pmorenor 704K oct 17 18:25 3E-.ints
-rw-rw-r-- 1 pmorenor pmorenor 704K oct 17 18:25 3E-.POSITRON.ints
-rw-rw-r-- 1 pmorenor pmorenor 2.1M oct 17 18:25 3POSITRON.ints
-rw-rw-r-- 1 pmorenor pmorenor   12 oct 17 18:25 E-.POSITRON.nints
-rw-rw-r-- 1 pmorenor pmorenor   65 oct 17 18:25 gepol.inp
-rw-rw-r-- 1 pmorenor pmorenor   91 oct 17 18:25 gepol.xyzr
-rw-rw-r-- 1 pmorenor pmorenor 7.3K oct 17 18:25 lowdin.bas
-rw-rw-r-- 1 pmorenor pmorenor  15K oct 17 18:25 lowdin.dat
-rw-rw-r-- 1 pmorenor pmorenor 458K oct 17 18:25 lowdin.opints
-rw-rw-r-- 1 pmorenor pmorenor  18K oct 17 18:25 lowdin.sys
-rw-rw-r-- 1 pmorenor pmorenor 343K oct 17 18:25 lowdin.wfn
-rw-rw-r-- 1 pmorenor pmorenor  448 oct 17 18:25 usual_163
-rw-rw-r-- 1 pmorenor pmorenor 1.7K oct 17 18:25 usual_163.aux
-rw-rw-r-- 1 pmorenor pmorenor  452 oct 17 18:25 usual_163.lowdin
-rw-rw-r-- 1 pmorenor pmorenor  30K oct 17 18:25 usual_163.out
-rw-rw-r-- 1 pmorenor pmorenor  39K oct 17 18:25 usual_163.vec
