Begin job by input: usual_170.lowdin, for user: pmorenor  at  jue 17 oct 2024 18:25:46 -05
under operating system Linux Hefesto 5.4.0-196-generic #216-Ubuntu SMP Thu Aug 29 13:26:53 UTC 2024 x86_64 x86_64 x86_64 GNU/Linux
Compilation information
  commit: f2cffef7078af1231fe3319081e66b682883a80b
  compilation date:  mar 06 feb 2024 16:53:31 -05

BEGIN INPUT INFO:
------------------------------------

GEOMETRY
	H	Dirac	0.0 0.0 0.0
	e-(H)	6-311++G.d.p	0.0 0.0 0.0	addParticles=1
	E+	GRIBAKIN-10S4P2D	0.0 0.0 0.0
	H	Dirac	35.8 0.0 0.0
	e-(H)	6-311++G.d.p	35.8 0.0 0.0	addParticles=1
	E+ GRIBAKIN-10S4P2D     35.8 0.0 0.0	addParticles=-1
END GEOMETRY

TASKS
        method = "RHF"
END TASKS

CONTROL
	units="BOHR"
	convergenceMethod=1
	SCFGhostSpecies="POSITRON"
	overlapEigenThreshold=1E-6
	HFprintEigenvalues=T
	totalEnergyTolerance = 1E-9
END CONTROL


... END INPUT INFO


 LOWDIN execution started at : Thu Oct 17 18:25:46 2024
 ---------------------------------------------------------------
 
 ***************************************************************
 *                   LOWDIN 2.0  (May/2013)                    *
 *                                                             *
 *  R. FLORES-MORENO, E. F. POSADA, F. S. MONCADA, J.ROMERO,   *
 *  J. CHARRY, M. DIAZ-TINOCO, S. A. GONZALEZ, N. F. AGUIRRE,  *
 *  A. REYES                                                   *
 *                                                             *
 *  https://sites.google.com/site/lowdinproject/               *
 *                                                             *
 ***************************************************************
 
 PARSING INPUT... DONE!
 
 LOWDIN IS RUNNING WITH NEXT PARAMETERS: 
 ----------------------------------------
 
         METHOD TYPE:  RHF
         NUMBER OF CORES:     4
         NONELECTRONIC DENSITY GUESS: HCORE
         ELECTRONIC DENSITY GUESS: HCORE
         CRITERIUM OF CONVERGENCE: ENERGY
         NONELECTRONIC ENERGY TOLERANCE IN SCFs:     0.10000E-07
         ELECTRONIC ENERGY TOLERANCE IN SCFs:     0.10000E-07
         TOTAL ENERGY TOLERANCE IN SCFs:     0.10000E-08
         SCHEME OF ITERATION: GLOBAL ITERATIONS
         SCF MAX. SUBITERATIONS - NONELECTRONS :     1
         SCF MAX. SUBITERATIONS - ELECTRONS :     1
         SCF MAX. ITERATIONS - INTERSPECIES :   200
         INTEGRAL STORAGE: DISK
         STACK SIZE FOR ERIS : 30000
         METHOD OF SCF CONVERGENCE: DAMPING
 
  MOLECULAR SYSTEM: usual_170
 -----------------
 
    DESCRIPTION   : usual_170
    CHARGE        :   2
    PUNTUAL GROUP : NONE
 
 
  INFORMATION OF PARTICLES :
 =========================
         Total number of particles   =       7
         Number of quantum particles =       5
         Number of puntual charges   =       2
         Number of quantum species   =       2
 
                 INFORMATION OF QUANTUM SPECIES 
     ---------------------------------------------------------------------
         ID      Symbol            mass     charge     spin     multiplicity
     ---------------------------------------------------------------------
         1             E-         1.0000     -1.00      0.50      1.00
         2             E+         1.0000      1.00      0.50      1.00
 
                   CONSTANTS OF COUPLING 
      ------------------------------------------------------------
           Symbol          kappa      eta     lambda     occupation
      ------------------------------------------------------------
                 E-        -1.0      2.00      2.00      2.00
                 E+        -1.0      1.00      1.00      1.00
 
                   BASIS SET FOR SPECIES 
      ------------------------------------------------------------
           Symbol          N. Basis     N. Particles     Basis Set
      ------------------------------------------------------------
                 E-           10                4     6-311++G.D
                 E+           32                1     GRIBAKIN-1
 
                                ATOMIC BASIS
         ------------------------------------------------------------
          PRIMITIVE   SHELL             EXPONENT         COEFFICIENT 
         ------------------------------------------------------------
 
    BEGIN DESCRIPTION OF BASIS FOR:    E-
    ==============================
 
 
             H BASIS SET:   6-311++G.D.P
             1         S               33.86500000          0.02549380
             2         S                5.09479000          0.19037300
             3         S                1.15879000          0.85216100
             1         S                0.32584000          1.00000000
             1         S                0.10274100          1.00000000
             1         S                0.03600000          1.00000000
             1         P                0.75000000          1.00000000
 
             H BASIS SET:   6-311++G.D.P
             1         S               33.86500000          0.02549380
             2         S                5.09479000          0.19037300
             3         S                1.15879000          0.85216100
             1         S                0.32584000          1.00000000
             1         S                0.10274100          1.00000000
             1         S                0.03600000          1.00000000
             1         P                0.75000000          1.00000000
    ... END DESCRIPTION OF BASIS
 
 
    BEGIN DESCRIPTION OF BASIS FOR:    E+
    ==============================
 
 
            E+ BASIS SET:GRIBAKIN-10S4P2
             1         S                0.00010000          1.00000000
             1         S                0.00030000          1.00000000
             1         S                0.00090000          1.00000000
             1         S                0.00270000          1.00000000
             1         S                0.00810000          1.00000000
             1         S                0.02430000          1.00000000
             1         S                0.07290000          1.00000000
             1         S                0.21870000          1.00000000
             1         S                0.65610000          1.00000000
             1         S                1.96830000          1.00000000
             1         P                0.00010000          1.00000000
             1         P                0.00030000          1.00000000
             1         P                0.00090000          1.00000000
             1         P                0.00270000          1.00000000
             1         D                0.00010000          1.00000000
             1         D                0.00030000          1.00000000
 
            E+ BASIS SET:GRIBAKIN-10S4P2
             1         S                0.00010000          1.00000000
             1         S                0.00030000          1.00000000
             1         S                0.00090000          1.00000000
             1         S                0.00270000          1.00000000
             1         S                0.00810000          1.00000000
             1         S                0.02430000          1.00000000
             1         S                0.07290000          1.00000000
             1         S                0.21870000          1.00000000
             1         S                0.65610000          1.00000000
             1         S                1.96830000          1.00000000
             1         P                0.00010000          1.00000000
             1         P                0.00030000          1.00000000
             1         P                0.00090000          1.00000000
             1         P                0.00270000          1.00000000
             1         D                0.00010000          1.00000000
             1         D                0.00030000          1.00000000
    ... END DESCRIPTION OF BASIS
 
 
  END INFORMATION OF PARTICLES
 
 
  INFORMATION OF THE QUANTUM SYSTEM 
     ---------------------------------------------------------------------
                 ID     Occupied Orbitals     Basis size
     ---------------------------------------------------------------------
                 E-            2               14
                 E+            1               68
 
  END INFORMATION OF QUANTUM SYSTEM
 
                       INITIAL GEOMETRY: AMSTRONG
                 -----------------------------------
                       <x>                 <y>                 <z>
       E-H        0.0000000000        0.0000000000        0.0000000000
       E-H       18.9445455228        0.0000000000        0.0000000000
        E+        0.0000000000        0.0000000000        0.0000000000
        E+       18.9445455228        0.0000000000        0.0000000000
         H        0.0000000000        0.0000000000        0.0000000000
         H       18.9445455228        0.0000000000        0.0000000000
 
                     MATRIX OF DISTANCE: ANGSTROM
                 -----------------------------------
                          H(1)           H(2)      
 
        H(1)             0.000000      18.944546
        H(2)            18.944546       0.000000
 
--------------------------------------------------------------------------------
** PROGRAM: SCF (Hartree Fock).     Author: S.A. Gonzalez, E. Posada, F. Moncada
--------------------------------------------------------------------------------
INFO: RUNNING IN RHF MODE.
 
----------------------------------------------------------------------
** PROGRAM INTS                          Author: E. F. Posada, 2013   
----------------------------------------------------------------------
INFO: RUNNING IN ONE_PARTICLE MODE.
 
 Number of Overlap integrals for species E-:    196
 Number of Overlap integrals for species POSITRON:   4624
 Number of Kinetic integrals for species E-:    196
 Number of Kinetic integrals for species POSITRON:   4624
 Number of Nuclear integrals for species E-:    196
 Number of Nuclear integrals for species POSITRON:   4624
 Number of Moment integrals for species E-:    588
 Number of Moment integrals for species POSITRON:  13872
 
** TOTAL CPU Time INTS :      0.023 (s)
** TOTAL Elapsed Time INTS :      0.016 (s)
 
Removed     2 orbitals for species POSITRON with overlap eigen threshold of 1.000E-06
 Combination coefficients for E- were read from usual_170.vec
     number of         E-     particles in guess density matrix:     4.000000
 Combination coefficients for POSITRON were read from usual_170.vec
     number of   POSITRON     particles in guess density matrix:     1.000000
 Number of unique integrals for species: 1 = 588
 Number of unique integrals for species: 2 = 299638
 Number of unique integrals for species: 1 / 2 = 38880 Screened: 6191
 
 TWO-BODY INTEGRAL SETUP: 
------------------------- 
 Storage:   DISK
 Scheme: LIBINT
 Stack size:  30000
 
 LIBINT library, Fermann, J. T.; Valeev, F. L. 2010                   
 LOWDIN-LIBINT Implementation V. 2.1  Posada E. F. ; Reyes A. 2016   
 ----------------------------------------------------------------------

*** TOTAL CPU time intra-species integrals :      0.090 (s)
*** TOTAL elapsed time intra-species integrals :      0.025 (s)


*** TOTAL CPU time inter-species integrals :      0.105 (s)
*** TOTAL elapsed time inter-species integrals :      0.029 (s)

INFO: RUNNING SCHEME SIMULTANEOUS
 
 Begin Multi-Species SCF calculation:
 
 --------------------------------------------------------------------------------------------------
      Iteration                   Energy            Energy Change           Density Change
 --------------------------------------------------------------------------------------------------
              1          -1.142450417870           1.142450417870           0.000000000009
              2          -1.142450417870          -0.000000000000           0.000000000004
 Total energy converged after   2 global iterations                                                  
 
 ...end Multi-Species SCF calculation
 
 
 Begin SCF calculation by: E-
 -------------------------
 
 -----------------------------------------------------------------------------------
 Iteration                   Energy           Density Change         DIIS Error 
 -----------------------------------------------------------------------------------
    1          -0.973925935166           0.000000000000                 -- 
 
 ... end SCF calculation
 
 Begin SCF calculation by: POSITRON
 -------------------------
 
 -----------------------------------------------------------------------------------
 Iteration                   Energy           Density Change         DIIS Error 
 -----------------------------------------------------------------------------------
    1          -0.196457443598           0.000000000004                 -- 
 
 ... end SCF calculation
 
  EIGENVALUES AND EIGENVECTORS: 
 ==============================
 
 
  Eigenvalues for: E-
 -----------------
 
    1          -0.014586676438
    2          -0.014586676408
    3           0.311594885631
    4           0.311594886336
    5           0.858790294723
    6           0.858790295064
    7           1.934628978992
    8           1.934628978992
    9           1.934628978992
   10           1.934628978992
   11           1.934650892886
   12           1.934650892886
   13           3.060216333615
   14           3.060216333802
 
 
  Eigenvalues for: POSITRON
 -----------------
 
    1          -0.196457443598
    2          -0.196456893099
    3          -0.099726214513
    4          -0.097365135108
    5          -0.084669739646
    6          -0.077995970155
    7          -0.077995970155
    8          -0.075867427386
    9          -0.075867427386
   10          -0.075425066523
   11          -0.062209770348
   12          -0.060289939695
   13          -0.049592156678
   14          -0.044328119959
   15          -0.044328119959
   16          -0.041158480291
   17          -0.040248749521
   18          -0.040248749521
   19          -0.039044257817
   20          -0.037960642658
   21          -0.031773397453
   22          -0.028233525963
   23          -0.028233525963
   24          -0.027346152621
   25          -0.026870043609
   26          -0.026870043609
   27          -0.024816875606
   28          -0.024287378364
   29          -0.024287378364
   30          -0.024212163558
   31          -0.024212163558
   32          -0.024115709579
   33          -0.024115709579
   34          -0.021839132066
   35          -0.021613688167
   36          -0.020401585665
   37          -0.020401585665
   38          -0.019649684570
   39          -0.019154280127
   40          -0.015512790853
   41          -0.015512790853
   42          -0.015120872314
   43          -0.014665846564
   44          -0.014329591449
   45          -0.014329591449
   46          -0.014314462151
   47          -0.014314462151
   48          -0.013882675347
   49          -0.012829873614
   50          -0.012829873614
   51          -0.012661085763
   52          -0.012661085763
   53          -0.012514397519
   54          -0.011202706177
   55          -0.011202706177
   56          -0.011025945461
   57          -0.010641125614
   58          -0.010039342967
   59           0.001833597579
   60           0.002622867920
   61           0.396091252466
   62           0.396611961105
   63           1.835914960241
   64           1.836307945787
   65           6.969819647270
   66           6.970162760455
   67     1000000.000000000000
   68     1000000.000000000000
 
  end of eigenvalues 
 
  Occupied Eigenvectors for: E-
 --------------------------- 
 
                          -0.0146        -0.0146   
 
    1      H     S       0.108280       0.108277
    2      H     S       0.206411       0.206405
    3      H     S       0.222822       0.222816
    4      H     S       0.304004       0.303996
    5      H    Px      -0.000184      -0.000184
    6      H    Py      -0.000000      -0.000000
    7      H    Pz      -0.000000      -0.000000
    8      H     S       0.108277      -0.108280
    9      H     S       0.206405      -0.206411
   10      H     S       0.222816      -0.222822
   11      H     S       0.303996      -0.304004
   12      H    Px       0.000184      -0.000184
   13      H    Py      -0.000000      -0.000000
   14      H    Pz       0.000000       0.000000
 
 
  Occupied Eigenvectors for: POSITRON
 --------------------------- 
 
                          -0.1965   
 
    1     E+     S       0.015861
    2     E+     S       0.007658
    3     E+     S      -0.022632
    4     E+     S       0.026295
    5     E+     S      -0.026838
    6     E+     S       0.478287
    7     E+     S       0.319403
    8     E+     S      -0.059077
    9     E+     S      -0.015015
   10     E+     S      -0.007059
   11     E+    Px      -0.007883
   12     E+    Py       0.000000
   13     E+    Pz       0.000000
   14     E+    Px       0.009788
   15     E+    Py       0.000000
   16     E+    Pz      -0.000000
   17     E+    Px      -0.003826
   18     E+    Py       0.000000
   19     E+    Pz       0.000000
   20     E+    Px       0.004747
   21     E+    Py      -0.000000
   22     E+    Pz      -0.000000
   23     E+   Dxx      -0.004351
   24     E+   Dxy       0.000000
   25     E+   Dxz       0.000000
   26     E+   Dyy      -0.001836
   27     E+   Dyz      -0.000000
   28     E+   Dzz      -0.001836
   29     E+   Dxx      -0.001565
   30     E+   Dxy       0.000000
   31     E+   Dxz      -0.000000
   32     E+   Dyy      -0.006474
   33     E+   Dyz       0.000000
   34     E+   Dzz      -0.006474
   35     E+     S       0.015861
   36     E+     S       0.007658
   37     E+     S      -0.022632
   38     E+     S       0.026295
   39     E+     S      -0.026838
   40     E+     S       0.478287
   41     E+     S       0.319403
   42     E+     S      -0.059077
   43     E+     S      -0.015015
   44     E+     S      -0.007059
   45     E+    Px       0.007883
   46     E+    Py      -0.000000
   47     E+    Pz      -0.000000
   48     E+    Px      -0.009788
   49     E+    Py      -0.000000
   50     E+    Pz       0.000000
   51     E+    Px       0.003826
   52     E+    Py      -0.000000
   53     E+    Pz      -0.000000
   54     E+    Px      -0.004747
   55     E+    Py       0.000000
   56     E+    Pz       0.000000
   57     E+   Dxx      -0.004351
   58     E+   Dxy       0.000000
   59     E+   Dxz       0.000000
   60     E+   Dyy      -0.001836
   61     E+   Dyz       0.000000
   62     E+   Dzz      -0.001836
   63     E+   Dxx      -0.001565
   64     E+   Dxy       0.000000
   65     E+   Dxz      -0.000000
   66     E+   Dyy      -0.006474
   67     E+   Dyz      -0.000000
   68     E+   Dzz      -0.006474
 
 
  end of eigenvectors 
 
  END OF EIGENVALUES AND EIGENVECTORS
 
 
  COMPONENTS OF KINETIC ENERGY: 
 -----------------------------
 
                  E- Kinetic energy =            0.983847824131
            POSITRON Kinetic energy =            0.054274511894
                                     _________________________
               Total kinetic energy =            1.038122336025
 
  COMPONENTS OF POTENTIAL ENERGY: 
 -------------------------------
 
          Fixed potential energy    =            0.027932960894
 
  Quantum/Fixed interaction energy: 
 ----------------------------------
 
          E-/Fixed interact. energy =           -2.873352988773
    POSITRON/Fixed interact. energy =            0.319532657467
                                     _________________________
               Total Q/Fixed energy =           -2.553820331305
 
  Coulomb energy: 
 ------------------
 
               E-/E- Hartree energy =            1.719428446211
   POSITRON/POSITRON Hartree energy =            0.000000000000
         E-/POSITRON Hartree energy =           -0.570264612959
                                     _________________________
               Total Hartree energy =            1.149163833252
 
  Exchange(HF) energy: 
 ----------------------
 
                 E- Exchange energy =           -0.803849216735
           POSITRON Exchange energy =            0.000000000000
                                     _________________________
              Total Exchange energy =           -0.803849216735
 
  TOTAL ENERGY COMPONENTS: 
 ==========================
 
          TOTAL KINETIC ENERGY      =            1.038122336025
          TOTAL POTENTIAL ENERGY    =           -2.180572753895
                                     _________________________
                       TOTAL ENERGY =           -1.142450417870
 
                 VIRIAL RATIO (V/T) =            2.100496905061
 
 
  END ENERGY COMPONENTS
 
 
** TOTAL CPU Time SCF :      0.025 (s)
** TOTAL Elapsed Time SCF :      0.063 (s)
 
 We are calculating properties for E- in the HF/KS ground state
 We are calculating properties for POSITRON in the HF/KS ground state
 
  POPULATION ANALYSES: 
 ====================
 
 MULLIKEN Population: for E-        
 ---------------------
 
                                    
 
    1      H     S       0.170303
    2      H     S       0.494963
    3      H     S       0.602208
    4      H     S       0.732526
    5      H    Px       0.000000
    6      H    Py       0.000000
    7      H    Pz       0.000000
    8      H     S       0.170303
    9      H     S       0.494963
   10      H     S       0.602208
   11      H     S       0.732526
   12      H    Px       0.000000
   13      H    Py       0.000000
   14      H    Pz       0.000000
 
                           __________
              Total =        4.000000
 
  Atomic MULLIKEN Population: for E-        
            H                2.000000
            H                2.000000
 
 ...end of MULLIKEN Population
 
 
 END POPULATION ANALYSES 
 
 
  POPULATION ANALYSES: 
 ====================
 
 LOWDIN Population: for E-        
 ---------------------
 
                                    
 
    1      H     S       0.185734
    2      H     S       0.485744
    3      H     S       0.677546
    4      H     S       0.650976
    5      H    Px       0.000000
    6      H    Py       0.000000
    7      H    Pz       0.000000
    8      H     S       0.185734
    9      H     S       0.485744
   10      H     S       0.677546
   11      H     S       0.650976
   12      H    Px       0.000000
   13      H    Py       0.000000
   14      H    Pz       0.000000
 
                           __________
              Total =        4.000000
 
  Atomic LOWDIN Population: for E-        
            H                2.000000
            H                2.000000
 
 ...end of LOWDIN Population
 
 
 END POPULATION ANALYSES 
 
 
  POPULATION ANALYSES: 
 ====================
 
 MULLIKEN Population: for POSITRON  
 ---------------------
 
                                    
 
    1     E+     S       0.000815
    2     E+     S       0.000795
    3     E+     S      -0.004088
    4     E+     S       0.007740
    5     E+     S      -0.013600
    6     E+     S       0.330644
    7     E+     S       0.204595
    8     E+     S      -0.023700
    9     E+     S      -0.002799
   10     E+     S      -0.000522
   11     E+    Px      -0.000135
   12     E+    Py      -0.000000
   13     E+    Pz      -0.000000
   14     E+    Px       0.000508
   15     E+    Py       0.000000
   16     E+    Pz       0.000000
   17     E+    Px      -0.000360
   18     E+    Py       0.000000
   19     E+    Pz      -0.000000
   20     E+    Px       0.000215
   21     E+    Py       0.000000
   22     E+    Pz       0.000000
   23     E+   Dxx      -0.000031
   24     E+   Dxy       0.000000
   25     E+   Dxz      -0.000000
   26     E+   Dyy      -0.000000
   27     E+   Dyz       0.000000
   28     E+   Dzz      -0.000000
   29     E+   Dxx      -0.000059
   30     E+   Dxy       0.000000
   31     E+   Dxz       0.000000
   32     E+   Dyy      -0.000009
   33     E+   Dyz       0.000000
   34     E+   Dzz      -0.000009
   35     E+     S       0.000815
   36     E+     S       0.000795
   37     E+     S      -0.004088
   38     E+     S       0.007740
   39     E+     S      -0.013600
   40     E+     S       0.330644
   41     E+     S       0.204595
   42     E+     S      -0.023700
   43     E+     S      -0.002799
   44     E+     S      -0.000522
   45     E+    Px      -0.000135
   46     E+    Py       0.000000
   47     E+    Pz       0.000000
   48     E+    Px       0.000508
   49     E+    Py      -0.000000
   50     E+    Pz      -0.000000
   51     E+    Px      -0.000360
   52     E+    Py       0.000000
   53     E+    Pz       0.000000
   54     E+    Px       0.000215
   55     E+    Py      -0.000000
   56     E+    Pz      -0.000000
   57     E+   Dxx      -0.000031
   58     E+   Dxy       0.000000
   59     E+   Dxz      -0.000000
   60     E+   Dyy      -0.000000
   61     E+   Dyz      -0.000000
   62     E+   Dzz      -0.000000
   63     E+   Dxx      -0.000059
   64     E+   Dxy       0.000000
   65     E+   Dxz       0.000000
   66     E+   Dyy      -0.000009
   67     E+   Dyz       0.000000
   68     E+   Dzz      -0.000009
 
                           __________
              Total =        1.000000
 
  Atomic MULLIKEN Population: for POSITRON  
            H                0.500000
            H                0.500000
 
 ...end of MULLIKEN Population
 
 
 END POPULATION ANALYSES 
 
 
  POPULATION ANALYSES: 
 ====================
 
 LOWDIN Population: for POSITRON  
 ---------------------
 
                                    
 
    1     E+     S       0.000064
    2     E+     S       0.000314
    3     E+     S       0.001357
    4     E+     S       0.007341
    5     E+     S       0.058022
    6     E+     S       0.231386
    7     E+     S       0.175332
    8     E+     S       0.024572
    9     E+     S       0.000966
   10     E+     S       0.000016
   11     E+    Px       0.000007
   12     E+    Py       0.000000
   13     E+    Pz       0.000000
   14     E+    Px       0.000097
   15     E+    Py       0.000000
   16     E+    Pz       0.000000
   17     E+    Px       0.000389
   18     E+    Py       0.000000
   19     E+    Pz       0.000000
   20     E+    Px       0.000091
   21     E+    Py       0.000000
   22     E+    Pz       0.000000
   23     E+   Dxx       0.000001
   24     E+   Dxy       0.000000
   25     E+   Dxz       0.000000
   26     E+   Dyy       0.000000
   27     E+   Dyz       0.000000
   28     E+   Dzz       0.000000
   29     E+   Dxx       0.000031
   30     E+   Dxy       0.000000
   31     E+   Dxz       0.000000
   32     E+   Dyy       0.000006
   33     E+   Dyz       0.000000
   34     E+   Dzz       0.000006
   35     E+     S       0.000064
   36     E+     S       0.000314
   37     E+     S       0.001357
   38     E+     S       0.007341
   39     E+     S       0.058022
   40     E+     S       0.231386
   41     E+     S       0.175332
   42     E+     S       0.024572
   43     E+     S       0.000966
   44     E+     S       0.000016
   45     E+    Px       0.000007
   46     E+    Py       0.000000
   47     E+    Pz       0.000000
   48     E+    Px       0.000097
   49     E+    Py       0.000000
   50     E+    Pz       0.000000
   51     E+    Px       0.000389
   52     E+    Py       0.000000
   53     E+    Pz       0.000000
   54     E+    Px       0.000091
   55     E+    Py      -0.000000
   56     E+    Pz       0.000000
   57     E+   Dxx       0.000001
   58     E+   Dxy       0.000000
   59     E+   Dxz       0.000000
   60     E+   Dyy       0.000000
   61     E+   Dyz       0.000000
   62     E+   Dzz       0.000000
   63     E+   Dxx       0.000031
   64     E+   Dxy       0.000000
   65     E+   Dxz       0.000000
   66     E+   Dyy       0.000006
   67     E+   Dyz       0.000000
   68     E+   Dzz       0.000006
 
                           __________
              Total =        1.000000
 
  Atomic LOWDIN Population: for POSITRON  
            H                0.500000
            H                0.500000
 
 ...end of LOWDIN Population
 
 
 END POPULATION ANALYSES 
 
 
  EXPECTED POSITIONS OF QUANTUM SPECIES:
 ======================
 
 POSITIONS IN ANGSTROMS
 ------
 
                        <x>      <y>      <z>         
                 E-  37.8891  -0.0000  -0.0000
           POSITRON   9.4723  -0.0000  -0.0000
 
 END EXPECTED POSITIONS
 
 
  ELECTROSTATIC MOMENTS:
 ======================
 
 DIPOLE: (DEBYE)
 ------
 
                           <Dx>         <Dy>         <Dz>          |D|
                 E--181.98902359   0.00000000   0.00000000
           POSITRON  45.49725599  -0.00000000  -0.00000000
    Point charges:   90.99451180   0.00000000   0.00000000
                     ____________________________
      Total Dipole: -45.49725581   0.00000000  -0.00000000  45.49725581
 
 QUADRUPOLE NON-TRACELESS: (DEBYE ANGS)
 ------
 
                           <xx>         <yy>         <zz>         <xy>         <xz>         <yz>
                 E-   -0.00000000   -0.00000000   -0.00000000   -0.00000000   -0.00000000   -0.00000000
           POSITRON    0.00000000    0.00000000    0.00000000    0.00000000    0.00000000    0.00000000
    Point charges:  1723.84947437    0.00000000    0.00000000    0.00000000    0.00000000    0.00000000
  Total Quadrupole: 1723.84947437    0.00000000    0.00000000    0.00000000    0.00000000    0.00000000
                     ____________________________
 
 END ELECTROSTATIC MOMENTS
 

  TOTAL CPU Time:      0.028 (s)
 TOTAL Wall Time:      0.103 (s)
  Elapsed Time:   0h  0m  0s 103ms
LOWDIN execution terminated normally at : Thu Oct 17 18:25:46 2024
-rw-rw-r-- 1 pmorenor pmorenor 704K oct 17 18:25 0E-.ints
-rw-rw-r-- 1 pmorenor pmorenor 704K oct 17 18:25 0E-.POSITRON.ints
-rw-rw-r-- 1 pmorenor pmorenor 2.1M oct 17 18:25 0POSITRON.ints
-rw-rw-r-- 1 pmorenor pmorenor 704K oct 17 18:25 1E-.ints
-rw-rw-r-- 1 pmorenor pmorenor 704K oct 17 18:25 1E-.POSITRON.ints
-rw-rw-r-- 1 pmorenor pmorenor 2.1M oct 17 18:25 1POSITRON.ints
-rw-rw-r-- 1 pmorenor pmorenor 704K oct 17 18:25 2E-.ints
-rw-rw-r-- 1 pmorenor pmorenor 704K oct 17 18:25 2E-.POSITRON.ints
-rw-rw-r-- 1 pmorenor pmorenor 2.1M oct 17 18:25 2POSITRON.ints
-rw-rw-r-- 1 pmorenor pmorenor 704K oct 17 18:25 3E-.ints
-rw-rw-r-- 1 pmorenor pmorenor 704K oct 17 18:25 3E-.POSITRON.ints
-rw-rw-r-- 1 pmorenor pmorenor 2.1M oct 17 18:25 3POSITRON.ints
-rw-rw-r-- 1 pmorenor pmorenor   12 oct 17 18:25 E-.POSITRON.nints
-rw-rw-r-- 1 pmorenor pmorenor   65 oct 17 18:25 gepol.inp
-rw-rw-r-- 1 pmorenor pmorenor   91 oct 17 18:25 gepol.xyzr
-rw-rw-r-- 1 pmorenor pmorenor 7.3K oct 17 18:25 lowdin.bas
-rw-rw-r-- 1 pmorenor pmorenor  15K oct 17 18:25 lowdin.dat
-rw-rw-r-- 1 pmorenor pmorenor 458K oct 17 18:25 lowdin.opints
-rw-rw-r-- 1 pmorenor pmorenor  18K oct 17 18:25 lowdin.sys
-rw-rw-r-- 1 pmorenor pmorenor 343K oct 17 18:25 lowdin.wfn
-rw-rw-r-- 1 pmorenor pmorenor  448 oct 17 18:25 usual_170
-rw-rw-r-- 1 pmorenor pmorenor 1.7K oct 17 18:25 usual_170.aux
-rw-rw-r-- 1 pmorenor pmorenor  452 oct 17 18:25 usual_170.lowdin
-rw-rw-r-- 1 pmorenor pmorenor  30K oct 17 18:25 usual_170.out
-rw-rw-r-- 1 pmorenor pmorenor  39K oct 17 18:25 usual_170.vec
