Begin job by input: usual_167.lowdin, for user: pmorenor  at  jue 17 oct 2024 18:25:44 -05
under operating system Linux Hefesto 5.4.0-196-generic #216-Ubuntu SMP Thu Aug 29 13:26:53 UTC 2024 x86_64 x86_64 x86_64 GNU/Linux
Compilation information
  commit: f2cffef7078af1231fe3319081e66b682883a80b
  compilation date:  mar 06 feb 2024 16:53:31 -05

BEGIN INPUT INFO:
------------------------------------

GEOMETRY
	H	Dirac	0.0 0.0 0.0
	e-(H)	6-311++G.d.p	0.0 0.0 0.0	addParticles=1
	E+	GRIBAKIN-10S4P2D	0.0 0.0 0.0
	H	Dirac	35.2 0.0 0.0
	e-(H)	6-311++G.d.p	35.2 0.0 0.0	addParticles=1
	E+ GRIBAKIN-10S4P2D     35.2 0.0 0.0	addParticles=-1
END GEOMETRY

TASKS
        method = "RHF"
END TASKS

CONTROL
	units="BOHR"
	convergenceMethod=1
	SCFGhostSpecies="POSITRON"
	overlapEigenThreshold=1E-6
	HFprintEigenvalues=T
	totalEnergyTolerance = 1E-9
END CONTROL


... END INPUT INFO


 LOWDIN execution started at : Thu Oct 17 18:25:44 2024
 ---------------------------------------------------------------
 
 ***************************************************************
 *                   LOWDIN 2.0  (May/2013)                    *
 *                                                             *
 *  R. FLORES-MORENO, E. F. POSADA, F. S. MONCADA, J.ROMERO,   *
 *  J. CHARRY, M. DIAZ-TINOCO, S. A. GONZALEZ, N. F. AGUIRRE,  *
 *  A. REYES                                                   *
 *                                                             *
 *  https://sites.google.com/site/lowdinproject/               *
 *                                                             *
 ***************************************************************
 
 PARSING INPUT... DONE!
 
 LOWDIN IS RUNNING WITH NEXT PARAMETERS: 
 ----------------------------------------
 
         METHOD TYPE:  RHF
         NUMBER OF CORES:     4
         NONELECTRONIC DENSITY GUESS: HCORE
         ELECTRONIC DENSITY GUESS: HCORE
         CRITERIUM OF CONVERGENCE: ENERGY
         NONELECTRONIC ENERGY TOLERANCE IN SCFs:     0.10000E-07
         ELECTRONIC ENERGY TOLERANCE IN SCFs:     0.10000E-07
         TOTAL ENERGY TOLERANCE IN SCFs:     0.10000E-08
         SCHEME OF ITERATION: GLOBAL ITERATIONS
         SCF MAX. SUBITERATIONS - NONELECTRONS :     1
         SCF MAX. SUBITERATIONS - ELECTRONS :     1
         SCF MAX. ITERATIONS - INTERSPECIES :   200
         INTEGRAL STORAGE: DISK
         STACK SIZE FOR ERIS : 30000
         METHOD OF SCF CONVERGENCE: DAMPING
 
  MOLECULAR SYSTEM: usual_167
 -----------------
 
    DESCRIPTION   : usual_167
    CHARGE        :   2
    PUNTUAL GROUP : NONE
 
 
  INFORMATION OF PARTICLES :
 =========================
         Total number of particles   =       7
         Number of quantum particles =       5
         Number of puntual charges   =       2
         Number of quantum species   =       2
 
                 INFORMATION OF QUANTUM SPECIES 
     ---------------------------------------------------------------------
         ID      Symbol            mass     charge     spin     multiplicity
     ---------------------------------------------------------------------
         1             E-         1.0000     -1.00      0.50      1.00
         2             E+         1.0000      1.00      0.50      1.00
 
                   CONSTANTS OF COUPLING 
      ------------------------------------------------------------
           Symbol          kappa      eta     lambda     occupation
      ------------------------------------------------------------
                 E-        -1.0      2.00      2.00      2.00
                 E+        -1.0      1.00      1.00      1.00
 
                   BASIS SET FOR SPECIES 
      ------------------------------------------------------------
           Symbol          N. Basis     N. Particles     Basis Set
      ------------------------------------------------------------
                 E-           10                4     6-311++G.D
                 E+           32                1     GRIBAKIN-1
 
                                ATOMIC BASIS
         ------------------------------------------------------------
          PRIMITIVE   SHELL             EXPONENT         COEFFICIENT 
         ------------------------------------------------------------
 
    BEGIN DESCRIPTION OF BASIS FOR:    E-
    ==============================
 
 
             H BASIS SET:   6-311++G.D.P
             1         S               33.86500000          0.02549380
             2         S                5.09479000          0.19037300
             3         S                1.15879000          0.85216100
             1         S                0.32584000          1.00000000
             1         S                0.10274100          1.00000000
             1         S                0.03600000          1.00000000
             1         P                0.75000000          1.00000000
 
             H BASIS SET:   6-311++G.D.P
             1         S               33.86500000          0.02549380
             2         S                5.09479000          0.19037300
             3         S                1.15879000          0.85216100
             1         S                0.32584000          1.00000000
             1         S                0.10274100          1.00000000
             1         S                0.03600000          1.00000000
             1         P                0.75000000          1.00000000
    ... END DESCRIPTION OF BASIS
 
 
    BEGIN DESCRIPTION OF BASIS FOR:    E+
    ==============================
 
 
            E+ BASIS SET:GRIBAKIN-10S4P2
             1         S                0.00010000          1.00000000
             1         S                0.00030000          1.00000000
             1         S                0.00090000          1.00000000
             1         S                0.00270000          1.00000000
             1         S                0.00810000          1.00000000
             1         S                0.02430000          1.00000000
             1         S                0.07290000          1.00000000
             1         S                0.21870000          1.00000000
             1         S                0.65610000          1.00000000
             1         S                1.96830000          1.00000000
             1         P                0.00010000          1.00000000
             1         P                0.00030000          1.00000000
             1         P                0.00090000          1.00000000
             1         P                0.00270000          1.00000000
             1         D                0.00010000          1.00000000
             1         D                0.00030000          1.00000000
 
            E+ BASIS SET:GRIBAKIN-10S4P2
             1         S                0.00010000          1.00000000
             1         S                0.00030000          1.00000000
             1         S                0.00090000          1.00000000
             1         S                0.00270000          1.00000000
             1         S                0.00810000          1.00000000
             1         S                0.02430000          1.00000000
             1         S                0.07290000          1.00000000
             1         S                0.21870000          1.00000000
             1         S                0.65610000          1.00000000
             1         S                1.96830000          1.00000000
             1         P                0.00010000          1.00000000
             1         P                0.00030000          1.00000000
             1         P                0.00090000          1.00000000
             1         P                0.00270000          1.00000000
             1         D                0.00010000          1.00000000
             1         D                0.00030000          1.00000000
    ... END DESCRIPTION OF BASIS
 
 
  END INFORMATION OF PARTICLES
 
 
  INFORMATION OF THE QUANTUM SYSTEM 
     ---------------------------------------------------------------------
                 ID     Occupied Orbitals     Basis size
     ---------------------------------------------------------------------
                 E-            2               14
                 E+            1               68
 
  END INFORMATION OF QUANTUM SYSTEM
 
                       INITIAL GEOMETRY: AMSTRONG
                 -----------------------------------
                       <x>                 <y>                 <z>
       E-H        0.0000000000        0.0000000000        0.0000000000
       E-H       18.6270391732        0.0000000000        0.0000000000
        E+        0.0000000000        0.0000000000        0.0000000000
        E+       18.6270391732        0.0000000000        0.0000000000
         H        0.0000000000        0.0000000000        0.0000000000
         H       18.6270391732        0.0000000000        0.0000000000
 
                     MATRIX OF DISTANCE: ANGSTROM
                 -----------------------------------
                          H(1)           H(2)      
 
        H(1)             0.000000      18.627039
        H(2)            18.627039       0.000000
 
--------------------------------------------------------------------------------
** PROGRAM: SCF (Hartree Fock).     Author: S.A. Gonzalez, E. Posada, F. Moncada
--------------------------------------------------------------------------------
INFO: RUNNING IN RHF MODE.
 
----------------------------------------------------------------------
** PROGRAM INTS                          Author: E. F. Posada, 2013   
----------------------------------------------------------------------
INFO: RUNNING IN ONE_PARTICLE MODE.
 
 Number of Overlap integrals for species E-:    196
 Number of Overlap integrals for species POSITRON:   4624
 Number of Kinetic integrals for species E-:    196
 Number of Kinetic integrals for species POSITRON:   4624
 Number of Nuclear integrals for species E-:    196
 Number of Nuclear integrals for species POSITRON:   4624
 Number of Moment integrals for species E-:    588
 Number of Moment integrals for species POSITRON:  13872
 
** TOTAL CPU Time INTS :      0.022 (s)
** TOTAL Elapsed Time INTS :      0.016 (s)
 
Removed     2 orbitals for species POSITRON with overlap eigen threshold of 1.000E-06
 Combination coefficients for E- were read from usual_167.vec
     number of         E-     particles in guess density matrix:     4.000000
 Combination coefficients for POSITRON were read from usual_167.vec
     number of   POSITRON     particles in guess density matrix:     1.000000
 Number of unique integrals for species: 1 = 588
 Number of unique integrals for species: 2 = 300524
 Number of unique integrals for species: 1 / 2 = 38888 Screened: 6689
 
 TWO-BODY INTEGRAL SETUP: 
------------------------- 
 Storage:   DISK
 Scheme: LIBINT
 Stack size:  30000
 
 LIBINT library, Fermann, J. T.; Valeev, F. L. 2010                   
 LOWDIN-LIBINT Implementation V. 2.1  Posada E. F. ; Reyes A. 2016   
 ----------------------------------------------------------------------

*** TOTAL CPU time intra-species integrals :      0.080 (s)
*** TOTAL elapsed time intra-species integrals :      0.023 (s)


*** TOTAL CPU time inter-species integrals :      0.096 (s)
*** TOTAL elapsed time inter-species integrals :      0.027 (s)

INFO: RUNNING SCHEME SIMULTANEOUS
 
 Begin Multi-Species SCF calculation:
 
 --------------------------------------------------------------------------------------------------
      Iteration                   Energy            Energy Change           Density Change
 --------------------------------------------------------------------------------------------------
              1          -1.142451024747           1.142451024747           0.000000000002
              2          -1.142451024747          -0.000000000000           0.000000000005
 Total energy converged after   2 global iterations                                                  
 
 ...end Multi-Species SCF calculation
 
 
 Begin SCF calculation by: E-
 -------------------------
 
 -----------------------------------------------------------------------------------
 Iteration                   Energy           Density Change         DIIS Error 
 -----------------------------------------------------------------------------------
    1          -0.973925967180           0.000000000000                 -- 
 
 ... end SCF calculation
 
 Begin SCF calculation by: POSITRON
 -------------------------
 
 -----------------------------------------------------------------------------------
 Iteration                   Energy           Density Change         DIIS Error 
 -----------------------------------------------------------------------------------
    1          -0.196934148476           0.000000000005                 -- 
 
 ... end SCF calculation
 
  EIGENVALUES AND EIGENVECTORS: 
 ==============================
 
 
  Eigenvalues for: E-
 -----------------
 
    1          -0.014110581917
    2          -0.014110581855
    3           0.312070982201
    4           0.312070983687
    5           0.859266396178
    6           0.859266396901
    7           1.935104709682
    8           1.935104709682
    9           1.935104709682
   10           1.935104709682
   11           1.935127765480
   12           1.935127765480
   13           3.060692445840
   14           3.060692446240
 
 
  Eigenvalues for: POSITRON
 -----------------
 
    1          -0.196934148476
    2          -0.196933000592
    3          -0.100419806782
    4          -0.097768097515
    5          -0.085131744364
    6          -0.078477792953
    7          -0.078477792953
    8          -0.076122810259
    9          -0.076122810259
   10          -0.075384775587
   11          -0.062477774064
   12          -0.060598809050
   13          -0.049775894809
   14          -0.044428580577
   15          -0.044428580577
   16          -0.041220114448
   17          -0.040330158642
   18          -0.040330158642
   19          -0.039171071910
   20          -0.037987976724
   21          -0.031822005589
   22          -0.028270760189
   23          -0.028270760189
   24          -0.027389994745
   25          -0.026884104508
   26          -0.026884104508
   27          -0.024857477394
   28          -0.024312273855
   29          -0.024312273855
   30          -0.024220868842
   31          -0.024220868842
   32          -0.024114644006
   33          -0.024114644006
   34          -0.021841661952
   35          -0.021628907726
   36          -0.020392688435
   37          -0.020392688435
   38          -0.019643560274
   39          -0.019172847318
   40          -0.015519566963
   41          -0.015519566963
   42          -0.015127350163
   43          -0.014672211181
   44          -0.014336277925
   45          -0.014336277925
   46          -0.014320436499
   47          -0.014320436499
   48          -0.013889666195
   49          -0.012832292498
   50          -0.012832292498
   51          -0.012660722632
   52          -0.012660722632
   53          -0.012517733327
   54          -0.011202496209
   55          -0.011202496209
   56          -0.011024874825
   57          -0.010648509503
   58          -0.010043613527
   59           0.001318032690
   60           0.002316384758
   61           0.395599639149
   62           0.396185234402
   63           1.835423450396
   64           1.835872146309
   65           6.969328319215
   66           6.969723728828
   67     1000000.000000000000
   68     1000000.000000000000
 
  end of eigenvalues 
 
  Occupied Eigenvectors for: E-
 --------------------------- 
 
                          -0.0141        -0.0141   
 
    1      H     S       0.108280      -0.108278
    2      H     S       0.206410      -0.206406
    3      H     S       0.222821      -0.222816
    4      H     S       0.304003      -0.303997
    5      H    Px      -0.000191       0.000191
    6      H    Py       0.000000      -0.000000
    7      H    Pz      -0.000000       0.000000
    8      H     S       0.108278       0.108280
    9      H     S       0.206406       0.206410
   10      H     S       0.222816       0.222821
   11      H     S       0.303997       0.304003
   12      H    Px       0.000191       0.000191
   13      H    Py       0.000000      -0.000000
   14      H    Pz       0.000000       0.000000
 
 
  Occupied Eigenvectors for: POSITRON
 --------------------------- 
 
                          -0.1969   
 
    1     E+     S       0.016257
    2     E+     S       0.007085
    3     E+     S      -0.022652
    4     E+     S       0.026510
    5     E+     S      -0.027139
    6     E+     S       0.478456
    7     E+     S       0.319333
    8     E+     S      -0.059056
    9     E+     S      -0.015020
   10     E+     S      -0.007058
   11     E+    Px      -0.009127
   12     E+    Py      -0.000000
   13     E+    Pz       0.000000
   14     E+    Px       0.010847
   15     E+    Py       0.000000
   16     E+    Pz      -0.000000
   17     E+    Px      -0.004027
   18     E+    Py      -0.000000
   19     E+    Pz       0.000000
   20     E+    Px       0.004934
   21     E+    Py       0.000000
   22     E+    Pz      -0.000000
   23     E+   Dxx      -0.004703
   24     E+   Dxy      -0.000000
   25     E+   Dxz       0.000000
   26     E+   Dyy      -0.001837
   27     E+   Dyz       0.000000
   28     E+   Dzz      -0.001837
   29     E+   Dxx      -0.001088
   30     E+   Dxy       0.000000
   31     E+   Dxz      -0.000000
   32     E+   Dyy      -0.006462
   33     E+   Dyz       0.000000
   34     E+   Dzz      -0.006462
   35     E+     S       0.016257
   36     E+     S       0.007085
   37     E+     S      -0.022652
   38     E+     S       0.026510
   39     E+     S      -0.027139
   40     E+     S       0.478456
   41     E+     S       0.319333
   42     E+     S      -0.059056
   43     E+     S      -0.015020
   44     E+     S      -0.007058
   45     E+    Px       0.009127
   46     E+    Py       0.000000
   47     E+    Pz      -0.000000
   48     E+    Px      -0.010847
   49     E+    Py      -0.000000
   50     E+    Pz       0.000000
   51     E+    Px       0.004027
   52     E+    Py       0.000000
   53     E+    Pz      -0.000000
   54     E+    Px      -0.004934
   55     E+    Py      -0.000000
   56     E+    Pz       0.000000
   57     E+   Dxx      -0.004703
   58     E+   Dxy      -0.000000
   59     E+   Dxz       0.000000
   60     E+   Dyy      -0.001837
   61     E+   Dyz      -0.000000
   62     E+   Dzz      -0.001837
   63     E+   Dxx      -0.001088
   64     E+   Dxy       0.000000
   65     E+   Dxz      -0.000000
   66     E+   Dyy      -0.006462
   67     E+   Dyz       0.000000
   68     E+   Dzz      -0.006462
 
 
  end of eigenvectors 
 
  END OF EIGENVALUES AND EIGENVECTORS
 
 
  COMPONENTS OF KINETIC ENERGY: 
 -----------------------------
 
                  E- Kinetic energy =            0.983847871953
            POSITRON Kinetic energy =            0.054273251909
                                     _________________________
               Total kinetic energy =            1.038121123863
 
  COMPONENTS OF POTENTIAL ENERGY: 
 -------------------------------
 
          Fixed potential energy    =            0.028409090909
 
  Quantum/Fixed interaction energy: 
 ----------------------------------
 
          E-/Fixed interact. energy =           -2.875257478769
    POSITRON/Fixed interact. energy =            0.320006799499
                                     _________________________
               Total Q/Fixed energy =           -2.555250679271
 
  Coulomb energy: 
 ------------------
 
               E-/E- Hartree energy =            1.721332874523
   POSITRON/POSITRON Hartree energy =            0.000000000000
         E-/POSITRON Hartree energy =           -0.571214199884
                                     _________________________
               Total Hartree energy =            1.150118674638
 
  Exchange(HF) energy: 
 ----------------------
 
                 E- Exchange energy =           -0.803849234887
           POSITRON Exchange energy =            0.000000000000
                                     _________________________
              Total Exchange energy =           -0.803849234887
 
  TOTAL ENERGY COMPONENTS: 
 ==========================
 
          TOTAL KINETIC ENERGY      =            1.038121123863
          TOTAL POTENTIAL ENERGY    =           -2.180572148610
                                     _________________________
                       TOTAL ENERGY =           -1.142451024747
 
                 VIRIAL RATIO (V/T) =            2.100498774648
 
 
  END ENERGY COMPONENTS
 
 
** TOTAL CPU Time SCF :      0.025 (s)
** TOTAL Elapsed Time SCF :      0.061 (s)
 
 We are calculating properties for E- in the HF/KS ground state
 We are calculating properties for POSITRON in the HF/KS ground state
 
  POPULATION ANALYSES: 
 ====================
 
 MULLIKEN Population: for E-        
 ---------------------
 
                                    
 
    1      H     S       0.170303
    2      H     S       0.494963
    3      H     S       0.602208
    4      H     S       0.732526
    5      H    Px       0.000000
    6      H    Py       0.000000
    7      H    Pz       0.000000
    8      H     S       0.170303
    9      H     S       0.494963
   10      H     S       0.602208
   11      H     S       0.732526
   12      H    Px       0.000000
   13      H    Py       0.000000
   14      H    Pz       0.000000
 
                           __________
              Total =        4.000000
 
  Atomic MULLIKEN Population: for E-        
            H                2.000000
            H                2.000000
 
 ...end of MULLIKEN Population
 
 
 END POPULATION ANALYSES 
 
 
  POPULATION ANALYSES: 
 ====================
 
 LOWDIN Population: for E-        
 ---------------------
 
                                    
 
    1      H     S       0.185734
    2      H     S       0.485744
    3      H     S       0.677546
    4      H     S       0.650976
    5      H    Px       0.000000
    6      H    Py       0.000000
    7      H    Pz       0.000000
    8      H     S       0.185734
    9      H     S       0.485744
   10      H     S       0.677546
   11      H     S       0.650976
   12      H    Px       0.000000
   13      H    Py       0.000000
   14      H    Pz       0.000000
 
                           __________
              Total =        4.000000
 
  Atomic LOWDIN Population: for E-        
            H                2.000000
            H                2.000000
 
 ...end of LOWDIN Population
 
 
 END POPULATION ANALYSES 
 
 
  POPULATION ANALYSES: 
 ====================
 
 MULLIKEN Population: for POSITRON  
 ---------------------
 
                                    
 
    1     E+     S       0.000837
    2     E+     S       0.000739
    3     E+     S      -0.004130
    4     E+     S       0.007840
    5     E+     S      -0.013754
    6     E+     S       0.330761
    7     E+     S       0.204549
    8     E+     S      -0.023691
    9     E+     S      -0.002800
   10     E+     S      -0.000522
   11     E+    Px      -0.000155
   12     E+    Py      -0.000000
   13     E+    Pz       0.000000
   14     E+    Px       0.000560
   15     E+    Py      -0.000000
   16     E+    Pz       0.000000
   17     E+    Px      -0.000386
   18     E+    Py       0.000000
   19     E+    Pz       0.000000
   20     E+    Px       0.000243
   21     E+    Py      -0.000000
   22     E+    Pz      -0.000000
   23     E+   Dxx      -0.000033
   24     E+   Dxy      -0.000000
   25     E+   Dxz      -0.000000
   26     E+   Dyy      -0.000000
   27     E+   Dyz      -0.000000
   28     E+   Dzz      -0.000000
   29     E+   Dxx      -0.000040
   30     E+   Dxy       0.000000
   31     E+   Dxz       0.000000
   32     E+   Dyy      -0.000009
   33     E+   Dyz      -0.000000
   34     E+   Dzz      -0.000009
   35     E+     S       0.000837
   36     E+     S       0.000739
   37     E+     S      -0.004130
   38     E+     S       0.007840
   39     E+     S      -0.013754
   40     E+     S       0.330761
   41     E+     S       0.204549
   42     E+     S      -0.023691
   43     E+     S      -0.002800
   44     E+     S      -0.000522
   45     E+    Px      -0.000155
   46     E+    Py       0.000000
   47     E+    Pz       0.000000
   48     E+    Px       0.000560
   49     E+    Py      -0.000000
   50     E+    Pz      -0.000000
   51     E+    Px      -0.000386
   52     E+    Py       0.000000
   53     E+    Pz       0.000000
   54     E+    Px       0.000243
   55     E+    Py      -0.000000
   56     E+    Pz      -0.000000
   57     E+   Dxx      -0.000033
   58     E+   Dxy      -0.000000
   59     E+   Dxz      -0.000000
   60     E+   Dyy      -0.000000
   61     E+   Dyz       0.000000
   62     E+   Dzz      -0.000000
   63     E+   Dxx      -0.000040
   64     E+   Dxy       0.000000
   65     E+   Dxz       0.000000
   66     E+   Dyy      -0.000009
   67     E+   Dyz      -0.000000
   68     E+   Dzz      -0.000009
 
                           __________
              Total =        1.000000
 
  Atomic MULLIKEN Population: for POSITRON  
            H                0.500000
            H                0.500000
 
 ...end of MULLIKEN Population
 
 
 END POPULATION ANALYSES 
 
 
  POPULATION ANALYSES: 
 ====================
 
 LOWDIN Population: for POSITRON  
 ---------------------
 
                                    
 
    1     E+     S       0.000065
    2     E+     S       0.000316
    3     E+     S       0.001384
    4     E+     S       0.007373
    5     E+     S       0.057955
    6     E+     S       0.231364
    7     E+     S       0.175323
    8     E+     S       0.024569
    9     E+     S       0.000966
   10     E+     S       0.000016
   11     E+    Px       0.000007
   12     E+    Py       0.000000
   13     E+    Pz       0.000000
   14     E+    Px       0.000097
   15     E+    Py       0.000000
   16     E+    Pz       0.000000
   17     E+    Px       0.000408
   18     E+    Py       0.000000
   19     E+    Pz       0.000000
   20     E+    Px       0.000113
   21     E+    Py       0.000000
   22     E+    Pz       0.000000
   23     E+   Dxx       0.000001
   24     E+   Dxy       0.000000
   25     E+   Dxz       0.000000
   26     E+   Dyy       0.000000
   27     E+   Dyz       0.000000
   28     E+   Dzz       0.000000
   29     E+   Dxx       0.000029
   30     E+   Dxy       0.000000
   31     E+   Dxz       0.000000
   32     E+   Dyy       0.000006
   33     E+   Dyz       0.000000
   34     E+   Dzz       0.000006
   35     E+     S       0.000065
   36     E+     S       0.000316
   37     E+     S       0.001384
   38     E+     S       0.007373
   39     E+     S       0.057955
   40     E+     S       0.231364
   41     E+     S       0.175323
   42     E+     S       0.024569
   43     E+     S       0.000966
   44     E+     S       0.000016
   45     E+    Px       0.000007
   46     E+    Py       0.000000
   47     E+    Pz       0.000000
   48     E+    Px       0.000097
   49     E+    Py       0.000000
   50     E+    Pz       0.000000
   51     E+    Px       0.000408
   52     E+    Py       0.000000
   53     E+    Pz       0.000000
   54     E+    Px       0.000113
   55     E+    Py       0.000000
   56     E+    Pz       0.000000
   57     E+   Dxx       0.000001
   58     E+   Dxy       0.000000
   59     E+   Dxz       0.000000
   60     E+   Dyy       0.000000
   61     E+   Dyz       0.000000
   62     E+   Dzz       0.000000
   63     E+   Dxx       0.000029
   64     E+   Dxy       0.000000
   65     E+   Dxz       0.000000
   66     E+   Dyy       0.000006
   67     E+   Dyz       0.000000
   68     E+   Dzz       0.000006
 
                           __________
              Total =        1.000000
 
  Atomic LOWDIN Population: for POSITRON  
            H                0.500000
            H                0.500000
 
 ...end of LOWDIN Population
 
 
 END POPULATION ANALYSES 
 
 
  EXPECTED POSITIONS OF QUANTUM SPECIES:
 ======================
 
 POSITIONS IN ANGSTROMS
 ------
 
                        <x>      <y>      <z>         
                 E-  37.2541  -0.0000  -0.0000
           POSITRON   9.3135  -0.0000   0.0000
 
 END EXPECTED POSITIONS
 
 
  ELECTROSTATIC MOMENTS:
 ======================
 
 DIPOLE: (DEBYE)
 ------
 
                           <Dx>         <Dy>         <Dz>          |D|
                 E--178.93892822   0.00000000   0.00000000
           POSITRON  44.73473210  -0.00000000   0.00000000
    Point charges:   89.46946411   0.00000000   0.00000000
                     ____________________________
      Total Dipole: -44.73473201  -0.00000000   0.00000000  44.73473201
 
 QUADRUPOLE NON-TRACELESS: (DEBYE ANGS)
 ------
 
                           <xx>         <yy>         <zz>         <xy>         <xz>         <yz>
                 E-   -0.00000000   -0.00000000   -0.00000000   -0.00000000   -0.00000000   -0.00000000
           POSITRON    0.00000000    0.00000000    0.00000000    0.00000000    0.00000000    0.00000000
    Point charges:  1666.55102270    0.00000000    0.00000000    0.00000000    0.00000000    0.00000000
  Total Quadrupole: 1666.55102270    0.00000000    0.00000000    0.00000000    0.00000000    0.00000000
                     ____________________________
 
 END ELECTROSTATIC MOMENTS
 

  TOTAL CPU Time:      0.030 (s)
 TOTAL Wall Time:      0.104 (s)
  Elapsed Time:   0h  0m  0s 105ms
LOWDIN execution terminated normally at : Thu Oct 17 18:25:44 2024
-rw-rw-r-- 1 pmorenor pmorenor 704K oct 17 18:25 0E-.ints
-rw-rw-r-- 1 pmorenor pmorenor 704K oct 17 18:25 0E-.POSITRON.ints
-rw-rw-r-- 1 pmorenor pmorenor 2.1M oct 17 18:25 0POSITRON.ints
-rw-rw-r-- 1 pmorenor pmorenor 704K oct 17 18:25 1E-.ints
-rw-rw-r-- 1 pmorenor pmorenor 704K oct 17 18:25 1E-.POSITRON.ints
-rw-rw-r-- 1 pmorenor pmorenor 2.1M oct 17 18:25 1POSITRON.ints
-rw-rw-r-- 1 pmorenor pmorenor 704K oct 17 18:25 2E-.ints
-rw-rw-r-- 1 pmorenor pmorenor 704K oct 17 18:25 2E-.POSITRON.ints
-rw-rw-r-- 1 pmorenor pmorenor 2.1M oct 17 18:25 2POSITRON.ints
-rw-rw-r-- 1 pmorenor pmorenor 704K oct 17 18:25 3E-.ints
-rw-rw-r-- 1 pmorenor pmorenor 704K oct 17 18:25 3E-.POSITRON.ints
-rw-rw-r-- 1 pmorenor pmorenor 2.1M oct 17 18:25 3POSITRON.ints
-rw-rw-r-- 1 pmorenor pmorenor   12 oct 17 18:25 E-.POSITRON.nints
-rw-rw-r-- 1 pmorenor pmorenor   65 oct 17 18:25 gepol.inp
-rw-rw-r-- 1 pmorenor pmorenor   91 oct 17 18:25 gepol.xyzr
-rw-rw-r-- 1 pmorenor pmorenor 7.3K oct 17 18:25 lowdin.bas
-rw-rw-r-- 1 pmorenor pmorenor  15K oct 17 18:25 lowdin.dat
-rw-rw-r-- 1 pmorenor pmorenor 458K oct 17 18:25 lowdin.opints
-rw-rw-r-- 1 pmorenor pmorenor  18K oct 17 18:25 lowdin.sys
-rw-rw-r-- 1 pmorenor pmorenor 343K oct 17 18:25 lowdin.wfn
-rw-rw-r-- 1 pmorenor pmorenor  448 oct 17 18:25 usual_167
-rw-rw-r-- 1 pmorenor pmorenor 1.7K oct 17 18:25 usual_167.aux
-rw-rw-r-- 1 pmorenor pmorenor  452 oct 17 18:25 usual_167.lowdin
-rw-rw-r-- 1 pmorenor pmorenor  30K oct 17 18:25 usual_167.out
-rw-rw-r-- 1 pmorenor pmorenor  39K oct 17 18:25 usual_167.vec
