Begin job by input: usual_140.lowdin, for user: pmorenor  at  jue 17 oct 2024 18:25:30 -05
under operating system Linux Hefesto 5.4.0-196-generic #216-Ubuntu SMP Thu Aug 29 13:26:53 UTC 2024 x86_64 x86_64 x86_64 GNU/Linux
Compilation information
  commit: f2cffef7078af1231fe3319081e66b682883a80b
  compilation date:  mar 06 feb 2024 16:53:31 -05

BEGIN INPUT INFO:
------------------------------------

GEOMETRY
	H	Dirac	0.0 0.0 0.0
	e-(H)	6-311++G.d.p	0.0 0.0 0.0	addParticles=1
	E+	GRIBAKIN-10S4P2D	0.0 0.0 0.0
	H	Dirac	29.8 0.0 0.0
	e-(H)	6-311++G.d.p	29.8 0.0 0.0	addParticles=1
	E+ GRIBAKIN-10S4P2D     29.8 0.0 0.0	addParticles=-1
END GEOMETRY

TASKS
        method = "RHF"
END TASKS

CONTROL
	units="BOHR"
	convergenceMethod=1
	SCFGhostSpecies="POSITRON"
	overlapEigenThreshold=1E-6
	HFprintEigenvalues=T
	totalEnergyTolerance = 1E-9
END CONTROL


... END INPUT INFO


 LOWDIN execution started at : Thu Oct 17 18:25:30 2024
 ---------------------------------------------------------------
 
 ***************************************************************
 *                   LOWDIN 2.0  (May/2013)                    *
 *                                                             *
 *  R. FLORES-MORENO, E. F. POSADA, F. S. MONCADA, J.ROMERO,   *
 *  J. CHARRY, M. DIAZ-TINOCO, S. A. GONZALEZ, N. F. AGUIRRE,  *
 *  A. REYES                                                   *
 *                                                             *
 *  https://sites.google.com/site/lowdinproject/               *
 *                                                             *
 ***************************************************************
 
 PARSING INPUT... DONE!
 
 LOWDIN IS RUNNING WITH NEXT PARAMETERS: 
 ----------------------------------------
 
         METHOD TYPE:  RHF
         NUMBER OF CORES:     4
         NONELECTRONIC DENSITY GUESS: HCORE
         ELECTRONIC DENSITY GUESS: HCORE
         CRITERIUM OF CONVERGENCE: ENERGY
         NONELECTRONIC ENERGY TOLERANCE IN SCFs:     0.10000E-07
         ELECTRONIC ENERGY TOLERANCE IN SCFs:     0.10000E-07
         TOTAL ENERGY TOLERANCE IN SCFs:     0.10000E-08
         SCHEME OF ITERATION: GLOBAL ITERATIONS
         SCF MAX. SUBITERATIONS - NONELECTRONS :     1
         SCF MAX. SUBITERATIONS - ELECTRONS :     1
         SCF MAX. ITERATIONS - INTERSPECIES :   200
         INTEGRAL STORAGE: DISK
         STACK SIZE FOR ERIS : 30000
         METHOD OF SCF CONVERGENCE: DAMPING
 
  MOLECULAR SYSTEM: usual_140
 -----------------
 
    DESCRIPTION   : usual_140
    CHARGE        :   2
    PUNTUAL GROUP : NONE
 
 
  INFORMATION OF PARTICLES :
 =========================
         Total number of particles   =       7
         Number of quantum particles =       5
         Number of puntual charges   =       2
         Number of quantum species   =       2
 
                 INFORMATION OF QUANTUM SPECIES 
     ---------------------------------------------------------------------
         ID      Symbol            mass     charge     spin     multiplicity
     ---------------------------------------------------------------------
         1             E-         1.0000     -1.00      0.50      1.00
         2             E+         1.0000      1.00      0.50      1.00
 
                   CONSTANTS OF COUPLING 
      ------------------------------------------------------------
           Symbol          kappa      eta     lambda     occupation
      ------------------------------------------------------------
                 E-        -1.0      2.00      2.00      2.00
                 E+        -1.0      1.00      1.00      1.00
 
                   BASIS SET FOR SPECIES 
      ------------------------------------------------------------
           Symbol          N. Basis     N. Particles     Basis Set
      ------------------------------------------------------------
                 E-           10                4     6-311++G.D
                 E+           32                1     GRIBAKIN-1
 
                                ATOMIC BASIS
         ------------------------------------------------------------
          PRIMITIVE   SHELL             EXPONENT         COEFFICIENT 
         ------------------------------------------------------------
 
    BEGIN DESCRIPTION OF BASIS FOR:    E-
    ==============================
 
 
             H BASIS SET:   6-311++G.D.P
             1         S               33.86500000          0.02549380
             2         S                5.09479000          0.19037300
             3         S                1.15879000          0.85216100
             1         S                0.32584000          1.00000000
             1         S                0.10274100          1.00000000
             1         S                0.03600000          1.00000000
             1         P                0.75000000          1.00000000
 
             H BASIS SET:   6-311++G.D.P
             1         S               33.86500000          0.02549380
             2         S                5.09479000          0.19037300
             3         S                1.15879000          0.85216100
             1         S                0.32584000          1.00000000
             1         S                0.10274100          1.00000000
             1         S                0.03600000          1.00000000
             1         P                0.75000000          1.00000000
    ... END DESCRIPTION OF BASIS
 
 
    BEGIN DESCRIPTION OF BASIS FOR:    E+
    ==============================
 
 
            E+ BASIS SET:GRIBAKIN-10S4P2
             1         S                0.00010000          1.00000000
             1         S                0.00030000          1.00000000
             1         S                0.00090000          1.00000000
             1         S                0.00270000          1.00000000
             1         S                0.00810000          1.00000000
             1         S                0.02430000          1.00000000
             1         S                0.07290000          1.00000000
             1         S                0.21870000          1.00000000
             1         S                0.65610000          1.00000000
             1         S                1.96830000          1.00000000
             1         P                0.00010000          1.00000000
             1         P                0.00030000          1.00000000
             1         P                0.00090000          1.00000000
             1         P                0.00270000          1.00000000
             1         D                0.00010000          1.00000000
             1         D                0.00030000          1.00000000
 
            E+ BASIS SET:GRIBAKIN-10S4P2
             1         S                0.00010000          1.00000000
             1         S                0.00030000          1.00000000
             1         S                0.00090000          1.00000000
             1         S                0.00270000          1.00000000
             1         S                0.00810000          1.00000000
             1         S                0.02430000          1.00000000
             1         S                0.07290000          1.00000000
             1         S                0.21870000          1.00000000
             1         S                0.65610000          1.00000000
             1         S                1.96830000          1.00000000
             1         P                0.00010000          1.00000000
             1         P                0.00030000          1.00000000
             1         P                0.00090000          1.00000000
             1         P                0.00270000          1.00000000
             1         D                0.00010000          1.00000000
             1         D                0.00030000          1.00000000
    ... END DESCRIPTION OF BASIS
 
 
  END INFORMATION OF PARTICLES
 
 
  INFORMATION OF THE QUANTUM SYSTEM 
     ---------------------------------------------------------------------
                 ID     Occupied Orbitals     Basis size
     ---------------------------------------------------------------------
                 E-            2               14
                 E+            1               68
 
  END INFORMATION OF QUANTUM SYSTEM
 
                       INITIAL GEOMETRY: AMSTRONG
                 -----------------------------------
                       <x>                 <y>                 <z>
       E-H        0.0000000000        0.0000000000        0.0000000000
       E-H       15.7694820274        0.0000000000        0.0000000000
        E+        0.0000000000        0.0000000000        0.0000000000
        E+       15.7694820274        0.0000000000        0.0000000000
         H        0.0000000000        0.0000000000        0.0000000000
         H       15.7694820274        0.0000000000        0.0000000000
 
                     MATRIX OF DISTANCE: ANGSTROM
                 -----------------------------------
                          H(1)           H(2)      
 
        H(1)             0.000000      15.769482
        H(2)            15.769482       0.000000
 
--------------------------------------------------------------------------------
** PROGRAM: SCF (Hartree Fock).     Author: S.A. Gonzalez, E. Posada, F. Moncada
--------------------------------------------------------------------------------
INFO: RUNNING IN RHF MODE.
 
----------------------------------------------------------------------
** PROGRAM INTS                          Author: E. F. Posada, 2013   
----------------------------------------------------------------------
INFO: RUNNING IN ONE_PARTICLE MODE.
 
 Number of Overlap integrals for species E-:    196
 Number of Overlap integrals for species POSITRON:   4624
 Number of Kinetic integrals for species E-:    196
 Number of Kinetic integrals for species POSITRON:   4624
 Number of Nuclear integrals for species E-:    196
 Number of Nuclear integrals for species POSITRON:   4624
 Number of Moment integrals for species E-:    588
 Number of Moment integrals for species POSITRON:  13872
 
** TOTAL CPU Time INTS :      0.023 (s)
** TOTAL Elapsed Time INTS :      0.016 (s)
 
Removed     2 orbitals for species POSITRON with overlap eigen threshold of 1.000E-06
 Combination coefficients for E- were read from usual_140.vec
     number of         E-     particles in guess density matrix:     4.000000
 Combination coefficients for POSITRON were read from usual_140.vec
     number of   POSITRON     particles in guess density matrix:     1.000000
 Number of unique integrals for species: 1 = 622
 Number of unique integrals for species: 2 = 307192
 Number of unique integrals for species: 1 / 2 = 39667 Screened: 6481
 
 TWO-BODY INTEGRAL SETUP: 
------------------------- 
 Storage:   DISK
 Scheme: LIBINT
 Stack size:  30000
 
 LIBINT library, Fermann, J. T.; Valeev, F. L. 2010                   
 LOWDIN-LIBINT Implementation V. 2.1  Posada E. F. ; Reyes A. 2016   
 ----------------------------------------------------------------------

*** TOTAL CPU time intra-species integrals :      0.096 (s)
*** TOTAL elapsed time intra-species integrals :      0.026 (s)


*** TOTAL CPU time inter-species integrals :      0.112 (s)
*** TOTAL elapsed time inter-species integrals :      0.030 (s)

INFO: RUNNING SCHEME SIMULTANEOUS
 
 Begin Multi-Species SCF calculation:
 
 --------------------------------------------------------------------------------------------------
      Iteration                   Energy            Energy Change           Density Change
 --------------------------------------------------------------------------------------------------
              1          -1.142461422756           1.142461422756           0.000000000000
              2          -1.142461422756          -0.000000000000           0.000000000000
 Total energy converged after   2 global iterations                                                  
 
 ...end Multi-Species SCF calculation
 
 
 Begin SCF calculation by: E-
 -------------------------
 
 -----------------------------------------------------------------------------------
 Iteration                   Energy           Density Change         DIIS Error 
 -----------------------------------------------------------------------------------
    1          -0.973926430793           0.000000000000                 -- 
 
 ... end SCF calculation
 
 Begin SCF calculation by: POSITRON
 -------------------------
 
 -----------------------------------------------------------------------------------
 Iteration                   Energy           Density Change         DIIS Error 
 -----------------------------------------------------------------------------------
    1          -0.202092038942           0.000000000000                 -- 
 
 ... end SCF calculation
 
  EIGENVALUES AND EIGENVECTORS: 
 ==============================
 
 
  Eigenvalues for: E-
 -----------------
 
    1          -0.008963149734
    2          -0.008963129472
    3           0.317218213688
    4           0.317218706995
    5           0.864413796542
    6           0.864414087004
    7           1.940247401998
    8           1.940247401998
    9           1.940247402001
   10           1.940247402001
   11           1.940285437024
   12           1.940285437030
   13           3.065840048711
   14           3.065840243309
 
 
  Eigenvalues for: POSITRON
 -----------------
 
    1          -0.202092038942
    2          -0.202078625311
    3          -0.108045758683
    4          -0.101587266973
    5          -0.088677449797
    6          -0.083464963825
    7          -0.083464963825
    8          -0.078320550879
    9          -0.078320550879
   10          -0.074002751203
   11          -0.065279382590
   12          -0.063856836395
   13          -0.050844060937
   14          -0.045461630995
   15          -0.045461630995
   16          -0.042285042822
   17          -0.041010643291
   18          -0.041010643291
   19          -0.040383003304
   20          -0.037799445257
   21          -0.032209289905
   22          -0.028583210539
   23          -0.028583210539
   24          -0.027853529870
   25          -0.027052409597
   26          -0.027052409597
   27          -0.025228548718
   28          -0.024523707682
   29          -0.024523707682
   30          -0.024291386866
   31          -0.024291386866
   32          -0.024083130203
   33          -0.024083130203
   34          -0.021834249849
   35          -0.021795265893
   36          -0.020318976185
   37          -0.020318976185
   38          -0.019593104070
   39          -0.019356849812
   40          -0.015583138803
   41          -0.015583138803
   42          -0.015220894094
   43          -0.014710429651
   44          -0.014391925363
   45          -0.014391925363
   46          -0.014370341781
   47          -0.014370341781
   48          -0.013960398084
   49          -0.012852138317
   50          -0.012852138317
   51          -0.012656699899
   52          -0.012656699899
   53          -0.012542839461
   54          -0.011201213888
   55          -0.011201213887
   56          -0.011024394253
   57          -0.010720279281
   58          -0.010084700128
   59          -0.002704124080
   60          -0.002338861992
   61           0.390581941644
   62           0.391248448354
   63           1.830376685142
   64           1.830869466864
   65           6.964279502968
   66           6.964692246934
   67     1000000.000000000000
   68     1000000.000000000000
 
  end of eigenvalues 
 
  Occupied Eigenvectors for: E-
 --------------------------- 
 
                          -0.0090        -0.0090   
 
    1      H     S      -0.108279       0.108279
    2      H     S      -0.206408       0.206408
    3      H     S      -0.222819       0.222819
    4      H     S      -0.304000       0.304000
    5      H    Px       0.000266      -0.000266
    6      H    Py       0.000000      -0.000000
    7      H    Pz      -0.000000       0.000000
    8      H     S      -0.108279      -0.108279
    9      H     S      -0.206408      -0.206408
   10      H     S      -0.222819      -0.222819
   11      H     S      -0.304000      -0.304000
   12      H    Px      -0.000266      -0.000266
   13      H    Py       0.000000      -0.000000
   14      H    Pz       0.000000       0.000000
 
 
  Occupied Eigenvectors for: POSITRON
 --------------------------- 
 
                          -0.2021   
 
    1     E+     S       0.024823
    2     E+     S      -0.002432
    3     E+     S      -0.023939
    4     E+     S       0.029917
    5     E+     S      -0.030840
    6     E+     S       0.479845
    7     E+     S       0.318769
    8     E+     S      -0.058904
    9     E+     S      -0.015053
   10     E+     S      -0.007050
   11     E+    Px      -0.036298
   12     E+    Py       0.000000
   13     E+    Pz      -0.000000
   14     E+    Px       0.031918
   15     E+    Py      -0.000000
   16     E+    Pz       0.000000
   17     E+    Px      -0.007368
   18     E+    Py       0.000000
   19     E+    Pz      -0.000000
   20     E+    Px       0.007757
   21     E+    Py      -0.000000
   22     E+    Pz       0.000000
   23     E+   Dxx      -0.011601
   24     E+   Dxy       0.000000
   25     E+   Dxz      -0.000000
   26     E+   Dyy      -0.001967
   27     E+   Dyz      -0.000000
   28     E+   Dzz      -0.001967
   29     E+   Dxx       0.007068
   30     E+   Dxy      -0.000000
   31     E+   Dxz       0.000000
   32     E+   Dyy      -0.006708
   33     E+   Dyz      -0.000000
   34     E+   Dzz      -0.006708
   35     E+     S       0.024823
   36     E+     S      -0.002432
   37     E+     S      -0.023939
   38     E+     S       0.029917
   39     E+     S      -0.030840
   40     E+     S       0.479845
   41     E+     S       0.318769
   42     E+     S      -0.058904
   43     E+     S      -0.015053
   44     E+     S      -0.007050
   45     E+    Px       0.036298
   46     E+    Py      -0.000000
   47     E+    Pz       0.000000
   48     E+    Px      -0.031918
   49     E+    Py       0.000000
   50     E+    Pz      -0.000000
   51     E+    Px       0.007368
   52     E+    Py      -0.000000
   53     E+    Pz       0.000000
   54     E+    Px      -0.007757
   55     E+    Py       0.000000
   56     E+    Pz      -0.000000
   57     E+   Dxx      -0.011601
   58     E+   Dxy       0.000000
   59     E+   Dxz      -0.000000
   60     E+   Dyy      -0.001967
   61     E+   Dyz       0.000000
   62     E+   Dzz      -0.001967
   63     E+   Dxx       0.007068
   64     E+   Dxy      -0.000000
   65     E+   Dxz       0.000000
   66     E+   Dyy      -0.006708
   67     E+   Dyz      -0.000000
   68     E+   Dzz      -0.006708
 
 
  end of eigenvectors 
 
  END OF EIGENVALUES AND EIGENVECTORS
 
 
  COMPONENTS OF KINETIC ENERGY: 
 -----------------------------
 
                  E- Kinetic energy =            0.983848564485
            POSITRON Kinetic energy =            0.054236093415
                                     _________________________
               Total kinetic energy =            1.038084657900
 
  COMPONENTS OF POTENTIAL ENERGY: 
 -------------------------------
 
          Fixed potential energy    =            0.033557046980
 
  Quantum/Fixed interaction energy: 
 ----------------------------------
 
          E-/Fixed interact. energy =           -2.895848867659
    POSITRON/Fixed interact. energy =            0.325098695409
                                     _________________________
               Total Q/Fixed energy =           -2.570750172250
 
  Coulomb energy: 
 ------------------
 
               E-/E- Hartree energy =            1.741923370126
   POSITRON/POSITRON Hartree energy =            0.000000000000
         E-/POSITRON Hartree energy =           -0.581426827767
                                     _________________________
               Total Hartree energy =            1.160496542360
 
  Exchange(HF) energy: 
 ----------------------
 
                 E- Exchange energy =           -0.803849497745
           POSITRON Exchange energy =            0.000000000000
                                     _________________________
              Total Exchange energy =           -0.803849497745
 
  TOTAL ENERGY COMPONENTS: 
 ==========================
 
          TOTAL KINETIC ENERGY      =            1.038084657900
          TOTAL POTENTIAL ENERGY    =           -2.180546080655
                                     _________________________
                       TOTAL ENERGY =           -1.142461422756
 
                 VIRIAL RATIO (V/T) =            2.100547449634
 
 
  END ENERGY COMPONENTS
 
 
** TOTAL CPU Time SCF :      0.027 (s)
** TOTAL Elapsed Time SCF :      0.064 (s)
 
 We are calculating properties for E- in the HF/KS ground state
 We are calculating properties for POSITRON in the HF/KS ground state
 
  POPULATION ANALYSES: 
 ====================
 
 MULLIKEN Population: for E-        
 ---------------------
 
                                    
 
    1      H     S       0.170303
    2      H     S       0.494963
    3      H     S       0.602208
    4      H     S       0.732526
    5      H    Px       0.000000
    6      H    Py       0.000000
    7      H    Pz       0.000000
    8      H     S       0.170303
    9      H     S       0.494963
   10      H     S       0.602208
   11      H     S       0.732526
   12      H    Px       0.000000
   13      H    Py       0.000000
   14      H    Pz       0.000000
 
                           __________
              Total =        4.000000
 
  Atomic MULLIKEN Population: for E-        
            H                2.000000
            H                2.000000
 
 ...end of MULLIKEN Population
 
 
 END POPULATION ANALYSES 
 
 
  POPULATION ANALYSES: 
 ====================
 
 LOWDIN Population: for E-        
 ---------------------
 
                                    
 
    1      H     S       0.185734
    2      H     S       0.485744
    3      H     S       0.677546
    4      H     S       0.650975
    5      H    Px       0.000000
    6      H    Py       0.000000
    7      H    Pz       0.000000
    8      H     S       0.185734
    9      H     S       0.485744
   10      H     S       0.677546
   11      H     S       0.650975
   12      H    Px       0.000000
   13      H    Py       0.000000
   14      H    Pz       0.000000
 
                           __________
              Total =        4.000000
 
  Atomic LOWDIN Population: for E-        
            H                2.000000
            H                2.000000
 
 ...end of LOWDIN Population
 
 
 END POPULATION ANALYSES 
 
 
  POPULATION ANALYSES: 
 ====================
 
 MULLIKEN Population: for POSITRON  
 ---------------------
 
                                    
 
    1     E+     S       0.001300
    2     E+     S      -0.000265
    3     E+     S      -0.004771
    4     E+     S       0.009424
    5     E+     S      -0.015699
    6     E+     S       0.331731
    7     E+     S       0.204157
    8     E+     S      -0.023625
    9     E+     S      -0.002805
   10     E+     S      -0.000521
   11     E+    Px      -0.000540
   12     E+    Py       0.000000
   13     E+    Pz      -0.000000
   14     E+    Px       0.001552
   15     E+    Py      -0.000000
   16     E+    Pz       0.000000
   17     E+    Px      -0.000815
   18     E+    Py       0.000000
   19     E+    Pz      -0.000000
   20     E+    Px       0.000750
   21     E+    Py      -0.000000
   22     E+    Pz       0.000000
   23     E+   Dxx      -0.000061
   24     E+   Dxy      -0.000000
   25     E+   Dxz       0.000000
   26     E+   Dyy      -0.000000
   27     E+   Dyz      -0.000000
   28     E+   Dzz      -0.000000
   29     E+   Dxx       0.000209
   30     E+   Dxy       0.000000
   31     E+   Dxz       0.000000
   32     E+   Dyy      -0.000009
   33     E+   Dyz       0.000000
   34     E+   Dzz      -0.000009
   35     E+     S       0.001300
   36     E+     S      -0.000265
   37     E+     S      -0.004771
   38     E+     S       0.009424
   39     E+     S      -0.015699
   40     E+     S       0.331731
   41     E+     S       0.204157
   42     E+     S      -0.023625
   43     E+     S      -0.002805
   44     E+     S      -0.000521
   45     E+    Px      -0.000540
   46     E+    Py      -0.000000
   47     E+    Pz       0.000000
   48     E+    Px       0.001552
   49     E+    Py       0.000000
   50     E+    Pz      -0.000000
   51     E+    Px      -0.000815
   52     E+    Py      -0.000000
   53     E+    Pz       0.000000
   54     E+    Px       0.000750
   55     E+    Py      -0.000000
   56     E+    Pz      -0.000000
   57     E+   Dxx      -0.000061
   58     E+   Dxy      -0.000000
   59     E+   Dxz       0.000000
   60     E+   Dyy      -0.000000
   61     E+   Dyz       0.000000
   62     E+   Dzz      -0.000000
   63     E+   Dxx       0.000209
   64     E+   Dxy       0.000000
   65     E+   Dxz       0.000000
   66     E+   Dyy      -0.000009
   67     E+   Dyz      -0.000000
   68     E+   Dzz      -0.000009
 
                           __________
              Total =        1.000000
 
  Atomic MULLIKEN Population: for POSITRON  
            H                0.500000
            H                0.500000
 
 ...end of MULLIKEN Population
 
 
 END POPULATION ANALYSES 
 
 
  POPULATION ANALYSES: 
 ====================
 
 LOWDIN Population: for POSITRON  
 ---------------------
 
                                    
 
    1     E+     S       0.000068
    2     E+     S       0.000337
    3     E+     S       0.001653
    4     E+     S       0.008032
    5     E+     S       0.056964
    6     E+     S       0.230979
    7     E+     S       0.175139
    8     E+     S       0.024540
    9     E+     S       0.000965
   10     E+     S       0.000016
   11     E+    Px       0.000005
   12     E+    Py       0.000000
   13     E+    Pz       0.000000
   14     E+    Px       0.000089
   15     E+    Py       0.000000
   16     E+    Pz       0.000000
   17     E+    Px       0.000543
   18     E+    Py       0.000000
   19     E+    Pz       0.000000
   20     E+    Px       0.000638
   21     E+    Py       0.000000
   22     E+    Pz       0.000000
   23     E+   Dxx       0.000000
   24     E+   Dxy       0.000000
   25     E+   Dxz       0.000000
   26     E+   Dyy       0.000000
   27     E+   Dyz       0.000000
   28     E+   Dzz       0.000000
   29     E+   Dxx       0.000017
   30     E+   Dxy       0.000000
   31     E+   Dxz       0.000000
   32     E+   Dyy       0.000007
   33     E+   Dyz       0.000000
   34     E+   Dzz       0.000007
   35     E+     S       0.000068
   36     E+     S       0.000337
   37     E+     S       0.001653
   38     E+     S       0.008032
   39     E+     S       0.056964
   40     E+     S       0.230979
   41     E+     S       0.175139
   42     E+     S       0.024540
   43     E+     S       0.000965
   44     E+     S       0.000016
   45     E+    Px       0.000005
   46     E+    Py       0.000000
   47     E+    Pz       0.000000
   48     E+    Px       0.000089
   49     E+    Py       0.000000
   50     E+    Pz       0.000000
   51     E+    Px       0.000543
   52     E+    Py       0.000000
   53     E+    Pz       0.000000
   54     E+    Px       0.000638
   55     E+    Py       0.000000
   56     E+    Pz       0.000000
   57     E+   Dxx       0.000000
   58     E+   Dxy       0.000000
   59     E+   Dxz       0.000000
   60     E+   Dyy       0.000000
   61     E+   Dyz       0.000000
   62     E+   Dzz       0.000000
   63     E+   Dxx       0.000017
   64     E+   Dxy       0.000000
   65     E+   Dxz       0.000000
   66     E+   Dyy       0.000007
   67     E+   Dyz       0.000000
   68     E+   Dzz       0.000007
 
                           __________
              Total =        1.000000
 
  Atomic LOWDIN Population: for POSITRON  
            H                0.500000
            H                0.500000
 
 ...end of LOWDIN Population
 
 
 END POPULATION ANALYSES 
 
 
  EXPECTED POSITIONS OF QUANTUM SPECIES:
 ======================
 
 POSITIONS IN ANGSTROMS
 ------
 
                        <x>      <y>      <z>         
                 E-  31.5390  -0.0000   0.0000
           POSITRON   7.8847  -0.0000   0.0000
 
 END EXPECTED POSITIONS
 
 
  ELECTROSTATIC MOMENTS:
 ======================
 
 DIPOLE: (DEBYE)
 ------
 
                           <Dx>         <Dy>         <Dz>          |D|
                 E--151.48806992   0.00000000  -0.00000000
           POSITRON  37.87201747  -0.00000000   0.00000000
    Point charges:   75.74403496   0.00000000   0.00000000
                     ____________________________
      Total Dipole: -37.87201749   0.00000000   0.00000000  37.87201749
 
 QUADRUPOLE NON-TRACELESS: (DEBYE ANGS)
 ------
 
                           <xx>         <yy>         <zz>         <xy>         <xz>         <yz>
                 E-   -0.00000000   -0.00000000   -0.00000000   -0.00000000   -0.00000000   -0.00000000
           POSITRON    0.00000000    0.00000000    0.00000000    0.00000000    0.00000000    0.00000000
    Point charges:  1194.44406169    0.00000000    0.00000000    0.00000000    0.00000000    0.00000000
  Total Quadrupole: 1194.44406169    0.00000000    0.00000000    0.00000000    0.00000000    0.00000000
                     ____________________________
 
 END ELECTROSTATIC MOMENTS
 

  TOTAL CPU Time:      0.032 (s)
 TOTAL Wall Time:      0.107 (s)
  Elapsed Time:   0h  0m  0s 108ms
LOWDIN execution terminated normally at : Thu Oct 17 18:25:30 2024
-rw-rw-r-- 1 pmorenor pmorenor 704K oct 17 18:25 0E-.ints
-rw-rw-r-- 1 pmorenor pmorenor 704K oct 17 18:25 0E-.POSITRON.ints
-rw-rw-r-- 1 pmorenor pmorenor 2.1M oct 17 18:25 0POSITRON.ints
-rw-rw-r-- 1 pmorenor pmorenor 704K oct 17 18:25 1E-.ints
-rw-rw-r-- 1 pmorenor pmorenor 704K oct 17 18:25 1E-.POSITRON.ints
-rw-rw-r-- 1 pmorenor pmorenor 2.1M oct 17 18:25 1POSITRON.ints
-rw-rw-r-- 1 pmorenor pmorenor 704K oct 17 18:25 2E-.ints
-rw-rw-r-- 1 pmorenor pmorenor 704K oct 17 18:25 2E-.POSITRON.ints
-rw-rw-r-- 1 pmorenor pmorenor 2.1M oct 17 18:25 2POSITRON.ints
-rw-rw-r-- 1 pmorenor pmorenor 704K oct 17 18:25 3E-.ints
-rw-rw-r-- 1 pmorenor pmorenor 704K oct 17 18:25 3E-.POSITRON.ints
-rw-rw-r-- 1 pmorenor pmorenor 2.1M oct 17 18:25 3POSITRON.ints
-rw-rw-r-- 1 pmorenor pmorenor   12 oct 17 18:25 E-.POSITRON.nints
-rw-rw-r-- 1 pmorenor pmorenor   65 oct 17 18:25 gepol.inp
-rw-rw-r-- 1 pmorenor pmorenor   91 oct 17 18:25 gepol.xyzr
-rw-rw-r-- 1 pmorenor pmorenor 7.3K oct 17 18:25 lowdin.bas
-rw-rw-r-- 1 pmorenor pmorenor  15K oct 17 18:25 lowdin.dat
-rw-rw-r-- 1 pmorenor pmorenor 458K oct 17 18:25 lowdin.opints
-rw-rw-r-- 1 pmorenor pmorenor  18K oct 17 18:25 lowdin.sys
-rw-rw-r-- 1 pmorenor pmorenor 343K oct 17 18:25 lowdin.wfn
-rw-rw-r-- 1 pmorenor pmorenor  448 oct 17 18:25 usual_140
-rw-rw-r-- 1 pmorenor pmorenor 1.7K oct 17 18:25 usual_140.aux
-rw-rw-r-- 1 pmorenor pmorenor  452 oct 17 18:25 usual_140.lowdin
-rw-rw-r-- 1 pmorenor pmorenor  30K oct 17 18:25 usual_140.out
-rw-rw-r-- 1 pmorenor pmorenor  39K oct 17 18:25 usual_140.vec
