Begin job by input: usual_11.lowdin, for user: pmorenor  at  jue 17 oct 2024 18:24:19 -05
under operating system Linux Hefesto 5.4.0-196-generic #216-Ubuntu SMP Thu Aug 29 13:26:53 UTC 2024 x86_64 x86_64 x86_64 GNU/Linux
Compilation information
  commit: f2cffef7078af1231fe3319081e66b682883a80b
  compilation date:  mar 06 feb 2024 16:53:31 -05

BEGIN INPUT INFO:
------------------------------------

GEOMETRY
	H	Dirac	0.0 0.0 0.0
	e-(H)	6-311++G.d.p	0.0 0.0 0.0	addParticles=1
	E+	GRIBAKIN-10S4P2D	0.0 0.0 0.0
	H	Dirac	4.0 0.0 0.0
	e-(H)	6-311++G.d.p	4.0 0.0 0.0	addParticles=1
	E+ GRIBAKIN-10S4P2D     4.0 0.0 0.0	addParticles=-1
END GEOMETRY

TASKS
        method = "RHF"
END TASKS

CONTROL
	units="BOHR"
	convergenceMethod=1
	SCFGhostSpecies="POSITRON"
	overlapEigenThreshold=1E-6
	HFprintEigenvalues=T
	totalEnergyTolerance = 1E-9
END CONTROL


... END INPUT INFO


 LOWDIN execution started at : Thu Oct 17 18:24:19 2024
 ---------------------------------------------------------------
 
 ***************************************************************
 *                   LOWDIN 2.0  (May/2013)                    *
 *                                                             *
 *  R. FLORES-MORENO, E. F. POSADA, F. S. MONCADA, J.ROMERO,   *
 *  J. CHARRY, M. DIAZ-TINOCO, S. A. GONZALEZ, N. F. AGUIRRE,  *
 *  A. REYES                                                   *
 *                                                             *
 *  https://sites.google.com/site/lowdinproject/               *
 *                                                             *
 ***************************************************************
 
 PARSING INPUT... DONE!
 
 LOWDIN IS RUNNING WITH NEXT PARAMETERS: 
 ----------------------------------------
 
         METHOD TYPE:  RHF
         NUMBER OF CORES:     4
         NONELECTRONIC DENSITY GUESS: HCORE
         ELECTRONIC DENSITY GUESS: HCORE
         CRITERIUM OF CONVERGENCE: ENERGY
         NONELECTRONIC ENERGY TOLERANCE IN SCFs:     0.10000E-07
         ELECTRONIC ENERGY TOLERANCE IN SCFs:     0.10000E-07
         TOTAL ENERGY TOLERANCE IN SCFs:     0.10000E-08
         SCHEME OF ITERATION: GLOBAL ITERATIONS
         SCF MAX. SUBITERATIONS - NONELECTRONS :     1
         SCF MAX. SUBITERATIONS - ELECTRONS :     1
         SCF MAX. ITERATIONS - INTERSPECIES :   200
         INTEGRAL STORAGE: DISK
         STACK SIZE FOR ERIS : 30000
         METHOD OF SCF CONVERGENCE: DAMPING
 
  MOLECULAR SYSTEM: usual_11
 -----------------
 
    DESCRIPTION   : usual_11
    CHARGE        :   2
    PUNTUAL GROUP : NONE
 
 
  INFORMATION OF PARTICLES :
 =========================
         Total number of particles   =       7
         Number of quantum particles =       5
         Number of puntual charges   =       2
         Number of quantum species   =       2
 
                 INFORMATION OF QUANTUM SPECIES 
     ---------------------------------------------------------------------
         ID      Symbol            mass     charge     spin     multiplicity
     ---------------------------------------------------------------------
         1             E-         1.0000     -1.00      0.50      1.00
         2             E+         1.0000      1.00      0.50      1.00
 
                   CONSTANTS OF COUPLING 
      ------------------------------------------------------------
           Symbol          kappa      eta     lambda     occupation
      ------------------------------------------------------------
                 E-        -1.0      2.00      2.00      2.00
                 E+        -1.0      1.00      1.00      1.00
 
                   BASIS SET FOR SPECIES 
      ------------------------------------------------------------
           Symbol          N. Basis     N. Particles     Basis Set
      ------------------------------------------------------------
                 E-           10                4     6-311++G.D
                 E+           32                1     GRIBAKIN-1
 
                                ATOMIC BASIS
         ------------------------------------------------------------
          PRIMITIVE   SHELL             EXPONENT         COEFFICIENT 
         ------------------------------------------------------------
 
    BEGIN DESCRIPTION OF BASIS FOR:    E-
    ==============================
 
 
             H BASIS SET:   6-311++G.D.P
             1         S               33.86500000          0.02549380
             2         S                5.09479000          0.19037300
             3         S                1.15879000          0.85216100
             1         S                0.32584000          1.00000000
             1         S                0.10274100          1.00000000
             1         S                0.03600000          1.00000000
             1         P                0.75000000          1.00000000
 
             H BASIS SET:   6-311++G.D.P
             1         S               33.86500000          0.02549380
             2         S                5.09479000          0.19037300
             3         S                1.15879000          0.85216100
             1         S                0.32584000          1.00000000
             1         S                0.10274100          1.00000000
             1         S                0.03600000          1.00000000
             1         P                0.75000000          1.00000000
    ... END DESCRIPTION OF BASIS
 
 
    BEGIN DESCRIPTION OF BASIS FOR:    E+
    ==============================
 
 
            E+ BASIS SET:GRIBAKIN-10S4P2
             1         S                0.00010000          1.00000000
             1         S                0.00030000          1.00000000
             1         S                0.00090000          1.00000000
             1         S                0.00270000          1.00000000
             1         S                0.00810000          1.00000000
             1         S                0.02430000          1.00000000
             1         S                0.07290000          1.00000000
             1         S                0.21870000          1.00000000
             1         S                0.65610000          1.00000000
             1         S                1.96830000          1.00000000
             1         P                0.00010000          1.00000000
             1         P                0.00030000          1.00000000
             1         P                0.00090000          1.00000000
             1         P                0.00270000          1.00000000
             1         D                0.00010000          1.00000000
             1         D                0.00030000          1.00000000
 
            E+ BASIS SET:GRIBAKIN-10S4P2
             1         S                0.00010000          1.00000000
             1         S                0.00030000          1.00000000
             1         S                0.00090000          1.00000000
             1         S                0.00270000          1.00000000
             1         S                0.00810000          1.00000000
             1         S                0.02430000          1.00000000
             1         S                0.07290000          1.00000000
             1         S                0.21870000          1.00000000
             1         S                0.65610000          1.00000000
             1         S                1.96830000          1.00000000
             1         P                0.00010000          1.00000000
             1         P                0.00030000          1.00000000
             1         P                0.00090000          1.00000000
             1         P                0.00270000          1.00000000
             1         D                0.00010000          1.00000000
             1         D                0.00030000          1.00000000
    ... END DESCRIPTION OF BASIS
 
 
  END INFORMATION OF PARTICLES
 
 
  INFORMATION OF THE QUANTUM SYSTEM 
     ---------------------------------------------------------------------
                 ID     Occupied Orbitals     Basis size
     ---------------------------------------------------------------------
                 E-            2               14
                 E+            1               68
 
  END INFORMATION OF QUANTUM SYSTEM
 
                       INITIAL GEOMETRY: AMSTRONG
                 -----------------------------------
                       <x>                 <y>                 <z>
       E-H        0.0000000000        0.0000000000        0.0000000000
       E-H        2.1167089970        0.0000000000        0.0000000000
        E+        0.0000000000        0.0000000000        0.0000000000
        E+        2.1167089970        0.0000000000        0.0000000000
         H        0.0000000000        0.0000000000        0.0000000000
         H        2.1167089970        0.0000000000        0.0000000000
 
                     MATRIX OF DISTANCE: ANGSTROM
                 -----------------------------------
                          H(1)           H(2)      
 
        H(1)             0.000000       2.116709
        H(2)             2.116709       0.000000
 
--------------------------------------------------------------------------------
** PROGRAM: SCF (Hartree Fock).     Author: S.A. Gonzalez, E. Posada, F. Moncada
--------------------------------------------------------------------------------
INFO: RUNNING IN RHF MODE.
 
----------------------------------------------------------------------
** PROGRAM INTS                          Author: E. F. Posada, 2013   
----------------------------------------------------------------------
INFO: RUNNING IN ONE_PARTICLE MODE.
 
 Number of Overlap integrals for species E-:    196
 Number of Overlap integrals for species POSITRON:   4624
 Number of Kinetic integrals for species E-:    196
 Number of Kinetic integrals for species POSITRON:   4624
 Number of Nuclear integrals for species E-:    196
 Number of Nuclear integrals for species POSITRON:   4624
 Number of Moment integrals for species E-:    588
 Number of Moment integrals for species POSITRON:  13872
 
** TOTAL CPU Time INTS :      0.023 (s)
** TOTAL Elapsed Time INTS :      0.014 (s)
 
Removed    10 orbitals for species POSITRON with overlap eigen threshold of 1.000E-06
 Combination coefficients for E- were read from usual_11.vec
     number of         E-     particles in guess density matrix:     4.000000
 Combination coefficients for POSITRON were read from usual_11.vec
     number of   POSITRON     particles in guess density matrix:     1.000000
 Number of unique integrals for species: 1 = 2201
 Number of unique integrals for species: 2 = 339242
 Number of unique integrals for species: 1 / 2 = 77423 Screened: 0
 
 TWO-BODY INTEGRAL SETUP: 
------------------------- 
 Storage:   DISK
 Scheme: LIBINT
 Stack size:  30000
 
 LIBINT library, Fermann, J. T.; Valeev, F. L. 2010                   
 LOWDIN-LIBINT Implementation V. 2.1  Posada E. F. ; Reyes A. 2016   
 ----------------------------------------------------------------------

*** TOTAL CPU time intra-species integrals :      0.152 (s)
*** TOTAL elapsed time intra-species integrals :      0.061 (s)


*** TOTAL CPU time inter-species integrals :      0.181 (s)
*** TOTAL elapsed time inter-species integrals :      0.073 (s)

INFO: RUNNING SCHEME SIMULTANEOUS
 
 Begin Multi-Species SCF calculation:
 
 --------------------------------------------------------------------------------------------------
      Iteration                   Energy            Energy Change           Density Change
 --------------------------------------------------------------------------------------------------
              1          -1.106821059182           1.106821059182           0.000000000000
              2          -1.106821059182           0.000000000000           0.000000000000
 Total energy converged after   2 global iterations                                                  
 
 ...end Multi-Species SCF calculation
 
 
 Begin SCF calculation by: E-
 -------------------------
 
 -----------------------------------------------------------------------------------
 Iteration                   Energy           Density Change         DIIS Error 
 -----------------------------------------------------------------------------------
    1          -1.037686075512           0.000000000000                 -- 
 
 ... end SCF calculation
 
 Begin SCF calculation by: POSITRON
 -------------------------
 
 -----------------------------------------------------------------------------------
 Iteration                   Energy           Density Change         DIIS Error 
 -----------------------------------------------------------------------------------
    1          -0.319134983670           0.000000000000                 -- 
 
 ... end SCF calculation
 
  EIGENVALUES AND EIGENVECTORS: 
 ==============================
 
 
  Eigenvalues for: E-
 -----------------
 
    1           0.059116929273
    2           0.161864000508
    3           0.406228771502
    4           0.427941679483
    5           0.965809892077
    6           0.998160135334
    7           1.959186060898
    8           2.023766896368
    9           2.023766896368
   10           2.047523582354
   11           2.047523582354
   12           2.193560579532
   13           3.120721009468
   14           3.220113881414
 
 
  Eigenvalues for: POSITRON
 -----------------
 
    1          -0.319134983670
    2          -0.260177130293
    3          -0.173850587530
    4          -0.140985172917
    5          -0.108626122553
    6          -0.108626122553
    7          -0.104175740715
    8          -0.084801034342
    9          -0.081793101148
   10          -0.081793101148
   11          -0.081509761192
   12          -0.069531658657
   13          -0.057024979774
   14          -0.050381329637
   15          -0.050381329637
   16          -0.048512989602
   17          -0.042193133064
   18          -0.042193133064
   19          -0.042092896213
   20          -0.042058550343
   21          -0.032411021804
   22          -0.029388567821
   23          -0.029388567821
   24          -0.028867578667
   25          -0.028097482828
   26          -0.028097482828
   27          -0.024468106186
   28          -0.024455350715
   29          -0.024455350715
   30          -0.024264420991
   31          -0.024209326394
   32          -0.024209326394
   33          -0.023888244269
   34          -0.023888244269
   35          -0.021952567478
   36          -0.019912060396
   37          -0.015843714268
   38          -0.015843714268
   39          -0.015368127555
   40          -0.014532381320
   41          -0.014532381320
   42          -0.014128602498
   43          -0.013896757583
   44          -0.013892552099
   45          -0.013892552099
   46          -0.012902523244
   47          -0.012900677638
   48          -0.012900677638
   49          -0.012645895773
   50          -0.012645895773
   51          -0.010890842455
   52          -0.010166064320
   53           0.274477721011
   54           0.319090041474
   55           1.742537526530
   56           1.746761285690
   57           6.869307054836
   58           6.912108897624
   59     1000000.000000000000
   60     1000000.000000000000
   61     1000000.000000000000
   62     1000000.000000000000
   63     1000000.000000000000
   64     1000000.000000000000
   65     1000000.000000000000
   66     1000000.000000000000
   67     1000000.000000000000
   68     1000000.000000000000
 
  end of eigenvalues 
 
  Occupied Eigenvectors for: E-
 --------------------------- 
 
                           0.0591         0.1619   
 
    1      H     S       0.107880       0.097168
    2      H     S       0.216738       0.225822
    3      H     S       0.147822       0.085532
    4      H     S       0.242675       0.972045
    5      H    Px       0.001189      -0.007808
    6      H    Py       0.000000      -0.000000
    7      H    Pz       0.000000       0.000000
    8      H     S       0.107880      -0.097168
    9      H     S       0.216738      -0.225822
   10      H     S       0.147822      -0.085532
   11      H     S       0.242675      -0.972045
   12      H    Px      -0.001189      -0.007808
   13      H    Py      -0.000000      -0.000000
   14      H    Pz       0.000000       0.000000
 
 
  Occupied Eigenvectors for: POSITRON
 --------------------------- 
 
                          -0.3191   
 
    1     E+     S      -0.016670
    2     E+     S      -0.014393
    3     E+     S       0.025401
    4     E+     S      -0.033709
    5     E+     S       0.063787
    6     E+     S      -0.312417
    7     E+     S      -0.356781
    8     E+     S       0.093366
    9     E+     S       0.014822
   10     E+     S       0.009049
   11     E+    Px      -0.000740
   12     E+    Py       0.000000
   13     E+    Pz       0.000000
   14     E+    Px      -0.001500
   15     E+    Py      -0.000000
   16     E+    Pz       0.000000
   17     E+    Px       0.020326
   18     E+    Py      -0.000000
   19     E+    Pz       0.000000
   20     E+    Px      -0.012799
   21     E+    Py       0.000000
   22     E+    Pz       0.000000
   23     E+   Dxx       0.002109
   24     E+   Dxy       0.000000
   25     E+   Dxz       0.000000
   26     E+   Dyy       0.002543
   27     E+   Dyz      -0.000000
   28     E+   Dzz       0.002543
   29     E+   Dxx       0.008551
   30     E+   Dxy      -0.000000
   31     E+   Dxz       0.000000
   32     E+   Dyy       0.007493
   33     E+   Dyz      -0.000000
   34     E+   Dzz       0.007493
   35     E+     S      -0.016670
   36     E+     S      -0.014393
   37     E+     S       0.025401
   38     E+     S      -0.033709
   39     E+     S       0.063787
   40     E+     S      -0.312417
   41     E+     S      -0.356781
   42     E+     S       0.093366
   43     E+     S       0.014822
   44     E+     S       0.009049
   45     E+    Px       0.000740
   46     E+    Py      -0.000000
   47     E+    Pz      -0.000000
   48     E+    Px       0.001500
   49     E+    Py       0.000000
   50     E+    Pz      -0.000000
   51     E+    Px      -0.020326
   52     E+    Py       0.000000
   53     E+    Pz      -0.000000
   54     E+    Px       0.012799
   55     E+    Py      -0.000000
   56     E+    Pz      -0.000000
   57     E+   Dxx       0.002109
   58     E+   Dxy      -0.000000
   59     E+   Dxz      -0.000000
   60     E+   Dyy       0.002543
   61     E+   Dyz       0.000000
   62     E+   Dzz       0.002543
   63     E+   Dxx       0.008551
   64     E+   Dxy       0.000000
   65     E+   Dxz      -0.000000
   66     E+   Dyy       0.007493
   67     E+   Dyz       0.000000
   68     E+   Dzz       0.007493
 
 
  end of eigenvectors 
 
  END OF EIGENVALUES AND EIGENVECTORS
 
 
  COMPONENTS OF KINETIC ENERGY: 
 -----------------------------
 
                  E- Kinetic energy =            0.944233117321
            POSITRON Kinetic energy =            0.058491155018
                                     _________________________
               Total kinetic energy =            1.002724272339
 
  COMPONENTS OF POTENTIAL ENERGY: 
 -------------------------------
 
          Fixed potential energy    =            0.250000000000
 
  Quantum/Fixed interaction energy: 
 ----------------------------------
 
          E-/Fixed interact. energy =           -3.461567127908
    POSITRON/Fixed interact. energy =            0.538214761043
                                     _________________________
               Total Q/Fixed energy =           -2.923352366866
 
  Coulomb energy: 
 ------------------
 
               E-/E- Hartree energy =            2.227132229101
   POSITRON/POSITRON Hartree energy =            0.000000000000
         E-/POSITRON Hartree energy =           -0.915840899731
                                     _________________________
               Total Hartree energy =            1.311291329370
 
  Exchange(HF) energy: 
 ----------------------
 
                 E- Exchange energy =           -0.747484294026
           POSITRON Exchange energy =            0.000000000000
                                     _________________________
              Total Exchange energy =           -0.747484294026
 
  TOTAL ENERGY COMPONENTS: 
 ==========================
 
          TOTAL KINETIC ENERGY      =            1.002724272339
          TOTAL POTENTIAL ENERGY    =           -2.109545331522
                                     _________________________
                       TOTAL ENERGY =           -1.106821059182
 
                 VIRIAL RATIO (V/T) =            2.103813969318
 
 
  END ENERGY COMPONENTS
 
 
** TOTAL CPU Time SCF :      0.063 (s)
** TOTAL Elapsed Time SCF :      0.117 (s)
 
 We are calculating properties for E- in the HF/KS ground state
 We are calculating properties for POSITRON in the HF/KS ground state
 
  POPULATION ANALYSES: 
 ====================
 
 MULLIKEN Population: for E-        
 ---------------------
 
                                    
 
    1      H     S       0.155606
    2      H     S       0.506420
    3      H     S       0.322186
    4      H     S       1.014511
    5      H    Px       0.001277
    6      H    Py       0.000000
    7      H    Pz       0.000000
    8      H     S       0.155606
    9      H     S       0.506420
   10      H     S       0.322186
   11      H     S       1.014511
   12      H    Px       0.001277
   13      H    Py       0.000000
   14      H    Pz       0.000000
 
                           __________
              Total =        4.000000
 
  Atomic MULLIKEN Population: for E-        
            H                2.000000
            H                2.000000
 
 ...end of MULLIKEN Population
 
 
 END POPULATION ANALYSES 
 
 
  POPULATION ANALYSES: 
 ====================
 
 LOWDIN Population: for E-        
 ---------------------
 
                                    
 
    1      H     S       0.174267
    2      H     S       0.434235
    3      H     S       0.618699
    4      H     S       0.769422
    5      H    Px       0.003377
    6      H    Py       0.000000
    7      H    Pz       0.000000
    8      H     S       0.174267
    9      H     S       0.434235
   10      H     S       0.618699
   11      H     S       0.769422
   12      H    Px       0.003377
   13      H    Py       0.000000
   14      H    Pz       0.000000
 
                           __________
              Total =        4.000000
 
  Atomic LOWDIN Population: for E-        
            H                2.000000
            H                2.000000
 
 ...end of LOWDIN Population
 
 
 END POPULATION ANALYSES 
 
 
  POPULATION ANALYSES: 
 ====================
 
 MULLIKEN Population: for POSITRON  
 ---------------------
 
                                    
 
    1     E+     S       0.000581
    2     E+     S       0.001132
    3     E+     S      -0.004424
    4     E+     S       0.012310
    5     E+     S      -0.042563
    6     E+     S       0.286667
    7     E+     S       0.297370
    8     E+     S      -0.047305
    9     E+     S      -0.003414
   10     E+     S      -0.000817
   11     E+    Px       0.000001
   12     E+    Py       0.000000
   13     E+    Pz       0.000000
   14     E+    Px       0.000008
   15     E+    Py      -0.000000
   16     E+    Pz       0.000000
   17     E+    Px      -0.000412
   18     E+    Py      -0.000000
   19     E+    Pz       0.000000
   20     E+    Px       0.000888
   21     E+    Py      -0.000000
   22     E+    Pz       0.000000
   23     E+   Dxx      -0.000000
   24     E+   Dxy       0.000000
   25     E+   Dxz      -0.000000
   26     E+   Dyy      -0.000000
   27     E+   Dyz      -0.000000
   28     E+   Dzz      -0.000000
   29     E+   Dxx      -0.000010
   30     E+   Dxy       0.000000
   31     E+   Dxz      -0.000000
   32     E+   Dyy      -0.000006
   33     E+   Dyz      -0.000000
   34     E+   Dzz      -0.000006
   35     E+     S       0.000581
   36     E+     S       0.001132
   37     E+     S      -0.004424
   38     E+     S       0.012310
   39     E+     S      -0.042563
   40     E+     S       0.286667
   41     E+     S       0.297370
   42     E+     S      -0.047305
   43     E+     S      -0.003414
   44     E+     S      -0.000817
   45     E+    Px       0.000001
   46     E+    Py      -0.000000
   47     E+    Pz      -0.000000
   48     E+    Px       0.000008
   49     E+    Py       0.000000
   50     E+    Pz      -0.000000
   51     E+    Px      -0.000412
   52     E+    Py       0.000000
   53     E+    Pz      -0.000000
   54     E+    Px       0.000888
   55     E+    Py       0.000000
   56     E+    Pz       0.000000
   57     E+   Dxx      -0.000000
   58     E+   Dxy       0.000000
   59     E+   Dxz       0.000000
   60     E+   Dyy      -0.000000
   61     E+   Dyz       0.000000
   62     E+   Dzz      -0.000000
   63     E+   Dxx      -0.000010
   64     E+   Dxy      -0.000000
   65     E+   Dxz       0.000000
   66     E+   Dyy      -0.000006
   67     E+   Dyz       0.000000
   68     E+   Dzz      -0.000006
 
                           __________
              Total =        1.000000
 
  Atomic MULLIKEN Population: for POSITRON  
            H                0.500000
            H                0.500000
 
 ...end of MULLIKEN Population
 
 
 END POPULATION ANALYSES 
 
 
  POPULATION ANALYSES: 
 ====================
 
 LOWDIN Population: for POSITRON  
 ---------------------
 
                                    
 
    1     E+     S            NaN
    2     E+     S            NaN
    3     E+     S            NaN
    4     E+     S            NaN
    5     E+     S            NaN
    6     E+     S            NaN
    7     E+     S            NaN
    8     E+     S            NaN
    9     E+     S            NaN
   10     E+     S            NaN
   11     E+    Px            NaN
   12     E+    Py            NaN
   13     E+    Pz            NaN
   14     E+    Px            NaN
   15     E+    Py            NaN
   16     E+    Pz            NaN
   17     E+    Px            NaN
   18     E+    Py            NaN
   19     E+    Pz            NaN
   20     E+    Px            NaN
   21     E+    Py            NaN
   22     E+    Pz            NaN
   23     E+   Dxx            NaN
   24     E+   Dxy            NaN
   25     E+   Dxz            NaN
   26     E+   Dyy            NaN
   27     E+   Dyz            NaN
   28     E+   Dzz            NaN
   29     E+   Dxx            NaN
   30     E+   Dxy            NaN
   31     E+   Dxz            NaN
   32     E+   Dyy            NaN
   33     E+   Dyz            NaN
   34     E+   Dzz            NaN
   35     E+     S            NaN
   36     E+     S            NaN
   37     E+     S            NaN
   38     E+     S            NaN
   39     E+     S            NaN
   40     E+     S            NaN
   41     E+     S            NaN
   42     E+     S            NaN
   43     E+     S            NaN
   44     E+     S            NaN
   45     E+    Px            NaN
   46     E+    Py            NaN
   47     E+    Pz            NaN
   48     E+    Px            NaN
   49     E+    Py            NaN
   50     E+    Pz            NaN
   51     E+    Px            NaN
   52     E+    Py            NaN
   53     E+    Pz            NaN
   54     E+    Px            NaN
   55     E+    Py            NaN
   56     E+    Pz            NaN
   57     E+   Dxx            NaN
   58     E+   Dxy            NaN
   59     E+   Dxz            NaN
   60     E+   Dyy            NaN
   61     E+   Dyz            NaN
   62     E+   Dzz            NaN
   63     E+   Dxx            NaN
   64     E+   Dxy            NaN
   65     E+   Dxz            NaN
   66     E+   Dyy            NaN
   67     E+   Dyz            NaN
   68     E+   Dzz            NaN
 
                           __________
              Total =             NaN
 
  Atomic LOWDIN Population: for POSITRON  
            H                     NaN
            H                     NaN
 
 ...end of LOWDIN Population
 
 
 END POPULATION ANALYSES 
 
 
  EXPECTED POSITIONS OF QUANTUM SPECIES:
 ======================
 
 POSITIONS IN ANGSTROMS
 ------
 
                        <x>      <y>      <z>         
                 E-   4.2334  -0.0000   0.0000
           POSITRON   1.0584   0.0000   0.0000
 
 END EXPECTED POSITIONS
 
 
  ELECTROSTATIC MOMENTS:
 ======================
 
 DIPOLE: (DEBYE)
 ------
 
                           <Dx>         <Dy>         <Dz>          |D|
                 E- -20.33396912   0.00000000  -0.00000000
           POSITRON   5.08349228   0.00000000   0.00000000
    Point charges:   10.16698456   0.00000000   0.00000000
                     ____________________________
      Total Dipole:  -5.08349228   0.00000000   0.00000000   5.08349228
 
 QUADRUPOLE NON-TRACELESS: (DEBYE ANGS)
 ------
 
                           <xx>         <yy>         <zz>         <xy>         <xz>         <yz>
                 E-   -0.00000000   -0.00000000   -0.00000000   -0.00000000   -0.00000000   -0.00000000
           POSITRON    0.00000000    0.00000000    0.00000000    0.00000000    0.00000000    0.00000000
    Point charges:    21.52054523    0.00000000    0.00000000    0.00000000    0.00000000    0.00000000
  Total Quadrupole:   21.52054523    0.00000000    0.00000000    0.00000000    0.00000000    0.00000000
                     ____________________________
 
 END ELECTROSTATIC MOMENTS
 

  TOTAL CPU Time:      0.037 (s)
 TOTAL Wall Time:      0.164 (s)
  Elapsed Time:   0h  0m  0s 165ms
LOWDIN execution terminated normally at : Thu Oct 17 18:24:19 2024
-rw-rw-r-- 1 pmorenor pmorenor 704K oct 17 18:24 0E-.ints
-rw-rw-r-- 1 pmorenor pmorenor 704K oct 17 18:24 0E-.POSITRON.ints
-rw-rw-r-- 1 pmorenor pmorenor 2.1M oct 17 18:24 0POSITRON.ints
-rw-rw-r-- 1 pmorenor pmorenor 704K oct 17 18:24 1E-.ints
-rw-rw-r-- 1 pmorenor pmorenor 704K oct 17 18:24 1E-.POSITRON.ints
-rw-rw-r-- 1 pmorenor pmorenor 2.1M oct 17 18:24 1POSITRON.ints
-rw-rw-r-- 1 pmorenor pmorenor 704K oct 17 18:24 2E-.ints
-rw-rw-r-- 1 pmorenor pmorenor 704K oct 17 18:24 2E-.POSITRON.ints
-rw-rw-r-- 1 pmorenor pmorenor 2.1M oct 17 18:24 2POSITRON.ints
-rw-rw-r-- 1 pmorenor pmorenor 704K oct 17 18:24 3E-.ints
-rw-rw-r-- 1 pmorenor pmorenor 704K oct 17 18:24 3E-.POSITRON.ints
-rw-rw-r-- 1 pmorenor pmorenor 2.1M oct 17 18:24 3POSITRON.ints
-rw-rw-r-- 1 pmorenor pmorenor   12 oct 17 18:24 E-.POSITRON.nints
-rw-rw-r-- 1 pmorenor pmorenor   64 oct 17 18:24 gepol.inp
-rw-rw-r-- 1 pmorenor pmorenor   91 oct 17 18:24 gepol.xyzr
-rw-rw-r-- 1 pmorenor pmorenor 7.3K oct 17 18:24 lowdin.bas
-rw-rw-r-- 1 pmorenor pmorenor  15K oct 17 18:24 lowdin.dat
-rw-rw-r-- 1 pmorenor pmorenor 458K oct 17 18:24 lowdin.opints
-rw-rw-r-- 1 pmorenor pmorenor  18K oct 17 18:24 lowdin.sys
-rw-rw-r-- 1 pmorenor pmorenor 343K oct 17 18:24 lowdin.wfn
-rw-rw-r-- 1 pmorenor pmorenor  445 oct 17 18:24 usual_11
-rw-rw-r-- 1 pmorenor pmorenor  39K oct 17 18:24 usual_110.vec
-rw-rw-r-- 1 pmorenor pmorenor  39K oct 17 18:24 usual_111.vec
-rw-rw-r-- 1 pmorenor pmorenor  39K oct 17 18:24 usual_112.vec
-rw-rw-r-- 1 pmorenor pmorenor  39K oct 17 18:24 usual_113.vec
-rw-rw-r-- 1 pmorenor pmorenor  39K oct 17 18:24 usual_114.vec
-rw-rw-r-- 1 pmorenor pmorenor  39K oct 17 18:24 usual_115.vec
-rw-rw-r-- 1 pmorenor pmorenor  39K oct 17 18:24 usual_116.vec
-rw-rw-r-- 1 pmorenor pmorenor  39K oct 17 18:24 usual_117.vec
-rw-rw-r-- 1 pmorenor pmorenor  39K oct 17 18:24 usual_118.vec
-rw-rw-r-- 1 pmorenor pmorenor  39K oct 17 18:24 usual_119.vec
-rw-rw-r-- 1 pmorenor pmorenor 1.7K oct 17 18:24 usual_11.aux
-rw-rw-r-- 1 pmorenor pmorenor  449 oct 17 18:24 usual_11.lowdin
-rw-rw-r-- 1 pmorenor pmorenor  30K oct 17 18:24 usual_11.out
-rw-rw-r-- 1 pmorenor pmorenor  39K oct 17 18:24 usual_11.vec
