Begin job by input: usual_79.lowdin, for user: pmorenor  at  jue 17 oct 2024 18:24:56 -05
under operating system Linux Hefesto 5.4.0-196-generic #216-Ubuntu SMP Thu Aug 29 13:26:53 UTC 2024 x86_64 x86_64 x86_64 GNU/Linux
Compilation information
  commit: f2cffef7078af1231fe3319081e66b682883a80b
  compilation date:  mar 06 feb 2024 16:53:31 -05

BEGIN INPUT INFO:
------------------------------------

GEOMETRY
	H	Dirac	0.0 0.0 0.0
	e-(H)	6-311++G.d.p	0.0 0.0 0.0	addParticles=1
	E+	GRIBAKIN-10S4P2D	0.0 0.0 0.0
	H	Dirac	17.6 0.0 0.0
	e-(H)	6-311++G.d.p	17.6 0.0 0.0	addParticles=1
	E+ GRIBAKIN-10S4P2D     17.6 0.0 0.0	addParticles=-1
END GEOMETRY

TASKS
        method = "RHF"
END TASKS

CONTROL
	units="BOHR"
	convergenceMethod=1
	SCFGhostSpecies="POSITRON"
	overlapEigenThreshold=1E-6
	HFprintEigenvalues=T
	totalEnergyTolerance = 1E-9
END CONTROL


... END INPUT INFO


 LOWDIN execution started at : Thu Oct 17 18:24:56 2024
 ---------------------------------------------------------------
 
 ***************************************************************
 *                   LOWDIN 2.0  (May/2013)                    *
 *                                                             *
 *  R. FLORES-MORENO, E. F. POSADA, F. S. MONCADA, J.ROMERO,   *
 *  J. CHARRY, M. DIAZ-TINOCO, S. A. GONZALEZ, N. F. AGUIRRE,  *
 *  A. REYES                                                   *
 *                                                             *
 *  https://sites.google.com/site/lowdinproject/               *
 *                                                             *
 ***************************************************************
 
 PARSING INPUT... DONE!
 
 LOWDIN IS RUNNING WITH NEXT PARAMETERS: 
 ----------------------------------------
 
         METHOD TYPE:  RHF
         NUMBER OF CORES:     4
         NONELECTRONIC DENSITY GUESS: HCORE
         ELECTRONIC DENSITY GUESS: HCORE
         CRITERIUM OF CONVERGENCE: ENERGY
         NONELECTRONIC ENERGY TOLERANCE IN SCFs:     0.10000E-07
         ELECTRONIC ENERGY TOLERANCE IN SCFs:     0.10000E-07
         TOTAL ENERGY TOLERANCE IN SCFs:     0.10000E-08
         SCHEME OF ITERATION: GLOBAL ITERATIONS
         SCF MAX. SUBITERATIONS - NONELECTRONS :     1
         SCF MAX. SUBITERATIONS - ELECTRONS :     1
         SCF MAX. ITERATIONS - INTERSPECIES :   200
         INTEGRAL STORAGE: DISK
         STACK SIZE FOR ERIS : 30000
         METHOD OF SCF CONVERGENCE: DAMPING
 
  MOLECULAR SYSTEM: usual_79
 -----------------
 
    DESCRIPTION   : usual_79
    CHARGE        :   2
    PUNTUAL GROUP : NONE
 
 
  INFORMATION OF PARTICLES :
 =========================
         Total number of particles   =       7
         Number of quantum particles =       5
         Number of puntual charges   =       2
         Number of quantum species   =       2
 
                 INFORMATION OF QUANTUM SPECIES 
     ---------------------------------------------------------------------
         ID      Symbol            mass     charge     spin     multiplicity
     ---------------------------------------------------------------------
         1             E-         1.0000     -1.00      0.50      1.00
         2             E+         1.0000      1.00      0.50      1.00
 
                   CONSTANTS OF COUPLING 
      ------------------------------------------------------------
           Symbol          kappa      eta     lambda     occupation
      ------------------------------------------------------------
                 E-        -1.0      2.00      2.00      2.00
                 E+        -1.0      1.00      1.00      1.00
 
                   BASIS SET FOR SPECIES 
      ------------------------------------------------------------
           Symbol          N. Basis     N. Particles     Basis Set
      ------------------------------------------------------------
                 E-           10                4     6-311++G.D
                 E+           32                1     GRIBAKIN-1
 
                                ATOMIC BASIS
         ------------------------------------------------------------
          PRIMITIVE   SHELL             EXPONENT         COEFFICIENT 
         ------------------------------------------------------------
 
    BEGIN DESCRIPTION OF BASIS FOR:    E-
    ==============================
 
 
             H BASIS SET:   6-311++G.D.P
             1         S               33.86500000          0.02549380
             2         S                5.09479000          0.19037300
             3         S                1.15879000          0.85216100
             1         S                0.32584000          1.00000000
             1         S                0.10274100          1.00000000
             1         S                0.03600000          1.00000000
             1         P                0.75000000          1.00000000
 
             H BASIS SET:   6-311++G.D.P
             1         S               33.86500000          0.02549380
             2         S                5.09479000          0.19037300
             3         S                1.15879000          0.85216100
             1         S                0.32584000          1.00000000
             1         S                0.10274100          1.00000000
             1         S                0.03600000          1.00000000
             1         P                0.75000000          1.00000000
    ... END DESCRIPTION OF BASIS
 
 
    BEGIN DESCRIPTION OF BASIS FOR:    E+
    ==============================
 
 
            E+ BASIS SET:GRIBAKIN-10S4P2
             1         S                0.00010000          1.00000000
             1         S                0.00030000          1.00000000
             1         S                0.00090000          1.00000000
             1         S                0.00270000          1.00000000
             1         S                0.00810000          1.00000000
             1         S                0.02430000          1.00000000
             1         S                0.07290000          1.00000000
             1         S                0.21870000          1.00000000
             1         S                0.65610000          1.00000000
             1         S                1.96830000          1.00000000
             1         P                0.00010000          1.00000000
             1         P                0.00030000          1.00000000
             1         P                0.00090000          1.00000000
             1         P                0.00270000          1.00000000
             1         D                0.00010000          1.00000000
             1         D                0.00030000          1.00000000
 
            E+ BASIS SET:GRIBAKIN-10S4P2
             1         S                0.00010000          1.00000000
             1         S                0.00030000          1.00000000
             1         S                0.00090000          1.00000000
             1         S                0.00270000          1.00000000
             1         S                0.00810000          1.00000000
             1         S                0.02430000          1.00000000
             1         S                0.07290000          1.00000000
             1         S                0.21870000          1.00000000
             1         S                0.65610000          1.00000000
             1         S                1.96830000          1.00000000
             1         P                0.00010000          1.00000000
             1         P                0.00030000          1.00000000
             1         P                0.00090000          1.00000000
             1         P                0.00270000          1.00000000
             1         D                0.00010000          1.00000000
             1         D                0.00030000          1.00000000
    ... END DESCRIPTION OF BASIS
 
 
  END INFORMATION OF PARTICLES
 
 
  INFORMATION OF THE QUANTUM SYSTEM 
     ---------------------------------------------------------------------
                 ID     Occupied Orbitals     Basis size
     ---------------------------------------------------------------------
                 E-            2               14
                 E+            1               68
 
  END INFORMATION OF QUANTUM SYSTEM
 
                       INITIAL GEOMETRY: AMSTRONG
                 -----------------------------------
                       <x>                 <y>                 <z>
       E-H        0.0000000000        0.0000000000        0.0000000000
       E-H        9.3135195866        0.0000000000        0.0000000000
        E+        0.0000000000        0.0000000000        0.0000000000
        E+        9.3135195866        0.0000000000        0.0000000000
         H        0.0000000000        0.0000000000        0.0000000000
         H        9.3135195866        0.0000000000        0.0000000000
 
                     MATRIX OF DISTANCE: ANGSTROM
                 -----------------------------------
                          H(1)           H(2)      
 
        H(1)             0.000000       9.313520
        H(2)             9.313520       0.000000
 
--------------------------------------------------------------------------------
** PROGRAM: SCF (Hartree Fock).     Author: S.A. Gonzalez, E. Posada, F. Moncada
--------------------------------------------------------------------------------
INFO: RUNNING IN RHF MODE.
 
----------------------------------------------------------------------
** PROGRAM INTS                          Author: E. F. Posada, 2013   
----------------------------------------------------------------------
INFO: RUNNING IN ONE_PARTICLE MODE.
 
 Number of Overlap integrals for species E-:    196
 Number of Overlap integrals for species POSITRON:   4624
 Number of Kinetic integrals for species E-:    196
 Number of Kinetic integrals for species POSITRON:   4624
 Number of Nuclear integrals for species E-:    196
 Number of Nuclear integrals for species POSITRON:   4624
 Number of Moment integrals for species E-:    588
 Number of Moment integrals for species POSITRON:  13872
 
** TOTAL CPU Time INTS :      0.020 (s)
** TOTAL Elapsed Time INTS :      0.014 (s)
 
Removed     4 orbitals for species POSITRON with overlap eigen threshold of 1.000E-06
 Combination coefficients for E- were read from usual_79.vec
     number of         E-     particles in guess density matrix:     4.000000
 Combination coefficients for POSITRON were read from usual_79.vec
     number of   POSITRON     particles in guess density matrix:     1.000000
 Number of unique integrals for species: 1 = 991
 Number of unique integrals for species: 2 = 322178
 Number of unique integrals for species: 1 / 2 = 49485 Screened: 2951
 
 TWO-BODY INTEGRAL SETUP: 
------------------------- 
 Storage:   DISK
 Scheme: LIBINT
 Stack size:  30000
 
 LIBINT library, Fermann, J. T.; Valeev, F. L. 2010                   
 LOWDIN-LIBINT Implementation V. 2.1  Posada E. F. ; Reyes A. 2016   
 ----------------------------------------------------------------------

*** TOTAL CPU time intra-species integrals :      0.081 (s)
*** TOTAL elapsed time intra-species integrals :      0.024 (s)


*** TOTAL CPU time inter-species integrals :      0.098 (s)
*** TOTAL elapsed time inter-species integrals :      0.028 (s)

INFO: RUNNING SCHEME SIMULTANEOUS
 
 Begin Multi-Species SCF calculation:
 
 --------------------------------------------------------------------------------------------------
      Iteration                   Energy            Energy Change           Density Change
 --------------------------------------------------------------------------------------------------
              1          -1.143319099771           1.143319099771           0.000000000000
              2          -1.143319099771           0.000000000000           0.000000000001
 Total energy converged after   2 global iterations                                                  
 
 ...end Multi-Species SCF calculation
 
 
 Begin SCF calculation by: E-
 -------------------------
 
 -----------------------------------------------------------------------------------
 Iteration                   Energy           Density Change         DIIS Error 
 -----------------------------------------------------------------------------------
    1          -0.973933602727           0.000000000000                 -- 
 
 ... end SCF calculation
 
 Begin SCF calculation by: POSITRON
 -------------------------
 
 -----------------------------------------------------------------------------------
 Iteration                   Energy           Density Change         DIIS Error 
 -----------------------------------------------------------------------------------
    1          -0.226203678862           0.000000000001                 -- 
 
 ... end SCF calculation
 
  EIGENVALUES AND EIGENVECTORS: 
 ==============================
 
 
  Eigenvalues for: E-
 -----------------
 
    1           0.014193317335
    2           0.014386712211
    3           0.337966372945
    4           0.343028276788
    5           0.885546339614
    6           0.889870928481
    7           1.963454167895
    8           1.963454167895
    9           1.963454316057
   10           1.963454316057
   11           1.963639526337
   12           1.963639808639
   13           3.087146066290
   14           3.091113281443
 
 
  Eigenvalues for: POSITRON
 -----------------
 
    1          -0.226203678862
    2          -0.224587010136
    3          -0.132664300961
    4          -0.113164816520
    5          -0.097692741936
    6          -0.097692741936
    7          -0.088977124281
    8          -0.081444959594
    9          -0.081444959594
   10          -0.080011697158
   11          -0.071421349342
   12          -0.066032416236
   13          -0.051646976382
   14          -0.048391629657
   15          -0.048391629657
   16          -0.046035234861
   17          -0.043347862854
   18          -0.041939818995
   19          -0.041939818995
   20          -0.036529011356
   21          -0.033179703745
   22          -0.029646827756
   23          -0.029120682047
   24          -0.029120682047
   25          -0.027652341583
   26          -0.027652341583
   27          -0.025946765932
   28          -0.024604190746
   29          -0.024604190746
   30          -0.024402145602
   31          -0.024402145602
   32          -0.023962721474
   33          -0.023962721474
   34          -0.023204970834
   35          -0.023025803053
   36          -0.021113428531
   37          -0.020192529088
   38          -0.020192529087
   39          -0.019531905955
   40          -0.019052539252
   41          -0.018914855944
   42          -0.015740039800
   43          -0.015740039800
   44          -0.014975211684
   45          -0.014678043322
   46          -0.014485693671
   47          -0.014485693671
   48          -0.013906612694
   49          -0.013674187860
   50          -0.013674187860
   51          -0.012884462784
   52          -0.012884462784
   53          -0.012648408415
   54          -0.012648408415
   55          -0.012556961927
   56          -0.010993229494
   57          -0.010705086326
   58          -0.010088733603
   59           0.367669546342
   60           0.368928335181
   61           1.807236040397
   62           1.808273118321
   63           6.941185577845
   64           6.941918584199
   65     1000000.000000000000
   66     1000000.000000000000
   67     1000000.000000000000
   68     1000000.000000000000
 
  end of eigenvalues 
 
  Occupied Eigenvectors for: E-
 --------------------------- 
 
                           0.0142         0.0144   
 
    1      H     S      -0.108178      -0.108379
    2      H     S      -0.206498      -0.206319
    3      H     S      -0.221921      -0.223721
    4      H     S      -0.304664      -0.303326
    5      H    Px       0.000760       0.000765
    6      H    Py      -0.000000      -0.000000
    7      H    Pz      -0.000000       0.000000
    8      H     S      -0.108178       0.108379
    9      H     S      -0.206498       0.206319
   10      H     S      -0.221921       0.223721
   11      H     S      -0.304664       0.303326
   12      H    Px      -0.000760       0.000765
   13      H    Py      -0.000000      -0.000000
   14      H    Pz       0.000000      -0.000000
 
 
  Occupied Eigenvectors for: POSITRON
 --------------------------- 
 
                          -0.2262   
 
    1     E+     S       0.153150
    2     E+     S      -0.147342
    3     E+     S       0.031532
    4     E+     S      -0.015753
    5     E+     S       0.012618
    6     E+     S       0.451014
    7     E+     S       0.319144
    8     E+     S      -0.059926
    9     E+     S      -0.014302
   10     E+     S      -0.007038
   11     E+    Px      -0.969857
   12     E+    Py      -0.000000
   13     E+    Pz      -0.000000
   14     E+    Px       0.415237
   15     E+    Py       0.000000
   16     E+    Pz       0.000000
   17     E+    Px      -0.033458
   18     E+    Py      -0.000000
   19     E+    Pz      -0.000000
   20     E+    Px       0.027430
   21     E+    Py       0.000000
   22     E+    Pz       0.000000
   23     E+   Dxx      -0.146544
   24     E+   Dxy      -0.000000
   25     E+   Dxz      -0.000000
   26     E+   Dyy       0.002548
   27     E+   Dyz      -0.000000
   28     E+   Dzz       0.002548
   29     E+   Dxx       0.117528
   30     E+   Dxy       0.000000
   31     E+   Dxz       0.000000
   32     E+   Dyy       0.010394
   33     E+   Dyz      -0.000000
   34     E+   Dzz       0.010394
   35     E+     S       0.153150
   36     E+     S      -0.147342
   37     E+     S       0.031532
   38     E+     S      -0.015753
   39     E+     S       0.012618
   40     E+     S       0.451014
   41     E+     S       0.319144
   42     E+     S      -0.059926
   43     E+     S      -0.014302
   44     E+     S      -0.007038
   45     E+    Px       0.969857
   46     E+    Py       0.000000
   47     E+    Pz       0.000000
   48     E+    Px      -0.415237
   49     E+    Py      -0.000000
   50     E+    Pz      -0.000000
   51     E+    Px       0.033458
   52     E+    Py       0.000000
   53     E+    Pz       0.000000
   54     E+    Px      -0.027430
   55     E+    Py      -0.000000
   56     E+    Pz      -0.000000
   57     E+   Dxx      -0.146544
   58     E+   Dxy      -0.000000
   59     E+   Dxz      -0.000000
   60     E+   Dyy       0.002548
   61     E+   Dyz       0.000000
   62     E+   Dzz       0.002548
   63     E+   Dxx       0.117528
   64     E+   Dxy       0.000000
   65     E+   Dxz       0.000000
   66     E+   Dyy       0.010394
   67     E+   Dyz       0.000000
   68     E+   Dzz       0.010394
 
 
  end of eigenvectors 
 
  END OF EIGENVALUES AND EIGENVECTORS
 
 
  COMPONENTS OF KINETIC ENERGY: 
 -----------------------------
 
                  E- Kinetic energy =            0.983856361768
            POSITRON Kinetic energy =            0.051578785283
                                     _________________________
               Total kinetic energy =            1.035435147051
 
  COMPONENTS OF POTENTIAL ENERGY: 
 -------------------------------
 
          Fixed potential energy    =            0.056818181818
 
  Quantum/Fixed interaction energy: 
 ----------------------------------
 
          E-/Fixed interact. energy =           -2.988883626314
    POSITRON/Fixed interact. energy =            0.344686987992
                                     _________________________
               Total Q/Fixed energy =           -2.644196638321
 
  Coulomb energy: 
 ------------------
 
               E-/E- Hartree energy =            1.834944560070
   POSITRON/POSITRON Hartree energy =            0.000000000000
         E-/POSITRON Hartree energy =           -0.622469452137
                                     _________________________
               Total Hartree energy =            1.212475107933
 
  Exchange(HF) energy: 
 ----------------------
 
                 E- Exchange energy =           -0.803850898252
           POSITRON Exchange energy =            0.000000000000
                                     _________________________
              Total Exchange energy =           -0.803850898252
 
  TOTAL ENERGY COMPONENTS: 
 ==========================
 
          TOTAL KINETIC ENERGY      =            1.035435147051
          TOTAL POTENTIAL ENERGY    =           -2.178754246822
                                     _________________________
                       TOTAL ENERGY =           -1.143319099771
 
                 VIRIAL RATIO (V/T) =            2.104191897510
 
 
  END ENERGY COMPONENTS
 
 
** TOTAL CPU Time SCF :      0.020 (s)
** TOTAL Elapsed Time SCF :      0.060 (s)
 
 We are calculating properties for E- in the HF/KS ground state
 We are calculating properties for POSITRON in the HF/KS ground state
 
  POPULATION ANALYSES: 
 ====================
 
 MULLIKEN Population: for E-        
 ---------------------
 
                                    
 
    1      H     S       0.170302
    2      H     S       0.494965
    3      H     S       0.602214
    4      H     S       0.732516
    5      H    Px       0.000002
    6      H    Py       0.000000
    7      H    Pz       0.000000
    8      H     S       0.170302
    9      H     S       0.494965
   10      H     S       0.602214
   11      H     S       0.732516
   12      H    Px       0.000002
   13      H    Py       0.000000
   14      H    Pz       0.000000
 
                           __________
              Total =        4.000000
 
  Atomic MULLIKEN Population: for E-        
            H                2.000000
            H                2.000000
 
 ...end of MULLIKEN Population
 
 
 END POPULATION ANALYSES 
 
 
  POPULATION ANALYSES: 
 ====================
 
 LOWDIN Population: for E-        
 ---------------------
 
                                    
 
    1      H     S       0.185734
    2      H     S       0.485746
    3      H     S       0.677546
    4      H     S       0.650971
    5      H    Px       0.000002
    6      H    Py       0.000000
    7      H    Pz       0.000000
    8      H     S       0.185734
    9      H     S       0.485746
   10      H     S       0.677546
   11      H     S       0.650971
   12      H    Px       0.000002
   13      H    Py       0.000000
   14      H    Pz       0.000000
 
                           __________
              Total =        4.000000
 
  Atomic LOWDIN Population: for E-        
            H                2.000000
            H                2.000000
 
 ...end of LOWDIN Population
 
 
 END POPULATION ANALYSES 
 
 
  POPULATION ANALYSES: 
 ====================
 
 MULLIKEN Population: for POSITRON  
 ---------------------
 
                                    
 
    1     E+     S       0.008220
    2     E+     S      -0.017334
    3     E+     S       0.007576
    4     E+     S      -0.006579
    5     E+     S       0.007362
    6     E+     S       0.316004
    7     E+     S       0.202500
    8     E+     S      -0.023715
    9     E+     S      -0.002627
   10     E+     S      -0.000513
   11     E+    Px      -0.009002
   12     E+    Py       0.000000
   13     E+    Pz      -0.000000
   14     E+    Px       0.014123
   15     E+    Py       0.000000
   16     E+    Pz       0.000000
   17     E+    Px      -0.003615
   18     E+    Py      -0.000000
   19     E+    Pz      -0.000000
   20     E+    Px       0.006371
   21     E+    Py       0.000000
   22     E+    Pz       0.000000
   23     E+   Dxx      -0.000294
   24     E+   Dxy      -0.000000
   25     E+   Dxz      -0.000000
   26     E+   Dyy       0.000001
   27     E+   Dyz      -0.000000
   28     E+   Dzz       0.000001
   29     E+   Dxx       0.001491
   30     E+   Dxy      -0.000000
   31     E+   Dxz       0.000000
   32     E+   Dyy       0.000016
   33     E+   Dyz      -0.000000
   34     E+   Dzz       0.000016
   35     E+     S       0.008220
   36     E+     S      -0.017334
   37     E+     S       0.007576
   38     E+     S      -0.006579
   39     E+     S       0.007362
   40     E+     S       0.316004
   41     E+     S       0.202500
   42     E+     S      -0.023715
   43     E+     S      -0.002627
   44     E+     S      -0.000513
   45     E+    Px      -0.009002
   46     E+    Py       0.000000
   47     E+    Pz       0.000000
   48     E+    Px       0.014123
   49     E+    Py       0.000000
   50     E+    Pz      -0.000000
   51     E+    Px      -0.003615
   52     E+    Py      -0.000000
   53     E+    Pz       0.000000
   54     E+    Px       0.006371
   55     E+    Py       0.000000
   56     E+    Pz      -0.000000
   57     E+   Dxx      -0.000294
   58     E+   Dxy      -0.000000
   59     E+   Dxz      -0.000000
   60     E+   Dyy       0.000001
   61     E+   Dyz       0.000000
   62     E+   Dzz       0.000001
   63     E+   Dxx       0.001491
   64     E+   Dxy      -0.000000
   65     E+   Dxz       0.000000
   66     E+   Dyy       0.000016
   67     E+   Dyz       0.000000
   68     E+   Dzz       0.000016
 
                           __________
              Total =        1.000000
 
  Atomic MULLIKEN Population: for POSITRON  
            H                0.500000
            H                0.500000
 
 ...end of MULLIKEN Population
 
 
 END POPULATION ANALYSES 
 
 
  POPULATION ANALYSES: 
 ====================
 
 LOWDIN Population: for POSITRON  
 ---------------------
 
                                    
 
    1     E+     S       0.000059
    2     E+     S       0.000293
    3     E+     S       0.002359
    4     E+     S       0.012348
    5     E+     S       0.066852
    6     E+     S       0.219293
    7     E+     S       0.167266
    8     E+     S       0.023603
    9     E+     S       0.000916
   10     E+     S       0.000015
   11     E+    Px       0.000000
   12     E+    Py       0.000000
   13     E+    Pz       0.000000
   14     E+    Px       0.000054
   15     E+    Py       0.000000
   16     E+    Pz       0.000000
   17     E+    Px       0.000336
   18     E+    Py       0.000000
   19     E+    Pz       0.000000
   20     E+    Px       0.006593
   21     E+    Py       0.000000
   22     E+    Pz       0.000000
   23     E+   Dxx       0.000000
   24     E+   Dxy       0.000000
   25     E+   Dxz       0.000000
   26     E+   Dyy       0.000000
   27     E+   Dyz       0.000000
   28     E+   Dzz       0.000000
   29     E+   Dxx       0.000002
   30     E+   Dxy       0.000000
   31     E+   Dxz       0.000000
   32     E+   Dyy       0.000005
   33     E+   Dyz       0.000000
   34     E+   Dzz       0.000005
   35     E+     S       0.000059
   36     E+     S       0.000293
   37     E+     S       0.002359
   38     E+     S       0.012348
   39     E+     S       0.066852
   40     E+     S       0.219293
   41     E+     S       0.167266
   42     E+     S       0.023603
   43     E+     S       0.000916
   44     E+     S       0.000015
   45     E+    Px       0.000000
   46     E+    Py       0.000000
   47     E+    Pz       0.000000
   48     E+    Px       0.000054
   49     E+    Py       0.000000
   50     E+    Pz       0.000000
   51     E+    Px       0.000336
   52     E+    Py       0.000000
   53     E+    Pz       0.000000
   54     E+    Px       0.006593
   55     E+    Py       0.000000
   56     E+    Pz       0.000000
   57     E+   Dxx       0.000000
   58     E+   Dxy       0.000000
   59     E+   Dxz       0.000000
   60     E+   Dyy       0.000000
   61     E+   Dyz       0.000000
   62     E+   Dzz       0.000000
   63     E+   Dxx       0.000002
   64     E+   Dxy       0.000000
   65     E+   Dxz       0.000000
   66     E+   Dyy       0.000005
   67     E+   Dyz       0.000000
   68     E+   Dzz       0.000005
 
                           __________
              Total =        1.000000
 
  Atomic LOWDIN Population: for POSITRON  
            H                0.500000
            H                0.500000
 
 ...end of LOWDIN Population
 
 
 END POPULATION ANALYSES 
 
 
  EXPECTED POSITIONS OF QUANTUM SPECIES:
 ======================
 
 POSITIONS IN ANGSTROMS
 ------
 
                        <x>      <y>      <z>         
                 E-  18.6270   0.0000  -0.0000
           POSITRON   4.6568   0.0000  -0.0000
 
 END EXPECTED POSITIONS
 
 
  ELECTROSTATIC MOMENTS:
 ======================
 
 DIPOLE: (DEBYE)
 ------
 
                           <Dx>         <Dy>         <Dz>          |D|
                 E- -89.46946411  -0.00000000   0.00000000
           POSITRON  22.36736603   0.00000000  -0.00000000
    Point charges:   44.73473206   0.00000000   0.00000000
                     ____________________________
      Total Dipole: -22.36736603   0.00000000  -0.00000000  22.36736603
 
 QUADRUPOLE NON-TRACELESS: (DEBYE ANGS)
 ------
 
                           <xx>         <yy>         <zz>         <xy>         <xz>         <yz>
                 E-   -0.00000000   -0.00000000   -0.00000000   -0.00000000   -0.00000000   -0.00000000
           POSITRON    0.00000000    0.00000000    0.00000000    0.00000000    0.00000000    0.00000000
    Point charges:   416.63775567    0.00000000    0.00000000    0.00000000    0.00000000    0.00000000
  Total Quadrupole:  416.63775567    0.00000000    0.00000000    0.00000000    0.00000000    0.00000000
                     ____________________________
 
 END ELECTROSTATIC MOMENTS
 

  TOTAL CPU Time:      0.030 (s)
 TOTAL Wall Time:      0.100 (s)
  Elapsed Time:   0h  0m  0s 100ms
LOWDIN execution terminated normally at : Thu Oct 17 18:24:57 2024
-rw-rw-r-- 1 pmorenor pmorenor 704K oct 17 18:24 0E-.ints
-rw-rw-r-- 1 pmorenor pmorenor 704K oct 17 18:24 0E-.POSITRON.ints
-rw-rw-r-- 1 pmorenor pmorenor 2.1M oct 17 18:24 0POSITRON.ints
-rw-rw-r-- 1 pmorenor pmorenor 704K oct 17 18:24 1E-.ints
-rw-rw-r-- 1 pmorenor pmorenor 704K oct 17 18:24 1E-.POSITRON.ints
-rw-rw-r-- 1 pmorenor pmorenor 2.1M oct 17 18:24 1POSITRON.ints
-rw-rw-r-- 1 pmorenor pmorenor 704K oct 17 18:24 2E-.ints
-rw-rw-r-- 1 pmorenor pmorenor 704K oct 17 18:24 2E-.POSITRON.ints
-rw-rw-r-- 1 pmorenor pmorenor 2.1M oct 17 18:24 2POSITRON.ints
-rw-rw-r-- 1 pmorenor pmorenor 704K oct 17 18:24 3E-.ints
-rw-rw-r-- 1 pmorenor pmorenor 704K oct 17 18:24 3E-.POSITRON.ints
-rw-rw-r-- 1 pmorenor pmorenor 2.1M oct 17 18:24 3POSITRON.ints
-rw-rw-r-- 1 pmorenor pmorenor   12 oct 17 18:24 E-.POSITRON.nints
-rw-rw-r-- 1 pmorenor pmorenor   64 oct 17 18:24 gepol.inp
-rw-rw-r-- 1 pmorenor pmorenor   91 oct 17 18:24 gepol.xyzr
-rw-rw-r-- 1 pmorenor pmorenor 7.3K oct 17 18:24 lowdin.bas
-rw-rw-r-- 1 pmorenor pmorenor  15K oct 17 18:24 lowdin.dat
-rw-rw-r-- 1 pmorenor pmorenor 458K oct 17 18:24 lowdin.opints
-rw-rw-r-- 1 pmorenor pmorenor  18K oct 17 18:24 lowdin.sys
-rw-rw-r-- 1 pmorenor pmorenor 343K oct 17 18:24 lowdin.wfn
-rw-rw-r-- 1 pmorenor pmorenor  448 oct 17 18:24 usual_79
-rw-rw-r-- 1 pmorenor pmorenor 1.7K oct 17 18:24 usual_79.aux
-rw-rw-r-- 1 pmorenor pmorenor  452 oct 17 18:24 usual_79.lowdin
-rw-rw-r-- 1 pmorenor pmorenor  30K oct 17 18:24 usual_79.out
-rw-rw-r-- 1 pmorenor pmorenor  39K oct 17 18:24 usual_79.vec
