Begin job by input: usual_59.lowdin, for user: pmorenor  at  jue 17 oct 2024 18:24:45 -05
under operating system Linux Hefesto 5.4.0-196-generic #216-Ubuntu SMP Thu Aug 29 13:26:53 UTC 2024 x86_64 x86_64 x86_64 GNU/Linux
Compilation information
  commit: f2cffef7078af1231fe3319081e66b682883a80b
  compilation date:  mar 06 feb 2024 16:53:31 -05

BEGIN INPUT INFO:
------------------------------------

GEOMETRY
	H	Dirac	0.0 0.0 0.0
	e-(H)	6-311++G.d.p	0.0 0.0 0.0	addParticles=1
	E+	GRIBAKIN-10S4P2D	0.0 0.0 0.0
	H	Dirac	13.6 0.0 0.0
	e-(H)	6-311++G.d.p	13.6 0.0 0.0	addParticles=1
	E+ GRIBAKIN-10S4P2D     13.6 0.0 0.0	addParticles=-1
END GEOMETRY

TASKS
        method = "RHF"
END TASKS

CONTROL
	units="BOHR"
	convergenceMethod=1
	SCFGhostSpecies="POSITRON"
	overlapEigenThreshold=1E-6
	HFprintEigenvalues=T
	totalEnergyTolerance = 1E-9
END CONTROL


... END INPUT INFO


 LOWDIN execution started at : Thu Oct 17 18:24:45 2024
 ---------------------------------------------------------------
 
 ***************************************************************
 *                   LOWDIN 2.0  (May/2013)                    *
 *                                                             *
 *  R. FLORES-MORENO, E. F. POSADA, F. S. MONCADA, J.ROMERO,   *
 *  J. CHARRY, M. DIAZ-TINOCO, S. A. GONZALEZ, N. F. AGUIRRE,  *
 *  A. REYES                                                   *
 *                                                             *
 *  https://sites.google.com/site/lowdinproject/               *
 *                                                             *
 ***************************************************************
 
 PARSING INPUT... DONE!
 
 LOWDIN IS RUNNING WITH NEXT PARAMETERS: 
 ----------------------------------------
 
         METHOD TYPE:  RHF
         NUMBER OF CORES:     4
         NONELECTRONIC DENSITY GUESS: HCORE
         ELECTRONIC DENSITY GUESS: HCORE
         CRITERIUM OF CONVERGENCE: ENERGY
         NONELECTRONIC ENERGY TOLERANCE IN SCFs:     0.10000E-07
         ELECTRONIC ENERGY TOLERANCE IN SCFs:     0.10000E-07
         TOTAL ENERGY TOLERANCE IN SCFs:     0.10000E-08
         SCHEME OF ITERATION: GLOBAL ITERATIONS
         SCF MAX. SUBITERATIONS - NONELECTRONS :     1
         SCF MAX. SUBITERATIONS - ELECTRONS :     1
         SCF MAX. ITERATIONS - INTERSPECIES :   200
         INTEGRAL STORAGE: DISK
         STACK SIZE FOR ERIS : 30000
         METHOD OF SCF CONVERGENCE: DAMPING
 
  MOLECULAR SYSTEM: usual_59
 -----------------
 
    DESCRIPTION   : usual_59
    CHARGE        :   2
    PUNTUAL GROUP : NONE
 
 
  INFORMATION OF PARTICLES :
 =========================
         Total number of particles   =       7
         Number of quantum particles =       5
         Number of puntual charges   =       2
         Number of quantum species   =       2
 
                 INFORMATION OF QUANTUM SPECIES 
     ---------------------------------------------------------------------
         ID      Symbol            mass     charge     spin     multiplicity
     ---------------------------------------------------------------------
         1             E-         1.0000     -1.00      0.50      1.00
         2             E+         1.0000      1.00      0.50      1.00
 
                   CONSTANTS OF COUPLING 
      ------------------------------------------------------------
           Symbol          kappa      eta     lambda     occupation
      ------------------------------------------------------------
                 E-        -1.0      2.00      2.00      2.00
                 E+        -1.0      1.00      1.00      1.00
 
                   BASIS SET FOR SPECIES 
      ------------------------------------------------------------
           Symbol          N. Basis     N. Particles     Basis Set
      ------------------------------------------------------------
                 E-           10                4     6-311++G.D
                 E+           32                1     GRIBAKIN-1
 
                                ATOMIC BASIS
         ------------------------------------------------------------
          PRIMITIVE   SHELL             EXPONENT         COEFFICIENT 
         ------------------------------------------------------------
 
    BEGIN DESCRIPTION OF BASIS FOR:    E-
    ==============================
 
 
             H BASIS SET:   6-311++G.D.P
             1         S               33.86500000          0.02549380
             2         S                5.09479000          0.19037300
             3         S                1.15879000          0.85216100
             1         S                0.32584000          1.00000000
             1         S                0.10274100          1.00000000
             1         S                0.03600000          1.00000000
             1         P                0.75000000          1.00000000
 
             H BASIS SET:   6-311++G.D.P
             1         S               33.86500000          0.02549380
             2         S                5.09479000          0.19037300
             3         S                1.15879000          0.85216100
             1         S                0.32584000          1.00000000
             1         S                0.10274100          1.00000000
             1         S                0.03600000          1.00000000
             1         P                0.75000000          1.00000000
    ... END DESCRIPTION OF BASIS
 
 
    BEGIN DESCRIPTION OF BASIS FOR:    E+
    ==============================
 
 
            E+ BASIS SET:GRIBAKIN-10S4P2
             1         S                0.00010000          1.00000000
             1         S                0.00030000          1.00000000
             1         S                0.00090000          1.00000000
             1         S                0.00270000          1.00000000
             1         S                0.00810000          1.00000000
             1         S                0.02430000          1.00000000
             1         S                0.07290000          1.00000000
             1         S                0.21870000          1.00000000
             1         S                0.65610000          1.00000000
             1         S                1.96830000          1.00000000
             1         P                0.00010000          1.00000000
             1         P                0.00030000          1.00000000
             1         P                0.00090000          1.00000000
             1         P                0.00270000          1.00000000
             1         D                0.00010000          1.00000000
             1         D                0.00030000          1.00000000
 
            E+ BASIS SET:GRIBAKIN-10S4P2
             1         S                0.00010000          1.00000000
             1         S                0.00030000          1.00000000
             1         S                0.00090000          1.00000000
             1         S                0.00270000          1.00000000
             1         S                0.00810000          1.00000000
             1         S                0.02430000          1.00000000
             1         S                0.07290000          1.00000000
             1         S                0.21870000          1.00000000
             1         S                0.65610000          1.00000000
             1         S                1.96830000          1.00000000
             1         P                0.00010000          1.00000000
             1         P                0.00030000          1.00000000
             1         P                0.00090000          1.00000000
             1         P                0.00270000          1.00000000
             1         D                0.00010000          1.00000000
             1         D                0.00030000          1.00000000
    ... END DESCRIPTION OF BASIS
 
 
  END INFORMATION OF PARTICLES
 
 
  INFORMATION OF THE QUANTUM SYSTEM 
     ---------------------------------------------------------------------
                 ID     Occupied Orbitals     Basis size
     ---------------------------------------------------------------------
                 E-            2               14
                 E+            1               68
 
  END INFORMATION OF QUANTUM SYSTEM
 
                       INITIAL GEOMETRY: AMSTRONG
                 -----------------------------------
                       <x>                 <y>                 <z>
       E-H        0.0000000000        0.0000000000        0.0000000000
       E-H        7.1968105897        0.0000000000        0.0000000000
        E+        0.0000000000        0.0000000000        0.0000000000
        E+        7.1968105897        0.0000000000        0.0000000000
         H        0.0000000000        0.0000000000        0.0000000000
         H        7.1968105897        0.0000000000        0.0000000000
 
                     MATRIX OF DISTANCE: ANGSTROM
                 -----------------------------------
                          H(1)           H(2)      
 
        H(1)             0.000000       7.196811
        H(2)             7.196811       0.000000
 
--------------------------------------------------------------------------------
** PROGRAM: SCF (Hartree Fock).     Author: S.A. Gonzalez, E. Posada, F. Moncada
--------------------------------------------------------------------------------
INFO: RUNNING IN RHF MODE.
 
----------------------------------------------------------------------
** PROGRAM INTS                          Author: E. F. Posada, 2013   
----------------------------------------------------------------------
INFO: RUNNING IN ONE_PARTICLE MODE.
 
 Number of Overlap integrals for species E-:    196
 Number of Overlap integrals for species POSITRON:   4624
 Number of Kinetic integrals for species E-:    196
 Number of Kinetic integrals for species POSITRON:   4624
 Number of Nuclear integrals for species E-:    196
 Number of Nuclear integrals for species POSITRON:   4624
 Number of Moment integrals for species E-:    588
 Number of Moment integrals for species POSITRON:  13872
 
** TOTAL CPU Time INTS :      0.022 (s)
** TOTAL Elapsed Time INTS :      0.014 (s)
 
Removed     5 orbitals for species POSITRON with overlap eigen threshold of 1.000E-06
 Combination coefficients for E- were read from usual_59.vec
     number of         E-     particles in guess density matrix:     4.000000
 Combination coefficients for POSITRON were read from usual_59.vec
     number of   POSITRON     particles in guess density matrix:     1.000000
 Number of unique integrals for species: 1 = 1257
 Number of unique integrals for species: 2 = 327456
 Number of unique integrals for species: 1 / 2 = 54302 Screened: 1465
 
 TWO-BODY INTEGRAL SETUP: 
------------------------- 
 Storage:   DISK
 Scheme: LIBINT
 Stack size:  30000
 
 LIBINT library, Fermann, J. T.; Valeev, F. L. 2010                   
 LOWDIN-LIBINT Implementation V. 2.1  Posada E. F. ; Reyes A. 2016   
 ----------------------------------------------------------------------

*** TOTAL CPU time intra-species integrals :      0.153 (s)
*** TOTAL elapsed time intra-species integrals :      0.053 (s)


*** TOTAL CPU time inter-species integrals :      0.167 (s)
*** TOTAL elapsed time inter-species integrals :      0.058 (s)

INFO: RUNNING SCHEME SIMULTANEOUS
 
 Begin Multi-Species SCF calculation:
 
 --------------------------------------------------------------------------------------------------
      Iteration                   Energy            Energy Change           Density Change
 --------------------------------------------------------------------------------------------------
              1          -1.146378564383           1.146378564383           0.000000000001
              2          -1.146378564383           0.000000000000           0.000000000000
 Total energy converged after   2 global iterations                                                  
 
 ...end Multi-Species SCF calculation
 
 
 Begin SCF calculation by: E-
 -------------------------
 
 -----------------------------------------------------------------------------------
 Iteration                   Energy           Density Change         DIIS Error 
 -----------------------------------------------------------------------------------
    1          -0.973952199044           0.000000000000                 -- 
 
 ... end SCF calculation
 
 Begin SCF calculation by: POSITRON
 -------------------------
 
 -----------------------------------------------------------------------------------
 Iteration                   Energy           Density Change         DIIS Error 
 -----------------------------------------------------------------------------------
    1          -0.245955777103           0.000000000000                 -- 
 
 ... end SCF calculation
 
  EIGENVALUES AND EIGENVECTORS: 
 ==============================
 
 
  Eigenvalues for: E-
 -----------------
 
    1           0.030345037853
    2           0.031598632831
    3           0.349790334117
    4           0.365829623316
    5           0.898639058841
    6           0.911869039519
    7           1.980079701266
    8           1.980079701266
    9           1.980081253637
   10           1.980081253637
   11           1.980485370534
   12           1.980486407879
   13           3.099487711182
   14           3.113936118953
 
 
  Eigenvalues for: POSITRON
 -----------------
 
    1          -0.245955777103
    2          -0.237913869574
    3          -0.139038649840
    4          -0.121866820207
    5          -0.102226079008
    6          -0.102226079008
    7          -0.087967477080
    8          -0.085320195669
    9          -0.081764482831
   10          -0.081764482831
   11          -0.073951652981
   12          -0.064398563643
   13          -0.054865781047
   14          -0.049237268371
   15          -0.049237268371
   16          -0.047181504615
   17          -0.043316915279
   18          -0.042119207178
   19          -0.042119207178
   20          -0.037714577010
   21          -0.036357384936
   22          -0.030993272194
   23          -0.030100102622
   24          -0.029240452990
   25          -0.029240452990
   26          -0.027839447573
   27          -0.027839447573
   28          -0.026003771137
   29          -0.025456640416
   30          -0.024676065752
   31          -0.024676065751
   32          -0.024425025939
   33          -0.024425025939
   34          -0.023928823971
   35          -0.023928823971
   36          -0.021511643278
   37          -0.021501277944
   38          -0.020166329389
   39          -0.020166329384
   40          -0.019402444556
   41          -0.019375872008
   42          -0.015783705609
   43          -0.015783705609
   44          -0.015180602786
   45          -0.014506251517
   46          -0.014506251516
   47          -0.013989977033
   48          -0.013694130761
   49          -0.013694130761
   50          -0.013395353976
   51          -0.012891369889
   52          -0.012891369889
   53          -0.012646739955
   54          -0.012646739955
   55          -0.012566201031
   56          -0.010822307784
   57          -0.010113239000
   58           0.350463322702
   59           0.354834042743
   60           1.790300265372
   61           1.792896067862
   62           6.923902287773
   63           6.926670339061
   64     1000000.000000000000
   65     1000000.000000000000
   66     1000000.000000000000
   67     1000000.000000000000
   68     1000000.000000000000
 
  end of eigenvalues 
 
  Occupied Eigenvectors for: E-
 --------------------------- 
 
                           0.0303         0.0316   
 
    1      H     S      -0.107986       0.108555
    2      H     S      -0.205208       0.207715
    3      H     S      -0.223741       0.221530
    4      H     S      -0.300852       0.307578
    5      H    Px       0.001234      -0.001315
    6      H    Py       0.000000      -0.000000
    7      H    Pz       0.000000       0.000000
    8      H     S      -0.107986      -0.108555
    9      H     S      -0.205208      -0.207715
   10      H     S      -0.223741      -0.221530
   11      H     S      -0.300852      -0.307578
   12      H    Px      -0.001234      -0.001315
   13      H    Py      -0.000000       0.000000
   14      H    Pz      -0.000000      -0.000000
 
 
  Occupied Eigenvectors for: POSITRON
 --------------------------- 
 
                          -0.2460   
 
    1     E+     S       0.028053
    2     E+     S       0.207121
    3     E+     S      -0.052712
    4     E+     S       0.032195
    5     E+     S      -0.002774
    6     E+     S      -0.470144
    7     E+     S      -0.287999
    8     E+     S       0.052273
    9     E+     S       0.015436
   10     E+     S       0.006536
   11     E+    Px       0.011478
   12     E+    Py       0.000000
   13     E+    Pz       0.000000
   14     E+    Px      -0.728155
   15     E+    Py       0.000000
   16     E+    Pz      -0.000000
   17     E+    Px       0.037287
   18     E+    Py      -0.000000
   19     E+    Pz       0.000000
   20     E+    Px      -0.032112
   21     E+    Py       0.000000
   22     E+    Pz      -0.000000
   23     E+   Dxx      -0.002937
   24     E+   Dxy       0.000000
   25     E+   Dxz       0.000000
   26     E+   Dyy      -0.003993
   27     E+   Dyz      -0.000000
   28     E+   Dzz      -0.003993
   29     E+   Dxx      -0.163539
   30     E+   Dxy       0.000000
   31     E+   Dxz      -0.000000
   32     E+   Dyy      -0.016224
   33     E+   Dyz      -0.000000
   34     E+   Dzz      -0.016224
   35     E+     S       0.028053
   36     E+     S       0.207121
   37     E+     S      -0.052712
   38     E+     S       0.032195
   39     E+     S      -0.002774
   40     E+     S      -0.470144
   41     E+     S      -0.287999
   42     E+     S       0.052273
   43     E+     S       0.015436
   44     E+     S       0.006536
   45     E+    Px      -0.011478
   46     E+    Py      -0.000000
   47     E+    Pz      -0.000000
   48     E+    Px       0.728155
   49     E+    Py      -0.000000
   50     E+    Pz       0.000000
   51     E+    Px      -0.037287
   52     E+    Py       0.000000
   53     E+    Pz      -0.000000
   54     E+    Px       0.032112
   55     E+    Py      -0.000000
   56     E+    Pz       0.000000
   57     E+   Dxx      -0.002937
   58     E+   Dxy       0.000000
   59     E+   Dxz       0.000000
   60     E+   Dyy      -0.003993
   61     E+   Dyz       0.000000
   62     E+   Dzz      -0.003993
   63     E+   Dxx      -0.163539
   64     E+   Dxy       0.000000
   65     E+   Dxz      -0.000000
   66     E+   Dyy      -0.016224
   67     E+   Dyz       0.000000
   68     E+   Dzz      -0.016224
 
 
  end of eigenvectors 
 
  END OF EIGENVALUES AND EIGENVECTORS
 
 
  COMPONENTS OF KINETIC ENERGY: 
 -----------------------------
 
                  E- Kinetic energy =            0.983909835389
            POSITRON Kinetic energy =            0.047508977737
                                     _________________________
               Total kinetic energy =            1.031418813126
 
  COMPONENTS OF POTENTIAL ENERGY: 
 -------------------------------
 
          Fixed potential energy    =            0.073529411765
 
  Quantum/Fixed interaction energy: 
 ----------------------------------
 
          E-/Fixed interact. energy =           -3.055701574844
    POSITRON/Fixed interact. energy =            0.357163008237
                                     _________________________
               Total Q/Fixed energy =           -2.698538566606
 
  Coulomb energy: 
 ------------------
 
               E-/E- Hartree energy =            1.901726015754
   POSITRON/POSITRON Hartree energy =            0.000000000000
         E-/POSITRON Hartree energy =           -0.650627763078
                                     _________________________
               Total Hartree energy =            1.251098252676
 
  Exchange(HF) energy: 
 ----------------------
 
                 E- Exchange energy =           -0.803886475343
           POSITRON Exchange energy =            0.000000000000
                                     _________________________
              Total Exchange energy =           -0.803886475343
 
  TOTAL ENERGY COMPONENTS: 
 ==========================
 
          TOTAL KINETIC ENERGY      =            1.031418813126
          TOTAL POTENTIAL ENERGY    =           -2.177797377509
                                     _________________________
                       TOTAL ENERGY =           -1.146378564383
 
                 VIRIAL RATIO (V/T) =            2.111457877046
 
 
  END ENERGY COMPONENTS
 
 
** TOTAL CPU Time SCF :      0.026 (s)
** TOTAL Elapsed Time SCF :      0.087 (s)
 
 We are calculating properties for E- in the HF/KS ground state
 We are calculating properties for POSITRON in the HF/KS ground state
 
  POPULATION ANALYSES: 
 ====================
 
 MULLIKEN Population: for E-        
 ---------------------
 
                                    
 
    1      H     S       0.170291
    2      H     S       0.495099
    3      H     S       0.601719
    4      H     S       0.732884
    5      H    Px       0.000007
    6      H    Py       0.000000
    7      H    Pz       0.000000
    8      H     S       0.170291
    9      H     S       0.495099
   10      H     S       0.601719
   11      H     S       0.732884
   12      H    Px       0.000007
   13      H    Py       0.000000
   14      H    Pz       0.000000
 
                           __________
              Total =        4.000000
 
  Atomic MULLIKEN Population: for E-        
            H                2.000000
            H                2.000000
 
 ...end of MULLIKEN Population
 
 
 END POPULATION ANALYSES 
 
 
  POPULATION ANALYSES: 
 ====================
 
 LOWDIN Population: for E-        
 ---------------------
 
                                    
 
    1      H     S       0.185739
    2      H     S       0.485734
    3      H     S       0.677632
    4      H     S       0.650888
    5      H    Px       0.000007
    6      H    Py       0.000000
    7      H    Pz       0.000000
    8      H     S       0.185739
    9      H     S       0.485734
   10      H     S       0.677632
   11      H     S       0.650888
   12      H    Px       0.000007
   13      H    Py       0.000000
   14      H    Pz       0.000000
 
                           __________
              Total =        4.000000
 
  Atomic LOWDIN Population: for E-        
            H                2.000000
            H                2.000000
 
 ...end of LOWDIN Population
 
 
 END POPULATION ANALYSES 
 
 
  POPULATION ANALYSES: 
 ====================
 
 MULLIKEN Population: for POSITRON  
 ---------------------
 
                                    
 
    1     E+     S      -0.001437
    2     E+     S      -0.023538
    3     E+     S       0.012636
    4     E+     S      -0.014322
    5     E+     S       0.001800
    6     E+     S       0.342905
    7     E+     S       0.181149
    8     E+     S      -0.020205
    9     E+     S      -0.002758
   10     E+     S      -0.000462
   11     E+    Px      -0.000079
   12     E+    Py       0.000000
   13     E+    Pz      -0.000000
   14     E+    Px       0.018845
   15     E+    Py      -0.000000
   16     E+    Pz       0.000000
   17     E+    Px      -0.003297
   18     E+    Py       0.000000
   19     E+    Pz       0.000000
   20     E+    Px       0.007445
   21     E+    Py      -0.000000
   22     E+    Pz       0.000000
   23     E+   Dxx       0.000003
   24     E+   Dxy      -0.000000
   25     E+   Dxz      -0.000000
   26     E+   Dyy       0.000001
   27     E+   Dyz      -0.000000
   28     E+   Dzz       0.000001
   29     E+   Dxx       0.001269
   30     E+   Dxy      -0.000000
   31     E+   Dxz       0.000000
   32     E+   Dyy       0.000022
   33     E+   Dyz      -0.000000
   34     E+   Dzz       0.000022
   35     E+     S      -0.001437
   36     E+     S      -0.023538
   37     E+     S       0.012636
   38     E+     S      -0.014322
   39     E+     S       0.001800
   40     E+     S       0.342905
   41     E+     S       0.181149
   42     E+     S      -0.020205
   43     E+     S      -0.002758
   44     E+     S      -0.000462
   45     E+    Px      -0.000079
   46     E+    Py      -0.000000
   47     E+    Pz       0.000000
   48     E+    Px       0.018845
   49     E+    Py       0.000000
   50     E+    Pz      -0.000000
   51     E+    Px      -0.003297
   52     E+    Py      -0.000000
   53     E+    Pz       0.000000
   54     E+    Px       0.007445
   55     E+    Py       0.000000
   56     E+    Pz      -0.000000
   57     E+   Dxx       0.000003
   58     E+   Dxy       0.000000
   59     E+   Dxz      -0.000000
   60     E+   Dyy       0.000001
   61     E+   Dyz       0.000000
   62     E+   Dzz       0.000001
   63     E+   Dxx       0.001269
   64     E+   Dxy      -0.000000
   65     E+   Dxz       0.000000
   66     E+   Dyy       0.000022
   67     E+   Dyz       0.000000
   68     E+   Dzz       0.000022
 
                           __________
              Total =        1.000000
 
  Atomic MULLIKEN Population: for POSITRON  
            H                0.500000
            H                0.500000
 
 ...end of MULLIKEN Population
 
 
 END POPULATION ANALYSES 
 
 
  POPULATION ANALYSES: 
 ====================
 
 LOWDIN Population: for POSITRON  
 ---------------------
 
                                    
 
    1     E+     S       0.000039
    2     E+     S       0.000225
    3     E+     S       0.002211
    4     E+     S       0.011767
    5     E+     S       0.077241
    6     E+     S       0.224349
    7     E+     S       0.154510
    8     E+     S       0.021574
    9     E+     S       0.000844
   10     E+     S       0.000013
   11     E+    Px       0.000001
   12     E+    Py       0.000000
   13     E+    Pz       0.000000
   14     E+    Px       0.000027
   15     E+    Py       0.000000
   16     E+    Pz       0.000000
   17     E+    Px       0.000190
   18     E+    Py       0.000000
   19     E+    Pz       0.000000
   20     E+    Px       0.007002
   21     E+    Py       0.000000
   22     E+    Pz       0.000000
   23     E+   Dxx       0.000000
   24     E+   Dxy       0.000000
   25     E+   Dxz      -0.000000
   26     E+   Dyy       0.000000
   27     E+   Dyz       0.000000
   28     E+   Dzz       0.000000
   29     E+   Dxx       0.000000
   30     E+   Dxy       0.000000
   31     E+   Dxz       0.000000
   32     E+   Dyy       0.000003
   33     E+   Dyz      -0.000000
   34     E+   Dzz       0.000003
   35     E+     S       0.000039
   36     E+     S       0.000225
   37     E+     S       0.002211
   38     E+     S       0.011767
   39     E+     S       0.077241
   40     E+     S       0.224349
   41     E+     S       0.154510
   42     E+     S       0.021574
   43     E+     S       0.000844
   44     E+     S       0.000013
   45     E+    Px       0.000001
   46     E+    Py       0.000000
   47     E+    Pz       0.000000
   48     E+    Px       0.000027
   49     E+    Py       0.000000
   50     E+    Pz       0.000000
   51     E+    Px       0.000190
   52     E+    Py       0.000000
   53     E+    Pz       0.000000
   54     E+    Px       0.007002
   55     E+    Py       0.000000
   56     E+    Pz       0.000000
   57     E+   Dxx       0.000000
   58     E+   Dxy       0.000000
   59     E+   Dxz       0.000000
   60     E+   Dyy       0.000000
   61     E+   Dyz       0.000000
   62     E+   Dzz       0.000000
   63     E+   Dxx       0.000000
   64     E+   Dxy       0.000000
   65     E+   Dxz       0.000000
   66     E+   Dyy       0.000003
   67     E+   Dyz       0.000000
   68     E+   Dzz       0.000003
 
                           __________
              Total =        1.000000
 
  Atomic LOWDIN Population: for POSITRON  
            H                0.500000
            H                0.500000
 
 ...end of LOWDIN Population
 
 
 END POPULATION ANALYSES 
 
 
  EXPECTED POSITIONS OF QUANTUM SPECIES:
 ======================
 
 POSITIONS IN ANGSTROMS
 ------
 
                        <x>      <y>      <z>         
                 E-  14.3936  -0.0000   0.0000
           POSITRON   3.5984   0.0000   0.0000
 
 END EXPECTED POSITIONS
 
 
  ELECTROSTATIC MOMENTS:
 ======================
 
 DIPOLE: (DEBYE)
 ------
 
                           <Dx>         <Dy>         <Dz>          |D|
                 E- -69.13549500   0.00000000  -0.00000000
           POSITRON  17.28387375   0.00000000   0.00000000
    Point charges:   34.56774750   0.00000000   0.00000000
                     ____________________________
      Total Dipole: -17.28387375   0.00000000   0.00000000  17.28387375
 
 QUADRUPOLE NON-TRACELESS: (DEBYE ANGS)
 ------
 
                           <xx>         <yy>         <zz>         <xy>         <xz>         <yz>
                 E-   -0.00000000   -0.00000000   -0.00000000   -0.00000000   -0.00000000   -0.00000000
           POSITRON    0.00000000    0.00000000    0.00000000    0.00000000    0.00000000    0.00000000
    Point charges:   248.77750287    0.00000000    0.00000000    0.00000000    0.00000000    0.00000000
  Total Quadrupole:  248.77750287    0.00000000    0.00000000    0.00000000    0.00000000    0.00000000
                     ____________________________
 
 END ELECTROSTATIC MOMENTS
 

  TOTAL CPU Time:      0.038 (s)
 TOTAL Wall Time:      0.133 (s)
  Elapsed Time:   0h  0m  0s 133ms
LOWDIN execution terminated normally at : Thu Oct 17 18:24:46 2024
-rw-rw-r-- 1 pmorenor pmorenor 704K oct 17 18:24 0E-.ints
-rw-rw-r-- 1 pmorenor pmorenor 704K oct 17 18:24 0E-.POSITRON.ints
-rw-rw-r-- 1 pmorenor pmorenor 2.1M oct 17 18:24 0POSITRON.ints
-rw-rw-r-- 1 pmorenor pmorenor 704K oct 17 18:24 1E-.ints
-rw-rw-r-- 1 pmorenor pmorenor 704K oct 17 18:24 1E-.POSITRON.ints
-rw-rw-r-- 1 pmorenor pmorenor 2.1M oct 17 18:24 1POSITRON.ints
-rw-rw-r-- 1 pmorenor pmorenor 704K oct 17 18:24 2E-.ints
-rw-rw-r-- 1 pmorenor pmorenor 704K oct 17 18:24 2E-.POSITRON.ints
-rw-rw-r-- 1 pmorenor pmorenor 2.1M oct 17 18:24 2POSITRON.ints
-rw-rw-r-- 1 pmorenor pmorenor 704K oct 17 18:24 3E-.ints
-rw-rw-r-- 1 pmorenor pmorenor 704K oct 17 18:24 3E-.POSITRON.ints
-rw-rw-r-- 1 pmorenor pmorenor 2.1M oct 17 18:24 3POSITRON.ints
-rw-rw-r-- 1 pmorenor pmorenor   12 oct 17 18:24 E-.POSITRON.nints
-rw-rw-r-- 1 pmorenor pmorenor   64 oct 17 18:24 gepol.inp
-rw-rw-r-- 1 pmorenor pmorenor   91 oct 17 18:24 gepol.xyzr
-rw-rw-r-- 1 pmorenor pmorenor 7.3K oct 17 18:24 lowdin.bas
-rw-rw-r-- 1 pmorenor pmorenor  15K oct 17 18:24 lowdin.dat
-rw-rw-r-- 1 pmorenor pmorenor 458K oct 17 18:24 lowdin.opints
-rw-rw-r-- 1 pmorenor pmorenor  18K oct 17 18:24 lowdin.sys
-rw-rw-r-- 1 pmorenor pmorenor 343K oct 17 18:24 lowdin.wfn
-rw-rw-r-- 1 pmorenor pmorenor  448 oct 17 18:24 usual_59
-rw-rw-r-- 1 pmorenor pmorenor 1.7K oct 17 18:24 usual_59.aux
-rw-rw-r-- 1 pmorenor pmorenor  452 oct 17 18:24 usual_59.lowdin
-rw-rw-r-- 1 pmorenor pmorenor  30K oct 17 18:24 usual_59.out
-rw-rw-r-- 1 pmorenor pmorenor  39K oct 17 18:24 usual_59.vec
