Begin job by input: usual_72.lowdin, for user: pmorenor  at  jue 17 oct 2024 18:24:53 -05
under operating system Linux Hefesto 5.4.0-196-generic #216-Ubuntu SMP Thu Aug 29 13:26:53 UTC 2024 x86_64 x86_64 x86_64 GNU/Linux
Compilation information
  commit: f2cffef7078af1231fe3319081e66b682883a80b
  compilation date:  mar 06 feb 2024 16:53:31 -05

BEGIN INPUT INFO:
------------------------------------

GEOMETRY
	H	Dirac	0.0 0.0 0.0
	e-(H)	6-311++G.d.p	0.0 0.0 0.0	addParticles=1
	E+	GRIBAKIN-10S4P2D	0.0 0.0 0.0
	H	Dirac	16.2 0.0 0.0
	e-(H)	6-311++G.d.p	16.2 0.0 0.0	addParticles=1
	E+ GRIBAKIN-10S4P2D     16.2 0.0 0.0	addParticles=-1
END GEOMETRY

TASKS
        method = "RHF"
END TASKS

CONTROL
	units="BOHR"
	convergenceMethod=1
	SCFGhostSpecies="POSITRON"
	overlapEigenThreshold=1E-6
	HFprintEigenvalues=T
	totalEnergyTolerance = 1E-9
END CONTROL


... END INPUT INFO


 LOWDIN execution started at : Thu Oct 17 18:24:53 2024
 ---------------------------------------------------------------
 
 ***************************************************************
 *                   LOWDIN 2.0  (May/2013)                    *
 *                                                             *
 *  R. FLORES-MORENO, E. F. POSADA, F. S. MONCADA, J.ROMERO,   *
 *  J. CHARRY, M. DIAZ-TINOCO, S. A. GONZALEZ, N. F. AGUIRRE,  *
 *  A. REYES                                                   *
 *                                                             *
 *  https://sites.google.com/site/lowdinproject/               *
 *                                                             *
 ***************************************************************
 
 PARSING INPUT... DONE!
 
 LOWDIN IS RUNNING WITH NEXT PARAMETERS: 
 ----------------------------------------
 
         METHOD TYPE:  RHF
         NUMBER OF CORES:     4
         NONELECTRONIC DENSITY GUESS: HCORE
         ELECTRONIC DENSITY GUESS: HCORE
         CRITERIUM OF CONVERGENCE: ENERGY
         NONELECTRONIC ENERGY TOLERANCE IN SCFs:     0.10000E-07
         ELECTRONIC ENERGY TOLERANCE IN SCFs:     0.10000E-07
         TOTAL ENERGY TOLERANCE IN SCFs:     0.10000E-08
         SCHEME OF ITERATION: GLOBAL ITERATIONS
         SCF MAX. SUBITERATIONS - NONELECTRONS :     1
         SCF MAX. SUBITERATIONS - ELECTRONS :     1
         SCF MAX. ITERATIONS - INTERSPECIES :   200
         INTEGRAL STORAGE: DISK
         STACK SIZE FOR ERIS : 30000
         METHOD OF SCF CONVERGENCE: DAMPING
 
  MOLECULAR SYSTEM: usual_72
 -----------------
 
    DESCRIPTION   : usual_72
    CHARGE        :   2
    PUNTUAL GROUP : NONE
 
 
  INFORMATION OF PARTICLES :
 =========================
         Total number of particles   =       7
         Number of quantum particles =       5
         Number of puntual charges   =       2
         Number of quantum species   =       2
 
                 INFORMATION OF QUANTUM SPECIES 
     ---------------------------------------------------------------------
         ID      Symbol            mass     charge     spin     multiplicity
     ---------------------------------------------------------------------
         1             E-         1.0000     -1.00      0.50      1.00
         2             E+         1.0000      1.00      0.50      1.00
 
                   CONSTANTS OF COUPLING 
      ------------------------------------------------------------
           Symbol          kappa      eta     lambda     occupation
      ------------------------------------------------------------
                 E-        -1.0      2.00      2.00      2.00
                 E+        -1.0      1.00      1.00      1.00
 
                   BASIS SET FOR SPECIES 
      ------------------------------------------------------------
           Symbol          N. Basis     N. Particles     Basis Set
      ------------------------------------------------------------
                 E-           10                4     6-311++G.D
                 E+           32                1     GRIBAKIN-1
 
                                ATOMIC BASIS
         ------------------------------------------------------------
          PRIMITIVE   SHELL             EXPONENT         COEFFICIENT 
         ------------------------------------------------------------
 
    BEGIN DESCRIPTION OF BASIS FOR:    E-
    ==============================
 
 
             H BASIS SET:   6-311++G.D.P
             1         S               33.86500000          0.02549380
             2         S                5.09479000          0.19037300
             3         S                1.15879000          0.85216100
             1         S                0.32584000          1.00000000
             1         S                0.10274100          1.00000000
             1         S                0.03600000          1.00000000
             1         P                0.75000000          1.00000000
 
             H BASIS SET:   6-311++G.D.P
             1         S               33.86500000          0.02549380
             2         S                5.09479000          0.19037300
             3         S                1.15879000          0.85216100
             1         S                0.32584000          1.00000000
             1         S                0.10274100          1.00000000
             1         S                0.03600000          1.00000000
             1         P                0.75000000          1.00000000
    ... END DESCRIPTION OF BASIS
 
 
    BEGIN DESCRIPTION OF BASIS FOR:    E+
    ==============================
 
 
            E+ BASIS SET:GRIBAKIN-10S4P2
             1         S                0.00010000          1.00000000
             1         S                0.00030000          1.00000000
             1         S                0.00090000          1.00000000
             1         S                0.00270000          1.00000000
             1         S                0.00810000          1.00000000
             1         S                0.02430000          1.00000000
             1         S                0.07290000          1.00000000
             1         S                0.21870000          1.00000000
             1         S                0.65610000          1.00000000
             1         S                1.96830000          1.00000000
             1         P                0.00010000          1.00000000
             1         P                0.00030000          1.00000000
             1         P                0.00090000          1.00000000
             1         P                0.00270000          1.00000000
             1         D                0.00010000          1.00000000
             1         D                0.00030000          1.00000000
 
            E+ BASIS SET:GRIBAKIN-10S4P2
             1         S                0.00010000          1.00000000
             1         S                0.00030000          1.00000000
             1         S                0.00090000          1.00000000
             1         S                0.00270000          1.00000000
             1         S                0.00810000          1.00000000
             1         S                0.02430000          1.00000000
             1         S                0.07290000          1.00000000
             1         S                0.21870000          1.00000000
             1         S                0.65610000          1.00000000
             1         S                1.96830000          1.00000000
             1         P                0.00010000          1.00000000
             1         P                0.00030000          1.00000000
             1         P                0.00090000          1.00000000
             1         P                0.00270000          1.00000000
             1         D                0.00010000          1.00000000
             1         D                0.00030000          1.00000000
    ... END DESCRIPTION OF BASIS
 
 
  END INFORMATION OF PARTICLES
 
 
  INFORMATION OF THE QUANTUM SYSTEM 
     ---------------------------------------------------------------------
                 ID     Occupied Orbitals     Basis size
     ---------------------------------------------------------------------
                 E-            2               14
                 E+            1               68
 
  END INFORMATION OF QUANTUM SYSTEM
 
                       INITIAL GEOMETRY: AMSTRONG
                 -----------------------------------
                       <x>                 <y>                 <z>
       E-H        0.0000000000        0.0000000000        0.0000000000
       E-H        8.5726714377        0.0000000000        0.0000000000
        E+        0.0000000000        0.0000000000        0.0000000000
        E+        8.5726714377        0.0000000000        0.0000000000
         H        0.0000000000        0.0000000000        0.0000000000
         H        8.5726714377        0.0000000000        0.0000000000
 
                     MATRIX OF DISTANCE: ANGSTROM
                 -----------------------------------
                          H(1)           H(2)      
 
        H(1)             0.000000       8.572671
        H(2)             8.572671       0.000000
 
--------------------------------------------------------------------------------
** PROGRAM: SCF (Hartree Fock).     Author: S.A. Gonzalez, E. Posada, F. Moncada
--------------------------------------------------------------------------------
INFO: RUNNING IN RHF MODE.
 
----------------------------------------------------------------------
** PROGRAM INTS                          Author: E. F. Posada, 2013   
----------------------------------------------------------------------
INFO: RUNNING IN ONE_PARTICLE MODE.
 
 Number of Overlap integrals for species E-:    196
 Number of Overlap integrals for species POSITRON:   4624
 Number of Kinetic integrals for species E-:    196
 Number of Kinetic integrals for species POSITRON:   4624
 Number of Nuclear integrals for species E-:    196
 Number of Nuclear integrals for species POSITRON:   4624
 Number of Moment integrals for species E-:    588
 Number of Moment integrals for species POSITRON:  13872
 
** TOTAL CPU Time INTS :      0.022 (s)
** TOTAL Elapsed Time INTS :      0.015 (s)
 
Removed     5 orbitals for species POSITRON with overlap eigen threshold of 1.000E-06
 Combination coefficients for E- were read from usual_72.vec
     number of         E-     particles in guess density matrix:     4.000000
 Combination coefficients for POSITRON were read from usual_72.vec
     number of   POSITRON     particles in guess density matrix:     1.000000
 Number of unique integrals for species: 1 = 1039
 Number of unique integrals for species: 2 = 323871
 Number of unique integrals for species: 1 / 2 = 50475 Screened: 2036
 
 TWO-BODY INTEGRAL SETUP: 
------------------------- 
 Storage:   DISK
 Scheme: LIBINT
 Stack size:  30000
 
 LIBINT library, Fermann, J. T.; Valeev, F. L. 2010                   
 LOWDIN-LIBINT Implementation V. 2.1  Posada E. F. ; Reyes A. 2016   
 ----------------------------------------------------------------------

*** TOTAL CPU time intra-species integrals :      0.093 (s)
*** TOTAL elapsed time intra-species integrals :      0.026 (s)


*** TOTAL CPU time inter-species integrals :      0.109 (s)
*** TOTAL elapsed time inter-species integrals :      0.030 (s)

INFO: RUNNING SCHEME SIMULTANEOUS
 
 Begin Multi-Species SCF calculation:
 
 --------------------------------------------------------------------------------------------------
      Iteration                   Energy            Energy Change           Density Change
 --------------------------------------------------------------------------------------------------
              1          -1.143970575064           1.143970575064           0.000000000000
              2          -1.143970575064          -0.000000000000           0.000000000000
 Total energy converged after   2 global iterations                                                  
 
 ...end Multi-Species SCF calculation
 
 
 Begin SCF calculation by: E-
 -------------------------
 
 -----------------------------------------------------------------------------------
 Iteration                   Energy           Density Change         DIIS Error 
 -----------------------------------------------------------------------------------
    1          -0.973936560503           0.000000000000                 -- 
 
 ... end SCF calculation
 
 Begin SCF calculation by: POSITRON
 -------------------------
 
 -----------------------------------------------------------------------------------
 Iteration                   Energy           Density Change         DIIS Error 
 -----------------------------------------------------------------------------------
    1          -0.231762409622           0.000000000000                 -- 
 
 ... end SCF calculation
 
  EIGENVALUES AND EIGENVECTORS: 
 ==============================
 
 
  Eigenvalues for: E-
 -----------------
 
    1           0.019002274100
    2           0.019391567223
    3           0.341024488655
    4           0.349936731008
    5           0.888830243079
    6           0.896629100064
    7           1.968345010744
    8           1.968345010744
    9           1.968345369724
   10           1.968345369724
   11           1.968582893163
   12           1.968583531634
   13           3.090382204992
   14           3.097900598913
 
 
  Eigenvalues for: POSITRON
 -----------------
 
    1          -0.231762409622
    2          -0.228855827253
    3          -0.135274730732
    4          -0.115764793563
    5          -0.099335253536
    6          -0.099335253536
    7          -0.088128887959
    8          -0.082439999634
    9          -0.081595012772
   10          -0.081595012772
   11          -0.072001090811
   12          -0.065428607506
   13          -0.052372540876
   14          -0.048704916471
   15          -0.048704916471
   16          -0.046405453445
   17          -0.043326064063
   18          -0.042010870615
   19          -0.042010870615
   20          -0.036444988926
   21          -0.033805662157
   22          -0.030147984926
   23          -0.029165950573
   24          -0.029165950573
   25          -0.027721297121
   26          -0.027721297121
   27          -0.026211169446
   28          -0.024631798551
   29          -0.024631798551
   30          -0.024628978102
   31          -0.024410867478
   32          -0.024410867478
   33          -0.024407987102
   34          -0.023950119939
   35          -0.023950119939
   36          -0.021394667648
   37          -0.020640057248
   38          -0.020182587545
   39          -0.020182587544
   40          -0.019386081566
   41          -0.019237394960
   42          -0.015756249923
   43          -0.015756249923
   44          -0.015054910857
   45          -0.014493477354
   46          -0.014493477354
   47          -0.013951030890
   48          -0.013681778247
   49          -0.013681778247
   50          -0.013389092951
   51          -0.012887084825
   52          -0.012887084825
   53          -0.012647762066
   54          -0.012647762066
   55          -0.012561225291
   56          -0.010787022739
   57          -0.010100098796
   58           0.360964135134
   59           0.366406866840
   60           1.800955664004
   61           1.805082645670
   62           6.935034613235
   63           6.938528872635
   64     1000000.000000000000
   65     1000000.000000000000
   66     1000000.000000000000
   67     1000000.000000000000
   68     1000000.000000000000
 
  end of eigenvalues 
 
  Occupied Eigenvectors for: E-
 --------------------------- 
 
                           0.0190         0.0194   
 
    1      H     S       0.108114      -0.108443
    2      H     S       0.206373      -0.206443
    3      H     S       0.221747      -0.223904
    4      H     S       0.304565      -0.303414
    5      H    Px      -0.000892       0.000907
    6      H    Py      -0.000000      -0.000000
    7      H    Pz      -0.000000      -0.000000
    8      H     S       0.108114       0.108443
    9      H     S       0.206373       0.206443
   10      H     S       0.221747       0.223904
   11      H     S       0.304565       0.303414
   12      H    Px       0.000892       0.000907
   13      H    Py       0.000000       0.000000
   14      H    Pz       0.000000       0.000000
 
 
  Occupied Eigenvectors for: POSITRON
 --------------------------- 
 
                          -0.2318   
 
    1     E+     S       0.021350
    2     E+     S       0.175186
    3     E+     S      -0.044353
    4     E+     S       0.028686
    5     E+     S      -0.021041
    6     E+     S      -0.448764
    7     E+     S      -0.313573
    8     E+     S       0.058702
    9     E+     S       0.014375
   10     E+     S       0.006942
   11     E+    Px       0.008369
   12     E+    Py      -0.000000
   13     E+    Pz      -0.000000
   14     E+    Px      -0.515691
   15     E+    Py      -0.000000
   16     E+    Pz      -0.000000
   17     E+    Px       0.034904
   18     E+    Py       0.000000
   19     E+    Pz       0.000000
   20     E+    Px      -0.029648
   21     E+    Py      -0.000000
   22     E+    Pz      -0.000000
   23     E+   Dxx      -0.002033
   24     E+   Dxy      -0.000000
   25     E+   Dxz      -0.000000
   26     E+   Dyy      -0.003001
   27     E+   Dyz       0.000000
   28     E+   Dzz      -0.003001
   29     E+   Dxx      -0.137403
   30     E+   Dxy      -0.000000
   31     E+   Dxz      -0.000000
   32     E+   Dyy      -0.013111
   33     E+   Dyz      -0.000000
   34     E+   Dzz      -0.013111
   35     E+     S       0.021350
   36     E+     S       0.175186
   37     E+     S      -0.044353
   38     E+     S       0.028686
   39     E+     S      -0.021041
   40     E+     S      -0.448764
   41     E+     S      -0.313573
   42     E+     S       0.058702
   43     E+     S       0.014375
   44     E+     S       0.006942
   45     E+    Px      -0.008369
   46     E+    Py       0.000000
   47     E+    Pz       0.000000
   48     E+    Px       0.515691
   49     E+    Py       0.000000
   50     E+    Pz       0.000000
   51     E+    Px      -0.034904
   52     E+    Py      -0.000000
   53     E+    Pz      -0.000000
   54     E+    Px       0.029648
   55     E+    Py       0.000000
   56     E+    Pz       0.000000
   57     E+   Dxx      -0.002033
   58     E+   Dxy      -0.000000
   59     E+   Dxz      -0.000000
   60     E+   Dyy      -0.003001
   61     E+   Dyz      -0.000000
   62     E+   Dzz      -0.003001
   63     E+   Dxx      -0.137403
   64     E+   Dxy      -0.000000
   65     E+   Dxz      -0.000000
   66     E+   Dyy      -0.013111
   67     E+   Dyz       0.000000
   68     E+   Dzz      -0.013111
 
 
  end of eigenvectors 
 
  END OF EIGENVALUES AND EIGENVECTORS
 
 
  COMPONENTS OF KINETIC ENERGY: 
 -----------------------------
 
                  E- Kinetic energy =            0.983861157176
            POSITRON Kinetic energy =            0.050334138043
                                     _________________________
               Total kinetic energy =            1.034195295219
 
  COMPONENTS OF POTENTIAL ENERGY: 
 -------------------------------
 
          Fixed potential energy    =            0.061728395062
 
  Quantum/Fixed interaction energy: 
 ----------------------------------
 
          E-/Fixed interact. energy =           -3.008521960829
    POSITRON/Fixed interact. energy =            0.348038793865
                                     _________________________
               Total Q/Fixed energy =           -2.660483166964
 
  Coulomb energy: 
 ------------------
 
               E-/E- Hartree energy =            1.854576650037
   POSITRON/POSITRON Hartree energy =            0.000000000000
         E-/POSITRON Hartree energy =           -0.630135341531
                                     _________________________
               Total Hartree energy =            1.224441308506
 
  Exchange(HF) energy: 
 ----------------------
 
                 E- Exchange energy =           -0.803852406887
           POSITRON Exchange energy =            0.000000000000
                                     _________________________
              Total Exchange energy =           -0.803852406887
 
  TOTAL ENERGY COMPONENTS: 
 ==========================
 
          TOTAL KINETIC ENERGY      =            1.034195295219
          TOTAL POTENTIAL ENERGY    =           -2.178165870283
                                     _________________________
                       TOTAL ENERGY =           -1.143970575064
 
                 VIRIAL RATIO (V/T) =            2.106145599725
 
 
  END ENERGY COMPONENTS
 
 
** TOTAL CPU Time SCF :      0.023 (s)
** TOTAL Elapsed Time SCF :      0.062 (s)
 
 We are calculating properties for E- in the HF/KS ground state
 We are calculating properties for POSITRON in the HF/KS ground state
 
  POPULATION ANALYSES: 
 ====================
 
 MULLIKEN Population: for E-        
 ---------------------
 
                                    
 
    1      H     S       0.170303
    2      H     S       0.494963
    3      H     S       0.602226
    4      H     S       0.732505
    5      H    Px       0.000003
    6      H    Py       0.000000
    7      H    Pz       0.000000
    8      H     S       0.170303
    9      H     S       0.494963
   10      H     S       0.602226
   11      H     S       0.732505
   12      H    Px       0.000003
   13      H    Py       0.000000
   14      H    Pz       0.000000
 
                           __________
              Total =        4.000000
 
  Atomic MULLIKEN Population: for E-        
            H                2.000000
            H                2.000000
 
 ...end of MULLIKEN Population
 
 
 END POPULATION ANALYSES 
 
 
  POPULATION ANALYSES: 
 ====================
 
 LOWDIN Population: for E-        
 ---------------------
 
                                    
 
    1      H     S       0.185734
    2      H     S       0.485748
    3      H     S       0.677554
    4      H     S       0.650961
    5      H    Px       0.000003
    6      H    Py       0.000000
    7      H    Pz       0.000000
    8      H     S       0.185734
    9      H     S       0.485748
   10      H     S       0.677554
   11      H     S       0.650961
   12      H    Px       0.000003
   13      H    Py       0.000000
   14      H    Pz       0.000000
 
                           __________
              Total =        4.000000
 
  Atomic LOWDIN Population: for E-        
            H                2.000000
            H                2.000000
 
 ...end of LOWDIN Population
 
 
 END POPULATION ANALYSES 
 
 
  POPULATION ANALYSES: 
 ====================
 
 MULLIKEN Population: for POSITRON  
 ---------------------
 
                                    
 
    1     E+     S      -0.001137
    2     E+     S      -0.020548
    3     E+     S       0.010750
    4     E+     S      -0.012355
    5     E+     S       0.012749
    6     E+     S       0.317362
    7     E+     S       0.198216
    8     E+     S      -0.023069
    9     E+     S      -0.002619
   10     E+     S      -0.000502
   11     E+    Px      -0.000071
   12     E+    Py       0.000000
   13     E+    Pz      -0.000000
   14     E+    Px       0.016215
   15     E+    Py       0.000000
   16     E+    Pz      -0.000000
   17     E+    Px      -0.003584
   18     E+    Py      -0.000000
   19     E+    Pz       0.000000
   20     E+    Px       0.007051
   21     E+    Py       0.000000
   22     E+    Pz       0.000000
   23     E+   Dxx       0.000003
   24     E+   Dxy       0.000000
   25     E+   Dxz       0.000000
   26     E+   Dyy       0.000001
   27     E+   Dyz       0.000000
   28     E+   Dzz       0.000001
   29     E+   Dxx       0.001499
   30     E+   Dxy       0.000000
   31     E+   Dxz       0.000000
   32     E+   Dyy       0.000019
   33     E+   Dyz       0.000000
   34     E+   Dzz       0.000019
   35     E+     S      -0.001137
   36     E+     S      -0.020548
   37     E+     S       0.010750
   38     E+     S      -0.012355
   39     E+     S       0.012749
   40     E+     S       0.317362
   41     E+     S       0.198216
   42     E+     S      -0.023069
   43     E+     S      -0.002619
   44     E+     S      -0.000502
   45     E+    Px      -0.000071
   46     E+    Py      -0.000000
   47     E+    Pz       0.000000
   48     E+    Px       0.016215
   49     E+    Py      -0.000000
   50     E+    Pz       0.000000
   51     E+    Px      -0.003584
   52     E+    Py       0.000000
   53     E+    Pz      -0.000000
   54     E+    Px       0.007051
   55     E+    Py      -0.000000
   56     E+    Pz       0.000000
   57     E+   Dxx       0.000003
   58     E+   Dxy       0.000000
   59     E+   Dxz      -0.000000
   60     E+   Dyy       0.000001
   61     E+   Dyz       0.000000
   62     E+   Dzz       0.000001
   63     E+   Dxx       0.001499
   64     E+   Dxy       0.000000
   65     E+   Dxz       0.000000
   66     E+   Dyy       0.000019
   67     E+   Dyz       0.000000
   68     E+   Dzz       0.000019
 
                           __________
              Total =        1.000000
 
  Atomic MULLIKEN Population: for POSITRON  
            H                0.500000
            H                0.500000
 
 ...end of MULLIKEN Population
 
 
 END POPULATION ANALYSES 
 
 
  POPULATION ANALYSES: 
 ====================
 
 LOWDIN Population: for POSITRON  
 ---------------------
 
                                    
 
    1     E+     S       0.000050
    2     E+     S       0.000271
    3     E+     S       0.002384
    4     E+     S       0.012454
    5     E+     S       0.071379
    6     E+     S       0.218553
    7     E+     S       0.163401
    8     E+     S       0.023071
    9     E+     S       0.000894
   10     E+     S       0.000015
   11     E+    Px       0.000001
   12     E+    Py       0.000000
   13     E+    Pz       0.000000
   14     E+    Px       0.000044
   15     E+    Py       0.000000
   16     E+    Pz       0.000000
   17     E+    Px       0.000281
   18     E+    Py       0.000000
   19     E+    Pz       0.000000
   20     E+    Px       0.007192
   21     E+    Py       0.000000
   22     E+    Pz       0.000000
   23     E+   Dxx       0.000000
   24     E+   Dxy       0.000000
   25     E+   Dxz       0.000000
   26     E+   Dyy       0.000000
   27     E+   Dyz       0.000000
   28     E+   Dzz       0.000000
   29     E+   Dxx       0.000001
   30     E+   Dxy       0.000000
   31     E+   Dxz       0.000000
   32     E+   Dyy       0.000004
   33     E+   Dyz       0.000000
   34     E+   Dzz       0.000004
   35     E+     S       0.000050
   36     E+     S       0.000271
   37     E+     S       0.002384
   38     E+     S       0.012454
   39     E+     S       0.071379
   40     E+     S       0.218553
   41     E+     S       0.163401
   42     E+     S       0.023071
   43     E+     S       0.000894
   44     E+     S       0.000015
   45     E+    Px       0.000001
   46     E+    Py       0.000000
   47     E+    Pz       0.000000
   48     E+    Px       0.000044
   49     E+    Py       0.000000
   50     E+    Pz       0.000000
   51     E+    Px       0.000281
   52     E+    Py       0.000000
   53     E+    Pz       0.000000
   54     E+    Px       0.007192
   55     E+    Py       0.000000
   56     E+    Pz       0.000000
   57     E+   Dxx       0.000000
   58     E+   Dxy       0.000000
   59     E+   Dxz       0.000000
   60     E+   Dyy       0.000000
   61     E+   Dyz       0.000000
   62     E+   Dzz       0.000000
   63     E+   Dxx       0.000001
   64     E+   Dxy       0.000000
   65     E+   Dxz       0.000000
   66     E+   Dyy       0.000004
   67     E+   Dyz       0.000000
   68     E+   Dzz       0.000004
 
                           __________
              Total =        1.000000
 
  Atomic LOWDIN Population: for POSITRON  
            H                0.500000
            H                0.500000
 
 ...end of LOWDIN Population
 
 
 END POPULATION ANALYSES 
 
 
  EXPECTED POSITIONS OF QUANTUM SPECIES:
 ======================
 
 POSITIONS IN ANGSTROMS
 ------
 
                        <x>      <y>      <z>         
                 E-  17.1453   0.0000   0.0000
           POSITRON   4.2863   0.0000  -0.0000
 
 END EXPECTED POSITIONS
 
 
  ELECTROSTATIC MOMENTS:
 ======================
 
 DIPOLE: (DEBYE)
 ------
 
                           <Dx>         <Dy>         <Dz>          |D|
                 E- -82.35257492  -0.00000000  -0.00000000
           POSITRON  20.58814373   0.00000000  -0.00000000
    Point charges:   41.17628746   0.00000000   0.00000000
                     ____________________________
      Total Dipole: -20.58814373   0.00000000  -0.00000000  20.58814373
 
 QUADRUPOLE NON-TRACELESS: (DEBYE ANGS)
 ------
 
                           <xx>         <yy>         <zz>         <xy>         <xz>         <yz>
                 E-   -0.00000000   -0.00000000   -0.00000000   -0.00000000   -0.00000000   -0.00000000
           POSITRON    0.00000000    0.00000000    0.00000000    0.00000000    0.00000000    0.00000000
    Point charges:   352.99074315    0.00000000    0.00000000    0.00000000    0.00000000    0.00000000
  Total Quadrupole:  352.99074315    0.00000000    0.00000000    0.00000000    0.00000000    0.00000000
                     ____________________________
 
 END ELECTROSTATIC MOMENTS
 

  TOTAL CPU Time:      0.035 (s)
 TOTAL Wall Time:      0.106 (s)
  Elapsed Time:   0h  0m  0s 106ms
LOWDIN execution terminated normally at : Thu Oct 17 18:24:53 2024
-rw-rw-r-- 1 pmorenor pmorenor 704K oct 17 18:24 0E-.ints
-rw-rw-r-- 1 pmorenor pmorenor 704K oct 17 18:24 0E-.POSITRON.ints
-rw-rw-r-- 1 pmorenor pmorenor 2.1M oct 17 18:24 0POSITRON.ints
-rw-rw-r-- 1 pmorenor pmorenor 704K oct 17 18:24 1E-.ints
-rw-rw-r-- 1 pmorenor pmorenor 704K oct 17 18:24 1E-.POSITRON.ints
-rw-rw-r-- 1 pmorenor pmorenor 2.1M oct 17 18:24 1POSITRON.ints
-rw-rw-r-- 1 pmorenor pmorenor 704K oct 17 18:24 2E-.ints
-rw-rw-r-- 1 pmorenor pmorenor 704K oct 17 18:24 2E-.POSITRON.ints
-rw-rw-r-- 1 pmorenor pmorenor 2.1M oct 17 18:24 2POSITRON.ints
-rw-rw-r-- 1 pmorenor pmorenor 704K oct 17 18:24 3E-.ints
-rw-rw-r-- 1 pmorenor pmorenor 704K oct 17 18:24 3E-.POSITRON.ints
-rw-rw-r-- 1 pmorenor pmorenor 2.1M oct 17 18:24 3POSITRON.ints
-rw-rw-r-- 1 pmorenor pmorenor   12 oct 17 18:24 E-.POSITRON.nints
-rw-rw-r-- 1 pmorenor pmorenor   64 oct 17 18:24 gepol.inp
-rw-rw-r-- 1 pmorenor pmorenor   91 oct 17 18:24 gepol.xyzr
-rw-rw-r-- 1 pmorenor pmorenor 7.3K oct 17 18:24 lowdin.bas
-rw-rw-r-- 1 pmorenor pmorenor  15K oct 17 18:24 lowdin.dat
-rw-rw-r-- 1 pmorenor pmorenor 458K oct 17 18:24 lowdin.opints
-rw-rw-r-- 1 pmorenor pmorenor  18K oct 17 18:24 lowdin.sys
-rw-rw-r-- 1 pmorenor pmorenor 343K oct 17 18:24 lowdin.wfn
-rw-rw-r-- 1 pmorenor pmorenor  448 oct 17 18:24 usual_72
-rw-rw-r-- 1 pmorenor pmorenor 1.7K oct 17 18:24 usual_72.aux
-rw-rw-r-- 1 pmorenor pmorenor  452 oct 17 18:24 usual_72.lowdin
-rw-rw-r-- 1 pmorenor pmorenor  30K oct 17 18:24 usual_72.out
-rw-rw-r-- 1 pmorenor pmorenor  39K oct 17 18:24 usual_72.vec
