Begin job by input: usual_126.lowdin, for user: pmorenor  at  jue 17 oct 2024 18:25:22 -05
under operating system Linux Hefesto 5.4.0-196-generic #216-Ubuntu SMP Thu Aug 29 13:26:53 UTC 2024 x86_64 x86_64 x86_64 GNU/Linux
Compilation information
  commit: f2cffef7078af1231fe3319081e66b682883a80b
  compilation date:  mar 06 feb 2024 16:53:31 -05

BEGIN INPUT INFO:
------------------------------------

GEOMETRY
	H	Dirac	0.0 0.0 0.0
	e-(H)	6-311++G.d.p	0.0 0.0 0.0	addParticles=1
	E+	GRIBAKIN-10S4P2D	0.0 0.0 0.0
	H	Dirac	27.0 0.0 0.0
	e-(H)	6-311++G.d.p	27.0 0.0 0.0	addParticles=1
	E+ GRIBAKIN-10S4P2D     27.0 0.0 0.0	addParticles=-1
END GEOMETRY

TASKS
        method = "RHF"
END TASKS

CONTROL
	units="BOHR"
	convergenceMethod=1
	SCFGhostSpecies="POSITRON"
	overlapEigenThreshold=1E-6
	HFprintEigenvalues=T
	totalEnergyTolerance = 1E-9
END CONTROL


... END INPUT INFO


 LOWDIN execution started at : Thu Oct 17 18:25:22 2024
 ---------------------------------------------------------------
 
 ***************************************************************
 *                   LOWDIN 2.0  (May/2013)                    *
 *                                                             *
 *  R. FLORES-MORENO, E. F. POSADA, F. S. MONCADA, J.ROMERO,   *
 *  J. CHARRY, M. DIAZ-TINOCO, S. A. GONZALEZ, N. F. AGUIRRE,  *
 *  A. REYES                                                   *
 *                                                             *
 *  https://sites.google.com/site/lowdinproject/               *
 *                                                             *
 ***************************************************************
 
 PARSING INPUT... DONE!
 
 LOWDIN IS RUNNING WITH NEXT PARAMETERS: 
 ----------------------------------------
 
         METHOD TYPE:  RHF
         NUMBER OF CORES:     4
         NONELECTRONIC DENSITY GUESS: HCORE
         ELECTRONIC DENSITY GUESS: HCORE
         CRITERIUM OF CONVERGENCE: ENERGY
         NONELECTRONIC ENERGY TOLERANCE IN SCFs:     0.10000E-07
         ELECTRONIC ENERGY TOLERANCE IN SCFs:     0.10000E-07
         TOTAL ENERGY TOLERANCE IN SCFs:     0.10000E-08
         SCHEME OF ITERATION: GLOBAL ITERATIONS
         SCF MAX. SUBITERATIONS - NONELECTRONS :     1
         SCF MAX. SUBITERATIONS - ELECTRONS :     1
         SCF MAX. ITERATIONS - INTERSPECIES :   200
         INTEGRAL STORAGE: DISK
         STACK SIZE FOR ERIS : 30000
         METHOD OF SCF CONVERGENCE: DAMPING
 
  MOLECULAR SYSTEM: usual_126
 -----------------
 
    DESCRIPTION   : usual_126
    CHARGE        :   2
    PUNTUAL GROUP : NONE
 
 
  INFORMATION OF PARTICLES :
 =========================
         Total number of particles   =       7
         Number of quantum particles =       5
         Number of puntual charges   =       2
         Number of quantum species   =       2
 
                 INFORMATION OF QUANTUM SPECIES 
     ---------------------------------------------------------------------
         ID      Symbol            mass     charge     spin     multiplicity
     ---------------------------------------------------------------------
         1             E-         1.0000     -1.00      0.50      1.00
         2             E+         1.0000      1.00      0.50      1.00
 
                   CONSTANTS OF COUPLING 
      ------------------------------------------------------------
           Symbol          kappa      eta     lambda     occupation
      ------------------------------------------------------------
                 E-        -1.0      2.00      2.00      2.00
                 E+        -1.0      1.00      1.00      1.00
 
                   BASIS SET FOR SPECIES 
      ------------------------------------------------------------
           Symbol          N. Basis     N. Particles     Basis Set
      ------------------------------------------------------------
                 E-           10                4     6-311++G.D
                 E+           32                1     GRIBAKIN-1
 
                                ATOMIC BASIS
         ------------------------------------------------------------
          PRIMITIVE   SHELL             EXPONENT         COEFFICIENT 
         ------------------------------------------------------------
 
    BEGIN DESCRIPTION OF BASIS FOR:    E-
    ==============================
 
 
             H BASIS SET:   6-311++G.D.P
             1         S               33.86500000          0.02549380
             2         S                5.09479000          0.19037300
             3         S                1.15879000          0.85216100
             1         S                0.32584000          1.00000000
             1         S                0.10274100          1.00000000
             1         S                0.03600000          1.00000000
             1         P                0.75000000          1.00000000
 
             H BASIS SET:   6-311++G.D.P
             1         S               33.86500000          0.02549380
             2         S                5.09479000          0.19037300
             3         S                1.15879000          0.85216100
             1         S                0.32584000          1.00000000
             1         S                0.10274100          1.00000000
             1         S                0.03600000          1.00000000
             1         P                0.75000000          1.00000000
    ... END DESCRIPTION OF BASIS
 
 
    BEGIN DESCRIPTION OF BASIS FOR:    E+
    ==============================
 
 
            E+ BASIS SET:GRIBAKIN-10S4P2
             1         S                0.00010000          1.00000000
             1         S                0.00030000          1.00000000
             1         S                0.00090000          1.00000000
             1         S                0.00270000          1.00000000
             1         S                0.00810000          1.00000000
             1         S                0.02430000          1.00000000
             1         S                0.07290000          1.00000000
             1         S                0.21870000          1.00000000
             1         S                0.65610000          1.00000000
             1         S                1.96830000          1.00000000
             1         P                0.00010000          1.00000000
             1         P                0.00030000          1.00000000
             1         P                0.00090000          1.00000000
             1         P                0.00270000          1.00000000
             1         D                0.00010000          1.00000000
             1         D                0.00030000          1.00000000
 
            E+ BASIS SET:GRIBAKIN-10S4P2
             1         S                0.00010000          1.00000000
             1         S                0.00030000          1.00000000
             1         S                0.00090000          1.00000000
             1         S                0.00270000          1.00000000
             1         S                0.00810000          1.00000000
             1         S                0.02430000          1.00000000
             1         S                0.07290000          1.00000000
             1         S                0.21870000          1.00000000
             1         S                0.65610000          1.00000000
             1         S                1.96830000          1.00000000
             1         P                0.00010000          1.00000000
             1         P                0.00030000          1.00000000
             1         P                0.00090000          1.00000000
             1         P                0.00270000          1.00000000
             1         D                0.00010000          1.00000000
             1         D                0.00030000          1.00000000
    ... END DESCRIPTION OF BASIS
 
 
  END INFORMATION OF PARTICLES
 
 
  INFORMATION OF THE QUANTUM SYSTEM 
     ---------------------------------------------------------------------
                 ID     Occupied Orbitals     Basis size
     ---------------------------------------------------------------------
                 E-            2               14
                 E+            1               68
 
  END INFORMATION OF QUANTUM SYSTEM
 
                       INITIAL GEOMETRY: AMSTRONG
                 -----------------------------------
                       <x>                 <y>                 <z>
       E-H        0.0000000000        0.0000000000        0.0000000000
       E-H       14.2877857295        0.0000000000        0.0000000000
        E+        0.0000000000        0.0000000000        0.0000000000
        E+       14.2877857295        0.0000000000        0.0000000000
         H        0.0000000000        0.0000000000        0.0000000000
         H       14.2877857295        0.0000000000        0.0000000000
 
                     MATRIX OF DISTANCE: ANGSTROM
                 -----------------------------------
                          H(1)           H(2)      
 
        H(1)             0.000000      14.287786
        H(2)            14.287786       0.000000
 
--------------------------------------------------------------------------------
** PROGRAM: SCF (Hartree Fock).     Author: S.A. Gonzalez, E. Posada, F. Moncada
--------------------------------------------------------------------------------
INFO: RUNNING IN RHF MODE.
 
----------------------------------------------------------------------
** PROGRAM INTS                          Author: E. F. Posada, 2013   
----------------------------------------------------------------------
INFO: RUNNING IN ONE_PARTICLE MODE.
 
 Number of Overlap integrals for species E-:    196
 Number of Overlap integrals for species POSITRON:   4624
 Number of Kinetic integrals for species E-:    196
 Number of Kinetic integrals for species POSITRON:   4624
 Number of Nuclear integrals for species E-:    196
 Number of Nuclear integrals for species POSITRON:   4624
 Number of Moment integrals for species E-:    588
 Number of Moment integrals for species POSITRON:  13872
 
** TOTAL CPU Time INTS :      0.023 (s)
** TOTAL Elapsed Time INTS :      0.015 (s)
 
Removed     2 orbitals for species POSITRON with overlap eigen threshold of 1.000E-06
 Combination coefficients for E- were read from usual_126.vec
     number of         E-     particles in guess density matrix:     4.000000
 Combination coefficients for POSITRON were read from usual_126.vec
     number of   POSITRON     particles in guess density matrix:     1.000000
 Number of unique integrals for species: 1 = 666
 Number of unique integrals for species: 2 = 310986
 Number of unique integrals for species: 1 / 2 = 40111 Screened: 4367
 
 TWO-BODY INTEGRAL SETUP: 
------------------------- 
 Storage:   DISK
 Scheme: LIBINT
 Stack size:  30000
 
 LIBINT library, Fermann, J. T.; Valeev, F. L. 2010                   
 LOWDIN-LIBINT Implementation V. 2.1  Posada E. F. ; Reyes A. 2016   
 ----------------------------------------------------------------------

*** TOTAL CPU time intra-species integrals :      0.095 (s)
*** TOTAL elapsed time intra-species integrals :      0.029 (s)


*** TOTAL CPU time inter-species integrals :      0.113 (s)
*** TOTAL elapsed time inter-species integrals :      0.033 (s)

INFO: RUNNING SCHEME SIMULTANEOUS
 
 Begin Multi-Species SCF calculation:
 
 --------------------------------------------------------------------------------------------------
      Iteration                   Energy            Energy Change           Density Change
 --------------------------------------------------------------------------------------------------
              1          -1.142475329602           1.142475329602           0.000000000000
              2          -1.142475329602          -0.000000000000           0.000000000000
 Total energy converged after   2 global iterations                                                  
 
 ...end Multi-Species SCF calculation
 
 
 Begin SCF calculation by: E-
 -------------------------
 
 -----------------------------------------------------------------------------------
 Iteration                   Energy           Density Change         DIIS Error 
 -----------------------------------------------------------------------------------
    1          -0.973926892102           0.000000000000                 -- 
 
 ... end SCF calculation
 
 Begin SCF calculation by: POSITRON
 -------------------------
 
 -----------------------------------------------------------------------------------
 Iteration                   Energy           Density Change         DIIS Error 
 -----------------------------------------------------------------------------------
    1          -0.205585474538           0.000000000000                 -- 
 
 ... end SCF calculation
 
  EIGENVALUES AND EIGENVECTORS: 
 ==============================
 
 
  Eigenvalues for: E-
 -----------------
 
    1          -0.005483800539
    2          -0.005483521012
    3           0.320694363709
    4           0.320701584542
    5           0.867891227610
    6           0.867895818523
    7           1.943722743985
    8           1.943722743985
    9           1.943722744045
   10           1.943722744045
   11           1.943773915074
   12           1.943773915196
   13           3.069318245120
   14           3.069321517372
 
 
  Eigenvalues for: POSITRON
 -----------------
 
    1          -0.205585474538
    2          -0.205552040307
    3          -0.112937083785
    4          -0.103650395292
    5          -0.089940822232
    6          -0.086479814714
    7          -0.086479814714
    8          -0.079326480992
    9          -0.079326480992
   10          -0.072682395202
   11          -0.067291670124
   12          -0.065677759267
   13          -0.050941064996
   14          -0.046095719317
   15          -0.046095719317
   16          -0.043107229495
   17          -0.041316053267
   18          -0.041316053267
   19          -0.041086453884
   20          -0.037493260688
   21          -0.032351516568
   22          -0.028728165380
   23          -0.028728165380
   24          -0.028133631350
   25          -0.027171438589
   26          -0.027171438589
   27          -0.025413893241
   28          -0.024621595813
   29          -0.024621595812
   30          -0.024322569328
   31          -0.024322569328
   32          -0.024057243205
   33          -0.024057243205
   34          -0.021904124860
   35          -0.021821173817
   36          -0.020285402137
   37          -0.020285402137
   38          -0.019571403595
   39          -0.019464040265
   40          -0.015618644849
   41          -0.015618644849
   42          -0.015311941214
   43          -0.014718921556
   44          -0.014417459385
   45          -0.014417459385
   46          -0.014393128667
   47          -0.014393128667
   48          -0.014007270195
   49          -0.012861077340
   50          -0.012861077340
   51          -0.012654470325
   52          -0.012654470325
   53          -0.012552621874
   54          -0.011200874206
   55          -0.011200874206
   56          -0.011047645736
   57          -0.010776269841
   58          -0.010110782814
   59          -0.006410266687
   60          -0.004267738951
   61           0.386483429147
   62           0.388617028915
   63           1.826383764117
   64           1.828059455236
   65           6.960329527050
   66           6.961816683622
   67     1000000.000000000000
   68     1000000.000000000000
 
  end of eigenvalues 
 
  Occupied Eigenvectors for: E-
 --------------------------- 
 
                          -0.0055        -0.0055   
 
    1      H     S       0.108278       0.108279
    2      H     S       0.206409       0.206407
    3      H     S       0.222816       0.222822
    4      H     S       0.304002       0.303997
    5      H    Px      -0.000324      -0.000324
    6      H    Py      -0.000000      -0.000000
    7      H    Pz       0.000000       0.000000
    8      H     S       0.108278      -0.108279
    9      H     S       0.206409      -0.206408
   10      H     S       0.222816      -0.222822
   11      H     S       0.304002      -0.303997
   12      H    Px       0.000324      -0.000324
   13      H    Py      -0.000000      -0.000000
   14      H    Pz       0.000000       0.000000
 
 
  Occupied Eigenvectors for: POSITRON
 --------------------------- 
 
                          -0.2056   
 
    1     E+     S       0.034811
    2     E+     S      -0.014506
    3     E+     S      -0.023444
    4     E+     S       0.030954
    5     E+     S      -0.031547
    6     E+     S       0.479026
    7     E+     S       0.319003
    8     E+     S      -0.059008
    9     E+     S      -0.015013
   10     E+     S      -0.007054
   11     E+    Px      -0.076902
   12     E+    Py       0.000000
   13     E+    Pz      -0.000000
   14     E+    Px       0.059714
   15     E+    Py      -0.000000
   16     E+    Pz      -0.000000
   17     E+    Px      -0.010740
   18     E+    Py       0.000000
   19     E+    Pz       0.000000
   20     E+    Px       0.010360
   21     E+    Py      -0.000000
   22     E+    Pz      -0.000000
   23     E+   Dxx      -0.020383
   24     E+   Dxy       0.000000
   25     E+   Dxz      -0.000000
   26     E+   Dyy      -0.001968
   27     E+   Dyz       0.000000
   28     E+   Dzz      -0.001968
   29     E+   Dxx       0.017037
   30     E+   Dxy      -0.000000
   31     E+   Dxz      -0.000000
   32     E+   Dyy      -0.006495
   33     E+   Dyz      -0.000000
   34     E+   Dzz      -0.006495
   35     E+     S       0.034811
   36     E+     S      -0.014506
   37     E+     S      -0.023444
   38     E+     S       0.030954
   39     E+     S      -0.031547
   40     E+     S       0.479026
   41     E+     S       0.319003
   42     E+     S      -0.059008
   43     E+     S      -0.015013
   44     E+     S      -0.007054
   45     E+    Px       0.076902
   46     E+    Py      -0.000000
   47     E+    Pz       0.000000
   48     E+    Px      -0.059714
   49     E+    Py       0.000000
   50     E+    Pz       0.000000
   51     E+    Px       0.010740
   52     E+    Py      -0.000000
   53     E+    Pz      -0.000000
   54     E+    Px      -0.010360
   55     E+    Py       0.000000
   56     E+    Pz       0.000000
   57     E+   Dxx      -0.020383
   58     E+   Dxy       0.000000
   59     E+   Dxz      -0.000000
   60     E+   Dyy      -0.001968
   61     E+   Dyz      -0.000000
   62     E+   Dzz      -0.001968
   63     E+   Dxx       0.017037
   64     E+   Dxy      -0.000000
   65     E+   Dxz      -0.000000
   66     E+   Dyy      -0.006495
   67     E+   Dyz       0.000000
   68     E+   Dzz      -0.006495
 
 
  end of eigenvectors 
 
  END OF EIGENVALUES AND EIGENVECTORS
 
 
  COMPONENTS OF KINETIC ENERGY: 
 -----------------------------
 
                  E- Kinetic energy =            0.983849253517
            POSITRON Kinetic energy =            0.054165689986
                                     _________________________
               Total kinetic energy =            1.038014943503
 
  COMPONENTS OF POTENTIAL ENERGY: 
 -------------------------------
 
          Fixed potential energy    =            0.037037037037
 
  Quantum/Fixed interaction energy: 
 ----------------------------------
 
          E-/Fixed interact. energy =           -2.909768394619
    POSITRON/Fixed interact. energy =            0.328475708204
                                     _________________________
               Total Q/Fixed energy =           -2.581292686415
 
  Coulomb energy: 
 ------------------
 
               E-/E- Hartree energy =            1.755842008267
   POSITRON/POSITRON Hartree energy =            0.000000000000
         E-/POSITRON Hartree energy =           -0.588226872727
                                     _________________________
               Total Hartree energy =            1.167615135539
 
  Exchange(HF) energy: 
 ----------------------
 
                 E- Exchange energy =           -0.803849759267
           POSITRON Exchange energy =            0.000000000000
                                     _________________________
              Total Exchange energy =           -0.803849759267
 
  TOTAL ENERGY COMPONENTS: 
 ==========================
 
          TOTAL KINETIC ENERGY      =            1.038014943503
          TOTAL POTENTIAL ENERGY    =           -2.180490273105
                                     _________________________
                       TOTAL ENERGY =           -1.142475329602
 
                 VIRIAL RATIO (V/T) =            2.100634761332
 
 
  END ENERGY COMPONENTS
 
 
** TOTAL CPU Time SCF :      0.024 (s)
** TOTAL Elapsed Time SCF :      0.066 (s)
 
 We are calculating properties for E- in the HF/KS ground state
 We are calculating properties for POSITRON in the HF/KS ground state
 
  POPULATION ANALYSES: 
 ====================
 
 MULLIKEN Population: for E-        
 ---------------------
 
                                    
 
    1      H     S       0.170303
    2      H     S       0.494964
    3      H     S       0.602208
    4      H     S       0.732525
    5      H    Px       0.000000
    6      H    Py       0.000000
    7      H    Pz       0.000000
    8      H     S       0.170303
    9      H     S       0.494964
   10      H     S       0.602208
   11      H     S       0.732525
   12      H    Px       0.000000
   13      H    Py       0.000000
   14      H    Pz       0.000000
 
                           __________
              Total =        4.000000
 
  Atomic MULLIKEN Population: for E-        
            H                2.000000
            H                2.000000
 
 ...end of MULLIKEN Population
 
 
 END POPULATION ANALYSES 
 
 
  POPULATION ANALYSES: 
 ====================
 
 LOWDIN Population: for E-        
 ---------------------
 
                                    
 
    1      H     S       0.185734
    2      H     S       0.485745
    3      H     S       0.677546
    4      H     S       0.650975
    5      H    Px       0.000000
    6      H    Py       0.000000
    7      H    Pz       0.000000
    8      H     S       0.185734
    9      H     S       0.485745
   10      H     S       0.677546
   11      H     S       0.650975
   12      H    Px       0.000000
   13      H    Py      -0.000000
   14      H    Pz       0.000000
 
                           __________
              Total =        4.000000
 
  Atomic LOWDIN Population: for E-        
            H                2.000000
            H                2.000000
 
 ...end of LOWDIN Population
 
 
 END POPULATION ANALYSES 
 
 
  POPULATION ANALYSES: 
 ====================
 
 MULLIKEN Population: for POSITRON  
 ---------------------
 
                                    
 
    1     E+     S       0.001840
    2     E+     S      -0.001618
    3     E+     S      -0.004899
    4     E+     S       0.010247
    5     E+     S      -0.016182
    6     E+     S       0.331211
    7     E+     S       0.204250
    8     E+     S      -0.023659
    9     E+     S      -0.002797
   10     E+     S      -0.000521
   11     E+    Px      -0.001055
   12     E+    Py      -0.000000
   13     E+    Pz      -0.000000
   14     E+    Px       0.002761
   15     E+    Py       0.000000
   16     E+    Pz      -0.000000
   17     E+    Px      -0.001238
   18     E+    Py      -0.000000
   19     E+    Pz       0.000000
   20     E+    Px       0.001335
   21     E+    Py       0.000000
   22     E+    Pz      -0.000000
   23     E+   Dxx      -0.000090
   24     E+   Dxy      -0.000000
   25     E+   Dxz      -0.000000
   26     E+   Dyy      -0.000000
   27     E+   Dyz       0.000000
   28     E+   Dzz      -0.000000
   29     E+   Dxx       0.000436
   30     E+   Dxy       0.000000
   31     E+   Dxz       0.000000
   32     E+   Dyy      -0.000009
   33     E+   Dyz      -0.000000
   34     E+   Dzz      -0.000009
   35     E+     S       0.001840
   36     E+     S      -0.001618
   37     E+     S      -0.004899
   38     E+     S       0.010247
   39     E+     S      -0.016182
   40     E+     S       0.331211
   41     E+     S       0.204250
   42     E+     S      -0.023659
   43     E+     S      -0.002797
   44     E+     S      -0.000521
   45     E+    Px      -0.001055
   46     E+    Py       0.000000
   47     E+    Pz       0.000000
   48     E+    Px       0.002761
   49     E+    Py      -0.000000
   50     E+    Pz       0.000000
   51     E+    Px      -0.001238
   52     E+    Py       0.000000
   53     E+    Pz      -0.000000
   54     E+    Px       0.001335
   55     E+    Py       0.000000
   56     E+    Pz      -0.000000
   57     E+   Dxx      -0.000090
   58     E+   Dxy      -0.000000
   59     E+   Dxz      -0.000000
   60     E+   Dyy      -0.000000
   61     E+   Dyz       0.000000
   62     E+   Dzz      -0.000000
   63     E+   Dxx       0.000436
   64     E+   Dxy      -0.000000
   65     E+   Dxz       0.000000
   66     E+   Dyy      -0.000009
   67     E+   Dyz       0.000000
   68     E+   Dzz      -0.000009
 
                           __________
              Total =        1.000000
 
  Atomic MULLIKEN Population: for POSITRON  
            H                0.500000
            H                0.500000
 
 ...end of MULLIKEN Population
 
 
 END POPULATION ANALYSES 
 
 
  POPULATION ANALYSES: 
 ====================
 
 LOWDIN Population: for POSITRON  
 ---------------------
 
                                    
 
    1     E+     S       0.000070
    2     E+     S       0.000342
    3     E+     S       0.001809
    4     E+     S       0.008746
    5     E+     S       0.056384
    6     E+     S       0.230258
    7     E+     S       0.174893
    8     E+     S       0.024511
    9     E+     S       0.000964
   10     E+     S       0.000016
   11     E+    Px       0.000004
   12     E+    Py       0.000000
   13     E+    Pz       0.000000
   14     E+    Px       0.000085
   15     E+    Py       0.000000
   16     E+    Pz       0.000000
   17     E+    Px       0.000567
   18     E+    Py       0.000000
   19     E+    Pz       0.000000
   20     E+    Px       0.001325
   21     E+    Py       0.000000
   22     E+    Pz       0.000000
   23     E+   Dxx       0.000000
   24     E+   Dxy       0.000000
   25     E+   Dxz       0.000000
   26     E+   Dyy       0.000000
   27     E+   Dyz       0.000000
   28     E+   Dzz       0.000000
   29     E+   Dxx       0.000012
   30     E+   Dxy       0.000000
   31     E+   Dxz       0.000000
   32     E+   Dyy       0.000007
   33     E+   Dyz       0.000000
   34     E+   Dzz       0.000007
   35     E+     S       0.000070
   36     E+     S       0.000342
   37     E+     S       0.001809
   38     E+     S       0.008746
   39     E+     S       0.056384
   40     E+     S       0.230258
   41     E+     S       0.174893
   42     E+     S       0.024511
   43     E+     S       0.000964
   44     E+     S       0.000016
   45     E+    Px       0.000004
   46     E+    Py       0.000000
   47     E+    Pz       0.000000
   48     E+    Px       0.000085
   49     E+    Py       0.000000
   50     E+    Pz       0.000000
   51     E+    Px       0.000567
   52     E+    Py       0.000000
   53     E+    Pz      -0.000000
   54     E+    Px       0.001325
   55     E+    Py       0.000000
   56     E+    Pz       0.000000
   57     E+   Dxx       0.000000
   58     E+   Dxy       0.000000
   59     E+   Dxz       0.000000
   60     E+   Dyy       0.000000
   61     E+   Dyz      -0.000000
   62     E+   Dzz       0.000000
   63     E+   Dxx       0.000012
   64     E+   Dxy       0.000000
   65     E+   Dxz       0.000000
   66     E+   Dyy       0.000007
   67     E+   Dyz       0.000000
   68     E+   Dzz       0.000007
 
                           __________
              Total =        1.000000
 
  Atomic LOWDIN Population: for POSITRON  
            H                0.500000
            H                0.500000
 
 ...end of LOWDIN Population
 
 
 END POPULATION ANALYSES 
 
 
  EXPECTED POSITIONS OF QUANTUM SPECIES:
 ======================
 
 POSITIONS IN ANGSTROMS
 ------
 
                        <x>      <y>      <z>         
                 E-  28.5756  -0.0000   0.0000
           POSITRON   7.1439   0.0000   0.0000
 
 END EXPECTED POSITIONS
 
 
  ELECTROSTATIC MOMENTS:
 ======================
 
 DIPOLE: (DEBYE)
 ------
 
                           <Dx>         <Dy>         <Dz>          |D|
                 E--137.25429153   0.00000000  -0.00000000
           POSITRON  34.31357288   0.00000000   0.00000000
    Point charges:   68.62714577   0.00000000   0.00000000
                     ____________________________
      Total Dipole: -34.31357288   0.00000000   0.00000000  34.31357288
 
 QUADRUPOLE NON-TRACELESS: (DEBYE ANGS)
 ------
 
                           <xx>         <yy>         <zz>         <xy>         <xz>         <yz>
                 E-   -0.00000000   -0.00000000   -0.00000000   -0.00000000   -0.00000000   -0.00000000
           POSITRON    0.00000000    0.00000000    0.00000000    0.00000000    0.00000000    0.00000000
    Point charges:   980.52984209    0.00000000    0.00000000    0.00000000    0.00000000    0.00000000
  Total Quadrupole:  980.52984209    0.00000000    0.00000000    0.00000000    0.00000000    0.00000000
                     ____________________________
 
 END ELECTROSTATIC MOMENTS
 

  TOTAL CPU Time:      0.029 (s)
 TOTAL Wall Time:      0.106 (s)
  Elapsed Time:   0h  0m  0s 106ms
LOWDIN execution terminated normally at : Thu Oct 17 18:25:22 2024
-rw-rw-r-- 1 pmorenor pmorenor 704K oct 17 18:25 0E-.ints
-rw-rw-r-- 1 pmorenor pmorenor 704K oct 17 18:25 0E-.POSITRON.ints
-rw-rw-r-- 1 pmorenor pmorenor 2.1M oct 17 18:25 0POSITRON.ints
-rw-rw-r-- 1 pmorenor pmorenor 704K oct 17 18:25 1E-.ints
-rw-rw-r-- 1 pmorenor pmorenor 704K oct 17 18:25 1E-.POSITRON.ints
-rw-rw-r-- 1 pmorenor pmorenor 2.1M oct 17 18:25 1POSITRON.ints
-rw-rw-r-- 1 pmorenor pmorenor 704K oct 17 18:25 2E-.ints
-rw-rw-r-- 1 pmorenor pmorenor 704K oct 17 18:25 2E-.POSITRON.ints
-rw-rw-r-- 1 pmorenor pmorenor 2.1M oct 17 18:25 2POSITRON.ints
-rw-rw-r-- 1 pmorenor pmorenor 704K oct 17 18:25 3E-.ints
-rw-rw-r-- 1 pmorenor pmorenor 704K oct 17 18:25 3E-.POSITRON.ints
-rw-rw-r-- 1 pmorenor pmorenor 2.1M oct 17 18:25 3POSITRON.ints
-rw-rw-r-- 1 pmorenor pmorenor   12 oct 17 18:25 E-.POSITRON.nints
-rw-rw-r-- 1 pmorenor pmorenor   65 oct 17 18:25 gepol.inp
-rw-rw-r-- 1 pmorenor pmorenor   91 oct 17 18:25 gepol.xyzr
-rw-rw-r-- 1 pmorenor pmorenor 7.3K oct 17 18:25 lowdin.bas
-rw-rw-r-- 1 pmorenor pmorenor  15K oct 17 18:25 lowdin.dat
-rw-rw-r-- 1 pmorenor pmorenor 458K oct 17 18:25 lowdin.opints
-rw-rw-r-- 1 pmorenor pmorenor  18K oct 17 18:25 lowdin.sys
-rw-rw-r-- 1 pmorenor pmorenor 343K oct 17 18:25 lowdin.wfn
-rw-rw-r-- 1 pmorenor pmorenor  448 oct 17 18:25 usual_126
-rw-rw-r-- 1 pmorenor pmorenor 1.7K oct 17 18:25 usual_126.aux
-rw-rw-r-- 1 pmorenor pmorenor  452 oct 17 18:25 usual_126.lowdin
-rw-rw-r-- 1 pmorenor pmorenor  30K oct 17 18:25 usual_126.out
-rw-rw-r-- 1 pmorenor pmorenor  39K oct 17 18:25 usual_126.vec
