Begin job by input: usual_200.lowdin, for user: pmorenor  at  jue 17 oct 2024 18:26:02 -05
under operating system Linux Hefesto 5.4.0-196-generic #216-Ubuntu SMP Thu Aug 29 13:26:53 UTC 2024 x86_64 x86_64 x86_64 GNU/Linux
Compilation information
  commit: f2cffef7078af1231fe3319081e66b682883a80b
  compilation date:  mar 06 feb 2024 16:53:31 -05

BEGIN INPUT INFO:
------------------------------------

GEOMETRY
	H	Dirac	0.0 0.0 0.0
	e-(H)	6-311++G.d.p	0.0 0.0 0.0	addParticles=1
	E+	GRIBAKIN-10S4P2D	0.0 0.0 0.0
	H	Dirac	41.8 0.0 0.0
	e-(H)	6-311++G.d.p	41.8 0.0 0.0	addParticles=1
	E+ GRIBAKIN-10S4P2D     41.8 0.0 0.0	addParticles=-1
END GEOMETRY

TASKS
        method = "RHF"
END TASKS

CONTROL
	units="BOHR"
	convergenceMethod=1
	SCFGhostSpecies="POSITRON"
	overlapEigenThreshold=1E-6
	HFprintEigenvalues=T
	totalEnergyTolerance = 1E-9
END CONTROL


... END INPUT INFO


 LOWDIN execution started at : Thu Oct 17 18:26:02 2024
 ---------------------------------------------------------------
 
 ***************************************************************
 *                   LOWDIN 2.0  (May/2013)                    *
 *                                                             *
 *  R. FLORES-MORENO, E. F. POSADA, F. S. MONCADA, J.ROMERO,   *
 *  J. CHARRY, M. DIAZ-TINOCO, S. A. GONZALEZ, N. F. AGUIRRE,  *
 *  A. REYES                                                   *
 *                                                             *
 *  https://sites.google.com/site/lowdinproject/               *
 *                                                             *
 ***************************************************************
 
 PARSING INPUT... DONE!
 
 LOWDIN IS RUNNING WITH NEXT PARAMETERS: 
 ----------------------------------------
 
         METHOD TYPE:  RHF
         NUMBER OF CORES:     4
         NONELECTRONIC DENSITY GUESS: HCORE
         ELECTRONIC DENSITY GUESS: HCORE
         CRITERIUM OF CONVERGENCE: ENERGY
         NONELECTRONIC ENERGY TOLERANCE IN SCFs:     0.10000E-07
         ELECTRONIC ENERGY TOLERANCE IN SCFs:     0.10000E-07
         TOTAL ENERGY TOLERANCE IN SCFs:     0.10000E-08
         SCHEME OF ITERATION: GLOBAL ITERATIONS
         SCF MAX. SUBITERATIONS - NONELECTRONS :     1
         SCF MAX. SUBITERATIONS - ELECTRONS :     1
         SCF MAX. ITERATIONS - INTERSPECIES :   200
         INTEGRAL STORAGE: DISK
         STACK SIZE FOR ERIS : 30000
         METHOD OF SCF CONVERGENCE: DAMPING
 
  MOLECULAR SYSTEM: usual_200
 -----------------
 
    DESCRIPTION   : usual_200
    CHARGE        :   2
    PUNTUAL GROUP : NONE
 
 
  INFORMATION OF PARTICLES :
 =========================
         Total number of particles   =       7
         Number of quantum particles =       5
         Number of puntual charges   =       2
         Number of quantum species   =       2
 
                 INFORMATION OF QUANTUM SPECIES 
     ---------------------------------------------------------------------
         ID      Symbol            mass     charge     spin     multiplicity
     ---------------------------------------------------------------------
         1             E-         1.0000     -1.00      0.50      1.00
         2             E+         1.0000      1.00      0.50      1.00
 
                   CONSTANTS OF COUPLING 
      ------------------------------------------------------------
           Symbol          kappa      eta     lambda     occupation
      ------------------------------------------------------------
                 E-        -1.0      2.00      2.00      2.00
                 E+        -1.0      1.00      1.00      1.00
 
                   BASIS SET FOR SPECIES 
      ------------------------------------------------------------
           Symbol          N. Basis     N. Particles     Basis Set
      ------------------------------------------------------------
                 E-           10                4     6-311++G.D
                 E+           32                1     GRIBAKIN-1
 
                                ATOMIC BASIS
         ------------------------------------------------------------
          PRIMITIVE   SHELL             EXPONENT         COEFFICIENT 
         ------------------------------------------------------------
 
    BEGIN DESCRIPTION OF BASIS FOR:    E-
    ==============================
 
 
             H BASIS SET:   6-311++G.D.P
             1         S               33.86500000          0.02549380
             2         S                5.09479000          0.19037300
             3         S                1.15879000          0.85216100
             1         S                0.32584000          1.00000000
             1         S                0.10274100          1.00000000
             1         S                0.03600000          1.00000000
             1         P                0.75000000          1.00000000
 
             H BASIS SET:   6-311++G.D.P
             1         S               33.86500000          0.02549380
             2         S                5.09479000          0.19037300
             3         S                1.15879000          0.85216100
             1         S                0.32584000          1.00000000
             1         S                0.10274100          1.00000000
             1         S                0.03600000          1.00000000
             1         P                0.75000000          1.00000000
    ... END DESCRIPTION OF BASIS
 
 
    BEGIN DESCRIPTION OF BASIS FOR:    E+
    ==============================
 
 
            E+ BASIS SET:GRIBAKIN-10S4P2
             1         S                0.00010000          1.00000000
             1         S                0.00030000          1.00000000
             1         S                0.00090000          1.00000000
             1         S                0.00270000          1.00000000
             1         S                0.00810000          1.00000000
             1         S                0.02430000          1.00000000
             1         S                0.07290000          1.00000000
             1         S                0.21870000          1.00000000
             1         S                0.65610000          1.00000000
             1         S                1.96830000          1.00000000
             1         P                0.00010000          1.00000000
             1         P                0.00030000          1.00000000
             1         P                0.00090000          1.00000000
             1         P                0.00270000          1.00000000
             1         D                0.00010000          1.00000000
             1         D                0.00030000          1.00000000
 
            E+ BASIS SET:GRIBAKIN-10S4P2
             1         S                0.00010000          1.00000000
             1         S                0.00030000          1.00000000
             1         S                0.00090000          1.00000000
             1         S                0.00270000          1.00000000
             1         S                0.00810000          1.00000000
             1         S                0.02430000          1.00000000
             1         S                0.07290000          1.00000000
             1         S                0.21870000          1.00000000
             1         S                0.65610000          1.00000000
             1         S                1.96830000          1.00000000
             1         P                0.00010000          1.00000000
             1         P                0.00030000          1.00000000
             1         P                0.00090000          1.00000000
             1         P                0.00270000          1.00000000
             1         D                0.00010000          1.00000000
             1         D                0.00030000          1.00000000
    ... END DESCRIPTION OF BASIS
 
 
  END INFORMATION OF PARTICLES
 
 
  INFORMATION OF THE QUANTUM SYSTEM 
     ---------------------------------------------------------------------
                 ID     Occupied Orbitals     Basis size
     ---------------------------------------------------------------------
                 E-            2               14
                 E+            1               68
 
  END INFORMATION OF QUANTUM SYSTEM
 
                       INITIAL GEOMETRY: AMSTRONG
                 -----------------------------------
                       <x>                 <y>                 <z>
       E-H        0.0000000000        0.0000000000        0.0000000000
       E-H       22.1196090182        0.0000000000        0.0000000000
        E+        0.0000000000        0.0000000000        0.0000000000
        E+       22.1196090182        0.0000000000        0.0000000000
         H        0.0000000000        0.0000000000        0.0000000000
         H       22.1196090182        0.0000000000        0.0000000000
 
                     MATRIX OF DISTANCE: ANGSTROM
                 -----------------------------------
                          H(1)           H(2)      
 
        H(1)             0.000000      22.119609
        H(2)            22.119609       0.000000
 
--------------------------------------------------------------------------------
** PROGRAM: SCF (Hartree Fock).     Author: S.A. Gonzalez, E. Posada, F. Moncada
--------------------------------------------------------------------------------
INFO: RUNNING IN RHF MODE.
 
----------------------------------------------------------------------
** PROGRAM INTS                          Author: E. F. Posada, 2013   
----------------------------------------------------------------------
INFO: RUNNING IN ONE_PARTICLE MODE.
 
 Number of Overlap integrals for species E-:    196
 Number of Overlap integrals for species POSITRON:   4624
 Number of Kinetic integrals for species E-:    196
 Number of Kinetic integrals for species POSITRON:   4624
 Number of Nuclear integrals for species E-:    196
 Number of Nuclear integrals for species POSITRON:   4624
 Number of Moment integrals for species E-:    588
 Number of Moment integrals for species POSITRON:  13872
 
** TOTAL CPU Time INTS :      0.025 (s)
** TOTAL Elapsed Time INTS :      0.019 (s)
 
Removed     1 orbitals for species POSITRON with overlap eigen threshold of 1.000E-06
 Combination coefficients for E- were read from usual_200.vec
     number of         E-     particles in guess density matrix:     4.000000
 Combination coefficients for POSITRON were read from usual_200.vec
     number of   POSITRON     particles in guess density matrix:     1.000000
 Number of unique integrals for species: 1 = 588
 Number of unique integrals for species: 2 = 290206
 Number of unique integrals for species: 1 / 2 = 38740 Screened: 7007
 
 TWO-BODY INTEGRAL SETUP: 
------------------------- 
 Storage:   DISK
 Scheme: LIBINT
 Stack size:  30000
 
 LIBINT library, Fermann, J. T.; Valeev, F. L. 2010                   
 LOWDIN-LIBINT Implementation V. 2.1  Posada E. F. ; Reyes A. 2016   
 ----------------------------------------------------------------------

*** TOTAL CPU time intra-species integrals :      0.083 (s)
*** TOTAL elapsed time intra-species integrals :      0.025 (s)


*** TOTAL CPU time inter-species integrals :      0.099 (s)
*** TOTAL elapsed time inter-species integrals :      0.029 (s)

INFO: RUNNING SCHEME SIMULTANEOUS
 
 Begin Multi-Species SCF calculation:
 
 --------------------------------------------------------------------------------------------------
      Iteration                   Energy            Energy Change           Density Change
 --------------------------------------------------------------------------------------------------
              1          -1.142449064179           1.142449064179           0.000000000002
              2          -1.142449064179          -0.000000000000           0.000000000006
 Total energy converged after   2 global iterations                                                  
 
 ...end Multi-Species SCF calculation
 
 
 Begin SCF calculation by: E-
 -------------------------
 
 -----------------------------------------------------------------------------------
 Iteration                   Energy           Density Change         DIIS Error 
 -----------------------------------------------------------------------------------
    1          -0.973925723731           0.000000000000                 -- 
 
 ... end SCF calculation
 
 Begin SCF calculation by: POSITRON
 -------------------------
 
 -----------------------------------------------------------------------------------
 Iteration                   Energy           Density Change         DIIS Error 
 -----------------------------------------------------------------------------------
    1          -0.192446785424           0.000000000006                 -- 
 
 ... end SCF calculation
 
  EIGENVALUES AND EIGENVECTORS: 
 ==============================
 
 
  Eigenvalues for: E-
 -----------------
 
    1          -0.018595958021
    2          -0.018595958021
    3           0.307585588370
    4           0.307585588370
    5           0.854780966342
    6           0.854780966342
    7           1.930622305674
    8           1.930622305674
    9           1.930622305674
   10           1.930622305674
   11           1.930636062096
   12           1.930636062096
   13           3.056206934586
   14           3.056206934586
 
 
  Eigenvalues for: POSITRON
 -----------------
 
    1          -0.192446785424
    2          -0.192445025439
    3          -0.094283811252
    4          -0.093676205776
    5          -0.079718689091
    6          -0.074997058936
    7          -0.073926878010
    8          -0.073926878010
    9          -0.073321014522
   10          -0.073321014522
   11          -0.059734335757
   12          -0.057781962131
   13          -0.047493390119
   14          -0.043391241504
   15          -0.043391241504
   16          -0.041200479486
   17          -0.039402176767
   18          -0.039402176767
   19          -0.037854406843
   20          -0.037515898972
   21          -0.031395734857
   22          -0.027836017522
   23          -0.027836017522
   24          -0.027209729187
   25          -0.026765607597
   26          -0.026765607597
   27          -0.024440734095
   28          -0.024115202274
   29          -0.024115202274
   30          -0.024081898697
   31          -0.024081898697
   32          -0.024031237804
   33          -0.024031237804
   34          -0.023280014007
   35          -0.021544963887
   36          -0.020497778527
   37          -0.020497778527
   38          -0.019710212735
   39          -0.019074272646
   40          -0.017308903658
   41          -0.015444973731
   42          -0.015444973731
   43          -0.015094021454
   44          -0.014587866011
   45          -0.014257485967
   46          -0.014257485967
   47          -0.014251098787
   48          -0.014251098787
   49          -0.013628427690
   50          -0.012803307397
   51          -0.012803307397
   52          -0.012662553190
   53          -0.012662553190
   54          -0.011973399470
   55          -0.011205804300
   56          -0.011205804299
   57          -0.011041700568
   58          -0.010574435326
   59          -0.009947571353
   60           0.005272418741
   61           0.006437827656
   62           0.400000141102
   63           0.400585036792
   64           1.839829820709
   65           1.840319605268
   66           6.973737698563
   67           6.974184357020
   68     1000000.000000000000
 
  end of eigenvalues 
 
  Occupied Eigenvectors for: E-
 --------------------------- 
 
                          -0.0186        -0.0186   
 
    1      H     S      -0.102374       0.113878
    2      H     S      -0.195152       0.217081
    3      H     S      -0.210667       0.234341
    4      H     S      -0.287422       0.319720
    5      H    Px       0.000128      -0.000142
    6      H    Py      -0.000000       0.000000
    7      H    Pz       0.000000      -0.000000
    8      H     S      -0.113878      -0.102374
    9      H     S      -0.217081      -0.195152
   10      H     S      -0.234341      -0.210667
   11      H     S      -0.319720      -0.287422
   12      H    Px      -0.000142      -0.000128
   13      H    Py      -0.000000       0.000000
   14      H    Pz       0.000000       0.000000
 
 
  Occupied Eigenvectors for: POSITRON
 --------------------------- 
 
                          -0.1924   
 
    1     E+     S      -0.006756
    2     E+     S       0.619322
    3     E+     S      -0.032482
    4     E+     S       0.029520
    5     E+     S      -0.028904
    6     E+     S       0.478859
    7     E+     S       0.319269
    8     E+     S      -0.059038
    9     E+     S      -0.015026
   10     E+     S      -0.007057
   11     E+    Px      -0.003765
   12     E+    Py      -0.000000
   13     E+    Pz      -0.000000
   14     E+    Px       0.243457
   15     E+    Py      -0.000000
   16     E+    Pz      -0.000000
   17     E+    Px      -0.011054
   18     E+    Py       0.000000
   19     E+    Pz      -0.000000
   20     E+    Px       0.005987
   21     E+    Py      -0.000000
   22     E+    Pz       0.000000
   23     E+   Dxx      -0.003201
   24     E+   Dxy      -0.000000
   25     E+   Dxz      -0.000000
   26     E+   Dyy      -0.001732
   27     E+   Dyz      -0.000000
   28     E+   Dzz      -0.001732
   29     E+   Dxx       0.048538
   30     E+   Dxy      -0.000000
   31     E+   Dxz       0.000000
   32     E+   Dyy      -0.004638
   33     E+   Dyz       0.000000
   34     E+   Dzz      -0.004638
   35     E+     S       0.006756
   36     E+     S      -0.619322
   37     E+     S       0.032482
   38     E+     S      -0.029520
   39     E+     S       0.028904
   40     E+     S      -0.478859
   41     E+     S      -0.319269
   42     E+     S       0.059038
   43     E+     S       0.015026
   44     E+     S       0.007057
   45     E+    Px      -0.003765
   46     E+    Py       0.000000
   47     E+    Pz       0.000000
   48     E+    Px       0.243457
   49     E+    Py       0.000000
   50     E+    Pz      -0.000000
   51     E+    Px      -0.011054
   52     E+    Py      -0.000000
   53     E+    Pz      -0.000000
   54     E+    Px       0.005987
   55     E+    Py       0.000000
   56     E+    Pz       0.000000
   57     E+   Dxx       0.003201
   58     E+   Dxy      -0.000000
   59     E+   Dxz      -0.000000
   60     E+   Dyy       0.001732
   61     E+   Dyz      -0.000000
   62     E+   Dzz       0.001732
   63     E+   Dxx      -0.048538
   64     E+   Dxy      -0.000000
   65     E+   Dxz      -0.000000
   66     E+   Dyy       0.004638
   67     E+   Dyz       0.000000
   68     E+   Dzz       0.004638
 
 
  end of eigenvectors 
 
  END OF EIGENVALUES AND EIGENVECTORS
 
 
  COMPONENTS OF KINETIC ENERGY: 
 -----------------------------
 
                  E- Kinetic energy =            0.983847508284
            POSITRON Kinetic energy =            0.054281303532
                                     _________________________
               Total kinetic energy =            1.038128811816
 
  COMPONENTS OF POTENTIAL ENERGY: 
 -------------------------------
 
          Fixed potential energy    =            0.023923444976
 
  Quantum/Fixed interaction energy: 
 ----------------------------------
 
          E-/Fixed interact. energy =           -2.857315123661
    POSITRON/Fixed interact. energy =            0.315533526082
                                     _________________________
               Total Q/Fixed energy =           -2.541781597579
 
  Coulomb energy: 
 ------------------
 
               E-/E- Hartree energy =            1.703390988498
   POSITRON/POSITRON Hartree energy =            0.000000000000
         E-/POSITRON Hartree energy =           -0.562261615038
                                     _________________________
               Total Hartree energy =            1.141129373460
 
  Exchange(HF) energy: 
 ----------------------
 
                 E- Exchange energy =           -0.803849096852
           POSITRON Exchange energy =            0.000000000000
                                     _________________________
              Total Exchange energy =           -0.803849096852
 
  TOTAL ENERGY COMPONENTS: 
 ==========================
 
          TOTAL KINETIC ENERGY      =            1.038128811816
          TOTAL POTENTIAL ENERGY    =           -2.180577875995
                                     _________________________
                       TOTAL ENERGY =           -1.142449064179
 
                 VIRIAL RATIO (V/T) =            2.100488736250
 
 
  END ENERGY COMPONENTS
 
 
** TOTAL CPU Time SCF :      0.024 (s)
** TOTAL Elapsed Time SCF :      0.065 (s)
 
 We are calculating properties for E- in the HF/KS ground state
 We are calculating properties for POSITRON in the HF/KS ground state
 
  POPULATION ANALYSES: 
 ====================
 
 MULLIKEN Population: for E-        
 ---------------------
 
                                    
 
    1      H     S       0.170303
    2      H     S       0.494963
    3      H     S       0.602207
    4      H     S       0.732527
    5      H    Px       0.000000
    6      H    Py       0.000000
    7      H    Pz       0.000000
    8      H     S       0.170303
    9      H     S       0.494963
   10      H     S       0.602207
   11      H     S       0.732527
   12      H    Px       0.000000
   13      H    Py       0.000000
   14      H    Pz       0.000000
 
                           __________
              Total =        4.000000
 
  Atomic MULLIKEN Population: for E-        
            H                2.000000
            H                2.000000
 
 ...end of MULLIKEN Population
 
 
 END POPULATION ANALYSES 
 
 
  POPULATION ANALYSES: 
 ====================
 
 LOWDIN Population: for E-        
 ---------------------
 
                                    
 
    1      H     S       0.185734
    2      H     S       0.485744
    3      H     S       0.677546
    4      H     S       0.650976
    5      H    Px       0.000000
    6      H    Py       0.000000
    7      H    Pz       0.000000
    8      H     S       0.185734
    9      H     S       0.485744
   10      H     S       0.677546
   11      H     S       0.650976
   12      H    Px       0.000000
   13      H    Py       0.000000
   14      H    Pz       0.000000
 
                           __________
              Total =        4.000000
 
  Atomic LOWDIN Population: for E-        
            H                2.000000
            H                2.000000
 
 ...end of LOWDIN Population
 
 
 END POPULATION ANALYSES 
 
 
  POPULATION ANALYSES: 
 ====================
 
 MULLIKEN Population: for POSITRON  
 ---------------------
 
                                    
 
    1     E+     S      -0.000029
    2     E+     S       0.015340
    3     E+     S      -0.003435
    4     E+     S       0.008197
    5     E+     S      -0.014636
    6     E+     S       0.331038
    7     E+     S       0.204516
    8     E+     S      -0.023685
    9     E+     S      -0.002801
   10     E+     S      -0.000522
   11     E+    Px       0.000072
   12     E+    Py      -0.000000
   13     E+    Pz       0.000000
   14     E+    Px      -0.012709
   15     E+    Py      -0.000000
   16     E+    Pz       0.000000
   17     E+    Px       0.000789
   18     E+    Py       0.000000
   19     E+    Pz       0.000000
   20     E+    Px      -0.000079
   21     E+    Py      -0.000000
   22     E+    Pz      -0.000000
   23     E+   Dxx       0.000029
   24     E+   Dxy       0.000000
   25     E+   Dxz      -0.000000
   26     E+   Dyy      -0.000000
   27     E+   Dyz       0.000000
   28     E+   Dzz      -0.000000
   29     E+   Dxx      -0.002082
   30     E+   Dxy       0.000000
   31     E+   Dxz       0.000000
   32     E+   Dyy      -0.000001
   33     E+   Dyz       0.000000
   34     E+   Dzz      -0.000001
   35     E+     S      -0.000029
   36     E+     S       0.015340
   37     E+     S      -0.003435
   38     E+     S       0.008197
   39     E+     S      -0.014636
   40     E+     S       0.331038
   41     E+     S       0.204516
   42     E+     S      -0.023685
   43     E+     S      -0.002801
   44     E+     S      -0.000522
   45     E+    Px       0.000072
   46     E+    Py       0.000000
   47     E+    Pz       0.000000
   48     E+    Px      -0.012709
   49     E+    Py       0.000000
   50     E+    Pz      -0.000000
   51     E+    Px       0.000789
   52     E+    Py      -0.000000
   53     E+    Pz      -0.000000
   54     E+    Px      -0.000079
   55     E+    Py       0.000000
   56     E+    Pz       0.000000
   57     E+   Dxx       0.000029
   58     E+   Dxy       0.000000
   59     E+   Dxz      -0.000000
   60     E+   Dyy      -0.000000
   61     E+   Dyz       0.000000
   62     E+   Dzz      -0.000000
   63     E+   Dxx      -0.002082
   64     E+   Dxy       0.000000
   65     E+   Dxz      -0.000000
   66     E+   Dyy      -0.000001
   67     E+   Dyz       0.000000
   68     E+   Dzz      -0.000001
 
                           __________
              Total =        1.000000
 
  Atomic MULLIKEN Population: for POSITRON  
            H                0.500000
            H                0.500000
 
 ...end of MULLIKEN Population
 
 
 END POPULATION ANALYSES 
 
 
  POPULATION ANALYSES: 
 ====================
 
 LOWDIN Population: for POSITRON  
 ---------------------
 
                                    
 
    1     E+     S       0.000000
    2     E+     S       0.000027
    3     E+     S       0.000591
    4     E+     S       0.007574
    5     E+     S       0.058588
    6     E+     S       0.231774
    7     E+     S       0.175469
    8     E+     S       0.024584
    9     E+     S       0.000968
   10     E+     S       0.000016
   11     E+    Px       0.000007
   12     E+    Py       0.000000
   13     E+    Pz       0.000000
   14     E+    Px       0.000078
   15     E+    Py       0.000000
   16     E+    Pz       0.000000
   17     E+    Px       0.000228
   18     E+    Py       0.000000
   19     E+    Pz       0.000000
   20     E+    Px       0.000009
   21     E+    Py      -0.000000
   22     E+    Pz       0.000000
   23     E+   Dxx       0.000002
   24     E+   Dxy      -0.000000
   25     E+   Dxz      -0.000000
   26     E+   Dyy       0.000000
   27     E+   Dyz      -0.000000
   28     E+   Dzz       0.000000
   29     E+   Dxx       0.000083
   30     E+   Dxy       0.000000
   31     E+   Dxz       0.000000
   32     E+   Dyy       0.000000
   33     E+   Dyz       0.000000
   34     E+   Dzz       0.000000
   35     E+     S       0.000000
   36     E+     S       0.000027
   37     E+     S       0.000591
   38     E+     S       0.007574
   39     E+     S       0.058588
   40     E+     S       0.231774
   41     E+     S       0.175469
   42     E+     S       0.024584
   43     E+     S       0.000968
   44     E+     S       0.000016
   45     E+    Px       0.000007
   46     E+    Py       0.000000
   47     E+    Pz       0.000000
   48     E+    Px       0.000078
   49     E+    Py       0.000000
   50     E+    Pz       0.000000
   51     E+    Px       0.000228
   52     E+    Py       0.000000
   53     E+    Pz      -0.000000
   54     E+    Px       0.000009
   55     E+    Py      -0.000000
   56     E+    Pz       0.000000
   57     E+   Dxx       0.000002
   58     E+   Dxy       0.000000
   59     E+   Dxz      -0.000000
   60     E+   Dyy       0.000000
   61     E+   Dyz       0.000000
   62     E+   Dzz       0.000000
   63     E+   Dxx       0.000083
   64     E+   Dxy       0.000000
   65     E+   Dxz      -0.000000
   66     E+   Dyy       0.000000
   67     E+   Dyz       0.000000
   68     E+   Dzz       0.000000
 
                           __________
              Total =        1.000000
 
  Atomic LOWDIN Population: for POSITRON  
            H                0.500000
            H                0.500000
 
 ...end of LOWDIN Population
 
 
 END POPULATION ANALYSES 
 
 
  EXPECTED POSITIONS OF QUANTUM SPECIES:
 ======================
 
 POSITIONS IN ANGSTROMS
 ------
 
                        <x>      <y>      <z>         
                 E-  44.2392   0.0000  -0.0000
           POSITRON  11.0598  -0.0000  -0.0000
 
 END EXPECTED POSITIONS
 
 
  ELECTROSTATIC MOMENTS:
 ======================
 
 DIPOLE: (DEBYE)
 ------
 
                           <Dx>         <Dy>         <Dz>          |D|
                 E--212.48997726  -0.00000000   0.00000000
           POSITRON  53.12249429  -0.00000000  -0.00000000
    Point charges:  106.24498863   0.00000000   0.00000000
                     ____________________________
      Total Dipole: -53.12249434  -0.00000000  -0.00000000  53.12249434
 
 QUADRUPOLE NON-TRACELESS: (DEBYE ANGS)
 ------
 
                           <xx>         <yy>         <zz>         <xy>         <xz>         <yz>
                 E-   -0.00000000   -0.00000000   -0.00000000   -0.00000000   -0.00000000   -0.00000000
           POSITRON    0.00000000    0.00000000    0.00000000    0.00000000    0.00000000    0.00000000
    Point charges:  2350.09734060    0.00000000    0.00000000    0.00000000    0.00000000    0.00000000
  Total Quadrupole: 2350.09734060    0.00000000    0.00000000    0.00000000    0.00000000    0.00000000
                     ____________________________
 
 END ELECTROSTATIC MOMENTS
 

  TOTAL CPU Time:      0.038 (s)
 TOTAL Wall Time:      0.111 (s)
  Elapsed Time:   0h  0m  0s 111ms
LOWDIN execution terminated normally at : Thu Oct 17 18:26:02 2024
-rw-rw-r-- 1 pmorenor pmorenor 704K oct 17 18:26 0E-.ints
-rw-rw-r-- 1 pmorenor pmorenor 704K oct 17 18:26 0E-.POSITRON.ints
-rw-rw-r-- 1 pmorenor pmorenor 2.1M oct 17 18:26 0POSITRON.ints
-rw-rw-r-- 1 pmorenor pmorenor 704K oct 17 18:26 1E-.ints
-rw-rw-r-- 1 pmorenor pmorenor 704K oct 17 18:26 1E-.POSITRON.ints
-rw-rw-r-- 1 pmorenor pmorenor 2.1M oct 17 18:26 1POSITRON.ints
-rw-rw-r-- 1 pmorenor pmorenor 704K oct 17 18:26 2E-.ints
-rw-rw-r-- 1 pmorenor pmorenor 704K oct 17 18:26 2E-.POSITRON.ints
-rw-rw-r-- 1 pmorenor pmorenor 2.1M oct 17 18:26 2POSITRON.ints
-rw-rw-r-- 1 pmorenor pmorenor 704K oct 17 18:26 3E-.ints
-rw-rw-r-- 1 pmorenor pmorenor 704K oct 17 18:26 3E-.POSITRON.ints
-rw-rw-r-- 1 pmorenor pmorenor 2.1M oct 17 18:26 3POSITRON.ints
-rw-rw-r-- 1 pmorenor pmorenor   12 oct 17 18:26 E-.POSITRON.nints
-rw-rw-r-- 1 pmorenor pmorenor   65 oct 17 18:26 gepol.inp
-rw-rw-r-- 1 pmorenor pmorenor   91 oct 17 18:26 gepol.xyzr
-rw-rw-r-- 1 pmorenor pmorenor 7.3K oct 17 18:26 lowdin.bas
-rw-rw-r-- 1 pmorenor pmorenor  15K oct 17 18:26 lowdin.dat
-rw-rw-r-- 1 pmorenor pmorenor 458K oct 17 18:26 lowdin.opints
-rw-rw-r-- 1 pmorenor pmorenor  18K oct 17 18:26 lowdin.sys
-rw-rw-r-- 1 pmorenor pmorenor 343K oct 17 18:26 lowdin.wfn
-rw-rw-r-- 1 pmorenor pmorenor  448 oct 17 18:26 usual_200
-rw-rw-r-- 1 pmorenor pmorenor 1.7K oct 17 18:26 usual_200.aux
-rw-rw-r-- 1 pmorenor pmorenor  452 oct 17 18:26 usual_200.lowdin
-rw-rw-r-- 1 pmorenor pmorenor  30K oct 17 18:26 usual_200.out
-rw-rw-r-- 1 pmorenor pmorenor  39K oct 17 18:26 usual_200.vec
