Begin job by input: usual_34.lowdin, for user: pmorenor  at  jue 17 oct 2024 18:24:32 -05
under operating system Linux Hefesto 5.4.0-196-generic #216-Ubuntu SMP Thu Aug 29 13:26:53 UTC 2024 x86_64 x86_64 x86_64 GNU/Linux
Compilation information
  commit: f2cffef7078af1231fe3319081e66b682883a80b
  compilation date:  mar 06 feb 2024 16:53:31 -05

BEGIN INPUT INFO:
------------------------------------

GEOMETRY
	H	Dirac	0.0 0.0 0.0
	e-(H)	6-311++G.d.p	0.0 0.0 0.0	addParticles=1
	E+	GRIBAKIN-10S4P2D	0.0 0.0 0.0
	H	Dirac	8.6 0.0 0.0
	e-(H)	6-311++G.d.p	8.6 0.0 0.0	addParticles=1
	E+ GRIBAKIN-10S4P2D     8.6 0.0 0.0	addParticles=-1
END GEOMETRY

TASKS
        method = "RHF"
END TASKS

CONTROL
	units="BOHR"
	convergenceMethod=1
	SCFGhostSpecies="POSITRON"
	overlapEigenThreshold=1E-6
	HFprintEigenvalues=T
	totalEnergyTolerance = 1E-9
END CONTROL


... END INPUT INFO


 LOWDIN execution started at : Thu Oct 17 18:24:32 2024
 ---------------------------------------------------------------
 
 ***************************************************************
 *                   LOWDIN 2.0  (May/2013)                    *
 *                                                             *
 *  R. FLORES-MORENO, E. F. POSADA, F. S. MONCADA, J.ROMERO,   *
 *  J. CHARRY, M. DIAZ-TINOCO, S. A. GONZALEZ, N. F. AGUIRRE,  *
 *  A. REYES                                                   *
 *                                                             *
 *  https://sites.google.com/site/lowdinproject/               *
 *                                                             *
 ***************************************************************
 
 PARSING INPUT... DONE!
 
 LOWDIN IS RUNNING WITH NEXT PARAMETERS: 
 ----------------------------------------
 
         METHOD TYPE:  RHF
         NUMBER OF CORES:     4
         NONELECTRONIC DENSITY GUESS: HCORE
         ELECTRONIC DENSITY GUESS: HCORE
         CRITERIUM OF CONVERGENCE: ENERGY
         NONELECTRONIC ENERGY TOLERANCE IN SCFs:     0.10000E-07
         ELECTRONIC ENERGY TOLERANCE IN SCFs:     0.10000E-07
         TOTAL ENERGY TOLERANCE IN SCFs:     0.10000E-08
         SCHEME OF ITERATION: GLOBAL ITERATIONS
         SCF MAX. SUBITERATIONS - NONELECTRONS :     1
         SCF MAX. SUBITERATIONS - ELECTRONS :     1
         SCF MAX. ITERATIONS - INTERSPECIES :   200
         INTEGRAL STORAGE: DISK
         STACK SIZE FOR ERIS : 30000
         METHOD OF SCF CONVERGENCE: DAMPING
 
  MOLECULAR SYSTEM: usual_34
 -----------------
 
    DESCRIPTION   : usual_34
    CHARGE        :   2
    PUNTUAL GROUP : NONE
 
 
  INFORMATION OF PARTICLES :
 =========================
         Total number of particles   =       7
         Number of quantum particles =       5
         Number of puntual charges   =       2
         Number of quantum species   =       2
 
                 INFORMATION OF QUANTUM SPECIES 
     ---------------------------------------------------------------------
         ID      Symbol            mass     charge     spin     multiplicity
     ---------------------------------------------------------------------
         1             E-         1.0000     -1.00      0.50      1.00
         2             E+         1.0000      1.00      0.50      1.00
 
                   CONSTANTS OF COUPLING 
      ------------------------------------------------------------
           Symbol          kappa      eta     lambda     occupation
      ------------------------------------------------------------
                 E-        -1.0      2.00      2.00      2.00
                 E+        -1.0      1.00      1.00      1.00
 
                   BASIS SET FOR SPECIES 
      ------------------------------------------------------------
           Symbol          N. Basis     N. Particles     Basis Set
      ------------------------------------------------------------
                 E-           10                4     6-311++G.D
                 E+           32                1     GRIBAKIN-1
 
                                ATOMIC BASIS
         ------------------------------------------------------------
          PRIMITIVE   SHELL             EXPONENT         COEFFICIENT 
         ------------------------------------------------------------
 
    BEGIN DESCRIPTION OF BASIS FOR:    E-
    ==============================
 
 
             H BASIS SET:   6-311++G.D.P
             1         S               33.86500000          0.02549380
             2         S                5.09479000          0.19037300
             3         S                1.15879000          0.85216100
             1         S                0.32584000          1.00000000
             1         S                0.10274100          1.00000000
             1         S                0.03600000          1.00000000
             1         P                0.75000000          1.00000000
 
             H BASIS SET:   6-311++G.D.P
             1         S               33.86500000          0.02549380
             2         S                5.09479000          0.19037300
             3         S                1.15879000          0.85216100
             1         S                0.32584000          1.00000000
             1         S                0.10274100          1.00000000
             1         S                0.03600000          1.00000000
             1         P                0.75000000          1.00000000
    ... END DESCRIPTION OF BASIS
 
 
    BEGIN DESCRIPTION OF BASIS FOR:    E+
    ==============================
 
 
            E+ BASIS SET:GRIBAKIN-10S4P2
             1         S                0.00010000          1.00000000
             1         S                0.00030000          1.00000000
             1         S                0.00090000          1.00000000
             1         S                0.00270000          1.00000000
             1         S                0.00810000          1.00000000
             1         S                0.02430000          1.00000000
             1         S                0.07290000          1.00000000
             1         S                0.21870000          1.00000000
             1         S                0.65610000          1.00000000
             1         S                1.96830000          1.00000000
             1         P                0.00010000          1.00000000
             1         P                0.00030000          1.00000000
             1         P                0.00090000          1.00000000
             1         P                0.00270000          1.00000000
             1         D                0.00010000          1.00000000
             1         D                0.00030000          1.00000000
 
            E+ BASIS SET:GRIBAKIN-10S4P2
             1         S                0.00010000          1.00000000
             1         S                0.00030000          1.00000000
             1         S                0.00090000          1.00000000
             1         S                0.00270000          1.00000000
             1         S                0.00810000          1.00000000
             1         S                0.02430000          1.00000000
             1         S                0.07290000          1.00000000
             1         S                0.21870000          1.00000000
             1         S                0.65610000          1.00000000
             1         S                1.96830000          1.00000000
             1         P                0.00010000          1.00000000
             1         P                0.00030000          1.00000000
             1         P                0.00090000          1.00000000
             1         P                0.00270000          1.00000000
             1         D                0.00010000          1.00000000
             1         D                0.00030000          1.00000000
    ... END DESCRIPTION OF BASIS
 
 
  END INFORMATION OF PARTICLES
 
 
  INFORMATION OF THE QUANTUM SYSTEM 
     ---------------------------------------------------------------------
                 ID     Occupied Orbitals     Basis size
     ---------------------------------------------------------------------
                 E-            2               14
                 E+            1               68
 
  END INFORMATION OF QUANTUM SYSTEM
 
                       INITIAL GEOMETRY: AMSTRONG
                 -----------------------------------
                       <x>                 <y>                 <z>
       E-H        0.0000000000        0.0000000000        0.0000000000
       E-H        4.5509243435        0.0000000000        0.0000000000
        E+        0.0000000000        0.0000000000        0.0000000000
        E+        4.5509243435        0.0000000000        0.0000000000
         H        0.0000000000        0.0000000000        0.0000000000
         H        4.5509243435        0.0000000000        0.0000000000
 
                     MATRIX OF DISTANCE: ANGSTROM
                 -----------------------------------
                          H(1)           H(2)      
 
        H(1)             0.000000       4.550924
        H(2)             4.550924       0.000000
 
--------------------------------------------------------------------------------
** PROGRAM: SCF (Hartree Fock).     Author: S.A. Gonzalez, E. Posada, F. Moncada
--------------------------------------------------------------------------------
INFO: RUNNING IN RHF MODE.
 
----------------------------------------------------------------------
** PROGRAM INTS                          Author: E. F. Posada, 2013   
----------------------------------------------------------------------
INFO: RUNNING IN ONE_PARTICLE MODE.
 
 Number of Overlap integrals for species E-:    196
 Number of Overlap integrals for species POSITRON:   4624
 Number of Kinetic integrals for species E-:    196
 Number of Kinetic integrals for species POSITRON:   4624
 Number of Nuclear integrals for species E-:    196
 Number of Nuclear integrals for species POSITRON:   4624
 Number of Moment integrals for species E-:    588
 Number of Moment integrals for species POSITRON:  13872
 
** TOTAL CPU Time INTS :      0.020 (s)
** TOTAL Elapsed Time INTS :      0.013 (s)
 
Removed     8 orbitals for species POSITRON with overlap eigen threshold of 1.000E-06
 Combination coefficients for E- were read from usual_34.vec
     number of         E-     particles in guess density matrix:     4.000000
 Combination coefficients for POSITRON were read from usual_34.vec
     number of   POSITRON     particles in guess density matrix:     1.000000
 Number of unique integrals for species: 1 = 1604
 Number of unique integrals for species: 2 = 333956
 Number of unique integrals for species: 1 / 2 = 62050 Screened: 6
 
 TWO-BODY INTEGRAL SETUP: 
------------------------- 
 Storage:   DISK
 Scheme: LIBINT
 Stack size:  30000
 
 LIBINT library, Fermann, J. T.; Valeev, F. L. 2010                   
 LOWDIN-LIBINT Implementation V. 2.1  Posada E. F. ; Reyes A. 2016   
 ----------------------------------------------------------------------

*** TOTAL CPU time intra-species integrals :      0.088 (s)
*** TOTAL elapsed time intra-species integrals :      0.026 (s)


*** TOTAL CPU time inter-species integrals :      0.105 (s)
*** TOTAL elapsed time inter-species integrals :      0.030 (s)

INFO: RUNNING SCHEME SIMULTANEOUS
 
 Begin Multi-Species SCF calculation:
 
 --------------------------------------------------------------------------------------------------
      Iteration                   Energy            Energy Change           Density Change
 --------------------------------------------------------------------------------------------------
              1          -1.154770109624           1.154770109624           0.000000000006
              2          -1.154770109624           0.000000000000           0.000000000002
 Total energy converged after   2 global iterations                                                  
 
 ...end Multi-Species SCF calculation
 
 
 Begin SCF calculation by: E-
 -------------------------
 
 -----------------------------------------------------------------------------------
 Iteration                   Energy           Density Change         DIIS Error 
 -----------------------------------------------------------------------------------
    1          -0.976510434550           0.000000000000                 -- 
 
 ... end SCF calculation
 
 Begin SCF calculation by: POSITRON
 -------------------------
 
 -----------------------------------------------------------------------------------
 Iteration                   Energy           Density Change         DIIS Error 
 -----------------------------------------------------------------------------------
    1          -0.294538744841           0.000000000002                 -- 
 
 ... end SCF calculation
 
  EIGENVALUES AND EIGENVECTORS: 
 ==============================
 
 
  Eigenvalues for: E-
 -----------------
 
    1           0.064093588555
    2           0.074541519368
    3           0.387041290454
    4           0.399109938801
    5           0.938845390162
    6           0.950767189547
    7           2.016531102460
    8           2.016531102460
    9           2.016544512821
   10           2.016544512821
   11           2.018964853569
   12           2.020108132740
   13           3.139040916860
   14           3.153327301809
 
 
  Eigenvalues for: POSITRON
 -----------------
 
    1          -0.294538744841
    2          -0.255546488977
    3          -0.151180708297
    4          -0.136908435062
    5          -0.106737112714
    6          -0.106737112714
    7          -0.092958710027
    8          -0.082830171757
    9          -0.082629789835
   10          -0.081726672255
   11          -0.081726672255
   12          -0.062844507131
   13          -0.062406148507
   14          -0.054593099269
   15          -0.050024760820
   16          -0.050024760820
   17          -0.046000486531
   18          -0.042242592964
   19          -0.042109793598
   20          -0.042109793598
   21          -0.040863039006
   22          -0.035469336168
   23          -0.031892520295
   24          -0.029345854927
   25          -0.029345854927
   26          -0.028348534348
   27          -0.028016010630
   28          -0.028016010630
   29          -0.024445034571
   30          -0.024445034571
   31          -0.024254944792
   32          -0.024166492983
   33          -0.024166492983
   34          -0.023898155453
   35          -0.023898155453
   36          -0.021802829510
   37          -0.021652981600
   38          -0.019627426646
   39          -0.015824326551
   40          -0.015824326551
   41          -0.015311401781
   42          -0.014524363830
   43          -0.014524363830
   44          -0.014057220200
   45          -0.013885045673
   46          -0.013876877911
   47          -0.013876877911
   48          -0.012897490430
   49          -0.012897490430
   50          -0.012645528124
   51          -0.012645528124
   52          -0.012575076329
   53          -0.010868297280
   54          -0.010135248542
   55           0.306452519713
   56           0.329989714807
   57           1.747721892229
   58           1.765547838166
   59           6.883612006206
   60           6.898615371962
   61     1000000.000000000000
   62     1000000.000000000000
   63     1000000.000000000000
   64     1000000.000000000000
   65     1000000.000000000000
   66     1000000.000000000000
   67     1000000.000000000000
   68     1000000.000000000000
 
  end of eigenvalues 
 
  Occupied Eigenvectors for: E-
 --------------------------- 
 
                           0.0641         0.0745   
 
    1      H     S      -0.106608       0.108188
    2      H     S      -0.204430       0.217812
    3      H     S      -0.220558       0.182079
    4      H     S      -0.274955       0.389869
    5      H    Px       0.002613      -0.003139
    6      H    Py      -0.000000       0.000000
    7      H    Pz       0.000000       0.000000
    8      H     S      -0.106608      -0.108188
    9      H     S      -0.204430      -0.217812
   10      H     S      -0.220558      -0.182079
   11      H     S      -0.274955      -0.389869
   12      H    Px      -0.002613      -0.003139
   13      H    Py       0.000000      -0.000000
   14      H    Pz      -0.000000      -0.000000
 
 
  Occupied Eigenvectors for: POSITRON
 --------------------------- 
 
                          -0.2945   
 
    1     E+     S      -0.023380
    2     E+     S      -0.016740
    3     E+     S       0.033457
    4     E+     S      -0.063268
    5     E+     S       0.143925
    6     E+     S      -0.485516
    7     E+     S      -0.305388
    8     E+     S       0.065555
    9     E+     S       0.012356
   10     E+     S       0.007237
   11     E+    Px      -0.002171
   12     E+    Py      -0.000000
   13     E+    Pz      -0.000000
   14     E+    Px      -0.004051
   15     E+    Py      -0.000000
   16     E+    Pz      -0.000000
   17     E+    Px       0.039526
   18     E+    Py      -0.000000
   19     E+    Pz       0.000000
   20     E+    Px      -0.032503
   21     E+    Py       0.000000
   22     E+    Pz      -0.000000
   23     E+   Dxx       0.002240
   24     E+   Dxy      -0.000000
   25     E+   Dxz       0.000000
   26     E+   Dyy       0.003910
   27     E+   Dyz       0.000000
   28     E+   Dzz       0.003910
   29     E+   Dxx       0.013104
   30     E+   Dxy       0.000000
   31     E+   Dxz      -0.000000
   32     E+   Dyy       0.009260
   33     E+   Dyz      -0.000000
   34     E+   Dzz       0.009260
   35     E+     S      -0.023380
   36     E+     S      -0.016740
   37     E+     S       0.033457
   38     E+     S      -0.063268
   39     E+     S       0.143925
   40     E+     S      -0.485516
   41     E+     S      -0.305388
   42     E+     S       0.065555
   43     E+     S       0.012356
   44     E+     S       0.007237
   45     E+    Px       0.002171
   46     E+    Py       0.000000
   47     E+    Pz      -0.000000
   48     E+    Px       0.004051
   49     E+    Py      -0.000000
   50     E+    Pz       0.000000
   51     E+    Px      -0.039526
   52     E+    Py       0.000000
   53     E+    Pz      -0.000000
   54     E+    Px       0.032503
   55     E+    Py      -0.000000
   56     E+    Pz       0.000000
   57     E+   Dxx       0.002240
   58     E+   Dxy       0.000000
   59     E+   Dxz      -0.000000
   60     E+   Dyy       0.003910
   61     E+   Dyz      -0.000000
   62     E+   Dzz       0.003910
   63     E+   Dxx       0.013104
   64     E+   Dxy      -0.000000
   65     E+   Dxz       0.000000
   66     E+   Dyy       0.009260
   67     E+   Dyz       0.000000
   68     E+   Dzz       0.009260
 
 
  end of eigenvectors 
 
  END OF EIGENVALUES AND EIGENVECTORS
 
 
  COMPONENTS OF KINETIC ENERGY: 
 -----------------------------
 
                  E- Kinetic energy =            0.979204060854
            POSITRON Kinetic energy =            0.048951317205
                                     _________________________
               Total kinetic energy =            1.028155378058
 
  COMPONENTS OF POTENTIAL ENERGY: 
 -------------------------------
 
          Fixed potential energy    =            0.116279069767
 
  Quantum/Fixed interaction energy: 
 ----------------------------------
 
          E-/Fixed interact. energy =           -3.209495145798
    POSITRON/Fixed interact. energy =            0.415922461621
                                     _________________________
               Total Q/Fixed energy =           -2.793572684177
 
  Coulomb energy: 
 ------------------
 
               E-/E- Hartree energy =            2.052527883448
   POSITRON/POSITRON Hartree energy =            0.000000000000
         E-/POSITRON Hartree energy =           -0.759412523667
                                     _________________________
               Total Hartree energy =            1.293115359781
 
  Exchange(HF) energy: 
 ----------------------
 
                 E- Exchange energy =           -0.798747233053
           POSITRON Exchange energy =            0.000000000000
                                     _________________________
              Total Exchange energy =           -0.798747233053
 
  TOTAL ENERGY COMPONENTS: 
 ==========================
 
          TOTAL KINETIC ENERGY      =            1.028155378058
          TOTAL POTENTIAL ENERGY    =           -2.182925487682
                                     _________________________
                       TOTAL ENERGY =           -1.154770109624
 
                 VIRIAL RATIO (V/T) =            2.123147468045
 
 
  END ENERGY COMPONENTS
 
 
** TOTAL CPU Time SCF :      0.023 (s)
** TOTAL Elapsed Time SCF :      0.061 (s)
 
 We are calculating properties for E- in the HF/KS ground state
 We are calculating properties for POSITRON in the HF/KS ground state
 
  POPULATION ANALYSES: 
 ====================
 
 MULLIKEN Population: for E-        
 ---------------------
 
                                    
 
    1      H     S       0.168435
    2      H     S       0.504616
    3      H     S       0.544076
    4      H     S       0.782825
    5      H    Px       0.000048
    6      H    Py       0.000000
    7      H    Pz       0.000000
    8      H     S       0.168435
    9      H     S       0.504616
   10      H     S       0.544076
   11      H     S       0.782825
   12      H    Px       0.000048
   13      H    Py       0.000000
   14      H    Pz       0.000000
 
                           __________
              Total =        4.000000
 
  Atomic MULLIKEN Population: for E-        
            H                2.000000
            H                2.000000
 
 ...end of MULLIKEN Population
 
 
 END POPULATION ANALYSES 
 
 
  POPULATION ANALYSES: 
 ====================
 
 LOWDIN Population: for E-        
 ---------------------
 
                                    
 
    1      H     S       0.185140
    2      H     S       0.480964
    3      H     S       0.666306
    4      H     S       0.667511
    5      H    Px       0.000079
    6      H    Py       0.000000
    7      H    Pz       0.000000
    8      H     S       0.185140
    9      H     S       0.480964
   10      H     S       0.666306
   11      H     S       0.667511
   12      H    Px       0.000079
   13      H    Py       0.000000
   14      H    Pz       0.000000
 
                           __________
              Total =        4.000000
 
  Atomic LOWDIN Population: for E-        
            H                2.000000
            H                2.000000
 
 ...end of LOWDIN Population
 
 
 END POPULATION ANALYSES 
 
 
  POPULATION ANALYSES: 
 ====================
 
 MULLIKEN Population: for POSITRON  
 ---------------------
 
                                    
 
    1     E+     S       0.000954
    2     E+     S       0.001534
    3     E+     S      -0.006690
    4     E+     S       0.025485
    5     E+     S      -0.096868
    6     E+     S       0.394904
    7     E+     S       0.206759
    8     E+     S      -0.026398
    9     E+     S      -0.002265
   10     E+     S      -0.000523
   11     E+    Px       0.000008
   12     E+    Py      -0.000000
   13     E+    Pz       0.000000
   14     E+    Px       0.000054
   15     E+    Py       0.000000
   16     E+    Pz       0.000000
   17     E+    Px      -0.001939
   18     E+    Py       0.000000
   19     E+    Pz      -0.000000
   20     E+    Px       0.005042
   21     E+    Py      -0.000000
   22     E+    Pz       0.000000
   23     E+   Dxx      -0.000001
   24     E+   Dxy       0.000000
   25     E+   Dxz      -0.000000
   26     E+   Dyy      -0.000001
   27     E+   Dyz      -0.000000
   28     E+   Dzz      -0.000001
   29     E+   Dxx      -0.000038
   30     E+   Dxy      -0.000000
   31     E+   Dxz       0.000000
   32     E+   Dyy      -0.000008
   33     E+   Dyz       0.000000
   34     E+   Dzz      -0.000008
   35     E+     S       0.000954
   36     E+     S       0.001534
   37     E+     S      -0.006690
   38     E+     S       0.025485
   39     E+     S      -0.096868
   40     E+     S       0.394904
   41     E+     S       0.206759
   42     E+     S      -0.026398
   43     E+     S      -0.002265
   44     E+     S      -0.000523
   45     E+    Px       0.000008
   46     E+    Py       0.000000
   47     E+    Pz       0.000000
   48     E+    Px       0.000054
   49     E+    Py       0.000000
   50     E+    Pz      -0.000000
   51     E+    Px      -0.001939
   52     E+    Py       0.000000
   53     E+    Pz       0.000000
   54     E+    Px       0.005042
   55     E+    Py       0.000000
   56     E+    Pz      -0.000000
   57     E+   Dxx      -0.000001
   58     E+   Dxy      -0.000000
   59     E+   Dxz      -0.000000
   60     E+   Dyy      -0.000001
   61     E+   Dyz       0.000000
   62     E+   Dzz      -0.000001
   63     E+   Dxx      -0.000038
   64     E+   Dxy       0.000000
   65     E+   Dxz       0.000000
   66     E+   Dyy      -0.000008
   67     E+   Dyz      -0.000000
   68     E+   Dzz      -0.000008
 
                           __________
              Total =        1.000000
 
  Atomic MULLIKEN Population: for POSITRON  
            H                0.500000
            H                0.500000
 
 ...end of MULLIKEN Population
 
 
 END POPULATION ANALYSES 
 
 
  POPULATION ANALYSES: 
 ====================
 
 LOWDIN Population: for POSITRON  
 ---------------------
 
                                    
 
    1     E+     S       0.000030
    2     E+     S       0.000158
    3     E+     S       0.001023
    4     E+     S       0.007962
    5     E+     S       0.054798
    6     E+     S       0.241122
    7     E+     S       0.170234
    8     E+     S       0.021300
    9     E+     S       0.000780
   10     E+     S       0.000011
   11     E+    Px       0.000000
   12     E+    Py       0.000000
   13     E+    Pz       0.000000
   14     E+    Px       0.000004
   15     E+    Py       0.000000
   16     E+    Pz       0.000000
   17     E+    Px       0.000048
   18     E+    Py       0.000000
   19     E+    Pz       0.000000
   20     E+    Px       0.002523
   21     E+    Py       0.000000
   22     E+    Pz       0.000000
   23     E+   Dxx       0.000000
   24     E+   Dxy       0.000000
   25     E+   Dxz       0.000000
   26     E+   Dyy       0.000000
   27     E+   Dyz       0.000000
   28     E+   Dzz       0.000000
   29     E+   Dxx       0.000001
   30     E+   Dxy       0.000000
   31     E+   Dxz       0.000000
   32     E+   Dyy       0.000002
   33     E+   Dyz       0.000000
   34     E+   Dzz       0.000002
   35     E+     S       0.000030
   36     E+     S       0.000158
   37     E+     S       0.001023
   38     E+     S       0.007962
   39     E+     S       0.054798
   40     E+     S       0.241122
   41     E+     S       0.170234
   42     E+     S       0.021300
   43     E+     S       0.000780
   44     E+     S       0.000011
   45     E+    Px       0.000000
   46     E+    Py       0.000000
   47     E+    Pz       0.000000
   48     E+    Px       0.000004
   49     E+    Py       0.000000
   50     E+    Pz       0.000000
   51     E+    Px       0.000048
   52     E+    Py       0.000000
   53     E+    Pz       0.000000
   54     E+    Px       0.002523
   55     E+    Py       0.000000
   56     E+    Pz       0.000000
   57     E+   Dxx       0.000000
   58     E+   Dxy       0.000000
   59     E+   Dxz       0.000000
   60     E+   Dyy       0.000000
   61     E+   Dyz       0.000000
   62     E+   Dzz       0.000000
   63     E+   Dxx       0.000001
   64     E+   Dxy       0.000000
   65     E+   Dxz       0.000000
   66     E+   Dyy       0.000002
   67     E+   Dyz       0.000000
   68     E+   Dzz       0.000002
 
                           __________
              Total =        1.000000
 
  Atomic LOWDIN Population: for POSITRON  
            H                0.500000
            H                0.500000
 
 ...end of LOWDIN Population
 
 
 END POPULATION ANALYSES 
 
 
  EXPECTED POSITIONS OF QUANTUM SPECIES:
 ======================
 
 POSITIONS IN ANGSTROMS
 ------
 
                        <x>      <y>      <z>         
                 E-   9.1018  -0.0000   0.0000
           POSITRON   2.2755   0.0000   0.0000
 
 END EXPECTED POSITIONS
 
 
  ELECTROSTATIC MOMENTS:
 ======================
 
 DIPOLE: (DEBYE)
 ------
 
                           <Dx>         <Dy>         <Dz>          |D|
                 E- -43.71803360   0.00000000  -0.00000000
           POSITRON  10.92950840   0.00000000   0.00000000
    Point charges:   21.85901680   0.00000000   0.00000000
                     ____________________________
      Total Dipole: -10.92950840   0.00000000   0.00000000  10.92950840
 
 QUADRUPOLE NON-TRACELESS: (DEBYE ANGS)
 ------
 
                           <xx>         <yy>         <zz>         <xy>         <xz>         <yz>
                 E-   -0.00000000   -0.00000000   -0.00000000   -0.00000000   -0.00000000   -0.00000000
           POSITRON    0.00000000    0.00000000    0.00000000    0.00000000    0.00000000    0.00000000
    Point charges:    99.47872033    0.00000000    0.00000000    0.00000000    0.00000000    0.00000000
  Total Quadrupole:   99.47872033    0.00000000    0.00000000    0.00000000    0.00000000    0.00000000
                     ____________________________
 
 END ELECTROSTATIC MOMENTS
 

  TOTAL CPU Time:      0.031 (s)
 TOTAL Wall Time:      0.103 (s)
  Elapsed Time:   0h  0m  0s 104ms
LOWDIN execution terminated normally at : Thu Oct 17 18:24:32 2024
-rw-rw-r-- 1 pmorenor pmorenor 704K oct 17 18:24 0E-.ints
-rw-rw-r-- 1 pmorenor pmorenor 704K oct 17 18:24 0E-.POSITRON.ints
-rw-rw-r-- 1 pmorenor pmorenor 2.1M oct 17 18:24 0POSITRON.ints
-rw-rw-r-- 1 pmorenor pmorenor 704K oct 17 18:24 1E-.ints
-rw-rw-r-- 1 pmorenor pmorenor 704K oct 17 18:24 1E-.POSITRON.ints
-rw-rw-r-- 1 pmorenor pmorenor 2.1M oct 17 18:24 1POSITRON.ints
-rw-rw-r-- 1 pmorenor pmorenor 704K oct 17 18:24 2E-.ints
-rw-rw-r-- 1 pmorenor pmorenor 704K oct 17 18:24 2E-.POSITRON.ints
-rw-rw-r-- 1 pmorenor pmorenor 2.1M oct 17 18:24 2POSITRON.ints
-rw-rw-r-- 1 pmorenor pmorenor 704K oct 17 18:24 3E-.ints
-rw-rw-r-- 1 pmorenor pmorenor 704K oct 17 18:24 3E-.POSITRON.ints
-rw-rw-r-- 1 pmorenor pmorenor 2.1M oct 17 18:24 3POSITRON.ints
-rw-rw-r-- 1 pmorenor pmorenor   12 oct 17 18:24 E-.POSITRON.nints
-rw-rw-r-- 1 pmorenor pmorenor   64 oct 17 18:24 gepol.inp
-rw-rw-r-- 1 pmorenor pmorenor   91 oct 17 18:24 gepol.xyzr
-rw-rw-r-- 1 pmorenor pmorenor 7.3K oct 17 18:24 lowdin.bas
-rw-rw-r-- 1 pmorenor pmorenor  15K oct 17 18:24 lowdin.dat
-rw-rw-r-- 1 pmorenor pmorenor 458K oct 17 18:24 lowdin.opints
-rw-rw-r-- 1 pmorenor pmorenor  18K oct 17 18:24 lowdin.sys
-rw-rw-r-- 1 pmorenor pmorenor 343K oct 17 18:24 lowdin.wfn
-rw-rw-r-- 1 pmorenor pmorenor  445 oct 17 18:24 usual_34
-rw-rw-r-- 1 pmorenor pmorenor 1.7K oct 17 18:24 usual_34.aux
-rw-rw-r-- 1 pmorenor pmorenor  449 oct 17 18:24 usual_34.lowdin
-rw-rw-r-- 1 pmorenor pmorenor  30K oct 17 18:24 usual_34.out
-rw-rw-r-- 1 pmorenor pmorenor  39K oct 17 18:24 usual_34.vec
