Begin job by input: usual_83.lowdin, for user: pmorenor  at  jue 17 oct 2024 18:24:59 -05
under operating system Linux Hefesto 5.4.0-196-generic #216-Ubuntu SMP Thu Aug 29 13:26:53 UTC 2024 x86_64 x86_64 x86_64 GNU/Linux
Compilation information
  commit: f2cffef7078af1231fe3319081e66b682883a80b
  compilation date:  mar 06 feb 2024 16:53:31 -05

BEGIN INPUT INFO:
------------------------------------

GEOMETRY
	H	Dirac	0.0 0.0 0.0
	e-(H)	6-311++G.d.p	0.0 0.0 0.0	addParticles=1
	E+	GRIBAKIN-10S4P2D	0.0 0.0 0.0
	H	Dirac	18.4 0.0 0.0
	e-(H)	6-311++G.d.p	18.4 0.0 0.0	addParticles=1
	E+ GRIBAKIN-10S4P2D     18.4 0.0 0.0	addParticles=-1
END GEOMETRY

TASKS
        method = "RHF"
END TASKS

CONTROL
	units="BOHR"
	convergenceMethod=1
	SCFGhostSpecies="POSITRON"
	overlapEigenThreshold=1E-6
	HFprintEigenvalues=T
	totalEnergyTolerance = 1E-9
END CONTROL


... END INPUT INFO


 LOWDIN execution started at : Thu Oct 17 18:24:59 2024
 ---------------------------------------------------------------
 
 ***************************************************************
 *                   LOWDIN 2.0  (May/2013)                    *
 *                                                             *
 *  R. FLORES-MORENO, E. F. POSADA, F. S. MONCADA, J.ROMERO,   *
 *  J. CHARRY, M. DIAZ-TINOCO, S. A. GONZALEZ, N. F. AGUIRRE,  *
 *  A. REYES                                                   *
 *                                                             *
 *  https://sites.google.com/site/lowdinproject/               *
 *                                                             *
 ***************************************************************
 
 PARSING INPUT... DONE!
 
 LOWDIN IS RUNNING WITH NEXT PARAMETERS: 
 ----------------------------------------
 
         METHOD TYPE:  RHF
         NUMBER OF CORES:     4
         NONELECTRONIC DENSITY GUESS: HCORE
         ELECTRONIC DENSITY GUESS: HCORE
         CRITERIUM OF CONVERGENCE: ENERGY
         NONELECTRONIC ENERGY TOLERANCE IN SCFs:     0.10000E-07
         ELECTRONIC ENERGY TOLERANCE IN SCFs:     0.10000E-07
         TOTAL ENERGY TOLERANCE IN SCFs:     0.10000E-08
         SCHEME OF ITERATION: GLOBAL ITERATIONS
         SCF MAX. SUBITERATIONS - NONELECTRONS :     1
         SCF MAX. SUBITERATIONS - ELECTRONS :     1
         SCF MAX. ITERATIONS - INTERSPECIES :   200
         INTEGRAL STORAGE: DISK
         STACK SIZE FOR ERIS : 30000
         METHOD OF SCF CONVERGENCE: DAMPING
 
  MOLECULAR SYSTEM: usual_83
 -----------------
 
    DESCRIPTION   : usual_83
    CHARGE        :   2
    PUNTUAL GROUP : NONE
 
 
  INFORMATION OF PARTICLES :
 =========================
         Total number of particles   =       7
         Number of quantum particles =       5
         Number of puntual charges   =       2
         Number of quantum species   =       2
 
                 INFORMATION OF QUANTUM SPECIES 
     ---------------------------------------------------------------------
         ID      Symbol            mass     charge     spin     multiplicity
     ---------------------------------------------------------------------
         1             E-         1.0000     -1.00      0.50      1.00
         2             E+         1.0000      1.00      0.50      1.00
 
                   CONSTANTS OF COUPLING 
      ------------------------------------------------------------
           Symbol          kappa      eta     lambda     occupation
      ------------------------------------------------------------
                 E-        -1.0      2.00      2.00      2.00
                 E+        -1.0      1.00      1.00      1.00
 
                   BASIS SET FOR SPECIES 
      ------------------------------------------------------------
           Symbol          N. Basis     N. Particles     Basis Set
      ------------------------------------------------------------
                 E-           10                4     6-311++G.D
                 E+           32                1     GRIBAKIN-1
 
                                ATOMIC BASIS
         ------------------------------------------------------------
          PRIMITIVE   SHELL             EXPONENT         COEFFICIENT 
         ------------------------------------------------------------
 
    BEGIN DESCRIPTION OF BASIS FOR:    E-
    ==============================
 
 
             H BASIS SET:   6-311++G.D.P
             1         S               33.86500000          0.02549380
             2         S                5.09479000          0.19037300
             3         S                1.15879000          0.85216100
             1         S                0.32584000          1.00000000
             1         S                0.10274100          1.00000000
             1         S                0.03600000          1.00000000
             1         P                0.75000000          1.00000000
 
             H BASIS SET:   6-311++G.D.P
             1         S               33.86500000          0.02549380
             2         S                5.09479000          0.19037300
             3         S                1.15879000          0.85216100
             1         S                0.32584000          1.00000000
             1         S                0.10274100          1.00000000
             1         S                0.03600000          1.00000000
             1         P                0.75000000          1.00000000
    ... END DESCRIPTION OF BASIS
 
 
    BEGIN DESCRIPTION OF BASIS FOR:    E+
    ==============================
 
 
            E+ BASIS SET:GRIBAKIN-10S4P2
             1         S                0.00010000          1.00000000
             1         S                0.00030000          1.00000000
             1         S                0.00090000          1.00000000
             1         S                0.00270000          1.00000000
             1         S                0.00810000          1.00000000
             1         S                0.02430000          1.00000000
             1         S                0.07290000          1.00000000
             1         S                0.21870000          1.00000000
             1         S                0.65610000          1.00000000
             1         S                1.96830000          1.00000000
             1         P                0.00010000          1.00000000
             1         P                0.00030000          1.00000000
             1         P                0.00090000          1.00000000
             1         P                0.00270000          1.00000000
             1         D                0.00010000          1.00000000
             1         D                0.00030000          1.00000000
 
            E+ BASIS SET:GRIBAKIN-10S4P2
             1         S                0.00010000          1.00000000
             1         S                0.00030000          1.00000000
             1         S                0.00090000          1.00000000
             1         S                0.00270000          1.00000000
             1         S                0.00810000          1.00000000
             1         S                0.02430000          1.00000000
             1         S                0.07290000          1.00000000
             1         S                0.21870000          1.00000000
             1         S                0.65610000          1.00000000
             1         S                1.96830000          1.00000000
             1         P                0.00010000          1.00000000
             1         P                0.00030000          1.00000000
             1         P                0.00090000          1.00000000
             1         P                0.00270000          1.00000000
             1         D                0.00010000          1.00000000
             1         D                0.00030000          1.00000000
    ... END DESCRIPTION OF BASIS
 
 
  END INFORMATION OF PARTICLES
 
 
  INFORMATION OF THE QUANTUM SYSTEM 
     ---------------------------------------------------------------------
                 ID     Occupied Orbitals     Basis size
     ---------------------------------------------------------------------
                 E-            2               14
                 E+            1               68
 
  END INFORMATION OF QUANTUM SYSTEM
 
                       INITIAL GEOMETRY: AMSTRONG
                 -----------------------------------
                       <x>                 <y>                 <z>
       E-H        0.0000000000        0.0000000000        0.0000000000
       E-H        9.7368613860        0.0000000000        0.0000000000
        E+        0.0000000000        0.0000000000        0.0000000000
        E+        9.7368613860        0.0000000000        0.0000000000
         H        0.0000000000        0.0000000000        0.0000000000
         H        9.7368613860        0.0000000000        0.0000000000
 
                     MATRIX OF DISTANCE: ANGSTROM
                 -----------------------------------
                          H(1)           H(2)      
 
        H(1)             0.000000       9.736861
        H(2)             9.736861       0.000000
 
--------------------------------------------------------------------------------
** PROGRAM: SCF (Hartree Fock).     Author: S.A. Gonzalez, E. Posada, F. Moncada
--------------------------------------------------------------------------------
INFO: RUNNING IN RHF MODE.
 
----------------------------------------------------------------------
** PROGRAM INTS                          Author: E. F. Posada, 2013   
----------------------------------------------------------------------
INFO: RUNNING IN ONE_PARTICLE MODE.
 
 Number of Overlap integrals for species E-:    196
 Number of Overlap integrals for species POSITRON:   4624
 Number of Kinetic integrals for species E-:    196
 Number of Kinetic integrals for species POSITRON:   4624
 Number of Nuclear integrals for species E-:    196
 Number of Nuclear integrals for species POSITRON:   4624
 Number of Moment integrals for species E-:    588
 Number of Moment integrals for species POSITRON:  13872
 
** TOTAL CPU Time INTS :      0.021 (s)
** TOTAL Elapsed Time INTS :      0.013 (s)
 
Removed     4 orbitals for species POSITRON with overlap eigen threshold of 1.000E-06
 Combination coefficients for E- were read from usual_83.vec
     number of         E-     particles in guess density matrix:     4.000000
 Combination coefficients for POSITRON were read from usual_83.vec
     number of   POSITRON     particles in guess density matrix:     1.000000
 Number of unique integrals for species: 1 = 976
 Number of unique integrals for species: 2 = 321377
 Number of unique integrals for species: 1 / 2 = 48664 Screened: 3267
 
 TWO-BODY INTEGRAL SETUP: 
------------------------- 
 Storage:   DISK
 Scheme: LIBINT
 Stack size:  30000
 
 LIBINT library, Fermann, J. T.; Valeev, F. L. 2010                   
 LOWDIN-LIBINT Implementation V. 2.1  Posada E. F. ; Reyes A. 2016   
 ----------------------------------------------------------------------

*** TOTAL CPU time intra-species integrals :      0.088 (s)
*** TOTAL elapsed time intra-species integrals :      0.024 (s)


*** TOTAL CPU time inter-species integrals :      0.104 (s)
*** TOTAL elapsed time inter-species integrals :      0.028 (s)

INFO: RUNNING SCHEME SIMULTANEOUS
 
 Begin Multi-Species SCF calculation:
 
 --------------------------------------------------------------------------------------------------
      Iteration                   Energy            Energy Change           Density Change
 --------------------------------------------------------------------------------------------------
              1          -1.143075343099           1.143075343099           0.000000000001
              2          -1.143075343099           0.000000000000           0.000000000001
 Total energy converged after   2 global iterations                                                  
 
 ...end Multi-Species SCF calculation
 
 
 Begin SCF calculation by: E-
 -------------------------
 
 -----------------------------------------------------------------------------------
 Iteration                   Energy           Density Change         DIIS Error 
 -----------------------------------------------------------------------------------
    1          -0.973932239385           0.000000000000                 -- 
 
 ... end SCF calculation
 
 Begin SCF calculation by: POSITRON
 -------------------------
 
 -----------------------------------------------------------------------------------
 Iteration                   Energy           Density Change         DIIS Error 
 -----------------------------------------------------------------------------------
    1          -0.223490929801           0.000000000001                 -- 
 
 ... end SCF calculation
 
  EIGENVALUES AND EIGENVECTORS: 
 ==============================
 
 
  Eigenvalues for: E-
 -----------------
 
    1           0.011758104558
    2           0.011884252739
    3           0.336288025661
    4           0.339738969096
    5           0.883771739349
    6           0.886660706287
    7           1.960992739560
    8           1.960992739560
    9           1.960992826105
   10           1.960992826105
   11           1.961154896778
   12           1.961155065046
   13           3.085349250753
   14           3.087931806586
 
 
  Eigenvalues for: POSITRON
 -----------------
 
    1          -0.223490929801
    2          -0.222344549459
    3          -0.131012863058
    4          -0.111892250862
    5          -0.096736333765
    6          -0.096736333765
    7          -0.089396595862
    8          -0.081338982046
    9          -0.081338982046
   10          -0.078605213573
   11          -0.071173672810
   12          -0.066385202491
   13          -0.051354453995
   14          -0.048205753769
   15          -0.048205753769
   16          -0.045799873737
   17          -0.043258788215
   18          -0.041894977401
   19          -0.041894977401
   20          -0.036584039808
   21          -0.032976988730
   22          -0.029392066601
   23          -0.029093227029
   24          -0.029093227029
   25          -0.027611673609
   26          -0.027611673609
   27          -0.025888840381
   28          -0.024587203142
   29          -0.024587203142
   30          -0.024396810101
   31          -0.024396810101
   32          -0.023970225726
   33          -0.023970225726
   34          -0.022663222008
   35          -0.022485098520
   36          -0.020700282304
   37          -0.020198553026
   38          -0.020198553026
   39          -0.019519424675
   40          -0.018384900525
   41          -0.018069233622
   42          -0.015730399447
   43          -0.015730399447
   44          -0.014871542783
   45          -0.014647134193
   46          -0.014480964297
   47          -0.014480964297
   48          -0.013859563542
   49          -0.013669551994
   50          -0.013669551994
   51          -0.012882865136
   52          -0.012882865135
   53          -0.012648808380
   54          -0.012648808380
   55          -0.012553251965
   56          -0.010989535383
   57          -0.010691543240
   58          -0.010079403221
   59           0.370373986861
   60           0.370938454330
   61           1.809989776682
   62           1.810326087582
   63           6.943754054106
   64           6.944181217882
   65     1000000.000000000000
   66     1000000.000000000000
   67     1000000.000000000000
   68     1000000.000000000000
 
  end of eigenvalues 
 
  Occupied Eigenvectors for: E-
 --------------------------- 
 
                           0.0118         0.0119   
 
    1      H     S      -0.108207      -0.108350
    2      H     S      -0.206504      -0.206314
    3      H     S      -0.222116      -0.223525
    4      H     S      -0.304554      -0.303439
    5      H    Px       0.000696       0.000699
    6      H    Py       0.000000       0.000000
    7      H    Pz       0.000000      -0.000000
    8      H     S      -0.108207       0.108350
    9      H     S      -0.206504       0.206314
   10      H     S      -0.222116       0.223525
   11      H     S      -0.304554       0.303439
   12      H    Px      -0.000696       0.000699
   13      H    Py       0.000000      -0.000000
   14      H    Pz       0.000000       0.000000
 
 
  Occupied Eigenvectors for: POSITRON
 --------------------------- 
 
                          -0.2235   
 
    1     E+     S      -0.134284
    2     E+     S       0.131791
    3     E+     S      -0.022550
    4     E+     S       0.007559
    5     E+     S      -0.005923
    6     E+     S      -0.454164
    7     E+     S      -0.320612
    8     E+     S       0.060160
    9     E+     S       0.014351
   10     E+     S       0.007064
   11     E+    Px       0.795517
   12     E+    Py      -0.000000
   13     E+    Pz      -0.000000
   14     E+    Px      -0.365351
   15     E+    Py      -0.000000
   16     E+    Pz       0.000000
   17     E+    Px       0.031404
   18     E+    Py      -0.000000
   19     E+    Pz      -0.000000
   20     E+    Px      -0.025748
   21     E+    Py       0.000000
   22     E+    Pz       0.000000
   23     E+   Dxx       0.126217
   24     E+   Dxy      -0.000000
   25     E+   Dxz      -0.000000
   26     E+   Dyy      -0.001770
   27     E+   Dyz      -0.000000
   28     E+   Dzz      -0.001770
   29     E+   Dxx      -0.106218
   30     E+   Dxy      -0.000000
   31     E+   Dxz       0.000000
   32     E+   Dyy      -0.007632
   33     E+   Dyz       0.000000
   34     E+   Dzz      -0.007632
   35     E+     S      -0.134284
   36     E+     S       0.131791
   37     E+     S      -0.022550
   38     E+     S       0.007559
   39     E+     S      -0.005923
   40     E+     S      -0.454164
   41     E+     S      -0.320612
   42     E+     S       0.060160
   43     E+     S       0.014351
   44     E+     S       0.007064
   45     E+    Px      -0.795517
   46     E+    Py       0.000000
   47     E+    Pz       0.000000
   48     E+    Px       0.365351
   49     E+    Py       0.000000
   50     E+    Pz      -0.000000
   51     E+    Px      -0.031404
   52     E+    Py       0.000000
   53     E+    Pz       0.000000
   54     E+    Px       0.025748
   55     E+    Py      -0.000000
   56     E+    Pz      -0.000000
   57     E+   Dxx       0.126217
   58     E+   Dxy      -0.000000
   59     E+   Dxz      -0.000000
   60     E+   Dyy      -0.001770
   61     E+   Dyz       0.000000
   62     E+   Dzz      -0.001770
   63     E+   Dxx      -0.106218
   64     E+   Dxy      -0.000000
   65     E+   Dxz       0.000000
   66     E+   Dyy      -0.007632
   67     E+   Dyz      -0.000000
   68     E+   Dzz      -0.007632
 
 
  end of eigenvectors 
 
  END OF EIGENVALUES AND EIGENVECTORS
 
 
  COMPONENTS OF KINETIC ENERGY: 
 -----------------------------
 
                  E- Kinetic energy =            0.983855369097
            POSITRON Kinetic energy =            0.052149480297
                                     _________________________
               Total kinetic energy =            1.036004849394
 
  COMPONENTS OF POTENTIAL ENERGY: 
 -------------------------------
 
          Fixed potential energy    =            0.054347826087
 
  Quantum/Fixed interaction energy: 
 ----------------------------------
 
          E-/Fixed interact. energy =           -2.979004562458
    POSITRON/Fixed interact. energy =            0.342972327676
                                     _________________________
               Total Q/Fixed energy =           -2.636032234783
 
  Coulomb energy: 
 ------------------
 
               E-/E- Hartree energy =            1.825068092089
   POSITRON/POSITRON Hartree energy =            0.000000000000
         E-/POSITRON Hartree energy =           -0.618612737774
                                     _________________________
               Total Hartree energy =            1.206455354315
 
  Exchange(HF) energy: 
 ----------------------
 
                 E- Exchange energy =           -0.803851138112
           POSITRON Exchange energy =            0.000000000000
                                     _________________________
              Total Exchange energy =           -0.803851138112
 
  TOTAL ENERGY COMPONENTS: 
 ==========================
 
          TOTAL KINETIC ENERGY      =            1.036004849394
          TOTAL POTENTIAL ENERGY    =           -2.179080192493
                                     _________________________
                       TOTAL ENERGY =           -1.143075343099
 
                 VIRIAL RATIO (V/T) =            2.103349413632
 
 
  END ENERGY COMPONENTS
 
 
** TOTAL CPU Time SCF :      0.026 (s)
** TOTAL Elapsed Time SCF :      0.058 (s)
 
 We are calculating properties for E- in the HF/KS ground state
 We are calculating properties for POSITRON in the HF/KS ground state
 
  POPULATION ANALYSES: 
 ====================
 
 MULLIKEN Population: for E-        
 ---------------------
 
                                    
 
    1      H     S       0.170302
    2      H     S       0.494965
    3      H     S       0.602212
    4      H     S       0.732519
    5      H    Px       0.000002
    6      H    Py       0.000000
    7      H    Pz       0.000000
    8      H     S       0.170302
    9      H     S       0.494965
   10      H     S       0.602212
   11      H     S       0.732519
   12      H    Px       0.000002
   13      H    Py       0.000000
   14      H    Pz       0.000000
 
                           __________
              Total =        4.000000
 
  Atomic MULLIKEN Population: for E-        
            H                2.000000
            H                2.000000
 
 ...end of MULLIKEN Population
 
 
 END POPULATION ANALYSES 
 
 
  POPULATION ANALYSES: 
 ====================
 
 LOWDIN Population: for E-        
 ---------------------
 
                                    
 
    1      H     S       0.185734
    2      H     S       0.485746
    3      H     S       0.677546
    4      H     S       0.650972
    5      H    Px       0.000002
    6      H    Py       0.000000
    7      H    Pz       0.000000
    8      H     S       0.185734
    9      H     S       0.485746
   10      H     S       0.677546
   11      H     S       0.650972
   12      H    Px       0.000002
   13      H    Py       0.000000
   14      H    Pz       0.000000
 
                           __________
              Total =        4.000000
 
  Atomic LOWDIN Population: for E-        
            H                2.000000
            H                2.000000
 
 ...end of LOWDIN Population
 
 
 END POPULATION ANALYSES 
 
 
  POPULATION ANALYSES: 
 ====================
 
 MULLIKEN Population: for POSITRON  
 ---------------------
 
                                    
 
    1     E+     S       0.007220
    2     E+     S      -0.015490
    3     E+     S       0.005375
    4     E+     S      -0.003094
    5     E+     S       0.003388
    6     E+     S       0.317050
    7     E+     S       0.203816
    8     E+     S      -0.023882
    9     E+     S      -0.002645
   10     E+     S      -0.000516
   11     E+    Px      -0.007722
   12     E+    Py       0.000000
   13     E+    Pz       0.000000
   14     E+    Px       0.012920
   15     E+    Py      -0.000000
   16     E+    Pz      -0.000000
   17     E+    Px      -0.003470
   18     E+    Py      -0.000000
   19     E+    Pz       0.000000
   20     E+    Px       0.005844
   21     E+    Py       0.000000
   22     E+    Pz       0.000000
   23     E+   Dxx      -0.000275
   24     E+   Dxy      -0.000000
   25     E+   Dxz      -0.000000
   26     E+   Dyy       0.000000
   27     E+   Dyz       0.000000
   28     E+   Dzz       0.000000
   29     E+   Dxx       0.001458
   30     E+   Dxy       0.000000
   31     E+   Dxz      -0.000000
   32     E+   Dyy       0.000012
   33     E+   Dyz      -0.000000
   34     E+   Dzz       0.000012
   35     E+     S       0.007220
   36     E+     S      -0.015490
   37     E+     S       0.005375
   38     E+     S      -0.003094
   39     E+     S       0.003388
   40     E+     S       0.317050
   41     E+     S       0.203816
   42     E+     S      -0.023882
   43     E+     S      -0.002645
   44     E+     S      -0.000516
   45     E+    Px      -0.007722
   46     E+    Py       0.000000
   47     E+    Pz      -0.000000
   48     E+    Px       0.012920
   49     E+    Py      -0.000000
   50     E+    Pz       0.000000
   51     E+    Px      -0.003470
   52     E+    Py      -0.000000
   53     E+    Pz      -0.000000
   54     E+    Px       0.005844
   55     E+    Py       0.000000
   56     E+    Pz       0.000000
   57     E+   Dxx      -0.000275
   58     E+   Dxy      -0.000000
   59     E+   Dxz      -0.000000
   60     E+   Dyy       0.000000
   61     E+   Dyz      -0.000000
   62     E+   Dzz       0.000000
   63     E+   Dxx       0.001458
   64     E+   Dxy       0.000000
   65     E+   Dxz      -0.000000
   66     E+   Dyy       0.000012
   67     E+   Dyz       0.000000
   68     E+   Dzz       0.000012
 
                           __________
              Total =        1.000000
 
  Atomic MULLIKEN Population: for POSITRON  
            H                0.500000
            H                0.500000
 
 ...end of MULLIKEN Population
 
 
 END POPULATION ANALYSES 
 
 
  POPULATION ANALYSES: 
 ====================
 
 LOWDIN Population: for POSITRON  
 ---------------------
 
                                    
 
    1     E+     S       0.000062
    2     E+     S       0.000303
    3     E+     S       0.002324
    4     E+     S       0.012164
    5     E+     S       0.064482
    6     E+     S       0.220333
    7     E+     S       0.169003
    8     E+     S       0.023826
    9     E+     S       0.000926
   10     E+     S       0.000015
   11     E+    Px       0.000000
   12     E+    Py       0.000000
   13     E+    Pz       0.000000
   14     E+    Px       0.000059
   15     E+    Py       0.000000
   16     E+    Pz       0.000000
   17     E+    Px       0.000368
   18     E+    Py       0.000000
   19     E+    Pz       0.000000
   20     E+    Px       0.006119
   21     E+    Py       0.000000
   22     E+    Pz       0.000000
   23     E+   Dxx       0.000000
   24     E+   Dxy       0.000000
   25     E+   Dxz       0.000000
   26     E+   Dyy       0.000000
   27     E+   Dyz       0.000000
   28     E+   Dzz       0.000000
   29     E+   Dxx       0.000002
   30     E+   Dxy       0.000000
   31     E+   Dxz       0.000000
   32     E+   Dyy       0.000006
   33     E+   Dyz      -0.000000
   34     E+   Dzz       0.000006
   35     E+     S       0.000062
   36     E+     S       0.000303
   37     E+     S       0.002324
   38     E+     S       0.012164
   39     E+     S       0.064482
   40     E+     S       0.220333
   41     E+     S       0.169003
   42     E+     S       0.023826
   43     E+     S       0.000926
   44     E+     S       0.000015
   45     E+    Px       0.000000
   46     E+    Py       0.000000
   47     E+    Pz       0.000000
   48     E+    Px       0.000059
   49     E+    Py       0.000000
   50     E+    Pz       0.000000
   51     E+    Px       0.000368
   52     E+    Py       0.000000
   53     E+    Pz       0.000000
   54     E+    Px       0.006119
   55     E+    Py       0.000000
   56     E+    Pz       0.000000
   57     E+   Dxx       0.000000
   58     E+   Dxy       0.000000
   59     E+   Dxz       0.000000
   60     E+   Dyy       0.000000
   61     E+   Dyz      -0.000000
   62     E+   Dzz       0.000000
   63     E+   Dxx       0.000002
   64     E+   Dxy       0.000000
   65     E+   Dxz       0.000000
   66     E+   Dyy       0.000006
   67     E+   Dyz       0.000000
   68     E+   Dzz       0.000006
 
                           __________
              Total =        1.000000
 
  Atomic LOWDIN Population: for POSITRON  
            H                0.500000
            H                0.500000
 
 ...end of LOWDIN Population
 
 
 END POPULATION ANALYSES 
 
 
  EXPECTED POSITIONS OF QUANTUM SPECIES:
 ======================
 
 POSITIONS IN ANGSTROMS
 ------
 
                        <x>      <y>      <z>         
                 E-  19.4737  -0.0000   0.0000
           POSITRON   4.8684  -0.0000  -0.0000
 
 END EXPECTED POSITIONS
 
 
  ELECTROSTATIC MOMENTS:
 ======================
 
 DIPOLE: (DEBYE)
 ------
 
                           <Dx>         <Dy>         <Dz>          |D|
                 E- -93.53625793   0.00000000  -0.00000000
           POSITRON  23.38406448  -0.00000000  -0.00000000
    Point charges:   46.76812897   0.00000000   0.00000000
                     ____________________________
      Total Dipole: -23.38406448   0.00000000  -0.00000000  23.38406448
 
 QUADRUPOLE NON-TRACELESS: (DEBYE ANGS)
 ------
 
                           <xx>         <yy>         <zz>         <xy>         <xz>         <yz>
                 E-   -0.00000000   -0.00000000   -0.00000000   -0.00000000   -0.00000000   -0.00000000
           POSITRON    0.00000000    0.00000000    0.00000000    0.00000000    0.00000000    0.00000000
    Point charges:   455.37473709    0.00000000    0.00000000    0.00000000    0.00000000    0.00000000
  Total Quadrupole:  455.37473709    0.00000000    0.00000000    0.00000000    0.00000000    0.00000000
                     ____________________________
 
 END ELECTROSTATIC MOMENTS
 

  TOTAL CPU Time:      0.034 (s)
 TOTAL Wall Time:      0.102 (s)
  Elapsed Time:   0h  0m  0s 103ms
LOWDIN execution terminated normally at : Thu Oct 17 18:24:59 2024
-rw-rw-r-- 1 pmorenor pmorenor 704K oct 17 18:24 0E-.ints
-rw-rw-r-- 1 pmorenor pmorenor 704K oct 17 18:24 0E-.POSITRON.ints
-rw-rw-r-- 1 pmorenor pmorenor 2.1M oct 17 18:24 0POSITRON.ints
-rw-rw-r-- 1 pmorenor pmorenor 704K oct 17 18:24 1E-.ints
-rw-rw-r-- 1 pmorenor pmorenor 704K oct 17 18:24 1E-.POSITRON.ints
-rw-rw-r-- 1 pmorenor pmorenor 2.1M oct 17 18:24 1POSITRON.ints
-rw-rw-r-- 1 pmorenor pmorenor 704K oct 17 18:24 2E-.ints
-rw-rw-r-- 1 pmorenor pmorenor 704K oct 17 18:24 2E-.POSITRON.ints
-rw-rw-r-- 1 pmorenor pmorenor 2.1M oct 17 18:24 2POSITRON.ints
-rw-rw-r-- 1 pmorenor pmorenor 704K oct 17 18:24 3E-.ints
-rw-rw-r-- 1 pmorenor pmorenor 704K oct 17 18:24 3E-.POSITRON.ints
-rw-rw-r-- 1 pmorenor pmorenor 2.1M oct 17 18:24 3POSITRON.ints
-rw-rw-r-- 1 pmorenor pmorenor   12 oct 17 18:24 E-.POSITRON.nints
-rw-rw-r-- 1 pmorenor pmorenor   64 oct 17 18:24 gepol.inp
-rw-rw-r-- 1 pmorenor pmorenor   91 oct 17 18:24 gepol.xyzr
-rw-rw-r-- 1 pmorenor pmorenor 7.3K oct 17 18:24 lowdin.bas
-rw-rw-r-- 1 pmorenor pmorenor  15K oct 17 18:24 lowdin.dat
-rw-rw-r-- 1 pmorenor pmorenor 458K oct 17 18:24 lowdin.opints
-rw-rw-r-- 1 pmorenor pmorenor  18K oct 17 18:24 lowdin.sys
-rw-rw-r-- 1 pmorenor pmorenor 343K oct 17 18:24 lowdin.wfn
-rw-rw-r-- 1 pmorenor pmorenor  448 oct 17 18:24 usual_83
-rw-rw-r-- 1 pmorenor pmorenor 1.7K oct 17 18:24 usual_83.aux
-rw-rw-r-- 1 pmorenor pmorenor  452 oct 17 18:24 usual_83.lowdin
-rw-rw-r-- 1 pmorenor pmorenor  30K oct 17 18:24 usual_83.out
-rw-rw-r-- 1 pmorenor pmorenor  39K oct 17 18:24 usual_83.vec
