Begin job by input: usual_239.lowdin, for user: pmorenor  at  jue 17 oct 2024 18:26:24 -05
under operating system Linux Hefesto 5.4.0-196-generic #216-Ubuntu SMP Thu Aug 29 13:26:53 UTC 2024 x86_64 x86_64 x86_64 GNU/Linux
Compilation information
  commit: f2cffef7078af1231fe3319081e66b682883a80b
  compilation date:  mar 06 feb 2024 16:53:31 -05

BEGIN INPUT INFO:
------------------------------------

GEOMETRY
	H	Dirac	0.0 0.0 0.0
	e-(H)	6-311++G.d.p	0.0 0.0 0.0	addParticles=1
	E+	GRIBAKIN-10S4P2D	0.0 0.0 0.0
	H	Dirac	49.6 0.0 0.0
	e-(H)	6-311++G.d.p	49.6 0.0 0.0	addParticles=1
	E+ GRIBAKIN-10S4P2D     49.6 0.0 0.0	addParticles=-1
END GEOMETRY

TASKS
        method = "RHF"
END TASKS

CONTROL
	units="BOHR"
	convergenceMethod=1
	SCFGhostSpecies="POSITRON"
	overlapEigenThreshold=1E-6
	HFprintEigenvalues=T
	totalEnergyTolerance = 1E-9
END CONTROL


... END INPUT INFO


 LOWDIN execution started at : Thu Oct 17 18:26:24 2024
 ---------------------------------------------------------------
 
 ***************************************************************
 *                   LOWDIN 2.0  (May/2013)                    *
 *                                                             *
 *  R. FLORES-MORENO, E. F. POSADA, F. S. MONCADA, J.ROMERO,   *
 *  J. CHARRY, M. DIAZ-TINOCO, S. A. GONZALEZ, N. F. AGUIRRE,  *
 *  A. REYES                                                   *
 *                                                             *
 *  https://sites.google.com/site/lowdinproject/               *
 *                                                             *
 ***************************************************************
 
 PARSING INPUT... DONE!
 
 LOWDIN IS RUNNING WITH NEXT PARAMETERS: 
 ----------------------------------------
 
         METHOD TYPE:  RHF
         NUMBER OF CORES:     4
         NONELECTRONIC DENSITY GUESS: HCORE
         ELECTRONIC DENSITY GUESS: HCORE
         CRITERIUM OF CONVERGENCE: ENERGY
         NONELECTRONIC ENERGY TOLERANCE IN SCFs:     0.10000E-07
         ELECTRONIC ENERGY TOLERANCE IN SCFs:     0.10000E-07
         TOTAL ENERGY TOLERANCE IN SCFs:     0.10000E-08
         SCHEME OF ITERATION: GLOBAL ITERATIONS
         SCF MAX. SUBITERATIONS - NONELECTRONS :     1
         SCF MAX. SUBITERATIONS - ELECTRONS :     1
         SCF MAX. ITERATIONS - INTERSPECIES :   200
         INTEGRAL STORAGE: DISK
         STACK SIZE FOR ERIS : 30000
         METHOD OF SCF CONVERGENCE: DAMPING
 
  MOLECULAR SYSTEM: usual_239
 -----------------
 
    DESCRIPTION   : usual_239
    CHARGE        :   2
    PUNTUAL GROUP : NONE
 
 
  INFORMATION OF PARTICLES :
 =========================
         Total number of particles   =       7
         Number of quantum particles =       5
         Number of puntual charges   =       2
         Number of quantum species   =       2
 
                 INFORMATION OF QUANTUM SPECIES 
     ---------------------------------------------------------------------
         ID      Symbol            mass     charge     spin     multiplicity
     ---------------------------------------------------------------------
         1             E-         1.0000     -1.00      0.50      1.00
         2             E+         1.0000      1.00      0.50      1.00
 
                   CONSTANTS OF COUPLING 
      ------------------------------------------------------------
           Symbol          kappa      eta     lambda     occupation
      ------------------------------------------------------------
                 E-        -1.0      2.00      2.00      2.00
                 E+        -1.0      1.00      1.00      1.00
 
                   BASIS SET FOR SPECIES 
      ------------------------------------------------------------
           Symbol          N. Basis     N. Particles     Basis Set
      ------------------------------------------------------------
                 E-           10                4     6-311++G.D
                 E+           32                1     GRIBAKIN-1
 
                                ATOMIC BASIS
         ------------------------------------------------------------
          PRIMITIVE   SHELL             EXPONENT         COEFFICIENT 
         ------------------------------------------------------------
 
    BEGIN DESCRIPTION OF BASIS FOR:    E-
    ==============================
 
 
             H BASIS SET:   6-311++G.D.P
             1         S               33.86500000          0.02549380
             2         S                5.09479000          0.19037300
             3         S                1.15879000          0.85216100
             1         S                0.32584000          1.00000000
             1         S                0.10274100          1.00000000
             1         S                0.03600000          1.00000000
             1         P                0.75000000          1.00000000
 
             H BASIS SET:   6-311++G.D.P
             1         S               33.86500000          0.02549380
             2         S                5.09479000          0.19037300
             3         S                1.15879000          0.85216100
             1         S                0.32584000          1.00000000
             1         S                0.10274100          1.00000000
             1         S                0.03600000          1.00000000
             1         P                0.75000000          1.00000000
    ... END DESCRIPTION OF BASIS
 
 
    BEGIN DESCRIPTION OF BASIS FOR:    E+
    ==============================
 
 
            E+ BASIS SET:GRIBAKIN-10S4P2
             1         S                0.00010000          1.00000000
             1         S                0.00030000          1.00000000
             1         S                0.00090000          1.00000000
             1         S                0.00270000          1.00000000
             1         S                0.00810000          1.00000000
             1         S                0.02430000          1.00000000
             1         S                0.07290000          1.00000000
             1         S                0.21870000          1.00000000
             1         S                0.65610000          1.00000000
             1         S                1.96830000          1.00000000
             1         P                0.00010000          1.00000000
             1         P                0.00030000          1.00000000
             1         P                0.00090000          1.00000000
             1         P                0.00270000          1.00000000
             1         D                0.00010000          1.00000000
             1         D                0.00030000          1.00000000
 
            E+ BASIS SET:GRIBAKIN-10S4P2
             1         S                0.00010000          1.00000000
             1         S                0.00030000          1.00000000
             1         S                0.00090000          1.00000000
             1         S                0.00270000          1.00000000
             1         S                0.00810000          1.00000000
             1         S                0.02430000          1.00000000
             1         S                0.07290000          1.00000000
             1         S                0.21870000          1.00000000
             1         S                0.65610000          1.00000000
             1         S                1.96830000          1.00000000
             1         P                0.00010000          1.00000000
             1         P                0.00030000          1.00000000
             1         P                0.00090000          1.00000000
             1         P                0.00270000          1.00000000
             1         D                0.00010000          1.00000000
             1         D                0.00030000          1.00000000
    ... END DESCRIPTION OF BASIS
 
 
  END INFORMATION OF PARTICLES
 
 
  INFORMATION OF THE QUANTUM SYSTEM 
     ---------------------------------------------------------------------
                 ID     Occupied Orbitals     Basis size
     ---------------------------------------------------------------------
                 E-            2               14
                 E+            1               68
 
  END INFORMATION OF QUANTUM SYSTEM
 
                       INITIAL GEOMETRY: AMSTRONG
                 -----------------------------------
                       <x>                 <y>                 <z>
       E-H        0.0000000000        0.0000000000        0.0000000000
       E-H       26.2471915623        0.0000000000        0.0000000000
        E+        0.0000000000        0.0000000000        0.0000000000
        E+       26.2471915623        0.0000000000        0.0000000000
         H        0.0000000000        0.0000000000        0.0000000000
         H       26.2471915623        0.0000000000        0.0000000000
 
                     MATRIX OF DISTANCE: ANGSTROM
                 -----------------------------------
                          H(1)           H(2)      
 
        H(1)             0.000000      26.247192
        H(2)            26.247192       0.000000
 
--------------------------------------------------------------------------------
** PROGRAM: SCF (Hartree Fock).     Author: S.A. Gonzalez, E. Posada, F. Moncada
--------------------------------------------------------------------------------
INFO: RUNNING IN RHF MODE.
 
----------------------------------------------------------------------
** PROGRAM INTS                          Author: E. F. Posada, 2013   
----------------------------------------------------------------------
INFO: RUNNING IN ONE_PARTICLE MODE.
 
 Number of Overlap integrals for species E-:    196
 Number of Overlap integrals for species POSITRON:   4624
 Number of Kinetic integrals for species E-:    196
 Number of Kinetic integrals for species POSITRON:   4624
 Number of Nuclear integrals for species E-:    196
 Number of Nuclear integrals for species POSITRON:   4624
 Number of Moment integrals for species E-:    588
 Number of Moment integrals for species POSITRON:  13872
 
** TOTAL CPU Time INTS :      0.027 (s)
** TOTAL Elapsed Time INTS :      0.019 (s)
 
Removed     1 orbitals for species POSITRON with overlap eigen threshold of 1.000E-06
 Combination coefficients for E- were read from usual_239.vec
     number of         E-     particles in guess density matrix:     4.000000
 Combination coefficients for POSITRON were read from usual_239.vec
     number of   POSITRON     particles in guess density matrix:     1.000000
 Number of unique integrals for species: 1 = 588
 Number of unique integrals for species: 2 = 277019
 Number of unique integrals for species: 1 / 2 = 38456 Screened: 8420
 
 TWO-BODY INTEGRAL SETUP: 
------------------------- 
 Storage:   DISK
 Scheme: LIBINT
 Stack size:  30000
 
 LIBINT library, Fermann, J. T.; Valeev, F. L. 2010                   
 LOWDIN-LIBINT Implementation V. 2.1  Posada E. F. ; Reyes A. 2016   
 ----------------------------------------------------------------------

*** TOTAL CPU time intra-species integrals :      0.079 (s)
*** TOTAL elapsed time intra-species integrals :      0.023 (s)


*** TOTAL CPU time inter-species integrals :      0.095 (s)
*** TOTAL elapsed time inter-species integrals :      0.027 (s)

INFO: RUNNING SCHEME SIMULTANEOUS
 
 Begin Multi-Species SCF calculation:
 
 --------------------------------------------------------------------------------------------------
      Iteration                   Energy            Energy Change           Density Change
 --------------------------------------------------------------------------------------------------
              1          -1.142447215767           1.142447215767           0.000000000013
              2          -1.142447215766          -0.000000000001           0.000000000015
 Total energy converged after   2 global iterations                                                  
 
 ...end Multi-Species SCF calculation
 
 
 Begin SCF calculation by: E-
 -------------------------
 
 -----------------------------------------------------------------------------------
 Iteration                   Energy           Density Change         DIIS Error 
 -----------------------------------------------------------------------------------
    1          -0.973925601677           0.000000000001                 -- 
 
 ... end SCF calculation
 
 Begin SCF calculation by: POSITRON
 -------------------------
 
 -----------------------------------------------------------------------------------
 Iteration                   Energy           Density Change         DIIS Error 
 -----------------------------------------------------------------------------------
    1          -0.188682904412           0.000000000013                 -- 
 
 ... end SCF calculation
 
  EIGENVALUES AND EIGENVECTORS: 
 ==============================
 
 
  Eigenvalues for: E-
 -----------------
 
    1          -0.022357977410
    2          -0.022357977410
    3           0.303823559736
    4           0.303823559736
    5           0.851018919849
    6           0.851018919849
    7           1.926862065219
    8           1.926862065219
    9           1.926862065219
   10           1.926862065219
   11           1.926870292822
   12           1.926870292822
   13           3.052444847354
   14           3.052444847354
 
 
  Eigenvalues for: POSITRON
 -----------------
 
    1          -0.188682904412
    2          -0.188682598166
    3          -0.089910532673
    4          -0.089846098573
    5          -0.073929829485
    6          -0.072441476376
    7          -0.070315392692
    8          -0.070315392692
    9          -0.070244870403
   10          -0.070244870403
   11          -0.057005289555
   12          -0.055469727364
   13          -0.045782536467
   14          -0.042045131282
   15          -0.042045131282
   16          -0.040596386921
   17          -0.038316821654
   18          -0.038316821654
   19          -0.036567178584
   20          -0.036349932354
   21          -0.031598919639
   22          -0.027259726485
   23          -0.027259726485
   24          -0.026826149867
   25          -0.026708066345
   26          -0.026708066345
   27          -0.024057451523
   28          -0.023961437607
   29          -0.023961437607
   30          -0.023862420859
   31          -0.023862420859
   32          -0.023705226611
   33          -0.023705226611
   34          -0.023021225174
   35          -0.021712615328
   36          -0.020639140398
   37          -0.020639140398
   38          -0.019770382760
   39          -0.018909996450
   40          -0.017344532424
   41          -0.015352826465
   42          -0.015352826465
   43          -0.015115854056
   44          -0.014483467093
   45          -0.014162641453
   46          -0.014162641453
   47          -0.014150655444
   48          -0.014150655444
   49          -0.013531784000
   50          -0.012762245908
   51          -0.012762245908
   52          -0.012653492819
   53          -0.012653492819
   54          -0.011974156845
   55          -0.011213187090
   56          -0.011213187090
   57          -0.011070964514
   58          -0.010504274784
   59          -0.009892286973
   60           0.009195816320
   61           0.009547519191
   62           0.403866830947
   63           0.404133026219
   64           1.843693582924
   65           1.843901264587
   66           6.977597596380
   67           6.977780114421
   68     1000000.000000000000
 
  end of eigenvalues 
 
  Occupied Eigenvectors for: E-
 --------------------------- 
 
                          -0.0224        -0.0224   
 
    1      H     S      -0.127130       0.085361
    2      H     S      -0.242344       0.162720
    3      H     S      -0.261612       0.175657
    4      H     S      -0.356927       0.239656
    5      H    Px       0.000113      -0.000076
    6      H    Py      -0.000000      -0.000000
    7      H    Pz       0.000000      -0.000000
    8      H     S       0.085361       0.127130
    9      H     S       0.162720       0.242344
   10      H     S       0.175657       0.261612
   11      H     S       0.239656       0.356927
   12      H    Px       0.000076       0.000113
   13      H    Py      -0.000000       0.000000
   14      H    Pz       0.000000       0.000000
 
 
  Occupied Eigenvectors for: POSITRON
 --------------------------- 
 
                          -0.1887   
 
    1     E+     S       0.000671
    2     E+     S      -0.179323
    3     E+     S       0.027126
    4     E+     S      -0.027198
    5     E+     S       0.027138
    6     E+     S      -0.478165
    7     E+     S      -0.319524
    8     E+     S       0.059114
    9     E+     S       0.015007
   10     E+     S       0.007061
   11     E+    Px       0.004376
   12     E+    Py       0.000000
   13     E+    Pz       0.000000
   14     E+    Px      -0.083185
   15     E+    Py      -0.000000
   16     E+    Pz      -0.000000
   17     E+    Px       0.005238
   18     E+    Py      -0.000000
   19     E+    Pz       0.000000
   20     E+    Px      -0.003185
   21     E+    Py       0.000000
   22     E+    Pz      -0.000000
   23     E+   Dxx       0.003972
   24     E+   Dxy       0.000000
   25     E+   Dxz       0.000000
   26     E+   Dyy       0.002660
   27     E+   Dyz      -0.000000
   28     E+   Dzz       0.002660
   29     E+   Dxx      -0.015265
   30     E+   Dxy      -0.000000
   31     E+   Dxz      -0.000000
   32     E+   Dyy       0.006818
   33     E+   Dyz       0.000000
   34     E+   Dzz       0.006818
   35     E+     S      -0.000671
   36     E+     S       0.179323
   37     E+     S      -0.027126
   38     E+     S       0.027198
   39     E+     S      -0.027138
   40     E+     S       0.478165
   41     E+     S       0.319524
   42     E+     S      -0.059114
   43     E+     S      -0.015007
   44     E+     S      -0.007061
   45     E+    Px       0.004376
   46     E+    Py      -0.000000
   47     E+    Pz      -0.000000
   48     E+    Px      -0.083185
   49     E+    Py       0.000000
   50     E+    Pz       0.000000
   51     E+    Px       0.005238
   52     E+    Py      -0.000000
   53     E+    Pz      -0.000000
   54     E+    Px      -0.003185
   55     E+    Py       0.000000
   56     E+    Pz      -0.000000
   57     E+   Dxx      -0.003972
   58     E+   Dxy       0.000000
   59     E+   Dxz       0.000000
   60     E+   Dyy      -0.002660
   61     E+   Dyz       0.000000
   62     E+   Dzz      -0.002660
   63     E+   Dxx       0.015265
   64     E+   Dxy      -0.000000
   65     E+   Dxz      -0.000000
   66     E+   Dyy      -0.006818
   67     E+   Dyz      -0.000000
   68     E+   Dzz      -0.006818
 
 
  end of eigenvectors 
 
  END OF EIGENVALUES AND EIGENVECTORS
 
 
  COMPONENTS OF KINETIC ENERGY: 
 -----------------------------
 
                  E- Kinetic energy =            0.983847325953
            POSITRON Kinetic energy =            0.054283591860
                                     _________________________
               Total kinetic energy =            1.038130917813
 
  COMPONENTS OF POTENTIAL ENERGY: 
 -------------------------------
 
          Fixed potential energy    =            0.020161290323
 
  Quantum/Fixed interaction energy: 
 ----------------------------------
 
          E-/Fixed interact. energy =           -2.842266619667
    POSITRON/Fixed interact. energy =            0.311775170936
                                     _________________________
               Total Q/Fixed energy =           -2.530491448731
 
  Coulomb energy: 
 ------------------
 
               E-/E- Hartree energy =            1.688342719684
   POSITRON/POSITRON Hartree energy =            0.000000000000
         E-/POSITRON Hartree energy =           -0.554741667208
                                     _________________________
               Total Hartree energy =            1.133601052476
 
  Exchange(HF) energy: 
 ----------------------
 
                 E- Exchange energy =           -0.803849027647
           POSITRON Exchange energy =            0.000000000000
                                     _________________________
              Total Exchange energy =           -0.803849027647
 
  TOTAL ENERGY COMPONENTS: 
 ==========================
 
          TOTAL KINETIC ENERGY      =            1.038130917813
          TOTAL POTENTIAL ENERGY    =           -2.180578133580
                                     _________________________
                       TOTAL ENERGY =           -1.142447215766
 
                 VIRIAL RATIO (V/T) =            2.100484723230
 
 
  END ENERGY COMPONENTS
 
 
** TOTAL CPU Time SCF :      0.024 (s)
** TOTAL Elapsed Time SCF :      0.064 (s)
 
 We are calculating properties for E- in the HF/KS ground state
 We are calculating properties for POSITRON in the HF/KS ground state
 
  POPULATION ANALYSES: 
 ====================
 
 MULLIKEN Population: for E-        
 ---------------------
 
                                    
 
    1      H     S       0.170303
    2      H     S       0.494963
    3      H     S       0.602207
    4      H     S       0.732527
    5      H    Px       0.000000
    6      H    Py       0.000000
    7      H    Pz       0.000000
    8      H     S       0.170303
    9      H     S       0.494963
   10      H     S       0.602207
   11      H     S       0.732527
   12      H    Px       0.000000
   13      H    Py       0.000000
   14      H    Pz       0.000000
 
                           __________
              Total =        4.000000
 
  Atomic MULLIKEN Population: for E-        
            H                2.000000
            H                2.000000
 
 ...end of MULLIKEN Population
 
 
 END POPULATION ANALYSES 
 
 
  POPULATION ANALYSES: 
 ====================
 
 LOWDIN Population: for E-        
 ---------------------
 
                                    
 
    1      H     S       0.185734
    2      H     S       0.485744
    3      H     S       0.677546
    4      H     S       0.650976
    5      H    Px       0.000000
    6      H    Py       0.000000
    7      H    Pz       0.000000
    8      H     S       0.185734
    9      H     S       0.485744
   10      H     S       0.677546
   11      H     S       0.650976
   12      H    Px       0.000000
   13      H    Py       0.000000
   14      H    Pz       0.000000
 
                           __________
              Total =        4.000000
 
  Atomic LOWDIN Population: for E-        
            H                2.000000
            H                2.000000
 
 ...end of LOWDIN Population
 
 
 END POPULATION ANALYSES 
 
 
  POPULATION ANALYSES: 
 ====================
 
 MULLIKEN Population: for POSITRON  
 ---------------------
 
                                    
 
    1     E+     S      -0.000004
    2     E+     S       0.005698
    3     E+     S      -0.003243
    4     E+     S       0.007641
    5     E+     S      -0.013742
    6     E+     S       0.330561
    7     E+     S       0.204682
    8     E+     S      -0.023716
    9     E+     S      -0.002797
   10     E+     S      -0.000522
   11     E+    Px       0.000092
   12     E+    Py      -0.000000
   13     E+    Pz       0.000000
   14     E+    Px      -0.004177
   15     E+    Py       0.000000
   16     E+    Pz      -0.000000
   17     E+    Px       0.000238
   18     E+    Py       0.000000
   19     E+    Pz       0.000000
   20     E+    Px      -0.000005
   21     E+    Py      -0.000000
   22     E+    Pz      -0.000000
   23     E+   Dxx       0.000048
   24     E+   Dxy      -0.000000
   25     E+   Dxz       0.000000
   26     E+   Dyy      -0.000000
   27     E+   Dyz       0.000000
   28     E+   Dzz      -0.000000
   29     E+   Dxx      -0.000747
   30     E+   Dxy       0.000000
   31     E+   Dxz      -0.000000
   32     E+   Dyy      -0.000003
   33     E+   Dyz      -0.000000
   34     E+   Dzz      -0.000003
   35     E+     S      -0.000004
   36     E+     S       0.005698
   37     E+     S      -0.003243
   38     E+     S       0.007641
   39     E+     S      -0.013742
   40     E+     S       0.330561
   41     E+     S       0.204682
   42     E+     S      -0.023716
   43     E+     S      -0.002797
   44     E+     S      -0.000522
   45     E+    Px       0.000092
   46     E+    Py       0.000000
   47     E+    Pz      -0.000000
   48     E+    Px      -0.004177
   49     E+    Py      -0.000000
   50     E+    Pz       0.000000
   51     E+    Px       0.000238
   52     E+    Py       0.000000
   53     E+    Pz      -0.000000
   54     E+    Px      -0.000005
   55     E+    Py      -0.000000
   56     E+    Pz       0.000000
   57     E+   Dxx       0.000048
   58     E+   Dxy       0.000000
   59     E+   Dxz      -0.000000
   60     E+   Dyy      -0.000000
   61     E+   Dyz       0.000000
   62     E+   Dzz      -0.000000
   63     E+   Dxx      -0.000747
   64     E+   Dxy      -0.000000
   65     E+   Dxz       0.000000
   66     E+   Dyy      -0.000003
   67     E+   Dyz       0.000000
   68     E+   Dzz      -0.000003
 
                           __________
              Total =        1.000000
 
  Atomic MULLIKEN Population: for POSITRON  
            H                0.500000
            H                0.500000
 
 ...end of MULLIKEN Population
 
 
 END POPULATION ANALYSES 
 
 
  POPULATION ANALYSES: 
 ====================
 
 LOWDIN Population: for POSITRON  
 ---------------------
 
                                    
 
    1     E+     S       0.000001
    2     E+     S       0.000041
    3     E+     S       0.000737
    4     E+     S       0.007512
    5     E+     S       0.058609
    6     E+     S       0.231781
    7     E+     S       0.175464
    8     E+     S       0.024588
    9     E+     S       0.000967
   10     E+     S       0.000016
   11     E+    Px       0.000011
   12     E+    Py       0.000000
   13     E+    Pz       0.000000
   14     E+    Px       0.000076
   15     E+    Py       0.000000
   16     E+    Pz       0.000000
   17     E+    Px       0.000072
   18     E+    Py       0.000000
   19     E+    Pz       0.000000
   20     E+    Px       0.000009
   21     E+    Py       0.000000
   22     E+    Pz       0.000000
   23     E+   Dxx       0.000004
   24     E+   Dxy       0.000000
   25     E+   Dxz       0.000000
   26     E+   Dyy       0.000000
   27     E+   Dyz       0.000000
   28     E+   Dzz       0.000000
   29     E+   Dxx       0.000110
   30     E+   Dxy       0.000000
   31     E+   Dxz       0.000000
   32     E+   Dyy       0.000001
   33     E+   Dyz       0.000000
   34     E+   Dzz       0.000001
   35     E+     S       0.000001
   36     E+     S       0.000041
   37     E+     S       0.000737
   38     E+     S       0.007512
   39     E+     S       0.058609
   40     E+     S       0.231781
   41     E+     S       0.175464
   42     E+     S       0.024588
   43     E+     S       0.000967
   44     E+     S       0.000016
   45     E+    Px       0.000011
   46     E+    Py       0.000000
   47     E+    Pz       0.000000
   48     E+    Px       0.000076
   49     E+    Py       0.000000
   50     E+    Pz       0.000000
   51     E+    Px       0.000072
   52     E+    Py       0.000000
   53     E+    Pz       0.000000
   54     E+    Px       0.000009
   55     E+    Py       0.000000
   56     E+    Pz       0.000000
   57     E+   Dxx       0.000004
   58     E+   Dxy      -0.000000
   59     E+   Dxz       0.000000
   60     E+   Dyy       0.000000
   61     E+   Dyz       0.000000
   62     E+   Dzz       0.000000
   63     E+   Dxx       0.000110
   64     E+   Dxy       0.000000
   65     E+   Dxz       0.000000
   66     E+   Dyy       0.000001
   67     E+   Dyz       0.000000
   68     E+   Dzz       0.000001
 
                           __________
              Total =        1.000000
 
  Atomic LOWDIN Population: for POSITRON  
            H                0.500000
            H                0.500000
 
 ...end of LOWDIN Population
 
 
 END POPULATION ANALYSES 
 
 
  EXPECTED POSITIONS OF QUANTUM SPECIES:
 ======================
 
 POSITIONS IN ANGSTROMS
 ------
 
                        <x>      <y>      <z>         
                 E-  52.4944   0.0000  -0.0000
           POSITRON  13.1236   0.0000   0.0000
 
 END EXPECTED POSITIONS
 
 
  ELECTROSTATIC MOMENTS:
 ======================
 
 DIPOLE: (DEBYE)
 ------
 
                           <Dx>         <Dy>         <Dz>          |D|
                 E--252.14121704  -0.00000000   0.00000000
           POSITRON  63.03530437   0.00000000   0.00000000
    Point charges:  126.07060852   0.00000000   0.00000000
                     ____________________________
      Total Dipole: -63.03530415   0.00000000   0.00000000  63.03530415
 
 QUADRUPOLE NON-TRACELESS: (DEBYE ANGS)
 ------
 
                           <xx>         <yy>         <zz>         <xy>         <xz>         <yz>
                 E-   -0.00000000   -0.00000000   -0.00000000   -0.00000000   -0.00000000   -0.00000000
           POSITRON    0.00000000    0.00000000    0.00000000    0.00000000    0.00000000    0.00000000
    Point charges:  3308.99903473    0.00000000    0.00000000    0.00000000    0.00000000    0.00000000
  Total Quadrupole: 3308.99903473    0.00000000    0.00000000    0.00000000    0.00000000    0.00000000
                     ____________________________
 
 END ELECTROSTATIC MOMENTS
 

  TOTAL CPU Time:      0.030 (s)
 TOTAL Wall Time:      0.106 (s)
  Elapsed Time:   0h  0m  0s 105ms
LOWDIN execution terminated normally at : Thu Oct 17 18:26:24 2024
-rw-rw-r-- 1 pmorenor pmorenor 704K oct 17 18:26 0E-.ints
-rw-rw-r-- 1 pmorenor pmorenor 704K oct 17 18:26 0E-.POSITRON.ints
-rw-rw-r-- 1 pmorenor pmorenor 2.1M oct 17 18:26 0POSITRON.ints
-rw-rw-r-- 1 pmorenor pmorenor 704K oct 17 18:26 1E-.ints
-rw-rw-r-- 1 pmorenor pmorenor 704K oct 17 18:26 1E-.POSITRON.ints
-rw-rw-r-- 1 pmorenor pmorenor 2.1M oct 17 18:26 1POSITRON.ints
-rw-rw-r-- 1 pmorenor pmorenor 704K oct 17 18:26 2E-.ints
-rw-rw-r-- 1 pmorenor pmorenor 704K oct 17 18:26 2E-.POSITRON.ints
-rw-rw-r-- 1 pmorenor pmorenor 2.1M oct 17 18:26 2POSITRON.ints
-rw-rw-r-- 1 pmorenor pmorenor 704K oct 17 18:26 3E-.ints
-rw-rw-r-- 1 pmorenor pmorenor 704K oct 17 18:26 3E-.POSITRON.ints
-rw-rw-r-- 1 pmorenor pmorenor 2.1M oct 17 18:26 3POSITRON.ints
-rw-rw-r-- 1 pmorenor pmorenor   12 oct 17 18:26 E-.POSITRON.nints
-rw-rw-r-- 1 pmorenor pmorenor   65 oct 17 18:26 gepol.inp
-rw-rw-r-- 1 pmorenor pmorenor   91 oct 17 18:26 gepol.xyzr
-rw-rw-r-- 1 pmorenor pmorenor 7.3K oct 17 18:26 lowdin.bas
-rw-rw-r-- 1 pmorenor pmorenor  15K oct 17 18:26 lowdin.dat
-rw-rw-r-- 1 pmorenor pmorenor 458K oct 17 18:26 lowdin.opints
-rw-rw-r-- 1 pmorenor pmorenor  18K oct 17 18:26 lowdin.sys
-rw-rw-r-- 1 pmorenor pmorenor 343K oct 17 18:26 lowdin.wfn
-rw-rw-r-- 1 pmorenor pmorenor  448 oct 17 18:26 usual_239
-rw-rw-r-- 1 pmorenor pmorenor 1.7K oct 17 18:26 usual_239.aux
-rw-rw-r-- 1 pmorenor pmorenor  452 oct 17 18:26 usual_239.lowdin
-rw-rw-r-- 1 pmorenor pmorenor  30K oct 17 18:26 usual_239.out
-rw-rw-r-- 1 pmorenor pmorenor  39K oct 17 18:26 usual_239.vec
