Begin job by input: H-_e+_noSCF.lowdin, for user: pmorenor  at  mié 02 oct 2024 16:20:06 -05
under operating system Linux Hefesto 5.4.0-196-generic #216-Ubuntu SMP Thu Aug 29 13:26:53 UTC 2024 x86_64 x86_64 x86_64 GNU/Linux
Compilation information
  commit: f2cffef7078af1231fe3319081e66b682883a80b
  compilation date:  mar 06 feb 2024 16:53:31 -05

BEGIN INPUT INFO:
------------------------------------

GEOMETRY
        e-(H) 6-311++G.d.p 0 0 0 addParticles=1
	E+ GRIBAKIN-10S4P2D        0  0  0.00
        H     dirac	   0 0 0
END GEOMETRY

TASKS
        method = "RHF"
END TASKS

CONTROL
	units="BOHRS"
	readCoefficients=T
	convergenceMethod=1
	overlapEigenThreshold=1E-6
	readCoefficients=T
	scfElectronicMaxIterations=0
	HFprintEigenvalues=T
	totalEnergyTolerance = 1E-9
END CONTROL


... END INPUT INFO


 LOWDIN execution started at : Wed Oct  2 16:20:06 2024
 ---------------------------------------------------------------
 
 ***************************************************************
 *                   LOWDIN 2.0  (May/2013)                    *
 *                                                             *
 *  R. FLORES-MORENO, E. F. POSADA, F. S. MONCADA, J.ROMERO,   *
 *  J. CHARRY, M. DIAZ-TINOCO, S. A. GONZALEZ, N. F. AGUIRRE,  *
 *  A. REYES                                                   *
 *                                                             *
 *  https://sites.google.com/site/lowdinproject/               *
 *                                                             *
 ***************************************************************
 
 PARSING INPUT... DONE!
 
 LOWDIN IS RUNNING WITH NEXT PARAMETERS: 
 ----------------------------------------
 
         METHOD TYPE:  RHF
         NUMBER OF CORES:     4
         NONELECTRONIC DENSITY GUESS: HCORE
         ELECTRONIC DENSITY GUESS: HCORE
         CRITERIUM OF CONVERGENCE: ENERGY
         NONELECTRONIC ENERGY TOLERANCE IN SCFs:     0.10000E-07
         ELECTRONIC ENERGY TOLERANCE IN SCFs:     0.10000E-07
         TOTAL ENERGY TOLERANCE IN SCFs:     0.10000E-08
         SCHEME OF ITERATION: GLOBAL ITERATIONS
         SCF MAX. SUBITERATIONS - NONELECTRONS :     1
         SCF MAX. SUBITERATIONS - ELECTRONS :     1
         SCF MAX. ITERATIONS - INTERSPECIES :   200
         INTEGRAL STORAGE: DISK
         STACK SIZE FOR ERIS : 30000
         METHOD OF SCF CONVERGENCE: DAMPING
 
  MOLECULAR SYSTEM: H-_e+_noSCF
 -----------------
 
    DESCRIPTION   : H-_e+_noSCF
    CHARGE        :   1
    PUNTUAL GROUP : NONE
 
 
  INFORMATION OF PARTICLES :
 =========================
         Total number of particles   =       4
         Number of quantum particles =       3
         Number of puntual charges   =       1
         Number of quantum species   =       2
 
                 INFORMATION OF QUANTUM SPECIES 
     ---------------------------------------------------------------------
         ID      Symbol            mass     charge     spin     multiplicity
     ---------------------------------------------------------------------
         1             E-         1.0000     -1.00      0.50      1.00
         2             E+         1.0000      1.00      0.50      1.00
 
                   CONSTANTS OF COUPLING 
      ------------------------------------------------------------
           Symbol          kappa      eta     lambda     occupation
      ------------------------------------------------------------
                 E-        -1.0      2.00      2.00      1.00
                 E+        -1.0      1.00      1.00      1.00
 
                   BASIS SET FOR SPECIES 
      ------------------------------------------------------------
           Symbol          N. Basis     N. Particles     Basis Set
      ------------------------------------------------------------
                 E-            5                2     6-311++G.D
                 E+           16                1     GRIBAKIN-1
 
                                ATOMIC BASIS
         ------------------------------------------------------------
          PRIMITIVE   SHELL             EXPONENT         COEFFICIENT 
         ------------------------------------------------------------
 
    BEGIN DESCRIPTION OF BASIS FOR:    E-
    ==============================
 
 
             H BASIS SET:   6-311++G.D.P
             1         S               33.86500000          0.02549380
             2         S                5.09479000          0.19037300
             3         S                1.15879000          0.85216100
             1         S                0.32584000          1.00000000
             1         S                0.10274100          1.00000000
             1         S                0.03600000          1.00000000
             1         P                0.75000000          1.00000000
    ... END DESCRIPTION OF BASIS
 
 
    BEGIN DESCRIPTION OF BASIS FOR:    E+
    ==============================
 
 
            E+ BASIS SET:GRIBAKIN-10S4P2
             1         S                0.00010000          1.00000000
             1         S                0.00030000          1.00000000
             1         S                0.00090000          1.00000000
             1         S                0.00270000          1.00000000
             1         S                0.00810000          1.00000000
             1         S                0.02430000          1.00000000
             1         S                0.07290000          1.00000000
             1         S                0.21870000          1.00000000
             1         S                0.65610000          1.00000000
             1         S                1.96830000          1.00000000
             1         P                0.00010000          1.00000000
             1         P                0.00030000          1.00000000
             1         P                0.00090000          1.00000000
             1         P                0.00270000          1.00000000
             1         D                0.00010000          1.00000000
             1         D                0.00030000          1.00000000
    ... END DESCRIPTION OF BASIS
 
 
  END INFORMATION OF PARTICLES
 
 
  INFORMATION OF THE QUANTUM SYSTEM 
     ---------------------------------------------------------------------
                 ID     Occupied Orbitals     Basis size
     ---------------------------------------------------------------------
                 E-            1                7
                 E+            1               34
 
  END INFORMATION OF QUANTUM SYSTEM
 
                       INITIAL GEOMETRY: AMSTRONG
                 -----------------------------------
                       <x>                 <y>                 <z>
       E-H        0.0000000000        0.0000000000        0.0000000000
        E+        0.0000000000        0.0000000000        0.0000000000
         H        0.0000000000        0.0000000000        0.0000000000
 
                     MATRIX OF DISTANCE: ANGSTROM
                 -----------------------------------
                          H(1)      
 
        H(1)             0.000000
 
--------------------------------------------------------------------------------
** PROGRAM: SCF (Hartree Fock).     Author: S.A. Gonzalez, E. Posada, F. Moncada
--------------------------------------------------------------------------------
INFO: RUNNING IN RHF MODE.
 
----------------------------------------------------------------------
** PROGRAM INTS                          Author: E. F. Posada, 2013   
----------------------------------------------------------------------
INFO: RUNNING IN ONE_PARTICLE MODE.
 
 Number of Overlap integrals for species E-:     49
 Number of Overlap integrals for species POSITRON:   1156
 Number of Kinetic integrals for species E-:     49
 Number of Kinetic integrals for species POSITRON:   1156
 Number of Nuclear integrals for species E-:     49
 Number of Nuclear integrals for species POSITRON:   1156
 Number of Moment integrals for species E-:    147
 Number of Moment integrals for species POSITRON:   3468
 
** TOTAL CPU Time INTS :      0.012 (s)
** TOTAL Elapsed Time INTS :      0.006 (s)
 
 Combination coefficients for E- were read from H-_e+_noSCF.vec
     number of         E-     particles in guess density matrix:     2.000000
 Combination coefficients for POSITRON were read from H-_e+_noSCF.vec
     number of   POSITRON     particles in guess density matrix:     1.000000
 Number of unique integrals for species: 1 = 115
 Number of unique integrals for species: 2 = 13879
 Number of unique integrals for species: 1 / 2 = 3391 Screened: 0
 
 TWO-BODY INTEGRAL SETUP: 
------------------------- 
 Storage:   DISK
 Scheme: LIBINT
 Stack size:  30000
 
 LIBINT library, Fermann, J. T.; Valeev, F. L. 2010                   
 LOWDIN-LIBINT Implementation V. 2.1  Posada E. F. ; Reyes A. 2016   
 ----------------------------------------------------------------------

*** TOTAL CPU time intra-species integrals :      0.022 (s)
*** TOTAL elapsed time intra-species integrals :      0.007 (s)


*** TOTAL CPU time inter-species integrals :      0.023 (s)
*** TOTAL elapsed time inter-species integrals :      0.008 (s)

INFO: RUNNING SCHEME SIMULTANEOUS
 
 Begin Multi-Species SCF calculation:
 
 --------------------------------------------------------------------------------------------------
      Iteration                   Energy            Energy Change           Density Change
 --------------------------------------------------------------------------------------------------
              1          -0.666626567863           0.666626567863           0.000000055725
              2          -0.666626567863           0.000000000000           0.000000028048
 Total energy converged after   2 global iterations                                                  
 
 ...end Multi-Species SCF calculation
 
 
 Begin SCF calculation by: E-
 -------------------------
 
 -----------------------------------------------------------------------------------
 Iteration                   Energy           Density Change         DIIS Error 
 -----------------------------------------------------------------------------------
    1          -1.062142494640           0.000000024148                 -- 
 
 ... end SCF calculation
 
 Begin SCF calculation by: POSITRON
 -------------------------
 
 -----------------------------------------------------------------------------------
 Iteration                   Energy           Density Change         DIIS Error 
 -----------------------------------------------------------------------------------
    1          -0.190298819100           0.000000003901                 -- 
 
 ... end SCF calculation
 
  EIGENVALUES AND EIGENVECTORS: 
 ==============================
 
 
  Eigenvalues for: E-
 -----------------
 
    1          -0.297890398899
    2           0.103963458101
    3           0.605394649236
    4           1.671223093974
    5           1.671223093974
    6           1.671223093974
    7           2.816942254026
 
 
  Eigenvalues for: POSITRON
 -----------------
 
    1          -0.190298819100
    2          -0.074211068309
    3          -0.050755549137
    4          -0.050755549137
    5          -0.050755549137
    6          -0.038629491324
    7          -0.023442297470
    8          -0.023442297470
    9          -0.023442297470
   10          -0.023276483354
   11          -0.015061521937
   12          -0.014104531626
   13          -0.014104531626
   14          -0.014104531626
   15          -0.014104531626
   16          -0.014104531626
   17          -0.013123878295
   18          -0.013123878295
   19          -0.013123878295
   20          -0.010232298742
   21          -0.007548805549
   22          -0.007548805549
   23          -0.007548805549
   24          -0.007232578657
   25          -0.007073635308
   26          -0.007073635308
   27          -0.007073635308
   28          -0.007073635308
   29          -0.007073635308
   30          -0.005233931575
   31           0.017808980976
   32           0.378722799705
   33           1.777502337637
   34           6.872788675920
 
  end of eigenvalues 
 
  Occupied Eigenvectors for: E-
 --------------------------- 
 
                          -0.2979   
 
    1      H     S      -0.167142
    2      H     S      -0.302680
    3      H     S      -0.506084
    4      H     S      -0.182898
    5      H    Px       0.000000
    6      H    Py      -0.000000
    7      H    Pz       0.000000
 
 
  Occupied Eigenvectors for: POSITRON
 --------------------------- 
 
                          -0.1903   
 
    1     E+     S      -0.023057
    2     E+     S      -0.021291
    3     E+     S       0.035481
    4     E+     S      -0.037846
    5     E+     S       0.053534
    6     E+     S      -0.521296
    7     E+     S      -0.595442
    8     E+     S       0.034140
    9     E+     S       0.033524
   10     E+     S       0.012083
   11     E+    Px      -0.000000
   12     E+    Py      -0.000000
   13     E+    Pz       0.000000
   14     E+    Px       0.000000
   15     E+    Py       0.000000
   16     E+    Pz      -0.000000
   17     E+    Px      -0.000000
   18     E+    Py      -0.000000
   19     E+    Pz       0.000000
   20     E+    Px       0.000000
   21     E+    Py       0.000000
   22     E+    Pz      -0.000000
   23     E+   Dxx       0.003320
   24     E+   Dxy      -0.000000
   25     E+   Dxz       0.000000
   26     E+   Dyy       0.003320
   27     E+   Dyz       0.000000
   28     E+   Dzz       0.003320
   29     E+   Dxx       0.011032
   30     E+   Dxy       0.000000
   31     E+   Dxz      -0.000000
   32     E+   Dyy       0.011032
   33     E+   Dyz      -0.000000
   34     E+   Dzz       0.011032
 
 
  end of eigenvectors 
 
  END OF EIGENVALUES AND EIGENVECTORS
 
 
  COMPONENTS OF KINETIC ENERGY: 
 -----------------------------
 
                  E- Kinetic energy =            0.597885970275
            POSITRON Kinetic energy =            0.067368794543
                                     _________________________
               Total kinetic energy =            0.665254764818
 
  COMPONENTS OF POTENTIAL ENERGY: 
 -------------------------------
 
          Fixed potential energy    =            0.000000000000
 
  Quantum/Fixed interaction energy: 
 ----------------------------------
 
          E-/Fixed interact. energy =           -1.540575419157
    POSITRON/Fixed interact. energy =            0.328147151778
                                     _________________________
               Total Q/Fixed energy =           -1.212428267378
 
  Coulomb energy: 
 ------------------
 
               E-/E- Hartree energy =            0.932723413319
   POSITRON/POSITRON Hartree energy =            0.000000000000
         E-/POSITRON Hartree energy =           -0.585814771963
                                     _________________________
               Total Hartree energy =            0.346908641356
 
  Exchange(HF) energy: 
 ----------------------
 
                 E- Exchange energy =           -0.466361706660
           POSITRON Exchange energy =            0.000000000000
                                     _________________________
              Total Exchange energy =           -0.466361706660
 
  TOTAL ENERGY COMPONENTS: 
 ==========================
 
          TOTAL KINETIC ENERGY      =            0.665254764818
          TOTAL POTENTIAL ENERGY    =           -1.331881332682
                                     _________________________
                       TOTAL ENERGY =           -0.666626567863
 
                 VIRIAL RATIO (V/T) =            2.002062071731
 
 
  END ENERGY COMPONENTS
 
 
** TOTAL CPU Time SCF :      0.012 (s)
** TOTAL Elapsed Time SCF :      0.026 (s)
 
 We are calculating properties for E- in the HF/KS ground state
 We are calculating properties for POSITRON in the HF/KS ground state
 
  POPULATION ANALYSES: 
 ====================
 
 MULLIKEN Population: for E-        
 ---------------------
 
                                    
 
    1      H     S       0.201795
    2      H     S       0.547695
    3      H     S       0.969127
    4      H     S       0.281383
    5      H    Px       0.000000
    6      H    Py       0.000000
    7      H    Pz       0.000000
 
                           __________
              Total =        2.000000
 
  Atomic MULLIKEN Population: for E-        
            H                2.000000
 
 ...end of MULLIKEN Population
 
 
 END POPULATION ANALYSES 
 
 
  POPULATION ANALYSES: 
 ====================
 
 LOWDIN Population: for E-        
 ---------------------
 
                                    
 
    1      H     S       0.221794
    2      H     S       0.609495
    3      H     S       0.775278
    4      H     S       0.393433
    5      H    Px       0.000000
    6      H    Py       0.000000
    7      H    Pz       0.000000
 
                           __________
              Total =        2.000000
 
  Atomic LOWDIN Population: for E-        
            H                2.000000
 
 ...end of LOWDIN Population
 
 
 END POPULATION ANALYSES 
 
 
  POPULATION ANALYSES: 
 ====================
 
 MULLIKEN Population: for POSITRON  
 ---------------------
 
                                    
 
    1     E+     S       0.000767
    2     E+     S       0.001599
    3     E+     S      -0.005909
    4     E+     S       0.013283
    5     E+     S      -0.034930
    6     E+     S       0.493199
    7     E+     S       0.566383
    8     E+     S      -0.022061
    9     E+     S      -0.010715
   10     E+     S      -0.001588
   11     E+    Px       0.000000
   12     E+    Py      -0.000000
   13     E+    Pz      -0.000000
   14     E+    Px       0.000000
   15     E+    Py       0.000000
   16     E+    Pz       0.000000
   17     E+    Px       0.000000
   18     E+    Py       0.000000
   19     E+    Pz      -0.000000
   20     E+    Px       0.000000
   21     E+    Py       0.000000
   22     E+    Pz       0.000000
   23     E+   Dxx      -0.000000
   24     E+   Dxy       0.000000
   25     E+   Dxz      -0.000000
   26     E+   Dyy      -0.000000
   27     E+   Dyz      -0.000000
   28     E+   Dzz      -0.000000
   29     E+   Dxx      -0.000009
   30     E+   Dxy       0.000000
   31     E+   Dxz       0.000000
   32     E+   Dyy      -0.000009
   33     E+   Dyz       0.000000
   34     E+   Dzz      -0.000009
 
                           __________
              Total =        1.000000
 
  Atomic MULLIKEN Population: for POSITRON  
            H                1.000000
 
 ...end of MULLIKEN Population
 
 
 END POPULATION ANALYSES 
 
 
  POPULATION ANALYSES: 
 ====================
 
 LOWDIN Population: for POSITRON  
 ---------------------
 
                                    
 
    1     E+     S       0.000034
    2     E+     S       0.000193
    3     E+     S       0.001192
    4     E+     S       0.010256
    5     E+     S       0.081899
    6     E+     S       0.393396
    7     E+     S       0.422534
    8     E+     S       0.085762
    9     E+     S       0.004621
   10     E+     S       0.000106
   11     E+    Px       0.000000
   12     E+    Py       0.000000
   13     E+    Pz       0.000000
   14     E+    Px       0.000000
   15     E+    Py       0.000000
   16     E+    Pz       0.000000
   17     E+    Px       0.000000
   18     E+    Py       0.000000
   19     E+    Pz       0.000000
   20     E+    Px       0.000000
   21     E+    Py       0.000000
   22     E+    Pz      -0.000000
   23     E+   Dxx       0.000000
   24     E+   Dxy       0.000000
   25     E+   Dxz       0.000000
   26     E+   Dyy       0.000000
   27     E+   Dyz       0.000000
   28     E+   Dzz       0.000000
   29     E+   Dxx       0.000002
   30     E+   Dxy       0.000000
   31     E+   Dxz       0.000000
   32     E+   Dyy       0.000002
   33     E+   Dyz       0.000000
   34     E+   Dzz       0.000002
 
                           __________
              Total =        1.000000
 
  Atomic LOWDIN Population: for POSITRON  
            H                1.000000
 
 ...end of LOWDIN Population
 
 
 END POPULATION ANALYSES 
 
 
  EXPECTED POSITIONS OF QUANTUM SPECIES:
 ======================
 
 POSITIONS IN ANGSTROMS
 ------
 
                        <x>      <y>      <z>         
                 E-  -0.0000   0.0000   0.0000
           POSITRON  -0.0000  -0.0000   0.0000
 
 END EXPECTED POSITIONS
 
 
  ELECTROSTATIC MOMENTS:
 ======================
 
 DIPOLE: (DEBYE)
 ------
 
                           <Dx>         <Dy>         <Dz>          |D|
                 E-   0.00000000  -0.00000000  -0.00000000
           POSITRON  -0.00000000  -0.00000000   0.00000000
    Point charges:    0.00000000   0.00000000   0.00000000
                     ____________________________
      Total Dipole:   0.00000000  -0.00000000   0.00000000   0.00000000
 
 QUADRUPOLE NON-TRACELESS: (DEBYE ANGS)
 ------
 
                           <xx>         <yy>         <zz>         <xy>         <xz>         <yz>
                 E-   -0.00000000   -0.00000000   -0.00000000   -0.00000000   -0.00000000   -0.00000000
           POSITRON    0.00000000    0.00000000    0.00000000    0.00000000    0.00000000    0.00000000
    Point charges:     0.00000000    0.00000000    0.00000000    0.00000000    0.00000000    0.00000000
  Total Quadrupole:    0.00000000    0.00000000    0.00000000    0.00000000    0.00000000    0.00000000
                     ____________________________
 
 END ELECTROSTATIC MOMENTS
 

  TOTAL CPU Time:      0.023 (s)
 TOTAL Wall Time:      0.059 (s)
  Elapsed Time:   0h  0m  0s  60ms
LOWDIN execution terminated normally at : Wed Oct  2 16:20:06 2024
-rw-rw-r-- 1 pmorenor pmorenor 704K oct  2 16:20 0E-.ints
-rw-rw-r-- 1 pmorenor pmorenor 704K oct  2 16:20 0E-.POSITRON.ints
-rw-rw-r-- 1 pmorenor pmorenor 704K oct  2 16:20 0POSITRON.ints
-rw-rw-r-- 1 pmorenor pmorenor 704K oct  2 16:20 1E-.ints
-rw-rw-r-- 1 pmorenor pmorenor 704K oct  2 16:20 1E-.POSITRON.ints
-rw-rw-r-- 1 pmorenor pmorenor 704K oct  2 16:20 1POSITRON.ints
-rw-rw-r-- 1 pmorenor pmorenor 704K oct  2 16:20 2E-.ints
-rw-rw-r-- 1 pmorenor pmorenor 704K oct  2 16:20 2E-.POSITRON.ints
-rw-rw-r-- 1 pmorenor pmorenor 704K oct  2 16:20 2POSITRON.ints
-rw-rw-r-- 1 pmorenor pmorenor 704K oct  2 16:20 3E-.ints
-rw-rw-r-- 1 pmorenor pmorenor 704K oct  2 16:20 3E-.POSITRON.ints
-rw-rw-r-- 1 pmorenor pmorenor 704K oct  2 16:20 3POSITRON.ints
-rw-rw-r-- 1 pmorenor pmorenor   12 oct  2 16:20 E-.POSITRON.nints
-rw-rw-r-- 1 pmorenor pmorenor   67 oct  2 16:20 gepol.inp
-rw-rw-r-- 1 pmorenor pmorenor   50 oct  2 16:20 gepol.xyzr
-rw-rw-r-- 1 pmorenor pmorenor  382 oct  2 16:20 H-_e+_noSCF
-rw-rw-r-- 1 pmorenor pmorenor 1,2K oct  2 16:20 H-_e+_noSCF.aux
-rw-rw-r-- 1 pmorenor pmorenor  386 oct  2 16:20 H-_e+_noSCF.lowdin
-rw-rw-r-- 1 pmorenor pmorenor  22K oct  2 16:20 H-_e+_noSCF.out
-rw-rw-r-- 1 pmorenor pmorenor  11K oct  2 16:20 H-_e+_noSCF.vec
-rw-rw-r-- 1 pmorenor pmorenor 3,7K oct  2 16:20 lowdin.bas
-rw-rw-r-- 1 pmorenor pmorenor  15K oct  2 16:20 lowdin.dat
-rw-rw-r-- 1 pmorenor pmorenor 119K oct  2 16:20 lowdin.opints
-rw-rw-r-- 1 pmorenor pmorenor 9,4K oct  2 16:20 lowdin.sys
-rw-rw-r-- 1 pmorenor pmorenor  88K oct  2 16:20 lowdin.wfn
