Begin job by input: only_posi_221.lowdin, for user:   at  mar 29 oct 2024 14:39:28 -05
under operating system Linux helios 5.19.0-46-generic #47-Ubuntu SMP PREEMPT_DYNAMIC Fri Jun 16 13:30:11 UTC 2023 x86_64 x86_64 x86_64 GNU/Linux
Compilation information
  commit: f31d3924f6ee2ce9d77f07edcc1ba27359319d14
  compilation date:  mar 17 sep 2024 16:16:17 -05

BEGIN INPUT INFO:
------------------------------------

GEOMETRY
	E+	GRIBAKIN-10S4P2D 0.0 0.0 0.0
	E+	GRIBAKIN-10S4P2D 46.0 0.0 0.0 addParticles=-1 
END GEOMETRY

TASKS
        method = "RHF"
END TASKS

EXTERPOTENTIAL
	E+ VPC221
END EXTERPOTENTIAL

CONTROL
	units="BOHRS"
	readCoefficients=F
	convergenceMethod=1
	overlapEigenThreshold=1E-6
	SCFGhostSpecies="POSITRON"
	HFprintEigenvalues=T
	totalEnergyTolerance = 1E-9
END CONTROL


... END INPUT INFO


 LOWDIN execution started at : Tue Oct 29 14:39:28 2024
 ---------------------------------------------------------------
 
 ***************************************************************
 *                   LOWDIN 2.0  (May/2013)                    *
 *                                                             *
 *  R. FLORES-MORENO, E. F. POSADA, F. S. MONCADA, J.ROMERO,   *
 *  J. CHARRY, M. DIAZ-TINOCO, S. A. GONZALEZ, N. F. AGUIRRE,  *
 *  A. REYES                                                   *
 *                                                             *
 *  https://sites.google.com/site/lowdinproject/               *
 *                                                             *
 ***************************************************************
 
 PARSING INPUT... DONE!
 
 LOWDIN IS RUNNING WITH NEXT PARAMETERS: 
 ----------------------------------------
 
         METHOD TYPE:  RHF
         NUMBER OF CORES:     4
         NONELECTRONIC DENSITY GUESS: HCORE
         ELECTRONIC DENSITY GUESS: HCORE
         CRITERIUM OF CONVERGENCE: ENERGY
         NONELECTRONIC ENERGY TOLERANCE IN SCFs:     0.10000E-07
         ELECTRONIC ENERGY TOLERANCE IN SCFs:     0.10000E-07
         TOTAL ENERGY TOLERANCE IN SCFs:     0.10000E-08
         SCHEME OF ITERATION: GLOBAL ITERATIONS
         SCF MAX. SUBITERATIONS - NONELECTRONS :     1
         SCF MAX. SUBITERATIONS - ELECTRONS :     1
         SCF MAX. ITERATIONS - INTERSPECIES :   200
         INTEGRAL STORAGE: DISK
         STACK SIZE FOR ERIS : 30000
         METHOD OF SCF CONVERGENCE: DAMPING
 
  MOLECULAR SYSTEM: only_posi_221
 -----------------
 
    DESCRIPTION   : only_posi_221
    CHARGE        :   2
    PUNTUAL GROUP : NONE
 
 
  INFORMATION OF PARTICLES :
 =========================
         Total number of particles   =       1
         Number of quantum particles =       1
         Number of puntual charges   =        
         Number of quantum species   =       1
 
                 INFORMATION OF QUANTUM SPECIES 
    ----------------------------------------------------------------------
         ID      Symbol            mass     charge      omega     spin     multiplicity
    ----------------------------------------------------------------------
         1             E+         1.0000      1.00      0.00      0.50      1.00
 
                   CONSTANTS OF COUPLING 
      ------------------------------------------------------------
              Symbol      kappa        eta     lambda occupation
      ------------------------------------------------------------
                  E+      -1.00       1.00       1.00       1.00
 
                   BASIS SET FOR SPECIES 
      ------------------------------------------------------------
           Symbol          N. Basis     N. Particles     Basis Set
      ------------------------------------------------------------
                 E+           32                1     GRIBAKIN-1
 
                                ATOMIC BASIS
         ------------------------------------------------------------
          PRIMITIVE   SHELL             EXPONENT         COEFFICIENT 
         ------------------------------------------------------------
 
    BEGIN DESCRIPTION OF BASIS FOR:    E+
    ==============================
 
 
            E+ BASIS SET:GRIBAKIN-10S4P2
             1         S                0.00010000          1.00000000
             1         S                0.00030000          1.00000000
             1         S                0.00090000          1.00000000
             1         S                0.00270000          1.00000000
             1         S                0.00810000          1.00000000
             1         S                0.02430000          1.00000000
             1         S                0.07290000          1.00000000
             1         S                0.21870000          1.00000000
             1         S                0.65610000          1.00000000
             1         S                1.96830000          1.00000000
             1         P                0.00010000          1.00000000
             1         P                0.00030000          1.00000000
             1         P                0.00090000          1.00000000
             1         P                0.00270000          1.00000000
             1         D                0.00010000          1.00000000
             1         D                0.00030000          1.00000000
 
            E+ BASIS SET:GRIBAKIN-10S4P2
             1         S                0.00010000          1.00000000
             1         S                0.00030000          1.00000000
             1         S                0.00090000          1.00000000
             1         S                0.00270000          1.00000000
             1         S                0.00810000          1.00000000
             1         S                0.02430000          1.00000000
             1         S                0.07290000          1.00000000
             1         S                0.21870000          1.00000000
             1         S                0.65610000          1.00000000
             1         S                1.96830000          1.00000000
             1         P                0.00010000          1.00000000
             1         P                0.00030000          1.00000000
             1         P                0.00090000          1.00000000
             1         P                0.00270000          1.00000000
             1         D                0.00010000          1.00000000
             1         D                0.00030000          1.00000000
    ... END DESCRIPTION OF BASIS
 
 
  END INFORMATION OF PARTICLES
 
 
  INFORMATION OF THE QUANTUM SYSTEM 
     ---------------------------------------------------------------------
                 ID     Occupied Orbitals     Basis size
     ---------------------------------------------------------------------
                 E+            1               68
 
  END INFORMATION OF QUANTUM SYSTEM
 
 
  INFORMATION OF EXTERNAL POTENTIALS 
 
 =======
 External Potential for E+ : VPC221
 Type : 
                     Exponent         l       R_x       R_y       R_z              Factor
                 0.0010000000         0   0.00000   0.00000   0.00000       -0.0004852612
                 0.0020000000         0   0.00000   0.00000   0.00000        0.0024441783
                 0.0040000000         0   0.00000   0.00000   0.00000       -0.0075448874
                 0.0080000000         0   0.00000   0.00000   0.00000        0.0157738437
                 0.0160000000         0   0.00000   0.00000   0.00000       -0.0371036225
                 0.0320000000         0   0.00000   0.00000   0.00000        0.0538567205
                 0.0640000000         0   0.00000   0.00000   0.00000       -0.1977562620
                 0.1280000000         0   0.00000   0.00000   0.00000        0.1521150960
                 0.2560000000         0   0.00000   0.00000   0.00000       -2.2309931100
                 0.5120000000         0   0.00000   0.00000   0.00000        7.1544406100
                 1.0000000000         0   0.00000   0.00000   0.00000      -16.4610761000
                 2.0000000000         0   0.00000   0.00000   0.00000      120.0674500000
                 3.0000000000         0   0.00000   0.00000   0.00000    -1010.4441400000
                 4.0000000000         0   0.00000   0.00000   0.00000     5912.5175500000
                 5.0000000000         0   0.00000   0.00000   0.00000   -22883.6471000000
                 6.0000000000         0   0.00000   0.00000   0.00000    58320.2479000000
                 7.0000000000         0   0.00000   0.00000   0.00000   -96733.7399000000
                 8.0000000000         0   0.00000   0.00000   0.00000   100515.5930000000
                 9.0000000000         0   0.00000   0.00000   0.00000   -59492.9273000000
                10.0000000000         0   0.00000   0.00000   0.00000    15337.5181000000
                20.0000000000         0   0.00000   0.00000   0.00000     -108.3194530000
                30.0000000000         0   0.00000   0.00000   0.00000       58.7242217000
                40.0000000000         0   0.00000   0.00000   0.00000      -33.9818623000
                50.0000000000         0   0.00000   0.00000   0.00000       10.1503518000
               100.0000000000         0   0.00000   0.00000   0.00000       -0.2039701810
                 0.0010000000         0  46.00000   0.00000   0.00000       -0.0004852612
                 0.0020000000         0  46.00000   0.00000   0.00000        0.0024441783
                 0.0040000000         0  46.00000   0.00000   0.00000       -0.0075448874
                 0.0080000000         0  46.00000   0.00000   0.00000        0.0157738437
                 0.0160000000         0  46.00000   0.00000   0.00000       -0.0371036225
                 0.0320000000         0  46.00000   0.00000   0.00000        0.0538567205
                 0.0640000000         0  46.00000   0.00000   0.00000       -0.1977562620
                 0.1280000000         0  46.00000   0.00000   0.00000        0.1521150960
                 0.2560000000         0  46.00000   0.00000   0.00000       -2.2309931100
                 0.5120000000         0  46.00000   0.00000   0.00000        7.1544406100
                 1.0000000000         0  46.00000   0.00000   0.00000      -16.4610761000
                 2.0000000000         0  46.00000   0.00000   0.00000      120.0674500000
                 3.0000000000         0  46.00000   0.00000   0.00000    -1010.4441400000
                 4.0000000000         0  46.00000   0.00000   0.00000     5912.5175500000
                 5.0000000000         0  46.00000   0.00000   0.00000   -22883.6471000000
                 6.0000000000         0  46.00000   0.00000   0.00000    58320.2479000000
                 7.0000000000         0  46.00000   0.00000   0.00000   -96733.7399000000
                 8.0000000000         0  46.00000   0.00000   0.00000   100515.5930000000
                 9.0000000000         0  46.00000   0.00000   0.00000   -59492.9273000000
                10.0000000000         0  46.00000   0.00000   0.00000    15337.5181000000
                20.0000000000         0  46.00000   0.00000   0.00000     -108.3194530000
                30.0000000000         0  46.00000   0.00000   0.00000       58.7242217000
                40.0000000000         0  46.00000   0.00000   0.00000      -33.9818623000
                50.0000000000         0  46.00000   0.00000   0.00000       10.1503518000
               100.0000000000         0  46.00000   0.00000   0.00000       -0.2039701810
 
  END INFORMATION OF EXTERNAL POTENTIALS
 
                       INITIAL GEOMETRY: AMSTRONG
                 -----------------------------------
                       <x>                 <y>                 <z>
        E+        0.0000000000        0.0000000000        0.0000000000
        E+       24.3421534650        0.0000000000        0.0000000000
 
                     MATRIX OF DISTANCE: ANGSTROM
                 -----------------------------------
                          E+(1)          E+(2)     
 
        E+(1)            0.000000      24.342153
        E+(2)           24.342153       0.000000
 
--------------------------------------------------------------------------------
** PROGRAM: SCF (Hartree Fock).     Author: S.A. Gonzalez, E. Posada, F. Moncada
--------------------------------------------------------------------------------
INFO: RUNNING IN RHF MODE.
 
----------------------------------------------------------------------
** PROGRAM INTS                          Author: E. F. Posada, 2013   
----------------------------------------------------------------------
INFO: RUNNING IN ONE_PARTICLE MODE.
 
 Number of Overlap integrals for species POSITRON:   4624
 Number of Kinetic integrals for species POSITRON:   4624
 Number of Nuclear integrals for species POSITRON:   4624
 Number of Moment integrals for species POSITRON:  13872
 Number of 3C Overlap integrals for species POSITRON:   4624
 
** TOTAL CPU Time INTS :      0.383 (s)
** TOTAL Elapsed Time INTS :      0.147 (s)
 
Removed     1 orbitals for species POSITRON with overlap eigen threshold of 1.000E-06
       Usign  HCORE density guess for species:   POSITRON
     number of   POSITRON     particles in guess density matrix:     1.000000
 Number of unique integrals for species: 1 = 282732
 
 TWO-BODY INTEGRAL SETUP: 
------------------------- 
 Storage:   DISK
 Scheme: LIBINT
 Stack size:  30000
 
 LIBINT library, Fermann, J. T.; Valeev, F. L. 2010                   
 LOWDIN-LIBINT Implementation V. 2.1  Posada E. F. ; Reyes A. 2016   
 ----------------------------------------------------------------------

*** TOTAL CPU time intra-species integrals :      0.257 (s)
*** TOTAL elapsed time intra-species integrals :      0.039 (s)

INFO: RUNNING SCHEME SIMULTANEOUS
 
 Begin Multi-Species SCF calculation:
 
 --------------------------------------------------------------------------------------------------
      Iteration                   Energy            Energy Change           Density Change
 --------------------------------------------------------------------------------------------------
              1          -0.043350688754           0.043350688754           0.000000000000
              2          -0.043350688754           0.000000000000           0.000000000000
 Total energy converged after   2 global iterations                                                  
 
 ...end Multi-Species SCF calculation
 
 
 Begin SCF calculation by: POSITRON
 -------------------------
 
 -----------------------------------------------------------------------------------
 Iteration                   Energy           Density Change         DIIS Error 
 -----------------------------------------------------------------------------------
    1          -0.150073635302           0.000000000000                 -- 
 
 ... end SCF calculation
 
  EIGENVALUES AND EIGENVECTORS: 
 ==============================
 
 
  Eigenvalues for: POSITRON
 -----------------
 
    1          -0.043350688754
    2          -0.043350540072
    3           0.000073285165
    4           0.000133348765
    5           0.000206935109
    6           0.000206935109
    7           0.000257149923
    8           0.000279987013
    9           0.000279987013
   10           0.000315176704
   11           0.000324792607
   12           0.000324792607
   13           0.000407362434
   14           0.000421114620
   15           0.000426306443
   16           0.000426306443
   17           0.000436772586
   18           0.000436772586
   19           0.000564569228
   20           0.000564569228
   21           0.000587508258
   22           0.000817636493
   23           0.000881724090
   24           0.000881724090
   25           0.000962954887
   26           0.001127119607
   27           0.001127119607
   28           0.001142109830
   29           0.001220506809
   30           0.001220506809
   31           0.001238476860
   32           0.001483684188
   33           0.001483684188
   34           0.001487077766
   35           0.001487077766
   36           0.001746191836
   37           0.001777308548
   38           0.001777308548
   39           0.001841540123
   40           0.001953855558
   41           0.002311028323
   42           0.002907365290
   43           0.002907365290
   44           0.003478782715
   45           0.003575047277
   46           0.003575047277
   47           0.004016831088
   48           0.004158343247
   49           0.004896086038
   50           0.008906715642
   51           0.009165382185
   52           0.009165382185
   53           0.009424264909
   54           0.009424264909
   55           0.010691507733
   56           0.010862101771
   57           0.011024003216
   58           0.035603536559
   59           0.036486541602
   60           0.134142175848
   61           0.134873934562
   62           0.518442629096
   63           0.518985701978
   64           1.759064375465
   65           1.759538469802
   66           5.879896530079
   67           5.880333825697
   68     1000000.000000000000
 
  end of eigenvalues 
 
  Occupied Eigenvectors for: POSITRON
 --------------------------- 
 
                          -0.0434   
 
    1     E+     S      -0.000722
    2     E+     S       0.266190
    3     E+     S      -0.043762
    4     E+     S       0.038929
    5     E+     S      -0.118090
    6     E+     S      -0.246296
    7     E+     S      -0.451674
    8     E+     S       0.025292
    9     E+     S       0.030552
   10     E+     S      -0.006535
   11     E+    Px      -0.008781
   12     E+    Py      -0.000000
   13     E+    Pz       0.000000
   14     E+    Px       0.109451
   15     E+    Py       0.000000
   16     E+    Pz      -0.000000
   17     E+    Px      -0.002322
   18     E+    Py       0.000000
   19     E+    Pz       0.000000
   20     E+    Px      -0.000126
   21     E+    Py      -0.000000
   22     E+    Pz      -0.000000
   23     E+   Dxx      -0.008306
   24     E+   Dxy      -0.000000
   25     E+   Dxz       0.000000
   26     E+   Dyy      -0.005957
   27     E+   Dyz      -0.000000
   28     E+   Dzz      -0.005957
   29     E+   Dxx       0.012654
   30     E+   Dxy       0.000000
   31     E+   Dxz      -0.000000
   32     E+   Dyy      -0.014898
   33     E+   Dyz      -0.000000
   34     E+   Dzz      -0.014898
   35     E+     S       0.000722
   36     E+     S      -0.266190
   37     E+     S       0.043762
   38     E+     S      -0.038929
   39     E+     S       0.118090
   40     E+     S       0.246296
   41     E+     S       0.451674
   42     E+     S      -0.025292
   43     E+     S      -0.030552
   44     E+     S       0.006535
   45     E+    Px      -0.008781
   46     E+    Py       0.000000
   47     E+    Pz      -0.000000
   48     E+    Px       0.109451
   49     E+    Py      -0.000000
   50     E+    Pz       0.000000
   51     E+    Px      -0.002322
   52     E+    Py      -0.000000
   53     E+    Pz      -0.000000
   54     E+    Px      -0.000126
   55     E+    Py       0.000000
   56     E+    Pz       0.000000
   57     E+   Dxx       0.008306
   58     E+   Dxy      -0.000000
   59     E+   Dxz       0.000000
   60     E+   Dyy       0.005957
   61     E+   Dyz       0.000000
   62     E+   Dzz       0.005957
   63     E+   Dxx      -0.012654
   64     E+   Dxy       0.000000
   65     E+   Dxz      -0.000000
   66     E+   Dyy       0.014898
   67     E+   Dyz       0.000000
   68     E+   Dzz       0.014898
 
 
  end of eigenvectors 
 
  END OF EIGENVALUES AND EIGENVECTORS
 
 
  COMPONENTS OF KINETIC ENERGY: 
 -----------------------------
 
            POSITRON Kinetic energy =            0.063372257793
                                     _________________________
               Total kinetic energy =            0.063372257793
 
  COMPONENTS OF POTENTIAL ENERGY: 
 -------------------------------
 
          Fixed potential energy    =            0.000000000000
 
  Quantum/Fixed interaction energy: 
 ----------------------------------
 
    POSITRON/Fixed interact. energy =            0.000000000000
                                     _________________________
               Total Q/Fixed energy =            0.000000000000
 
  Coulomb energy: 
 ------------------
 
   POSITRON/POSITRON Hartree energy =            0.000000000000
                                     _________________________
               Total Hartree energy =            0.000000000000
 
  Exchange(HF) energy: 
 ----------------------
 
           POSITRON Exchange energy =            0.000000000000
                                     _________________________
              Total Exchange energy =            0.000000000000
 
  External Potential energy: 
 ----------------------------
 
            POSITRON Ext Pot energy =           -0.106722946547
                                     _________________________
    Total External Potential energy =           -0.106722946547
 
  TOTAL ENERGY COMPONENTS: 
 ==========================
 
          TOTAL KINETIC ENERGY      =            0.063372257793
          TOTAL POTENTIAL ENERGY    =           -0.106722946547
                                     _________________________
                       TOTAL ENERGY =           -0.043350688754
 
                 VIRIAL RATIO (V/T) =            1.684064135700
 
 
  END ENERGY COMPONENTS
 
 
** TOTAL CPU Time SCF :      0.399 (s)
** TOTAL Elapsed Time SCF :      0.213 (s)
 
 We are calculating properties for POSITRON in the HF/KS ground state
 
  POPULATION ANALYSES: 
 ====================
 
 MULLIKEN Population: for POSITRON  
 ---------------------
 
                                    
 
    1     E+     S       0.000004
    2     E+     S      -0.008041
    3     E+     S       0.005192
    4     E+     S      -0.011069
    5     E+     S       0.058743
    6     E+     S       0.166220
    7     E+     S       0.300666
    8     E+     S      -0.011519
    9     E+     S      -0.007052
   10     E+     S       0.000670
   11     E+    Px      -0.000189
   12     E+    Py       0.000000
   13     E+    Pz       0.000000
   14     E+    Px       0.005975
   15     E+    Py       0.000000
   16     E+    Pz      -0.000000
   17     E+    Px      -0.000140
   18     E+    Py       0.000000
   19     E+    Pz       0.000000
   20     E+    Px      -0.000001
   21     E+    Py      -0.000000
   22     E+    Pz      -0.000000
   23     E+   Dxx      -0.000094
   24     E+   Dxy      -0.000000
   25     E+   Dxz       0.000000
   26     E+   Dyy       0.000000
   27     E+   Dyz      -0.000000
   28     E+   Dzz       0.000000
   29     E+   Dxx       0.000619
   30     E+   Dxy      -0.000000
   31     E+   Dxz       0.000000
   32     E+   Dyy       0.000008
   33     E+   Dyz      -0.000000
   34     E+   Dzz       0.000008
   35     E+     S       0.000004
   36     E+     S      -0.008041
   37     E+     S       0.005192
   38     E+     S      -0.011069
   39     E+     S       0.058743
   40     E+     S       0.166220
   41     E+     S       0.300666
   42     E+     S      -0.011519
   43     E+     S      -0.007052
   44     E+     S       0.000670
   45     E+    Px      -0.000189
   46     E+    Py      -0.000000
   47     E+    Pz       0.000000
   48     E+    Px       0.005975
   49     E+    Py       0.000000
   50     E+    Pz       0.000000
   51     E+    Px      -0.000140
   52     E+    Py       0.000000
   53     E+    Pz      -0.000000
   54     E+    Px      -0.000001
   55     E+    Py       0.000000
   56     E+    Pz       0.000000
   57     E+   Dxx      -0.000094
   58     E+   Dxy       0.000000
   59     E+   Dxz       0.000000
   60     E+   Dyy       0.000000
   61     E+   Dyz       0.000000
   62     E+   Dzz       0.000000
   63     E+   Dxx       0.000619
   64     E+   Dxy      -0.000000
   65     E+   Dxz      -0.000000
   66     E+   Dyy       0.000008
   67     E+   Dyz       0.000000
   68     E+   Dzz       0.000008
 
                           __________
              Total =        1.000000
 
  Atomic MULLIKEN Population: for POSITRON  
            E+               0.500000
            E+               0.500000
 
 ...end of MULLIKEN Population
 
 
 END POPULATION ANALYSES 
 
 
  POPULATION ANALYSES: 
 ====================
 
 LOWDIN Population: for POSITRON  
 ---------------------
 
                                    
 
    1     E+     S       0.000001
    2     E+     S       0.000027
    3     E+     S       0.000982
    4     E+     S       0.008807
    5     E+     S       0.061303
    6     E+     S       0.181292
    7     E+     S       0.201047
    8     E+     S       0.043398
    9     E+     S       0.002460
   10     E+     S       0.000312
   11     E+    Px       0.000009
   12     E+    Py      -0.000000
   13     E+    Pz       0.000000
   14     E+    Px       0.000102
   15     E+    Py      -0.000000
   16     E+    Pz       0.000000
   17     E+    Px       0.000145
   18     E+    Py      -0.000000
   19     E+    Pz      -0.000000
   20     E+    Px       0.000001
   21     E+    Py       0.000000
   22     E+    Pz      -0.000000
   23     E+   Dxx       0.000003
   24     E+   Dxy       0.000000
   25     E+   Dxz       0.000000
   26     E+   Dyy       0.000000
   27     E+   Dyz       0.000000
   28     E+   Dzz       0.000000
   29     E+   Dxx       0.000111
   30     E+   Dxy       0.000000
   31     E+   Dxz       0.000000
   32     E+   Dyy       0.000000
   33     E+   Dyz       0.000000
   34     E+   Dzz       0.000000
   35     E+     S       0.000001
   36     E+     S       0.000027
   37     E+     S       0.000982
   38     E+     S       0.008807
   39     E+     S       0.061303
   40     E+     S       0.181292
   41     E+     S       0.201047
   42     E+     S       0.043398
   43     E+     S       0.002460
   44     E+     S       0.000312
   45     E+    Px       0.000009
   46     E+    Py      -0.000000
   47     E+    Pz       0.000000
   48     E+    Px       0.000102
   49     E+    Py      -0.000000
   50     E+    Pz       0.000000
   51     E+    Px       0.000145
   52     E+    Py      -0.000000
   53     E+    Pz      -0.000000
   54     E+    Px       0.000001
   55     E+    Py       0.000000
   56     E+    Pz      -0.000000
   57     E+   Dxx       0.000003
   58     E+   Dxy      -0.000000
   59     E+   Dxz       0.000000
   60     E+   Dyy       0.000000
   61     E+   Dyz       0.000000
   62     E+   Dzz       0.000000
   63     E+   Dxx       0.000111
   64     E+   Dxy       0.000000
   65     E+   Dxz       0.000000
   66     E+   Dyy       0.000000
   67     E+   Dyz       0.000000
   68     E+   Dzz       0.000000
 
                           __________
              Total =        1.000000
 
  Atomic LOWDIN Population: for POSITRON  
            E+               0.500000
            E+               0.500000
 
 ...end of LOWDIN Population
 
 
 END POPULATION ANALYSES 
 
 
  EXPECTED POSITIONS OF QUANTUM SPECIES:
 ======================
 
 POSITIONS IN ANGSTROMS
 ------
 
                        <x>      <y>      <z>         
           POSITRON  12.1711   0.0000   0.0000
 
 END EXPECTED POSITIONS
 
 
  ELECTROSTATIC MOMENTS:
 ======================
 
 
 DIPOLE: (A.U.)
 ------
 
                           <Dx>         <Dy>         <Dz>          |D|
           POSITRON  22.99999962   0.00000000   0.00000000
    Point charges:    0.00000000   0.00000000   0.00000000
                     ____________________________
      Total Dipole:  22.99999962   0.00000000   0.00000000  22.99999962
 
 DIPOLE: (DEBYE)
 ------
 
                           <Dx>         <Dy>         <Dz>          |D|
           POSITRON  58.46016024   0.00000000   0.00000000
    Point charges:    0.00000000   0.00000000   0.00000000
                     ____________________________
      Total Dipole:  58.46016024   0.00000000   0.00000000  58.46016024
 
 QUADRUPOLE NON-TRACELESS: (DEBYE ANGS)
 ------
 
                           <xx>         <yy>         <zz>         <xy>         <xz>         <yz>
           POSITRON 1403.64489709    8.98878627    8.98878627    0.00000000    0.00000000    0.00000000
    Point charges:     0.00000000    0.00000000    0.00000000    0.00000000    0.00000000    0.00000000
  Total Quadrupole: 1403.64489709    8.98878627    8.98878627    0.00000000    0.00000000    0.00000000
                     ____________________________
 
 END ELECTROSTATIC MOMENTS
 

  TOTAL CPU Time:      0.259 (s)
 TOTAL Wall Time:      0.260 (s)
  Elapsed Time:   0h  0m  0s 261ms
LOWDIN execution terminated normally at : Tue Oct 29 14:39:28 2024
-rw-rw-r-- 1 pohl pohl 2.1M oct 29 14:39 0POSITRON.ints
-rw-rw-r-- 1 pohl pohl 2.1M oct 29 14:39 1POSITRON.ints
-rw-rw-r-- 1 pohl pohl 2.1M oct 29 14:39 2POSITRON.ints
-rw-rw-r-- 1 pohl pohl 2.1M oct 29 14:39 3POSITRON.ints
-rw-rw-r-- 1 pohl pohl   69 oct 29 14:39 gepol.inp
-rw-rw-r-- 1 pohl pohl    0 oct 29 14:39 gepol.xyzr
-rw-rw-r-- 1 pohl pohl 5.2K oct 29 14:39 lowdin.bas
-rw-rw-r-- 1 pohl pohl  16K oct 29 14:39 lowdin.dat
-rw-rw-r-- 1 pohl pohl 473K oct 29 14:39 lowdin.opints
-rw-rw-r-- 1 pohl pohl  13K oct 29 14:39 lowdin.sys
-rw-rw-r-- 1 pohl pohl 473K oct 29 14:39 lowdin.wfn
-rw-rw-r-- 1 pohl pohl  373 oct 29 14:39 only_posi_221
-rw-rw-r-- 1 pohl pohl 1.1K oct 29 14:39 only_posi_221.aux
-rw-rw-r-- 1 pohl pohl  378 oct 29 14:39 only_posi_221.lowdin
-rw-rw-r-- 1 pohl pohl  29K oct 29 14:39 only_posi_221.out
-rw-rw-r-- 1 pohl pohl  37K oct 29 14:39 only_posi_221.vec
