Begin job by input: only_posi_192.lowdin, for user:   at  mar 29 oct 2024 14:39:16 -05
under operating system Linux helios 5.19.0-46-generic #47-Ubuntu SMP PREEMPT_DYNAMIC Fri Jun 16 13:30:11 UTC 2023 x86_64 x86_64 x86_64 GNU/Linux
Compilation information
  commit: f31d3924f6ee2ce9d77f07edcc1ba27359319d14
  compilation date:  mar 17 sep 2024 16:16:17 -05

BEGIN INPUT INFO:
------------------------------------

GEOMETRY
	E+	GRIBAKIN-10S4P2D 0.0 0.0 0.0
	E+	GRIBAKIN-10S4P2D 40.2 0.0 0.0 addParticles=-1 
END GEOMETRY

TASKS
        method = "RHF"
END TASKS

EXTERPOTENTIAL
	E+ VPC192
END EXTERPOTENTIAL

CONTROL
	units="BOHRS"
	readCoefficients=F
	convergenceMethod=1
	overlapEigenThreshold=1E-6
	SCFGhostSpecies="POSITRON"
	HFprintEigenvalues=T
	totalEnergyTolerance = 1E-9
END CONTROL


... END INPUT INFO


 LOWDIN execution started at : Tue Oct 29 14:39:16 2024
 ---------------------------------------------------------------
 
 ***************************************************************
 *                   LOWDIN 2.0  (May/2013)                    *
 *                                                             *
 *  R. FLORES-MORENO, E. F. POSADA, F. S. MONCADA, J.ROMERO,   *
 *  J. CHARRY, M. DIAZ-TINOCO, S. A. GONZALEZ, N. F. AGUIRRE,  *
 *  A. REYES                                                   *
 *                                                             *
 *  https://sites.google.com/site/lowdinproject/               *
 *                                                             *
 ***************************************************************
 
 PARSING INPUT... DONE!
 
 LOWDIN IS RUNNING WITH NEXT PARAMETERS: 
 ----------------------------------------
 
         METHOD TYPE:  RHF
         NUMBER OF CORES:     4
         NONELECTRONIC DENSITY GUESS: HCORE
         ELECTRONIC DENSITY GUESS: HCORE
         CRITERIUM OF CONVERGENCE: ENERGY
         NONELECTRONIC ENERGY TOLERANCE IN SCFs:     0.10000E-07
         ELECTRONIC ENERGY TOLERANCE IN SCFs:     0.10000E-07
         TOTAL ENERGY TOLERANCE IN SCFs:     0.10000E-08
         SCHEME OF ITERATION: GLOBAL ITERATIONS
         SCF MAX. SUBITERATIONS - NONELECTRONS :     1
         SCF MAX. SUBITERATIONS - ELECTRONS :     1
         SCF MAX. ITERATIONS - INTERSPECIES :   200
         INTEGRAL STORAGE: DISK
         STACK SIZE FOR ERIS : 30000
         METHOD OF SCF CONVERGENCE: DAMPING
 
  MOLECULAR SYSTEM: only_posi_192
 -----------------
 
    DESCRIPTION   : only_posi_192
    CHARGE        :   2
    PUNTUAL GROUP : NONE
 
 
  INFORMATION OF PARTICLES :
 =========================
         Total number of particles   =       1
         Number of quantum particles =       1
         Number of puntual charges   =        
         Number of quantum species   =       1
 
                 INFORMATION OF QUANTUM SPECIES 
    ----------------------------------------------------------------------
         ID      Symbol            mass     charge      omega     spin     multiplicity
    ----------------------------------------------------------------------
         1             E+         1.0000      1.00      0.00      0.50      1.00
 
                   CONSTANTS OF COUPLING 
      ------------------------------------------------------------
              Symbol      kappa        eta     lambda occupation
      ------------------------------------------------------------
                  E+      -1.00       1.00       1.00       1.00
 
                   BASIS SET FOR SPECIES 
      ------------------------------------------------------------
           Symbol          N. Basis     N. Particles     Basis Set
      ------------------------------------------------------------
                 E+           32                1     GRIBAKIN-1
 
                                ATOMIC BASIS
         ------------------------------------------------------------
          PRIMITIVE   SHELL             EXPONENT         COEFFICIENT 
         ------------------------------------------------------------
 
    BEGIN DESCRIPTION OF BASIS FOR:    E+
    ==============================
 
 
            E+ BASIS SET:GRIBAKIN-10S4P2
             1         S                0.00010000          1.00000000
             1         S                0.00030000          1.00000000
             1         S                0.00090000          1.00000000
             1         S                0.00270000          1.00000000
             1         S                0.00810000          1.00000000
             1         S                0.02430000          1.00000000
             1         S                0.07290000          1.00000000
             1         S                0.21870000          1.00000000
             1         S                0.65610000          1.00000000
             1         S                1.96830000          1.00000000
             1         P                0.00010000          1.00000000
             1         P                0.00030000          1.00000000
             1         P                0.00090000          1.00000000
             1         P                0.00270000          1.00000000
             1         D                0.00010000          1.00000000
             1         D                0.00030000          1.00000000
 
            E+ BASIS SET:GRIBAKIN-10S4P2
             1         S                0.00010000          1.00000000
             1         S                0.00030000          1.00000000
             1         S                0.00090000          1.00000000
             1         S                0.00270000          1.00000000
             1         S                0.00810000          1.00000000
             1         S                0.02430000          1.00000000
             1         S                0.07290000          1.00000000
             1         S                0.21870000          1.00000000
             1         S                0.65610000          1.00000000
             1         S                1.96830000          1.00000000
             1         P                0.00010000          1.00000000
             1         P                0.00030000          1.00000000
             1         P                0.00090000          1.00000000
             1         P                0.00270000          1.00000000
             1         D                0.00010000          1.00000000
             1         D                0.00030000          1.00000000
    ... END DESCRIPTION OF BASIS
 
 
  END INFORMATION OF PARTICLES
 
 
  INFORMATION OF THE QUANTUM SYSTEM 
     ---------------------------------------------------------------------
                 ID     Occupied Orbitals     Basis size
     ---------------------------------------------------------------------
                 E+            1               68
 
  END INFORMATION OF QUANTUM SYSTEM
 
 
  INFORMATION OF EXTERNAL POTENTIALS 
 
 =======
 External Potential for E+ : VPC192
 Type : 
                     Exponent         l       R_x       R_y       R_z              Factor
                 0.0010000000         0   0.00000   0.00000   0.00000       -0.0004852612
                 0.0020000000         0   0.00000   0.00000   0.00000        0.0024441783
                 0.0040000000         0   0.00000   0.00000   0.00000       -0.0075448874
                 0.0080000000         0   0.00000   0.00000   0.00000        0.0157738437
                 0.0160000000         0   0.00000   0.00000   0.00000       -0.0371036225
                 0.0320000000         0   0.00000   0.00000   0.00000        0.0538567205
                 0.0640000000         0   0.00000   0.00000   0.00000       -0.1977562620
                 0.1280000000         0   0.00000   0.00000   0.00000        0.1521150960
                 0.2560000000         0   0.00000   0.00000   0.00000       -2.2309931100
                 0.5120000000         0   0.00000   0.00000   0.00000        7.1544406100
                 1.0000000000         0   0.00000   0.00000   0.00000      -16.4610761000
                 2.0000000000         0   0.00000   0.00000   0.00000      120.0674500000
                 3.0000000000         0   0.00000   0.00000   0.00000    -1010.4441400000
                 4.0000000000         0   0.00000   0.00000   0.00000     5912.5175500000
                 5.0000000000         0   0.00000   0.00000   0.00000   -22883.6471000000
                 6.0000000000         0   0.00000   0.00000   0.00000    58320.2479000000
                 7.0000000000         0   0.00000   0.00000   0.00000   -96733.7399000000
                 8.0000000000         0   0.00000   0.00000   0.00000   100515.5930000000
                 9.0000000000         0   0.00000   0.00000   0.00000   -59492.9273000000
                10.0000000000         0   0.00000   0.00000   0.00000    15337.5181000000
                20.0000000000         0   0.00000   0.00000   0.00000     -108.3194530000
                30.0000000000         0   0.00000   0.00000   0.00000       58.7242217000
                40.0000000000         0   0.00000   0.00000   0.00000      -33.9818623000
                50.0000000000         0   0.00000   0.00000   0.00000       10.1503518000
               100.0000000000         0   0.00000   0.00000   0.00000       -0.2039701810
                 0.0010000000         0  40.20000   0.00000   0.00000       -0.0004852612
                 0.0020000000         0  40.20000   0.00000   0.00000        0.0024441783
                 0.0040000000         0  40.20000   0.00000   0.00000       -0.0075448874
                 0.0080000000         0  40.20000   0.00000   0.00000        0.0157738437
                 0.0160000000         0  40.20000   0.00000   0.00000       -0.0371036225
                 0.0320000000         0  40.20000   0.00000   0.00000        0.0538567205
                 0.0640000000         0  40.20000   0.00000   0.00000       -0.1977562620
                 0.1280000000         0  40.20000   0.00000   0.00000        0.1521150960
                 0.2560000000         0  40.20000   0.00000   0.00000       -2.2309931100
                 0.5120000000         0  40.20000   0.00000   0.00000        7.1544406100
                 1.0000000000         0  40.20000   0.00000   0.00000      -16.4610761000
                 2.0000000000         0  40.20000   0.00000   0.00000      120.0674500000
                 3.0000000000         0  40.20000   0.00000   0.00000    -1010.4441400000
                 4.0000000000         0  40.20000   0.00000   0.00000     5912.5175500000
                 5.0000000000         0  40.20000   0.00000   0.00000   -22883.6471000000
                 6.0000000000         0  40.20000   0.00000   0.00000    58320.2479000000
                 7.0000000000         0  40.20000   0.00000   0.00000   -96733.7399000000
                 8.0000000000         0  40.20000   0.00000   0.00000   100515.5930000000
                 9.0000000000         0  40.20000   0.00000   0.00000   -59492.9273000000
                10.0000000000         0  40.20000   0.00000   0.00000    15337.5181000000
                20.0000000000         0  40.20000   0.00000   0.00000     -108.3194530000
                30.0000000000         0  40.20000   0.00000   0.00000       58.7242217000
                40.0000000000         0  40.20000   0.00000   0.00000      -33.9818623000
                50.0000000000         0  40.20000   0.00000   0.00000       10.1503518000
               100.0000000000         0  40.20000   0.00000   0.00000       -0.2039701810
 
  END INFORMATION OF EXTERNAL POTENTIALS
 
                       INITIAL GEOMETRY: AMSTRONG
                 -----------------------------------
                       <x>                 <y>                 <z>
        E+        0.0000000000        0.0000000000        0.0000000000
        E+       21.2729254194        0.0000000000        0.0000000000
 
                     MATRIX OF DISTANCE: ANGSTROM
                 -----------------------------------
                          E+(1)          E+(2)     
 
        E+(1)            0.000000      21.272925
        E+(2)           21.272925       0.000000
 
--------------------------------------------------------------------------------
** PROGRAM: SCF (Hartree Fock).     Author: S.A. Gonzalez, E. Posada, F. Moncada
--------------------------------------------------------------------------------
INFO: RUNNING IN RHF MODE.
 
----------------------------------------------------------------------
** PROGRAM INTS                          Author: E. F. Posada, 2013   
----------------------------------------------------------------------
INFO: RUNNING IN ONE_PARTICLE MODE.
 
 Number of Overlap integrals for species POSITRON:   4624
 Number of Kinetic integrals for species POSITRON:   4624
 Number of Nuclear integrals for species POSITRON:   4624
 Number of Moment integrals for species POSITRON:  13872
 Number of 3C Overlap integrals for species POSITRON:   4624
 
** TOTAL CPU Time INTS :      0.370 (s)
** TOTAL Elapsed Time INTS :      0.129 (s)
 
Removed     2 orbitals for species POSITRON with overlap eigen threshold of 1.000E-06
       Usign  HCORE density guess for species:   POSITRON
     number of   POSITRON     particles in guess density matrix:     1.000000
 Number of unique integrals for species: 1 = 292198
 
 TWO-BODY INTEGRAL SETUP: 
------------------------- 
 Storage:   DISK
 Scheme: LIBINT
 Stack size:  30000
 
 LIBINT library, Fermann, J. T.; Valeev, F. L. 2010                   
 LOWDIN-LIBINT Implementation V. 2.1  Posada E. F. ; Reyes A. 2016   
 ----------------------------------------------------------------------

*** TOTAL CPU time intra-species integrals :      0.271 (s)
*** TOTAL elapsed time intra-species integrals :      0.041 (s)

INFO: RUNNING SCHEME SIMULTANEOUS
 
 Begin Multi-Species SCF calculation:
 
 --------------------------------------------------------------------------------------------------
      Iteration                   Energy            Energy Change           Density Change
 --------------------------------------------------------------------------------------------------
              1          -0.043338337390           0.043338337390           0.000000000000
              2          -0.043338337390           0.000000000000           0.000000000000
 Total energy converged after   2 global iterations                                                  
 
 ...end Multi-Species SCF calculation
 
 
 Begin SCF calculation by: POSITRON
 -------------------------
 
 -----------------------------------------------------------------------------------
 Iteration                   Energy           Density Change         DIIS Error 
 -----------------------------------------------------------------------------------
    1          -0.150043732130           0.000000000000                 -- 
 
 ... end SCF calculation
 
  EIGENVALUES AND EIGENVECTORS: 
 ==============================
 
 
  Eigenvalues for: POSITRON
 -----------------
 
    1          -0.043338337390
    2          -0.043338059488
    3           0.000073844377
    4           0.000134840620
    5           0.000207563341
    6           0.000207563341
    7           0.000257367036
    8           0.000280629985
    9           0.000280629985
   10           0.000317477492
   11           0.000326064626
   12           0.000326064626
   13           0.000421254188
   14           0.000426358913
   15           0.000427720754
   16           0.000427720754
   17           0.000438546522
   18           0.000438546522
   19           0.000566856091
   20           0.000566856091
   21           0.000588862306
   22           0.000824975503
   23           0.000886181465
   24           0.000886181465
   25           0.000978839550
   26           0.001134291202
   27           0.001134291202
   28           0.001145908185
   29           0.001227620106
   30           0.001227620106
   31           0.001425810594
   32           0.001494995476
   33           0.001494995476
   34           0.001496764546
   35           0.001496764546
   36           0.001781663939
   37           0.001789988075
   38           0.001789988075
   39           0.001847069165
   40           0.002014340719
   41           0.002914538051
   42           0.002914538051
   43           0.003617323840
   44           0.003649551769
   45           0.003649551769
   46           0.004007027674
   47           0.004129420355
   48           0.004623926254
   49           0.008497519044
   50           0.009026810496
   51           0.009026810496
   52           0.009587011886
   53           0.009587011886
   54           0.010767698420
   55           0.010844147681
   56           0.011536075939
   57           0.035768132071
   58           0.036386275595
   59           0.134445722054
   60           0.134612955549
   61           0.518625789583
   62           0.518841840737
   63           1.759204247138
   64           1.759436671656
   65           5.880018397526
   66           5.880249242141
   67     1000000.000000000000
   68     1000000.000000000000
 
  end of eigenvalues 
 
  Occupied Eigenvectors for: POSITRON
 --------------------------- 
 
                          -0.0433   
 
    1     E+     S       0.016005
    2     E+     S       0.026718
    3     E+     S      -0.039602
    4     E+     S       0.037750
    5     E+     S      -0.116822
    6     E+     S      -0.246828
    7     E+     S      -0.451481
    8     E+     S       0.025237
    9     E+     S       0.030566
   10     E+     S      -0.006538
   11     E+    Px       0.020340
   12     E+    Py       0.000000
   13     E+    Pz      -0.000000
   14     E+    Px      -0.003332
   15     E+    Py      -0.000000
   16     E+    Pz       0.000000
   17     E+    Px       0.000989
   18     E+    Py       0.000000
   19     E+    Pz      -0.000000
   20     E+    Px      -0.000319
   21     E+    Py       0.000000
   22     E+    Pz       0.000000
   23     E+   Dxx       0.003954
   24     E+   Dxy       0.000000
   25     E+   Dxz      -0.000000
   26     E+   Dyy      -0.003456
   27     E+   Dyz      -0.000000
   28     E+   Dzz      -0.003456
   29     E+   Dxx      -0.013753
   30     E+   Dxy      -0.000000
   31     E+   Dxz       0.000000
   32     E+   Dyy      -0.012271
   33     E+   Dyz       0.000000
   34     E+   Dzz      -0.012271
   35     E+     S       0.016005
   36     E+     S       0.026718
   37     E+     S      -0.039602
   38     E+     S       0.037750
   39     E+     S      -0.116822
   40     E+     S      -0.246828
   41     E+     S      -0.451481
   42     E+     S       0.025237
   43     E+     S       0.030566
   44     E+     S      -0.006538
   45     E+    Px      -0.020340
   46     E+    Py      -0.000000
   47     E+    Pz       0.000000
   48     E+    Px       0.003332
   49     E+    Py       0.000000
   50     E+    Pz      -0.000000
   51     E+    Px      -0.000989
   52     E+    Py      -0.000000
   53     E+    Pz       0.000000
   54     E+    Px       0.000319
   55     E+    Py       0.000000
   56     E+    Pz       0.000000
   57     E+   Dxx       0.003954
   58     E+   Dxy       0.000000
   59     E+   Dxz      -0.000000
   60     E+   Dyy      -0.003456
   61     E+   Dyz       0.000000
   62     E+   Dzz      -0.003456
   63     E+   Dxx      -0.013753
   64     E+   Dxy      -0.000000
   65     E+   Dxz       0.000000
   66     E+   Dyy      -0.012271
   67     E+   Dyz      -0.000000
   68     E+   Dzz      -0.012271
 
 
  end of eigenvectors 
 
  END OF EIGENVALUES AND EIGENVECTORS
 
 
  COMPONENTS OF KINETIC ENERGY: 
 -----------------------------
 
            POSITRON Kinetic energy =            0.063367057351
                                     _________________________
               Total kinetic energy =            0.063367057351
 
  COMPONENTS OF POTENTIAL ENERGY: 
 -------------------------------
 
          Fixed potential energy    =            0.000000000000
 
  Quantum/Fixed interaction energy: 
 ----------------------------------
 
    POSITRON/Fixed interact. energy =            0.000000000000
                                     _________________________
               Total Q/Fixed energy =            0.000000000000
 
  Coulomb energy: 
 ------------------
 
   POSITRON/POSITRON Hartree energy =            0.000000000000
                                     _________________________
               Total Hartree energy =            0.000000000000
 
  Exchange(HF) energy: 
 ----------------------
 
           POSITRON Exchange energy =            0.000000000000
                                     _________________________
              Total Exchange energy =            0.000000000000
 
  External Potential energy: 
 ----------------------------
 
            POSITRON Ext Pot energy =           -0.106705394741
                                     _________________________
    Total External Potential energy =           -0.106705394741
 
  TOTAL ENERGY COMPONENTS: 
 ==========================
 
          TOTAL KINETIC ENERGY      =            0.063367057351
          TOTAL POTENTIAL ENERGY    =           -0.106705394741
                                     _________________________
                       TOTAL ENERGY =           -0.043338337390
 
                 VIRIAL RATIO (V/T) =            1.683925358084
 
 
  END ENERGY COMPONENTS
 
 
** TOTAL CPU Time SCF :      0.384 (s)
** TOTAL Elapsed Time SCF :      0.192 (s)
 
 We are calculating properties for POSITRON in the HF/KS ground state
 
  POPULATION ANALYSES: 
 ====================
 
 MULLIKEN Population: for POSITRON  
 ---------------------
 
                                    
 
    1     E+     S      -0.000859
    2     E+     S      -0.002815
    3     E+     S       0.007006
    4     E+     S      -0.011044
    5     E+     S       0.058130
    6     E+     S       0.166578
    7     E+     S       0.300533
    8     E+     S      -0.011493
    9     E+     S      -0.007055
   10     E+     S       0.000670
   11     E+    Px      -0.000401
   12     E+    Py       0.000000
   13     E+    Pz      -0.000000
   14     E+    Px       0.000184
   15     E+    Py      -0.000000
   16     E+    Pz       0.000000
   17     E+    Px      -0.000080
   18     E+    Py       0.000000
   19     E+    Pz      -0.000000
   20     E+    Px       0.000007
   21     E+    Py       0.000000
   22     E+    Pz      -0.000000
   23     E+   Dxx      -0.000037
   24     E+   Dxy       0.000000
   25     E+   Dxz       0.000000
   26     E+   Dyy       0.000001
   27     E+   Dyz      -0.000000
   28     E+   Dzz       0.000001
   29     E+   Dxx       0.000628
   30     E+   Dxy      -0.000000
   31     E+   Dxz      -0.000000
   32     E+   Dyy       0.000024
   33     E+   Dyz       0.000000
   34     E+   Dzz       0.000024
   35     E+     S      -0.000859
   36     E+     S      -0.002815
   37     E+     S       0.007006
   38     E+     S      -0.011044
   39     E+     S       0.058130
   40     E+     S       0.166578
   41     E+     S       0.300533
   42     E+     S      -0.011493
   43     E+     S      -0.007055
   44     E+     S       0.000670
   45     E+    Px      -0.000401
   46     E+    Py      -0.000000
   47     E+    Pz      -0.000000
   48     E+    Px       0.000184
   49     E+    Py       0.000000
   50     E+    Pz       0.000000
   51     E+    Px      -0.000080
   52     E+    Py      -0.000000
   53     E+    Pz      -0.000000
   54     E+    Px       0.000007
   55     E+    Py       0.000000
   56     E+    Pz       0.000000
   57     E+   Dxx      -0.000037
   58     E+   Dxy       0.000000
   59     E+   Dxz       0.000000
   60     E+   Dyy       0.000001
   61     E+   Dyz       0.000000
   62     E+   Dzz       0.000001
   63     E+   Dxx       0.000628
   64     E+   Dxy      -0.000000
   65     E+   Dxz      -0.000000
   66     E+   Dyy       0.000024
   67     E+   Dyz      -0.000000
   68     E+   Dzz       0.000024
 
                           __________
              Total =        1.000000
 
  Atomic MULLIKEN Population: for POSITRON  
            E+               0.500000
            E+               0.500000
 
 ...end of MULLIKEN Population
 
 
 END POPULATION ANALYSES 
 
 
  POPULATION ANALYSES: 
 ====================
 
 LOWDIN Population: for POSITRON  
 ---------------------
 
                                    
 
    1     E+     S       0.000063
    2     E+     S       0.000322
    3     E+     S       0.001625
    4     E+     S       0.008444
    5     E+     S       0.060874
    6     E+     S       0.181041
    7     E+     S       0.200972
    8     E+     S       0.043379
    9     E+     S       0.002460
   10     E+     S       0.000312
   11     E+    Px       0.000009
   12     E+    Py       0.000000
   13     E+    Pz       0.000000
   14     E+    Px       0.000109
   15     E+    Py       0.000000
   16     E+    Pz       0.000000
   17     E+    Px       0.000321
   18     E+    Py       0.000000
   19     E+    Pz      -0.000000
   20     E+    Px       0.000002
   21     E+    Py       0.000000
   22     E+    Pz       0.000000
   23     E+   Dxx       0.000001
   24     E+   Dxy       0.000000
   25     E+   Dxz       0.000000
   26     E+   Dyy       0.000000
   27     E+   Dyz      -0.000000
   28     E+   Dzz       0.000000
   29     E+   Dxx       0.000057
   30     E+   Dxy       0.000000
   31     E+   Dxz       0.000000
   32     E+   Dyy       0.000005
   33     E+   Dyz       0.000000
   34     E+   Dzz       0.000005
   35     E+     S       0.000063
   36     E+     S       0.000322
   37     E+     S       0.001625
   38     E+     S       0.008444
   39     E+     S       0.060874
   40     E+     S       0.181041
   41     E+     S       0.200972
   42     E+     S       0.043379
   43     E+     S       0.002460
   44     E+     S       0.000312
   45     E+    Px       0.000009
   46     E+    Py       0.000000
   47     E+    Pz       0.000000
   48     E+    Px       0.000109
   49     E+    Py      -0.000000
   50     E+    Pz       0.000000
   51     E+    Px       0.000321
   52     E+    Py       0.000000
   53     E+    Pz       0.000000
   54     E+    Px       0.000002
   55     E+    Py       0.000000
   56     E+    Pz       0.000000
   57     E+   Dxx       0.000001
   58     E+   Dxy       0.000000
   59     E+   Dxz       0.000000
   60     E+   Dyy       0.000000
   61     E+   Dyz       0.000000
   62     E+   Dzz       0.000000
   63     E+   Dxx       0.000057
   64     E+   Dxy       0.000000
   65     E+   Dxz       0.000000
   66     E+   Dyy       0.000005
   67     E+   Dyz       0.000000
   68     E+   Dzz       0.000005
 
                           __________
              Total =        1.000000
 
  Atomic LOWDIN Population: for POSITRON  
            E+               0.500000
            E+               0.500000
 
 ...end of LOWDIN Population
 
 
 END POPULATION ANALYSES 
 
 
  EXPECTED POSITIONS OF QUANTUM SPECIES:
 ======================
 
 POSITIONS IN ANGSTROMS
 ------
 
                        <x>      <y>      <z>         
           POSITRON  10.6365  -0.0000  -0.0000
 
 END EXPECTED POSITIONS
 
 
  ELECTROSTATIC MOMENTS:
 ======================
 
 
 DIPOLE: (A.U.)
 ------
 
                           <Dx>         <Dy>         <Dz>          |D|
           POSITRON  20.09999982  -0.00000000  -0.00000000
    Point charges:    0.00000000   0.00000000   0.00000000
                     ____________________________
      Total Dipole:  20.09999982  -0.00000000  -0.00000000  20.09999982
 
 DIPOLE: (DEBYE)
 ------
 
                           <Dx>         <Dy>         <Dz>          |D|
           POSITRON  51.08909693  -0.00000000  -0.00000000
    Point charges:    0.00000000   0.00000000   0.00000000
                     ____________________________
      Total Dipole:  51.08909693  -0.00000000  -0.00000000  51.08909693
 
 QUADRUPOLE NON-TRACELESS: (DEBYE ANGS)
 ------
 
                           <xx>         <yy>         <zz>         <xy>         <xz>         <yz>
           POSITRON 1094.07371245    9.01152769    9.01152769   -0.00000000    0.00000000   -0.00000000
    Point charges:     0.00000000    0.00000000    0.00000000    0.00000000    0.00000000    0.00000000
  Total Quadrupole: 1094.07371245    9.01152769    9.01152769   -0.00000000    0.00000000   -0.00000000
                     ____________________________
 
 END ELECTROSTATIC MOMENTS
 

  TOTAL CPU Time:      0.259 (s)
 TOTAL Wall Time:      0.238 (s)
  Elapsed Time:   0h  0m  0s 238ms
LOWDIN execution terminated normally at : Tue Oct 29 14:39:16 2024
-rw-rw-r-- 1 pohl pohl 2.1M oct 29 14:39 0POSITRON.ints
-rw-rw-r-- 1 pohl pohl 2.1M oct 29 14:39 1POSITRON.ints
-rw-rw-r-- 1 pohl pohl 2.1M oct 29 14:39 2POSITRON.ints
-rw-rw-r-- 1 pohl pohl 2.1M oct 29 14:39 3POSITRON.ints
-rw-rw-r-- 1 pohl pohl   69 oct 29 14:39 gepol.inp
-rw-rw-r-- 1 pohl pohl    0 oct 29 14:39 gepol.xyzr
-rw-rw-r-- 1 pohl pohl 5.2K oct 29 14:39 lowdin.bas
-rw-rw-r-- 1 pohl pohl  16K oct 29 14:39 lowdin.dat
-rw-rw-r-- 1 pohl pohl 473K oct 29 14:39 lowdin.opints
-rw-rw-r-- 1 pohl pohl  13K oct 29 14:39 lowdin.sys
-rw-rw-r-- 1 pohl pohl 473K oct 29 14:39 lowdin.wfn
-rw-rw-r-- 1 pohl pohl  373 oct 29 14:39 only_posi_192
-rw-rw-r-- 1 pohl pohl 1.1K oct 29 14:39 only_posi_192.aux
-rw-rw-r-- 1 pohl pohl  378 oct 29 14:39 only_posi_192.lowdin
-rw-rw-r-- 1 pohl pohl  29K oct 29 14:39 only_posi_192.out
-rw-rw-r-- 1 pohl pohl  37K oct 29 14:39 only_posi_192.vec
