Begin job by input: only_posi_145.lowdin, for user:   at  mar 29 oct 2024 14:38:58 -05
under operating system Linux helios 5.19.0-46-generic #47-Ubuntu SMP PREEMPT_DYNAMIC Fri Jun 16 13:30:11 UTC 2023 x86_64 x86_64 x86_64 GNU/Linux
Compilation information
  commit: f31d3924f6ee2ce9d77f07edcc1ba27359319d14
  compilation date:  mar 17 sep 2024 16:16:17 -05

BEGIN INPUT INFO:
------------------------------------

GEOMETRY
	E+	GRIBAKIN-10S4P2D 0.0 0.0 0.0
	E+	GRIBAKIN-10S4P2D 30.8 0.0 0.0 addParticles=-1 
END GEOMETRY

TASKS
        method = "RHF"
END TASKS

EXTERPOTENTIAL
	E+ VPC145
END EXTERPOTENTIAL

CONTROL
	units="BOHRS"
	readCoefficients=F
	convergenceMethod=1
	overlapEigenThreshold=1E-6
	SCFGhostSpecies="POSITRON"
	HFprintEigenvalues=T
	totalEnergyTolerance = 1E-9
END CONTROL


... END INPUT INFO


 LOWDIN execution started at : Tue Oct 29 14:38:58 2024
 ---------------------------------------------------------------
 
 ***************************************************************
 *                   LOWDIN 2.0  (May/2013)                    *
 *                                                             *
 *  R. FLORES-MORENO, E. F. POSADA, F. S. MONCADA, J.ROMERO,   *
 *  J. CHARRY, M. DIAZ-TINOCO, S. A. GONZALEZ, N. F. AGUIRRE,  *
 *  A. REYES                                                   *
 *                                                             *
 *  https://sites.google.com/site/lowdinproject/               *
 *                                                             *
 ***************************************************************
 
 PARSING INPUT... DONE!
 
 LOWDIN IS RUNNING WITH NEXT PARAMETERS: 
 ----------------------------------------
 
         METHOD TYPE:  RHF
         NUMBER OF CORES:     4
         NONELECTRONIC DENSITY GUESS: HCORE
         ELECTRONIC DENSITY GUESS: HCORE
         CRITERIUM OF CONVERGENCE: ENERGY
         NONELECTRONIC ENERGY TOLERANCE IN SCFs:     0.10000E-07
         ELECTRONIC ENERGY TOLERANCE IN SCFs:     0.10000E-07
         TOTAL ENERGY TOLERANCE IN SCFs:     0.10000E-08
         SCHEME OF ITERATION: GLOBAL ITERATIONS
         SCF MAX. SUBITERATIONS - NONELECTRONS :     1
         SCF MAX. SUBITERATIONS - ELECTRONS :     1
         SCF MAX. ITERATIONS - INTERSPECIES :   200
         INTEGRAL STORAGE: DISK
         STACK SIZE FOR ERIS : 30000
         METHOD OF SCF CONVERGENCE: DAMPING
 
  MOLECULAR SYSTEM: only_posi_145
 -----------------
 
    DESCRIPTION   : only_posi_145
    CHARGE        :   2
    PUNTUAL GROUP : NONE
 
 
  INFORMATION OF PARTICLES :
 =========================
         Total number of particles   =       1
         Number of quantum particles =       1
         Number of puntual charges   =        
         Number of quantum species   =       1
 
                 INFORMATION OF QUANTUM SPECIES 
    ----------------------------------------------------------------------
         ID      Symbol            mass     charge      omega     spin     multiplicity
    ----------------------------------------------------------------------
         1             E+         1.0000      1.00      0.00      0.50      1.00
 
                   CONSTANTS OF COUPLING 
      ------------------------------------------------------------
              Symbol      kappa        eta     lambda occupation
      ------------------------------------------------------------
                  E+      -1.00       1.00       1.00       1.00
 
                   BASIS SET FOR SPECIES 
      ------------------------------------------------------------
           Symbol          N. Basis     N. Particles     Basis Set
      ------------------------------------------------------------
                 E+           32                1     GRIBAKIN-1
 
                                ATOMIC BASIS
         ------------------------------------------------------------
          PRIMITIVE   SHELL             EXPONENT         COEFFICIENT 
         ------------------------------------------------------------
 
    BEGIN DESCRIPTION OF BASIS FOR:    E+
    ==============================
 
 
            E+ BASIS SET:GRIBAKIN-10S4P2
             1         S                0.00010000          1.00000000
             1         S                0.00030000          1.00000000
             1         S                0.00090000          1.00000000
             1         S                0.00270000          1.00000000
             1         S                0.00810000          1.00000000
             1         S                0.02430000          1.00000000
             1         S                0.07290000          1.00000000
             1         S                0.21870000          1.00000000
             1         S                0.65610000          1.00000000
             1         S                1.96830000          1.00000000
             1         P                0.00010000          1.00000000
             1         P                0.00030000          1.00000000
             1         P                0.00090000          1.00000000
             1         P                0.00270000          1.00000000
             1         D                0.00010000          1.00000000
             1         D                0.00030000          1.00000000
 
            E+ BASIS SET:GRIBAKIN-10S4P2
             1         S                0.00010000          1.00000000
             1         S                0.00030000          1.00000000
             1         S                0.00090000          1.00000000
             1         S                0.00270000          1.00000000
             1         S                0.00810000          1.00000000
             1         S                0.02430000          1.00000000
             1         S                0.07290000          1.00000000
             1         S                0.21870000          1.00000000
             1         S                0.65610000          1.00000000
             1         S                1.96830000          1.00000000
             1         P                0.00010000          1.00000000
             1         P                0.00030000          1.00000000
             1         P                0.00090000          1.00000000
             1         P                0.00270000          1.00000000
             1         D                0.00010000          1.00000000
             1         D                0.00030000          1.00000000
    ... END DESCRIPTION OF BASIS
 
 
  END INFORMATION OF PARTICLES
 
 
  INFORMATION OF THE QUANTUM SYSTEM 
     ---------------------------------------------------------------------
                 ID     Occupied Orbitals     Basis size
     ---------------------------------------------------------------------
                 E+            1               68
 
  END INFORMATION OF QUANTUM SYSTEM
 
 
  INFORMATION OF EXTERNAL POTENTIALS 
 
 =======
 External Potential for E+ : VPC145
 Type : 
                     Exponent         l       R_x       R_y       R_z              Factor
                 0.0010000000         0   0.00000   0.00000   0.00000       -0.0004852612
                 0.0020000000         0   0.00000   0.00000   0.00000        0.0024441783
                 0.0040000000         0   0.00000   0.00000   0.00000       -0.0075448874
                 0.0080000000         0   0.00000   0.00000   0.00000        0.0157738437
                 0.0160000000         0   0.00000   0.00000   0.00000       -0.0371036225
                 0.0320000000         0   0.00000   0.00000   0.00000        0.0538567205
                 0.0640000000         0   0.00000   0.00000   0.00000       -0.1977562620
                 0.1280000000         0   0.00000   0.00000   0.00000        0.1521150960
                 0.2560000000         0   0.00000   0.00000   0.00000       -2.2309931100
                 0.5120000000         0   0.00000   0.00000   0.00000        7.1544406100
                 1.0000000000         0   0.00000   0.00000   0.00000      -16.4610761000
                 2.0000000000         0   0.00000   0.00000   0.00000      120.0674500000
                 3.0000000000         0   0.00000   0.00000   0.00000    -1010.4441400000
                 4.0000000000         0   0.00000   0.00000   0.00000     5912.5175500000
                 5.0000000000         0   0.00000   0.00000   0.00000   -22883.6471000000
                 6.0000000000         0   0.00000   0.00000   0.00000    58320.2479000000
                 7.0000000000         0   0.00000   0.00000   0.00000   -96733.7399000000
                 8.0000000000         0   0.00000   0.00000   0.00000   100515.5930000000
                 9.0000000000         0   0.00000   0.00000   0.00000   -59492.9273000000
                10.0000000000         0   0.00000   0.00000   0.00000    15337.5181000000
                20.0000000000         0   0.00000   0.00000   0.00000     -108.3194530000
                30.0000000000         0   0.00000   0.00000   0.00000       58.7242217000
                40.0000000000         0   0.00000   0.00000   0.00000      -33.9818623000
                50.0000000000         0   0.00000   0.00000   0.00000       10.1503518000
               100.0000000000         0   0.00000   0.00000   0.00000       -0.2039701810
                 0.0010000000         0  30.80000   0.00000   0.00000       -0.0004852612
                 0.0020000000         0  30.80000   0.00000   0.00000        0.0024441783
                 0.0040000000         0  30.80000   0.00000   0.00000       -0.0075448874
                 0.0080000000         0  30.80000   0.00000   0.00000        0.0157738437
                 0.0160000000         0  30.80000   0.00000   0.00000       -0.0371036225
                 0.0320000000         0  30.80000   0.00000   0.00000        0.0538567205
                 0.0640000000         0  30.80000   0.00000   0.00000       -0.1977562620
                 0.1280000000         0  30.80000   0.00000   0.00000        0.1521150960
                 0.2560000000         0  30.80000   0.00000   0.00000       -2.2309931100
                 0.5120000000         0  30.80000   0.00000   0.00000        7.1544406100
                 1.0000000000         0  30.80000   0.00000   0.00000      -16.4610761000
                 2.0000000000         0  30.80000   0.00000   0.00000      120.0674500000
                 3.0000000000         0  30.80000   0.00000   0.00000    -1010.4441400000
                 4.0000000000         0  30.80000   0.00000   0.00000     5912.5175500000
                 5.0000000000         0  30.80000   0.00000   0.00000   -22883.6471000000
                 6.0000000000         0  30.80000   0.00000   0.00000    58320.2479000000
                 7.0000000000         0  30.80000   0.00000   0.00000   -96733.7399000000
                 8.0000000000         0  30.80000   0.00000   0.00000   100515.5930000000
                 9.0000000000         0  30.80000   0.00000   0.00000   -59492.9273000000
                10.0000000000         0  30.80000   0.00000   0.00000    15337.5181000000
                20.0000000000         0  30.80000   0.00000   0.00000     -108.3194530000
                30.0000000000         0  30.80000   0.00000   0.00000       58.7242217000
                40.0000000000         0  30.80000   0.00000   0.00000      -33.9818623000
                50.0000000000         0  30.80000   0.00000   0.00000       10.1503518000
               100.0000000000         0  30.80000   0.00000   0.00000       -0.2039701810
 
  END INFORMATION OF EXTERNAL POTENTIALS
 
                       INITIAL GEOMETRY: AMSTRONG
                 -----------------------------------
                       <x>                 <y>                 <z>
        E+        0.0000000000        0.0000000000        0.0000000000
        E+       16.2986592766        0.0000000000        0.0000000000
 
                     MATRIX OF DISTANCE: ANGSTROM
                 -----------------------------------
                          E+(1)          E+(2)     
 
        E+(1)            0.000000      16.298659
        E+(2)           16.298659       0.000000
 
--------------------------------------------------------------------------------
** PROGRAM: SCF (Hartree Fock).     Author: S.A. Gonzalez, E. Posada, F. Moncada
--------------------------------------------------------------------------------
INFO: RUNNING IN RHF MODE.
 
----------------------------------------------------------------------
** PROGRAM INTS                          Author: E. F. Posada, 2013   
----------------------------------------------------------------------
INFO: RUNNING IN ONE_PARTICLE MODE.
 
 Number of Overlap integrals for species POSITRON:   4624
 Number of Kinetic integrals for species POSITRON:   4624
 Number of Nuclear integrals for species POSITRON:   4624
 Number of Moment integrals for species POSITRON:  13872
 Number of 3C Overlap integrals for species POSITRON:   4624
 
** TOTAL CPU Time INTS :      0.368 (s)
** TOTAL Elapsed Time INTS :      0.131 (s)
 
Removed     2 orbitals for species POSITRON with overlap eigen threshold of 1.000E-06
       Usign  HCORE density guess for species:   POSITRON
     number of   POSITRON     particles in guess density matrix:     1.000000
 Number of unique integrals for species: 1 = 306220
 
 TWO-BODY INTEGRAL SETUP: 
------------------------- 
 Storage:   DISK
 Scheme: LIBINT
 Stack size:  30000
 
 LIBINT library, Fermann, J. T.; Valeev, F. L. 2010                   
 LOWDIN-LIBINT Implementation V. 2.1  Posada E. F. ; Reyes A. 2016   
 ----------------------------------------------------------------------

*** TOTAL CPU time intra-species integrals :      0.263 (s)
*** TOTAL elapsed time intra-species integrals :      0.040 (s)

INFO: RUNNING SCHEME SIMULTANEOUS
 
 Begin Multi-Species SCF calculation:
 
 --------------------------------------------------------------------------------------------------
      Iteration                   Energy            Energy Change           Density Change
 --------------------------------------------------------------------------------------------------
              1          -0.043325382561           0.043325382561           0.000000000000
              2          -0.043325382561           0.000000000000           0.000000000000
 Total energy converged after   2 global iterations                                                  
 
 ...end Multi-Species SCF calculation
 
 
 Begin SCF calculation by: POSITRON
 -------------------------
 
 -----------------------------------------------------------------------------------
 Iteration                   Energy           Density Change         DIIS Error 
 -----------------------------------------------------------------------------------
    1          -0.149960450487           0.000000000000                 -- 
 
 ... end SCF calculation
 
  EIGENVALUES AND EIGENVECTORS: 
 ==============================
 
 
  Eigenvalues for: POSITRON
 -----------------
 
    1          -0.043325382561
    2          -0.043313948090
    3           0.000074659390
    4           0.000136105989
    5           0.000208447967
    6           0.000208447967
    7           0.000257557716
    8           0.000281489338
    9           0.000281489338
   10           0.000321009135
   11           0.000327852699
   12           0.000327852699
   13           0.000424702864
   14           0.000429188587
   15           0.000429632999
   16           0.000429632999
   17           0.000440942157
   18           0.000440942157
   19           0.000570042281
   20           0.000570042281
   21           0.000589917181
   22           0.000836981409
   23           0.000893684150
   24           0.000893684150
   25           0.000984286401
   26           0.001143903873
   27           0.001143903873
   28           0.001149438722
   29           0.001238429327
   30           0.001238429327
   31           0.001448506240
   32           0.001508123682
   33           0.001508123682
   34           0.001510105268
   35           0.001510105268
   36           0.001808979523
   37           0.001808979523
   38           0.001820197154
   39           0.001883055553
   40           0.002019082841
   41           0.002945551069
   42           0.002945551069
   43           0.003775327047
   44           0.003775327047
   45           0.003937416328
   46           0.004005316568
   47           0.004133296729
   48           0.004775473382
   49           0.008708542395
   50           0.008708542395
   51           0.008890525106
   52           0.010037959559
   53           0.010037959559
   54           0.010671807160
   55           0.010746365022
   56           0.013362368128
   57           0.035798702579
   58           0.036802752791
   59           0.134560163413
   60           0.134969758998
   61           0.518821995114
   62           0.519062820666
   63           1.759455890537
   64           1.759575783515
   65           5.880283212031
   66           5.880356679490
   67     1000000.000000000000
   68     1000000.000000000000
 
  end of eigenvalues 
 
  Occupied Eigenvectors for: POSITRON
 --------------------------- 
 
                          -0.0433   
 
    1     E+     S      -0.008587
    2     E+     S      -0.026653
    3     E+     S       0.039846
    4     E+     S      -0.039054
    5     E+     S       0.118734
    6     E+     S       0.245869
    7     E+     S       0.451598
    8     E+     S      -0.025311
    9     E+     S      -0.030536
   10     E+     S       0.006532
   11     E+    Px      -0.049804
   12     E+    Py       0.000000
   13     E+    Pz       0.000000
   14     E+    Px       0.004914
   15     E+    Py      -0.000000
   16     E+    Pz       0.000000
   17     E+    Px      -0.001793
   18     E+    Py       0.000000
   19     E+    Pz       0.000000
   20     E+    Px       0.001152
   21     E+    Py      -0.000000
   22     E+    Pz       0.000000
   23     E+   Dxx      -0.010141
   24     E+   Dxy       0.000000
   25     E+   Dxz       0.000000
   26     E+   Dyy       0.003419
   27     E+   Dyz      -0.000000
   28     E+   Dzz       0.003419
   29     E+   Dxx       0.013598
   30     E+   Dxy      -0.000000
   31     E+   Dxz       0.000000
   32     E+   Dyy       0.012152
   33     E+   Dyz       0.000000
   34     E+   Dzz       0.012152
   35     E+     S      -0.008587
   36     E+     S      -0.026653
   37     E+     S       0.039846
   38     E+     S      -0.039054
   39     E+     S       0.118734
   40     E+     S       0.245869
   41     E+     S       0.451598
   42     E+     S      -0.025311
   43     E+     S      -0.030536
   44     E+     S       0.006532
   45     E+    Px       0.049804
   46     E+    Py      -0.000000
   47     E+    Pz      -0.000000
   48     E+    Px      -0.004914
   49     E+    Py       0.000000
   50     E+    Pz      -0.000000
   51     E+    Px       0.001793
   52     E+    Py      -0.000000
   53     E+    Pz      -0.000000
   54     E+    Px      -0.001152
   55     E+    Py       0.000000
   56     E+    Pz      -0.000000
   57     E+   Dxx      -0.010141
   58     E+   Dxy       0.000000
   59     E+   Dxz       0.000000
   60     E+   Dyy       0.003419
   61     E+   Dyz       0.000000
   62     E+   Dzz       0.003419
   63     E+   Dxx       0.013598
   64     E+   Dxy      -0.000000
   65     E+   Dxz       0.000000
   66     E+   Dyy       0.012152
   67     E+   Dyz      -0.000000
   68     E+   Dzz       0.012152
 
 
  end of eigenvectors 
 
  END OF EIGENVALUES AND EIGENVECTORS
 
 
  COMPONENTS OF KINETIC ENERGY: 
 -----------------------------
 
            POSITRON Kinetic energy =            0.063309685364
                                     _________________________
               Total kinetic energy =            0.063309685364
 
  COMPONENTS OF POTENTIAL ENERGY: 
 -------------------------------
 
          Fixed potential energy    =            0.000000000000
 
  Quantum/Fixed interaction energy: 
 ----------------------------------
 
    POSITRON/Fixed interact. energy =            0.000000000000
                                     _________________________
               Total Q/Fixed energy =            0.000000000000
 
  Coulomb energy: 
 ------------------
 
   POSITRON/POSITRON Hartree energy =            0.000000000000
                                     _________________________
               Total Hartree energy =            0.000000000000
 
  Exchange(HF) energy: 
 ----------------------
 
           POSITRON Exchange energy =            0.000000000000
                                     _________________________
              Total Exchange energy =            0.000000000000
 
  External Potential energy: 
 ----------------------------
 
            POSITRON Ext Pot energy =           -0.106635067926
                                     _________________________
    Total External Potential energy =           -0.106635067926
 
  TOTAL ENERGY COMPONENTS: 
 ==========================
 
          TOTAL KINETIC ENERGY      =            0.063309685364
          TOTAL POTENTIAL ENERGY    =           -0.106635067926
                                     _________________________
                       TOTAL ENERGY =           -0.043325382561
 
                 VIRIAL RATIO (V/T) =            1.684340513016
 
 
  END ENERGY COMPONENTS
 
 
** TOTAL CPU Time SCF :      0.402 (s)
** TOTAL Elapsed Time SCF :      0.199 (s)
 
 We are calculating properties for POSITRON in the HF/KS ground state
 
  POPULATION ANALYSES: 
 ====================
 
 MULLIKEN Population: for POSITRON  
 ---------------------
 
                                    
 
    1     E+     S      -0.000475
    2     E+     S      -0.003043
    3     E+     S       0.008138
    4     E+     S      -0.012348
    5     E+     S       0.059350
    6     E+     S       0.165941
    7     E+     S       0.300545
    8     E+     S      -0.011524
    9     E+     S      -0.007046
   10     E+     S       0.000669
   11     E+    Px      -0.000805
   12     E+    Py       0.000000
   13     E+    Pz      -0.000000
   14     E+    Px       0.000254
   15     E+    Py      -0.000000
   16     E+    Pz      -0.000000
   17     E+    Px      -0.000198
   18     E+    Py       0.000000
   19     E+    Pz       0.000000
   20     E+    Px       0.000096
   21     E+    Py      -0.000000
   22     E+    Pz       0.000000
   23     E+   Dxx      -0.000061
   24     E+   Dxy      -0.000000
   25     E+   Dxz       0.000000
   26     E+   Dyy       0.000001
   27     E+   Dyz       0.000000
   28     E+   Dzz       0.000001
   29     E+   Dxx       0.000454
   30     E+   Dxy       0.000000
   31     E+   Dxz       0.000000
   32     E+   Dyy       0.000025
   33     E+   Dyz       0.000000
   34     E+   Dzz       0.000025
   35     E+     S      -0.000475
   36     E+     S      -0.003043
   37     E+     S       0.008138
   38     E+     S      -0.012348
   39     E+     S       0.059350
   40     E+     S       0.165941
   41     E+     S       0.300545
   42     E+     S      -0.011524
   43     E+     S      -0.007046
   44     E+     S       0.000669
   45     E+    Px      -0.000805
   46     E+    Py      -0.000000
   47     E+    Pz       0.000000
   48     E+    Px       0.000254
   49     E+    Py       0.000000
   50     E+    Pz      -0.000000
   51     E+    Px      -0.000198
   52     E+    Py      -0.000000
   53     E+    Pz      -0.000000
   54     E+    Px       0.000096
   55     E+    Py       0.000000
   56     E+    Pz       0.000000
   57     E+   Dxx      -0.000061
   58     E+   Dxy      -0.000000
   59     E+   Dxz       0.000000
   60     E+   Dyy       0.000001
   61     E+   Dyz      -0.000000
   62     E+   Dzz       0.000001
   63     E+   Dxx       0.000454
   64     E+   Dxy       0.000000
   65     E+   Dxz       0.000000
   66     E+   Dyy       0.000025
   67     E+   Dyz      -0.000000
   68     E+   Dzz       0.000025
 
                           __________
              Total =        1.000000
 
  Atomic MULLIKEN Population: for POSITRON  
            E+               0.500000
            E+               0.500000
 
 ...end of MULLIKEN Population
 
 
 END POPULATION ANALYSES 
 
 
  POPULATION ANALYSES: 
 ====================
 
 LOWDIN Population: for POSITRON  
 ---------------------
 
                                    
 
    1     E+     S       0.000066
    2     E+     S       0.000371
    3     E+     S       0.002120
    4     E+     S       0.009096
    5     E+     S       0.059932
    6     E+     S       0.180515
    7     E+     S       0.200695
    8     E+     S       0.043336
    9     E+     S       0.002456
   10     E+     S       0.000312
   11     E+    Px       0.000005
   12     E+    Py       0.000000
   13     E+    Pz       0.000000
   14     E+    Px       0.000088
   15     E+    Py       0.000000
   16     E+    Pz       0.000000
   17     E+    Px       0.000653
   18     E+    Py      -0.000000
   19     E+    Pz       0.000000
   20     E+    Px       0.000315
   21     E+    Py       0.000000
   22     E+    Pz       0.000000
   23     E+   Dxx       0.000000
   24     E+   Dxy       0.000000
   25     E+   Dxz       0.000000
   26     E+   Dyy       0.000000
   27     E+   Dyz       0.000000
   28     E+   Dzz       0.000000
   29     E+   Dxx       0.000027
   30     E+   Dxy       0.000000
   31     E+   Dxz       0.000000
   32     E+   Dyy       0.000006
   33     E+   Dyz       0.000000
   34     E+   Dzz       0.000006
   35     E+     S       0.000066
   36     E+     S       0.000371
   37     E+     S       0.002120
   38     E+     S       0.009096
   39     E+     S       0.059932
   40     E+     S       0.180515
   41     E+     S       0.200695
   42     E+     S       0.043336
   43     E+     S       0.002456
   44     E+     S       0.000312
   45     E+    Px       0.000005
   46     E+    Py       0.000000
   47     E+    Pz       0.000000
   48     E+    Px       0.000088
   49     E+    Py       0.000000
   50     E+    Pz       0.000000
   51     E+    Px       0.000653
   52     E+    Py       0.000000
   53     E+    Pz       0.000000
   54     E+    Px       0.000315
   55     E+    Py       0.000000
   56     E+    Pz       0.000000
   57     E+   Dxx       0.000000
   58     E+   Dxy       0.000000
   59     E+   Dxz       0.000000
   60     E+   Dyy       0.000000
   61     E+   Dyz       0.000000
   62     E+   Dzz       0.000000
   63     E+   Dxx       0.000027
   64     E+   Dxy       0.000000
   65     E+   Dxz       0.000000
   66     E+   Dyy       0.000006
   67     E+   Dyz      -0.000000
   68     E+   Dzz       0.000006
 
                           __________
              Total =        1.000000
 
  Atomic LOWDIN Population: for POSITRON  
            E+               0.500000
            E+               0.500000
 
 ...end of LOWDIN Population
 
 
 END POPULATION ANALYSES 
 
 
  EXPECTED POSITIONS OF QUANTUM SPECIES:
 ======================
 
 POSITIONS IN ANGSTROMS
 ------
 
                        <x>      <y>      <z>         
           POSITRON   8.1493   0.0000   0.0000
 
 END EXPECTED POSITIONS
 
 
  ELECTROSTATIC MOMENTS:
 ======================
 
 
 DIPOLE: (A.U.)
 ------
 
                           <Dx>         <Dy>         <Dz>          |D|
           POSITRON  15.40000000   0.00000000   0.00000000
    Point charges:    0.00000000   0.00000000   0.00000000
                     ____________________________
      Total Dipole:  15.40000000   0.00000000   0.00000000  15.40000000
 
 DIPOLE: (DEBYE)
 ------
 
                           <Dx>         <Dy>         <Dz>          |D|
           POSITRON  39.14289054   0.00000000   0.00000000
    Point charges:    0.00000000   0.00000000   0.00000000
                     ____________________________
      Total Dipole:  39.14289054   0.00000000   0.00000000  39.14289054
 
 QUADRUPOLE NON-TRACELESS: (DEBYE ANGS)
 ------
 
                           <xx>         <yy>         <zz>         <xy>         <xz>         <yz>
           POSITRON  638.48769365    9.02617691    9.02617691    0.00000000    0.00000000   -0.00000000
    Point charges:     0.00000000    0.00000000    0.00000000    0.00000000    0.00000000    0.00000000
  Total Quadrupole:  638.48769365    9.02617691    9.02617691    0.00000000    0.00000000   -0.00000000
                     ____________________________
 
 END ELECTROSTATIC MOMENTS
 

  TOTAL CPU Time:      0.259 (s)
 TOTAL Wall Time:      0.245 (s)
  Elapsed Time:   0h  0m  0s 247ms
LOWDIN execution terminated normally at : Tue Oct 29 14:38:58 2024
-rw-rw-r-- 1 pohl pohl 2.1M oct 29 14:38 0POSITRON.ints
-rw-rw-r-- 1 pohl pohl 2.1M oct 29 14:38 1POSITRON.ints
-rw-rw-r-- 1 pohl pohl 2.1M oct 29 14:38 2POSITRON.ints
-rw-rw-r-- 1 pohl pohl 2.1M oct 29 14:38 3POSITRON.ints
-rw-rw-r-- 1 pohl pohl   69 oct 29 14:38 gepol.inp
-rw-rw-r-- 1 pohl pohl    0 oct 29 14:38 gepol.xyzr
-rw-rw-r-- 1 pohl pohl 5.2K oct 29 14:38 lowdin.bas
-rw-rw-r-- 1 pohl pohl  16K oct 29 14:38 lowdin.dat
-rw-rw-r-- 1 pohl pohl 473K oct 29 14:38 lowdin.opints
-rw-rw-r-- 1 pohl pohl  13K oct 29 14:38 lowdin.sys
-rw-rw-r-- 1 pohl pohl 473K oct 29 14:38 lowdin.wfn
-rw-rw-r-- 1 pohl pohl  373 oct 29 14:38 only_posi_145
-rw-rw-r-- 1 pohl pohl 1.1K oct 29 14:38 only_posi_145.aux
-rw-rw-r-- 1 pohl pohl  378 oct 29 14:38 only_posi_145.lowdin
-rw-rw-r-- 1 pohl pohl  29K oct 29 14:38 only_posi_145.out
-rw-rw-r-- 1 pohl pohl  37K oct 29 14:38 only_posi_145.vec
