Begin job by input: only_posi_105.lowdin, for user:   at  mar 29 oct 2024 14:38:43 -05
under operating system Linux helios 5.19.0-46-generic #47-Ubuntu SMP PREEMPT_DYNAMIC Fri Jun 16 13:30:11 UTC 2023 x86_64 x86_64 x86_64 GNU/Linux
Compilation information
  commit: f31d3924f6ee2ce9d77f07edcc1ba27359319d14
  compilation date:  mar 17 sep 2024 16:16:17 -05

BEGIN INPUT INFO:
------------------------------------

GEOMETRY
	E+	GRIBAKIN-10S4P2D 0.0 0.0 0.0
	E+	GRIBAKIN-10S4P2D 22.8 0.0 0.0 addParticles=-1 
END GEOMETRY

TASKS
        method = "RHF"
END TASKS

EXTERPOTENTIAL
	E+ VPC105
END EXTERPOTENTIAL

CONTROL
	units="BOHRS"
	readCoefficients=F
	convergenceMethod=1
	overlapEigenThreshold=1E-6
	SCFGhostSpecies="POSITRON"
	HFprintEigenvalues=T
	totalEnergyTolerance = 1E-9
END CONTROL


... END INPUT INFO


 LOWDIN execution started at : Tue Oct 29 14:38:43 2024
 ---------------------------------------------------------------
 
 ***************************************************************
 *                   LOWDIN 2.0  (May/2013)                    *
 *                                                             *
 *  R. FLORES-MORENO, E. F. POSADA, F. S. MONCADA, J.ROMERO,   *
 *  J. CHARRY, M. DIAZ-TINOCO, S. A. GONZALEZ, N. F. AGUIRRE,  *
 *  A. REYES                                                   *
 *                                                             *
 *  https://sites.google.com/site/lowdinproject/               *
 *                                                             *
 ***************************************************************
 
 PARSING INPUT... DONE!
 
 LOWDIN IS RUNNING WITH NEXT PARAMETERS: 
 ----------------------------------------
 
         METHOD TYPE:  RHF
         NUMBER OF CORES:     4
         NONELECTRONIC DENSITY GUESS: HCORE
         ELECTRONIC DENSITY GUESS: HCORE
         CRITERIUM OF CONVERGENCE: ENERGY
         NONELECTRONIC ENERGY TOLERANCE IN SCFs:     0.10000E-07
         ELECTRONIC ENERGY TOLERANCE IN SCFs:     0.10000E-07
         TOTAL ENERGY TOLERANCE IN SCFs:     0.10000E-08
         SCHEME OF ITERATION: GLOBAL ITERATIONS
         SCF MAX. SUBITERATIONS - NONELECTRONS :     1
         SCF MAX. SUBITERATIONS - ELECTRONS :     1
         SCF MAX. ITERATIONS - INTERSPECIES :   200
         INTEGRAL STORAGE: DISK
         STACK SIZE FOR ERIS : 30000
         METHOD OF SCF CONVERGENCE: DAMPING
 
  MOLECULAR SYSTEM: only_posi_105
 -----------------
 
    DESCRIPTION   : only_posi_105
    CHARGE        :   2
    PUNTUAL GROUP : NONE
 
 
  INFORMATION OF PARTICLES :
 =========================
         Total number of particles   =       1
         Number of quantum particles =       1
         Number of puntual charges   =        
         Number of quantum species   =       1
 
                 INFORMATION OF QUANTUM SPECIES 
    ----------------------------------------------------------------------
         ID      Symbol            mass     charge      omega     spin     multiplicity
    ----------------------------------------------------------------------
         1             E+         1.0000      1.00      0.00      0.50      1.00
 
                   CONSTANTS OF COUPLING 
      ------------------------------------------------------------
              Symbol      kappa        eta     lambda occupation
      ------------------------------------------------------------
                  E+      -1.00       1.00       1.00       1.00
 
                   BASIS SET FOR SPECIES 
      ------------------------------------------------------------
           Symbol          N. Basis     N. Particles     Basis Set
      ------------------------------------------------------------
                 E+           32                1     GRIBAKIN-1
 
                                ATOMIC BASIS
         ------------------------------------------------------------
          PRIMITIVE   SHELL             EXPONENT         COEFFICIENT 
         ------------------------------------------------------------
 
    BEGIN DESCRIPTION OF BASIS FOR:    E+
    ==============================
 
 
            E+ BASIS SET:GRIBAKIN-10S4P2
             1         S                0.00010000          1.00000000
             1         S                0.00030000          1.00000000
             1         S                0.00090000          1.00000000
             1         S                0.00270000          1.00000000
             1         S                0.00810000          1.00000000
             1         S                0.02430000          1.00000000
             1         S                0.07290000          1.00000000
             1         S                0.21870000          1.00000000
             1         S                0.65610000          1.00000000
             1         S                1.96830000          1.00000000
             1         P                0.00010000          1.00000000
             1         P                0.00030000          1.00000000
             1         P                0.00090000          1.00000000
             1         P                0.00270000          1.00000000
             1         D                0.00010000          1.00000000
             1         D                0.00030000          1.00000000
 
            E+ BASIS SET:GRIBAKIN-10S4P2
             1         S                0.00010000          1.00000000
             1         S                0.00030000          1.00000000
             1         S                0.00090000          1.00000000
             1         S                0.00270000          1.00000000
             1         S                0.00810000          1.00000000
             1         S                0.02430000          1.00000000
             1         S                0.07290000          1.00000000
             1         S                0.21870000          1.00000000
             1         S                0.65610000          1.00000000
             1         S                1.96830000          1.00000000
             1         P                0.00010000          1.00000000
             1         P                0.00030000          1.00000000
             1         P                0.00090000          1.00000000
             1         P                0.00270000          1.00000000
             1         D                0.00010000          1.00000000
             1         D                0.00030000          1.00000000
    ... END DESCRIPTION OF BASIS
 
 
  END INFORMATION OF PARTICLES
 
 
  INFORMATION OF THE QUANTUM SYSTEM 
     ---------------------------------------------------------------------
                 ID     Occupied Orbitals     Basis size
     ---------------------------------------------------------------------
                 E+            1               68
 
  END INFORMATION OF QUANTUM SYSTEM
 
 
  INFORMATION OF EXTERNAL POTENTIALS 
 
 =======
 External Potential for E+ : VPC105
 Type : 
                     Exponent         l       R_x       R_y       R_z              Factor
                 0.0010000000         0   0.00000   0.00000   0.00000       -0.0004852612
                 0.0020000000         0   0.00000   0.00000   0.00000        0.0024441783
                 0.0040000000         0   0.00000   0.00000   0.00000       -0.0075448874
                 0.0080000000         0   0.00000   0.00000   0.00000        0.0157738437
                 0.0160000000         0   0.00000   0.00000   0.00000       -0.0371036225
                 0.0320000000         0   0.00000   0.00000   0.00000        0.0538567205
                 0.0640000000         0   0.00000   0.00000   0.00000       -0.1977562620
                 0.1280000000         0   0.00000   0.00000   0.00000        0.1521150960
                 0.2560000000         0   0.00000   0.00000   0.00000       -2.2309931100
                 0.5120000000         0   0.00000   0.00000   0.00000        7.1544406100
                 1.0000000000         0   0.00000   0.00000   0.00000      -16.4610761000
                 2.0000000000         0   0.00000   0.00000   0.00000      120.0674500000
                 3.0000000000         0   0.00000   0.00000   0.00000    -1010.4441400000
                 4.0000000000         0   0.00000   0.00000   0.00000     5912.5175500000
                 5.0000000000         0   0.00000   0.00000   0.00000   -22883.6471000000
                 6.0000000000         0   0.00000   0.00000   0.00000    58320.2479000000
                 7.0000000000         0   0.00000   0.00000   0.00000   -96733.7399000000
                 8.0000000000         0   0.00000   0.00000   0.00000   100515.5930000000
                 9.0000000000         0   0.00000   0.00000   0.00000   -59492.9273000000
                10.0000000000         0   0.00000   0.00000   0.00000    15337.5181000000
                20.0000000000         0   0.00000   0.00000   0.00000     -108.3194530000
                30.0000000000         0   0.00000   0.00000   0.00000       58.7242217000
                40.0000000000         0   0.00000   0.00000   0.00000      -33.9818623000
                50.0000000000         0   0.00000   0.00000   0.00000       10.1503518000
               100.0000000000         0   0.00000   0.00000   0.00000       -0.2039701810
                 0.0010000000         0  22.80000   0.00000   0.00000       -0.0004852612
                 0.0020000000         0  22.80000   0.00000   0.00000        0.0024441783
                 0.0040000000         0  22.80000   0.00000   0.00000       -0.0075448874
                 0.0080000000         0  22.80000   0.00000   0.00000        0.0157738437
                 0.0160000000         0  22.80000   0.00000   0.00000       -0.0371036225
                 0.0320000000         0  22.80000   0.00000   0.00000        0.0538567205
                 0.0640000000         0  22.80000   0.00000   0.00000       -0.1977562620
                 0.1280000000         0  22.80000   0.00000   0.00000        0.1521150960
                 0.2560000000         0  22.80000   0.00000   0.00000       -2.2309931100
                 0.5120000000         0  22.80000   0.00000   0.00000        7.1544406100
                 1.0000000000         0  22.80000   0.00000   0.00000      -16.4610761000
                 2.0000000000         0  22.80000   0.00000   0.00000      120.0674500000
                 3.0000000000         0  22.80000   0.00000   0.00000    -1010.4441400000
                 4.0000000000         0  22.80000   0.00000   0.00000     5912.5175500000
                 5.0000000000         0  22.80000   0.00000   0.00000   -22883.6471000000
                 6.0000000000         0  22.80000   0.00000   0.00000    58320.2479000000
                 7.0000000000         0  22.80000   0.00000   0.00000   -96733.7399000000
                 8.0000000000         0  22.80000   0.00000   0.00000   100515.5930000000
                 9.0000000000         0  22.80000   0.00000   0.00000   -59492.9273000000
                10.0000000000         0  22.80000   0.00000   0.00000    15337.5181000000
                20.0000000000         0  22.80000   0.00000   0.00000     -108.3194530000
                30.0000000000         0  22.80000   0.00000   0.00000       58.7242217000
                40.0000000000         0  22.80000   0.00000   0.00000      -33.9818623000
                50.0000000000         0  22.80000   0.00000   0.00000       10.1503518000
               100.0000000000         0  22.80000   0.00000   0.00000       -0.2039701810
 
  END INFORMATION OF EXTERNAL POTENTIALS
 
                       INITIAL GEOMETRY: AMSTRONG
                 -----------------------------------
                       <x>                 <y>                 <z>
        E+        0.0000000000        0.0000000000        0.0000000000
        E+       12.0652412827        0.0000000000        0.0000000000
 
                     MATRIX OF DISTANCE: ANGSTROM
                 -----------------------------------
                          E+(1)          E+(2)     
 
        E+(1)            0.000000      12.065241
        E+(2)           12.065241       0.000000
 
--------------------------------------------------------------------------------
** PROGRAM: SCF (Hartree Fock).     Author: S.A. Gonzalez, E. Posada, F. Moncada
--------------------------------------------------------------------------------
INFO: RUNNING IN RHF MODE.
 
----------------------------------------------------------------------
** PROGRAM INTS                          Author: E. F. Posada, 2013   
----------------------------------------------------------------------
INFO: RUNNING IN ONE_PARTICLE MODE.
 
 Number of Overlap integrals for species POSITRON:   4624
 Number of Kinetic integrals for species POSITRON:   4624
 Number of Nuclear integrals for species POSITRON:   4624
 Number of Moment integrals for species POSITRON:  13872
 Number of 3C Overlap integrals for species POSITRON:   4624
 
** TOTAL CPU Time INTS :      0.355 (s)
** TOTAL Elapsed Time INTS :      0.118 (s)
 
Removed     2 orbitals for species POSITRON with overlap eigen threshold of 1.000E-06
       Usign  HCORE density guess for species:   POSITRON
     number of   POSITRON     particles in guess density matrix:     1.000000
 Number of unique integrals for species: 1 = 316317
 
 TWO-BODY INTEGRAL SETUP: 
------------------------- 
 Storage:   DISK
 Scheme: LIBINT
 Stack size:  30000
 
 LIBINT library, Fermann, J. T.; Valeev, F. L. 2010                   
 LOWDIN-LIBINT Implementation V. 2.1  Posada E. F. ; Reyes A. 2016   
 ----------------------------------------------------------------------

*** TOTAL CPU time intra-species integrals :      0.278 (s)
*** TOTAL elapsed time intra-species integrals :      0.041 (s)

INFO: RUNNING SCHEME SIMULTANEOUS
 
 Begin Multi-Species SCF calculation:
 
 --------------------------------------------------------------------------------------------------
      Iteration                   Energy            Energy Change           Density Change
 --------------------------------------------------------------------------------------------------
              1          -0.043522134395           0.043522134395           0.000000000000
              2          -0.043522134395           0.000000000000           0.000000000000
 Total energy converged after   2 global iterations                                                  
 
 ...end Multi-Species SCF calculation
 
 
 Begin SCF calculation by: POSITRON
 -------------------------
 
 -----------------------------------------------------------------------------------
 Iteration                   Energy           Density Change         DIIS Error 
 -----------------------------------------------------------------------------------
    1          -0.149943074874           0.000000000000                 -- 
 
 ... end SCF calculation
 
  EIGENVALUES AND EIGENVECTORS: 
 ==============================
 
 
  Eigenvalues for: POSITRON
 -----------------
 
    1          -0.043522134395
    2          -0.043363483471
    3           0.000075079583
    4           0.000137001485
    5           0.000209050333
    6           0.000209050333
    7           0.000257596800
    8           0.000282044197
    9           0.000282044197
   10           0.000322908732
   11           0.000329055014
   12           0.000329055014
   13           0.000426839575
   14           0.000430875988
   15           0.000430875988
   16           0.000431282003
   17           0.000442598958
   18           0.000442598958
   19           0.000572156209
   20           0.000572156209
   21           0.000590127444
   22           0.000843970155
   23           0.000899741124
   24           0.000899741124
   25           0.000988111028
   26           0.001150010684
   27           0.001150010684
   28           0.001151214926
   29           0.001246171819
   30           0.001246171819
   31           0.001462953617
   32           0.001515906786
   33           0.001515906786
   34           0.001518920181
   35           0.001518920181
   36           0.001822568726
   37           0.001822568726
   38           0.001827042113
   39           0.001925981537
   40           0.002019989208
   41           0.002990052498
   42           0.002990052498
   43           0.003874964974
   44           0.003874964974
   45           0.004010425371
   46           0.004112142025
   47           0.004233075168
   48           0.004860848076
   49           0.008558254567
   50           0.008558254567
   51           0.009999695410
   52           0.010538783205
   53           0.010552855795
   54           0.010552855795
   55           0.010724896130
   56           0.014449361126
   57           0.034699861079
   58           0.038074137346
   59           0.134472491560
   60           0.135347832202
   61           0.518826811339
   62           0.519211386222
   63           1.759270150703
   64           1.759862704898
   65           5.880022693879
   66           5.880688303322
   67     1000000.000000000000
   68     1000000.000000000000
 
  end of eigenvalues 
 
  Occupied Eigenvectors for: POSITRON
 --------------------------- 
 
                          -0.0435   
 
    1     E+     S       0.002826
    2     E+     S       0.015769
    3     E+     S      -0.036211
    4     E+     S       0.037072
    5     E+     S      -0.116832
    6     E+     S      -0.246485
    7     E+     S      -0.450372
    8     E+     S       0.025159
    9     E+     S       0.030509
   10     E+     S      -0.006526
   11     E+    Px       0.084079
   12     E+    Py      -0.000000
   13     E+    Pz      -0.000000
   14     E+    Px       0.014120
   15     E+    Py      -0.000000
   16     E+    Pz       0.000000
   17     E+    Px       0.000437
   18     E+    Py      -0.000000
   19     E+    Pz      -0.000000
   20     E+    Px      -0.000820
   21     E+    Py       0.000000
   22     E+    Pz       0.000000
   23     E+   Dxx       0.013559
   24     E+   Dxy      -0.000000
   25     E+   Dxz      -0.000000
   26     E+   Dyy      -0.003142
   27     E+   Dyz      -0.000000
   28     E+   Dzz      -0.003142
   29     E+   Dxx      -0.005333
   30     E+   Dxy      -0.000000
   31     E+   Dxz       0.000000
   32     E+   Dyy      -0.010970
   33     E+   Dyz       0.000000
   34     E+   Dzz      -0.010970
   35     E+     S       0.002826
   36     E+     S       0.015769
   37     E+     S      -0.036211
   38     E+     S       0.037072
   39     E+     S      -0.116832
   40     E+     S      -0.246485
   41     E+     S      -0.450372
   42     E+     S       0.025159
   43     E+     S       0.030509
   44     E+     S      -0.006526
   45     E+    Px      -0.084079
   46     E+    Py       0.000000
   47     E+    Pz       0.000000
   48     E+    Px      -0.014120
   49     E+    Py       0.000000
   50     E+    Pz      -0.000000
   51     E+    Px      -0.000437
   52     E+    Py       0.000000
   53     E+    Pz       0.000000
   54     E+    Px       0.000820
   55     E+    Py      -0.000000
   56     E+    Pz      -0.000000
   57     E+   Dxx       0.013559
   58     E+   Dxy      -0.000000
   59     E+   Dxz      -0.000000
   60     E+   Dyy      -0.003142
   61     E+   Dyz       0.000000
   62     E+   Dzz      -0.003142
   63     E+   Dxx      -0.005333
   64     E+   Dxy      -0.000000
   65     E+   Dxz       0.000000
   66     E+   Dyy      -0.010970
   67     E+   Dyz      -0.000000
   68     E+   Dzz      -0.010970
 
 
  end of eigenvectors 
 
  END OF EIGENVALUES AND EIGENVECTORS
 
 
  COMPONENTS OF KINETIC ENERGY: 
 -----------------------------
 
            POSITRON Kinetic energy =            0.062898806085
                                     _________________________
               Total kinetic energy =            0.062898806085
 
  COMPONENTS OF POTENTIAL ENERGY: 
 -------------------------------
 
          Fixed potential energy    =            0.000000000000
 
  Quantum/Fixed interaction energy: 
 ----------------------------------
 
    POSITRON/Fixed interact. energy =            0.000000000000
                                     _________________________
               Total Q/Fixed energy =            0.000000000000
 
  Coulomb energy: 
 ------------------
 
   POSITRON/POSITRON Hartree energy =            0.000000000000
                                     _________________________
               Total Hartree energy =            0.000000000000
 
  Exchange(HF) energy: 
 ----------------------
 
           POSITRON Exchange energy =            0.000000000000
                                     _________________________
              Total Exchange energy =            0.000000000000
 
  External Potential energy: 
 ----------------------------
 
            POSITRON Ext Pot energy =           -0.106420940480
                                     _________________________
    Total External Potential energy =           -0.106420940480
 
  TOTAL ENERGY COMPONENTS: 
 ==========================
 
          TOTAL KINETIC ENERGY      =            0.062898806085
          TOTAL POTENTIAL ENERGY    =           -0.106420940480
                                     _________________________
                       TOTAL ENERGY =           -0.043522134395
 
                 VIRIAL RATIO (V/T) =            1.691938958835
 
 
  END ENERGY COMPONENTS
 
 
** TOTAL CPU Time SCF :      0.405 (s)
** TOTAL Elapsed Time SCF :      0.186 (s)
 
 We are calculating properties for POSITRON in the HF/KS ground state
 
  POPULATION ANALYSES: 
 ====================
 
 MULLIKEN Population: for POSITRON  
 ---------------------
 
                                    
 
    1     E+     S      -0.000159
    2     E+     S      -0.001898
    3     E+     S       0.008380
    4     E+     S      -0.013634
    5     E+     S       0.060636
    6     E+     S       0.166596
    7     E+     S       0.299324
    8     E+     S      -0.011435
    9     E+     S      -0.007027
   10     E+     S       0.000667
   11     E+    Px      -0.001046
   12     E+    Py       0.000000
   13     E+    Pz      -0.000000
   14     E+    Px      -0.000610
   15     E+    Py       0.000000
   16     E+    Pz       0.000000
   17     E+    Px      -0.000052
   18     E+    Py       0.000000
   19     E+    Pz      -0.000000
   20     E+    Px       0.000141
   21     E+    Py      -0.000000
   22     E+    Pz       0.000000
   23     E+   Dxx      -0.000049
   24     E+   Dxy       0.000000
   25     E+   Dxz      -0.000000
   26     E+   Dyy       0.000001
   27     E+   Dyz      -0.000000
   28     E+   Dzz       0.000001
   29     E+   Dxx       0.000115
   30     E+   Dxy       0.000000
   31     E+   Dxz       0.000000
   32     E+   Dyy       0.000024
   33     E+   Dyz       0.000000
   34     E+   Dzz       0.000024
   35     E+     S      -0.000159
   36     E+     S      -0.001898
   37     E+     S       0.008380
   38     E+     S      -0.013634
   39     E+     S       0.060636
   40     E+     S       0.166596
   41     E+     S       0.299324
   42     E+     S      -0.011435
   43     E+     S      -0.007027
   44     E+     S       0.000667
   45     E+    Px      -0.001046
   46     E+    Py      -0.000000
   47     E+    Pz       0.000000
   48     E+    Px      -0.000610
   49     E+    Py      -0.000000
   50     E+    Pz      -0.000000
   51     E+    Px      -0.000052
   52     E+    Py      -0.000000
   53     E+    Pz       0.000000
   54     E+    Px       0.000141
   55     E+    Py       0.000000
   56     E+    Pz      -0.000000
   57     E+   Dxx      -0.000049
   58     E+   Dxy       0.000000
   59     E+   Dxz      -0.000000
   60     E+   Dyy       0.000001
   61     E+   Dyz       0.000000
   62     E+   Dzz       0.000001
   63     E+   Dxx       0.000115
   64     E+   Dxy       0.000000
   65     E+   Dxz       0.000000
   66     E+   Dyy       0.000024
   67     E+   Dyz      -0.000000
   68     E+   Dzz       0.000024
 
                           __________
              Total =        1.000000
 
  Atomic MULLIKEN Population: for POSITRON  
            E+               0.500000
            E+               0.500000
 
 ...end of MULLIKEN Population
 
 
 END POPULATION ANALYSES 
 
 
  POPULATION ANALYSES: 
 ====================
 
 LOWDIN Population: for POSITRON  
 ---------------------
 
                                    
 
    1     E+     S       0.000064
    2     E+     S       0.000394
    3     E+     S       0.002580
    4     E+     S       0.011617
    5     E+     S       0.059324
    6     E+     S       0.177745
    7     E+     S       0.199391
    8     E+     S       0.043098
    9     E+     S       0.002442
   10     E+     S       0.000310
   11     E+    Px       0.000003
   12     E+    Py       0.000000
   13     E+    Pz       0.000000
   14     E+    Px       0.000053
   15     E+    Py       0.000000
   16     E+    Pz       0.000000
   17     E+    Px       0.000709
   18     E+    Py      -0.000000
   19     E+    Pz       0.000000
   20     E+    Px       0.002249
   21     E+    Py       0.000000
   22     E+    Pz      -0.000000
   23     E+   Dxx       0.000000
   24     E+   Dxy       0.000000
   25     E+   Dxz       0.000000
   26     E+   Dyy       0.000000
   27     E+   Dyz       0.000000
   28     E+   Dzz       0.000000
   29     E+   Dxx       0.000008
   30     E+   Dxy       0.000000
   31     E+   Dxz       0.000000
   32     E+   Dyy       0.000007
   33     E+   Dyz      -0.000000
   34     E+   Dzz       0.000007
   35     E+     S       0.000064
   36     E+     S       0.000394
   37     E+     S       0.002580
   38     E+     S       0.011617
   39     E+     S       0.059324
   40     E+     S       0.177745
   41     E+     S       0.199391
   42     E+     S       0.043098
   43     E+     S       0.002442
   44     E+     S       0.000310
   45     E+    Px       0.000003
   46     E+    Py       0.000000
   47     E+    Pz       0.000000
   48     E+    Px       0.000053
   49     E+    Py       0.000000
   50     E+    Pz       0.000000
   51     E+    Px       0.000709
   52     E+    Py       0.000000
   53     E+    Pz      -0.000000
   54     E+    Px       0.002249
   55     E+    Py       0.000000
   56     E+    Pz      -0.000000
   57     E+   Dxx       0.000000
   58     E+   Dxy       0.000000
   59     E+   Dxz       0.000000
   60     E+   Dyy       0.000000
   61     E+   Dyz       0.000000
   62     E+   Dzz       0.000000
   63     E+   Dxx       0.000008
   64     E+   Dxy       0.000000
   65     E+   Dxz       0.000000
   66     E+   Dyy       0.000007
   67     E+   Dyz       0.000000
   68     E+   Dzz       0.000007
 
                           __________
              Total =        1.000000
 
  Atomic LOWDIN Population: for POSITRON  
            E+               0.500000
            E+               0.500000
 
 ...end of LOWDIN Population
 
 
 END POPULATION ANALYSES 
 
 
  EXPECTED POSITIONS OF QUANTUM SPECIES:
 ======================
 
 POSITIONS IN ANGSTROMS
 ------
 
                        <x>      <y>      <z>         
           POSITRON   6.0326   0.0000   0.0000
 
 END EXPECTED POSITIONS
 
 
  ELECTROSTATIC MOMENTS:
 ======================
 
 
 DIPOLE: (A.U.)
 ------
 
                           <Dx>         <Dy>         <Dz>          |D|
           POSITRON  11.40000000   0.00000000   0.00000000
    Point charges:    0.00000000   0.00000000   0.00000000
                     ____________________________
      Total Dipole:  11.40000000   0.00000000   0.00000000  11.40000000
 
 DIPOLE: (DEBYE)
 ------
 
                           <Dx>         <Dy>         <Dz>          |D|
           POSITRON  28.97590599   0.00000000   0.00000000
    Point charges:    0.00000000   0.00000000   0.00000000
                     ____________________________
      Total Dipole:  28.97590599   0.00000000   0.00000000  28.97590599
 
 QUADRUPOLE NON-TRACELESS: (DEBYE ANGS)
 ------
 
                           <xx>         <yy>         <zz>         <xy>         <xz>         <yz>
           POSITRON  345.12091920    9.05490412    9.05490412    0.00000000    0.00000000   -0.00000000
    Point charges:     0.00000000    0.00000000    0.00000000    0.00000000    0.00000000    0.00000000
  Total Quadrupole:  345.12091920    9.05490412    9.05490412    0.00000000    0.00000000   -0.00000000
                     ____________________________
 
 END ELECTROSTATIC MOMENTS
 

  TOTAL CPU Time:      0.259 (s)
 TOTAL Wall Time:      0.232 (s)
  Elapsed Time:   0h  0m  0s 233ms
LOWDIN execution terminated normally at : Tue Oct 29 14:38:43 2024
-rw-rw-r-- 1 pohl pohl 2.1M oct 29 14:38 0POSITRON.ints
-rw-rw-r-- 1 pohl pohl 2.1M oct 29 14:38 1POSITRON.ints
-rw-rw-r-- 1 pohl pohl 2.1M oct 29 14:38 2POSITRON.ints
-rw-rw-r-- 1 pohl pohl 2.1M oct 29 14:38 3POSITRON.ints
-rw-rw-r-- 1 pohl pohl   69 oct 29 14:38 gepol.inp
-rw-rw-r-- 1 pohl pohl    0 oct 29 14:38 gepol.xyzr
-rw-rw-r-- 1 pohl pohl 5.2K oct 29 14:38 lowdin.bas
-rw-rw-r-- 1 pohl pohl  16K oct 29 14:38 lowdin.dat
-rw-rw-r-- 1 pohl pohl 473K oct 29 14:38 lowdin.opints
-rw-rw-r-- 1 pohl pohl  13K oct 29 14:38 lowdin.sys
-rw-rw-r-- 1 pohl pohl 473K oct 29 14:38 lowdin.wfn
-rw-rw-r-- 1 pohl pohl  373 oct 29 14:38 only_posi_105
-rw-rw-r-- 1 pohl pohl 1.1K oct 29 14:38 only_posi_105.aux
-rw-rw-r-- 1 pohl pohl  378 oct 29 14:38 only_posi_105.lowdin
-rw-rw-r-- 1 pohl pohl  29K oct 29 14:38 only_posi_105.out
-rw-rw-r-- 1 pohl pohl  37K oct 29 14:38 only_posi_105.vec
