Begin job by input: only_posi_119.lowdin, for user:   at  mar 29 oct 2024 14:38:48 -05
under operating system Linux helios 5.19.0-46-generic #47-Ubuntu SMP PREEMPT_DYNAMIC Fri Jun 16 13:30:11 UTC 2023 x86_64 x86_64 x86_64 GNU/Linux
Compilation information
  commit: f31d3924f6ee2ce9d77f07edcc1ba27359319d14
  compilation date:  mar 17 sep 2024 16:16:17 -05

BEGIN INPUT INFO:
------------------------------------

GEOMETRY
	E+	GRIBAKIN-10S4P2D 0.0 0.0 0.0
	E+	GRIBAKIN-10S4P2D 25.6 0.0 0.0 addParticles=-1 
END GEOMETRY

TASKS
        method = "RHF"
END TASKS

EXTERPOTENTIAL
	E+ VPC119
END EXTERPOTENTIAL

CONTROL
	units="BOHRS"
	readCoefficients=F
	convergenceMethod=1
	overlapEigenThreshold=1E-6
	SCFGhostSpecies="POSITRON"
	HFprintEigenvalues=T
	totalEnergyTolerance = 1E-9
END CONTROL


... END INPUT INFO


 LOWDIN execution started at : Tue Oct 29 14:38:48 2024
 ---------------------------------------------------------------
 
 ***************************************************************
 *                   LOWDIN 2.0  (May/2013)                    *
 *                                                             *
 *  R. FLORES-MORENO, E. F. POSADA, F. S. MONCADA, J.ROMERO,   *
 *  J. CHARRY, M. DIAZ-TINOCO, S. A. GONZALEZ, N. F. AGUIRRE,  *
 *  A. REYES                                                   *
 *                                                             *
 *  https://sites.google.com/site/lowdinproject/               *
 *                                                             *
 ***************************************************************
 
 PARSING INPUT... DONE!
 
 LOWDIN IS RUNNING WITH NEXT PARAMETERS: 
 ----------------------------------------
 
         METHOD TYPE:  RHF
         NUMBER OF CORES:     4
         NONELECTRONIC DENSITY GUESS: HCORE
         ELECTRONIC DENSITY GUESS: HCORE
         CRITERIUM OF CONVERGENCE: ENERGY
         NONELECTRONIC ENERGY TOLERANCE IN SCFs:     0.10000E-07
         ELECTRONIC ENERGY TOLERANCE IN SCFs:     0.10000E-07
         TOTAL ENERGY TOLERANCE IN SCFs:     0.10000E-08
         SCHEME OF ITERATION: GLOBAL ITERATIONS
         SCF MAX. SUBITERATIONS - NONELECTRONS :     1
         SCF MAX. SUBITERATIONS - ELECTRONS :     1
         SCF MAX. ITERATIONS - INTERSPECIES :   200
         INTEGRAL STORAGE: DISK
         STACK SIZE FOR ERIS : 30000
         METHOD OF SCF CONVERGENCE: DAMPING
 
  MOLECULAR SYSTEM: only_posi_119
 -----------------
 
    DESCRIPTION   : only_posi_119
    CHARGE        :   2
    PUNTUAL GROUP : NONE
 
 
  INFORMATION OF PARTICLES :
 =========================
         Total number of particles   =       1
         Number of quantum particles =       1
         Number of puntual charges   =        
         Number of quantum species   =       1
 
                 INFORMATION OF QUANTUM SPECIES 
    ----------------------------------------------------------------------
         ID      Symbol            mass     charge      omega     spin     multiplicity
    ----------------------------------------------------------------------
         1             E+         1.0000      1.00      0.00      0.50      1.00
 
                   CONSTANTS OF COUPLING 
      ------------------------------------------------------------
              Symbol      kappa        eta     lambda occupation
      ------------------------------------------------------------
                  E+      -1.00       1.00       1.00       1.00
 
                   BASIS SET FOR SPECIES 
      ------------------------------------------------------------
           Symbol          N. Basis     N. Particles     Basis Set
      ------------------------------------------------------------
                 E+           32                1     GRIBAKIN-1
 
                                ATOMIC BASIS
         ------------------------------------------------------------
          PRIMITIVE   SHELL             EXPONENT         COEFFICIENT 
         ------------------------------------------------------------
 
    BEGIN DESCRIPTION OF BASIS FOR:    E+
    ==============================
 
 
            E+ BASIS SET:GRIBAKIN-10S4P2
             1         S                0.00010000          1.00000000
             1         S                0.00030000          1.00000000
             1         S                0.00090000          1.00000000
             1         S                0.00270000          1.00000000
             1         S                0.00810000          1.00000000
             1         S                0.02430000          1.00000000
             1         S                0.07290000          1.00000000
             1         S                0.21870000          1.00000000
             1         S                0.65610000          1.00000000
             1         S                1.96830000          1.00000000
             1         P                0.00010000          1.00000000
             1         P                0.00030000          1.00000000
             1         P                0.00090000          1.00000000
             1         P                0.00270000          1.00000000
             1         D                0.00010000          1.00000000
             1         D                0.00030000          1.00000000
 
            E+ BASIS SET:GRIBAKIN-10S4P2
             1         S                0.00010000          1.00000000
             1         S                0.00030000          1.00000000
             1         S                0.00090000          1.00000000
             1         S                0.00270000          1.00000000
             1         S                0.00810000          1.00000000
             1         S                0.02430000          1.00000000
             1         S                0.07290000          1.00000000
             1         S                0.21870000          1.00000000
             1         S                0.65610000          1.00000000
             1         S                1.96830000          1.00000000
             1         P                0.00010000          1.00000000
             1         P                0.00030000          1.00000000
             1         P                0.00090000          1.00000000
             1         P                0.00270000          1.00000000
             1         D                0.00010000          1.00000000
             1         D                0.00030000          1.00000000
    ... END DESCRIPTION OF BASIS
 
 
  END INFORMATION OF PARTICLES
 
 
  INFORMATION OF THE QUANTUM SYSTEM 
     ---------------------------------------------------------------------
                 ID     Occupied Orbitals     Basis size
     ---------------------------------------------------------------------
                 E+            1               68
 
  END INFORMATION OF QUANTUM SYSTEM
 
 
  INFORMATION OF EXTERNAL POTENTIALS 
 
 =======
 External Potential for E+ : VPC119
 Type : 
                     Exponent         l       R_x       R_y       R_z              Factor
                 0.0010000000         0   0.00000   0.00000   0.00000       -0.0004852612
                 0.0020000000         0   0.00000   0.00000   0.00000        0.0024441783
                 0.0040000000         0   0.00000   0.00000   0.00000       -0.0075448874
                 0.0080000000         0   0.00000   0.00000   0.00000        0.0157738437
                 0.0160000000         0   0.00000   0.00000   0.00000       -0.0371036225
                 0.0320000000         0   0.00000   0.00000   0.00000        0.0538567205
                 0.0640000000         0   0.00000   0.00000   0.00000       -0.1977562620
                 0.1280000000         0   0.00000   0.00000   0.00000        0.1521150960
                 0.2560000000         0   0.00000   0.00000   0.00000       -2.2309931100
                 0.5120000000         0   0.00000   0.00000   0.00000        7.1544406100
                 1.0000000000         0   0.00000   0.00000   0.00000      -16.4610761000
                 2.0000000000         0   0.00000   0.00000   0.00000      120.0674500000
                 3.0000000000         0   0.00000   0.00000   0.00000    -1010.4441400000
                 4.0000000000         0   0.00000   0.00000   0.00000     5912.5175500000
                 5.0000000000         0   0.00000   0.00000   0.00000   -22883.6471000000
                 6.0000000000         0   0.00000   0.00000   0.00000    58320.2479000000
                 7.0000000000         0   0.00000   0.00000   0.00000   -96733.7399000000
                 8.0000000000         0   0.00000   0.00000   0.00000   100515.5930000000
                 9.0000000000         0   0.00000   0.00000   0.00000   -59492.9273000000
                10.0000000000         0   0.00000   0.00000   0.00000    15337.5181000000
                20.0000000000         0   0.00000   0.00000   0.00000     -108.3194530000
                30.0000000000         0   0.00000   0.00000   0.00000       58.7242217000
                40.0000000000         0   0.00000   0.00000   0.00000      -33.9818623000
                50.0000000000         0   0.00000   0.00000   0.00000       10.1503518000
               100.0000000000         0   0.00000   0.00000   0.00000       -0.2039701810
                 0.0010000000         0  25.60000   0.00000   0.00000       -0.0004852612
                 0.0020000000         0  25.60000   0.00000   0.00000        0.0024441783
                 0.0040000000         0  25.60000   0.00000   0.00000       -0.0075448874
                 0.0080000000         0  25.60000   0.00000   0.00000        0.0157738437
                 0.0160000000         0  25.60000   0.00000   0.00000       -0.0371036225
                 0.0320000000         0  25.60000   0.00000   0.00000        0.0538567205
                 0.0640000000         0  25.60000   0.00000   0.00000       -0.1977562620
                 0.1280000000         0  25.60000   0.00000   0.00000        0.1521150960
                 0.2560000000         0  25.60000   0.00000   0.00000       -2.2309931100
                 0.5120000000         0  25.60000   0.00000   0.00000        7.1544406100
                 1.0000000000         0  25.60000   0.00000   0.00000      -16.4610761000
                 2.0000000000         0  25.60000   0.00000   0.00000      120.0674500000
                 3.0000000000         0  25.60000   0.00000   0.00000    -1010.4441400000
                 4.0000000000         0  25.60000   0.00000   0.00000     5912.5175500000
                 5.0000000000         0  25.60000   0.00000   0.00000   -22883.6471000000
                 6.0000000000         0  25.60000   0.00000   0.00000    58320.2479000000
                 7.0000000000         0  25.60000   0.00000   0.00000   -96733.7399000000
                 8.0000000000         0  25.60000   0.00000   0.00000   100515.5930000000
                 9.0000000000         0  25.60000   0.00000   0.00000   -59492.9273000000
                10.0000000000         0  25.60000   0.00000   0.00000    15337.5181000000
                20.0000000000         0  25.60000   0.00000   0.00000     -108.3194530000
                30.0000000000         0  25.60000   0.00000   0.00000       58.7242217000
                40.0000000000         0  25.60000   0.00000   0.00000      -33.9818623000
                50.0000000000         0  25.60000   0.00000   0.00000       10.1503518000
               100.0000000000         0  25.60000   0.00000   0.00000       -0.2039701810
 
  END INFORMATION OF EXTERNAL POTENTIALS
 
                       INITIAL GEOMETRY: AMSTRONG
                 -----------------------------------
                       <x>                 <y>                 <z>
        E+        0.0000000000        0.0000000000        0.0000000000
        E+       13.5469375805        0.0000000000        0.0000000000
 
                     MATRIX OF DISTANCE: ANGSTROM
                 -----------------------------------
                          E+(1)          E+(2)     
 
        E+(1)            0.000000      13.546938
        E+(2)           13.546938       0.000000
 
--------------------------------------------------------------------------------
** PROGRAM: SCF (Hartree Fock).     Author: S.A. Gonzalez, E. Posada, F. Moncada
--------------------------------------------------------------------------------
INFO: RUNNING IN RHF MODE.
 
----------------------------------------------------------------------
** PROGRAM INTS                          Author: E. F. Posada, 2013   
----------------------------------------------------------------------
INFO: RUNNING IN ONE_PARTICLE MODE.
 
 Number of Overlap integrals for species POSITRON:   4624
 Number of Kinetic integrals for species POSITRON:   4624
 Number of Nuclear integrals for species POSITRON:   4624
 Number of Moment integrals for species POSITRON:  13872
 Number of 3C Overlap integrals for species POSITRON:   4624
 
** TOTAL CPU Time INTS :      0.384 (s)
** TOTAL Elapsed Time INTS :      0.143 (s)
 
Removed     2 orbitals for species POSITRON with overlap eigen threshold of 1.000E-06
       Usign  HCORE density guess for species:   POSITRON
     number of   POSITRON     particles in guess density matrix:     1.000000
 Number of unique integrals for species: 1 = 313175
 
 TWO-BODY INTEGRAL SETUP: 
------------------------- 
 Storage:   DISK
 Scheme: LIBINT
 Stack size:  30000
 
 LIBINT library, Fermann, J. T.; Valeev, F. L. 2010                   
 LOWDIN-LIBINT Implementation V. 2.1  Posada E. F. ; Reyes A. 2016   
 ----------------------------------------------------------------------

*** TOTAL CPU time intra-species integrals :      0.271 (s)
*** TOTAL elapsed time intra-species integrals :      0.041 (s)

INFO: RUNNING SCHEME SIMULTANEOUS
 
 Begin Multi-Species SCF calculation:
 
 --------------------------------------------------------------------------------------------------
      Iteration                   Energy            Energy Change           Density Change
 --------------------------------------------------------------------------------------------------
              1          -0.043417875566           0.043417875566           0.000000000000
              2          -0.043417875566           0.000000000000           0.000000000000
 Total energy converged after   2 global iterations                                                  
 
 ...end Multi-Species SCF calculation
 
 
 Begin SCF calculation by: POSITRON
 -------------------------
 
 -----------------------------------------------------------------------------------
 Iteration                   Energy           Density Change         DIIS Error 
 -----------------------------------------------------------------------------------
    1          -0.149985267324           0.000000000000                 -- 
 
 ... end SCF calculation
 
  EIGENVALUES AND EIGENVECTORS: 
 ==============================
 
 
  Eigenvalues for: POSITRON
 -----------------
 
    1          -0.043417875566
    2          -0.043356083463
    3           0.000074975536
    4           0.000136715015
    5           0.000208856476
    6           0.000208856476
    7           0.000257593751
    8           0.000281868485
    9           0.000281868485
   10           0.000322429326
   11           0.000328670562
   12           0.000328670562
   13           0.000426172795
   14           0.000430481945
   15           0.000430481945
   16           0.000430595235
   17           0.000442057179
   18           0.000442057179
   19           0.000571483622
   20           0.000571483622
   21           0.000590096090
   22           0.000842093203
   23           0.000897711779
   24           0.000897711779
   25           0.000986946968
   26           0.001148090466
   27           0.001148090466
   28           0.001150693432
   29           0.001243657367
   30           0.001243657367
   31           0.001458342246
   32           0.001513450480
   33           0.001513450480
   34           0.001516113893
   35           0.001516113893
   36           0.001818152118
   37           0.001818152118
   38           0.001825942249
   39           0.001912637128
   40           0.002019959766
   41           0.002972826208
   42           0.002972826208
   43           0.003841804643
   44           0.003841804643
   45           0.004007829724
   46           0.004122893452
   47           0.004138587483
   48           0.004832955258
   49           0.008591359184
   50           0.008591359184
   51           0.009538998343
   52           0.010361846031
   53           0.010361846031
   54           0.010596751965
   55           0.010726602665
   56           0.014146119738
   57           0.035604076024
   58           0.037145695614
   59           0.133405027470
   60           0.136382800047
   61           0.518017519030
   62           0.520032789084
   63           1.758663344230
   64           1.760491539720
   65           5.879509723711
   66           5.881230809473
   67     1000000.000000000000
   68     1000000.000000000000
 
  end of eigenvalues 
 
  Occupied Eigenvectors for: POSITRON
 --------------------------- 
 
                          -0.0434   
 
    1     E+     S       0.004829
    2     E+     S       0.021511
    3     E+     S      -0.038417
    4     E+     S       0.038499
    5     E+     S      -0.118041
    6     E+     S      -0.246496
    7     E+     S      -0.450937
    8     E+     S       0.025192
    9     E+     S       0.030541
   10     E+     S      -0.006533
   11     E+    Px       0.071966
   12     E+    Py      -0.000000
   13     E+    Pz       0.000000
   14     E+    Px       0.003047
   15     E+    Py       0.000000
   16     E+    Pz       0.000000
   17     E+    Px       0.001120
   18     E+    Py      -0.000000
   19     E+    Pz       0.000000
   20     E+    Px      -0.001031
   21     E+    Py       0.000000
   22     E+    Pz      -0.000000
   23     E+   Dxx       0.012802
   24     E+   Dxy      -0.000000
   25     E+   Dxz       0.000000
   26     E+   Dyy      -0.003322
   27     E+   Dyz       0.000000
   28     E+   Dzz      -0.003322
   29     E+   Dxx      -0.009668
   30     E+   Dxy       0.000000
   31     E+   Dxz       0.000000
   32     E+   Dyy      -0.011680
   33     E+   Dyz      -0.000000
   34     E+   Dzz      -0.011680
   35     E+     S       0.004829
   36     E+     S       0.021511
   37     E+     S      -0.038417
   38     E+     S       0.038499
   39     E+     S      -0.118041
   40     E+     S      -0.246496
   41     E+     S      -0.450937
   42     E+     S       0.025192
   43     E+     S       0.030541
   44     E+     S      -0.006533
   45     E+    Px      -0.071966
   46     E+    Py       0.000000
   47     E+    Pz      -0.000000
   48     E+    Px      -0.003047
   49     E+    Py      -0.000000
   50     E+    Pz      -0.000000
   51     E+    Px      -0.001120
   52     E+    Py       0.000000
   53     E+    Pz      -0.000000
   54     E+    Px       0.001031
   55     E+    Py      -0.000000
   56     E+    Pz       0.000000
   57     E+   Dxx       0.012802
   58     E+   Dxy      -0.000000
   59     E+   Dxz       0.000000
   60     E+   Dyy      -0.003322
   61     E+   Dyz      -0.000000
   62     E+   Dzz      -0.003322
   63     E+   Dxx      -0.009668
   64     E+   Dxy       0.000000
   65     E+   Dxz       0.000000
   66     E+   Dyy      -0.011680
   67     E+   Dyz       0.000000
   68     E+   Dzz      -0.011680
 
 
  end of eigenvectors 
 
  END OF EIGENVALUES AND EIGENVECTORS
 
 
  COMPONENTS OF KINETIC ENERGY: 
 -----------------------------
 
            POSITRON Kinetic energy =            0.063149516192
                                     _________________________
               Total kinetic energy =            0.063149516192
 
  COMPONENTS OF POTENTIAL ENERGY: 
 -------------------------------
 
          Fixed potential energy    =            0.000000000000
 
  Quantum/Fixed interaction energy: 
 ----------------------------------
 
    POSITRON/Fixed interact. energy =            0.000000000000
                                     _________________________
               Total Q/Fixed energy =            0.000000000000
 
  Coulomb energy: 
 ------------------
 
   POSITRON/POSITRON Hartree energy =            0.000000000000
                                     _________________________
               Total Hartree energy =            0.000000000000
 
  Exchange(HF) energy: 
 ----------------------
 
           POSITRON Exchange energy =            0.000000000000
                                     _________________________
              Total Exchange energy =            0.000000000000
 
  External Potential energy: 
 ----------------------------
 
            POSITRON Ext Pot energy =           -0.106567391758
                                     _________________________
    Total External Potential energy =           -0.106567391758
 
  TOTAL ENERGY COMPONENTS: 
 ==========================
 
          TOTAL KINETIC ENERGY      =            0.063149516192
          TOTAL POTENTIAL ENERGY    =           -0.106567391758
                                     _________________________
                       TOTAL ENERGY =           -0.043417875566
 
                 VIRIAL RATIO (V/T) =            1.687540905847
 
 
  END ENERGY COMPONENTS
 
 
** TOTAL CPU Time SCF :      0.385 (s)
** TOTAL Elapsed Time SCF :      0.207 (s)
 
 We are calculating properties for POSITRON in the HF/KS ground state
 
  POPULATION ANALYSES: 
 ====================
 
 MULLIKEN Population: for POSITRON  
 ---------------------
 
                                    
 
    1     E+     S      -0.000271
    2     E+     S      -0.002548
    3     E+     S       0.008526
    4     E+     S      -0.013310
    5     E+     S       0.059948
    6     E+     S       0.166428
    7     E+     S       0.299940
    8     E+     S      -0.011462
    9     E+     S      -0.007042
   10     E+     S       0.000669
   11     E+    Px      -0.000994
   12     E+    Py       0.000000
   13     E+    Pz      -0.000000
   14     E+    Px      -0.000142
   15     E+    Py      -0.000000
   16     E+    Pz      -0.000000
   17     E+    Px      -0.000132
   18     E+    Py      -0.000000
   19     E+    Pz      -0.000000
   20     E+    Px       0.000144
   21     E+    Py       0.000000
   22     E+    Pz       0.000000
   23     E+   Dxx      -0.000056
   24     E+   Dxy      -0.000000
   25     E+   Dxz       0.000000
   26     E+   Dyy       0.000001
   27     E+   Dyz      -0.000000
   28     E+   Dzz       0.000001
   29     E+   Dxx       0.000248
   30     E+   Dxy       0.000000
   31     E+   Dxz      -0.000000
   32     E+   Dyy       0.000025
   33     E+   Dyz      -0.000000
   34     E+   Dzz       0.000025
   35     E+     S      -0.000271
   36     E+     S      -0.002548
   37     E+     S       0.008526
   38     E+     S      -0.013310
   39     E+     S       0.059948
   40     E+     S       0.166428
   41     E+     S       0.299940
   42     E+     S      -0.011462
   43     E+     S      -0.007042
   44     E+     S       0.000669
   45     E+    Px      -0.000994
   46     E+    Py      -0.000000
   47     E+    Pz       0.000000
   48     E+    Px      -0.000142
   49     E+    Py      -0.000000
   50     E+    Pz       0.000000
   51     E+    Px      -0.000132
   52     E+    Py       0.000000
   53     E+    Pz       0.000000
   54     E+    Px       0.000144
   55     E+    Py      -0.000000
   56     E+    Pz       0.000000
   57     E+   Dxx      -0.000056
   58     E+   Dxy      -0.000000
   59     E+   Dxz       0.000000
   60     E+   Dyy       0.000001
   61     E+   Dyz       0.000000
   62     E+   Dzz       0.000001
   63     E+   Dxx       0.000248
   64     E+   Dxy       0.000000
   65     E+   Dxz      -0.000000
   66     E+   Dyy       0.000025
   67     E+   Dyz       0.000000
   68     E+   Dzz       0.000025
 
                           __________
              Total =        1.000000
 
  Atomic MULLIKEN Population: for POSITRON  
            E+               0.500000
            E+               0.500000
 
 ...end of MULLIKEN Population
 
 
 END POPULATION ANALYSES 
 
 
  POPULATION ANALYSES: 
 ====================
 
 LOWDIN Population: for POSITRON  
 ---------------------
 
                                    
 
    1     E+     S       0.000065
    2     E+     S       0.000389
    3     E+     S       0.002437
    4     E+     S       0.010442
    5     E+     S       0.059106
    6     E+     S       0.179287
    7     E+     S       0.200166
    8     E+     S       0.043234
    9     E+     S       0.002450
   10     E+     S       0.000311
   11     E+    Px       0.000003
   12     E+    Py       0.000000
   13     E+    Pz       0.000000
   14     E+    Px       0.000066
   15     E+    Py       0.000000
   16     E+    Pz       0.000000
   17     E+    Px       0.000731
   18     E+    Py       0.000000
   19     E+    Pz       0.000000
   20     E+    Px       0.001284
   21     E+    Py       0.000000
   22     E+    Pz      -0.000000
   23     E+   Dxx       0.000000
   24     E+   Dxy       0.000000
   25     E+   Dxz       0.000000
   26     E+   Dyy       0.000000
   27     E+   Dyz       0.000000
   28     E+   Dzz       0.000000
   29     E+   Dxx       0.000014
   30     E+   Dxy       0.000000
   31     E+   Dxz       0.000000
   32     E+   Dyy       0.000007
   33     E+   Dyz       0.000000
   34     E+   Dzz       0.000007
   35     E+     S       0.000065
   36     E+     S       0.000389
   37     E+     S       0.002437
   38     E+     S       0.010442
   39     E+     S       0.059106
   40     E+     S       0.179287
   41     E+     S       0.200166
   42     E+     S       0.043234
   43     E+     S       0.002450
   44     E+     S       0.000311
   45     E+    Px       0.000003
   46     E+    Py       0.000000
   47     E+    Pz       0.000000
   48     E+    Px       0.000066
   49     E+    Py       0.000000
   50     E+    Pz       0.000000
   51     E+    Px       0.000731
   52     E+    Py       0.000000
   53     E+    Pz       0.000000
   54     E+    Px       0.001284
   55     E+    Py       0.000000
   56     E+    Pz       0.000000
   57     E+   Dxx       0.000000
   58     E+   Dxy       0.000000
   59     E+   Dxz       0.000000
   60     E+   Dyy       0.000000
   61     E+   Dyz       0.000000
   62     E+   Dzz       0.000000
   63     E+   Dxx       0.000014
   64     E+   Dxy      -0.000000
   65     E+   Dxz       0.000000
   66     E+   Dyy       0.000007
   67     E+   Dyz       0.000000
   68     E+   Dzz       0.000007
 
                           __________
              Total =        1.000000
 
  Atomic LOWDIN Population: for POSITRON  
            E+               0.500000
            E+               0.500000
 
 ...end of LOWDIN Population
 
 
 END POPULATION ANALYSES 
 
 
  EXPECTED POSITIONS OF QUANTUM SPECIES:
 ======================
 
 POSITIONS IN ANGSTROMS
 ------
 
                        <x>      <y>      <z>         
           POSITRON   6.7735  -0.0000  -0.0000
 
 END EXPECTED POSITIONS
 
 
  ELECTROSTATIC MOMENTS:
 ======================
 
 
 DIPOLE: (A.U.)
 ------
 
                           <Dx>         <Dy>         <Dz>          |D|
           POSITRON  12.80000000  -0.00000000  -0.00000000
    Point charges:    0.00000000   0.00000000   0.00000000
                     ____________________________
      Total Dipole:  12.80000000  -0.00000000  -0.00000000  12.80000000
 
 DIPOLE: (DEBYE)
 ------
 
                           <Dx>         <Dy>         <Dz>          |D|
           POSITRON  32.53435059  -0.00000000  -0.00000000
    Point charges:    0.00000000   0.00000000   0.00000000
                     ____________________________
      Total Dipole:  32.53435059  -0.00000000  -0.00000000  32.53435059
 
 QUADRUPOLE NON-TRACELESS: (DEBYE ANGS)
 ------
 
                           <xx>         <yy>         <zz>         <xy>         <xz>         <yz>
           POSITRON  436.65328693    9.03513961    9.03513961    0.00000000   -0.00000000    0.00000000
    Point charges:     0.00000000    0.00000000    0.00000000    0.00000000    0.00000000    0.00000000
  Total Quadrupole:  436.65328693    9.03513961    9.03513961    0.00000000   -0.00000000    0.00000000
                     ____________________________
 
 END ELECTROSTATIC MOMENTS
 

  TOTAL CPU Time:      0.258 (s)
 TOTAL Wall Time:      0.254 (s)
  Elapsed Time:   0h  0m  0s 254ms
LOWDIN execution terminated normally at : Tue Oct 29 14:38:48 2024
-rw-rw-r-- 1 pohl pohl 2.1M oct 29 14:38 0POSITRON.ints
-rw-rw-r-- 1 pohl pohl 2.1M oct 29 14:38 1POSITRON.ints
-rw-rw-r-- 1 pohl pohl 2.1M oct 29 14:38 2POSITRON.ints
-rw-rw-r-- 1 pohl pohl 2.1M oct 29 14:38 3POSITRON.ints
-rw-rw-r-- 1 pohl pohl   69 oct 29 14:38 gepol.inp
-rw-rw-r-- 1 pohl pohl    0 oct 29 14:38 gepol.xyzr
-rw-rw-r-- 1 pohl pohl 5.2K oct 29 14:38 lowdin.bas
-rw-rw-r-- 1 pohl pohl  16K oct 29 14:38 lowdin.dat
-rw-rw-r-- 1 pohl pohl 473K oct 29 14:38 lowdin.opints
-rw-rw-r-- 1 pohl pohl  13K oct 29 14:38 lowdin.sys
-rw-rw-r-- 1 pohl pohl 473K oct 29 14:38 lowdin.wfn
-rw-rw-r-- 1 pohl pohl  373 oct 29 14:38 only_posi_119
-rw-rw-r-- 1 pohl pohl 1.1K oct 29 14:38 only_posi_119.aux
-rw-rw-r-- 1 pohl pohl  378 oct 29 14:38 only_posi_119.lowdin
-rw-rw-r-- 1 pohl pohl  29K oct 29 14:38 only_posi_119.out
-rw-rw-r-- 1 pohl pohl  37K oct 29 14:38 only_posi_119.vec
