Begin job by input: only_posi_291.lowdin, for user:   at  mar 29 oct 2024 14:39:55 -05
under operating system Linux helios 5.19.0-46-generic #47-Ubuntu SMP PREEMPT_DYNAMIC Fri Jun 16 13:30:11 UTC 2023 x86_64 x86_64 x86_64 GNU/Linux
Compilation information
  commit: f31d3924f6ee2ce9d77f07edcc1ba27359319d14
  compilation date:  mar 17 sep 2024 16:16:17 -05

BEGIN INPUT INFO:
------------------------------------

GEOMETRY
	E+	GRIBAKIN-10S4P2D 0.0 0.0 0.0
	E+	GRIBAKIN-10S4P2D 60.0 0.0 0.0 addParticles=-1 
END GEOMETRY

TASKS
        method = "RHF"
END TASKS

EXTERPOTENTIAL
	E+ VPC291
END EXTERPOTENTIAL

CONTROL
	units="BOHRS"
	readCoefficients=F
	convergenceMethod=1
	overlapEigenThreshold=1E-6
	SCFGhostSpecies="POSITRON"
	HFprintEigenvalues=T
	totalEnergyTolerance = 1E-9
END CONTROL


... END INPUT INFO


 LOWDIN execution started at : Tue Oct 29 14:39:55 2024
 ---------------------------------------------------------------
 
 ***************************************************************
 *                   LOWDIN 2.0  (May/2013)                    *
 *                                                             *
 *  R. FLORES-MORENO, E. F. POSADA, F. S. MONCADA, J.ROMERO,   *
 *  J. CHARRY, M. DIAZ-TINOCO, S. A. GONZALEZ, N. F. AGUIRRE,  *
 *  A. REYES                                                   *
 *                                                             *
 *  https://sites.google.com/site/lowdinproject/               *
 *                                                             *
 ***************************************************************
 
 PARSING INPUT... DONE!
 
 LOWDIN IS RUNNING WITH NEXT PARAMETERS: 
 ----------------------------------------
 
         METHOD TYPE:  RHF
         NUMBER OF CORES:     4
         NONELECTRONIC DENSITY GUESS: HCORE
         ELECTRONIC DENSITY GUESS: HCORE
         CRITERIUM OF CONVERGENCE: ENERGY
         NONELECTRONIC ENERGY TOLERANCE IN SCFs:     0.10000E-07
         ELECTRONIC ENERGY TOLERANCE IN SCFs:     0.10000E-07
         TOTAL ENERGY TOLERANCE IN SCFs:     0.10000E-08
         SCHEME OF ITERATION: GLOBAL ITERATIONS
         SCF MAX. SUBITERATIONS - NONELECTRONS :     1
         SCF MAX. SUBITERATIONS - ELECTRONS :     1
         SCF MAX. ITERATIONS - INTERSPECIES :   200
         INTEGRAL STORAGE: DISK
         STACK SIZE FOR ERIS : 30000
         METHOD OF SCF CONVERGENCE: DAMPING
 
  MOLECULAR SYSTEM: only_posi_291
 -----------------
 
    DESCRIPTION   : only_posi_291
    CHARGE        :   2
    PUNTUAL GROUP : NONE
 
 
  INFORMATION OF PARTICLES :
 =========================
         Total number of particles   =       1
         Number of quantum particles =       1
         Number of puntual charges   =        
         Number of quantum species   =       1
 
                 INFORMATION OF QUANTUM SPECIES 
    ----------------------------------------------------------------------
         ID      Symbol            mass     charge      omega     spin     multiplicity
    ----------------------------------------------------------------------
         1             E+         1.0000      1.00      0.00      0.50      1.00
 
                   CONSTANTS OF COUPLING 
      ------------------------------------------------------------
              Symbol      kappa        eta     lambda occupation
      ------------------------------------------------------------
                  E+      -1.00       1.00       1.00       1.00
 
                   BASIS SET FOR SPECIES 
      ------------------------------------------------------------
           Symbol          N. Basis     N. Particles     Basis Set
      ------------------------------------------------------------
                 E+           32                1     GRIBAKIN-1
 
                                ATOMIC BASIS
         ------------------------------------------------------------
          PRIMITIVE   SHELL             EXPONENT         COEFFICIENT 
         ------------------------------------------------------------
 
    BEGIN DESCRIPTION OF BASIS FOR:    E+
    ==============================
 
 
            E+ BASIS SET:GRIBAKIN-10S4P2
             1         S                0.00010000          1.00000000
             1         S                0.00030000          1.00000000
             1         S                0.00090000          1.00000000
             1         S                0.00270000          1.00000000
             1         S                0.00810000          1.00000000
             1         S                0.02430000          1.00000000
             1         S                0.07290000          1.00000000
             1         S                0.21870000          1.00000000
             1         S                0.65610000          1.00000000
             1         S                1.96830000          1.00000000
             1         P                0.00010000          1.00000000
             1         P                0.00030000          1.00000000
             1         P                0.00090000          1.00000000
             1         P                0.00270000          1.00000000
             1         D                0.00010000          1.00000000
             1         D                0.00030000          1.00000000
 
            E+ BASIS SET:GRIBAKIN-10S4P2
             1         S                0.00010000          1.00000000
             1         S                0.00030000          1.00000000
             1         S                0.00090000          1.00000000
             1         S                0.00270000          1.00000000
             1         S                0.00810000          1.00000000
             1         S                0.02430000          1.00000000
             1         S                0.07290000          1.00000000
             1         S                0.21870000          1.00000000
             1         S                0.65610000          1.00000000
             1         S                1.96830000          1.00000000
             1         P                0.00010000          1.00000000
             1         P                0.00030000          1.00000000
             1         P                0.00090000          1.00000000
             1         P                0.00270000          1.00000000
             1         D                0.00010000          1.00000000
             1         D                0.00030000          1.00000000
    ... END DESCRIPTION OF BASIS
 
 
  END INFORMATION OF PARTICLES
 
 
  INFORMATION OF THE QUANTUM SYSTEM 
     ---------------------------------------------------------------------
                 ID     Occupied Orbitals     Basis size
     ---------------------------------------------------------------------
                 E+            1               68
 
  END INFORMATION OF QUANTUM SYSTEM
 
 
  INFORMATION OF EXTERNAL POTENTIALS 
 
 =======
 External Potential for E+ : VPC291
 Type : 
                     Exponent         l       R_x       R_y       R_z              Factor
                 0.0010000000         0   0.00000   0.00000   0.00000       -0.0004852612
                 0.0020000000         0   0.00000   0.00000   0.00000        0.0024441783
                 0.0040000000         0   0.00000   0.00000   0.00000       -0.0075448874
                 0.0080000000         0   0.00000   0.00000   0.00000        0.0157738437
                 0.0160000000         0   0.00000   0.00000   0.00000       -0.0371036225
                 0.0320000000         0   0.00000   0.00000   0.00000        0.0538567205
                 0.0640000000         0   0.00000   0.00000   0.00000       -0.1977562620
                 0.1280000000         0   0.00000   0.00000   0.00000        0.1521150960
                 0.2560000000         0   0.00000   0.00000   0.00000       -2.2309931100
                 0.5120000000         0   0.00000   0.00000   0.00000        7.1544406100
                 1.0000000000         0   0.00000   0.00000   0.00000      -16.4610761000
                 2.0000000000         0   0.00000   0.00000   0.00000      120.0674500000
                 3.0000000000         0   0.00000   0.00000   0.00000    -1010.4441400000
                 4.0000000000         0   0.00000   0.00000   0.00000     5912.5175500000
                 5.0000000000         0   0.00000   0.00000   0.00000   -22883.6471000000
                 6.0000000000         0   0.00000   0.00000   0.00000    58320.2479000000
                 7.0000000000         0   0.00000   0.00000   0.00000   -96733.7399000000
                 8.0000000000         0   0.00000   0.00000   0.00000   100515.5930000000
                 9.0000000000         0   0.00000   0.00000   0.00000   -59492.9273000000
                10.0000000000         0   0.00000   0.00000   0.00000    15337.5181000000
                20.0000000000         0   0.00000   0.00000   0.00000     -108.3194530000
                30.0000000000         0   0.00000   0.00000   0.00000       58.7242217000
                40.0000000000         0   0.00000   0.00000   0.00000      -33.9818623000
                50.0000000000         0   0.00000   0.00000   0.00000       10.1503518000
               100.0000000000         0   0.00000   0.00000   0.00000       -0.2039701810
                 0.0010000000         0  60.00000   0.00000   0.00000       -0.0004852612
                 0.0020000000         0  60.00000   0.00000   0.00000        0.0024441783
                 0.0040000000         0  60.00000   0.00000   0.00000       -0.0075448874
                 0.0080000000         0  60.00000   0.00000   0.00000        0.0157738437
                 0.0160000000         0  60.00000   0.00000   0.00000       -0.0371036225
                 0.0320000000         0  60.00000   0.00000   0.00000        0.0538567205
                 0.0640000000         0  60.00000   0.00000   0.00000       -0.1977562620
                 0.1280000000         0  60.00000   0.00000   0.00000        0.1521150960
                 0.2560000000         0  60.00000   0.00000   0.00000       -2.2309931100
                 0.5120000000         0  60.00000   0.00000   0.00000        7.1544406100
                 1.0000000000         0  60.00000   0.00000   0.00000      -16.4610761000
                 2.0000000000         0  60.00000   0.00000   0.00000      120.0674500000
                 3.0000000000         0  60.00000   0.00000   0.00000    -1010.4441400000
                 4.0000000000         0  60.00000   0.00000   0.00000     5912.5175500000
                 5.0000000000         0  60.00000   0.00000   0.00000   -22883.6471000000
                 6.0000000000         0  60.00000   0.00000   0.00000    58320.2479000000
                 7.0000000000         0  60.00000   0.00000   0.00000   -96733.7399000000
                 8.0000000000         0  60.00000   0.00000   0.00000   100515.5930000000
                 9.0000000000         0  60.00000   0.00000   0.00000   -59492.9273000000
                10.0000000000         0  60.00000   0.00000   0.00000    15337.5181000000
                20.0000000000         0  60.00000   0.00000   0.00000     -108.3194530000
                30.0000000000         0  60.00000   0.00000   0.00000       58.7242217000
                40.0000000000         0  60.00000   0.00000   0.00000      -33.9818623000
                50.0000000000         0  60.00000   0.00000   0.00000       10.1503518000
               100.0000000000         0  60.00000   0.00000   0.00000       -0.2039701810
 
  END INFORMATION OF EXTERNAL POTENTIALS
 
                       INITIAL GEOMETRY: AMSTRONG
                 -----------------------------------
                       <x>                 <y>                 <z>
        E+        0.0000000000        0.0000000000        0.0000000000
        E+       31.7506349544        0.0000000000        0.0000000000
 
                     MATRIX OF DISTANCE: ANGSTROM
                 -----------------------------------
                          E+(1)          E+(2)     
 
        E+(1)            0.000000      31.750635
        E+(2)           31.750635       0.000000
 
--------------------------------------------------------------------------------
** PROGRAM: SCF (Hartree Fock).     Author: S.A. Gonzalez, E. Posada, F. Moncada
--------------------------------------------------------------------------------
INFO: RUNNING IN RHF MODE.
 
----------------------------------------------------------------------
** PROGRAM INTS                          Author: E. F. Posada, 2013   
----------------------------------------------------------------------
INFO: RUNNING IN ONE_PARTICLE MODE.
 
 Number of Overlap integrals for species POSITRON:   4624
 Number of Kinetic integrals for species POSITRON:   4624
 Number of Nuclear integrals for species POSITRON:   4624
 Number of Moment integrals for species POSITRON:  13872
 Number of 3C Overlap integrals for species POSITRON:   4624
 
** TOTAL CPU Time INTS :      0.379 (s)
** TOTAL Elapsed Time INTS :      0.143 (s)
 
Removed     1 orbitals for species POSITRON with overlap eigen threshold of 1.000E-06
       Usign  HCORE density guess for species:   POSITRON
     number of   POSITRON     particles in guess density matrix:     1.000000
 Number of unique integrals for species: 1 = 258373
 
 TWO-BODY INTEGRAL SETUP: 
------------------------- 
 Storage:   DISK
 Scheme: LIBINT
 Stack size:  30000
 
 LIBINT library, Fermann, J. T.; Valeev, F. L. 2010                   
 LOWDIN-LIBINT Implementation V. 2.1  Posada E. F. ; Reyes A. 2016   
 ----------------------------------------------------------------------

*** TOTAL CPU time intra-species integrals :      0.253 (s)
*** TOTAL elapsed time intra-species integrals :      0.038 (s)

INFO: RUNNING SCHEME SIMULTANEOUS
 
 Begin Multi-Species SCF calculation:
 
 --------------------------------------------------------------------------------------------------
      Iteration                   Energy            Energy Change           Density Change
 --------------------------------------------------------------------------------------------------
              1          -0.043338979501           0.043338979501           0.000000000000
              2          -0.043338979501           0.000000000000           0.000000000000
 Total energy converged after   2 global iterations                                                  
 
 ...end Multi-Species SCF calculation
 
 
 Begin SCF calculation by: POSITRON
 -------------------------
 
 -----------------------------------------------------------------------------------
 Iteration                   Energy           Density Change         DIIS Error 
 -----------------------------------------------------------------------------------
    1          -0.150047684449           0.000000000000                 -- 
 
 ... end SCF calculation
 
  EIGENVALUES AND EIGENVECTORS: 
 ==============================
 
 
  Eigenvalues for: POSITRON
 -----------------
 
    1          -0.043338979501
    2          -0.043338927973
    3           0.000071823179
    4           0.000130908541
    5           0.000205322099
    6           0.000205322099
    7           0.000256054379
    8           0.000278067815
    9           0.000278067815
   10           0.000309782379
   11           0.000321359393
   12           0.000321359393
   13           0.000403173635
   14           0.000414077269
   15           0.000422202731
   16           0.000422202731
   17           0.000431251606
   18           0.000431251606
   19           0.000558238430
   20           0.000558238430
   21           0.000580563912
   22           0.000802350947
   23           0.000873579336
   24           0.000873579336
   25           0.000951131285
   26           0.001106519054
   27           0.001106519054
   28           0.001123554199
   29           0.001204207247
   30           0.001204207247
   31           0.001226738848
   32           0.001443068695
   33           0.001443068695
   34           0.001459899012
   35           0.001459899012
   36           0.001668079876
   37           0.001744758910
   38           0.001744758910
   39           0.001841207450
   40           0.001942338231
   41           0.002235552949
   42           0.002935229613
   43           0.002935229613
   44           0.003204517460
   45           0.003417225517
   46           0.003417225517
   47           0.004074643199
   48           0.004141752508
   49           0.004434431642
   50           0.009178734853
   51           0.009178734853
   52           0.009357798262
   53           0.009357798262
   54           0.009485916188
   55           0.009912707306
   56           0.010946965706
   57           0.011010672870
   58           0.035859163884
   59           0.036124891927
   60           0.134350443769
   61           0.134549544367
   62           0.518600029522
   63           0.518743923508
   64           1.759203795770
   65           1.759327852126
   66           5.880026289169
   67           5.880140180599
   68     1000000.000000000000
 
  end of eigenvalues 
 
  Occupied Eigenvectors for: POSITRON
 --------------------------- 
 
                          -0.0433   
 
    1     E+     S      -0.022755
    2     E+     S      -0.026065
    3     E+     S       0.039693
    4     E+     S      -0.037859
    5     E+     S       0.117638
    6     E+     S       0.246516
    7     E+     S       0.451584
    8     E+     S      -0.025267
    9     E+     S      -0.030558
   10     E+     S       0.006536
   11     E+    Px      -0.004085
   12     E+    Py      -0.000000
   13     E+    Pz       0.000000
   14     E+    Px       0.000968
   15     E+    Py      -0.000000
   16     E+    Pz      -0.000000
   17     E+    Px      -0.000111
   18     E+    Py       0.000000
   19     E+    Pz       0.000000
   20     E+    Px      -0.000225
   21     E+    Py      -0.000000
   22     E+    Pz      -0.000000
   23     E+   Dxx       0.001073
   24     E+   Dxy      -0.000000
   25     E+   Dxz       0.000000
   26     E+   Dyy       0.003611
   27     E+   Dyz       0.000000
   28     E+   Dzz       0.003611
   29     E+   Dxx       0.013593
   30     E+   Dxy      -0.000000
   31     E+   Dxz      -0.000000
   32     E+   Dyy       0.012616
   33     E+   Dyz      -0.000000
   34     E+   Dzz       0.012616
   35     E+     S      -0.022755
   36     E+     S      -0.026065
   37     E+     S       0.039693
   38     E+     S      -0.037859
   39     E+     S       0.117638
   40     E+     S       0.246516
   41     E+     S       0.451584
   42     E+     S      -0.025267
   43     E+     S      -0.030558
   44     E+     S       0.006536
   45     E+    Px       0.004085
   46     E+    Py       0.000000
   47     E+    Pz      -0.000000
   48     E+    Px      -0.000968
   49     E+    Py       0.000000
   50     E+    Pz       0.000000
   51     E+    Px       0.000111
   52     E+    Py       0.000000
   53     E+    Pz      -0.000000
   54     E+    Px       0.000225
   55     E+    Py       0.000000
   56     E+    Pz       0.000000
   57     E+   Dxx       0.001073
   58     E+   Dxy      -0.000000
   59     E+   Dxz       0.000000
   60     E+   Dyy       0.003611
   61     E+   Dyz      -0.000000
   62     E+   Dzz       0.003611
   63     E+   Dxx       0.013593
   64     E+   Dxy      -0.000000
   65     E+   Dxz      -0.000000
   66     E+   Dyy       0.012616
   67     E+   Dyz       0.000000
   68     E+   Dzz       0.012616
 
 
  end of eigenvectors 
 
  END OF EIGENVALUES AND EIGENVECTORS
 
 
  COMPONENTS OF KINETIC ENERGY: 
 -----------------------------
 
            POSITRON Kinetic energy =            0.063369725447
                                     _________________________
               Total kinetic energy =            0.063369725447
 
  COMPONENTS OF POTENTIAL ENERGY: 
 -------------------------------
 
          Fixed potential energy    =            0.000000000000
 
  Quantum/Fixed interaction energy: 
 ----------------------------------
 
    POSITRON/Fixed interact. energy =            0.000000000000
                                     _________________________
               Total Q/Fixed energy =            0.000000000000
 
  Coulomb energy: 
 ------------------
 
   POSITRON/POSITRON Hartree energy =            0.000000000000
                                     _________________________
               Total Hartree energy =            0.000000000000
 
  Exchange(HF) energy: 
 ----------------------
 
           POSITRON Exchange energy =            0.000000000000
                                     _________________________
              Total Exchange energy =            0.000000000000
 
  External Potential energy: 
 ----------------------------
 
            POSITRON Ext Pot energy =           -0.106708704948
                                     _________________________
    Total External Potential energy =           -0.106708704948
 
  TOTAL ENERGY COMPONENTS: 
 ==========================
 
          TOTAL KINETIC ENERGY      =            0.063369725447
          TOTAL POTENTIAL ENERGY    =           -0.106708704948
                                     _________________________
                       TOTAL ENERGY =           -0.043338979501
 
                 VIRIAL RATIO (V/T) =            1.683906695119
 
 
  END ENERGY COMPONENTS
 
 
** TOTAL CPU Time SCF :      0.396 (s)
** TOTAL Elapsed Time SCF :      0.208 (s)
 
 We are calculating properties for POSITRON in the HF/KS ground state
 
  POPULATION ANALYSES: 
 ====================
 
 MULLIKEN Population: for POSITRON  
 ---------------------
 
                                    
 
    1     E+     S      -0.001121
    2     E+     S      -0.002280
    3     E+     S       0.005877
    4     E+     S      -0.010843
    5     E+     S       0.058522
    6     E+     S       0.166368
    7     E+     S       0.300604
    8     E+     S      -0.011507
    9     E+     S      -0.007053
   10     E+     S       0.000670
   11     E+    Px      -0.000099
   12     E+    Py      -0.000000
   13     E+    Pz       0.000000
   14     E+    Px       0.000044
   15     E+    Py      -0.000000
   16     E+    Pz      -0.000000
   17     E+    Px      -0.000002
   18     E+    Py       0.000000
   19     E+    Pz       0.000000
   20     E+    Px      -0.000000
   21     E+    Py       0.000000
   22     E+    Pz      -0.000000
   23     E+   Dxx       0.000018
   24     E+   Dxy      -0.000000
   25     E+   Dxz      -0.000000
   26     E+   Dyy       0.000001
   27     E+   Dyz      -0.000000
   28     E+   Dzz       0.000001
   29     E+   Dxx       0.000759
   30     E+   Dxy      -0.000000
   31     E+   Dxz       0.000000
   32     E+   Dyy       0.000020
   33     E+   Dyz      -0.000000
   34     E+   Dzz       0.000020
   35     E+     S      -0.001121
   36     E+     S      -0.002280
   37     E+     S       0.005877
   38     E+     S      -0.010843
   39     E+     S       0.058522
   40     E+     S       0.166368
   41     E+     S       0.300604
   42     E+     S      -0.011507
   43     E+     S      -0.007053
   44     E+     S       0.000670
   45     E+    Px      -0.000099
   46     E+    Py       0.000000
   47     E+    Pz       0.000000
   48     E+    Px       0.000044
   49     E+    Py       0.000000
   50     E+    Pz      -0.000000
   51     E+    Px      -0.000002
   52     E+    Py       0.000000
   53     E+    Pz      -0.000000
   54     E+    Px      -0.000000
   55     E+    Py       0.000000
   56     E+    Pz       0.000000
   57     E+   Dxx       0.000018
   58     E+   Dxy      -0.000000
   59     E+   Dxz      -0.000000
   60     E+   Dyy       0.000001
   61     E+   Dyz       0.000000
   62     E+   Dzz       0.000001
   63     E+   Dxx       0.000759
   64     E+   Dxy       0.000000
   65     E+   Dxz       0.000000
   66     E+   Dyy       0.000020
   67     E+   Dyz       0.000000
   68     E+   Dzz       0.000020
 
                           __________
              Total =        1.000000
 
  Atomic MULLIKEN Population: for POSITRON  
            E+               0.500000
            E+               0.500000
 
 ...end of MULLIKEN Population
 
 
 END POPULATION ANALYSES 
 
 
  POPULATION ANALYSES: 
 ====================
 
 LOWDIN Population: for POSITRON  
 ---------------------
 
                                    
 
    1     E+     S       0.000051
    2     E+     S       0.000216
    3     E+     S       0.001230
    4     E+     S       0.008638
    5     E+     S       0.061232
    6     E+     S       0.181245
    7     E+     S       0.201027
    8     E+     S       0.043391
    9     E+     S       0.002460
   10     E+     S       0.000312
   11     E+    Px       0.000015
   12     E+    Py       0.000000
   13     E+    Pz       0.000000
   14     E+    Px       0.000073
   15     E+    Py      -0.000000
   16     E+    Pz       0.000000
   17     E+    Px       0.000009
   18     E+    Py      -0.000000
   19     E+    Pz      -0.000000
   20     E+    Px       0.000000
   21     E+    Py      -0.000000
   22     E+    Pz      -0.000000
   23     E+   Dxx       0.000005
   24     E+   Dxy      -0.000000
   25     E+   Dxz      -0.000000
   26     E+   Dyy       0.000000
   27     E+   Dyz      -0.000000
   28     E+   Dzz       0.000000
   29     E+   Dxx       0.000089
   30     E+   Dxy      -0.000000
   31     E+   Dxz       0.000000
   32     E+   Dyy       0.000003
   33     E+   Dyz       0.000000
   34     E+   Dzz       0.000003
   35     E+     S       0.000051
   36     E+     S       0.000216
   37     E+     S       0.001230
   38     E+     S       0.008638
   39     E+     S       0.061232
   40     E+     S       0.181245
   41     E+     S       0.201027
   42     E+     S       0.043391
   43     E+     S       0.002460
   44     E+     S       0.000312
   45     E+    Px       0.000015
   46     E+    Py       0.000000
   47     E+    Pz       0.000000
   48     E+    Px       0.000073
   49     E+    Py      -0.000000
   50     E+    Pz       0.000000
   51     E+    Px       0.000009
   52     E+    Py      -0.000000
   53     E+    Pz       0.000000
   54     E+    Px       0.000000
   55     E+    Py      -0.000000
   56     E+    Pz       0.000000
   57     E+   Dxx       0.000005
   58     E+   Dxy      -0.000000
   59     E+   Dxz      -0.000000
   60     E+   Dyy       0.000000
   61     E+   Dyz       0.000000
   62     E+   Dzz       0.000000
   63     E+   Dxx       0.000089
   64     E+   Dxy      -0.000000
   65     E+   Dxz       0.000000
   66     E+   Dyy       0.000003
   67     E+   Dyz       0.000000
   68     E+   Dzz       0.000003
 
                           __________
              Total =        1.000000
 
  Atomic LOWDIN Population: for POSITRON  
            E+               0.500000
            E+               0.500000
 
 ...end of LOWDIN Population
 
 
 END POPULATION ANALYSES 
 
 
  EXPECTED POSITIONS OF QUANTUM SPECIES:
 ======================
 
 POSITIONS IN ANGSTROMS
 ------
 
                        <x>      <y>      <z>         
           POSITRON  15.8753   0.0000   0.0000
 
 END EXPECTED POSITIONS
 
 
  ELECTROSTATIC MOMENTS:
 ======================
 
 
 DIPOLE: (A.U.)
 ------
 
                           <Dx>         <Dy>         <Dz>          |D|
           POSITRON  29.99999625   0.00000000   0.00000000
    Point charges:    0.00000000   0.00000000   0.00000000
                     ____________________________
      Total Dipole:  29.99999625   0.00000000   0.00000000  29.99999625
 
 DIPOLE: (DEBYE)
 ------
 
                           <Dx>         <Dy>         <Dz>          |D|
           POSITRON  76.25237466   0.00000000   0.00000000
    Point charges:    0.00000000   0.00000000   0.00000000
                     ____________________________
      Total Dipole:  76.25237466   0.00000000   0.00000000  76.25237466
 
 QUADRUPOLE NON-TRACELESS: (DEBYE ANGS)
 ------
 
                           <xx>         <yy>         <zz>         <xy>         <xz>         <yz>
           POSITRON 2426.77732740    9.00195497    9.00195497    0.00000000    0.00000000   -0.00000000
    Point charges:     0.00000000    0.00000000    0.00000000    0.00000000    0.00000000    0.00000000
  Total Quadrupole: 2426.77732740    9.00195497    9.00195497    0.00000000    0.00000000   -0.00000000
                     ____________________________
 
 END ELECTROSTATIC MOMENTS
 

  TOTAL CPU Time:      0.259 (s)
 TOTAL Wall Time:      0.255 (s)
  Elapsed Time:   0h  0m  0s 255ms
LOWDIN execution terminated normally at : Tue Oct 29 14:39:55 2024
-rw-rw-r-- 1 pohl pohl 2.1M oct 29 14:39 0POSITRON.ints
-rw-rw-r-- 1 pohl pohl 2.1M oct 29 14:39 1POSITRON.ints
-rw-rw-r-- 1 pohl pohl 2.1M oct 29 14:39 2POSITRON.ints
-rw-rw-r-- 1 pohl pohl 2.1M oct 29 14:39 3POSITRON.ints
-rw-rw-r-- 1 pohl pohl   69 oct 29 14:39 gepol.inp
-rw-rw-r-- 1 pohl pohl    0 oct 29 14:39 gepol.xyzr
-rw-rw-r-- 1 pohl pohl 5.2K oct 29 14:39 lowdin.bas
-rw-rw-r-- 1 pohl pohl  16K oct 29 14:39 lowdin.dat
-rw-rw-r-- 1 pohl pohl 473K oct 29 14:39 lowdin.opints
-rw-rw-r-- 1 pohl pohl  13K oct 29 14:39 lowdin.sys
-rw-rw-r-- 1 pohl pohl 473K oct 29 14:39 lowdin.wfn
-rw-rw-r-- 1 pohl pohl  373 oct 29 14:39 only_posi_291
-rw-rw-r-- 1 pohl pohl 1.1K oct 29 14:39 only_posi_291.aux
-rw-rw-r-- 1 pohl pohl  378 oct 29 14:39 only_posi_291.lowdin
-rw-rw-r-- 1 pohl pohl  29K oct 29 14:39 only_posi_291.out
-rw-rw-r-- 1 pohl pohl  37K oct 29 14:39 only_posi_291.vec
