Begin job by input: only_posi_283.lowdin, for user:   at  mar 29 oct 2024 14:39:52 -05
under operating system Linux helios 5.19.0-46-generic #47-Ubuntu SMP PREEMPT_DYNAMIC Fri Jun 16 13:30:11 UTC 2023 x86_64 x86_64 x86_64 GNU/Linux
Compilation information
  commit: f31d3924f6ee2ce9d77f07edcc1ba27359319d14
  compilation date:  mar 17 sep 2024 16:16:17 -05

BEGIN INPUT INFO:
------------------------------------

GEOMETRY
	E+	GRIBAKIN-10S4P2D 0.0 0.0 0.0
	E+	GRIBAKIN-10S4P2D 58.4 0.0 0.0 addParticles=-1 
END GEOMETRY

TASKS
        method = "RHF"
END TASKS

EXTERPOTENTIAL
	E+ VPC283
END EXTERPOTENTIAL

CONTROL
	units="BOHRS"
	readCoefficients=F
	convergenceMethod=1
	overlapEigenThreshold=1E-6
	SCFGhostSpecies="POSITRON"
	HFprintEigenvalues=T
	totalEnergyTolerance = 1E-9
END CONTROL


... END INPUT INFO


 LOWDIN execution started at : Tue Oct 29 14:39:52 2024
 ---------------------------------------------------------------
 
 ***************************************************************
 *                   LOWDIN 2.0  (May/2013)                    *
 *                                                             *
 *  R. FLORES-MORENO, E. F. POSADA, F. S. MONCADA, J.ROMERO,   *
 *  J. CHARRY, M. DIAZ-TINOCO, S. A. GONZALEZ, N. F. AGUIRRE,  *
 *  A. REYES                                                   *
 *                                                             *
 *  https://sites.google.com/site/lowdinproject/               *
 *                                                             *
 ***************************************************************
 
 PARSING INPUT... DONE!
 
 LOWDIN IS RUNNING WITH NEXT PARAMETERS: 
 ----------------------------------------
 
         METHOD TYPE:  RHF
         NUMBER OF CORES:     4
         NONELECTRONIC DENSITY GUESS: HCORE
         ELECTRONIC DENSITY GUESS: HCORE
         CRITERIUM OF CONVERGENCE: ENERGY
         NONELECTRONIC ENERGY TOLERANCE IN SCFs:     0.10000E-07
         ELECTRONIC ENERGY TOLERANCE IN SCFs:     0.10000E-07
         TOTAL ENERGY TOLERANCE IN SCFs:     0.10000E-08
         SCHEME OF ITERATION: GLOBAL ITERATIONS
         SCF MAX. SUBITERATIONS - NONELECTRONS :     1
         SCF MAX. SUBITERATIONS - ELECTRONS :     1
         SCF MAX. ITERATIONS - INTERSPECIES :   200
         INTEGRAL STORAGE: DISK
         STACK SIZE FOR ERIS : 30000
         METHOD OF SCF CONVERGENCE: DAMPING
 
  MOLECULAR SYSTEM: only_posi_283
 -----------------
 
    DESCRIPTION   : only_posi_283
    CHARGE        :   2
    PUNTUAL GROUP : NONE
 
 
  INFORMATION OF PARTICLES :
 =========================
         Total number of particles   =       1
         Number of quantum particles =       1
         Number of puntual charges   =        
         Number of quantum species   =       1
 
                 INFORMATION OF QUANTUM SPECIES 
    ----------------------------------------------------------------------
         ID      Symbol            mass     charge      omega     spin     multiplicity
    ----------------------------------------------------------------------
         1             E+         1.0000      1.00      0.00      0.50      1.00
 
                   CONSTANTS OF COUPLING 
      ------------------------------------------------------------
              Symbol      kappa        eta     lambda occupation
      ------------------------------------------------------------
                  E+      -1.00       1.00       1.00       1.00
 
                   BASIS SET FOR SPECIES 
      ------------------------------------------------------------
           Symbol          N. Basis     N. Particles     Basis Set
      ------------------------------------------------------------
                 E+           32                1     GRIBAKIN-1
 
                                ATOMIC BASIS
         ------------------------------------------------------------
          PRIMITIVE   SHELL             EXPONENT         COEFFICIENT 
         ------------------------------------------------------------
 
    BEGIN DESCRIPTION OF BASIS FOR:    E+
    ==============================
 
 
            E+ BASIS SET:GRIBAKIN-10S4P2
             1         S                0.00010000          1.00000000
             1         S                0.00030000          1.00000000
             1         S                0.00090000          1.00000000
             1         S                0.00270000          1.00000000
             1         S                0.00810000          1.00000000
             1         S                0.02430000          1.00000000
             1         S                0.07290000          1.00000000
             1         S                0.21870000          1.00000000
             1         S                0.65610000          1.00000000
             1         S                1.96830000          1.00000000
             1         P                0.00010000          1.00000000
             1         P                0.00030000          1.00000000
             1         P                0.00090000          1.00000000
             1         P                0.00270000          1.00000000
             1         D                0.00010000          1.00000000
             1         D                0.00030000          1.00000000
 
            E+ BASIS SET:GRIBAKIN-10S4P2
             1         S                0.00010000          1.00000000
             1         S                0.00030000          1.00000000
             1         S                0.00090000          1.00000000
             1         S                0.00270000          1.00000000
             1         S                0.00810000          1.00000000
             1         S                0.02430000          1.00000000
             1         S                0.07290000          1.00000000
             1         S                0.21870000          1.00000000
             1         S                0.65610000          1.00000000
             1         S                1.96830000          1.00000000
             1         P                0.00010000          1.00000000
             1         P                0.00030000          1.00000000
             1         P                0.00090000          1.00000000
             1         P                0.00270000          1.00000000
             1         D                0.00010000          1.00000000
             1         D                0.00030000          1.00000000
    ... END DESCRIPTION OF BASIS
 
 
  END INFORMATION OF PARTICLES
 
 
  INFORMATION OF THE QUANTUM SYSTEM 
     ---------------------------------------------------------------------
                 ID     Occupied Orbitals     Basis size
     ---------------------------------------------------------------------
                 E+            1               68
 
  END INFORMATION OF QUANTUM SYSTEM
 
 
  INFORMATION OF EXTERNAL POTENTIALS 
 
 =======
 External Potential for E+ : VPC283
 Type : 
                     Exponent         l       R_x       R_y       R_z              Factor
                 0.0010000000         0   0.00000   0.00000   0.00000       -0.0004852612
                 0.0020000000         0   0.00000   0.00000   0.00000        0.0024441783
                 0.0040000000         0   0.00000   0.00000   0.00000       -0.0075448874
                 0.0080000000         0   0.00000   0.00000   0.00000        0.0157738437
                 0.0160000000         0   0.00000   0.00000   0.00000       -0.0371036225
                 0.0320000000         0   0.00000   0.00000   0.00000        0.0538567205
                 0.0640000000         0   0.00000   0.00000   0.00000       -0.1977562620
                 0.1280000000         0   0.00000   0.00000   0.00000        0.1521150960
                 0.2560000000         0   0.00000   0.00000   0.00000       -2.2309931100
                 0.5120000000         0   0.00000   0.00000   0.00000        7.1544406100
                 1.0000000000         0   0.00000   0.00000   0.00000      -16.4610761000
                 2.0000000000         0   0.00000   0.00000   0.00000      120.0674500000
                 3.0000000000         0   0.00000   0.00000   0.00000    -1010.4441400000
                 4.0000000000         0   0.00000   0.00000   0.00000     5912.5175500000
                 5.0000000000         0   0.00000   0.00000   0.00000   -22883.6471000000
                 6.0000000000         0   0.00000   0.00000   0.00000    58320.2479000000
                 7.0000000000         0   0.00000   0.00000   0.00000   -96733.7399000000
                 8.0000000000         0   0.00000   0.00000   0.00000   100515.5930000000
                 9.0000000000         0   0.00000   0.00000   0.00000   -59492.9273000000
                10.0000000000         0   0.00000   0.00000   0.00000    15337.5181000000
                20.0000000000         0   0.00000   0.00000   0.00000     -108.3194530000
                30.0000000000         0   0.00000   0.00000   0.00000       58.7242217000
                40.0000000000         0   0.00000   0.00000   0.00000      -33.9818623000
                50.0000000000         0   0.00000   0.00000   0.00000       10.1503518000
               100.0000000000         0   0.00000   0.00000   0.00000       -0.2039701810
                 0.0010000000         0  58.40000   0.00000   0.00000       -0.0004852612
                 0.0020000000         0  58.40000   0.00000   0.00000        0.0024441783
                 0.0040000000         0  58.40000   0.00000   0.00000       -0.0075448874
                 0.0080000000         0  58.40000   0.00000   0.00000        0.0157738437
                 0.0160000000         0  58.40000   0.00000   0.00000       -0.0371036225
                 0.0320000000         0  58.40000   0.00000   0.00000        0.0538567205
                 0.0640000000         0  58.40000   0.00000   0.00000       -0.1977562620
                 0.1280000000         0  58.40000   0.00000   0.00000        0.1521150960
                 0.2560000000         0  58.40000   0.00000   0.00000       -2.2309931100
                 0.5120000000         0  58.40000   0.00000   0.00000        7.1544406100
                 1.0000000000         0  58.40000   0.00000   0.00000      -16.4610761000
                 2.0000000000         0  58.40000   0.00000   0.00000      120.0674500000
                 3.0000000000         0  58.40000   0.00000   0.00000    -1010.4441400000
                 4.0000000000         0  58.40000   0.00000   0.00000     5912.5175500000
                 5.0000000000         0  58.40000   0.00000   0.00000   -22883.6471000000
                 6.0000000000         0  58.40000   0.00000   0.00000    58320.2479000000
                 7.0000000000         0  58.40000   0.00000   0.00000   -96733.7399000000
                 8.0000000000         0  58.40000   0.00000   0.00000   100515.5930000000
                 9.0000000000         0  58.40000   0.00000   0.00000   -59492.9273000000
                10.0000000000         0  58.40000   0.00000   0.00000    15337.5181000000
                20.0000000000         0  58.40000   0.00000   0.00000     -108.3194530000
                30.0000000000         0  58.40000   0.00000   0.00000       58.7242217000
                40.0000000000         0  58.40000   0.00000   0.00000      -33.9818623000
                50.0000000000         0  58.40000   0.00000   0.00000       10.1503518000
               100.0000000000         0  58.40000   0.00000   0.00000       -0.2039701810
 
  END INFORMATION OF EXTERNAL POTENTIALS
 
                       INITIAL GEOMETRY: AMSTRONG
                 -----------------------------------
                       <x>                 <y>                 <z>
        E+        0.0000000000        0.0000000000        0.0000000000
        E+       30.9039513556        0.0000000000        0.0000000000
 
                     MATRIX OF DISTANCE: ANGSTROM
                 -----------------------------------
                          E+(1)          E+(2)     
 
        E+(1)            0.000000      30.903951
        E+(2)           30.903951       0.000000
 
--------------------------------------------------------------------------------
** PROGRAM: SCF (Hartree Fock).     Author: S.A. Gonzalez, E. Posada, F. Moncada
--------------------------------------------------------------------------------
INFO: RUNNING IN RHF MODE.
 
----------------------------------------------------------------------
** PROGRAM INTS                          Author: E. F. Posada, 2013   
----------------------------------------------------------------------
INFO: RUNNING IN ONE_PARTICLE MODE.
 
 Number of Overlap integrals for species POSITRON:   4624
 Number of Kinetic integrals for species POSITRON:   4624
 Number of Nuclear integrals for species POSITRON:   4624
 Number of Moment integrals for species POSITRON:  13872
 Number of 3C Overlap integrals for species POSITRON:   4624
 
** TOTAL CPU Time INTS :      0.366 (s)
** TOTAL Elapsed Time INTS :      0.130 (s)
 
Removed     1 orbitals for species POSITRON with overlap eigen threshold of 1.000E-06
       Usign  HCORE density guess for species:   POSITRON
     number of   POSITRON     particles in guess density matrix:     1.000000
 Number of unique integrals for species: 1 = 261313
 
 TWO-BODY INTEGRAL SETUP: 
------------------------- 
 Storage:   DISK
 Scheme: LIBINT
 Stack size:  30000
 
 LIBINT library, Fermann, J. T.; Valeev, F. L. 2010                   
 LOWDIN-LIBINT Implementation V. 2.1  Posada E. F. ; Reyes A. 2016   
 ----------------------------------------------------------------------

*** TOTAL CPU time intra-species integrals :      0.247 (s)
*** TOTAL elapsed time intra-species integrals :      0.037 (s)

INFO: RUNNING SCHEME SIMULTANEOUS
 
 Begin Multi-Species SCF calculation:
 
 --------------------------------------------------------------------------------------------------
      Iteration                   Energy            Energy Change           Density Change
 --------------------------------------------------------------------------------------------------
              1          -0.043340863692           0.043340863692           0.000000000000
              2          -0.043340863692           0.000000000000           0.000000000000
 Total energy converged after   2 global iterations                                                  
 
 ...end Multi-Species SCF calculation
 
 
 Begin SCF calculation by: POSITRON
 -------------------------
 
 -----------------------------------------------------------------------------------
 Iteration                   Energy           Density Change         DIIS Error 
 -----------------------------------------------------------------------------------
    1          -0.150051543452           0.000000000000                 -- 
 
 ... end SCF calculation
 
  EIGENVALUES AND EIGENVECTORS: 
 ==============================
 
 
  Eigenvalues for: POSITRON
 -----------------
 
    1          -0.043340863692
    2          -0.043340782712
    3           0.000071988928
    4           0.000131208150
    5           0.000205503525
    6           0.000205503525
    7           0.000256232453
    8           0.000278314241
    9           0.000278314241
   10           0.000310331226
   11           0.000321769315
   12           0.000321769315
   13           0.000403702622
   14           0.000414956336
   15           0.000422718598
   16           0.000422718598
   17           0.000431986642
   18           0.000431986642
   19           0.000559014626
   20           0.000559014626
   21           0.000581691131
   22           0.000803708476
   23           0.000874234321
   24           0.000874234321
   25           0.000952719830
   26           0.001109083500
   27           0.001109083500
   28           0.001126615069
   29           0.001205899623
   30           0.001205899623
   31           0.001228138972
   32           0.001448688956
   33           0.001448688956
   34           0.001463236508
   35           0.001463236508
   36           0.001675487359
   37           0.001748641416
   38           0.001748641416
   39           0.001840774033
   40           0.001944232743
   41           0.002244782053
   42           0.002928984335
   43           0.002928984335
   44           0.003230887903
   45           0.003433633245
   46           0.003433633245
   47           0.004066011195
   48           0.004144892465
   49           0.004485002506
   50           0.009189923187
   51           0.009189923187
   52           0.009352227142
   53           0.009352227142
   54           0.009517733442
   55           0.009863964746
   56           0.010927924874
   57           0.011087912765
   58           0.035858920433
   59           0.036147159238
   60           0.134350583705
   61           0.134568047307
   62           0.518594678334
   63           0.518762455989
   64           1.759197053787
   65           1.759345688856
   66           5.880019283082
   67           5.880157154073
   68     1000000.000000000000
 
  end of eigenvalues 
 
  Occupied Eigenvectors for: POSITRON
 --------------------------- 
 
                          -0.0433   
 
    1     E+     S      -0.022627
    2     E+     S      -0.026227
    3     E+     S       0.039933
    4     E+     S      -0.038084
    5     E+     S       0.117755
    6     E+     S       0.246474
    7     E+     S       0.451598
    8     E+     S      -0.025271
    9     E+     S      -0.030557
   10     E+     S       0.006536
   11     E+    Px      -0.004491
   12     E+    Py      -0.000000
   13     E+    Pz      -0.000000
   14     E+    Px       0.001004
   15     E+    Py       0.000000
   16     E+    Pz       0.000000
   17     E+    Px      -0.000036
   18     E+    Py       0.000000
   19     E+    Pz      -0.000000
   20     E+    Px      -0.000348
   21     E+    Py      -0.000000
   22     E+    Pz       0.000000
   23     E+   Dxx       0.000935
   24     E+   Dxy      -0.000000
   25     E+   Dxz      -0.000000
   26     E+   Dyy       0.003616
   27     E+   Dyz      -0.000000
   28     E+   Dzz       0.003616
   29     E+   Dxx       0.013637
   30     E+   Dxy       0.000000
   31     E+   Dxz       0.000000
   32     E+   Dyy       0.012657
   33     E+   Dyz       0.000000
   34     E+   Dzz       0.012657
   35     E+     S      -0.022627
   36     E+     S      -0.026227
   37     E+     S       0.039933
   38     E+     S      -0.038084
   39     E+     S       0.117755
   40     E+     S       0.246474
   41     E+     S       0.451598
   42     E+     S      -0.025271
   43     E+     S      -0.030557
   44     E+     S       0.006536
   45     E+    Px       0.004491
   46     E+    Py       0.000000
   47     E+    Pz       0.000000
   48     E+    Px      -0.001004
   49     E+    Py      -0.000000
   50     E+    Pz      -0.000000
   51     E+    Px       0.000036
   52     E+    Py      -0.000000
   53     E+    Pz       0.000000
   54     E+    Px       0.000348
   55     E+    Py       0.000000
   56     E+    Pz      -0.000000
   57     E+   Dxx       0.000935
   58     E+   Dxy      -0.000000
   59     E+   Dxz      -0.000000
   60     E+   Dyy       0.003616
   61     E+   Dyz       0.000000
   62     E+   Dzz       0.003616
   63     E+   Dxx       0.013637
   64     E+   Dxy       0.000000
   65     E+   Dxz       0.000000
   66     E+   Dyy       0.012657
   67     E+   Dyz      -0.000000
   68     E+   Dzz       0.012657
 
 
  end of eigenvectors 
 
  END OF EIGENVALUES AND EIGENVECTORS
 
 
  COMPONENTS OF KINETIC ENERGY: 
 -----------------------------
 
            POSITRON Kinetic energy =            0.063369816069
                                     _________________________
               Total kinetic energy =            0.063369816069
 
  COMPONENTS OF POTENTIAL ENERGY: 
 -------------------------------
 
          Fixed potential energy    =            0.000000000000
 
  Quantum/Fixed interaction energy: 
 ----------------------------------
 
    POSITRON/Fixed interact. energy =            0.000000000000
                                     _________________________
               Total Q/Fixed energy =            0.000000000000
 
  Coulomb energy: 
 ------------------
 
   POSITRON/POSITRON Hartree energy =            0.000000000000
                                     _________________________
               Total Hartree energy =            0.000000000000
 
  Exchange(HF) energy: 
 ----------------------
 
           POSITRON Exchange energy =            0.000000000000
                                     _________________________
              Total Exchange energy =            0.000000000000
 
  External Potential energy: 
 ----------------------------
 
            POSITRON Ext Pot energy =           -0.106710679760
                                     _________________________
    Total External Potential energy =           -0.106710679760
 
  TOTAL ENERGY COMPONENTS: 
 ==========================
 
          TOTAL KINETIC ENERGY      =            0.063369816069
          TOTAL POTENTIAL ENERGY    =           -0.106710679760
                                     _________________________
                       TOTAL ENERGY =           -0.043340863692
 
                 VIRIAL RATIO (V/T) =            1.683935450351
 
 
  END ENERGY COMPONENTS
 
 
** TOTAL CPU Time SCF :      0.393 (s)
** TOTAL Elapsed Time SCF :      0.195 (s)
 
 We are calculating properties for POSITRON in the HF/KS ground state
 
  POPULATION ANALYSES: 
 ====================
 
 MULLIKEN Population: for POSITRON  
 ---------------------
 
                                    
 
    1     E+     S      -0.001123
    2     E+     S      -0.002328
    3     E+     S       0.005957
    4     E+     S      -0.010908
    5     E+     S       0.058580
    6     E+     S       0.166340
    7     E+     S       0.300613
    8     E+     S      -0.011509
    9     E+     S      -0.007053
   10     E+     S       0.000670
   11     E+    Px      -0.000108
   12     E+    Py       0.000000
   13     E+    Pz       0.000000
   14     E+    Px       0.000047
   15     E+    Py      -0.000000
   16     E+    Pz      -0.000000
   17     E+    Px      -0.000001
   18     E+    Py       0.000000
   19     E+    Pz       0.000000
   20     E+    Px      -0.000000
   21     E+    Py       0.000000
   22     E+    Pz      -0.000000
   23     E+   Dxx       0.000015
   24     E+   Dxy       0.000000
   25     E+   Dxz      -0.000000
   26     E+   Dyy       0.000001
   27     E+   Dyz       0.000000
   28     E+   Dzz       0.000001
   29     E+   Dxx       0.000763
   30     E+   Dxy      -0.000000
   31     E+   Dxz       0.000000
   32     E+   Dyy       0.000021
   33     E+   Dyz      -0.000000
   34     E+   Dzz       0.000021
   35     E+     S      -0.001123
   36     E+     S      -0.002328
   37     E+     S       0.005957
   38     E+     S      -0.010908
   39     E+     S       0.058580
   40     E+     S       0.166340
   41     E+     S       0.300613
   42     E+     S      -0.011509
   43     E+     S      -0.007053
   44     E+     S       0.000670
   45     E+    Px      -0.000108
   46     E+    Py      -0.000000
   47     E+    Pz      -0.000000
   48     E+    Px       0.000047
   49     E+    Py       0.000000
   50     E+    Pz      -0.000000
   51     E+    Px      -0.000001
   52     E+    Py       0.000000
   53     E+    Pz       0.000000
   54     E+    Px      -0.000000
   55     E+    Py       0.000000
   56     E+    Pz       0.000000
   57     E+   Dxx       0.000015
   58     E+   Dxy       0.000000
   59     E+   Dxz       0.000000
   60     E+   Dyy       0.000001
   61     E+   Dyz      -0.000000
   62     E+   Dzz       0.000001
   63     E+   Dxx       0.000763
   64     E+   Dxy      -0.000000
   65     E+   Dxz       0.000000
   66     E+   Dyy       0.000021
   67     E+   Dyz       0.000000
   68     E+   Dzz       0.000021
 
                           __________
              Total =        1.000000
 
  Atomic MULLIKEN Population: for POSITRON  
            E+               0.500000
            E+               0.500000
 
 ...end of MULLIKEN Population
 
 
 END POPULATION ANALYSES 
 
 
  POPULATION ANALYSES: 
 ====================
 
 LOWDIN Population: for POSITRON  
 ---------------------
 
                                    
 
    1     E+     S       0.000052
    2     E+     S       0.000223
    3     E+     S       0.001241
    4     E+     S       0.008626
    5     E+     S       0.061222
    6     E+     S       0.181241
    7     E+     S       0.201024
    8     E+     S       0.043391
    9     E+     S       0.002460
   10     E+     S       0.000312
   11     E+    Px       0.000015
   12     E+    Py      -0.000000
   13     E+    Pz       0.000000
   14     E+    Px       0.000078
   15     E+    Py      -0.000000
   16     E+    Pz       0.000000
   17     E+    Px       0.000014
   18     E+    Py      -0.000000
   19     E+    Pz       0.000000
   20     E+    Px       0.000000
   21     E+    Py       0.000000
   22     E+    Pz       0.000000
   23     E+   Dxx       0.000005
   24     E+   Dxy      -0.000000
   25     E+   Dxz       0.000000
   26     E+   Dyy       0.000000
   27     E+   Dyz       0.000000
   28     E+   Dzz       0.000000
   29     E+   Dxx       0.000090
   30     E+   Dxy      -0.000000
   31     E+   Dxz       0.000000
   32     E+   Dyy       0.000003
   33     E+   Dyz       0.000000
   34     E+   Dzz       0.000003
   35     E+     S       0.000052
   36     E+     S       0.000223
   37     E+     S       0.001241
   38     E+     S       0.008626
   39     E+     S       0.061222
   40     E+     S       0.181241
   41     E+     S       0.201024
   42     E+     S       0.043391
   43     E+     S       0.002460
   44     E+     S       0.000312
   45     E+    Px       0.000015
   46     E+    Py       0.000000
   47     E+    Pz      -0.000000
   48     E+    Px       0.000078
   49     E+    Py      -0.000000
   50     E+    Pz      -0.000000
   51     E+    Px       0.000014
   52     E+    Py      -0.000000
   53     E+    Pz       0.000000
   54     E+    Px       0.000000
   55     E+    Py      -0.000000
   56     E+    Pz       0.000000
   57     E+   Dxx       0.000005
   58     E+   Dxy      -0.000000
   59     E+   Dxz       0.000000
   60     E+   Dyy       0.000000
   61     E+   Dyz       0.000000
   62     E+   Dzz       0.000000
   63     E+   Dxx       0.000090
   64     E+   Dxy      -0.000000
   65     E+   Dxz       0.000000
   66     E+   Dyy       0.000003
   67     E+   Dyz       0.000000
   68     E+   Dzz       0.000003
 
                           __________
              Total =        1.000000
 
  Atomic LOWDIN Population: for POSITRON  
            E+               0.500000
            E+               0.500000
 
 ...end of LOWDIN Population
 
 
 END POPULATION ANALYSES 
 
 
  EXPECTED POSITIONS OF QUANTUM SPECIES:
 ======================
 
 POSITIONS IN ANGSTROMS
 ------
 
                        <x>      <y>      <z>         
           POSITRON  15.4520  -0.0000  -0.0000
 
 END EXPECTED POSITIONS
 
 
  ELECTROSTATIC MOMENTS:
 ======================
 
 
 DIPOLE: (A.U.)
 ------
 
                           <Dx>         <Dy>         <Dz>          |D|
           POSITRON  29.20000038  -0.00000000  -0.00000000
    Point charges:    0.00000000   0.00000000   0.00000000
                     ____________________________
      Total Dipole:  29.20000038  -0.00000000  -0.00000000  29.20000038
 
 DIPOLE: (DEBYE)
 ------
 
                           <Dx>         <Dy>         <Dz>          |D|
           POSITRON  74.21898825  -0.00000000  -0.00000000
    Point charges:    0.00000000   0.00000000   0.00000000
                     ____________________________
      Total Dipole:  74.21898825  -0.00000000  -0.00000000  74.21898825
 
 QUADRUPOLE NON-TRACELESS: (DEBYE ANGS)
 ------
 
                           <xx>         <yy>         <zz>         <xy>         <xz>         <yz>
           POSITRON 2299.44925514    9.00231266    9.00231266    0.00000000   -0.00000000   -0.00000000
    Point charges:     0.00000000    0.00000000    0.00000000    0.00000000    0.00000000    0.00000000
  Total Quadrupole: 2299.44925514    9.00231266    9.00231266    0.00000000   -0.00000000   -0.00000000
                     ____________________________
 
 END ELECTROSTATIC MOMENTS
 

  TOTAL CPU Time:      0.257 (s)
 TOTAL Wall Time:      0.241 (s)
  Elapsed Time:   0h  0m  0s 241ms
LOWDIN execution terminated normally at : Tue Oct 29 14:39:52 2024
-rw-rw-r-- 1 pohl pohl 2.1M oct 29 14:39 0POSITRON.ints
-rw-rw-r-- 1 pohl pohl 2.1M oct 29 14:39 1POSITRON.ints
-rw-rw-r-- 1 pohl pohl 2.1M oct 29 14:39 2POSITRON.ints
-rw-rw-r-- 1 pohl pohl 2.1M oct 29 14:39 3POSITRON.ints
-rw-rw-r-- 1 pohl pohl   69 oct 29 14:39 gepol.inp
-rw-rw-r-- 1 pohl pohl    0 oct 29 14:39 gepol.xyzr
-rw-rw-r-- 1 pohl pohl 5.2K oct 29 14:39 lowdin.bas
-rw-rw-r-- 1 pohl pohl  16K oct 29 14:39 lowdin.dat
-rw-rw-r-- 1 pohl pohl 473K oct 29 14:39 lowdin.opints
-rw-rw-r-- 1 pohl pohl  13K oct 29 14:39 lowdin.sys
-rw-rw-r-- 1 pohl pohl 473K oct 29 14:39 lowdin.wfn
-rw-rw-r-- 1 pohl pohl  373 oct 29 14:39 only_posi_283
-rw-rw-r-- 1 pohl pohl 1.1K oct 29 14:39 only_posi_283.aux
-rw-rw-r-- 1 pohl pohl  378 oct 29 14:39 only_posi_283.lowdin
-rw-rw-r-- 1 pohl pohl  29K oct 29 14:39 only_posi_283.out
-rw-rw-r-- 1 pohl pohl  37K oct 29 14:39 only_posi_283.vec
