Begin job by input: only_posi_90.lowdin, for user:   at  mar 29 oct 2024 14:38:37 -05
under operating system Linux helios 5.19.0-46-generic #47-Ubuntu SMP PREEMPT_DYNAMIC Fri Jun 16 13:30:11 UTC 2023 x86_64 x86_64 x86_64 GNU/Linux
Compilation information
  commit: f31d3924f6ee2ce9d77f07edcc1ba27359319d14
  compilation date:  mar 17 sep 2024 16:16:17 -05

BEGIN INPUT INFO:
------------------------------------

GEOMETRY
	E+	GRIBAKIN-10S4P2D 0.0 0.0 0.0
	E+	GRIBAKIN-10S4P2D 19.8 0.0 0.0 addParticles=-1 
END GEOMETRY

TASKS
        method = "RHF"
END TASKS

EXTERPOTENTIAL
	E+ VPC90
END EXTERPOTENTIAL

CONTROL
	units="BOHRS"
	readCoefficients=F
	convergenceMethod=1
	overlapEigenThreshold=1E-6
	SCFGhostSpecies="POSITRON"
	HFprintEigenvalues=T
	totalEnergyTolerance = 1E-9
END CONTROL


... END INPUT INFO


 LOWDIN execution started at : Tue Oct 29 14:38:37 2024
 ---------------------------------------------------------------
 
 ***************************************************************
 *                   LOWDIN 2.0  (May/2013)                    *
 *                                                             *
 *  R. FLORES-MORENO, E. F. POSADA, F. S. MONCADA, J.ROMERO,   *
 *  J. CHARRY, M. DIAZ-TINOCO, S. A. GONZALEZ, N. F. AGUIRRE,  *
 *  A. REYES                                                   *
 *                                                             *
 *  https://sites.google.com/site/lowdinproject/               *
 *                                                             *
 ***************************************************************
 
 PARSING INPUT... DONE!
 
 LOWDIN IS RUNNING WITH NEXT PARAMETERS: 
 ----------------------------------------
 
         METHOD TYPE:  RHF
         NUMBER OF CORES:     4
         NONELECTRONIC DENSITY GUESS: HCORE
         ELECTRONIC DENSITY GUESS: HCORE
         CRITERIUM OF CONVERGENCE: ENERGY
         NONELECTRONIC ENERGY TOLERANCE IN SCFs:     0.10000E-07
         ELECTRONIC ENERGY TOLERANCE IN SCFs:     0.10000E-07
         TOTAL ENERGY TOLERANCE IN SCFs:     0.10000E-08
         SCHEME OF ITERATION: GLOBAL ITERATIONS
         SCF MAX. SUBITERATIONS - NONELECTRONS :     1
         SCF MAX. SUBITERATIONS - ELECTRONS :     1
         SCF MAX. ITERATIONS - INTERSPECIES :   200
         INTEGRAL STORAGE: DISK
         STACK SIZE FOR ERIS : 30000
         METHOD OF SCF CONVERGENCE: DAMPING
 
  MOLECULAR SYSTEM: only_posi_90
 -----------------
 
    DESCRIPTION   : only_posi_90
    CHARGE        :   2
    PUNTUAL GROUP : NONE
 
 
  INFORMATION OF PARTICLES :
 =========================
         Total number of particles   =       1
         Number of quantum particles =       1
         Number of puntual charges   =        
         Number of quantum species   =       1
 
                 INFORMATION OF QUANTUM SPECIES 
    ----------------------------------------------------------------------
         ID      Symbol            mass     charge      omega     spin     multiplicity
    ----------------------------------------------------------------------
         1             E+         1.0000      1.00      0.00      0.50      1.00
 
                   CONSTANTS OF COUPLING 
      ------------------------------------------------------------
              Symbol      kappa        eta     lambda occupation
      ------------------------------------------------------------
                  E+      -1.00       1.00       1.00       1.00
 
                   BASIS SET FOR SPECIES 
      ------------------------------------------------------------
           Symbol          N. Basis     N. Particles     Basis Set
      ------------------------------------------------------------
                 E+           32                1     GRIBAKIN-1
 
                                ATOMIC BASIS
         ------------------------------------------------------------
          PRIMITIVE   SHELL             EXPONENT         COEFFICIENT 
         ------------------------------------------------------------
 
    BEGIN DESCRIPTION OF BASIS FOR:    E+
    ==============================
 
 
            E+ BASIS SET:GRIBAKIN-10S4P2
             1         S                0.00010000          1.00000000
             1         S                0.00030000          1.00000000
             1         S                0.00090000          1.00000000
             1         S                0.00270000          1.00000000
             1         S                0.00810000          1.00000000
             1         S                0.02430000          1.00000000
             1         S                0.07290000          1.00000000
             1         S                0.21870000          1.00000000
             1         S                0.65610000          1.00000000
             1         S                1.96830000          1.00000000
             1         P                0.00010000          1.00000000
             1         P                0.00030000          1.00000000
             1         P                0.00090000          1.00000000
             1         P                0.00270000          1.00000000
             1         D                0.00010000          1.00000000
             1         D                0.00030000          1.00000000
 
            E+ BASIS SET:GRIBAKIN-10S4P2
             1         S                0.00010000          1.00000000
             1         S                0.00030000          1.00000000
             1         S                0.00090000          1.00000000
             1         S                0.00270000          1.00000000
             1         S                0.00810000          1.00000000
             1         S                0.02430000          1.00000000
             1         S                0.07290000          1.00000000
             1         S                0.21870000          1.00000000
             1         S                0.65610000          1.00000000
             1         S                1.96830000          1.00000000
             1         P                0.00010000          1.00000000
             1         P                0.00030000          1.00000000
             1         P                0.00090000          1.00000000
             1         P                0.00270000          1.00000000
             1         D                0.00010000          1.00000000
             1         D                0.00030000          1.00000000
    ... END DESCRIPTION OF BASIS
 
 
  END INFORMATION OF PARTICLES
 
 
  INFORMATION OF THE QUANTUM SYSTEM 
     ---------------------------------------------------------------------
                 ID     Occupied Orbitals     Basis size
     ---------------------------------------------------------------------
                 E+            1               68
 
  END INFORMATION OF QUANTUM SYSTEM
 
 
  INFORMATION OF EXTERNAL POTENTIALS 
 
 =======
 External Potential for E+ : VPC90
 Type : 
                     Exponent         l       R_x       R_y       R_z              Factor
                 0.0010000000         0   0.00000   0.00000   0.00000       -0.0004852612
                 0.0020000000         0   0.00000   0.00000   0.00000        0.0024441783
                 0.0040000000         0   0.00000   0.00000   0.00000       -0.0075448874
                 0.0080000000         0   0.00000   0.00000   0.00000        0.0157738437
                 0.0160000000         0   0.00000   0.00000   0.00000       -0.0371036225
                 0.0320000000         0   0.00000   0.00000   0.00000        0.0538567205
                 0.0640000000         0   0.00000   0.00000   0.00000       -0.1977562620
                 0.1280000000         0   0.00000   0.00000   0.00000        0.1521150960
                 0.2560000000         0   0.00000   0.00000   0.00000       -2.2309931100
                 0.5120000000         0   0.00000   0.00000   0.00000        7.1544406100
                 1.0000000000         0   0.00000   0.00000   0.00000      -16.4610761000
                 2.0000000000         0   0.00000   0.00000   0.00000      120.0674500000
                 3.0000000000         0   0.00000   0.00000   0.00000    -1010.4441400000
                 4.0000000000         0   0.00000   0.00000   0.00000     5912.5175500000
                 5.0000000000         0   0.00000   0.00000   0.00000   -22883.6471000000
                 6.0000000000         0   0.00000   0.00000   0.00000    58320.2479000000
                 7.0000000000         0   0.00000   0.00000   0.00000   -96733.7399000000
                 8.0000000000         0   0.00000   0.00000   0.00000   100515.5930000000
                 9.0000000000         0   0.00000   0.00000   0.00000   -59492.9273000000
                10.0000000000         0   0.00000   0.00000   0.00000    15337.5181000000
                20.0000000000         0   0.00000   0.00000   0.00000     -108.3194530000
                30.0000000000         0   0.00000   0.00000   0.00000       58.7242217000
                40.0000000000         0   0.00000   0.00000   0.00000      -33.9818623000
                50.0000000000         0   0.00000   0.00000   0.00000       10.1503518000
               100.0000000000         0   0.00000   0.00000   0.00000       -0.2039701810
                 0.0010000000         0  19.80000   0.00000   0.00000       -0.0004852612
                 0.0020000000         0  19.80000   0.00000   0.00000        0.0024441783
                 0.0040000000         0  19.80000   0.00000   0.00000       -0.0075448874
                 0.0080000000         0  19.80000   0.00000   0.00000        0.0157738437
                 0.0160000000         0  19.80000   0.00000   0.00000       -0.0371036225
                 0.0320000000         0  19.80000   0.00000   0.00000        0.0538567205
                 0.0640000000         0  19.80000   0.00000   0.00000       -0.1977562620
                 0.1280000000         0  19.80000   0.00000   0.00000        0.1521150960
                 0.2560000000         0  19.80000   0.00000   0.00000       -2.2309931100
                 0.5120000000         0  19.80000   0.00000   0.00000        7.1544406100
                 1.0000000000         0  19.80000   0.00000   0.00000      -16.4610761000
                 2.0000000000         0  19.80000   0.00000   0.00000      120.0674500000
                 3.0000000000         0  19.80000   0.00000   0.00000    -1010.4441400000
                 4.0000000000         0  19.80000   0.00000   0.00000     5912.5175500000
                 5.0000000000         0  19.80000   0.00000   0.00000   -22883.6471000000
                 6.0000000000         0  19.80000   0.00000   0.00000    58320.2479000000
                 7.0000000000         0  19.80000   0.00000   0.00000   -96733.7399000000
                 8.0000000000         0  19.80000   0.00000   0.00000   100515.5930000000
                 9.0000000000         0  19.80000   0.00000   0.00000   -59492.9273000000
                10.0000000000         0  19.80000   0.00000   0.00000    15337.5181000000
                20.0000000000         0  19.80000   0.00000   0.00000     -108.3194530000
                30.0000000000         0  19.80000   0.00000   0.00000       58.7242217000
                40.0000000000         0  19.80000   0.00000   0.00000      -33.9818623000
                50.0000000000         0  19.80000   0.00000   0.00000       10.1503518000
               100.0000000000         0  19.80000   0.00000   0.00000       -0.2039701810
 
  END INFORMATION OF EXTERNAL POTENTIALS
 
                       INITIAL GEOMETRY: AMSTRONG
                 -----------------------------------
                       <x>                 <y>                 <z>
        E+        0.0000000000        0.0000000000        0.0000000000
        E+       10.4777095350        0.0000000000        0.0000000000
 
                     MATRIX OF DISTANCE: ANGSTROM
                 -----------------------------------
                          E+(1)          E+(2)     
 
        E+(1)            0.000000      10.477710
        E+(2)           10.477710       0.000000
 
--------------------------------------------------------------------------------
** PROGRAM: SCF (Hartree Fock).     Author: S.A. Gonzalez, E. Posada, F. Moncada
--------------------------------------------------------------------------------
INFO: RUNNING IN RHF MODE.
 
----------------------------------------------------------------------
** PROGRAM INTS                          Author: E. F. Posada, 2013   
----------------------------------------------------------------------
INFO: RUNNING IN ONE_PARTICLE MODE.
 
 Number of Overlap integrals for species POSITRON:   4624
 Number of Kinetic integrals for species POSITRON:   4624
 Number of Nuclear integrals for species POSITRON:   4624
 Number of Moment integrals for species POSITRON:  13872
 Number of 3C Overlap integrals for species POSITRON:   4624
 
** TOTAL CPU Time INTS :      0.388 (s)
** TOTAL Elapsed Time INTS :      0.143 (s)
 
Removed     4 orbitals for species POSITRON with overlap eigen threshold of 1.000E-06
       Usign  HCORE density guess for species:   POSITRON
     number of   POSITRON     particles in guess density matrix:     1.000000
 Number of unique integrals for species: 1 = 319940
 
 TWO-BODY INTEGRAL SETUP: 
------------------------- 
 Storage:   DISK
 Scheme: LIBINT
 Stack size:  30000
 
 LIBINT library, Fermann, J. T.; Valeev, F. L. 2010                   
 LOWDIN-LIBINT Implementation V. 2.1  Posada E. F. ; Reyes A. 2016   
 ----------------------------------------------------------------------

*** TOTAL CPU time intra-species integrals :      0.281 (s)
*** TOTAL elapsed time intra-species integrals :      0.042 (s)

INFO: RUNNING SCHEME SIMULTANEOUS
 
 Begin Multi-Species SCF calculation:
 
 --------------------------------------------------------------------------------------------------
      Iteration                   Energy            Energy Change           Density Change
 --------------------------------------------------------------------------------------------------
              1          -0.043710041237           0.043710041237           0.000000000000
              2          -0.043710041237           0.000000000000           0.000000000000
 Total energy converged after   2 global iterations                                                  
 
 ...end Multi-Species SCF calculation
 
 
 Begin SCF calculation by: POSITRON
 -------------------------
 
 -----------------------------------------------------------------------------------
 Iteration                   Energy           Density Change         DIIS Error 
 -----------------------------------------------------------------------------------
    1          -0.149699638766           0.000000000000                 -- 
 
 ... end SCF calculation
 
  EIGENVALUES AND EIGENVECTORS: 
 ==============================
 
 
  Eigenvalues for: POSITRON
 -----------------
 
    1          -0.043710041237
    2          -0.043267499399
    3           0.000075128221
    4           0.000137270366
    5           0.000209235856
    6           0.000209235856
    7           0.000257587602
    8           0.000319850562
    9           0.000319850562
   10           0.000323118125
   11           0.000329421313
   12           0.000329421313
   13           0.000427462442
   14           0.000431248596
   15           0.000431248596
   16           0.000431954195
   17           0.000443129573
   18           0.000443129573
   19           0.000590120392
   20           0.000845187858
   21           0.000901733123
   22           0.000901733123
   23           0.000989079009
   24           0.001110743920
   25           0.001110743920
   26           0.001151649695
   27           0.001248600093
   28           0.001248600093
   29           0.001467375253
   30           0.001518250676
   31           0.001518250676
   32           0.001521583743
   33           0.001521583743
   34           0.001737650282
   35           0.001737650282
   36           0.001826747054
   37           0.001937128414
   38           0.002019836380
   39           0.003009538957
   40           0.003009538957
   41           0.003792730931
   42           0.003792730931
   43           0.004013594721
   44           0.004097343846
   45           0.004312066906
   46           0.004886837360
   47           0.008539330845
   48           0.008539330845
   49           0.010466893128
   50           0.010538324829
   51           0.010693710258
   52           0.010693710258
   53           0.010779522888
   54           0.014675689131
   55           0.034262524119
   56           0.038361075866
   57           0.133372366850
   58           0.136299785017
   59           0.518285810953
   60           0.519745825533
   61           1.758962010774
   62           1.760175136583
   63           5.879787648036
   64           5.880925735278
   65     1000000.000000000000
   66     1000000.000000000000
   67     1000000.000000000000
   68     1000000.000000000000
 
  end of eigenvalues 
 
  Occupied Eigenvectors for: POSITRON
 --------------------------- 
 
                          -0.0437   
 
    1     E+     S       0.000720
    2     E+     S      -0.009011
    3     E+     S       0.034941
    4     E+     S      -0.036597
    5     E+     S       0.116778
    6     E+     S       0.244403
    7     E+     S       0.449475
    8     E+     S      -0.025280
    9     E+     S      -0.030374
   10     E+     S       0.006499
   11     E+    Px      -0.111081
   12     E+    Py       0.000000
   13     E+    Pz       0.000000
   14     E+    Px      -0.033189
   15     E+    Py      -0.000000
   16     E+    Pz       0.000000
   17     E+    Px       0.000119
   18     E+    Py       0.000000
   19     E+    Pz       0.000000
   20     E+    Px       0.000785
   21     E+    Py      -0.000000
   22     E+    Pz      -0.000000
   23     E+   Dxx      -0.016055
   24     E+   Dxy       0.000000
   25     E+   Dxz       0.000000
   26     E+   Dyy       0.003039
   27     E+   Dyz       0.000000
   28     E+   Dzz       0.003039
   29     E+   Dxx      -0.000123
   30     E+   Dxy      -0.000000
   31     E+   Dxz       0.000000
   32     E+   Dyy       0.010543
   33     E+   Dyz      -0.000000
   34     E+   Dzz       0.010543
   35     E+     S       0.000720
   36     E+     S      -0.009011
   37     E+     S       0.034941
   38     E+     S      -0.036597
   39     E+     S       0.116778
   40     E+     S       0.244403
   41     E+     S       0.449475
   42     E+     S      -0.025280
   43     E+     S      -0.030374
   44     E+     S       0.006499
   45     E+    Px       0.111081
   46     E+    Py      -0.000000
   47     E+    Pz      -0.000000
   48     E+    Px       0.033189
   49     E+    Py       0.000000
   50     E+    Pz      -0.000000
   51     E+    Px      -0.000119
   52     E+    Py      -0.000000
   53     E+    Pz      -0.000000
   54     E+    Px      -0.000785
   55     E+    Py       0.000000
   56     E+    Pz       0.000000
   57     E+   Dxx      -0.016055
   58     E+   Dxy       0.000000
   59     E+   Dxz       0.000000
   60     E+   Dyy       0.003039
   61     E+   Dyz      -0.000000
   62     E+   Dzz       0.003039
   63     E+   Dxx      -0.000123
   64     E+   Dxy      -0.000000
   65     E+   Dxz       0.000000
   66     E+   Dyy       0.010543
   67     E+   Dyz       0.000000
   68     E+   Dzz       0.010543
 
 
  end of eigenvectors 
 
  END OF EIGENVALUES AND EIGENVECTORS
 
 
  COMPONENTS OF KINETIC ENERGY: 
 -----------------------------
 
            POSITRON Kinetic energy =            0.062279556292
                                     _________________________
               Total kinetic energy =            0.062279556292
 
  COMPONENTS OF POTENTIAL ENERGY: 
 -------------------------------
 
          Fixed potential energy    =            0.000000000000
 
  Quantum/Fixed interaction energy: 
 ----------------------------------
 
    POSITRON/Fixed interact. energy =            0.000000000000
                                     _________________________
               Total Q/Fixed energy =            0.000000000000
 
  Coulomb energy: 
 ------------------
 
   POSITRON/POSITRON Hartree energy =            0.000000000000
                                     _________________________
               Total Hartree energy =            0.000000000000
 
  Exchange(HF) energy: 
 ----------------------
 
           POSITRON Exchange energy =            0.000000000000
                                     _________________________
              Total Exchange energy =            0.000000000000
 
  External Potential energy: 
 ----------------------------
 
            POSITRON Ext Pot energy =           -0.105989597529
                                     _________________________
    Total External Potential energy =           -0.105989597529
 
  TOTAL ENERGY COMPONENTS: 
 ==========================
 
          TOTAL KINETIC ENERGY      =            0.062279556292
          TOTAL POTENTIAL ENERGY    =           -0.105989597529
                                     _________________________
                       TOTAL ENERGY =           -0.043710041237
 
                 VIRIAL RATIO (V/T) =            1.701836105441
 
 
  END ENERGY COMPONENTS
 
 
** TOTAL CPU Time SCF :      0.406 (s)
** TOTAL Elapsed Time SCF :      0.212 (s)
 
 We are calculating properties for POSITRON in the HF/KS ground state
 
  POPULATION ANALYSES: 
 ====================
 
 MULLIKEN Population: for POSITRON  
 ---------------------
 
                                    
 
    1     E+     S       0.000041
    2     E+     S      -0.001099
    3     E+     S       0.008416
    4     E+     S      -0.014474
    5     E+     S       0.063204
    6     E+     S       0.165810
    7     E+     S       0.298199
    8     E+     S      -0.011460
    9     E+     S      -0.006976
   10     E+     S       0.000662
   11     E+    Px      -0.001210
   12     E+    Py      -0.000000
   13     E+    Pz      -0.000000
   14     E+    Px      -0.001288
   15     E+    Py      -0.000000
   16     E+    Pz      -0.000000
   17     E+    Px       0.000014
   18     E+    Py       0.000000
   19     E+    Pz      -0.000000
   20     E+    Px       0.000159
   21     E+    Py      -0.000000
   22     E+    Pz       0.000000
   23     E+   Dxx      -0.000045
   24     E+   Dxy       0.000000
   25     E+   Dxz      -0.000000
   26     E+   Dyy       0.000001
   27     E+   Dyz      -0.000000
   28     E+   Dzz       0.000001
   29     E+   Dxx      -0.000002
   30     E+   Dxy      -0.000000
   31     E+   Dxz      -0.000000
   32     E+   Dyy       0.000023
   33     E+   Dyz      -0.000000
   34     E+   Dzz       0.000023
   35     E+     S       0.000041
   36     E+     S      -0.001099
   37     E+     S       0.008416
   38     E+     S      -0.014474
   39     E+     S       0.063204
   40     E+     S       0.165810
   41     E+     S       0.298199
   42     E+     S      -0.011460
   43     E+     S      -0.006976
   44     E+     S       0.000662
   45     E+    Px      -0.001210
   46     E+    Py       0.000000
   47     E+    Pz       0.000000
   48     E+    Px      -0.001288
   49     E+    Py       0.000000
   50     E+    Pz       0.000000
   51     E+    Px       0.000014
   52     E+    Py      -0.000000
   53     E+    Pz       0.000000
   54     E+    Px       0.000159
   55     E+    Py      -0.000000
   56     E+    Pz       0.000000
   57     E+   Dxx      -0.000045
   58     E+   Dxy       0.000000
   59     E+   Dxz       0.000000
   60     E+   Dyy       0.000001
   61     E+   Dyz       0.000000
   62     E+   Dzz       0.000001
   63     E+   Dxx      -0.000002
   64     E+   Dxy      -0.000000
   65     E+   Dxz      -0.000000
   66     E+   Dyy       0.000023
   67     E+   Dyz       0.000000
   68     E+   Dzz       0.000023
 
                           __________
              Total =        1.000000
 
  Atomic MULLIKEN Population: for POSITRON  
            E+               0.500000
            E+               0.500000
 
 ...end of MULLIKEN Population
 
 
 END POPULATION ANALYSES 
 
 
  POPULATION ANALYSES: 
 ====================
 
 LOWDIN Population: for POSITRON  
 ---------------------
 
                                    
 
    1     E+     S       0.000061
    2     E+     S       0.000389
    3     E+     S       0.002688
    4     E+     S       0.013141
    5     E+     S       0.061327
    6     E+     S       0.175069
    7     E+     S       0.197577
    8     E+     S       0.042765
    9     E+     S       0.002420
   10     E+     S       0.000307
   11     E+    Px       0.000002
   12     E+    Py       0.000000
   13     E+    Pz       0.000000
   14     E+    Px       0.000040
   15     E+    Py       0.000000
   16     E+    Pz       0.000000
   17     E+    Px       0.000629
   18     E+    Py       0.000000
   19     E+    Pz       0.000000
   20     E+    Px       0.003565
   21     E+    Py       0.000000
   22     E+    Pz       0.000000
   23     E+   Dxx       0.000000
   24     E+   Dxy       0.000000
   25     E+   Dxz       0.000000
   26     E+   Dyy       0.000000
   27     E+   Dyz       0.000000
   28     E+   Dzz       0.000000
   29     E+   Dxx       0.000004
   30     E+   Dxy      -0.000000
   31     E+   Dxz       0.000000
   32     E+   Dyy       0.000007
   33     E+   Dyz       0.000000
   34     E+   Dzz       0.000007
   35     E+     S       0.000061
   36     E+     S       0.000389
   37     E+     S       0.002688
   38     E+     S       0.013141
   39     E+     S       0.061327
   40     E+     S       0.175069
   41     E+     S       0.197577
   42     E+     S       0.042765
   43     E+     S       0.002420
   44     E+     S       0.000307
   45     E+    Px       0.000002
   46     E+    Py       0.000000
   47     E+    Pz       0.000000
   48     E+    Px       0.000040
   49     E+    Py       0.000000
   50     E+    Pz       0.000000
   51     E+    Px       0.000629
   52     E+    Py       0.000000
   53     E+    Pz       0.000000
   54     E+    Px       0.003565
   55     E+    Py       0.000000
   56     E+    Pz      -0.000000
   57     E+   Dxx       0.000000
   58     E+   Dxy       0.000000
   59     E+   Dxz       0.000000
   60     E+   Dyy       0.000000
   61     E+   Dyz       0.000000
   62     E+   Dzz       0.000000
   63     E+   Dxx       0.000004
   64     E+   Dxy       0.000000
   65     E+   Dxz       0.000000
   66     E+   Dyy       0.000007
   67     E+   Dyz       0.000000
   68     E+   Dzz       0.000007
 
                           __________
              Total =        1.000000
 
  Atomic LOWDIN Population: for POSITRON  
            E+               0.500000
            E+               0.500000
 
 ...end of LOWDIN Population
 
 
 END POPULATION ANALYSES 
 
 
  EXPECTED POSITIONS OF QUANTUM SPECIES:
 ======================
 
 POSITIONS IN ANGSTROMS
 ------
 
                        <x>      <y>      <z>         
           POSITRON   5.2389   0.0000   0.0000
 
 END EXPECTED POSITIONS
 
 
  ELECTROSTATIC MOMENTS:
 ======================
 
 
 DIPOLE: (A.U.)
 ------
 
                           <Dx>         <Dy>         <Dz>          |D|
           POSITRON   9.90000000   0.00000000   0.00000000
    Point charges:    0.00000000   0.00000000   0.00000000
                     ____________________________
      Total Dipole:   9.90000000   0.00000000   0.00000000   9.90000000
 
 DIPOLE: (DEBYE)
 ------
 
                           <Dx>         <Dy>         <Dz>          |D|
           POSITRON  25.16328678   0.00000000   0.00000000
    Point charges:    0.00000000   0.00000000   0.00000000
                     ____________________________
      Total Dipole:  25.16328678   0.00000000   0.00000000  25.16328678
 
 QUADRUPOLE NON-TRACELESS: (DEBYE ANGS)
 ------
 
                           <xx>         <yy>         <zz>         <xy>         <xz>         <yz>
           POSITRON  257.51811681    9.12099618    9.12099618    0.00000000    0.00000000   -0.00000000
    Point charges:     0.00000000    0.00000000    0.00000000    0.00000000    0.00000000    0.00000000
  Total Quadrupole:  257.51811681    9.12099618    9.12099618    0.00000000    0.00000000   -0.00000000
                     ____________________________
 
 END ELECTROSTATIC MOMENTS
 

  TOTAL CPU Time:      0.258 (s)
 TOTAL Wall Time:      0.258 (s)
  Elapsed Time:   0h  0m  0s 258ms
LOWDIN execution terminated normally at : Tue Oct 29 14:38:37 2024
-rw-rw-r-- 1 pohl pohl 2.1M oct 29 14:38 0POSITRON.ints
-rw-rw-r-- 1 pohl pohl 2.1M oct 29 14:38 1POSITRON.ints
-rw-rw-r-- 1 pohl pohl 2.1M oct 29 14:38 2POSITRON.ints
-rw-rw-r-- 1 pohl pohl 2.1M oct 29 14:38 3POSITRON.ints
-rw-rw-r-- 1 pohl pohl   68 oct 29 14:38 gepol.inp
-rw-rw-r-- 1 pohl pohl    0 oct 29 14:38 gepol.xyzr
-rw-rw-r-- 1 pohl pohl 5.2K oct 29 14:38 lowdin.bas
-rw-rw-r-- 1 pohl pohl  16K oct 29 14:38 lowdin.dat
-rw-rw-r-- 1 pohl pohl 473K oct 29 14:38 lowdin.opints
-rw-rw-r-- 1 pohl pohl  13K oct 29 14:38 lowdin.sys
-rw-rw-r-- 1 pohl pohl 473K oct 29 14:38 lowdin.wfn
-rw-rw-r-- 1 pohl pohl  372 oct 29 14:38 only_posi_90
-rw-rw-r-- 1 pohl pohl 1.1K oct 29 14:38 only_posi_90.aux
-rw-rw-r-- 1 pohl pohl  377 oct 29 14:38 only_posi_90.lowdin
-rw-rw-r-- 1 pohl pohl  29K oct 29 14:38 only_posi_90.out
-rw-rw-r-- 1 pohl pohl  37K oct 29 14:38 only_posi_90.vec
