Begin job by input: only_posi_92.lowdin, for user:   at  mar 29 oct 2024 14:38:38 -05
under operating system Linux helios 5.19.0-46-generic #47-Ubuntu SMP PREEMPT_DYNAMIC Fri Jun 16 13:30:11 UTC 2023 x86_64 x86_64 x86_64 GNU/Linux
Compilation information
  commit: f31d3924f6ee2ce9d77f07edcc1ba27359319d14
  compilation date:  mar 17 sep 2024 16:16:17 -05

BEGIN INPUT INFO:
------------------------------------

GEOMETRY
	E+	GRIBAKIN-10S4P2D 0.0 0.0 0.0
	E+	GRIBAKIN-10S4P2D 20.2 0.0 0.0 addParticles=-1 
END GEOMETRY

TASKS
        method = "RHF"
END TASKS

EXTERPOTENTIAL
	E+ VPC92
END EXTERPOTENTIAL

CONTROL
	units="BOHRS"
	readCoefficients=F
	convergenceMethod=1
	overlapEigenThreshold=1E-6
	SCFGhostSpecies="POSITRON"
	HFprintEigenvalues=T
	totalEnergyTolerance = 1E-9
END CONTROL


... END INPUT INFO


 LOWDIN execution started at : Tue Oct 29 14:38:38 2024
 ---------------------------------------------------------------
 
 ***************************************************************
 *                   LOWDIN 2.0  (May/2013)                    *
 *                                                             *
 *  R. FLORES-MORENO, E. F. POSADA, F. S. MONCADA, J.ROMERO,   *
 *  J. CHARRY, M. DIAZ-TINOCO, S. A. GONZALEZ, N. F. AGUIRRE,  *
 *  A. REYES                                                   *
 *                                                             *
 *  https://sites.google.com/site/lowdinproject/               *
 *                                                             *
 ***************************************************************
 
 PARSING INPUT... DONE!
 
 LOWDIN IS RUNNING WITH NEXT PARAMETERS: 
 ----------------------------------------
 
         METHOD TYPE:  RHF
         NUMBER OF CORES:     4
         NONELECTRONIC DENSITY GUESS: HCORE
         ELECTRONIC DENSITY GUESS: HCORE
         CRITERIUM OF CONVERGENCE: ENERGY
         NONELECTRONIC ENERGY TOLERANCE IN SCFs:     0.10000E-07
         ELECTRONIC ENERGY TOLERANCE IN SCFs:     0.10000E-07
         TOTAL ENERGY TOLERANCE IN SCFs:     0.10000E-08
         SCHEME OF ITERATION: GLOBAL ITERATIONS
         SCF MAX. SUBITERATIONS - NONELECTRONS :     1
         SCF MAX. SUBITERATIONS - ELECTRONS :     1
         SCF MAX. ITERATIONS - INTERSPECIES :   200
         INTEGRAL STORAGE: DISK
         STACK SIZE FOR ERIS : 30000
         METHOD OF SCF CONVERGENCE: DAMPING
 
  MOLECULAR SYSTEM: only_posi_92
 -----------------
 
    DESCRIPTION   : only_posi_92
    CHARGE        :   2
    PUNTUAL GROUP : NONE
 
 
  INFORMATION OF PARTICLES :
 =========================
         Total number of particles   =       1
         Number of quantum particles =       1
         Number of puntual charges   =        
         Number of quantum species   =       1
 
                 INFORMATION OF QUANTUM SPECIES 
    ----------------------------------------------------------------------
         ID      Symbol            mass     charge      omega     spin     multiplicity
    ----------------------------------------------------------------------
         1             E+         1.0000      1.00      0.00      0.50      1.00
 
                   CONSTANTS OF COUPLING 
      ------------------------------------------------------------
              Symbol      kappa        eta     lambda occupation
      ------------------------------------------------------------
                  E+      -1.00       1.00       1.00       1.00
 
                   BASIS SET FOR SPECIES 
      ------------------------------------------------------------
           Symbol          N. Basis     N. Particles     Basis Set
      ------------------------------------------------------------
                 E+           32                1     GRIBAKIN-1
 
                                ATOMIC BASIS
         ------------------------------------------------------------
          PRIMITIVE   SHELL             EXPONENT         COEFFICIENT 
         ------------------------------------------------------------
 
    BEGIN DESCRIPTION OF BASIS FOR:    E+
    ==============================
 
 
            E+ BASIS SET:GRIBAKIN-10S4P2
             1         S                0.00010000          1.00000000
             1         S                0.00030000          1.00000000
             1         S                0.00090000          1.00000000
             1         S                0.00270000          1.00000000
             1         S                0.00810000          1.00000000
             1         S                0.02430000          1.00000000
             1         S                0.07290000          1.00000000
             1         S                0.21870000          1.00000000
             1         S                0.65610000          1.00000000
             1         S                1.96830000          1.00000000
             1         P                0.00010000          1.00000000
             1         P                0.00030000          1.00000000
             1         P                0.00090000          1.00000000
             1         P                0.00270000          1.00000000
             1         D                0.00010000          1.00000000
             1         D                0.00030000          1.00000000
 
            E+ BASIS SET:GRIBAKIN-10S4P2
             1         S                0.00010000          1.00000000
             1         S                0.00030000          1.00000000
             1         S                0.00090000          1.00000000
             1         S                0.00270000          1.00000000
             1         S                0.00810000          1.00000000
             1         S                0.02430000          1.00000000
             1         S                0.07290000          1.00000000
             1         S                0.21870000          1.00000000
             1         S                0.65610000          1.00000000
             1         S                1.96830000          1.00000000
             1         P                0.00010000          1.00000000
             1         P                0.00030000          1.00000000
             1         P                0.00090000          1.00000000
             1         P                0.00270000          1.00000000
             1         D                0.00010000          1.00000000
             1         D                0.00030000          1.00000000
    ... END DESCRIPTION OF BASIS
 
 
  END INFORMATION OF PARTICLES
 
 
  INFORMATION OF THE QUANTUM SYSTEM 
     ---------------------------------------------------------------------
                 ID     Occupied Orbitals     Basis size
     ---------------------------------------------------------------------
                 E+            1               68
 
  END INFORMATION OF QUANTUM SYSTEM
 
 
  INFORMATION OF EXTERNAL POTENTIALS 
 
 =======
 External Potential for E+ : VPC92
 Type : 
                     Exponent         l       R_x       R_y       R_z              Factor
                 0.0010000000         0   0.00000   0.00000   0.00000       -0.0004852612
                 0.0020000000         0   0.00000   0.00000   0.00000        0.0024441783
                 0.0040000000         0   0.00000   0.00000   0.00000       -0.0075448874
                 0.0080000000         0   0.00000   0.00000   0.00000        0.0157738437
                 0.0160000000         0   0.00000   0.00000   0.00000       -0.0371036225
                 0.0320000000         0   0.00000   0.00000   0.00000        0.0538567205
                 0.0640000000         0   0.00000   0.00000   0.00000       -0.1977562620
                 0.1280000000         0   0.00000   0.00000   0.00000        0.1521150960
                 0.2560000000         0   0.00000   0.00000   0.00000       -2.2309931100
                 0.5120000000         0   0.00000   0.00000   0.00000        7.1544406100
                 1.0000000000         0   0.00000   0.00000   0.00000      -16.4610761000
                 2.0000000000         0   0.00000   0.00000   0.00000      120.0674500000
                 3.0000000000         0   0.00000   0.00000   0.00000    -1010.4441400000
                 4.0000000000         0   0.00000   0.00000   0.00000     5912.5175500000
                 5.0000000000         0   0.00000   0.00000   0.00000   -22883.6471000000
                 6.0000000000         0   0.00000   0.00000   0.00000    58320.2479000000
                 7.0000000000         0   0.00000   0.00000   0.00000   -96733.7399000000
                 8.0000000000         0   0.00000   0.00000   0.00000   100515.5930000000
                 9.0000000000         0   0.00000   0.00000   0.00000   -59492.9273000000
                10.0000000000         0   0.00000   0.00000   0.00000    15337.5181000000
                20.0000000000         0   0.00000   0.00000   0.00000     -108.3194530000
                30.0000000000         0   0.00000   0.00000   0.00000       58.7242217000
                40.0000000000         0   0.00000   0.00000   0.00000      -33.9818623000
                50.0000000000         0   0.00000   0.00000   0.00000       10.1503518000
               100.0000000000         0   0.00000   0.00000   0.00000       -0.2039701810
                 0.0010000000         0  20.20000   0.00000   0.00000       -0.0004852612
                 0.0020000000         0  20.20000   0.00000   0.00000        0.0024441783
                 0.0040000000         0  20.20000   0.00000   0.00000       -0.0075448874
                 0.0080000000         0  20.20000   0.00000   0.00000        0.0157738437
                 0.0160000000         0  20.20000   0.00000   0.00000       -0.0371036225
                 0.0320000000         0  20.20000   0.00000   0.00000        0.0538567205
                 0.0640000000         0  20.20000   0.00000   0.00000       -0.1977562620
                 0.1280000000         0  20.20000   0.00000   0.00000        0.1521150960
                 0.2560000000         0  20.20000   0.00000   0.00000       -2.2309931100
                 0.5120000000         0  20.20000   0.00000   0.00000        7.1544406100
                 1.0000000000         0  20.20000   0.00000   0.00000      -16.4610761000
                 2.0000000000         0  20.20000   0.00000   0.00000      120.0674500000
                 3.0000000000         0  20.20000   0.00000   0.00000    -1010.4441400000
                 4.0000000000         0  20.20000   0.00000   0.00000     5912.5175500000
                 5.0000000000         0  20.20000   0.00000   0.00000   -22883.6471000000
                 6.0000000000         0  20.20000   0.00000   0.00000    58320.2479000000
                 7.0000000000         0  20.20000   0.00000   0.00000   -96733.7399000000
                 8.0000000000         0  20.20000   0.00000   0.00000   100515.5930000000
                 9.0000000000         0  20.20000   0.00000   0.00000   -59492.9273000000
                10.0000000000         0  20.20000   0.00000   0.00000    15337.5181000000
                20.0000000000         0  20.20000   0.00000   0.00000     -108.3194530000
                30.0000000000         0  20.20000   0.00000   0.00000       58.7242217000
                40.0000000000         0  20.20000   0.00000   0.00000      -33.9818623000
                50.0000000000         0  20.20000   0.00000   0.00000       10.1503518000
               100.0000000000         0  20.20000   0.00000   0.00000       -0.2039701810
 
  END INFORMATION OF EXTERNAL POTENTIALS
 
                       INITIAL GEOMETRY: AMSTRONG
                 -----------------------------------
                       <x>                 <y>                 <z>
        E+        0.0000000000        0.0000000000        0.0000000000
        E+       10.6893804346        0.0000000000        0.0000000000
 
                     MATRIX OF DISTANCE: ANGSTROM
                 -----------------------------------
                          E+(1)          E+(2)     
 
        E+(1)            0.000000      10.689380
        E+(2)           10.689380       0.000000
 
--------------------------------------------------------------------------------
** PROGRAM: SCF (Hartree Fock).     Author: S.A. Gonzalez, E. Posada, F. Moncada
--------------------------------------------------------------------------------
INFO: RUNNING IN RHF MODE.
 
----------------------------------------------------------------------
** PROGRAM INTS                          Author: E. F. Posada, 2013   
----------------------------------------------------------------------
INFO: RUNNING IN ONE_PARTICLE MODE.
 
 Number of Overlap integrals for species POSITRON:   4624
 Number of Kinetic integrals for species POSITRON:   4624
 Number of Nuclear integrals for species POSITRON:   4624
 Number of Moment integrals for species POSITRON:  13872
 Number of 3C Overlap integrals for species POSITRON:   4624
 
** TOTAL CPU Time INTS :      0.387 (s)
** TOTAL Elapsed Time INTS :      0.143 (s)
 
Removed     4 orbitals for species POSITRON with overlap eigen threshold of 1.000E-06
       Usign  HCORE density guess for species:   POSITRON
     number of   POSITRON     particles in guess density matrix:     1.000000
 Number of unique integrals for species: 1 = 319571
 
 TWO-BODY INTEGRAL SETUP: 
------------------------- 
 Storage:   DISK
 Scheme: LIBINT
 Stack size:  30000
 
 LIBINT library, Fermann, J. T.; Valeev, F. L. 2010                   
 LOWDIN-LIBINT Implementation V. 2.1  Posada E. F. ; Reyes A. 2016   
 ----------------------------------------------------------------------

*** TOTAL CPU time intra-species integrals :      0.277 (s)
*** TOTAL elapsed time intra-species integrals :      0.041 (s)

INFO: RUNNING SCHEME SIMULTANEOUS
 
 Begin Multi-Species SCF calculation:
 
 --------------------------------------------------------------------------------------------------
      Iteration                   Energy            Energy Change           Density Change
 --------------------------------------------------------------------------------------------------
              1          -0.043676153876           0.043676153876           0.000000000000
              2          -0.043676153876           0.000000000000           0.000000000000
 Total energy converged after   2 global iterations                                                  
 
 ...end Multi-Species SCF calculation
 
 
 Begin SCF calculation by: POSITRON
 -------------------------
 
 -----------------------------------------------------------------------------------
 Iteration                   Energy           Density Change         DIIS Error 
 -----------------------------------------------------------------------------------
    1          -0.149746409228           0.000000000000                 -- 
 
 ... end SCF calculation
 
  EIGENVALUES AND EIGENVECTORS: 
 ==============================
 
 
  Eigenvalues for: POSITRON
 -----------------
 
    1          -0.043676153876
    2          -0.043290582112
    3           0.000075126094
    4           0.000137236815
    5           0.000209212504
    6           0.000209212504
    7           0.000257589614
    8           0.000319737157
    9           0.000319737157
   10           0.000323112716
   11           0.000329375255
   12           0.000329375255
   13           0.000427384782
   14           0.000431201894
   15           0.000431201894
   16           0.000431868418
   17           0.000443062013
   18           0.000443062013
   19           0.000590123979
   20           0.000845079292
   21           0.000901480560
   22           0.000901480560
   23           0.000988966269
   24           0.001110446265
   25           0.001110446265
   26           0.001151599029
   27           0.001248293053
   28           0.001248293053
   29           0.001466816662
   30           0.001517955175
   31           0.001517955175
   32           0.001521249369
   33           0.001521249369
   34           0.001737079269
   35           0.001737079269
   36           0.001826899330
   37           0.001935846168
   38           0.002019862197
   39           0.003006917653
   40           0.003006917653
   41           0.003788520772
   42           0.003788520772
   43           0.004013244560
   44           0.004099462767
   45           0.004303069882
   46           0.004883636177
   47           0.008541191149
   48           0.008541191149
   49           0.010476708664
   50           0.010478394799
   51           0.010664479254
   52           0.010664479254
   53           0.010755043095
   54           0.014650583567
   55           0.034274098674
   56           0.038385452381
   57           0.133527683632
   58           0.136152475822
   59           0.518259323356
   60           0.519756783719
   61           1.758966336161
   62           1.760152322983
   63           5.879810294218
   64           5.880884465530
   65     1000000.000000000000
   66     1000000.000000000000
   67     1000000.000000000000
   68     1000000.000000000000
 
  end of eigenvalues 
 
  Occupied Eigenvectors for: POSITRON
 --------------------------- 
 
                          -0.0437   
 
    1     E+     S       0.000022
    2     E+     S      -0.009865
    3     E+     S       0.034937
    4     E+     S      -0.036507
    5     E+     S       0.116650
    6     E+     S       0.244857
    7     E+     S       0.449635
    8     E+     S      -0.025252
    9     E+     S      -0.030400
   10     E+     S       0.006504
   11     E+    Px      -0.105370
   12     E+    Py      -0.000000
   13     E+    Pz      -0.000000
   14     E+    Px      -0.030151
   15     E+    Py       0.000000
   16     E+    Pz      -0.000000
   17     E+    Px       0.000076
   18     E+    Py      -0.000000
   19     E+    Pz      -0.000000
   20     E+    Px       0.000762
   21     E+    Py       0.000000
   22     E+    Pz       0.000000
   23     E+   Dxx      -0.015447
   24     E+   Dxy      -0.000000
   25     E+   Dxz      -0.000000
   26     E+   Dyy       0.003037
   27     E+   Dyz      -0.000000
   28     E+   Dzz       0.003037
   29     E+   Dxx       0.000606
   30     E+   Dxy       0.000000
   31     E+   Dxz      -0.000000
   32     E+   Dyy       0.010545
   33     E+   Dyz      -0.000000
   34     E+   Dzz       0.010545
   35     E+     S       0.000022
   36     E+     S      -0.009865
   37     E+     S       0.034937
   38     E+     S      -0.036507
   39     E+     S       0.116650
   40     E+     S       0.244857
   41     E+     S       0.449635
   42     E+     S      -0.025252
   43     E+     S      -0.030400
   44     E+     S       0.006504
   45     E+    Px       0.105370
   46     E+    Py       0.000000
   47     E+    Pz       0.000000
   48     E+    Px       0.030151
   49     E+    Py      -0.000000
   50     E+    Pz       0.000000
   51     E+    Px      -0.000076
   52     E+    Py       0.000000
   53     E+    Pz       0.000000
   54     E+    Px      -0.000762
   55     E+    Py      -0.000000
   56     E+    Pz      -0.000000
   57     E+   Dxx      -0.015447
   58     E+   Dxy      -0.000000
   59     E+   Dxz      -0.000000
   60     E+   Dyy       0.003037
   61     E+   Dyz       0.000000
   62     E+   Dzz       0.003037
   63     E+   Dxx       0.000606
   64     E+   Dxy       0.000000
   65     E+   Dxz      -0.000000
   66     E+   Dyy       0.010545
   67     E+   Dyz      -0.000000
   68     E+   Dzz       0.010545
 
 
  end of eigenvectors 
 
  END OF EIGENVALUES AND EIGENVECTORS
 
 
  COMPONENTS OF KINETIC ENERGY: 
 -----------------------------
 
            POSITRON Kinetic energy =            0.062394101477
                                     _________________________
               Total kinetic energy =            0.062394101477
 
  COMPONENTS OF POTENTIAL ENERGY: 
 -------------------------------
 
          Fixed potential energy    =            0.000000000000
 
  Quantum/Fixed interaction energy: 
 ----------------------------------
 
    POSITRON/Fixed interact. energy =            0.000000000000
                                     _________________________
               Total Q/Fixed energy =            0.000000000000
 
  Coulomb energy: 
 ------------------
 
   POSITRON/POSITRON Hartree energy =            0.000000000000
                                     _________________________
               Total Hartree energy =            0.000000000000
 
  Exchange(HF) energy: 
 ----------------------
 
           POSITRON Exchange energy =            0.000000000000
                                     _________________________
              Total Exchange energy =            0.000000000000
 
  External Potential energy: 
 ----------------------------
 
            POSITRON Ext Pot energy =           -0.106070255353
                                     _________________________
    Total External Potential energy =           -0.106070255353
 
  TOTAL ENERGY COMPONENTS: 
 ==========================
 
          TOTAL KINETIC ENERGY      =            0.062394101477
          TOTAL POTENTIAL ENERGY    =           -0.106070255353
                                     _________________________
                       TOTAL ENERGY =           -0.043676153876
 
                 VIRIAL RATIO (V/T) =            1.700004533149
 
 
  END ENERGY COMPONENTS
 
 
** TOTAL CPU Time SCF :      0.403 (s)
** TOTAL Elapsed Time SCF :      0.212 (s)
 
 We are calculating properties for POSITRON in the HF/KS ground state
 
  POPULATION ANALYSES: 
 ====================
 
 MULLIKEN Population: for POSITRON  
 ---------------------
 
                                    
 
    1     E+     S       0.000001
    2     E+     S      -0.001202
    3     E+     S       0.008373
    4     E+     S      -0.014297
    5     E+     S       0.062698
    6     E+     S       0.165988
    7     E+     S       0.298397
    8     E+     S      -0.011453
    9     E+     S      -0.006986
   10     E+     S       0.000663
   11     E+    Px      -0.001170
   12     E+    Py       0.000000
   13     E+    Pz       0.000000
   14     E+    Px      -0.001189
   15     E+    Py      -0.000000
   16     E+    Pz      -0.000000
   17     E+    Px       0.000009
   18     E+    Py       0.000000
   19     E+    Pz      -0.000000
   20     E+    Px       0.000152
   21     E+    Py      -0.000000
   22     E+    Pz      -0.000000
   23     E+   Dxx      -0.000045
   24     E+   Dxy       0.000000
   25     E+   Dxz       0.000000
   26     E+   Dyy       0.000001
   27     E+   Dyz      -0.000000
   28     E+   Dzz       0.000001
   29     E+   Dxx       0.000011
   30     E+   Dxy      -0.000000
   31     E+   Dxz       0.000000
   32     E+   Dyy       0.000023
   33     E+   Dyz      -0.000000
   34     E+   Dzz       0.000023
   35     E+     S       0.000001
   36     E+     S      -0.001202
   37     E+     S       0.008373
   38     E+     S      -0.014297
   39     E+     S       0.062698
   40     E+     S       0.165988
   41     E+     S       0.298397
   42     E+     S      -0.011453
   43     E+     S      -0.006986
   44     E+     S       0.000663
   45     E+    Px      -0.001170
   46     E+    Py      -0.000000
   47     E+    Pz      -0.000000
   48     E+    Px      -0.001189
   49     E+    Py       0.000000
   50     E+    Pz       0.000000
   51     E+    Px       0.000009
   52     E+    Py      -0.000000
   53     E+    Pz       0.000000
   54     E+    Px       0.000152
   55     E+    Py       0.000000
   56     E+    Pz      -0.000000
   57     E+   Dxx      -0.000045
   58     E+   Dxy       0.000000
   59     E+   Dxz       0.000000
   60     E+   Dyy       0.000001
   61     E+   Dyz       0.000000
   62     E+   Dzz       0.000001
   63     E+   Dxx       0.000011
   64     E+   Dxy       0.000000
   65     E+   Dxz       0.000000
   66     E+   Dyy       0.000023
   67     E+   Dyz      -0.000000
   68     E+   Dzz       0.000023
 
                           __________
              Total =        1.000000
 
  Atomic MULLIKEN Population: for POSITRON  
            E+               0.500000
            E+               0.500000
 
 ...end of MULLIKEN Population
 
 
 END POPULATION ANALYSES 
 
 
  POPULATION ANALYSES: 
 ====================
 
 LOWDIN Population: for POSITRON  
 ---------------------
 
                                    
 
    1     E+     S       0.000062
    2     E+     S       0.000390
    3     E+     S       0.002678
    4     E+     S       0.012932
    5     E+     S       0.060905
    6     E+     S       0.175483
    7     E+     S       0.197904
    8     E+     S       0.042828
    9     E+     S       0.002424
   10     E+     S       0.000308
   11     E+    Px       0.000002
   12     E+    Py      -0.000000
   13     E+    Pz       0.000000
   14     E+    Px       0.000042
   15     E+    Py       0.000000
   16     E+    Pz       0.000000
   17     E+    Px       0.000643
   18     E+    Py       0.000000
   19     E+    Pz       0.000000
   20     E+    Px       0.003382
   21     E+    Py      -0.000000
   22     E+    Pz       0.000000
   23     E+   Dxx       0.000000
   24     E+   Dxy      -0.000000
   25     E+   Dxz       0.000000
   26     E+   Dyy       0.000000
   27     E+   Dyz       0.000000
   28     E+   Dzz       0.000000
   29     E+   Dxx       0.000005
   30     E+   Dxy       0.000000
   31     E+   Dxz       0.000000
   32     E+   Dyy       0.000007
   33     E+   Dyz       0.000000
   34     E+   Dzz       0.000007
   35     E+     S       0.000062
   36     E+     S       0.000390
   37     E+     S       0.002678
   38     E+     S       0.012932
   39     E+     S       0.060905
   40     E+     S       0.175483
   41     E+     S       0.197904
   42     E+     S       0.042828
   43     E+     S       0.002424
   44     E+     S       0.000308
   45     E+    Px       0.000002
   46     E+    Py      -0.000000
   47     E+    Pz       0.000000
   48     E+    Px       0.000042
   49     E+    Py       0.000000
   50     E+    Pz       0.000000
   51     E+    Px       0.000643
   52     E+    Py       0.000000
   53     E+    Pz      -0.000000
   54     E+    Px       0.003382
   55     E+    Py       0.000000
   56     E+    Pz       0.000000
   57     E+   Dxx       0.000000
   58     E+   Dxy       0.000000
   59     E+   Dxz       0.000000
   60     E+   Dyy       0.000000
   61     E+   Dyz       0.000000
   62     E+   Dzz       0.000000
   63     E+   Dxx       0.000005
   64     E+   Dxy       0.000000
   65     E+   Dxz       0.000000
   66     E+   Dyy       0.000007
   67     E+   Dyz       0.000000
   68     E+   Dzz       0.000007
 
                           __________
              Total =        1.000000
 
  Atomic LOWDIN Population: for POSITRON  
            E+               0.500000
            E+               0.500000
 
 ...end of LOWDIN Population
 
 
 END POPULATION ANALYSES 
 
 
  EXPECTED POSITIONS OF QUANTUM SPECIES:
 ======================
 
 POSITIONS IN ANGSTROMS
 ------
 
                        <x>      <y>      <z>         
           POSITRON   5.3447  -0.0000  -0.0000
 
 END EXPECTED POSITIONS
 
 
  ELECTROSTATIC MOMENTS:
 ======================
 
 
 DIPOLE: (A.U.)
 ------
 
                           <Dx>         <Dy>         <Dz>          |D|
           POSITRON  10.10000000  -0.00000000  -0.00000000
    Point charges:    0.00000000   0.00000000   0.00000000
                     ____________________________
      Total Dipole:  10.10000000  -0.00000000  -0.00000000  10.10000000
 
 DIPOLE: (DEBYE)
 ------
 
                           <Dx>         <Dy>         <Dz>          |D|
           POSITRON  25.67163601  -0.00000000  -0.00000000
    Point charges:    0.00000000   0.00000000   0.00000000
                     ____________________________
      Total Dipole:  25.67163601  -0.00000000  -0.00000000  25.67163601
 
 QUADRUPOLE NON-TRACELESS: (DEBYE ANGS)
 ------
 
                           <xx>         <yy>         <zz>         <xy>         <xz>         <yz>
           POSITRON  268.93421971    9.10838048    9.10838048   -0.00000000   -0.00000000    0.00000000
    Point charges:     0.00000000    0.00000000    0.00000000    0.00000000    0.00000000    0.00000000
  Total Quadrupole:  268.93421971    9.10838048    9.10838048   -0.00000000   -0.00000000    0.00000000
                     ____________________________
 
 END ELECTROSTATIC MOMENTS
 

  TOTAL CPU Time:      0.258 (s)
 TOTAL Wall Time:      0.258 (s)
  Elapsed Time:   0h  0m  0s 259ms
LOWDIN execution terminated normally at : Tue Oct 29 14:38:38 2024
-rw-rw-r-- 1 pohl pohl 2.1M oct 29 14:38 0POSITRON.ints
-rw-rw-r-- 1 pohl pohl 2.1M oct 29 14:38 1POSITRON.ints
-rw-rw-r-- 1 pohl pohl 2.1M oct 29 14:38 2POSITRON.ints
-rw-rw-r-- 1 pohl pohl 2.1M oct 29 14:38 3POSITRON.ints
-rw-rw-r-- 1 pohl pohl   68 oct 29 14:38 gepol.inp
-rw-rw-r-- 1 pohl pohl    0 oct 29 14:38 gepol.xyzr
-rw-rw-r-- 1 pohl pohl 5.2K oct 29 14:38 lowdin.bas
-rw-rw-r-- 1 pohl pohl  16K oct 29 14:38 lowdin.dat
-rw-rw-r-- 1 pohl pohl 473K oct 29 14:38 lowdin.opints
-rw-rw-r-- 1 pohl pohl  13K oct 29 14:38 lowdin.sys
-rw-rw-r-- 1 pohl pohl 473K oct 29 14:38 lowdin.wfn
-rw-rw-r-- 1 pohl pohl  372 oct 29 14:38 only_posi_92
-rw-rw-r-- 1 pohl pohl 1.1K oct 29 14:38 only_posi_92.aux
-rw-rw-r-- 1 pohl pohl  377 oct 29 14:38 only_posi_92.lowdin
-rw-rw-r-- 1 pohl pohl  29K oct 29 14:38 only_posi_92.out
-rw-rw-r-- 1 pohl pohl  37K oct 29 14:38 only_posi_92.vec
