Begin job by input: only_posi_191.lowdin, for user:   at  mar 29 oct 2024 14:39:16 -05
under operating system Linux helios 5.19.0-46-generic #47-Ubuntu SMP PREEMPT_DYNAMIC Fri Jun 16 13:30:11 UTC 2023 x86_64 x86_64 x86_64 GNU/Linux
Compilation information
  commit: f31d3924f6ee2ce9d77f07edcc1ba27359319d14
  compilation date:  mar 17 sep 2024 16:16:17 -05

BEGIN INPUT INFO:
------------------------------------

GEOMETRY
	E+	GRIBAKIN-10S4P2D 0.0 0.0 0.0
	E+	GRIBAKIN-10S4P2D 40.0 0.0 0.0 addParticles=-1 
END GEOMETRY

TASKS
        method = "RHF"
END TASKS

EXTERPOTENTIAL
	E+ VPC191
END EXTERPOTENTIAL

CONTROL
	units="BOHRS"
	readCoefficients=F
	convergenceMethod=1
	overlapEigenThreshold=1E-6
	SCFGhostSpecies="POSITRON"
	HFprintEigenvalues=T
	totalEnergyTolerance = 1E-9
END CONTROL


... END INPUT INFO


 LOWDIN execution started at : Tue Oct 29 14:39:16 2024
 ---------------------------------------------------------------
 
 ***************************************************************
 *                   LOWDIN 2.0  (May/2013)                    *
 *                                                             *
 *  R. FLORES-MORENO, E. F. POSADA, F. S. MONCADA, J.ROMERO,   *
 *  J. CHARRY, M. DIAZ-TINOCO, S. A. GONZALEZ, N. F. AGUIRRE,  *
 *  A. REYES                                                   *
 *                                                             *
 *  https://sites.google.com/site/lowdinproject/               *
 *                                                             *
 ***************************************************************
 
 PARSING INPUT... DONE!
 
 LOWDIN IS RUNNING WITH NEXT PARAMETERS: 
 ----------------------------------------
 
         METHOD TYPE:  RHF
         NUMBER OF CORES:     4
         NONELECTRONIC DENSITY GUESS: HCORE
         ELECTRONIC DENSITY GUESS: HCORE
         CRITERIUM OF CONVERGENCE: ENERGY
         NONELECTRONIC ENERGY TOLERANCE IN SCFs:     0.10000E-07
         ELECTRONIC ENERGY TOLERANCE IN SCFs:     0.10000E-07
         TOTAL ENERGY TOLERANCE IN SCFs:     0.10000E-08
         SCHEME OF ITERATION: GLOBAL ITERATIONS
         SCF MAX. SUBITERATIONS - NONELECTRONS :     1
         SCF MAX. SUBITERATIONS - ELECTRONS :     1
         SCF MAX. ITERATIONS - INTERSPECIES :   200
         INTEGRAL STORAGE: DISK
         STACK SIZE FOR ERIS : 30000
         METHOD OF SCF CONVERGENCE: DAMPING
 
  MOLECULAR SYSTEM: only_posi_191
 -----------------
 
    DESCRIPTION   : only_posi_191
    CHARGE        :   2
    PUNTUAL GROUP : NONE
 
 
  INFORMATION OF PARTICLES :
 =========================
         Total number of particles   =       1
         Number of quantum particles =       1
         Number of puntual charges   =        
         Number of quantum species   =       1
 
                 INFORMATION OF QUANTUM SPECIES 
    ----------------------------------------------------------------------
         ID      Symbol            mass     charge      omega     spin     multiplicity
    ----------------------------------------------------------------------
         1             E+         1.0000      1.00      0.00      0.50      1.00
 
                   CONSTANTS OF COUPLING 
      ------------------------------------------------------------
              Symbol      kappa        eta     lambda occupation
      ------------------------------------------------------------
                  E+      -1.00       1.00       1.00       1.00
 
                   BASIS SET FOR SPECIES 
      ------------------------------------------------------------
           Symbol          N. Basis     N. Particles     Basis Set
      ------------------------------------------------------------
                 E+           32                1     GRIBAKIN-1
 
                                ATOMIC BASIS
         ------------------------------------------------------------
          PRIMITIVE   SHELL             EXPONENT         COEFFICIENT 
         ------------------------------------------------------------
 
    BEGIN DESCRIPTION OF BASIS FOR:    E+
    ==============================
 
 
            E+ BASIS SET:GRIBAKIN-10S4P2
             1         S                0.00010000          1.00000000
             1         S                0.00030000          1.00000000
             1         S                0.00090000          1.00000000
             1         S                0.00270000          1.00000000
             1         S                0.00810000          1.00000000
             1         S                0.02430000          1.00000000
             1         S                0.07290000          1.00000000
             1         S                0.21870000          1.00000000
             1         S                0.65610000          1.00000000
             1         S                1.96830000          1.00000000
             1         P                0.00010000          1.00000000
             1         P                0.00030000          1.00000000
             1         P                0.00090000          1.00000000
             1         P                0.00270000          1.00000000
             1         D                0.00010000          1.00000000
             1         D                0.00030000          1.00000000
 
            E+ BASIS SET:GRIBAKIN-10S4P2
             1         S                0.00010000          1.00000000
             1         S                0.00030000          1.00000000
             1         S                0.00090000          1.00000000
             1         S                0.00270000          1.00000000
             1         S                0.00810000          1.00000000
             1         S                0.02430000          1.00000000
             1         S                0.07290000          1.00000000
             1         S                0.21870000          1.00000000
             1         S                0.65610000          1.00000000
             1         S                1.96830000          1.00000000
             1         P                0.00010000          1.00000000
             1         P                0.00030000          1.00000000
             1         P                0.00090000          1.00000000
             1         P                0.00270000          1.00000000
             1         D                0.00010000          1.00000000
             1         D                0.00030000          1.00000000
    ... END DESCRIPTION OF BASIS
 
 
  END INFORMATION OF PARTICLES
 
 
  INFORMATION OF THE QUANTUM SYSTEM 
     ---------------------------------------------------------------------
                 ID     Occupied Orbitals     Basis size
     ---------------------------------------------------------------------
                 E+            1               68
 
  END INFORMATION OF QUANTUM SYSTEM
 
 
  INFORMATION OF EXTERNAL POTENTIALS 
 
 =======
 External Potential for E+ : VPC191
 Type : 
                     Exponent         l       R_x       R_y       R_z              Factor
                 0.0010000000         0   0.00000   0.00000   0.00000       -0.0004852612
                 0.0020000000         0   0.00000   0.00000   0.00000        0.0024441783
                 0.0040000000         0   0.00000   0.00000   0.00000       -0.0075448874
                 0.0080000000         0   0.00000   0.00000   0.00000        0.0157738437
                 0.0160000000         0   0.00000   0.00000   0.00000       -0.0371036225
                 0.0320000000         0   0.00000   0.00000   0.00000        0.0538567205
                 0.0640000000         0   0.00000   0.00000   0.00000       -0.1977562620
                 0.1280000000         0   0.00000   0.00000   0.00000        0.1521150960
                 0.2560000000         0   0.00000   0.00000   0.00000       -2.2309931100
                 0.5120000000         0   0.00000   0.00000   0.00000        7.1544406100
                 1.0000000000         0   0.00000   0.00000   0.00000      -16.4610761000
                 2.0000000000         0   0.00000   0.00000   0.00000      120.0674500000
                 3.0000000000         0   0.00000   0.00000   0.00000    -1010.4441400000
                 4.0000000000         0   0.00000   0.00000   0.00000     5912.5175500000
                 5.0000000000         0   0.00000   0.00000   0.00000   -22883.6471000000
                 6.0000000000         0   0.00000   0.00000   0.00000    58320.2479000000
                 7.0000000000         0   0.00000   0.00000   0.00000   -96733.7399000000
                 8.0000000000         0   0.00000   0.00000   0.00000   100515.5930000000
                 9.0000000000         0   0.00000   0.00000   0.00000   -59492.9273000000
                10.0000000000         0   0.00000   0.00000   0.00000    15337.5181000000
                20.0000000000         0   0.00000   0.00000   0.00000     -108.3194530000
                30.0000000000         0   0.00000   0.00000   0.00000       58.7242217000
                40.0000000000         0   0.00000   0.00000   0.00000      -33.9818623000
                50.0000000000         0   0.00000   0.00000   0.00000       10.1503518000
               100.0000000000         0   0.00000   0.00000   0.00000       -0.2039701810
                 0.0010000000         0  40.00000   0.00000   0.00000       -0.0004852612
                 0.0020000000         0  40.00000   0.00000   0.00000        0.0024441783
                 0.0040000000         0  40.00000   0.00000   0.00000       -0.0075448874
                 0.0080000000         0  40.00000   0.00000   0.00000        0.0157738437
                 0.0160000000         0  40.00000   0.00000   0.00000       -0.0371036225
                 0.0320000000         0  40.00000   0.00000   0.00000        0.0538567205
                 0.0640000000         0  40.00000   0.00000   0.00000       -0.1977562620
                 0.1280000000         0  40.00000   0.00000   0.00000        0.1521150960
                 0.2560000000         0  40.00000   0.00000   0.00000       -2.2309931100
                 0.5120000000         0  40.00000   0.00000   0.00000        7.1544406100
                 1.0000000000         0  40.00000   0.00000   0.00000      -16.4610761000
                 2.0000000000         0  40.00000   0.00000   0.00000      120.0674500000
                 3.0000000000         0  40.00000   0.00000   0.00000    -1010.4441400000
                 4.0000000000         0  40.00000   0.00000   0.00000     5912.5175500000
                 5.0000000000         0  40.00000   0.00000   0.00000   -22883.6471000000
                 6.0000000000         0  40.00000   0.00000   0.00000    58320.2479000000
                 7.0000000000         0  40.00000   0.00000   0.00000   -96733.7399000000
                 8.0000000000         0  40.00000   0.00000   0.00000   100515.5930000000
                 9.0000000000         0  40.00000   0.00000   0.00000   -59492.9273000000
                10.0000000000         0  40.00000   0.00000   0.00000    15337.5181000000
                20.0000000000         0  40.00000   0.00000   0.00000     -108.3194530000
                30.0000000000         0  40.00000   0.00000   0.00000       58.7242217000
                40.0000000000         0  40.00000   0.00000   0.00000      -33.9818623000
                50.0000000000         0  40.00000   0.00000   0.00000       10.1503518000
               100.0000000000         0  40.00000   0.00000   0.00000       -0.2039701810
 
  END INFORMATION OF EXTERNAL POTENTIALS
 
                       INITIAL GEOMETRY: AMSTRONG
                 -----------------------------------
                       <x>                 <y>                 <z>
        E+        0.0000000000        0.0000000000        0.0000000000
        E+       21.1670899696        0.0000000000        0.0000000000
 
                     MATRIX OF DISTANCE: ANGSTROM
                 -----------------------------------
                          E+(1)          E+(2)     
 
        E+(1)            0.000000      21.167090
        E+(2)           21.167090       0.000000
 
--------------------------------------------------------------------------------
** PROGRAM: SCF (Hartree Fock).     Author: S.A. Gonzalez, E. Posada, F. Moncada
--------------------------------------------------------------------------------
INFO: RUNNING IN RHF MODE.
 
----------------------------------------------------------------------
** PROGRAM INTS                          Author: E. F. Posada, 2013   
----------------------------------------------------------------------
INFO: RUNNING IN ONE_PARTICLE MODE.
 
 Number of Overlap integrals for species POSITRON:   4624
 Number of Kinetic integrals for species POSITRON:   4624
 Number of Nuclear integrals for species POSITRON:   4624
 Number of Moment integrals for species POSITRON:  13872
 Number of 3C Overlap integrals for species POSITRON:   4624
 
** TOTAL CPU Time INTS :      0.370 (s)
** TOTAL Elapsed Time INTS :      0.130 (s)
 
Removed     2 orbitals for species POSITRON with overlap eigen threshold of 1.000E-06
       Usign  HCORE density guess for species:   POSITRON
     number of   POSITRON     particles in guess density matrix:     1.000000
 Number of unique integrals for species: 1 = 292555
 
 TWO-BODY INTEGRAL SETUP: 
------------------------- 
 Storage:   DISK
 Scheme: LIBINT
 Stack size:  30000
 
 LIBINT library, Fermann, J. T.; Valeev, F. L. 2010                   
 LOWDIN-LIBINT Implementation V. 2.1  Posada E. F. ; Reyes A. 2016   
 ----------------------------------------------------------------------

*** TOTAL CPU time intra-species integrals :      0.260 (s)
*** TOTAL elapsed time intra-species integrals :      0.039 (s)

INFO: RUNNING SCHEME SIMULTANEOUS
 
 Begin Multi-Species SCF calculation:
 
 --------------------------------------------------------------------------------------------------
      Iteration                   Energy            Energy Change           Density Change
 --------------------------------------------------------------------------------------------------
              1          -0.043337634247           0.043337634247           0.000000000000
              2          -0.043337634247           0.000000000000           0.000000000000
 Total energy converged after   2 global iterations                                                  
 
 ...end Multi-Species SCF calculation
 
 
 Begin SCF calculation by: POSITRON
 -------------------------
 
 -----------------------------------------------------------------------------------
 Iteration                   Energy           Density Change         DIIS Error 
 -----------------------------------------------------------------------------------
    1          -0.150042005535           0.000000000000                 -- 
 
 ... end SCF calculation
 
  EIGENVALUES AND EIGENVECTORS: 
 ==============================
 
 
  Eigenvalues for: POSITRON
 -----------------
 
    1          -0.043337634247
    2          -0.043337311048
    3           0.000073863184
    4           0.000134869398
    5           0.000207584004
    6           0.000207584004
    7           0.000257373038
    8           0.000280650611
    9           0.000280650611
   10           0.000317556769
   11           0.000326106397
   12           0.000326106397
   13           0.000421337745
   14           0.000426422871
   15           0.000427766388
   16           0.000427766388
   17           0.000438603294
   18           0.000438603294
   19           0.000566930917
   20           0.000566930917
   21           0.000588898261
   22           0.000825234941
   23           0.000886339642
   24           0.000886339642
   25           0.000978964256
   26           0.001134522349
   27           0.001134522349
   28           0.001146011204
   29           0.001227862214
   30           0.001227862214
   31           0.001426361441
   32           0.001495335771
   33           0.001495335771
   34           0.001497079699
   35           0.001497079699
   36           0.001782852869
   37           0.001790415334
   38           0.001790415334
   39           0.001847398540
   40           0.002014501576
   41           0.002914957334
   42           0.002914957334
   43           0.003622796730
   44           0.003652195293
   45           0.003652195293
   46           0.004006835380
   47           0.004129716619
   48           0.004628202922
   49           0.008492139981
   50           0.009020554094
   51           0.009020554094
   52           0.009594343535
   53           0.009594343535
   54           0.010766174617
   55           0.010839921939
   56           0.011575365834
   57           0.035790269271
   58           0.036372128177
   59           0.134470613660
   60           0.134595305926
   61           0.518643864182
   62           0.518830138411
   63           1.759219813108
   64           1.759427061710
   65           5.880032689110
   66           5.880240639507
   67     1000000.000000000000
   68     1000000.000000000000
 
  end of eigenvalues 
 
  Occupied Eigenvectors for: POSITRON
 --------------------------- 
 
                          -0.0433   
 
    1     E+     S      -0.015830
    2     E+     S      -0.026713
    3     E+     S       0.039551
    4     E+     S      -0.037726
    5     E+     S       0.116822
    6     E+     S       0.246820
    7     E+     S       0.451484
    8     E+     S      -0.025238
    9     E+     S      -0.030565
   10     E+     S       0.006538
   11     E+    Px      -0.020757
   12     E+    Py      -0.000000
   13     E+    Pz       0.000000
   14     E+    Px       0.003405
   15     E+    Py       0.000000
   16     E+    Pz      -0.000000
   17     E+    Px      -0.001020
   18     E+    Py      -0.000000
   19     E+    Pz       0.000000
   20     E+    Px       0.000345
   21     E+    Py       0.000000
   22     E+    Pz       0.000000
   23     E+   Dxx      -0.004070
   24     E+   Dxy      -0.000000
   25     E+   Dxz       0.000000
   26     E+   Dyy       0.003449
   27     E+   Dyz       0.000000
   28     E+   Dzz       0.003449
   29     E+   Dxx       0.013756
   30     E+   Dxy       0.000000
   31     E+   Dxz       0.000000
   32     E+   Dyy       0.012249
   33     E+   Dyz      -0.000000
   34     E+   Dzz       0.012249
   35     E+     S      -0.015830
   36     E+     S      -0.026713
   37     E+     S       0.039551
   38     E+     S      -0.037726
   39     E+     S       0.116822
   40     E+     S       0.246820
   41     E+     S       0.451484
   42     E+     S      -0.025238
   43     E+     S      -0.030565
   44     E+     S       0.006538
   45     E+    Px       0.020757
   46     E+    Py       0.000000
   47     E+    Pz      -0.000000
   48     E+    Px      -0.003405
   49     E+    Py      -0.000000
   50     E+    Pz      -0.000000
   51     E+    Px       0.001020
   52     E+    Py       0.000000
   53     E+    Pz      -0.000000
   54     E+    Px      -0.000345
   55     E+    Py      -0.000000
   56     E+    Pz      -0.000000
   57     E+   Dxx      -0.004070
   58     E+   Dxy      -0.000000
   59     E+   Dxz       0.000000
   60     E+   Dyy       0.003449
   61     E+   Dyz      -0.000000
   62     E+   Dzz       0.003449
   63     E+   Dxx       0.013756
   64     E+   Dxy       0.000000
   65     E+   Dxz       0.000000
   66     E+   Dyy       0.012249
   67     E+   Dyz       0.000000
   68     E+   Dzz       0.012249
 
 
  end of eigenvectors 
 
  END OF EIGENVALUES AND EIGENVECTORS
 
 
  COMPONENTS OF KINETIC ENERGY: 
 -----------------------------
 
            POSITRON Kinetic energy =            0.063366737041
                                     _________________________
               Total kinetic energy =            0.063366737041
 
  COMPONENTS OF POTENTIAL ENERGY: 
 -------------------------------
 
          Fixed potential energy    =            0.000000000000
 
  Quantum/Fixed interaction energy: 
 ----------------------------------
 
    POSITRON/Fixed interact. energy =            0.000000000000
                                     _________________________
               Total Q/Fixed energy =            0.000000000000
 
  Coulomb energy: 
 ------------------
 
   POSITRON/POSITRON Hartree energy =            0.000000000000
                                     _________________________
               Total Hartree energy =            0.000000000000
 
  Exchange(HF) energy: 
 ----------------------
 
           POSITRON Exchange energy =            0.000000000000
                                     _________________________
              Total Exchange energy =            0.000000000000
 
  External Potential energy: 
 ----------------------------
 
            POSITRON Ext Pot energy =           -0.106704371288
                                     _________________________
    Total External Potential energy =           -0.106704371288
 
  TOTAL ENERGY COMPONENTS: 
 ==========================
 
          TOTAL KINETIC ENERGY      =            0.063366737041
          TOTAL POTENTIAL ENERGY    =           -0.106704371288
                                     _________________________
                       TOTAL ENERGY =           -0.043337634247
 
                 VIRIAL RATIO (V/T) =            1.683917718832
 
 
  END ENERGY COMPONENTS
 
 
** TOTAL CPU Time SCF :      0.399 (s)
** TOTAL Elapsed Time SCF :      0.196 (s)
 
 We are calculating properties for POSITRON in the HF/KS ground state
 
  POPULATION ANALYSES: 
 ====================
 
 MULLIKEN Population: for POSITRON  
 ---------------------
 
                                    
 
    1     E+     S      -0.000850
    2     E+     S      -0.002820
    3     E+     S       0.007016
    4     E+     S      -0.011046
    5     E+     S       0.058131
    6     E+     S       0.166572
    7     E+     S       0.300534
    8     E+     S      -0.011494
    9     E+     S      -0.007054
   10     E+     S       0.000670
   11     E+    Px      -0.000408
   12     E+    Py      -0.000000
   13     E+    Pz      -0.000000
   14     E+    Px       0.000188
   15     E+    Py      -0.000000
   16     E+    Pz       0.000000
   17     E+    Px      -0.000084
   18     E+    Py      -0.000000
   19     E+    Pz      -0.000000
   20     E+    Px       0.000008
   21     E+    Py      -0.000000
   22     E+    Pz       0.000000
   23     E+   Dxx      -0.000038
   24     E+   Dxy      -0.000000
   25     E+   Dxz       0.000000
   26     E+   Dyy       0.000001
   27     E+   Dyz       0.000000
   28     E+   Dzz       0.000001
   29     E+   Dxx       0.000625
   30     E+   Dxy      -0.000000
   31     E+   Dxz      -0.000000
   32     E+   Dyy       0.000024
   33     E+   Dyz      -0.000000
   34     E+   Dzz       0.000024
   35     E+     S      -0.000850
   36     E+     S      -0.002820
   37     E+     S       0.007016
   38     E+     S      -0.011046
   39     E+     S       0.058131
   40     E+     S       0.166572
   41     E+     S       0.300534
   42     E+     S      -0.011494
   43     E+     S      -0.007054
   44     E+     S       0.000670
   45     E+    Px      -0.000408
   46     E+    Py       0.000000
   47     E+    Pz       0.000000
   48     E+    Px       0.000188
   49     E+    Py       0.000000
   50     E+    Pz       0.000000
   51     E+    Px      -0.000084
   52     E+    Py       0.000000
   53     E+    Pz      -0.000000
   54     E+    Px       0.000008
   55     E+    Py      -0.000000
   56     E+    Pz      -0.000000
   57     E+   Dxx      -0.000038
   58     E+   Dxy      -0.000000
   59     E+   Dxz       0.000000
   60     E+   Dyy       0.000001
   61     E+   Dyz      -0.000000
   62     E+   Dzz       0.000001
   63     E+   Dxx       0.000625
   64     E+   Dxy       0.000000
   65     E+   Dxz       0.000000
   66     E+   Dyy       0.000024
   67     E+   Dyz       0.000000
   68     E+   Dzz       0.000024
 
                           __________
              Total =        1.000000
 
  Atomic MULLIKEN Population: for POSITRON  
            E+               0.500000
            E+               0.500000
 
 ...end of MULLIKEN Population
 
 
 END POPULATION ANALYSES 
 
 
  POPULATION ANALYSES: 
 ====================
 
 LOWDIN Population: for POSITRON  
 ---------------------
 
                                    
 
    1     E+     S       0.000063
    2     E+     S       0.000323
    3     E+     S       0.001633
    4     E+     S       0.008446
    5     E+     S       0.060864
    6     E+     S       0.181035
    7     E+     S       0.200969
    8     E+     S       0.043379
    9     E+     S       0.002460
   10     E+     S       0.000312
   11     E+    Px       0.000008
   12     E+    Py       0.000000
   13     E+    Pz       0.000000
   14     E+    Px       0.000109
   15     E+    Py       0.000000
   16     E+    Pz       0.000000
   17     E+    Px       0.000328
   18     E+    Py       0.000000
   19     E+    Pz      -0.000000
   20     E+    Px       0.000003
   21     E+    Py      -0.000000
   22     E+    Pz       0.000000
   23     E+   Dxx       0.000001
   24     E+   Dxy       0.000000
   25     E+   Dxz       0.000000
   26     E+   Dyy       0.000000
   27     E+   Dyz       0.000000
   28     E+   Dzz       0.000000
   29     E+   Dxx       0.000056
   30     E+   Dxy       0.000000
   31     E+   Dxz      -0.000000
   32     E+   Dyy       0.000005
   33     E+   Dyz       0.000000
   34     E+   Dzz       0.000005
   35     E+     S       0.000063
   36     E+     S       0.000323
   37     E+     S       0.001633
   38     E+     S       0.008446
   39     E+     S       0.060864
   40     E+     S       0.181035
   41     E+     S       0.200969
   42     E+     S       0.043379
   43     E+     S       0.002460
   44     E+     S       0.000312
   45     E+    Px       0.000008
   46     E+    Py       0.000000
   47     E+    Pz       0.000000
   48     E+    Px       0.000109
   49     E+    Py       0.000000
   50     E+    Pz       0.000000
   51     E+    Px       0.000328
   52     E+    Py       0.000000
   53     E+    Pz       0.000000
   54     E+    Px       0.000003
   55     E+    Py       0.000000
   56     E+    Pz      -0.000000
   57     E+   Dxx       0.000001
   58     E+   Dxy       0.000000
   59     E+   Dxz       0.000000
   60     E+   Dyy       0.000000
   61     E+   Dyz       0.000000
   62     E+   Dzz       0.000000
   63     E+   Dxx       0.000056
   64     E+   Dxy       0.000000
   65     E+   Dxz       0.000000
   66     E+   Dyy       0.000005
   67     E+   Dyz       0.000000
   68     E+   Dzz       0.000005
 
                           __________
              Total =        1.000000
 
  Atomic LOWDIN Population: for POSITRON  
            E+               0.500000
            E+               0.500000
 
 ...end of LOWDIN Population
 
 
 END POPULATION ANALYSES 
 
 
  EXPECTED POSITIONS OF QUANTUM SPECIES:
 ======================
 
 POSITIONS IN ANGSTROMS
 ------
 
                        <x>      <y>      <z>         
           POSITRON  10.5835   0.0000   0.0000
 
 END EXPECTED POSITIONS
 
 
  ELECTROSTATIC MOMENTS:
 ======================
 
 
 DIPOLE: (A.U.)
 ------
 
                           <Dx>         <Dy>         <Dz>          |D|
           POSITRON  19.99999958   0.00000000   0.00000000
    Point charges:    0.00000000   0.00000000   0.00000000
                     ____________________________
      Total Dipole:  19.99999958   0.00000000   0.00000000  19.99999958
 
 DIPOLE: (DEBYE)
 ------
 
                           <Dx>         <Dy>         <Dz>          |D|
           POSITRON  50.83492171   0.00000000   0.00000000
    Point charges:    0.00000000   0.00000000   0.00000000
                     ____________________________
      Total Dipole:  50.83492171   0.00000000   0.00000000  50.83492171
 
 QUADRUPOLE NON-TRACELESS: (DEBYE ANGS)
 ------
 
                           <xx>         <yy>         <zz>         <xy>         <xz>         <yz>
           POSITRON 1083.22809662    9.01164086    9.01164086   -0.00000000    0.00000000    0.00000000
    Point charges:     0.00000000    0.00000000    0.00000000    0.00000000    0.00000000    0.00000000
  Total Quadrupole: 1083.22809662    9.01164086    9.01164086   -0.00000000    0.00000000    0.00000000
                     ____________________________
 
 END ELECTROSTATIC MOMENTS
 

  TOTAL CPU Time:      0.259 (s)
 TOTAL Wall Time:      0.243 (s)
  Elapsed Time:   0h  0m  0s 243ms
LOWDIN execution terminated normally at : Tue Oct 29 14:39:16 2024
-rw-rw-r-- 1 pohl pohl 2.1M oct 29 14:39 0POSITRON.ints
-rw-rw-r-- 1 pohl pohl 2.1M oct 29 14:39 1POSITRON.ints
-rw-rw-r-- 1 pohl pohl 2.1M oct 29 14:39 2POSITRON.ints
-rw-rw-r-- 1 pohl pohl 2.1M oct 29 14:39 3POSITRON.ints
-rw-rw-r-- 1 pohl pohl   69 oct 29 14:39 gepol.inp
-rw-rw-r-- 1 pohl pohl    0 oct 29 14:39 gepol.xyzr
-rw-rw-r-- 1 pohl pohl 5.2K oct 29 14:39 lowdin.bas
-rw-rw-r-- 1 pohl pohl  16K oct 29 14:39 lowdin.dat
-rw-rw-r-- 1 pohl pohl 473K oct 29 14:39 lowdin.opints
-rw-rw-r-- 1 pohl pohl  13K oct 29 14:39 lowdin.sys
-rw-rw-r-- 1 pohl pohl 473K oct 29 14:39 lowdin.wfn
-rw-rw-r-- 1 pohl pohl  373 oct 29 14:39 only_posi_191
-rw-rw-r-- 1 pohl pohl 1.1K oct 29 14:39 only_posi_191.aux
-rw-rw-r-- 1 pohl pohl  378 oct 29 14:39 only_posi_191.lowdin
-rw-rw-r-- 1 pohl pohl  29K oct 29 14:39 only_posi_191.out
-rw-rw-r-- 1 pohl pohl  37K oct 29 14:39 only_posi_191.vec
