Begin job by input: only_posi_30.lowdin, for user:   at  mar 29 oct 2024 14:38:13 -05
under operating system Linux helios 5.19.0-46-generic #47-Ubuntu SMP PREEMPT_DYNAMIC Fri Jun 16 13:30:11 UTC 2023 x86_64 x86_64 x86_64 GNU/Linux
Compilation information
  commit: f31d3924f6ee2ce9d77f07edcc1ba27359319d14
  compilation date:  mar 17 sep 2024 16:16:17 -05

BEGIN INPUT INFO:
------------------------------------

GEOMETRY
	E+	GRIBAKIN-10S4P2D 0.0 0.0 0.0
	E+	GRIBAKIN-10S4P2D 7.8 0.0 0.0 addParticles=-1 
END GEOMETRY

TASKS
        method = "RHF"
END TASKS

EXTERPOTENTIAL
	E+ VPC30
END EXTERPOTENTIAL

CONTROL
	units="BOHRS"
	readCoefficients=F
	convergenceMethod=1
	overlapEigenThreshold=1E-6
	SCFGhostSpecies="POSITRON"
	HFprintEigenvalues=T
	totalEnergyTolerance = 1E-9
END CONTROL


... END INPUT INFO


 LOWDIN execution started at : Tue Oct 29 14:38:13 2024
 ---------------------------------------------------------------
 
 ***************************************************************
 *                   LOWDIN 2.0  (May/2013)                    *
 *                                                             *
 *  R. FLORES-MORENO, E. F. POSADA, F. S. MONCADA, J.ROMERO,   *
 *  J. CHARRY, M. DIAZ-TINOCO, S. A. GONZALEZ, N. F. AGUIRRE,  *
 *  A. REYES                                                   *
 *                                                             *
 *  https://sites.google.com/site/lowdinproject/               *
 *                                                             *
 ***************************************************************
 
 PARSING INPUT... DONE!
 
 LOWDIN IS RUNNING WITH NEXT PARAMETERS: 
 ----------------------------------------
 
         METHOD TYPE:  RHF
         NUMBER OF CORES:     4
         NONELECTRONIC DENSITY GUESS: HCORE
         ELECTRONIC DENSITY GUESS: HCORE
         CRITERIUM OF CONVERGENCE: ENERGY
         NONELECTRONIC ENERGY TOLERANCE IN SCFs:     0.10000E-07
         ELECTRONIC ENERGY TOLERANCE IN SCFs:     0.10000E-07
         TOTAL ENERGY TOLERANCE IN SCFs:     0.10000E-08
         SCHEME OF ITERATION: GLOBAL ITERATIONS
         SCF MAX. SUBITERATIONS - NONELECTRONS :     1
         SCF MAX. SUBITERATIONS - ELECTRONS :     1
         SCF MAX. ITERATIONS - INTERSPECIES :   200
         INTEGRAL STORAGE: DISK
         STACK SIZE FOR ERIS : 30000
         METHOD OF SCF CONVERGENCE: DAMPING
 
  MOLECULAR SYSTEM: only_posi_30
 -----------------
 
    DESCRIPTION   : only_posi_30
    CHARGE        :   2
    PUNTUAL GROUP : NONE
 
 
  INFORMATION OF PARTICLES :
 =========================
         Total number of particles   =       1
         Number of quantum particles =       1
         Number of puntual charges   =        
         Number of quantum species   =       1
 
                 INFORMATION OF QUANTUM SPECIES 
    ----------------------------------------------------------------------
         ID      Symbol            mass     charge      omega     spin     multiplicity
    ----------------------------------------------------------------------
         1             E+         1.0000      1.00      0.00      0.50      1.00
 
                   CONSTANTS OF COUPLING 
      ------------------------------------------------------------
              Symbol      kappa        eta     lambda occupation
      ------------------------------------------------------------
                  E+      -1.00       1.00       1.00       1.00
 
                   BASIS SET FOR SPECIES 
      ------------------------------------------------------------
           Symbol          N. Basis     N. Particles     Basis Set
      ------------------------------------------------------------
                 E+           32                1     GRIBAKIN-1
 
                                ATOMIC BASIS
         ------------------------------------------------------------
          PRIMITIVE   SHELL             EXPONENT         COEFFICIENT 
         ------------------------------------------------------------
 
    BEGIN DESCRIPTION OF BASIS FOR:    E+
    ==============================
 
 
            E+ BASIS SET:GRIBAKIN-10S4P2
             1         S                0.00010000          1.00000000
             1         S                0.00030000          1.00000000
             1         S                0.00090000          1.00000000
             1         S                0.00270000          1.00000000
             1         S                0.00810000          1.00000000
             1         S                0.02430000          1.00000000
             1         S                0.07290000          1.00000000
             1         S                0.21870000          1.00000000
             1         S                0.65610000          1.00000000
             1         S                1.96830000          1.00000000
             1         P                0.00010000          1.00000000
             1         P                0.00030000          1.00000000
             1         P                0.00090000          1.00000000
             1         P                0.00270000          1.00000000
             1         D                0.00010000          1.00000000
             1         D                0.00030000          1.00000000
 
            E+ BASIS SET:GRIBAKIN-10S4P2
             1         S                0.00010000          1.00000000
             1         S                0.00030000          1.00000000
             1         S                0.00090000          1.00000000
             1         S                0.00270000          1.00000000
             1         S                0.00810000          1.00000000
             1         S                0.02430000          1.00000000
             1         S                0.07290000          1.00000000
             1         S                0.21870000          1.00000000
             1         S                0.65610000          1.00000000
             1         S                1.96830000          1.00000000
             1         P                0.00010000          1.00000000
             1         P                0.00030000          1.00000000
             1         P                0.00090000          1.00000000
             1         P                0.00270000          1.00000000
             1         D                0.00010000          1.00000000
             1         D                0.00030000          1.00000000
    ... END DESCRIPTION OF BASIS
 
 
  END INFORMATION OF PARTICLES
 
 
  INFORMATION OF THE QUANTUM SYSTEM 
     ---------------------------------------------------------------------
                 ID     Occupied Orbitals     Basis size
     ---------------------------------------------------------------------
                 E+            1               68
 
  END INFORMATION OF QUANTUM SYSTEM
 
 
  INFORMATION OF EXTERNAL POTENTIALS 
 
 =======
 External Potential for E+ : VPC30
 Type : 
                     Exponent         l       R_x       R_y       R_z              Factor
                 0.0010000000         0   0.00000   0.00000   0.00000       -0.0004852612
                 0.0020000000         0   0.00000   0.00000   0.00000        0.0024441783
                 0.0040000000         0   0.00000   0.00000   0.00000       -0.0075448874
                 0.0080000000         0   0.00000   0.00000   0.00000        0.0157738437
                 0.0160000000         0   0.00000   0.00000   0.00000       -0.0371036225
                 0.0320000000         0   0.00000   0.00000   0.00000        0.0538567205
                 0.0640000000         0   0.00000   0.00000   0.00000       -0.1977562620
                 0.1280000000         0   0.00000   0.00000   0.00000        0.1521150960
                 0.2560000000         0   0.00000   0.00000   0.00000       -2.2309931100
                 0.5120000000         0   0.00000   0.00000   0.00000        7.1544406100
                 1.0000000000         0   0.00000   0.00000   0.00000      -16.4610761000
                 2.0000000000         0   0.00000   0.00000   0.00000      120.0674500000
                 3.0000000000         0   0.00000   0.00000   0.00000    -1010.4441400000
                 4.0000000000         0   0.00000   0.00000   0.00000     5912.5175500000
                 5.0000000000         0   0.00000   0.00000   0.00000   -22883.6471000000
                 6.0000000000         0   0.00000   0.00000   0.00000    58320.2479000000
                 7.0000000000         0   0.00000   0.00000   0.00000   -96733.7399000000
                 8.0000000000         0   0.00000   0.00000   0.00000   100515.5930000000
                 9.0000000000         0   0.00000   0.00000   0.00000   -59492.9273000000
                10.0000000000         0   0.00000   0.00000   0.00000    15337.5181000000
                20.0000000000         0   0.00000   0.00000   0.00000     -108.3194530000
                30.0000000000         0   0.00000   0.00000   0.00000       58.7242217000
                40.0000000000         0   0.00000   0.00000   0.00000      -33.9818623000
                50.0000000000         0   0.00000   0.00000   0.00000       10.1503518000
               100.0000000000         0   0.00000   0.00000   0.00000       -0.2039701810
                 0.0010000000         0   7.80000   0.00000   0.00000       -0.0004852612
                 0.0020000000         0   7.80000   0.00000   0.00000        0.0024441783
                 0.0040000000         0   7.80000   0.00000   0.00000       -0.0075448874
                 0.0080000000         0   7.80000   0.00000   0.00000        0.0157738437
                 0.0160000000         0   7.80000   0.00000   0.00000       -0.0371036225
                 0.0320000000         0   7.80000   0.00000   0.00000        0.0538567205
                 0.0640000000         0   7.80000   0.00000   0.00000       -0.1977562620
                 0.1280000000         0   7.80000   0.00000   0.00000        0.1521150960
                 0.2560000000         0   7.80000   0.00000   0.00000       -2.2309931100
                 0.5120000000         0   7.80000   0.00000   0.00000        7.1544406100
                 1.0000000000         0   7.80000   0.00000   0.00000      -16.4610761000
                 2.0000000000         0   7.80000   0.00000   0.00000      120.0674500000
                 3.0000000000         0   7.80000   0.00000   0.00000    -1010.4441400000
                 4.0000000000         0   7.80000   0.00000   0.00000     5912.5175500000
                 5.0000000000         0   7.80000   0.00000   0.00000   -22883.6471000000
                 6.0000000000         0   7.80000   0.00000   0.00000    58320.2479000000
                 7.0000000000         0   7.80000   0.00000   0.00000   -96733.7399000000
                 8.0000000000         0   7.80000   0.00000   0.00000   100515.5930000000
                 9.0000000000         0   7.80000   0.00000   0.00000   -59492.9273000000
                10.0000000000         0   7.80000   0.00000   0.00000    15337.5181000000
                20.0000000000         0   7.80000   0.00000   0.00000     -108.3194530000
                30.0000000000         0   7.80000   0.00000   0.00000       58.7242217000
                40.0000000000         0   7.80000   0.00000   0.00000      -33.9818623000
                50.0000000000         0   7.80000   0.00000   0.00000       10.1503518000
               100.0000000000         0   7.80000   0.00000   0.00000       -0.2039701810
 
  END INFORMATION OF EXTERNAL POTENTIALS
 
                       INITIAL GEOMETRY: AMSTRONG
                 -----------------------------------
                       <x>                 <y>                 <z>
        E+        0.0000000000        0.0000000000        0.0000000000
        E+        4.1275825441        0.0000000000        0.0000000000
 
                     MATRIX OF DISTANCE: ANGSTROM
                 -----------------------------------
                          E+(1)          E+(2)     
 
        E+(1)            0.000000       4.127583
        E+(2)            4.127583       0.000000
 
--------------------------------------------------------------------------------
** PROGRAM: SCF (Hartree Fock).     Author: S.A. Gonzalez, E. Posada, F. Moncada
--------------------------------------------------------------------------------
INFO: RUNNING IN RHF MODE.
 
----------------------------------------------------------------------
** PROGRAM INTS                          Author: E. F. Posada, 2013   
----------------------------------------------------------------------
INFO: RUNNING IN ONE_PARTICLE MODE.
 
 Number of Overlap integrals for species POSITRON:   4624
 Number of Kinetic integrals for species POSITRON:   4624
 Number of Nuclear integrals for species POSITRON:   4624
 Number of Moment integrals for species POSITRON:  13872
 Number of 3C Overlap integrals for species POSITRON:   4624
 
** TOTAL CPU Time INTS :      0.387 (s)
** TOTAL Elapsed Time INTS :      0.144 (s)
 
Removed     9 orbitals for species POSITRON with overlap eigen threshold of 1.000E-06
       Usign  HCORE density guess for species:   POSITRON
     number of   POSITRON     particles in guess density matrix:     1.000000
 Number of unique integrals for species: 1 = 335049
 
 TWO-BODY INTEGRAL SETUP: 
------------------------- 
 Storage:   DISK
 Scheme: LIBINT
 Stack size:  30000
 
 LIBINT library, Fermann, J. T.; Valeev, F. L. 2010                   
 LOWDIN-LIBINT Implementation V. 2.1  Posada E. F. ; Reyes A. 2016   
 ----------------------------------------------------------------------

*** TOTAL CPU time intra-species integrals :      0.281 (s)
*** TOTAL elapsed time intra-species integrals :      0.043 (s)

INFO: RUNNING SCHEME SIMULTANEOUS
 
 Begin Multi-Species SCF calculation:
 
 --------------------------------------------------------------------------------------------------
      Iteration                   Energy            Energy Change           Density Change
 --------------------------------------------------------------------------------------------------
              1          -0.064328573558           0.064328573558           0.000000000000
              2          -0.064328573558           0.000000000000           0.000000000000
 Total energy converged after   2 global iterations                                                  
 
 ...end Multi-Species SCF calculation
 
 
 Begin SCF calculation by: POSITRON
 -------------------------
 
 -----------------------------------------------------------------------------------
 Iteration                   Energy           Density Change         DIIS Error 
 -----------------------------------------------------------------------------------
    1          -0.185387796502           0.000000000000                 -- 
 
 ... end SCF calculation
 
  EIGENVALUES AND EIGENVECTORS: 
 ==============================
 
 
  Eigenvalues for: POSITRON
 -----------------
 
    1          -0.064328573558
    2          -0.032058985034
    3           0.000073812844
    4           0.000138253831
    5           0.000209722962
    6           0.000209722962
    7           0.000316576131
    8           0.000326159190
    9           0.000326159190
   10           0.000326285066
   11           0.000330387345
   12           0.000330387345
   13           0.000432086559
   14           0.000432218767
   15           0.000432218767
   16           0.000434329800
   17           0.000444605220
   18           0.000444605220
   19           0.000822486253
   20           0.000906949805
   21           0.000906949805
   22           0.000996365307
   23           0.001190750218
   24           0.001190750218
   25           0.001192269990
   26           0.001255150169
   27           0.001255150169
   28           0.001524515104
   29           0.001524515104
   30           0.001527085865
   31           0.001528563286
   32           0.001528563286
   33           0.001801061863
   34           0.002035407662
   35           0.003075559585
   36           0.003075559585
   37           0.003717724376
   38           0.003769424912
   39           0.003769424912
   40           0.004077848210
   41           0.004279361647
   42           0.008480794561
   43           0.008480794561
   44           0.010029481621
   45           0.010215520882
   46           0.011441158824
   47           0.011441158824
   48           0.012142098412
   49           0.013267602421
   50           0.034443512459
   51           0.035374472286
   52           0.125907995970
   53           0.133939737821
   54           0.501230712408
   55           0.526078084146
   56           1.752369917400
   57           1.758602821773
   58           5.874257447179
   59           5.879500272419
   60     1000000.000000000000
   61     1000000.000000000000
   62     1000000.000000000000
   63     1000000.000000000000
   64     1000000.000000000000
   65     1000000.000000000000
   66     1000000.000000000000
   67     1000000.000000000000
   68     1000000.000000000000
 
  end of eigenvalues 
 
  Occupied Eigenvectors for: POSITRON
 --------------------------- 
 
                          -0.0643   
 
    1     E+     S      -0.003242
    2     E+     S      -0.005628
    3     E+     S       0.007970
    4     E+     S       0.000517
    5     E+     S       0.012274
    6     E+     S       0.235231
    7     E+     S       0.442676
    8     E+     S      -0.031562
    9     E+     S      -0.028838
   10     E+     S       0.006277
   11     E+    Px      -0.000304
   12     E+    Py      -0.000000
   13     E+    Pz       0.000000
   14     E+    Px      -0.000889
   15     E+    Py       0.000000
   16     E+    Pz       0.000000
   17     E+    Px      -0.019192
   18     E+    Py      -0.000000
   19     E+    Pz       0.000000
   20     E+    Px       0.016208
   21     E+    Py       0.000000
   22     E+    Pz      -0.000000
   23     E+   Dxx       0.000879
   24     E+   Dxy       0.000000
   25     E+   Dxz      -0.000000
   26     E+   Dyy       0.000232
   27     E+   Dyz      -0.000000
   28     E+   Dzz       0.000232
   29     E+   Dxx       0.000564
   30     E+   Dxy       0.000000
   31     E+   Dxz       0.000000
   32     E+   Dyy       0.002584
   33     E+   Dyz       0.000000
   34     E+   Dzz       0.002584
   35     E+     S      -0.003242
   36     E+     S      -0.005628
   37     E+     S       0.007970
   38     E+     S       0.000517
   39     E+     S       0.012274
   40     E+     S       0.235231
   41     E+     S       0.442676
   42     E+     S      -0.031562
   43     E+     S      -0.028838
   44     E+     S       0.006277
   45     E+    Px       0.000304
   46     E+    Py       0.000000
   47     E+    Pz      -0.000000
   48     E+    Px       0.000889
   49     E+    Py      -0.000000
   50     E+    Pz       0.000000
   51     E+    Px       0.019192
   52     E+    Py       0.000000
   53     E+    Pz      -0.000000
   54     E+    Px      -0.016208
   55     E+    Py      -0.000000
   56     E+    Pz       0.000000
   57     E+   Dxx       0.000879
   58     E+   Dxy      -0.000000
   59     E+   Dxz       0.000000
   60     E+   Dyy       0.000232
   61     E+   Dyz       0.000000
   62     E+   Dzz       0.000232
   63     E+   Dxx       0.000564
   64     E+   Dxy      -0.000000
   65     E+   Dxz      -0.000000
   66     E+   Dyy       0.002584
   67     E+   Dyz      -0.000000
   68     E+   Dzz       0.002584
 
 
  end of eigenvectors 
 
  END OF EIGENVALUES AND EIGENVECTORS
 
 
  COMPONENTS OF KINETIC ENERGY: 
 -----------------------------
 
            POSITRON Kinetic energy =            0.056730649385
                                     _________________________
               Total kinetic energy =            0.056730649385
 
  COMPONENTS OF POTENTIAL ENERGY: 
 -------------------------------
 
          Fixed potential energy    =            0.000000000000
 
  Quantum/Fixed interaction energy: 
 ----------------------------------
 
    POSITRON/Fixed interact. energy =            0.000000000000
                                     _________________________
               Total Q/Fixed energy =            0.000000000000
 
  Coulomb energy: 
 ------------------
 
   POSITRON/POSITRON Hartree energy =            0.000000000000
                                     _________________________
               Total Hartree energy =            0.000000000000
 
  Exchange(HF) energy: 
 ----------------------
 
           POSITRON Exchange energy =            0.000000000000
                                     _________________________
              Total Exchange energy =            0.000000000000
 
  External Potential energy: 
 ----------------------------
 
            POSITRON Ext Pot energy =           -0.121059222944
                                     _________________________
    Total External Potential energy =           -0.121059222944
 
  TOTAL ENERGY COMPONENTS: 
 ==========================
 
          TOTAL KINETIC ENERGY      =            0.056730649385
          TOTAL POTENTIAL ENERGY    =           -0.121059222944
                                     _________________________
                       TOTAL ENERGY =           -0.064328573558
 
                 VIRIAL RATIO (V/T) =            2.133929793780
 
 
  END ENERGY COMPONENTS
 
 
** TOTAL CPU Time SCF :      0.392 (s)
** TOTAL Elapsed Time SCF :      0.210 (s)
 
 We are calculating properties for POSITRON in the HF/KS ground state
 
  POPULATION ANALYSES: 
 ====================
 
 MULLIKEN Population: for POSITRON  
 ---------------------
 
                                    
 
    1     E+     S      -0.000137
    2     E+     S      -0.000532
    3     E+     S       0.001633
    4     E+     S       0.000211
    5     E+     S       0.008256
    6     E+     S       0.192493
    7     E+     S       0.317199
    8     E+     S      -0.014570
    9     E+     S      -0.006601
   10     E+     S       0.000633
   11     E+    Px      -0.000001
   12     E+    Py      -0.000000
   13     E+    Pz      -0.000000
   14     E+    Px      -0.000011
   15     E+    Py      -0.000000
   16     E+    Pz      -0.000000
   17     E+    Px      -0.000869
   18     E+    Py       0.000000
   19     E+    Pz      -0.000000
   20     E+    Px       0.002288
   21     E+    Py      -0.000000
   22     E+    Pz       0.000000
   23     E+   Dxx       0.000000
   24     E+   Dxy       0.000000
   25     E+   Dxz      -0.000000
   26     E+   Dyy       0.000000
   27     E+   Dyz       0.000000
   28     E+   Dzz       0.000000
   29     E+   Dxx       0.000002
   30     E+   Dxy       0.000000
   31     E+   Dxz       0.000000
   32     E+   Dyy       0.000003
   33     E+   Dyz       0.000000
   34     E+   Dzz       0.000003
   35     E+     S      -0.000137
   36     E+     S      -0.000532
   37     E+     S       0.001633
   38     E+     S       0.000211
   39     E+     S       0.008256
   40     E+     S       0.192493
   41     E+     S       0.317199
   42     E+     S      -0.014570
   43     E+     S      -0.006601
   44     E+     S       0.000633
   45     E+    Px      -0.000001
   46     E+    Py       0.000000
   47     E+    Pz       0.000000
   48     E+    Px      -0.000011
   49     E+    Py      -0.000000
   50     E+    Pz      -0.000000
   51     E+    Px      -0.000869
   52     E+    Py      -0.000000
   53     E+    Pz       0.000000
   54     E+    Px       0.002288
   55     E+    Py       0.000000
   56     E+    Pz      -0.000000
   57     E+   Dxx       0.000000
   58     E+   Dxy      -0.000000
   59     E+   Dxz       0.000000
   60     E+   Dyy       0.000000
   61     E+   Dyz      -0.000000
   62     E+   Dzz       0.000000
   63     E+   Dxx       0.000002
   64     E+   Dxy      -0.000000
   65     E+   Dxz      -0.000000
   66     E+   Dyy       0.000003
   67     E+   Dyz      -0.000000
   68     E+   Dzz       0.000003
 
                           __________
              Total =        1.000000
 
  Atomic MULLIKEN Population: for POSITRON  
            E+               0.500000
            E+               0.500000
 
 ...end of MULLIKEN Population
 
 
 END POPULATION ANALYSES 
 
 
  POPULATION ANALYSES: 
 ====================
 
 LOWDIN Population: for POSITRON  
 ---------------------
 
                                    
 
    1     E+     S       0.000027
    2     E+     S       0.000162
    3     E+     S       0.001222
    4     E+     S       0.008993
    5     E+     S       0.058467
    6     E+     S       0.190309
    7     E+     S       0.197202
    8     E+     S       0.039176
    9     E+     S       0.002107
   10     E+     S       0.000276
   11     E+    Px       0.000000
   12     E+    Py      -0.000000
   13     E+    Pz       0.000000
   14     E+    Px       0.000003
   15     E+    Py       0.000000
   16     E+    Pz      -0.000000
   17     E+    Px       0.000054
   18     E+    Py       0.000000
   19     E+    Pz      -0.000000
   20     E+    Px       0.001998
   21     E+    Py      -0.000000
   22     E+    Pz      -0.000000
   23     E+   Dxx       0.000000
   24     E+   Dxy       0.000000
   25     E+   Dxz       0.000000
   26     E+   Dyy       0.000000
   27     E+   Dyz       0.000000
   28     E+   Dzz       0.000000
   29     E+   Dxx       0.000000
   30     E+   Dxy       0.000000
   31     E+   Dxz       0.000000
   32     E+   Dyy       0.000002
   33     E+   Dyz       0.000000
   34     E+   Dzz       0.000002
   35     E+     S       0.000027
   36     E+     S       0.000162
   37     E+     S       0.001222
   38     E+     S       0.008993
   39     E+     S       0.058467
   40     E+     S       0.190309
   41     E+     S       0.197202
   42     E+     S       0.039176
   43     E+     S       0.002107
   44     E+     S       0.000276
   45     E+    Px       0.000000
   46     E+    Py       0.000000
   47     E+    Pz      -0.000000
   48     E+    Px       0.000003
   49     E+    Py       0.000000
   50     E+    Pz      -0.000000
   51     E+    Px       0.000054
   52     E+    Py       0.000000
   53     E+    Pz       0.000000
   54     E+    Px       0.001998
   55     E+    Py       0.000000
   56     E+    Pz      -0.000000
   57     E+   Dxx       0.000000
   58     E+   Dxy      -0.000000
   59     E+   Dxz       0.000000
   60     E+   Dyy       0.000000
   61     E+   Dyz       0.000000
   62     E+   Dzz       0.000000
   63     E+   Dxx       0.000000
   64     E+   Dxy       0.000000
   65     E+   Dxz       0.000000
   66     E+   Dyy       0.000002
   67     E+   Dyz       0.000000
   68     E+   Dzz       0.000002
 
                           __________
              Total =        1.000000
 
  Atomic LOWDIN Population: for POSITRON  
            E+               0.500000
            E+               0.500000
 
 ...end of LOWDIN Population
 
 
 END POPULATION ANALYSES 
 
 
  EXPECTED POSITIONS OF QUANTUM SPECIES:
 ======================
 
 POSITIONS IN ANGSTROMS
 ------
 
                        <x>      <y>      <z>         
           POSITRON   2.0638  -0.0000   0.0000
 
 END EXPECTED POSITIONS
 
 
  ELECTROSTATIC MOMENTS:
 ======================
 
 
 DIPOLE: (A.U.)
 ------
 
                           <Dx>         <Dy>         <Dz>          |D|
           POSITRON   3.90000000  -0.00000000   0.00000000
    Point charges:    0.00000000   0.00000000   0.00000000
                     ____________________________
      Total Dipole:   3.90000000  -0.00000000   0.00000000   3.90000000
 
 DIPOLE: (DEBYE)
 ------
 
                           <Dx>         <Dy>         <Dz>          |D|
           POSITRON   9.91280994  -0.00000000   0.00000000
    Point charges:    0.00000000   0.00000000   0.00000000
                     ____________________________
      Total Dipole:   9.91280994  -0.00000000   0.00000000   9.91280994
 
 QUADRUPOLE NON-TRACELESS: (DEBYE ANGS)
 ------
 
                           <xx>         <yy>         <zz>         <xy>         <xz>         <yz>
           POSITRON   81.16889267    7.87695974    7.87695974   -0.00000000    0.00000000    0.00000000
    Point charges:     0.00000000    0.00000000    0.00000000    0.00000000    0.00000000    0.00000000
  Total Quadrupole:   81.16889267    7.87695974    7.87695974   -0.00000000    0.00000000    0.00000000
                     ____________________________
 
 END ELECTROSTATIC MOMENTS
 

  TOTAL CPU Time:      0.258 (s)
 TOTAL Wall Time:      0.256 (s)
  Elapsed Time:   0h  0m  0s 256ms
LOWDIN execution terminated normally at : Tue Oct 29 14:38:14 2024
-rw-rw-r-- 1 pohl pohl 2.1M oct 29 14:38 0POSITRON.ints
-rw-rw-r-- 1 pohl pohl 2.1M oct 29 14:38 1POSITRON.ints
-rw-rw-r-- 1 pohl pohl 2.1M oct 29 14:38 2POSITRON.ints
-rw-rw-r-- 1 pohl pohl 2.1M oct 29 14:38 3POSITRON.ints
-rw-rw-r-- 1 pohl pohl   68 oct 29 14:38 gepol.inp
-rw-rw-r-- 1 pohl pohl    0 oct 29 14:38 gepol.xyzr
-rw-rw-r-- 1 pohl pohl 5.2K oct 29 14:38 lowdin.bas
-rw-rw-r-- 1 pohl pohl  16K oct 29 14:38 lowdin.dat
-rw-rw-r-- 1 pohl pohl 473K oct 29 14:38 lowdin.opints
-rw-rw-r-- 1 pohl pohl  13K oct 29 14:38 lowdin.sys
-rw-rw-r-- 1 pohl pohl 473K oct 29 14:38 lowdin.wfn
-rw-rw-r-- 1 pohl pohl  371 oct 29 14:38 only_posi_30
-rw-rw-r-- 1 pohl pohl 1.1K oct 29 14:38 only_posi_30.aux
-rw-rw-r-- 1 pohl pohl  376 oct 29 14:38 only_posi_30.lowdin
-rw-rw-r-- 1 pohl pohl  29K oct 29 14:38 only_posi_30.out
-rw-rw-r-- 1 pohl pohl  37K oct 29 14:38 only_posi_30.vec
